

================================================================
== Vivado HLS Report for 'aes_round'
================================================================
* Date:           Tue Dec  3 11:39:34 2024

* Version:        2019.2 (Build 2704478 on Wed Nov 06 22:10:23 MST 2019)
* Project:        p2peda.prj
* Solution:       solution1
* Product family: zynq
* Target device:  xc7z020-clg484-1


================================================================
== Performance Estimates
================================================================
+ Timing: 
    * Summary: 
    +--------+----------+----------+------------+
    |  Clock |  Target  | Estimated| Uncertainty|
    +--------+----------+----------+------------+
    |ap_clk  | 10.00 ns | 5.634 ns |   1.25 ns  |
    +--------+----------+----------+------------+

+ Latency: 
    * Summary: 
    +---------+---------+----------+----------+-----+-----+---------+
    |  Latency (cycles) |  Latency (absolute) |  Interval | Pipeline|
    |   min   |   max   |    min   |    max   | min | max |   Type  |
    +---------+---------+----------+----------+-----+-----+---------+
    |      234|      234| 2.340 us | 2.340 us |  234|  234|   none  |
    +---------+---------+----------+----------+-----+-----+---------+

    + Detail: 
        * Instance: 
        N/A

        * Loop: 
        +----------+---------+---------+----------+-----------+-----------+------+----------+
        |          |  Latency (cycles) | Iteration|  Initiation Interval  | Trip |          |
        | Loop Name|   min   |   max   |  Latency |  achieved |   target  | Count| Pipelined|
        +----------+---------+---------+----------+-----------+-----------+------+----------+
        |- Loop 1  |       48|       48|         3|          -|          -|    16|    no    |
        |- Loop 2  |       32|       32|         2|          -|          -|    16|    no    |
        +----------+---------+---------+----------+-----------+-----------+------+----------+

============================================================
+ Verbose Summary: Synthesis Manager
============================================================
InlineROM: 1
ExposeGlobal: 0
============================================================
+ Verbose Summary: CDFG Model
============================================================
IsTopModel: 0
ResetActiveHigh: 1
IsCombinational: 0
IsDatapathOnly: 0
HasWiredReturn: 1
HasMFsm: 0
HasVarLatency: 1
IsPipeline: 0
IsRtlPipelined: 0
IsInstanceOverlapped: 0
IsDontTouch: 0
HasImplIP: 0
IsGatedGlobalClock: 0


============================================================
+ Verbose Summary: Schedule
============================================================
* Number of FSM states : 17
* Pipeline : 0
* Dataflow Pipeline: 0

* FSM state transitions: 
1 --> 2 
2 --> 3 5 
3 --> 4 
4 --> 2 
5 --> 6 
6 --> 7 
7 --> 8 
8 --> 9 
9 --> 10 
10 --> 11 
11 --> 12 
12 --> 13 
13 --> 14 
14 --> 15 
15 --> 16 
16 --> 17 
17 --> 16 

* FSM state operations: 

State 1 <SV = 0> <Delay = 1.76>
ST_1 : Operation 18 [1/1] (1.76ns)   --->   "br label %1" [../../refactored/helper.cpp:174->../../refactored/encrypt.cpp:9]   --->   Operation 18 'br' <Predicate = true> <Delay = 1.76>

State 2 <SV = 1> <Delay = 2.32>
ST_2 : Operation 19 [1/1] (0.00ns)   --->   "%i_0_i = phi i5 [ 0, %0 ], [ %i, %2 ]"   --->   Operation 19 'phi' 'i_0_i' <Predicate = true> <Delay = 0.00>
ST_2 : Operation 20 [1/1] (1.36ns)   --->   "%icmp_ln174 = icmp eq i5 %i_0_i, -16" [../../refactored/helper.cpp:174->../../refactored/encrypt.cpp:9]   --->   Operation 20 'icmp' 'icmp_ln174' <Predicate = true> <Delay = 1.36> <Core = "Cmp">   --->   Core 25 'Cmp' <Latency = 0> <II = 1> <Delay = 1.36> <FuncUnit> <Opcode : 'icmp'> <InPorts = 2> <OutPorts = 1>
ST_2 : Operation 21 [1/1] (0.00ns)   --->   "%empty = call i32 (...)* @_ssdm_op_SpecLoopTripCount(i64 16, i64 16, i64 16)"   --->   Operation 21 'speclooptripcount' 'empty' <Predicate = true> <Delay = 0.00>
ST_2 : Operation 22 [1/1] (1.78ns)   --->   "%i = add i5 %i_0_i, 1" [../../refactored/helper.cpp:174->../../refactored/encrypt.cpp:9]   --->   Operation 22 'add' 'i' <Predicate = true> <Delay = 1.78> <Core = "AddSub">   --->   Core 14 'AddSub' <Latency = 0> <II = 1> <Delay = 1.78> <FuncUnit> <Opcode : 'add' 'sub'> <InPorts = 2> <OutPorts = 1>
ST_2 : Operation 23 [1/1] (0.00ns)   --->   "br i1 %icmp_ln174, label %subBytes.exit, label %2" [../../refactored/helper.cpp:174->../../refactored/encrypt.cpp:9]   --->   Operation 23 'br' <Predicate = true> <Delay = 0.00>
ST_2 : Operation 24 [1/1] (0.00ns)   --->   "%zext_ln175 = zext i5 %i_0_i to i64" [../../refactored/helper.cpp:175->../../refactored/encrypt.cpp:9]   --->   Operation 24 'zext' 'zext_ln175' <Predicate = (!icmp_ln174)> <Delay = 0.00>
ST_2 : Operation 25 [1/1] (0.00ns)   --->   "%state_addr_14 = getelementptr [16 x i8]* %state, i64 0, i64 %zext_ln175" [../../refactored/helper.cpp:175->../../refactored/encrypt.cpp:9]   --->   Operation 25 'getelementptr' 'state_addr_14' <Predicate = (!icmp_ln174)> <Delay = 0.00>
ST_2 : Operation 26 [2/2] (2.32ns)   --->   "%state_load_13 = load i8* %state_addr_14, align 1" [../../refactored/helper.cpp:175->../../refactored/encrypt.cpp:9]   --->   Operation 26 'load' 'state_load_13' <Predicate = (!icmp_ln174)> <Delay = 2.32> <Core = "RAM">   --->   Core 37 'RAM' <Latency = 1> <II = 1> <Delay = 2.32> <Storage> <Opcode : 'load' 'store'> <Ports = 2> <Width = 8> <Depth = 16> <RAM>
ST_2 : Operation 27 [1/1] (0.00ns)   --->   "%state_addr = getelementptr [16 x i8]* %state, i64 0, i64 4" [../../refactored/helper.cpp:193->../../refactored/encrypt.cpp:10]   --->   Operation 27 'getelementptr' 'state_addr' <Predicate = (icmp_ln174)> <Delay = 0.00>
ST_2 : Operation 28 [2/2] (2.32ns)   --->   "%tmp = load i8* %state_addr, align 1" [../../refactored/helper.cpp:193->../../refactored/encrypt.cpp:10]   --->   Operation 28 'load' 'tmp' <Predicate = (icmp_ln174)> <Delay = 2.32> <Core = "RAM">   --->   Core 37 'RAM' <Latency = 1> <II = 1> <Delay = 2.32> <Storage> <Opcode : 'load' 'store'> <Ports = 2> <Width = 8> <Depth = 16> <RAM>
ST_2 : Operation 29 [1/1] (0.00ns)   --->   "%state_addr_3 = getelementptr [16 x i8]* %state, i64 0, i64 5" [../../refactored/helper.cpp:195->../../refactored/encrypt.cpp:10]   --->   Operation 29 'getelementptr' 'state_addr_3' <Predicate = (icmp_ln174)> <Delay = 0.00>
ST_2 : Operation 30 [2/2] (2.32ns)   --->   "%state_load = load i8* %state_addr_3, align 1" [../../refactored/helper.cpp:195->../../refactored/encrypt.cpp:10]   --->   Operation 30 'load' 'state_load' <Predicate = (icmp_ln174)> <Delay = 2.32> <Core = "RAM">   --->   Core 37 'RAM' <Latency = 1> <II = 1> <Delay = 2.32> <Storage> <Opcode : 'load' 'store'> <Ports = 2> <Width = 8> <Depth = 16> <RAM>

State 3 <SV = 2> <Delay = 5.57>
ST_3 : Operation 31 [1/2] (2.32ns)   --->   "%state_load_13 = load i8* %state_addr_14, align 1" [../../refactored/helper.cpp:175->../../refactored/encrypt.cpp:9]   --->   Operation 31 'load' 'state_load_13' <Predicate = true> <Delay = 2.32> <Core = "RAM">   --->   Core 37 'RAM' <Latency = 1> <II = 1> <Delay = 2.32> <Storage> <Opcode : 'load' 'store'> <Ports = 2> <Width = 8> <Depth = 16> <RAM>
ST_3 : Operation 32 [1/1] (0.00ns)   --->   "%zext_ln43 = zext i8 %state_load_13 to i64" [../../refactored/helper.cpp:43->../../refactored/helper.cpp:175->../../refactored/encrypt.cpp:9]   --->   Operation 32 'zext' 'zext_ln43' <Predicate = true> <Delay = 0.00>
ST_3 : Operation 33 [1/1] (0.00ns)   --->   "%sbox_addr = getelementptr inbounds [256 x i8]* @sbox, i64 0, i64 %zext_ln43" [../../refactored/helper.cpp:43->../../refactored/helper.cpp:175->../../refactored/encrypt.cpp:9]   --->   Operation 33 'getelementptr' 'sbox_addr' <Predicate = true> <Delay = 0.00>
ST_3 : Operation 34 [2/2] (3.25ns)   --->   "%sbox_load = load i8* %sbox_addr, align 1" [../../refactored/helper.cpp:43->../../refactored/helper.cpp:175->../../refactored/encrypt.cpp:9]   --->   Operation 34 'load' 'sbox_load' <Predicate = true> <Delay = 3.25> <Core = "ROM_nP">   --->   Core 52 'ROM_nP' <Latency = 1> <II = 1> <Delay = 3.25> <Storage> <Opcode : 'load'> <Ports = 0> <Width = 8> <Depth = 256> <ROM>

State 4 <SV = 3> <Delay = 5.57>
ST_4 : Operation 35 [1/2] (3.25ns)   --->   "%sbox_load = load i8* %sbox_addr, align 1" [../../refactored/helper.cpp:43->../../refactored/helper.cpp:175->../../refactored/encrypt.cpp:9]   --->   Operation 35 'load' 'sbox_load' <Predicate = true> <Delay = 3.25> <Core = "ROM_nP">   --->   Core 52 'ROM_nP' <Latency = 1> <II = 1> <Delay = 3.25> <Storage> <Opcode : 'load'> <Ports = 0> <Width = 8> <Depth = 256> <ROM>
ST_4 : Operation 36 [1/1] (2.32ns)   --->   "store i8 %sbox_load, i8* %state_addr_14, align 1" [../../refactored/helper.cpp:175->../../refactored/encrypt.cpp:9]   --->   Operation 36 'store' <Predicate = true> <Delay = 2.32> <Core = "RAM">   --->   Core 37 'RAM' <Latency = 1> <II = 1> <Delay = 2.32> <Storage> <Opcode : 'load' 'store'> <Ports = 2> <Width = 8> <Depth = 16> <RAM>
ST_4 : Operation 37 [1/1] (0.00ns)   --->   "br label %1" [../../refactored/helper.cpp:174->../../refactored/encrypt.cpp:9]   --->   Operation 37 'br' <Predicate = true> <Delay = 0.00>

State 5 <SV = 2> <Delay = 4.64>
ST_5 : Operation 38 [1/2] (2.32ns)   --->   "%tmp = load i8* %state_addr, align 1" [../../refactored/helper.cpp:193->../../refactored/encrypt.cpp:10]   --->   Operation 38 'load' 'tmp' <Predicate = true> <Delay = 2.32> <Core = "RAM">   --->   Core 37 'RAM' <Latency = 1> <II = 1> <Delay = 2.32> <Storage> <Opcode : 'load' 'store'> <Ports = 2> <Width = 8> <Depth = 16> <RAM>
ST_5 : Operation 39 [1/2] (2.32ns)   --->   "%state_load = load i8* %state_addr_3, align 1" [../../refactored/helper.cpp:195->../../refactored/encrypt.cpp:10]   --->   Operation 39 'load' 'state_load' <Predicate = true> <Delay = 2.32> <Core = "RAM">   --->   Core 37 'RAM' <Latency = 1> <II = 1> <Delay = 2.32> <Storage> <Opcode : 'load' 'store'> <Ports = 2> <Width = 8> <Depth = 16> <RAM>
ST_5 : Operation 40 [1/1] (0.00ns)   --->   "%state_addr_4 = getelementptr [16 x i8]* %state, i64 0, i64 6" [../../refactored/helper.cpp:196->../../refactored/encrypt.cpp:10]   --->   Operation 40 'getelementptr' 'state_addr_4' <Predicate = true> <Delay = 0.00>
ST_5 : Operation 41 [2/2] (2.32ns)   --->   "%state_load_1 = load i8* %state_addr_4, align 1" [../../refactored/helper.cpp:196->../../refactored/encrypt.cpp:10]   --->   Operation 41 'load' 'state_load_1' <Predicate = true> <Delay = 2.32> <Core = "RAM">   --->   Core 37 'RAM' <Latency = 1> <II = 1> <Delay = 2.32> <Storage> <Opcode : 'load' 'store'> <Ports = 2> <Width = 8> <Depth = 16> <RAM>
ST_5 : Operation 42 [1/1] (0.00ns)   --->   "%state_addr_5 = getelementptr [16 x i8]* %state, i64 0, i64 7" [../../refactored/helper.cpp:197->../../refactored/encrypt.cpp:10]   --->   Operation 42 'getelementptr' 'state_addr_5' <Predicate = true> <Delay = 0.00>
ST_5 : Operation 43 [2/2] (2.32ns)   --->   "%state_load_2 = load i8* %state_addr_5, align 1" [../../refactored/helper.cpp:197->../../refactored/encrypt.cpp:10]   --->   Operation 43 'load' 'state_load_2' <Predicate = true> <Delay = 2.32> <Core = "RAM">   --->   Core 37 'RAM' <Latency = 1> <II = 1> <Delay = 2.32> <Storage> <Opcode : 'load' 'store'> <Ports = 2> <Width = 8> <Depth = 16> <RAM>
ST_5 : Operation 44 [1/1] (2.32ns)   --->   "store i8 %tmp, i8* %state_addr_5, align 1" [../../refactored/helper.cpp:198->../../refactored/encrypt.cpp:10]   --->   Operation 44 'store' <Predicate = true> <Delay = 2.32> <Core = "RAM">   --->   Core 37 'RAM' <Latency = 1> <II = 1> <Delay = 2.32> <Storage> <Opcode : 'load' 'store'> <Ports = 2> <Width = 8> <Depth = 16> <RAM>

State 6 <SV = 3> <Delay = 2.32>
ST_6 : Operation 45 [1/2] (2.32ns)   --->   "%state_load_1 = load i8* %state_addr_4, align 1" [../../refactored/helper.cpp:196->../../refactored/encrypt.cpp:10]   --->   Operation 45 'load' 'state_load_1' <Predicate = true> <Delay = 2.32> <Core = "RAM">   --->   Core 37 'RAM' <Latency = 1> <II = 1> <Delay = 2.32> <Storage> <Opcode : 'load' 'store'> <Ports = 2> <Width = 8> <Depth = 16> <RAM>
ST_6 : Operation 46 [1/2] (2.32ns)   --->   "%state_load_2 = load i8* %state_addr_5, align 1" [../../refactored/helper.cpp:197->../../refactored/encrypt.cpp:10]   --->   Operation 46 'load' 'state_load_2' <Predicate = true> <Delay = 2.32> <Core = "RAM">   --->   Core 37 'RAM' <Latency = 1> <II = 1> <Delay = 2.32> <Storage> <Opcode : 'load' 'store'> <Ports = 2> <Width = 8> <Depth = 16> <RAM>
ST_6 : Operation 47 [1/1] (0.00ns)   --->   "%state_addr_6 = getelementptr [16 x i8]* %state, i64 0, i64 8" [../../refactored/helper.cpp:202->../../refactored/encrypt.cpp:10]   --->   Operation 47 'getelementptr' 'state_addr_6' <Predicate = true> <Delay = 0.00>
ST_6 : Operation 48 [2/2] (2.32ns)   --->   "%tmp_5 = load i8* %state_addr_6, align 1" [../../refactored/helper.cpp:202->../../refactored/encrypt.cpp:10]   --->   Operation 48 'load' 'tmp_5' <Predicate = true> <Delay = 2.32> <Core = "RAM">   --->   Core 37 'RAM' <Latency = 1> <II = 1> <Delay = 2.32> <Storage> <Opcode : 'load' 'store'> <Ports = 2> <Width = 8> <Depth = 16> <RAM>
ST_6 : Operation 49 [1/1] (0.00ns)   --->   "%state_addr_7 = getelementptr [16 x i8]* %state, i64 0, i64 9" [../../refactored/helper.cpp:203->../../refactored/encrypt.cpp:10]   --->   Operation 49 'getelementptr' 'state_addr_7' <Predicate = true> <Delay = 0.00>
ST_6 : Operation 50 [2/2] (2.32ns)   --->   "%tmp2 = load i8* %state_addr_7, align 1" [../../refactored/helper.cpp:203->../../refactored/encrypt.cpp:10]   --->   Operation 50 'load' 'tmp2' <Predicate = true> <Delay = 2.32> <Core = "RAM">   --->   Core 37 'RAM' <Latency = 1> <II = 1> <Delay = 2.32> <Storage> <Opcode : 'load' 'store'> <Ports = 2> <Width = 8> <Depth = 16> <RAM>

State 7 <SV = 4> <Delay = 4.64>
ST_7 : Operation 51 [1/2] (2.32ns)   --->   "%tmp_5 = load i8* %state_addr_6, align 1" [../../refactored/helper.cpp:202->../../refactored/encrypt.cpp:10]   --->   Operation 51 'load' 'tmp_5' <Predicate = true> <Delay = 2.32> <Core = "RAM">   --->   Core 37 'RAM' <Latency = 1> <II = 1> <Delay = 2.32> <Storage> <Opcode : 'load' 'store'> <Ports = 2> <Width = 8> <Depth = 16> <RAM>
ST_7 : Operation 52 [1/2] (2.32ns)   --->   "%tmp2 = load i8* %state_addr_7, align 1" [../../refactored/helper.cpp:203->../../refactored/encrypt.cpp:10]   --->   Operation 52 'load' 'tmp2' <Predicate = true> <Delay = 2.32> <Core = "RAM">   --->   Core 37 'RAM' <Latency = 1> <II = 1> <Delay = 2.32> <Storage> <Opcode : 'load' 'store'> <Ports = 2> <Width = 8> <Depth = 16> <RAM>
ST_7 : Operation 53 [1/1] (0.00ns)   --->   "%state_addr_8 = getelementptr [16 x i8]* %state, i64 0, i64 10" [../../refactored/helper.cpp:205->../../refactored/encrypt.cpp:10]   --->   Operation 53 'getelementptr' 'state_addr_8' <Predicate = true> <Delay = 0.00>
ST_7 : Operation 54 [2/2] (2.32ns)   --->   "%state_load_5 = load i8* %state_addr_8, align 1" [../../refactored/helper.cpp:205->../../refactored/encrypt.cpp:10]   --->   Operation 54 'load' 'state_load_5' <Predicate = true> <Delay = 2.32> <Core = "RAM">   --->   Core 37 'RAM' <Latency = 1> <II = 1> <Delay = 2.32> <Storage> <Opcode : 'load' 'store'> <Ports = 2> <Width = 8> <Depth = 16> <RAM>
ST_7 : Operation 55 [1/1] (0.00ns)   --->   "%state_addr_9 = getelementptr [16 x i8]* %state, i64 0, i64 11" [../../refactored/helper.cpp:206->../../refactored/encrypt.cpp:10]   --->   Operation 55 'getelementptr' 'state_addr_9' <Predicate = true> <Delay = 0.00>
ST_7 : Operation 56 [2/2] (2.32ns)   --->   "%state_load_6 = load i8* %state_addr_9, align 1" [../../refactored/helper.cpp:206->../../refactored/encrypt.cpp:10]   --->   Operation 56 'load' 'state_load_6' <Predicate = true> <Delay = 2.32> <Core = "RAM">   --->   Core 37 'RAM' <Latency = 1> <II = 1> <Delay = 2.32> <Storage> <Opcode : 'load' 'store'> <Ports = 2> <Width = 8> <Depth = 16> <RAM>
ST_7 : Operation 57 [1/1] (2.32ns)   --->   "store i8 %tmp_5, i8* %state_addr_8, align 1" [../../refactored/helper.cpp:207->../../refactored/encrypt.cpp:10]   --->   Operation 57 'store' <Predicate = true> <Delay = 2.32> <Core = "RAM">   --->   Core 37 'RAM' <Latency = 1> <II = 1> <Delay = 2.32> <Storage> <Opcode : 'load' 'store'> <Ports = 2> <Width = 8> <Depth = 16> <RAM>
ST_7 : Operation 58 [1/1] (2.32ns)   --->   "store i8 %tmp2, i8* %state_addr_9, align 1" [../../refactored/helper.cpp:208->../../refactored/encrypt.cpp:10]   --->   Operation 58 'store' <Predicate = true> <Delay = 2.32> <Core = "RAM">   --->   Core 37 'RAM' <Latency = 1> <II = 1> <Delay = 2.32> <Storage> <Opcode : 'load' 'store'> <Ports = 2> <Width = 8> <Depth = 16> <RAM>

State 8 <SV = 5> <Delay = 2.32>
ST_8 : Operation 59 [1/2] (2.32ns)   --->   "%state_load_5 = load i8* %state_addr_8, align 1" [../../refactored/helper.cpp:205->../../refactored/encrypt.cpp:10]   --->   Operation 59 'load' 'state_load_5' <Predicate = true> <Delay = 2.32> <Core = "RAM">   --->   Core 37 'RAM' <Latency = 1> <II = 1> <Delay = 2.32> <Storage> <Opcode : 'load' 'store'> <Ports = 2> <Width = 8> <Depth = 16> <RAM>
ST_8 : Operation 60 [1/2] (2.32ns)   --->   "%state_load_6 = load i8* %state_addr_9, align 1" [../../refactored/helper.cpp:206->../../refactored/encrypt.cpp:10]   --->   Operation 60 'load' 'state_load_6' <Predicate = true> <Delay = 2.32> <Core = "RAM">   --->   Core 37 'RAM' <Latency = 1> <II = 1> <Delay = 2.32> <Storage> <Opcode : 'load' 'store'> <Ports = 2> <Width = 8> <Depth = 16> <RAM>
ST_8 : Operation 61 [1/1] (0.00ns)   --->   "%state_addr_10 = getelementptr [16 x i8]* %state, i64 0, i64 12" [../../refactored/helper.cpp:212->../../refactored/encrypt.cpp:10]   --->   Operation 61 'getelementptr' 'state_addr_10' <Predicate = true> <Delay = 0.00>
ST_8 : Operation 62 [2/2] (2.32ns)   --->   "%tmp_6 = load i8* %state_addr_10, align 1" [../../refactored/helper.cpp:212->../../refactored/encrypt.cpp:10]   --->   Operation 62 'load' 'tmp_6' <Predicate = true> <Delay = 2.32> <Core = "RAM">   --->   Core 37 'RAM' <Latency = 1> <II = 1> <Delay = 2.32> <Storage> <Opcode : 'load' 'store'> <Ports = 2> <Width = 8> <Depth = 16> <RAM>
ST_8 : Operation 63 [1/1] (0.00ns)   --->   "%state_addr_11 = getelementptr [16 x i8]* %state, i64 0, i64 13" [../../refactored/helper.cpp:213->../../refactored/encrypt.cpp:10]   --->   Operation 63 'getelementptr' 'state_addr_11' <Predicate = true> <Delay = 0.00>
ST_8 : Operation 64 [2/2] (2.32ns)   --->   "%tmp2_1 = load i8* %state_addr_11, align 1" [../../refactored/helper.cpp:213->../../refactored/encrypt.cpp:10]   --->   Operation 64 'load' 'tmp2_1' <Predicate = true> <Delay = 2.32> <Core = "RAM">   --->   Core 37 'RAM' <Latency = 1> <II = 1> <Delay = 2.32> <Storage> <Opcode : 'load' 'store'> <Ports = 2> <Width = 8> <Depth = 16> <RAM>

State 9 <SV = 6> <Delay = 4.64>
ST_9 : Operation 65 [1/2] (2.32ns)   --->   "%tmp_6 = load i8* %state_addr_10, align 1" [../../refactored/helper.cpp:212->../../refactored/encrypt.cpp:10]   --->   Operation 65 'load' 'tmp_6' <Predicate = true> <Delay = 2.32> <Core = "RAM">   --->   Core 37 'RAM' <Latency = 1> <II = 1> <Delay = 2.32> <Storage> <Opcode : 'load' 'store'> <Ports = 2> <Width = 8> <Depth = 16> <RAM>
ST_9 : Operation 66 [1/2] (2.32ns)   --->   "%tmp2_1 = load i8* %state_addr_11, align 1" [../../refactored/helper.cpp:213->../../refactored/encrypt.cpp:10]   --->   Operation 66 'load' 'tmp2_1' <Predicate = true> <Delay = 2.32> <Core = "RAM">   --->   Core 37 'RAM' <Latency = 1> <II = 1> <Delay = 2.32> <Storage> <Opcode : 'load' 'store'> <Ports = 2> <Width = 8> <Depth = 16> <RAM>
ST_9 : Operation 67 [1/1] (0.00ns)   --->   "%state_addr_12 = getelementptr [16 x i8]* %state, i64 0, i64 14" [../../refactored/helper.cpp:214->../../refactored/encrypt.cpp:10]   --->   Operation 67 'getelementptr' 'state_addr_12' <Predicate = true> <Delay = 0.00>
ST_9 : Operation 68 [2/2] (2.32ns)   --->   "%tmp3 = load i8* %state_addr_12, align 1" [../../refactored/helper.cpp:214->../../refactored/encrypt.cpp:10]   --->   Operation 68 'load' 'tmp3' <Predicate = true> <Delay = 2.32> <Core = "RAM">   --->   Core 37 'RAM' <Latency = 1> <II = 1> <Delay = 2.32> <Storage> <Opcode : 'load' 'store'> <Ports = 2> <Width = 8> <Depth = 16> <RAM>
ST_9 : Operation 69 [1/1] (0.00ns)   --->   "%state_addr_13 = getelementptr [16 x i8]* %state, i64 0, i64 15" [../../refactored/helper.cpp:216->../../refactored/encrypt.cpp:10]   --->   Operation 69 'getelementptr' 'state_addr_13' <Predicate = true> <Delay = 0.00>
ST_9 : Operation 70 [2/2] (2.32ns)   --->   "%state_load_10 = load i8* %state_addr_13, align 1" [../../refactored/helper.cpp:216->../../refactored/encrypt.cpp:10]   --->   Operation 70 'load' 'state_load_10' <Predicate = true> <Delay = 2.32> <Core = "RAM">   --->   Core 37 'RAM' <Latency = 1> <II = 1> <Delay = 2.32> <Storage> <Opcode : 'load' 'store'> <Ports = 2> <Width = 8> <Depth = 16> <RAM>
ST_9 : Operation 71 [1/1] (2.32ns)   --->   "store i8 %tmp2_1, i8* %state_addr_12, align 1" [../../refactored/helper.cpp:218->../../refactored/encrypt.cpp:10]   --->   Operation 71 'store' <Predicate = true> <Delay = 2.32> <Core = "RAM">   --->   Core 37 'RAM' <Latency = 1> <II = 1> <Delay = 2.32> <Storage> <Opcode : 'load' 'store'> <Ports = 2> <Width = 8> <Depth = 16> <RAM>

State 10 <SV = 7> <Delay = 2.32>
ST_10 : Operation 72 [1/1] (2.32ns)   --->   "store i8 %state_load, i8* %state_addr, align 1" [../../refactored/helper.cpp:195->../../refactored/encrypt.cpp:10]   --->   Operation 72 'store' <Predicate = true> <Delay = 2.32> <Core = "RAM">   --->   Core 37 'RAM' <Latency = 1> <II = 1> <Delay = 2.32> <Storage> <Opcode : 'load' 'store'> <Ports = 2> <Width = 8> <Depth = 16> <RAM>
ST_10 : Operation 73 [1/1] (2.32ns)   --->   "store i8 %state_load_1, i8* %state_addr_3, align 1" [../../refactored/helper.cpp:196->../../refactored/encrypt.cpp:10]   --->   Operation 73 'store' <Predicate = true> <Delay = 2.32> <Core = "RAM">   --->   Core 37 'RAM' <Latency = 1> <II = 1> <Delay = 2.32> <Storage> <Opcode : 'load' 'store'> <Ports = 2> <Width = 8> <Depth = 16> <RAM>
ST_10 : Operation 74 [1/2] (2.32ns)   --->   "%tmp3 = load i8* %state_addr_12, align 1" [../../refactored/helper.cpp:214->../../refactored/encrypt.cpp:10]   --->   Operation 74 'load' 'tmp3' <Predicate = true> <Delay = 2.32> <Core = "RAM">   --->   Core 37 'RAM' <Latency = 1> <II = 1> <Delay = 2.32> <Storage> <Opcode : 'load' 'store'> <Ports = 2> <Width = 8> <Depth = 16> <RAM>
ST_10 : Operation 75 [1/2] (2.32ns)   --->   "%state_load_10 = load i8* %state_addr_13, align 1" [../../refactored/helper.cpp:216->../../refactored/encrypt.cpp:10]   --->   Operation 75 'load' 'state_load_10' <Predicate = true> <Delay = 2.32> <Core = "RAM">   --->   Core 37 'RAM' <Latency = 1> <II = 1> <Delay = 2.32> <Storage> <Opcode : 'load' 'store'> <Ports = 2> <Width = 8> <Depth = 16> <RAM>

State 11 <SV = 8> <Delay = 2.32>
ST_11 : Operation 76 [1/1] (2.32ns)   --->   "store i8 %state_load_2, i8* %state_addr_4, align 1" [../../refactored/helper.cpp:197->../../refactored/encrypt.cpp:10]   --->   Operation 76 'store' <Predicate = true> <Delay = 2.32> <Core = "RAM">   --->   Core 37 'RAM' <Latency = 1> <II = 1> <Delay = 2.32> <Storage> <Opcode : 'load' 'store'> <Ports = 2> <Width = 8> <Depth = 16> <RAM>
ST_11 : Operation 77 [1/1] (2.32ns)   --->   "store i8 %state_load_5, i8* %state_addr_6, align 1" [../../refactored/helper.cpp:205->../../refactored/encrypt.cpp:10]   --->   Operation 77 'store' <Predicate = true> <Delay = 2.32> <Core = "RAM">   --->   Core 37 'RAM' <Latency = 1> <II = 1> <Delay = 2.32> <Storage> <Opcode : 'load' 'store'> <Ports = 2> <Width = 8> <Depth = 16> <RAM>

State 12 <SV = 9> <Delay = 2.32>
ST_12 : Operation 78 [1/1] (2.32ns)   --->   "store i8 %state_load_6, i8* %state_addr_7, align 1" [../../refactored/helper.cpp:206->../../refactored/encrypt.cpp:10]   --->   Operation 78 'store' <Predicate = true> <Delay = 2.32> <Core = "RAM">   --->   Core 37 'RAM' <Latency = 1> <II = 1> <Delay = 2.32> <Storage> <Opcode : 'load' 'store'> <Ports = 2> <Width = 8> <Depth = 16> <RAM>
ST_12 : Operation 79 [1/1] (2.32ns)   --->   "store i8 %state_load_10, i8* %state_addr_10, align 1" [../../refactored/helper.cpp:216->../../refactored/encrypt.cpp:10]   --->   Operation 79 'store' <Predicate = true> <Delay = 2.32> <Core = "RAM">   --->   Core 37 'RAM' <Latency = 1> <II = 1> <Delay = 2.32> <Storage> <Opcode : 'load' 'store'> <Ports = 2> <Width = 8> <Depth = 16> <RAM>

State 13 <SV = 10> <Delay = 2.32>
ST_13 : Operation 80 [1/1] (2.32ns)   --->   "store i8 %tmp_6, i8* %state_addr_11, align 1" [../../refactored/helper.cpp:217->../../refactored/encrypt.cpp:10]   --->   Operation 80 'store' <Predicate = true> <Delay = 2.32> <Core = "RAM">   --->   Core 37 'RAM' <Latency = 1> <II = 1> <Delay = 2.32> <Storage> <Opcode : 'load' 'store'> <Ports = 2> <Width = 8> <Depth = 16> <RAM>
ST_13 : Operation 81 [1/1] (2.32ns)   --->   "store i8 %tmp3, i8* %state_addr_13, align 1" [../../refactored/helper.cpp:219->../../refactored/encrypt.cpp:10]   --->   Operation 81 'store' <Predicate = true> <Delay = 2.32> <Core = "RAM">   --->   Core 37 'RAM' <Latency = 1> <II = 1> <Delay = 2.32> <Storage> <Opcode : 'load' 'store'> <Ports = 2> <Width = 8> <Depth = 16> <RAM>

State 14 <SV = 11> <Delay = 0.00>
ST_14 : Operation 82 [2/2] (0.00ns)   --->   "call fastcc void @mixColumns([16 x i8]* %state)" [../../refactored/encrypt.cpp:11]   --->   Operation 82 'call' <Predicate = true> <Delay = 0.00> <CoreType = "Generic">   --->   Core 0 '' <Latency = 0> <II = 1> <Delay = 1.00> <Generic> <Opcode : >

State 15 <SV = 12> <Delay = 1.76>
ST_15 : Operation 83 [1/2] (0.00ns)   --->   "call fastcc void @mixColumns([16 x i8]* %state)" [../../refactored/encrypt.cpp:11]   --->   Operation 83 'call' <Predicate = true> <Delay = 0.00> <CoreType = "Generic">   --->   Core 0 '' <Latency = 0> <II = 1> <Delay = 1.00> <Generic> <Opcode : >
ST_15 : Operation 84 [1/1] (1.76ns)   --->   "br label %3" [../../refactored/helper.cpp:225->../../refactored/encrypt.cpp:12]   --->   Operation 84 'br' <Predicate = true> <Delay = 1.76>

State 16 <SV = 13> <Delay = 2.32>
ST_16 : Operation 85 [1/1] (0.00ns)   --->   "%i_0_i4 = phi i5 [ 0, %subBytes.exit ], [ %i_5, %4 ]"   --->   Operation 85 'phi' 'i_0_i4' <Predicate = true> <Delay = 0.00>
ST_16 : Operation 86 [1/1] (1.36ns)   --->   "%icmp_ln225 = icmp eq i5 %i_0_i4, -16" [../../refactored/helper.cpp:225->../../refactored/encrypt.cpp:12]   --->   Operation 86 'icmp' 'icmp_ln225' <Predicate = true> <Delay = 1.36> <Core = "Cmp">   --->   Core 25 'Cmp' <Latency = 0> <II = 1> <Delay = 1.36> <FuncUnit> <Opcode : 'icmp'> <InPorts = 2> <OutPorts = 1>
ST_16 : Operation 87 [1/1] (0.00ns)   --->   "%empty_27 = call i32 (...)* @_ssdm_op_SpecLoopTripCount(i64 16, i64 16, i64 16)"   --->   Operation 87 'speclooptripcount' 'empty_27' <Predicate = true> <Delay = 0.00>
ST_16 : Operation 88 [1/1] (1.78ns)   --->   "%i_5 = add i5 %i_0_i4, 1" [../../refactored/helper.cpp:225->../../refactored/encrypt.cpp:12]   --->   Operation 88 'add' 'i_5' <Predicate = true> <Delay = 1.78> <Core = "AddSub">   --->   Core 14 'AddSub' <Latency = 0> <II = 1> <Delay = 1.78> <FuncUnit> <Opcode : 'add' 'sub'> <InPorts = 2> <OutPorts = 1>
ST_16 : Operation 89 [1/1] (0.00ns)   --->   "br i1 %icmp_ln225, label %addRoundKey.exit, label %4" [../../refactored/helper.cpp:225->../../refactored/encrypt.cpp:12]   --->   Operation 89 'br' <Predicate = true> <Delay = 0.00>
ST_16 : Operation 90 [1/1] (0.00ns)   --->   "%zext_ln226 = zext i5 %i_0_i4 to i64" [../../refactored/helper.cpp:226->../../refactored/encrypt.cpp:12]   --->   Operation 90 'zext' 'zext_ln226' <Predicate = (!icmp_ln225)> <Delay = 0.00>
ST_16 : Operation 91 [1/1] (0.00ns)   --->   "%state_addr_15 = getelementptr [16 x i8]* %state, i64 0, i64 %zext_ln226" [../../refactored/helper.cpp:226->../../refactored/encrypt.cpp:12]   --->   Operation 91 'getelementptr' 'state_addr_15' <Predicate = (!icmp_ln225)> <Delay = 0.00>
ST_16 : Operation 92 [2/2] (2.32ns)   --->   "%state_load_12 = load i8* %state_addr_15, align 1" [../../refactored/helper.cpp:226->../../refactored/encrypt.cpp:12]   --->   Operation 92 'load' 'state_load_12' <Predicate = (!icmp_ln225)> <Delay = 2.32> <Core = "RAM">   --->   Core 37 'RAM' <Latency = 1> <II = 1> <Delay = 2.32> <Storage> <Opcode : 'load' 'store'> <Ports = 2> <Width = 8> <Depth = 16> <RAM>
ST_16 : Operation 93 [1/1] (0.00ns)   --->   "%roundKey_addr = getelementptr [16 x i8]* %roundKey, i64 0, i64 %zext_ln226" [../../refactored/helper.cpp:226->../../refactored/encrypt.cpp:12]   --->   Operation 93 'getelementptr' 'roundKey_addr' <Predicate = (!icmp_ln225)> <Delay = 0.00>
ST_16 : Operation 94 [2/2] (2.32ns)   --->   "%roundKey_load = load i8* %roundKey_addr, align 1" [../../refactored/helper.cpp:226->../../refactored/encrypt.cpp:12]   --->   Operation 94 'load' 'roundKey_load' <Predicate = (!icmp_ln225)> <Delay = 2.32> <Core = "RAM">   --->   Core 37 'RAM' <Latency = 1> <II = 1> <Delay = 2.32> <Storage> <Opcode : 'load' 'store'> <Ports = 2> <Width = 8> <Depth = 16> <RAM>
ST_16 : Operation 95 [1/1] (0.00ns)   --->   "ret void" [../../refactored/encrypt.cpp:13]   --->   Operation 95 'ret' <Predicate = (icmp_ln225)> <Delay = 0.00>

State 17 <SV = 14> <Delay = 5.63>
ST_17 : Operation 96 [1/2] (2.32ns)   --->   "%state_load_12 = load i8* %state_addr_15, align 1" [../../refactored/helper.cpp:226->../../refactored/encrypt.cpp:12]   --->   Operation 96 'load' 'state_load_12' <Predicate = true> <Delay = 2.32> <Core = "RAM">   --->   Core 37 'RAM' <Latency = 1> <II = 1> <Delay = 2.32> <Storage> <Opcode : 'load' 'store'> <Ports = 2> <Width = 8> <Depth = 16> <RAM>
ST_17 : Operation 97 [1/2] (2.32ns)   --->   "%roundKey_load = load i8* %roundKey_addr, align 1" [../../refactored/helper.cpp:226->../../refactored/encrypt.cpp:12]   --->   Operation 97 'load' 'roundKey_load' <Predicate = true> <Delay = 2.32> <Core = "RAM">   --->   Core 37 'RAM' <Latency = 1> <II = 1> <Delay = 2.32> <Storage> <Opcode : 'load' 'store'> <Ports = 2> <Width = 8> <Depth = 16> <RAM>
ST_17 : Operation 98 [1/1] (0.99ns)   --->   "%xor_ln226 = xor i8 %roundKey_load, %state_load_12" [../../refactored/helper.cpp:226->../../refactored/encrypt.cpp:12]   --->   Operation 98 'xor' 'xor_ln226' <Predicate = true> <Delay = 0.99> <Core = "LogicGate">   --->   Core 27 'LogicGate' <Latency = 0> <II = 1> <Delay = 0.99> <FuncUnit> <Opcode : 'and' 'or' 'xor'> <InPorts = 2> <OutPorts = 1>
ST_17 : Operation 99 [1/1] (2.32ns)   --->   "store i8 %xor_ln226, i8* %state_addr_15, align 1" [../../refactored/helper.cpp:226->../../refactored/encrypt.cpp:12]   --->   Operation 99 'store' <Predicate = true> <Delay = 2.32> <Core = "RAM">   --->   Core 37 'RAM' <Latency = 1> <II = 1> <Delay = 2.32> <Storage> <Opcode : 'load' 'store'> <Ports = 2> <Width = 8> <Depth = 16> <RAM>
ST_17 : Operation 100 [1/1] (0.00ns)   --->   "br label %3" [../../refactored/helper.cpp:225->../../refactored/encrypt.cpp:12]   --->   Operation 100 'br' <Predicate = true> <Delay = 0.00>


============================================================
+ Verbose Summary: Timing violations
============================================================
Target clock period: 10ns, clock uncertainty: 1.25ns.

 <State 1>: 1.77ns
The critical path consists of the following:
	multiplexor before 'phi' operation ('i') with incoming values : ('i', ../../refactored/helper.cpp:174->../../refactored/encrypt.cpp:9) [7]  (1.77 ns)

 <State 2>: 2.32ns
The critical path consists of the following:
	'phi' operation ('i') with incoming values : ('i', ../../refactored/helper.cpp:174->../../refactored/encrypt.cpp:9) [7]  (0 ns)
	'getelementptr' operation ('state_addr_14', ../../refactored/helper.cpp:175->../../refactored/encrypt.cpp:9) [14]  (0 ns)
	'load' operation ('num', ../../refactored/helper.cpp:175->../../refactored/encrypt.cpp:9) on array 'state' [15]  (2.32 ns)

 <State 3>: 5.58ns
The critical path consists of the following:
	'load' operation ('num', ../../refactored/helper.cpp:175->../../refactored/encrypt.cpp:9) on array 'state' [15]  (2.32 ns)
	'getelementptr' operation ('sbox_addr', ../../refactored/helper.cpp:43->../../refactored/helper.cpp:175->../../refactored/encrypt.cpp:9) [17]  (0 ns)
	'load' operation ('sbox_load', ../../refactored/helper.cpp:43->../../refactored/helper.cpp:175->../../refactored/encrypt.cpp:9) on array 'sbox' [18]  (3.25 ns)

 <State 4>: 5.58ns
The critical path consists of the following:
	'load' operation ('sbox_load', ../../refactored/helper.cpp:43->../../refactored/helper.cpp:175->../../refactored/encrypt.cpp:9) on array 'sbox' [18]  (3.25 ns)
	'store' operation ('store_ln175', ../../refactored/helper.cpp:175->../../refactored/encrypt.cpp:9) of variable 'sbox_load', ../../refactored/helper.cpp:43->../../refactored/helper.cpp:175->../../refactored/encrypt.cpp:9 on array 'state' [19]  (2.32 ns)

 <State 5>: 4.64ns
The critical path consists of the following:
	'load' operation ('tmp', ../../refactored/helper.cpp:193->../../refactored/encrypt.cpp:10) on array 'state' [23]  (2.32 ns)
	'store' operation ('store_ln198', ../../refactored/helper.cpp:198->../../refactored/encrypt.cpp:10) of variable 'tmp', ../../refactored/helper.cpp:193->../../refactored/encrypt.cpp:10 on array 'state' [33]  (2.32 ns)

 <State 6>: 2.32ns
The critical path consists of the following:
	'load' operation ('state_load_1', ../../refactored/helper.cpp:196->../../refactored/encrypt.cpp:10) on array 'state' [28]  (2.32 ns)

 <State 7>: 4.64ns
The critical path consists of the following:
	'load' operation ('tmp', ../../refactored/helper.cpp:202->../../refactored/encrypt.cpp:10) on array 'state' [35]  (2.32 ns)
	'store' operation ('store_ln207', ../../refactored/helper.cpp:207->../../refactored/encrypt.cpp:10) of variable 'tmp', ../../refactored/helper.cpp:202->../../refactored/encrypt.cpp:10 on array 'state' [44]  (2.32 ns)

 <State 8>: 2.32ns
The critical path consists of the following:
	'load' operation ('state_load_5', ../../refactored/helper.cpp:205->../../refactored/encrypt.cpp:10) on array 'state' [39]  (2.32 ns)

 <State 9>: 4.64ns
The critical path consists of the following:
	'load' operation ('tmp2', ../../refactored/helper.cpp:213->../../refactored/encrypt.cpp:10) on array 'state' [49]  (2.32 ns)
	'store' operation ('store_ln218', ../../refactored/helper.cpp:218->../../refactored/encrypt.cpp:10) of variable 'tmp2', ../../refactored/helper.cpp:213->../../refactored/encrypt.cpp:10 on array 'state' [56]  (2.32 ns)

 <State 10>: 2.32ns
The critical path consists of the following:
	'store' operation ('store_ln195', ../../refactored/helper.cpp:195->../../refactored/encrypt.cpp:10) of variable 'state_load', ../../refactored/helper.cpp:195->../../refactored/encrypt.cpp:10 on array 'state' [26]  (2.32 ns)

 <State 11>: 2.32ns
The critical path consists of the following:
	'store' operation ('store_ln197', ../../refactored/helper.cpp:197->../../refactored/encrypt.cpp:10) of variable 'state_load_2', ../../refactored/helper.cpp:197->../../refactored/encrypt.cpp:10 on array 'state' [32]  (2.32 ns)

 <State 12>: 2.32ns
The critical path consists of the following:
	'store' operation ('store_ln206', ../../refactored/helper.cpp:206->../../refactored/encrypt.cpp:10) of variable 'state_load_6', ../../refactored/helper.cpp:206->../../refactored/encrypt.cpp:10 on array 'state' [43]  (2.32 ns)

 <State 13>: 2.32ns
The critical path consists of the following:
	'store' operation ('store_ln217', ../../refactored/helper.cpp:217->../../refactored/encrypt.cpp:10) of variable 'tmp', ../../refactored/helper.cpp:212->../../refactored/encrypt.cpp:10 on array 'state' [55]  (2.32 ns)

 <State 14>: 0ns
The critical path consists of the following:

 <State 15>: 1.77ns
The critical path consists of the following:
	multiplexor before 'phi' operation ('i') with incoming values : ('i', ../../refactored/helper.cpp:225->../../refactored/encrypt.cpp:12) [61]  (1.77 ns)

 <State 16>: 2.32ns
The critical path consists of the following:
	'phi' operation ('i') with incoming values : ('i', ../../refactored/helper.cpp:225->../../refactored/encrypt.cpp:12) [61]  (0 ns)
	'getelementptr' operation ('state_addr_15', ../../refactored/helper.cpp:226->../../refactored/encrypt.cpp:12) [68]  (0 ns)
	'load' operation ('state_load_12', ../../refactored/helper.cpp:226->../../refactored/encrypt.cpp:12) on array 'state' [69]  (2.32 ns)

 <State 17>: 5.63ns
The critical path consists of the following:
	'load' operation ('state_load_12', ../../refactored/helper.cpp:226->../../refactored/encrypt.cpp:12) on array 'state' [69]  (2.32 ns)
	'xor' operation ('xor_ln226', ../../refactored/helper.cpp:226->../../refactored/encrypt.cpp:12) [72]  (0.99 ns)
	'store' operation ('store_ln226', ../../refactored/helper.cpp:226->../../refactored/encrypt.cpp:12) of variable 'xor_ln226', ../../refactored/helper.cpp:226->../../refactored/encrypt.cpp:12 on array 'state' [73]  (2.32 ns)


============================================================
+ Verbose Summary: Binding
============================================================
N/A
* FSMD analyzer results:
  - Output states:
 - Input state : 
  - Chain level:
	State 1
	State 2
	State 3
	State 4
	State 5
	State 6
	State 7
	State 8
	State 9
	State 10
	State 11
	State 12
	State 13
	State 14
	State 15
	State 16
	State 17


============================================================
+ Verbose Summary: Datapath Resource usage 
============================================================
N/A
