

================================================================
== Vivado HLS Report for 'mixColumn'
================================================================
* Date:           Wed Dec  4 15:55:00 2024

* Version:        2019.2 (Build 2704478 on Wed Nov 06 22:10:23 MST 2019)
* Project:        p2peda.prj
* Solution:       solution1
* Product family: zynq
* Target device:  xc7z020-clg484-1


================================================================
== Performance Estimates
================================================================
+ Timing: 
    * Summary: 
    +--------+----------+----------+------------+
    |  Clock |  Target  | Estimated| Uncertainty|
    +--------+----------+----------+------------+
    |ap_clk  | 10.00 ns | 3.869 ns |   1.25 ns  |
    +--------+----------+----------+------------+

+ Latency: 
    * Summary: 
    +---------+---------+----------+----------+-----+-----+---------+
    |  Latency (cycles) |  Latency (absolute) |  Interval | Pipeline|
    |   min   |   max   |    min   |    max   | min | max |   Type  |
    +---------+---------+----------+----------+-----+-----+---------+
    |       15|       15| 0.150 us | 0.150 us |   15|   15|   none  |
    +---------+---------+----------+----------+-----+-----+---------+

    + Detail: 
        * Instance: 
        N/A

        * Loop: 
        +----------+---------+---------+----------+-----------+-----------+------+----------+
        |          |  Latency (cycles) | Iteration|  Initiation Interval  | Trip |          |
        | Loop Name|   min   |   max   |  Latency |  achieved |   target  | Count| Pipelined|
        +----------+---------+---------+----------+-----------+-----------+------+----------+
        |- Loop 1  |        4|        4|         1|          -|          -|     4|    no    |
        +----------+---------+---------+----------+-----------+-----------+------+----------+

============================================================
+ Verbose Summary: Synthesis Manager
============================================================
InlineROM: 1
ExposeGlobal: 0
============================================================
+ Verbose Summary: CDFG Model
============================================================
IsTopModel: 0
ResetActiveHigh: 1
IsCombinational: 0
IsDatapathOnly: 0
HasWiredReturn: 1
HasMFsm: 0
HasVarLatency: 1
IsPipeline: 0
IsRtlPipelined: 0
IsInstanceOverlapped: 0
IsDontTouch: 0
HasImplIP: 0
IsGatedGlobalClock: 0


============================================================
+ Verbose Summary: Schedule
============================================================
* Number of FSM states : 3
* Pipeline : 0
* Dataflow Pipeline: 0

* FSM state transitions: 
1 --> 2 
2 --> 3 2 
3 --> 

* FSM state operations: 

State 1 <SV = 0> <Delay = 1.76>
ST_1 : Operation 4 [1/1] (0.00ns)   --->   "%cpy_3 = alloca i8"   --->   Operation 4 'alloca' 'cpy_3' <Predicate = true> <Delay = 0.00>
ST_1 : Operation 5 [1/1] (0.00ns)   --->   "%cpy_3_1 = alloca i8"   --->   Operation 5 'alloca' 'cpy_3_1' <Predicate = true> <Delay = 0.00>
ST_1 : Operation 6 [1/1] (0.00ns)   --->   "%cpy_3_2 = alloca i8"   --->   Operation 6 'alloca' 'cpy_3_2' <Predicate = true> <Delay = 0.00>
ST_1 : Operation 7 [1/1] (0.00ns)   --->   "%cpy_3_3 = alloca i8"   --->   Operation 7 'alloca' 'cpy_3_3' <Predicate = true> <Delay = 0.00>
ST_1 : Operation 8 [1/1] (0.00ns)   --->   "%column_3_read_1 = call i8 @_ssdm_op_Read.ap_auto.i8(i8 %column_3_read)" [../../refactored/helper.cpp:246]   --->   Operation 8 'read' 'column_3_read_1' <Predicate = true> <Delay = 0.00>
ST_1 : Operation 9 [1/1] (0.00ns)   --->   "%column_2_read_1 = call i8 @_ssdm_op_Read.ap_auto.i8(i8 %column_2_read)" [../../refactored/helper.cpp:246]   --->   Operation 9 'read' 'column_2_read_1' <Predicate = true> <Delay = 0.00>
ST_1 : Operation 10 [1/1] (0.00ns)   --->   "%column_1_read_1 = call i8 @_ssdm_op_Read.ap_auto.i8(i8 %column_1_read)" [../../refactored/helper.cpp:246]   --->   Operation 10 'read' 'column_1_read_1' <Predicate = true> <Delay = 0.00>
ST_1 : Operation 11 [1/1] (0.00ns)   --->   "%column_0_read_1 = call i8 @_ssdm_op_Read.ap_auto.i8(i8 %column_0_read)" [../../refactored/helper.cpp:246]   --->   Operation 11 'read' 'column_0_read_1' <Predicate = true> <Delay = 0.00>
ST_1 : Operation 12 [1/1] (1.76ns)   --->   "br label %branch0" [../../refactored/helper.cpp:250]   --->   Operation 12 'br' <Predicate = true> <Delay = 1.76>

State 2 <SV = 1> <Delay = 3.86>
ST_2 : Operation 13 [1/1] (0.00ns)   --->   "%i_0 = phi i3 [ 0, %0 ], [ %i, %branch0.backedge ]"   --->   Operation 13 'phi' 'i_0' <Predicate = true> <Delay = 0.00>
ST_2 : Operation 14 [1/1] (1.13ns)   --->   "%icmp_ln250 = icmp eq i3 %i_0, -4" [../../refactored/helper.cpp:250]   --->   Operation 14 'icmp' 'icmp_ln250' <Predicate = true> <Delay = 1.13> <Core = "Cmp">   --->   Core 25 'Cmp' <Latency = 0> <II = 1> <Delay = 1.13> <FuncUnit> <Opcode : 'icmp'> <InPorts = 2> <OutPorts = 1>
ST_2 : Operation 15 [1/1] (0.00ns)   --->   "%empty = call i32 (...)* @_ssdm_op_SpecLoopTripCount(i64 4, i64 4, i64 4)"   --->   Operation 15 'speclooptripcount' 'empty' <Predicate = true> <Delay = 0.00>
ST_2 : Operation 16 [1/1] (1.65ns)   --->   "%i = add i3 %i_0, 1" [../../refactored/helper.cpp:250]   --->   Operation 16 'add' 'i' <Predicate = true> <Delay = 1.65> <Core = "AddSub">   --->   Core 14 'AddSub' <Latency = 0> <II = 1> <Delay = 1.65> <FuncUnit> <Opcode : 'add' 'sub'> <InPorts = 2> <OutPorts = 1>
ST_2 : Operation 17 [1/1] (0.00ns)   --->   "br i1 %icmp_ln250, label %2, label %1" [../../refactored/helper.cpp:250]   --->   Operation 17 'br' <Predicate = true> <Delay = 0.00>
ST_2 : Operation 18 [1/1] (0.00ns)   --->   "%trunc_ln252 = trunc i3 %i_0 to i2" [../../refactored/helper.cpp:252]   --->   Operation 18 'trunc' 'trunc_ln252' <Predicate = (!icmp_ln250)> <Delay = 0.00>
ST_2 : Operation 19 [1/1] (1.95ns)   --->   "%cpy_0 = call i8 @_ssdm_op_Mux.ap_auto.4i8.i2(i8 %column_0_read_1, i8 %column_1_read_1, i8 %column_2_read_1, i8 %column_3_read_1, i2 %trunc_ln252)" [../../refactored/helper.cpp:252]   --->   Operation 19 'mux' 'cpy_0' <Predicate = (!icmp_ln250)> <Delay = 1.95> <Core = "MuxnS">   --->   Core 31 'MuxnS' <Latency = 0> <II = 1> <Delay = 1.95> <FuncUnit> <Opcode : 'mux'> <InPorts = 2> <OutPorts = 1>
ST_2 : Operation 20 [1/1] (1.30ns)   --->   "switch i2 %trunc_ln252, label %branch3 [
    i2 0, label %.branch0.backedge_crit_edge
    i2 1, label %branch1
    i2 -2, label %branch2
  ]" [../../refactored/helper.cpp:252]   --->   Operation 20 'switch' <Predicate = (!icmp_ln250)> <Delay = 1.30>
ST_2 : Operation 21 [1/1] (0.00ns)   --->   "store i8 %cpy_0, i8* %cpy_3_2" [../../refactored/helper.cpp:252]   --->   Operation 21 'store' <Predicate = (!icmp_ln250 & trunc_ln252 == 2)> <Delay = 0.00>
ST_2 : Operation 22 [1/1] (0.00ns)   --->   "br label %branch0.backedge" [../../refactored/helper.cpp:252]   --->   Operation 22 'br' <Predicate = (!icmp_ln250 & trunc_ln252 == 2)> <Delay = 0.00>
ST_2 : Operation 23 [1/1] (0.00ns)   --->   "store i8 %cpy_0, i8* %cpy_3_1" [../../refactored/helper.cpp:252]   --->   Operation 23 'store' <Predicate = (!icmp_ln250 & trunc_ln252 == 1)> <Delay = 0.00>
ST_2 : Operation 24 [1/1] (0.00ns)   --->   "br label %branch0.backedge" [../../refactored/helper.cpp:252]   --->   Operation 24 'br' <Predicate = (!icmp_ln250 & trunc_ln252 == 1)> <Delay = 0.00>
ST_2 : Operation 25 [1/1] (0.00ns)   --->   "store i8 %cpy_0, i8* %cpy_3" [../../refactored/helper.cpp:252]   --->   Operation 25 'store' <Predicate = (!icmp_ln250 & trunc_ln252 == 0)> <Delay = 0.00>
ST_2 : Operation 26 [1/1] (0.00ns)   --->   "br label %branch0.backedge" [../../refactored/helper.cpp:252]   --->   Operation 26 'br' <Predicate = (!icmp_ln250 & trunc_ln252 == 0)> <Delay = 0.00>
ST_2 : Operation 27 [1/1] (0.00ns)   --->   "store i8 %cpy_0, i8* %cpy_3_3" [../../refactored/helper.cpp:252]   --->   Operation 27 'store' <Predicate = (!icmp_ln250 & trunc_ln252 == 3)> <Delay = 0.00>
ST_2 : Operation 28 [1/1] (0.00ns)   --->   "br label %branch0.backedge" [../../refactored/helper.cpp:252]   --->   Operation 28 'br' <Predicate = (!icmp_ln250 & trunc_ln252 == 3)> <Delay = 0.00>
ST_2 : Operation 29 [1/1] (0.00ns)   --->   "br label %branch0"   --->   Operation 29 'br' <Predicate = (!icmp_ln250)> <Delay = 0.00>
ST_2 : Operation 30 [1/1] (0.00ns)   --->   "%cpy_3_load = load i8* %cpy_3" [../../refactored/helper.cpp:254]   --->   Operation 30 'load' 'cpy_3_load' <Predicate = (icmp_ln250)> <Delay = 0.00>
ST_2 : Operation 31 [1/1] (0.00ns)   --->   "%cpy_3_1_load = load i8* %cpy_3_1" [../../refactored/helper.cpp:257]   --->   Operation 31 'load' 'cpy_3_1_load' <Predicate = (icmp_ln250)> <Delay = 0.00>
ST_2 : Operation 32 [1/1] (0.00ns)   --->   "%cpy_3_2_load = load i8* %cpy_3_2" [../../refactored/helper.cpp:256]   --->   Operation 32 'load' 'cpy_3_2_load' <Predicate = (icmp_ln250)> <Delay = 0.00>
ST_2 : Operation 33 [1/1] (0.00ns)   --->   "%cpy_3_3_load = load i8* %cpy_3_3" [../../refactored/helper.cpp:255]   --->   Operation 33 'load' 'cpy_3_3_load' <Predicate = (icmp_ln250)> <Delay = 0.00>
ST_2 : Operation 34 [2/2] (3.86ns)   --->   "%tmp = call fastcc zeroext i8 @galois_multiplicatio(i8 zeroext %cpy_3_load, i5 zeroext 2)" [../../refactored/helper.cpp:254]   --->   Operation 34 'call' 'tmp' <Predicate = (icmp_ln250)> <Delay = 3.86> <CoreType = "Generic">   --->   Core 0 '' <Latency = 0> <II = 1> <Delay = 1.00> <Generic> <Opcode : >
ST_2 : Operation 35 [2/2] (3.86ns)   --->   "%tmp_3 = call fastcc zeroext i8 @galois_multiplicatio(i8 zeroext %cpy_3_3_load, i5 zeroext 1)" [../../refactored/helper.cpp:255]   --->   Operation 35 'call' 'tmp_3' <Predicate = (icmp_ln250)> <Delay = 3.86> <CoreType = "Generic">   --->   Core 0 '' <Latency = 0> <II = 1> <Delay = 1.00> <Generic> <Opcode : >
ST_2 : Operation 36 [2/2] (3.86ns)   --->   "%tmp_4 = call fastcc zeroext i8 @galois_multiplicatio(i8 zeroext %cpy_3_2_load, i5 zeroext 1)" [../../refactored/helper.cpp:256]   --->   Operation 36 'call' 'tmp_4' <Predicate = (icmp_ln250)> <Delay = 3.86> <CoreType = "Generic">   --->   Core 0 '' <Latency = 0> <II = 1> <Delay = 1.00> <Generic> <Opcode : >
ST_2 : Operation 37 [2/2] (3.86ns)   --->   "%tmp_5 = call fastcc zeroext i8 @galois_multiplicatio(i8 zeroext %cpy_3_1_load, i5 zeroext 3)" [../../refactored/helper.cpp:257]   --->   Operation 37 'call' 'tmp_5' <Predicate = (icmp_ln250)> <Delay = 3.86> <CoreType = "Generic">   --->   Core 0 '' <Latency = 0> <II = 1> <Delay = 1.00> <Generic> <Opcode : >
ST_2 : Operation 38 [2/2] (3.86ns)   --->   "%tmp_6 = call fastcc zeroext i8 @galois_multiplicatio(i8 zeroext %cpy_3_1_load, i5 zeroext 2)" [../../refactored/helper.cpp:259]   --->   Operation 38 'call' 'tmp_6' <Predicate = (icmp_ln250)> <Delay = 3.86> <CoreType = "Generic">   --->   Core 0 '' <Latency = 0> <II = 1> <Delay = 1.00> <Generic> <Opcode : >
ST_2 : Operation 39 [2/2] (3.86ns)   --->   "%tmp_7 = call fastcc zeroext i8 @galois_multiplicatio(i8 zeroext %cpy_3_load, i5 zeroext 1)" [../../refactored/helper.cpp:260]   --->   Operation 39 'call' 'tmp_7' <Predicate = (icmp_ln250)> <Delay = 3.86> <CoreType = "Generic">   --->   Core 0 '' <Latency = 0> <II = 1> <Delay = 1.00> <Generic> <Opcode : >
ST_2 : Operation 40 [2/2] (3.86ns)   --->   "%tmp_9 = call fastcc zeroext i8 @galois_multiplicatio(i8 zeroext %cpy_3_2_load, i5 zeroext 3)" [../../refactored/helper.cpp:262]   --->   Operation 40 'call' 'tmp_9' <Predicate = (icmp_ln250)> <Delay = 3.86> <CoreType = "Generic">   --->   Core 0 '' <Latency = 0> <II = 1> <Delay = 1.00> <Generic> <Opcode : >
ST_2 : Operation 41 [2/2] (3.86ns)   --->   "%tmp_s = call fastcc zeroext i8 @galois_multiplicatio(i8 zeroext %cpy_3_2_load, i5 zeroext 2)" [../../refactored/helper.cpp:264]   --->   Operation 41 'call' 'tmp_s' <Predicate = (icmp_ln250)> <Delay = 3.86> <CoreType = "Generic">   --->   Core 0 '' <Latency = 0> <II = 1> <Delay = 1.00> <Generic> <Opcode : >
ST_2 : Operation 42 [2/2] (3.86ns)   --->   "%tmp_1 = call fastcc zeroext i8 @galois_multiplicatio(i8 zeroext %cpy_3_1_load, i5 zeroext 1)" [../../refactored/helper.cpp:265]   --->   Operation 42 'call' 'tmp_1' <Predicate = (icmp_ln250)> <Delay = 3.86> <CoreType = "Generic">   --->   Core 0 '' <Latency = 0> <II = 1> <Delay = 1.00> <Generic> <Opcode : >
ST_2 : Operation 43 [2/2] (3.86ns)   --->   "%tmp_2 = call fastcc zeroext i8 @galois_multiplicatio(i8 zeroext %cpy_3_3_load, i5 zeroext 3)" [../../refactored/helper.cpp:267]   --->   Operation 43 'call' 'tmp_2' <Predicate = (icmp_ln250)> <Delay = 3.86> <CoreType = "Generic">   --->   Core 0 '' <Latency = 0> <II = 1> <Delay = 1.00> <Generic> <Opcode : >
ST_2 : Operation 44 [2/2] (3.86ns)   --->   "%tmp_8 = call fastcc zeroext i8 @galois_multiplicatio(i8 zeroext %cpy_3_3_load, i5 zeroext 2)" [../../refactored/helper.cpp:269]   --->   Operation 44 'call' 'tmp_8' <Predicate = (icmp_ln250)> <Delay = 3.86> <CoreType = "Generic">   --->   Core 0 '' <Latency = 0> <II = 1> <Delay = 1.00> <Generic> <Opcode : >
ST_2 : Operation 45 [2/2] (3.86ns)   --->   "%tmp_10 = call fastcc zeroext i8 @galois_multiplicatio(i8 zeroext %cpy_3_load, i5 zeroext 3)" [../../refactored/helper.cpp:272]   --->   Operation 45 'call' 'tmp_10' <Predicate = (icmp_ln250)> <Delay = 3.86> <CoreType = "Generic">   --->   Core 0 '' <Latency = 0> <II = 1> <Delay = 1.00> <Generic> <Opcode : >

State 3 <SV = 2> <Delay = 0.99>
ST_3 : Operation 46 [1/2] (0.00ns)   --->   "%tmp = call fastcc zeroext i8 @galois_multiplicatio(i8 zeroext %cpy_3_load, i5 zeroext 2)" [../../refactored/helper.cpp:254]   --->   Operation 46 'call' 'tmp' <Predicate = true> <Delay = 0.00> <CoreType = "Generic">   --->   Core 0 '' <Latency = 0> <II = 1> <Delay = 1.00> <Generic> <Opcode : >
ST_3 : Operation 47 [1/2] (0.00ns)   --->   "%tmp_3 = call fastcc zeroext i8 @galois_multiplicatio(i8 zeroext %cpy_3_3_load, i5 zeroext 1)" [../../refactored/helper.cpp:255]   --->   Operation 47 'call' 'tmp_3' <Predicate = true> <Delay = 0.00> <CoreType = "Generic">   --->   Core 0 '' <Latency = 0> <II = 1> <Delay = 1.00> <Generic> <Opcode : >
ST_3 : Operation 48 [1/2] (0.00ns)   --->   "%tmp_4 = call fastcc zeroext i8 @galois_multiplicatio(i8 zeroext %cpy_3_2_load, i5 zeroext 1)" [../../refactored/helper.cpp:256]   --->   Operation 48 'call' 'tmp_4' <Predicate = true> <Delay = 0.00> <CoreType = "Generic">   --->   Core 0 '' <Latency = 0> <II = 1> <Delay = 1.00> <Generic> <Opcode : >
ST_3 : Operation 49 [1/2] (0.00ns)   --->   "%tmp_5 = call fastcc zeroext i8 @galois_multiplicatio(i8 zeroext %cpy_3_1_load, i5 zeroext 3)" [../../refactored/helper.cpp:257]   --->   Operation 49 'call' 'tmp_5' <Predicate = true> <Delay = 0.00> <CoreType = "Generic">   --->   Core 0 '' <Latency = 0> <II = 1> <Delay = 1.00> <Generic> <Opcode : >
ST_3 : Operation 50 [1/1] (0.00ns) (grouped into LUT with out node xor_ln257_2)   --->   "%xor_ln257 = xor i8 %tmp_3, %tmp" [../../refactored/helper.cpp:257]   --->   Operation 50 'xor' 'xor_ln257' <Predicate = true> <Delay = 0.00> <Core = "LogicGate">   --->   Core 27 'LogicGate' <Latency = 0> <II = 1> <Delay = 0.99> <FuncUnit> <Opcode : 'and' 'or' 'xor'> <InPorts = 2> <OutPorts = 1>
ST_3 : Operation 51 [1/1] (0.00ns) (grouped into LUT with out node xor_ln257_2)   --->   "%xor_ln257_1 = xor i8 %tmp_4, %tmp_5" [../../refactored/helper.cpp:257]   --->   Operation 51 'xor' 'xor_ln257_1' <Predicate = true> <Delay = 0.00> <Core = "LogicGate">   --->   Core 27 'LogicGate' <Latency = 0> <II = 1> <Delay = 0.99> <FuncUnit> <Opcode : 'and' 'or' 'xor'> <InPorts = 2> <OutPorts = 1>
ST_3 : Operation 52 [1/1] (0.99ns) (out node of the LUT)   --->   "%xor_ln257_2 = xor i8 %xor_ln257_1, %xor_ln257" [../../refactored/helper.cpp:257]   --->   Operation 52 'xor' 'xor_ln257_2' <Predicate = true> <Delay = 0.99> <Core = "LogicGate">   --->   Core 27 'LogicGate' <Latency = 0> <II = 1> <Delay = 0.99> <FuncUnit> <Opcode : 'and' 'or' 'xor'> <InPorts = 2> <OutPorts = 1>
ST_3 : Operation 53 [1/2] (0.00ns)   --->   "%tmp_6 = call fastcc zeroext i8 @galois_multiplicatio(i8 zeroext %cpy_3_1_load, i5 zeroext 2)" [../../refactored/helper.cpp:259]   --->   Operation 53 'call' 'tmp_6' <Predicate = true> <Delay = 0.00> <CoreType = "Generic">   --->   Core 0 '' <Latency = 0> <II = 1> <Delay = 1.00> <Generic> <Opcode : >
ST_3 : Operation 54 [1/2] (0.00ns)   --->   "%tmp_7 = call fastcc zeroext i8 @galois_multiplicatio(i8 zeroext %cpy_3_load, i5 zeroext 1)" [../../refactored/helper.cpp:260]   --->   Operation 54 'call' 'tmp_7' <Predicate = true> <Delay = 0.00> <CoreType = "Generic">   --->   Core 0 '' <Latency = 0> <II = 1> <Delay = 1.00> <Generic> <Opcode : >
ST_3 : Operation 55 [1/2] (0.00ns)   --->   "%tmp_9 = call fastcc zeroext i8 @galois_multiplicatio(i8 zeroext %cpy_3_2_load, i5 zeroext 3)" [../../refactored/helper.cpp:262]   --->   Operation 55 'call' 'tmp_9' <Predicate = true> <Delay = 0.00> <CoreType = "Generic">   --->   Core 0 '' <Latency = 0> <II = 1> <Delay = 1.00> <Generic> <Opcode : >
ST_3 : Operation 56 [1/1] (0.00ns) (grouped into LUT with out node xor_ln262_2)   --->   "%xor_ln262 = xor i8 %tmp_7, %tmp_6" [../../refactored/helper.cpp:262]   --->   Operation 56 'xor' 'xor_ln262' <Predicate = true> <Delay = 0.00> <Core = "LogicGate">   --->   Core 27 'LogicGate' <Latency = 0> <II = 1> <Delay = 0.99> <FuncUnit> <Opcode : 'and' 'or' 'xor'> <InPorts = 2> <OutPorts = 1>
ST_3 : Operation 57 [1/1] (0.00ns) (grouped into LUT with out node xor_ln262_2)   --->   "%xor_ln262_1 = xor i8 %tmp_3, %tmp_9" [../../refactored/helper.cpp:262]   --->   Operation 57 'xor' 'xor_ln262_1' <Predicate = true> <Delay = 0.00> <Core = "LogicGate">   --->   Core 27 'LogicGate' <Latency = 0> <II = 1> <Delay = 0.99> <FuncUnit> <Opcode : 'and' 'or' 'xor'> <InPorts = 2> <OutPorts = 1>
ST_3 : Operation 58 [1/1] (0.99ns) (out node of the LUT)   --->   "%xor_ln262_2 = xor i8 %xor_ln262_1, %xor_ln262" [../../refactored/helper.cpp:262]   --->   Operation 58 'xor' 'xor_ln262_2' <Predicate = true> <Delay = 0.99> <Core = "LogicGate">   --->   Core 27 'LogicGate' <Latency = 0> <II = 1> <Delay = 0.99> <FuncUnit> <Opcode : 'and' 'or' 'xor'> <InPorts = 2> <OutPorts = 1>
ST_3 : Operation 59 [1/2] (0.00ns)   --->   "%tmp_s = call fastcc zeroext i8 @galois_multiplicatio(i8 zeroext %cpy_3_2_load, i5 zeroext 2)" [../../refactored/helper.cpp:264]   --->   Operation 59 'call' 'tmp_s' <Predicate = true> <Delay = 0.00> <CoreType = "Generic">   --->   Core 0 '' <Latency = 0> <II = 1> <Delay = 1.00> <Generic> <Opcode : >
ST_3 : Operation 60 [1/2] (0.00ns)   --->   "%tmp_1 = call fastcc zeroext i8 @galois_multiplicatio(i8 zeroext %cpy_3_1_load, i5 zeroext 1)" [../../refactored/helper.cpp:265]   --->   Operation 60 'call' 'tmp_1' <Predicate = true> <Delay = 0.00> <CoreType = "Generic">   --->   Core 0 '' <Latency = 0> <II = 1> <Delay = 1.00> <Generic> <Opcode : >
ST_3 : Operation 61 [1/2] (0.00ns)   --->   "%tmp_2 = call fastcc zeroext i8 @galois_multiplicatio(i8 zeroext %cpy_3_3_load, i5 zeroext 3)" [../../refactored/helper.cpp:267]   --->   Operation 61 'call' 'tmp_2' <Predicate = true> <Delay = 0.00> <CoreType = "Generic">   --->   Core 0 '' <Latency = 0> <II = 1> <Delay = 1.00> <Generic> <Opcode : >
ST_3 : Operation 62 [1/1] (0.00ns) (grouped into LUT with out node xor_ln267_2)   --->   "%xor_ln267 = xor i8 %tmp_1, %tmp_s" [../../refactored/helper.cpp:267]   --->   Operation 62 'xor' 'xor_ln267' <Predicate = true> <Delay = 0.00> <Core = "LogicGate">   --->   Core 27 'LogicGate' <Latency = 0> <II = 1> <Delay = 0.99> <FuncUnit> <Opcode : 'and' 'or' 'xor'> <InPorts = 2> <OutPorts = 1>
ST_3 : Operation 63 [1/1] (0.00ns) (grouped into LUT with out node xor_ln267_2)   --->   "%xor_ln267_1 = xor i8 %tmp_7, %tmp_2" [../../refactored/helper.cpp:267]   --->   Operation 63 'xor' 'xor_ln267_1' <Predicate = true> <Delay = 0.00> <Core = "LogicGate">   --->   Core 27 'LogicGate' <Latency = 0> <II = 1> <Delay = 0.99> <FuncUnit> <Opcode : 'and' 'or' 'xor'> <InPorts = 2> <OutPorts = 1>
ST_3 : Operation 64 [1/1] (0.99ns) (out node of the LUT)   --->   "%xor_ln267_2 = xor i8 %xor_ln267_1, %xor_ln267" [../../refactored/helper.cpp:267]   --->   Operation 64 'xor' 'xor_ln267_2' <Predicate = true> <Delay = 0.99> <Core = "LogicGate">   --->   Core 27 'LogicGate' <Latency = 0> <II = 1> <Delay = 0.99> <FuncUnit> <Opcode : 'and' 'or' 'xor'> <InPorts = 2> <OutPorts = 1>
ST_3 : Operation 65 [1/2] (0.00ns)   --->   "%tmp_8 = call fastcc zeroext i8 @galois_multiplicatio(i8 zeroext %cpy_3_3_load, i5 zeroext 2)" [../../refactored/helper.cpp:269]   --->   Operation 65 'call' 'tmp_8' <Predicate = true> <Delay = 0.00> <CoreType = "Generic">   --->   Core 0 '' <Latency = 0> <II = 1> <Delay = 1.00> <Generic> <Opcode : >
ST_3 : Operation 66 [1/2] (0.00ns)   --->   "%tmp_10 = call fastcc zeroext i8 @galois_multiplicatio(i8 zeroext %cpy_3_load, i5 zeroext 3)" [../../refactored/helper.cpp:272]   --->   Operation 66 'call' 'tmp_10' <Predicate = true> <Delay = 0.00> <CoreType = "Generic">   --->   Core 0 '' <Latency = 0> <II = 1> <Delay = 1.00> <Generic> <Opcode : >
ST_3 : Operation 67 [1/1] (0.00ns) (grouped into LUT with out node xor_ln272_2)   --->   "%xor_ln272 = xor i8 %tmp_4, %tmp_8" [../../refactored/helper.cpp:272]   --->   Operation 67 'xor' 'xor_ln272' <Predicate = true> <Delay = 0.00> <Core = "LogicGate">   --->   Core 27 'LogicGate' <Latency = 0> <II = 1> <Delay = 0.99> <FuncUnit> <Opcode : 'and' 'or' 'xor'> <InPorts = 2> <OutPorts = 1>
ST_3 : Operation 68 [1/1] (0.00ns) (grouped into LUT with out node xor_ln272_2)   --->   "%xor_ln272_1 = xor i8 %tmp_1, %tmp_10" [../../refactored/helper.cpp:272]   --->   Operation 68 'xor' 'xor_ln272_1' <Predicate = true> <Delay = 0.00> <Core = "LogicGate">   --->   Core 27 'LogicGate' <Latency = 0> <II = 1> <Delay = 0.99> <FuncUnit> <Opcode : 'and' 'or' 'xor'> <InPorts = 2> <OutPorts = 1>
ST_3 : Operation 69 [1/1] (0.99ns) (out node of the LUT)   --->   "%xor_ln272_2 = xor i8 %xor_ln272_1, %xor_ln272" [../../refactored/helper.cpp:272]   --->   Operation 69 'xor' 'xor_ln272_2' <Predicate = true> <Delay = 0.99> <Core = "LogicGate">   --->   Core 27 'LogicGate' <Latency = 0> <II = 1> <Delay = 0.99> <FuncUnit> <Opcode : 'and' 'or' 'xor'> <InPorts = 2> <OutPorts = 1>
ST_3 : Operation 70 [1/1] (0.00ns)   --->   "%mrv = insertvalue { i8, i8, i8, i8 } undef, i8 %xor_ln257_2, 0" [../../refactored/helper.cpp:273]   --->   Operation 70 'insertvalue' 'mrv' <Predicate = true> <Delay = 0.00>
ST_3 : Operation 71 [1/1] (0.00ns)   --->   "%mrv_1 = insertvalue { i8, i8, i8, i8 } %mrv, i8 %xor_ln262_2, 1" [../../refactored/helper.cpp:273]   --->   Operation 71 'insertvalue' 'mrv_1' <Predicate = true> <Delay = 0.00>
ST_3 : Operation 72 [1/1] (0.00ns)   --->   "%mrv_2 = insertvalue { i8, i8, i8, i8 } %mrv_1, i8 %xor_ln267_2, 2" [../../refactored/helper.cpp:273]   --->   Operation 72 'insertvalue' 'mrv_2' <Predicate = true> <Delay = 0.00>
ST_3 : Operation 73 [1/1] (0.00ns)   --->   "%mrv_3 = insertvalue { i8, i8, i8, i8 } %mrv_2, i8 %xor_ln272_2, 3" [../../refactored/helper.cpp:273]   --->   Operation 73 'insertvalue' 'mrv_3' <Predicate = true> <Delay = 0.00>
ST_3 : Operation 74 [1/1] (0.00ns)   --->   "ret { i8, i8, i8, i8 } %mrv_3" [../../refactored/helper.cpp:273]   --->   Operation 74 'ret' <Predicate = true> <Delay = 0.00>


============================================================
+ Verbose Summary: Timing violations
============================================================
Target clock period: 10ns, clock uncertainty: 1.25ns.

 <State 1>: 1.77ns
The critical path consists of the following:
	multiplexor before 'phi' operation ('i') with incoming values : ('i', ../../refactored/helper.cpp:250) [15]  (1.77 ns)

 <State 2>: 3.87ns
The critical path consists of the following:
	'load' operation ('cpy_3_load', ../../refactored/helper.cpp:254) on local variable 'cpy[3]' [39]  (0 ns)
	'call' operation ('tmp', ../../refactored/helper.cpp:254) to 'galois_multiplicatio' [43]  (3.87 ns)

 <State 3>: 0.99ns
The critical path consists of the following:
	'call' operation ('tmp', ../../refactored/helper.cpp:254) to 'galois_multiplicatio' [43]  (0 ns)
	'xor' operation ('xor_ln257', ../../refactored/helper.cpp:257) [47]  (0 ns)
	'xor' operation ('column[0]', ../../refactored/helper.cpp:257) [49]  (0.99 ns)


============================================================
+ Verbose Summary: Binding
============================================================
N/A
* FSMD analyzer results:
  - Output states:
 - Input state : 
  - Chain level:
	State 1
	State 2
	State 3


============================================================
+ Verbose Summary: Datapath Resource usage 
============================================================
N/A
