

================================================================
== Vivado HLS Report for 'mixColumn'
================================================================
* Date:           Tue Dec  3 11:39:33 2024

* Version:        2019.2 (Build 2704478 on Wed Nov 06 22:10:23 MST 2019)
* Project:        p2peda.prj
* Solution:       solution1
* Product family: zynq
* Target device:  xc7z020-clg484-1


================================================================
== Performance Estimates
================================================================
+ Timing: 
    * Summary: 
    +--------+----------+----------+------------+
    |  Clock |  Target  | Estimated| Uncertainty|
    +--------+----------+----------+------------+
    |ap_clk  | 10.00 ns | 3.869 ns |   1.25 ns  |
    +--------+----------+----------+------------+

+ Latency: 
    * Summary: 
    +---------+---------+----------+----------+-----+-----+---------+
    |  Latency (cycles) |  Latency (absolute) |  Interval | Pipeline|
    |   min   |   max   |    min   |    max   | min | max |   Type  |
    +---------+---------+----------+----------+-----+-----+---------+
    |       15|       15| 0.150 us | 0.150 us |   15|   15|   none  |
    +---------+---------+----------+----------+-----+-----+---------+

    + Detail: 
        * Instance: 
        +---------------------------------+----------------------+---------+---------+-----------+-----------+-----+-----+---------+
        |                                 |                      |  Latency (cycles) |   Latency (absolute)  |  Interval | Pipeline|
        |             Instance            |        Module        |   min   |   max   |    min    |    max    | min | max |   Type  |
        +---------------------------------+----------------------+---------+---------+-----------+-----------+-----+-----+---------+
        |grp_galois_multiplicatio_fu_91   |galois_multiplicatio  |        9|        9| 90.000 ns | 90.000 ns |    9|    9|   none  |
        |grp_galois_multiplicatio_fu_98   |galois_multiplicatio  |        9|        9| 90.000 ns | 90.000 ns |    9|    9|   none  |
        |grp_galois_multiplicatio_fu_105  |galois_multiplicatio  |        9|        9| 90.000 ns | 90.000 ns |    9|    9|   none  |
        |grp_galois_multiplicatio_fu_112  |galois_multiplicatio  |        9|        9| 90.000 ns | 90.000 ns |    9|    9|   none  |
        |grp_galois_multiplicatio_fu_119  |galois_multiplicatio  |        9|        9| 90.000 ns | 90.000 ns |    9|    9|   none  |
        |grp_galois_multiplicatio_fu_126  |galois_multiplicatio  |        9|        9| 90.000 ns | 90.000 ns |    9|    9|   none  |
        |grp_galois_multiplicatio_fu_133  |galois_multiplicatio  |        9|        9| 90.000 ns | 90.000 ns |    9|    9|   none  |
        |grp_galois_multiplicatio_fu_140  |galois_multiplicatio  |        9|        9| 90.000 ns | 90.000 ns |    9|    9|   none  |
        |grp_galois_multiplicatio_fu_147  |galois_multiplicatio  |        9|        9| 90.000 ns | 90.000 ns |    9|    9|   none  |
        |grp_galois_multiplicatio_fu_154  |galois_multiplicatio  |        9|        9| 90.000 ns | 90.000 ns |    9|    9|   none  |
        |grp_galois_multiplicatio_fu_161  |galois_multiplicatio  |        9|        9| 90.000 ns | 90.000 ns |    9|    9|   none  |
        |grp_galois_multiplicatio_fu_168  |galois_multiplicatio  |        9|        9| 90.000 ns | 90.000 ns |    9|    9|   none  |
        +---------------------------------+----------------------+---------+---------+-----------+-----------+-----+-----+---------+

        * Loop: 
        +----------+---------+---------+----------+-----------+-----------+------+----------+
        |          |  Latency (cycles) | Iteration|  Initiation Interval  | Trip |          |
        | Loop Name|   min   |   max   |  Latency |  achieved |   target  | Count| Pipelined|
        +----------+---------+---------+----------+-----------+-----------+------+----------+
        |- Loop 1  |        4|        4|         1|          -|          -|     4|    no    |
        +----------+---------+---------+----------+-----------+-----------+------+----------+

============================================================
+ Verbose Summary: Synthesis Manager
============================================================
InlineROM: 1
ExposeGlobal: 0
============================================================
+ Verbose Summary: CDFG Model
============================================================
IsTopModel: 0
ResetActiveHigh: 1
IsCombinational: 0
IsDatapathOnly: 0
HasWiredReturn: 1
HasMFsm: 0
HasVarLatency: 1
IsPipeline: 0
IsRtlPipelined: 0
IsInstanceOverlapped: 0
IsDontTouch: 0
HasImplIP: 0
IsGatedGlobalClock: 0


============================================================
+ Verbose Summary: Schedule
============================================================
* Number of FSM states : 3
* Pipeline : 0
* Dataflow Pipeline: 0

* FSM state transitions: 
1 --> 2 
2 --> 3 2 
3 --> 

* FSM state operations: 

State 1 <SV = 0> <Delay = 1.76>
ST_1 : Operation 4 [1/1] (0.00ns)   --->   "%cpy_3 = alloca i8"   --->   Operation 4 'alloca' 'cpy_3' <Predicate = true> <Delay = 0.00>
ST_1 : Operation 5 [1/1] (0.00ns)   --->   "%cpy_3_1 = alloca i8"   --->   Operation 5 'alloca' 'cpy_3_1' <Predicate = true> <Delay = 0.00>
ST_1 : Operation 6 [1/1] (0.00ns)   --->   "%cpy_3_2 = alloca i8"   --->   Operation 6 'alloca' 'cpy_3_2' <Predicate = true> <Delay = 0.00>
ST_1 : Operation 7 [1/1] (0.00ns)   --->   "%cpy_3_3 = alloca i8"   --->   Operation 7 'alloca' 'cpy_3_3' <Predicate = true> <Delay = 0.00>
ST_1 : Operation 8 [1/1] (0.00ns)   --->   "%column_3_read_1 = call i8 @_ssdm_op_Read.ap_auto.i8(i8 %column_3_read)" [../../refactored/helper.cpp:246]   --->   Operation 8 'read' 'column_3_read_1' <Predicate = true> <Delay = 0.00>
ST_1 : Operation 9 [1/1] (0.00ns)   --->   "%column_2_read_1 = call i8 @_ssdm_op_Read.ap_auto.i8(i8 %column_2_read)" [../../refactored/helper.cpp:246]   --->   Operation 9 'read' 'column_2_read_1' <Predicate = true> <Delay = 0.00>
ST_1 : Operation 10 [1/1] (0.00ns)   --->   "%column_1_read_1 = call i8 @_ssdm_op_Read.ap_auto.i8(i8 %column_1_read)" [../../refactored/helper.cpp:246]   --->   Operation 10 'read' 'column_1_read_1' <Predicate = true> <Delay = 0.00>
ST_1 : Operation 11 [1/1] (0.00ns)   --->   "%column_0_read_1 = call i8 @_ssdm_op_Read.ap_auto.i8(i8 %column_0_read)" [../../refactored/helper.cpp:246]   --->   Operation 11 'read' 'column_0_read_1' <Predicate = true> <Delay = 0.00>
ST_1 : Operation 12 [1/1] (1.76ns)   --->   "br label %branch0" [../../refactored/helper.cpp:250]   --->   Operation 12 'br' <Predicate = true> <Delay = 1.76>

State 2 <SV = 1> <Delay = 3.86>
ST_2 : Operation 13 [1/1] (0.00ns)   --->   "%i_0 = phi i3 [ 0, %0 ], [ %i, %branch0.backedge ]"   --->   Operation 13 'phi' 'i_0' <Predicate = true> <Delay = 0.00>
ST_2 : Operation 14 [1/1] (1.13ns)   --->   "%icmp_ln250 = icmp eq i3 %i_0, -4" [../../refactored/helper.cpp:250]   --->   Operation 14 'icmp' 'icmp_ln250' <Predicate = true> <Delay = 1.13> <Core = "Cmp">   --->   Core 25 'Cmp' <Latency = 0> <II = 1> <Delay = 1.13> <FuncUnit> <Opcode : 'icmp'> <InPorts = 2> <OutPorts = 1>
ST_2 : Operation 15 [1/1] (0.00ns)   --->   "%empty = call i32 (...)* @_ssdm_op_SpecLoopTripCount(i64 4, i64 4, i64 4)"   --->   Operation 15 'speclooptripcount' 'empty' <Predicate = true> <Delay = 0.00>
ST_2 : Operation 16 [1/1] (1.65ns)   --->   "%i = add i3 %i_0, 1" [../../refactored/helper.cpp:250]   --->   Operation 16 'add' 'i' <Predicate = true> <Delay = 1.65> <Core = "AddSub">   --->   Core 14 'AddSub' <Latency = 0> <II = 1> <Delay = 1.65> <FuncUnit> <Opcode : 'add' 'sub'> <InPorts = 2> <OutPorts = 1>
ST_2 : Operation 17 [1/1] (0.00ns)   --->   "br i1 %icmp_ln250, label %2, label %1" [../../refactored/helper.cpp:250]   --->   Operation 17 'br' <Predicate = true> <Delay = 0.00>
ST_2 : Operation 18 [1/1] (0.00ns)   --->   "%trunc_ln252 = trunc i3 %i_0 to i2" [../../refactored/helper.cpp:252]   --->   Operation 18 'trunc' 'trunc_ln252' <Predicate = (!icmp_ln250)> <Delay = 0.00>
ST_2 : Operation 19 [1/1] (1.95ns)   --->   "%cpy_0 = call i8 @_ssdm_op_Mux.ap_auto.4i8.i2(i8 %column_0_read_1, i8 %column_1_read_1, i8 %column_2_read_1, i8 %column_3_read_1, i2 %trunc_ln252)" [../../refactored/helper.cpp:252]   --->   Operation 19 'mux' 'cpy_0' <Predicate = (!icmp_ln250)> <Delay = 1.95> <Core = "MuxnS">   --->   Core 31 'MuxnS' <Latency = 0> <II = 1> <Delay = 1.95> <FuncUnit> <Opcode : 'mux'> <InPorts = 2> <OutPorts = 1>
ST_2 : Operation 20 [1/1] (1.30ns)   --->   "switch i2 %trunc_ln252, label %branch3 [
    i2 0, label %.branch0.backedge_crit_edge
    i2 1, label %branch1
    i2 -2, label %branch2
  ]" [../../refactored/helper.cpp:252]   --->   Operation 20 'switch' <Predicate = (!icmp_ln250)> <Delay = 1.30>
ST_2 : Operation 21 [1/1] (0.00ns)   --->   "store i8 %cpy_0, i8* %cpy_3_2" [../../refactored/helper.cpp:252]   --->   Operation 21 'store' <Predicate = (!icmp_ln250 & trunc_ln252 == 2)> <Delay = 0.00>
ST_2 : Operation 22 [1/1] (0.00ns)   --->   "br label %branch0.backedge" [../../refactored/helper.cpp:252]   --->   Operation 22 'br' <Predicate = (!icmp_ln250 & trunc_ln252 == 2)> <Delay = 0.00>
ST_2 : Operation 23 [1/1] (0.00ns)   --->   "store i8 %cpy_0, i8* %cpy_3_1" [../../refactored/helper.cpp:252]   --->   Operation 23 'store' <Predicate = (!icmp_ln250 & trunc_ln252 == 1)> <Delay = 0.00>
ST_2 : Operation 24 [1/1] (0.00ns)   --->   "br label %branch0.backedge" [../../refactored/helper.cpp:252]   --->   Operation 24 'br' <Predicate = (!icmp_ln250 & trunc_ln252 == 1)> <Delay = 0.00>
ST_2 : Operation 25 [1/1] (0.00ns)   --->   "store i8 %cpy_0, i8* %cpy_3" [../../refactored/helper.cpp:252]   --->   Operation 25 'store' <Predicate = (!icmp_ln250 & trunc_ln252 == 0)> <Delay = 0.00>
ST_2 : Operation 26 [1/1] (0.00ns)   --->   "br label %branch0.backedge" [../../refactored/helper.cpp:252]   --->   Operation 26 'br' <Predicate = (!icmp_ln250 & trunc_ln252 == 0)> <Delay = 0.00>
ST_2 : Operation 27 [1/1] (0.00ns)   --->   "store i8 %cpy_0, i8* %cpy_3_3" [../../refactored/helper.cpp:252]   --->   Operation 27 'store' <Predicate = (!icmp_ln250 & trunc_ln252 == 3)> <Delay = 0.00>
ST_2 : Operation 28 [1/1] (0.00ns)   --->   "br label %branch0.backedge" [../../refactored/helper.cpp:252]   --->   Operation 28 'br' <Predicate = (!icmp_ln250 & trunc_ln252 == 3)> <Delay = 0.00>
ST_2 : Operation 29 [1/1] (0.00ns)   --->   "br label %branch0"   --->   Operation 29 'br' <Predicate = (!icmp_ln250)> <Delay = 0.00>
ST_2 : Operation 30 [1/1] (0.00ns)   --->   "%cpy_3_load = load i8* %cpy_3" [../../refactored/helper.cpp:254]   --->   Operation 30 'load' 'cpy_3_load' <Predicate = (icmp_ln250)> <Delay = 0.00>
ST_2 : Operation 31 [1/1] (0.00ns)   --->   "%cpy_3_1_load = load i8* %cpy_3_1" [../../refactored/helper.cpp:257]   --->   Operation 31 'load' 'cpy_3_1_load' <Predicate = (icmp_ln250)> <Delay = 0.00>
ST_2 : Operation 32 [1/1] (0.00ns)   --->   "%cpy_3_2_load = load i8* %cpy_3_2" [../../refactored/helper.cpp:256]   --->   Operation 32 'load' 'cpy_3_2_load' <Predicate = (icmp_ln250)> <Delay = 0.00>
ST_2 : Operation 33 [1/1] (0.00ns)   --->   "%cpy_3_3_load = load i8* %cpy_3_3" [../../refactored/helper.cpp:255]   --->   Operation 33 'load' 'cpy_3_3_load' <Predicate = (icmp_ln250)> <Delay = 0.00>
ST_2 : Operation 34 [2/2] (3.86ns)   --->   "%tmp = call fastcc zeroext i8 @galois_multiplicatio(i8 zeroext %cpy_3_load, i5 zeroext 2)" [../../refactored/helper.cpp:254]   --->   Operation 34 'call' 'tmp' <Predicate = (icmp_ln250)> <Delay = 3.86> <CoreType = "Generic">   --->   Core 0 '' <Latency = 0> <II = 1> <Delay = 1.00> <Generic> <Opcode : >
ST_2 : Operation 35 [2/2] (3.86ns)   --->   "%tmp_3 = call fastcc zeroext i8 @galois_multiplicatio(i8 zeroext %cpy_3_3_load, i5 zeroext 1)" [../../refactored/helper.cpp:255]   --->   Operation 35 'call' 'tmp_3' <Predicate = (icmp_ln250)> <Delay = 3.86> <CoreType = "Generic">   --->   Core 0 '' <Latency = 0> <II = 1> <Delay = 1.00> <Generic> <Opcode : >
ST_2 : Operation 36 [2/2] (3.86ns)   --->   "%tmp_4 = call fastcc zeroext i8 @galois_multiplicatio(i8 zeroext %cpy_3_2_load, i5 zeroext 1)" [../../refactored/helper.cpp:256]   --->   Operation 36 'call' 'tmp_4' <Predicate = (icmp_ln250)> <Delay = 3.86> <CoreType = "Generic">   --->   Core 0 '' <Latency = 0> <II = 1> <Delay = 1.00> <Generic> <Opcode : >
ST_2 : Operation 37 [2/2] (3.86ns)   --->   "%tmp_5 = call fastcc zeroext i8 @galois_multiplicatio(i8 zeroext %cpy_3_1_load, i5 zeroext 3)" [../../refactored/helper.cpp:257]   --->   Operation 37 'call' 'tmp_5' <Predicate = (icmp_ln250)> <Delay = 3.86> <CoreType = "Generic">   --->   Core 0 '' <Latency = 0> <II = 1> <Delay = 1.00> <Generic> <Opcode : >
ST_2 : Operation 38 [2/2] (3.86ns)   --->   "%tmp_6 = call fastcc zeroext i8 @galois_multiplicatio(i8 zeroext %cpy_3_1_load, i5 zeroext 2)" [../../refactored/helper.cpp:259]   --->   Operation 38 'call' 'tmp_6' <Predicate = (icmp_ln250)> <Delay = 3.86> <CoreType = "Generic">   --->   Core 0 '' <Latency = 0> <II = 1> <Delay = 1.00> <Generic> <Opcode : >
ST_2 : Operation 39 [2/2] (3.86ns)   --->   "%tmp_7 = call fastcc zeroext i8 @galois_multiplicatio(i8 zeroext %cpy_3_load, i5 zeroext 1)" [../../refactored/helper.cpp:260]   --->   Operation 39 'call' 'tmp_7' <Predicate = (icmp_ln250)> <Delay = 3.86> <CoreType = "Generic">   --->   Core 0 '' <Latency = 0> <II = 1> <Delay = 1.00> <Generic> <Opcode : >
ST_2 : Operation 40 [2/2] (3.86ns)   --->   "%tmp_9 = call fastcc zeroext i8 @galois_multiplicatio(i8 zeroext %cpy_3_2_load, i5 zeroext 3)" [../../refactored/helper.cpp:262]   --->   Operation 40 'call' 'tmp_9' <Predicate = (icmp_ln250)> <Delay = 3.86> <CoreType = "Generic">   --->   Core 0 '' <Latency = 0> <II = 1> <Delay = 1.00> <Generic> <Opcode : >
ST_2 : Operation 41 [2/2] (3.86ns)   --->   "%tmp_s = call fastcc zeroext i8 @galois_multiplicatio(i8 zeroext %cpy_3_2_load, i5 zeroext 2)" [../../refactored/helper.cpp:264]   --->   Operation 41 'call' 'tmp_s' <Predicate = (icmp_ln250)> <Delay = 3.86> <CoreType = "Generic">   --->   Core 0 '' <Latency = 0> <II = 1> <Delay = 1.00> <Generic> <Opcode : >
ST_2 : Operation 42 [2/2] (3.86ns)   --->   "%tmp_1 = call fastcc zeroext i8 @galois_multiplicatio(i8 zeroext %cpy_3_1_load, i5 zeroext 1)" [../../refactored/helper.cpp:265]   --->   Operation 42 'call' 'tmp_1' <Predicate = (icmp_ln250)> <Delay = 3.86> <CoreType = "Generic">   --->   Core 0 '' <Latency = 0> <II = 1> <Delay = 1.00> <Generic> <Opcode : >
ST_2 : Operation 43 [2/2] (3.86ns)   --->   "%tmp_2 = call fastcc zeroext i8 @galois_multiplicatio(i8 zeroext %cpy_3_3_load, i5 zeroext 3)" [../../refactored/helper.cpp:267]   --->   Operation 43 'call' 'tmp_2' <Predicate = (icmp_ln250)> <Delay = 3.86> <CoreType = "Generic">   --->   Core 0 '' <Latency = 0> <II = 1> <Delay = 1.00> <Generic> <Opcode : >
ST_2 : Operation 44 [2/2] (3.86ns)   --->   "%tmp_8 = call fastcc zeroext i8 @galois_multiplicatio(i8 zeroext %cpy_3_3_load, i5 zeroext 2)" [../../refactored/helper.cpp:269]   --->   Operation 44 'call' 'tmp_8' <Predicate = (icmp_ln250)> <Delay = 3.86> <CoreType = "Generic">   --->   Core 0 '' <Latency = 0> <II = 1> <Delay = 1.00> <Generic> <Opcode : >
ST_2 : Operation 45 [2/2] (3.86ns)   --->   "%tmp_10 = call fastcc zeroext i8 @galois_multiplicatio(i8 zeroext %cpy_3_load, i5 zeroext 3)" [../../refactored/helper.cpp:272]   --->   Operation 45 'call' 'tmp_10' <Predicate = (icmp_ln250)> <Delay = 3.86> <CoreType = "Generic">   --->   Core 0 '' <Latency = 0> <II = 1> <Delay = 1.00> <Generic> <Opcode : >

State 3 <SV = 2> <Delay = 0.99>
ST_3 : Operation 46 [1/2] (0.00ns)   --->   "%tmp = call fastcc zeroext i8 @galois_multiplicatio(i8 zeroext %cpy_3_load, i5 zeroext 2)" [../../refactored/helper.cpp:254]   --->   Operation 46 'call' 'tmp' <Predicate = true> <Delay = 0.00> <CoreType = "Generic">   --->   Core 0 '' <Latency = 0> <II = 1> <Delay = 1.00> <Generic> <Opcode : >
ST_3 : Operation 47 [1/2] (0.00ns)   --->   "%tmp_3 = call fastcc zeroext i8 @galois_multiplicatio(i8 zeroext %cpy_3_3_load, i5 zeroext 1)" [../../refactored/helper.cpp:255]   --->   Operation 47 'call' 'tmp_3' <Predicate = true> <Delay = 0.00> <CoreType = "Generic">   --->   Core 0 '' <Latency = 0> <II = 1> <Delay = 1.00> <Generic> <Opcode : >
ST_3 : Operation 48 [1/2] (0.00ns)   --->   "%tmp_4 = call fastcc zeroext i8 @galois_multiplicatio(i8 zeroext %cpy_3_2_load, i5 zeroext 1)" [../../refactored/helper.cpp:256]   --->   Operation 48 'call' 'tmp_4' <Predicate = true> <Delay = 0.00> <CoreType = "Generic">   --->   Core 0 '' <Latency = 0> <II = 1> <Delay = 1.00> <Generic> <Opcode : >
ST_3 : Operation 49 [1/2] (0.00ns)   --->   "%tmp_5 = call fastcc zeroext i8 @galois_multiplicatio(i8 zeroext %cpy_3_1_load, i5 zeroext 3)" [../../refactored/helper.cpp:257]   --->   Operation 49 'call' 'tmp_5' <Predicate = true> <Delay = 0.00> <CoreType = "Generic">   --->   Core 0 '' <Latency = 0> <II = 1> <Delay = 1.00> <Generic> <Opcode : >
ST_3 : Operation 50 [1/1] (0.00ns) (grouped into LUT with out node xor_ln257_2)   --->   "%xor_ln257 = xor i8 %tmp_3, %tmp" [../../refactored/helper.cpp:257]   --->   Operation 50 'xor' 'xor_ln257' <Predicate = true> <Delay = 0.00> <Core = "LogicGate">   --->   Core 27 'LogicGate' <Latency = 0> <II = 1> <Delay = 0.99> <FuncUnit> <Opcode : 'and' 'or' 'xor'> <InPorts = 2> <OutPorts = 1>
ST_3 : Operation 51 [1/1] (0.00ns) (grouped into LUT with out node xor_ln257_2)   --->   "%xor_ln257_1 = xor i8 %tmp_4, %tmp_5" [../../refactored/helper.cpp:257]   --->   Operation 51 'xor' 'xor_ln257_1' <Predicate = true> <Delay = 0.00> <Core = "LogicGate">   --->   Core 27 'LogicGate' <Latency = 0> <II = 1> <Delay = 0.99> <FuncUnit> <Opcode : 'and' 'or' 'xor'> <InPorts = 2> <OutPorts = 1>
ST_3 : Operation 52 [1/1] (0.99ns) (out node of the LUT)   --->   "%xor_ln257_2 = xor i8 %xor_ln257_1, %xor_ln257" [../../refactored/helper.cpp:257]   --->   Operation 52 'xor' 'xor_ln257_2' <Predicate = true> <Delay = 0.99> <Core = "LogicGate">   --->   Core 27 'LogicGate' <Latency = 0> <II = 1> <Delay = 0.99> <FuncUnit> <Opcode : 'and' 'or' 'xor'> <InPorts = 2> <OutPorts = 1>
ST_3 : Operation 53 [1/2] (0.00ns)   --->   "%tmp_6 = call fastcc zeroext i8 @galois_multiplicatio(i8 zeroext %cpy_3_1_load, i5 zeroext 2)" [../../refactored/helper.cpp:259]   --->   Operation 53 'call' 'tmp_6' <Predicate = true> <Delay = 0.00> <CoreType = "Generic">   --->   Core 0 '' <Latency = 0> <II = 1> <Delay = 1.00> <Generic> <Opcode : >
ST_3 : Operation 54 [1/2] (0.00ns)   --->   "%tmp_7 = call fastcc zeroext i8 @galois_multiplicatio(i8 zeroext %cpy_3_load, i5 zeroext 1)" [../../refactored/helper.cpp:260]   --->   Operation 54 'call' 'tmp_7' <Predicate = true> <Delay = 0.00> <CoreType = "Generic">   --->   Core 0 '' <Latency = 0> <II = 1> <Delay = 1.00> <Generic> <Opcode : >
ST_3 : Operation 55 [1/2] (0.00ns)   --->   "%tmp_9 = call fastcc zeroext i8 @galois_multiplicatio(i8 zeroext %cpy_3_2_load, i5 zeroext 3)" [../../refactored/helper.cpp:262]   --->   Operation 55 'call' 'tmp_9' <Predicate = true> <Delay = 0.00> <CoreType = "Generic">   --->   Core 0 '' <Latency = 0> <II = 1> <Delay = 1.00> <Generic> <Opcode : >
ST_3 : Operation 56 [1/1] (0.00ns) (grouped into LUT with out node xor_ln262_2)   --->   "%xor_ln262 = xor i8 %tmp_7, %tmp_6" [../../refactored/helper.cpp:262]   --->   Operation 56 'xor' 'xor_ln262' <Predicate = true> <Delay = 0.00> <Core = "LogicGate">   --->   Core 27 'LogicGate' <Latency = 0> <II = 1> <Delay = 0.99> <FuncUnit> <Opcode : 'and' 'or' 'xor'> <InPorts = 2> <OutPorts = 1>
ST_3 : Operation 57 [1/1] (0.00ns) (grouped into LUT with out node xor_ln262_2)   --->   "%xor_ln262_1 = xor i8 %tmp_3, %tmp_9" [../../refactored/helper.cpp:262]   --->   Operation 57 'xor' 'xor_ln262_1' <Predicate = true> <Delay = 0.00> <Core = "LogicGate">   --->   Core 27 'LogicGate' <Latency = 0> <II = 1> <Delay = 0.99> <FuncUnit> <Opcode : 'and' 'or' 'xor'> <InPorts = 2> <OutPorts = 1>
ST_3 : Operation 58 [1/1] (0.99ns) (out node of the LUT)   --->   "%xor_ln262_2 = xor i8 %xor_ln262_1, %xor_ln262" [../../refactored/helper.cpp:262]   --->   Operation 58 'xor' 'xor_ln262_2' <Predicate = true> <Delay = 0.99> <Core = "LogicGate">   --->   Core 27 'LogicGate' <Latency = 0> <II = 1> <Delay = 0.99> <FuncUnit> <Opcode : 'and' 'or' 'xor'> <InPorts = 2> <OutPorts = 1>
ST_3 : Operation 59 [1/2] (0.00ns)   --->   "%tmp_s = call fastcc zeroext i8 @galois_multiplicatio(i8 zeroext %cpy_3_2_load, i5 zeroext 2)" [../../refactored/helper.cpp:264]   --->   Operation 59 'call' 'tmp_s' <Predicate = true> <Delay = 0.00> <CoreType = "Generic">   --->   Core 0 '' <Latency = 0> <II = 1> <Delay = 1.00> <Generic> <Opcode : >
ST_3 : Operation 60 [1/2] (0.00ns)   --->   "%tmp_1 = call fastcc zeroext i8 @galois_multiplicatio(i8 zeroext %cpy_3_1_load, i5 zeroext 1)" [../../refactored/helper.cpp:265]   --->   Operation 60 'call' 'tmp_1' <Predicate = true> <Delay = 0.00> <CoreType = "Generic">   --->   Core 0 '' <Latency = 0> <II = 1> <Delay = 1.00> <Generic> <Opcode : >
ST_3 : Operation 61 [1/2] (0.00ns)   --->   "%tmp_2 = call fastcc zeroext i8 @galois_multiplicatio(i8 zeroext %cpy_3_3_load, i5 zeroext 3)" [../../refactored/helper.cpp:267]   --->   Operation 61 'call' 'tmp_2' <Predicate = true> <Delay = 0.00> <CoreType = "Generic">   --->   Core 0 '' <Latency = 0> <II = 1> <Delay = 1.00> <Generic> <Opcode : >
ST_3 : Operation 62 [1/1] (0.00ns) (grouped into LUT with out node xor_ln267_2)   --->   "%xor_ln267 = xor i8 %tmp_1, %tmp_s" [../../refactored/helper.cpp:267]   --->   Operation 62 'xor' 'xor_ln267' <Predicate = true> <Delay = 0.00> <Core = "LogicGate">   --->   Core 27 'LogicGate' <Latency = 0> <II = 1> <Delay = 0.99> <FuncUnit> <Opcode : 'and' 'or' 'xor'> <InPorts = 2> <OutPorts = 1>
ST_3 : Operation 63 [1/1] (0.00ns) (grouped into LUT with out node xor_ln267_2)   --->   "%xor_ln267_1 = xor i8 %tmp_7, %tmp_2" [../../refactored/helper.cpp:267]   --->   Operation 63 'xor' 'xor_ln267_1' <Predicate = true> <Delay = 0.00> <Core = "LogicGate">   --->   Core 27 'LogicGate' <Latency = 0> <II = 1> <Delay = 0.99> <FuncUnit> <Opcode : 'and' 'or' 'xor'> <InPorts = 2> <OutPorts = 1>
ST_3 : Operation 64 [1/1] (0.99ns) (out node of the LUT)   --->   "%xor_ln267_2 = xor i8 %xor_ln267_1, %xor_ln267" [../../refactored/helper.cpp:267]   --->   Operation 64 'xor' 'xor_ln267_2' <Predicate = true> <Delay = 0.99> <Core = "LogicGate">   --->   Core 27 'LogicGate' <Latency = 0> <II = 1> <Delay = 0.99> <FuncUnit> <Opcode : 'and' 'or' 'xor'> <InPorts = 2> <OutPorts = 1>
ST_3 : Operation 65 [1/2] (0.00ns)   --->   "%tmp_8 = call fastcc zeroext i8 @galois_multiplicatio(i8 zeroext %cpy_3_3_load, i5 zeroext 2)" [../../refactored/helper.cpp:269]   --->   Operation 65 'call' 'tmp_8' <Predicate = true> <Delay = 0.00> <CoreType = "Generic">   --->   Core 0 '' <Latency = 0> <II = 1> <Delay = 1.00> <Generic> <Opcode : >
ST_3 : Operation 66 [1/2] (0.00ns)   --->   "%tmp_10 = call fastcc zeroext i8 @galois_multiplicatio(i8 zeroext %cpy_3_load, i5 zeroext 3)" [../../refactored/helper.cpp:272]   --->   Operation 66 'call' 'tmp_10' <Predicate = true> <Delay = 0.00> <CoreType = "Generic">   --->   Core 0 '' <Latency = 0> <II = 1> <Delay = 1.00> <Generic> <Opcode : >
ST_3 : Operation 67 [1/1] (0.00ns) (grouped into LUT with out node xor_ln272_2)   --->   "%xor_ln272 = xor i8 %tmp_4, %tmp_8" [../../refactored/helper.cpp:272]   --->   Operation 67 'xor' 'xor_ln272' <Predicate = true> <Delay = 0.00> <Core = "LogicGate">   --->   Core 27 'LogicGate' <Latency = 0> <II = 1> <Delay = 0.99> <FuncUnit> <Opcode : 'and' 'or' 'xor'> <InPorts = 2> <OutPorts = 1>
ST_3 : Operation 68 [1/1] (0.00ns) (grouped into LUT with out node xor_ln272_2)   --->   "%xor_ln272_1 = xor i8 %tmp_1, %tmp_10" [../../refactored/helper.cpp:272]   --->   Operation 68 'xor' 'xor_ln272_1' <Predicate = true> <Delay = 0.00> <Core = "LogicGate">   --->   Core 27 'LogicGate' <Latency = 0> <II = 1> <Delay = 0.99> <FuncUnit> <Opcode : 'and' 'or' 'xor'> <InPorts = 2> <OutPorts = 1>
ST_3 : Operation 69 [1/1] (0.99ns) (out node of the LUT)   --->   "%xor_ln272_2 = xor i8 %xor_ln272_1, %xor_ln272" [../../refactored/helper.cpp:272]   --->   Operation 69 'xor' 'xor_ln272_2' <Predicate = true> <Delay = 0.99> <Core = "LogicGate">   --->   Core 27 'LogicGate' <Latency = 0> <II = 1> <Delay = 0.99> <FuncUnit> <Opcode : 'and' 'or' 'xor'> <InPorts = 2> <OutPorts = 1>
ST_3 : Operation 70 [1/1] (0.00ns)   --->   "%mrv = insertvalue { i8, i8, i8, i8 } undef, i8 %xor_ln257_2, 0" [../../refactored/helper.cpp:273]   --->   Operation 70 'insertvalue' 'mrv' <Predicate = true> <Delay = 0.00>
ST_3 : Operation 71 [1/1] (0.00ns)   --->   "%mrv_1 = insertvalue { i8, i8, i8, i8 } %mrv, i8 %xor_ln262_2, 1" [../../refactored/helper.cpp:273]   --->   Operation 71 'insertvalue' 'mrv_1' <Predicate = true> <Delay = 0.00>
ST_3 : Operation 72 [1/1] (0.00ns)   --->   "%mrv_2 = insertvalue { i8, i8, i8, i8 } %mrv_1, i8 %xor_ln267_2, 2" [../../refactored/helper.cpp:273]   --->   Operation 72 'insertvalue' 'mrv_2' <Predicate = true> <Delay = 0.00>
ST_3 : Operation 73 [1/1] (0.00ns)   --->   "%mrv_3 = insertvalue { i8, i8, i8, i8 } %mrv_2, i8 %xor_ln272_2, 3" [../../refactored/helper.cpp:273]   --->   Operation 73 'insertvalue' 'mrv_3' <Predicate = true> <Delay = 0.00>
ST_3 : Operation 74 [1/1] (0.00ns)   --->   "ret { i8, i8, i8, i8 } %mrv_3" [../../refactored/helper.cpp:273]   --->   Operation 74 'ret' <Predicate = true> <Delay = 0.00>


============================================================
+ Verbose Summary: Binding
============================================================
STG Binding: 
---------------- STG Properties BEGIN ----------------
- Is combinational: 0
- Is one-state seq: 0
- Is datapath-only: 0
- Is pipelined: 0
- Is top level: 0
Port [ Return ] is wired: 1; IO mode=ap_ctrl_hs:ce=0
Port [ column_0_read]:  wired=1; compound=0; hidden=0; nouse=0; global=0; static=0; extern=0; dir=0; type=0; pingpong=0; private_global=0; IO mode=ap_none:ce=0
Port [ column_1_read]:  wired=1; compound=0; hidden=0; nouse=0; global=0; static=0; extern=0; dir=0; type=0; pingpong=0; private_global=0; IO mode=ap_none:ce=0
Port [ column_2_read]:  wired=1; compound=0; hidden=0; nouse=0; global=0; static=0; extern=0; dir=0; type=0; pingpong=0; private_global=0; IO mode=ap_none:ce=0
Port [ column_3_read]:  wired=1; compound=0; hidden=0; nouse=0; global=0; static=0; extern=0; dir=0; type=0; pingpong=0; private_global=0; IO mode=ap_none:ce=0
---------------- STG Properties END ------------------

---------------- Datapath Model BEGIN ----------------

<LifeTime>
<method=bitvector/>
cpy_3           (alloca           ) [ 0010]
cpy_3_1         (alloca           ) [ 0010]
cpy_3_2         (alloca           ) [ 0010]
cpy_3_3         (alloca           ) [ 0010]
column_3_read_1 (read             ) [ 0010]
column_2_read_1 (read             ) [ 0010]
column_1_read_1 (read             ) [ 0010]
column_0_read_1 (read             ) [ 0010]
br_ln250        (br               ) [ 0110]
i_0             (phi              ) [ 0010]
icmp_ln250      (icmp             ) [ 0010]
empty           (speclooptripcount) [ 0000]
i               (add              ) [ 0110]
br_ln250        (br               ) [ 0000]
trunc_ln252     (trunc            ) [ 0010]
cpy_0           (mux              ) [ 0000]
switch_ln252    (switch           ) [ 0000]
store_ln252     (store            ) [ 0000]
br_ln252        (br               ) [ 0000]
store_ln252     (store            ) [ 0000]
br_ln252        (br               ) [ 0000]
store_ln252     (store            ) [ 0000]
br_ln252        (br               ) [ 0000]
store_ln252     (store            ) [ 0000]
br_ln252        (br               ) [ 0000]
br_ln0          (br               ) [ 0110]
cpy_3_load      (load             ) [ 0001]
cpy_3_1_load    (load             ) [ 0001]
cpy_3_2_load    (load             ) [ 0001]
cpy_3_3_load    (load             ) [ 0001]
tmp             (call             ) [ 0000]
tmp_3           (call             ) [ 0000]
tmp_4           (call             ) [ 0000]
tmp_5           (call             ) [ 0000]
xor_ln257       (xor              ) [ 0000]
xor_ln257_1     (xor              ) [ 0000]
xor_ln257_2     (xor              ) [ 0000]
tmp_6           (call             ) [ 0000]
tmp_7           (call             ) [ 0000]
tmp_9           (call             ) [ 0000]
xor_ln262       (xor              ) [ 0000]
xor_ln262_1     (xor              ) [ 0000]
xor_ln262_2     (xor              ) [ 0000]
tmp_s           (call             ) [ 0000]
tmp_1           (call             ) [ 0000]
tmp_2           (call             ) [ 0000]
xor_ln267       (xor              ) [ 0000]
xor_ln267_1     (xor              ) [ 0000]
xor_ln267_2     (xor              ) [ 0000]
tmp_8           (call             ) [ 0000]
tmp_10          (call             ) [ 0000]
xor_ln272       (xor              ) [ 0000]
xor_ln272_1     (xor              ) [ 0000]
xor_ln272_2     (xor              ) [ 0000]
mrv             (insertvalue      ) [ 0000]
mrv_1           (insertvalue      ) [ 0000]
mrv_2           (insertvalue      ) [ 0000]
mrv_3           (insertvalue      ) [ 0000]
ret_ln273       (ret              ) [ 0000]
</LifeTime>

<model>

<comp_list>
<comp id="0" class="1000" name="column_0_read">
<pin_list>
<pin id="1" dir="1" index="0" bw="1" slack="0"/>
</pin_list>
<bind>
<StgValue><ssdm name="column_0_read"/></StgValue>
</bind>
</comp>

<comp id="2" class="1000" name="column_1_read">
<pin_list>
<pin id="3" dir="1" index="0" bw="1" slack="0"/>
</pin_list>
<bind>
<StgValue><ssdm name="column_1_read"/></StgValue>
</bind>
</comp>

<comp id="4" class="1000" name="column_2_read">
<pin_list>
<pin id="5" dir="1" index="0" bw="1" slack="0"/>
</pin_list>
<bind>
<StgValue><ssdm name="column_2_read"/></StgValue>
</bind>
</comp>

<comp id="6" class="1000" name="column_3_read">
<pin_list>
<pin id="7" dir="1" index="0" bw="1" slack="0"/>
</pin_list>
<bind>
<StgValue><ssdm name="column_3_read"/></StgValue>
</bind>
</comp>

<comp id="8" class="1001" name="const_8">
<pin_list>
<pin id="9" dir="1" index="0" bw="1" slack="0"/>
</pin_list>
<bind>
<StgValue><ssdm name=""/></StgValue>
</bind>
</comp>

<comp id="10" class="1001" name="const_10">
<pin_list>
<pin id="11" dir="1" index="0" bw="1" slack="0"/>
</pin_list>
<bind>
<StgValue><ssdm name="_ssdm_op_Read.ap_auto.i8"/></StgValue>
</bind>
</comp>

<comp id="12" class="1001" name="const_12">
<pin_list>
<pin id="13" dir="1" index="0" bw="1" slack="1"/>
</pin_list>
<bind>
<StgValue><ssdm name=""/></StgValue>
</bind>
</comp>

<comp id="14" class="1001" name="const_14">
<pin_list>
<pin id="15" dir="1" index="0" bw="1" slack="0"/>
</pin_list>
<bind>
<StgValue><ssdm name=""/></StgValue>
</bind>
</comp>

<comp id="16" class="1001" name="const_16">
<pin_list>
<pin id="17" dir="1" index="0" bw="1" slack="2147483647"/>
</pin_list>
<bind>
<StgValue><ssdm name="_ssdm_op_SpecLoopTripCount"/></StgValue>
</bind>
</comp>

<comp id="18" class="1001" name="const_18">
<pin_list>
<pin id="19" dir="1" index="0" bw="1" slack="2147483647"/>
</pin_list>
<bind>
<StgValue><ssdm name=""/></StgValue>
</bind>
</comp>

<comp id="20" class="1001" name="const_20">
<pin_list>
<pin id="21" dir="1" index="0" bw="1" slack="0"/>
</pin_list>
<bind>
<StgValue><ssdm name=""/></StgValue>
</bind>
</comp>

<comp id="22" class="1001" name="const_22">
<pin_list>
<pin id="23" dir="1" index="0" bw="1" slack="0"/>
</pin_list>
<bind>
<StgValue><ssdm name="_ssdm_op_Mux.ap_auto.4i8.i2"/></StgValue>
</bind>
</comp>

<comp id="24" class="1001" name="const_24">
<pin_list>
<pin id="25" dir="1" index="0" bw="1" slack="2147483647"/>
</pin_list>
<bind>
<StgValue><ssdm name=""/></StgValue>
</bind>
</comp>

<comp id="26" class="1001" name="const_26">
<pin_list>
<pin id="27" dir="1" index="0" bw="1" slack="2147483647"/>
</pin_list>
<bind>
<StgValue><ssdm name=""/></StgValue>
</bind>
</comp>

<comp id="28" class="1001" name="const_28">
<pin_list>
<pin id="29" dir="1" index="0" bw="1" slack="2147483647"/>
</pin_list>
<bind>
<StgValue><ssdm name=""/></StgValue>
</bind>
</comp>

<comp id="30" class="1001" name="const_30">
<pin_list>
<pin id="31" dir="1" index="0" bw="1" slack="0"/>
</pin_list>
<bind>
<StgValue><ssdm name="galois_multiplicatio"/></StgValue>
</bind>
</comp>

<comp id="32" class="1001" name="const_32">
<pin_list>
<pin id="33" dir="1" index="0" bw="1" slack="0"/>
</pin_list>
<bind>
<StgValue><ssdm name=""/></StgValue>
</bind>
</comp>

<comp id="34" class="1001" name="const_34">
<pin_list>
<pin id="35" dir="1" index="0" bw="1" slack="0"/>
</pin_list>
<bind>
<StgValue><ssdm name=""/></StgValue>
</bind>
</comp>

<comp id="36" class="1001" name="const_36">
<pin_list>
<pin id="37" dir="1" index="0" bw="1" slack="0"/>
</pin_list>
<bind>
<StgValue><ssdm name=""/></StgValue>
</bind>
</comp>

<comp id="38" class="1001" name="const_38">
<pin_list>
<pin id="39" dir="1" index="0" bw="1" slack="0"/>
</pin_list>
<bind>
<StgValue><ssdm name=""/></StgValue>
</bind>
</comp>

<comp id="40" class="1004" name="cpy_3_fu_40">
<pin_list>
<pin id="41" dir="0" index="0" bw="1" slack="0"/>
<pin id="42" dir="1" index="1" bw="8" slack="1"/>
</pin_list>
<bind>
<opcode="alloca(26) " fcode="alloca"/>
<opset="cpy_3/1 "/>
</bind>
</comp>

<comp id="44" class="1004" name="cpy_3_1_fu_44">
<pin_list>
<pin id="45" dir="0" index="0" bw="1" slack="0"/>
<pin id="46" dir="1" index="1" bw="8" slack="1"/>
</pin_list>
<bind>
<opcode="alloca(26) " fcode="alloca"/>
<opset="cpy_3_1/1 "/>
</bind>
</comp>

<comp id="48" class="1004" name="cpy_3_2_fu_48">
<pin_list>
<pin id="49" dir="0" index="0" bw="1" slack="0"/>
<pin id="50" dir="1" index="1" bw="8" slack="1"/>
</pin_list>
<bind>
<opcode="alloca(26) " fcode="alloca"/>
<opset="cpy_3_2/1 "/>
</bind>
</comp>

<comp id="52" class="1004" name="cpy_3_3_fu_52">
<pin_list>
<pin id="53" dir="0" index="0" bw="1" slack="0"/>
<pin id="54" dir="1" index="1" bw="8" slack="1"/>
</pin_list>
<bind>
<opcode="alloca(26) " fcode="alloca"/>
<opset="cpy_3_3/1 "/>
</bind>
</comp>

<comp id="56" class="1004" name="column_3_read_1_read_fu_56">
<pin_list>
<pin id="57" dir="0" index="0" bw="8" slack="0"/>
<pin id="58" dir="0" index="1" bw="8" slack="0"/>
<pin id="59" dir="1" index="2" bw="8" slack="1"/>
</pin_list>
<bind>
<opcode="read(1150) " fcode="read"/>
<opset="column_3_read_1/1 "/>
</bind>
</comp>

<comp id="62" class="1004" name="column_2_read_1_read_fu_62">
<pin_list>
<pin id="63" dir="0" index="0" bw="8" slack="0"/>
<pin id="64" dir="0" index="1" bw="8" slack="0"/>
<pin id="65" dir="1" index="2" bw="8" slack="1"/>
</pin_list>
<bind>
<opcode="read(1150) " fcode="read"/>
<opset="column_2_read_1/1 "/>
</bind>
</comp>

<comp id="68" class="1004" name="column_1_read_1_read_fu_68">
<pin_list>
<pin id="69" dir="0" index="0" bw="8" slack="0"/>
<pin id="70" dir="0" index="1" bw="8" slack="0"/>
<pin id="71" dir="1" index="2" bw="8" slack="1"/>
</pin_list>
<bind>
<opcode="read(1150) " fcode="read"/>
<opset="column_1_read_1/1 "/>
</bind>
</comp>

<comp id="74" class="1004" name="column_0_read_1_read_fu_74">
<pin_list>
<pin id="75" dir="0" index="0" bw="8" slack="0"/>
<pin id="76" dir="0" index="1" bw="8" slack="0"/>
<pin id="77" dir="1" index="2" bw="8" slack="1"/>
</pin_list>
<bind>
<opcode="read(1150) " fcode="read"/>
<opset="column_0_read_1/1 "/>
</bind>
</comp>

<comp id="80" class="1005" name="i_0_reg_80">
<pin_list>
<pin id="81" dir="0" index="0" bw="3" slack="1"/>
<pin id="82" dir="1" index="1" bw="3" slack="1"/>
</pin_list>
<bind>
<opset="i_0 (phireg) "/>
</bind>
</comp>

<comp id="84" class="1004" name="i_0_phi_fu_84">
<pin_list>
<pin id="85" dir="0" index="0" bw="1" slack="1"/>
<pin id="86" dir="0" index="1" bw="0" slack="2147483647"/>
<pin id="87" dir="0" index="2" bw="3" slack="0"/>
<pin id="88" dir="0" index="3" bw="0" slack="2147483647"/>
<pin id="89" dir="1" index="4" bw="3" slack="0"/>
</pin_list>
<bind>
<opcode="phi(47) " fcode="phi"/>
<opset="i_0/2 "/>
</bind>
</comp>

<comp id="91" class="1004" name="grp_galois_multiplicatio_fu_91">
<pin_list>
<pin id="92" dir="0" index="0" bw="8" slack="0"/>
<pin id="93" dir="0" index="1" bw="8" slack="0"/>
<pin id="94" dir="0" index="2" bw="3" slack="0"/>
<pin id="95" dir="1" index="3" bw="8" slack="0"/>
</pin_list>
<bind>
<opcode="call(48) " fcode="call"/>
<opset="tmp/2 "/>
</bind>
</comp>

<comp id="98" class="1004" name="grp_galois_multiplicatio_fu_98">
<pin_list>
<pin id="99" dir="0" index="0" bw="8" slack="0"/>
<pin id="100" dir="0" index="1" bw="8" slack="0"/>
<pin id="101" dir="0" index="2" bw="1" slack="0"/>
<pin id="102" dir="1" index="3" bw="8" slack="0"/>
</pin_list>
<bind>
<opcode="call(48) " fcode="call"/>
<opset="tmp_3/2 "/>
</bind>
</comp>

<comp id="105" class="1004" name="grp_galois_multiplicatio_fu_105">
<pin_list>
<pin id="106" dir="0" index="0" bw="8" slack="0"/>
<pin id="107" dir="0" index="1" bw="8" slack="0"/>
<pin id="108" dir="0" index="2" bw="1" slack="0"/>
<pin id="109" dir="1" index="3" bw="8" slack="0"/>
</pin_list>
<bind>
<opcode="call(48) " fcode="call"/>
<opset="tmp_4/2 "/>
</bind>
</comp>

<comp id="112" class="1004" name="grp_galois_multiplicatio_fu_112">
<pin_list>
<pin id="113" dir="0" index="0" bw="8" slack="0"/>
<pin id="114" dir="0" index="1" bw="8" slack="0"/>
<pin id="115" dir="0" index="2" bw="3" slack="0"/>
<pin id="116" dir="1" index="3" bw="8" slack="0"/>
</pin_list>
<bind>
<opcode="call(48) " fcode="call"/>
<opset="tmp_5/2 "/>
</bind>
</comp>

<comp id="119" class="1004" name="grp_galois_multiplicatio_fu_119">
<pin_list>
<pin id="120" dir="0" index="0" bw="8" slack="0"/>
<pin id="121" dir="0" index="1" bw="8" slack="0"/>
<pin id="122" dir="0" index="2" bw="3" slack="0"/>
<pin id="123" dir="1" index="3" bw="8" slack="0"/>
</pin_list>
<bind>
<opcode="call(48) " fcode="call"/>
<opset="tmp_6/2 "/>
</bind>
</comp>

<comp id="126" class="1004" name="grp_galois_multiplicatio_fu_126">
<pin_list>
<pin id="127" dir="0" index="0" bw="8" slack="0"/>
<pin id="128" dir="0" index="1" bw="8" slack="0"/>
<pin id="129" dir="0" index="2" bw="1" slack="0"/>
<pin id="130" dir="1" index="3" bw="8" slack="0"/>
</pin_list>
<bind>
<opcode="call(48) " fcode="call"/>
<opset="tmp_7/2 "/>
</bind>
</comp>

<comp id="133" class="1004" name="grp_galois_multiplicatio_fu_133">
<pin_list>
<pin id="134" dir="0" index="0" bw="8" slack="0"/>
<pin id="135" dir="0" index="1" bw="8" slack="0"/>
<pin id="136" dir="0" index="2" bw="3" slack="0"/>
<pin id="137" dir="1" index="3" bw="8" slack="0"/>
</pin_list>
<bind>
<opcode="call(48) " fcode="call"/>
<opset="tmp_9/2 "/>
</bind>
</comp>

<comp id="140" class="1004" name="grp_galois_multiplicatio_fu_140">
<pin_list>
<pin id="141" dir="0" index="0" bw="8" slack="0"/>
<pin id="142" dir="0" index="1" bw="8" slack="0"/>
<pin id="143" dir="0" index="2" bw="3" slack="0"/>
<pin id="144" dir="1" index="3" bw="8" slack="0"/>
</pin_list>
<bind>
<opcode="call(48) " fcode="call"/>
<opset="tmp_s/2 "/>
</bind>
</comp>

<comp id="147" class="1004" name="grp_galois_multiplicatio_fu_147">
<pin_list>
<pin id="148" dir="0" index="0" bw="8" slack="0"/>
<pin id="149" dir="0" index="1" bw="8" slack="0"/>
<pin id="150" dir="0" index="2" bw="1" slack="0"/>
<pin id="151" dir="1" index="3" bw="8" slack="0"/>
</pin_list>
<bind>
<opcode="call(48) " fcode="call"/>
<opset="tmp_1/2 "/>
</bind>
</comp>

<comp id="154" class="1004" name="grp_galois_multiplicatio_fu_154">
<pin_list>
<pin id="155" dir="0" index="0" bw="8" slack="0"/>
<pin id="156" dir="0" index="1" bw="8" slack="0"/>
<pin id="157" dir="0" index="2" bw="3" slack="0"/>
<pin id="158" dir="1" index="3" bw="8" slack="0"/>
</pin_list>
<bind>
<opcode="call(48) " fcode="call"/>
<opset="tmp_2/2 "/>
</bind>
</comp>

<comp id="161" class="1004" name="grp_galois_multiplicatio_fu_161">
<pin_list>
<pin id="162" dir="0" index="0" bw="8" slack="0"/>
<pin id="163" dir="0" index="1" bw="8" slack="0"/>
<pin id="164" dir="0" index="2" bw="3" slack="0"/>
<pin id="165" dir="1" index="3" bw="8" slack="0"/>
</pin_list>
<bind>
<opcode="call(48) " fcode="call"/>
<opset="tmp_8/2 "/>
</bind>
</comp>

<comp id="168" class="1004" name="grp_galois_multiplicatio_fu_168">
<pin_list>
<pin id="169" dir="0" index="0" bw="8" slack="0"/>
<pin id="170" dir="0" index="1" bw="8" slack="0"/>
<pin id="171" dir="0" index="2" bw="3" slack="0"/>
<pin id="172" dir="1" index="3" bw="8" slack="0"/>
</pin_list>
<bind>
<opcode="call(48) " fcode="call"/>
<opset="tmp_10/2 "/>
</bind>
</comp>

<comp id="175" class="1004" name="icmp_ln250_fu_175">
<pin_list>
<pin id="176" dir="0" index="0" bw="3" slack="0"/>
<pin id="177" dir="0" index="1" bw="3" slack="0"/>
<pin id="178" dir="1" index="2" bw="1" slack="2147483647"/>
</pin_list>
<bind>
<opcode="icmp(45) " fcode="icmp"/>
<opset="icmp_ln250/2 "/>
</bind>
</comp>

<comp id="181" class="1004" name="i_fu_181">
<pin_list>
<pin id="182" dir="0" index="0" bw="3" slack="0"/>
<pin id="183" dir="0" index="1" bw="1" slack="0"/>
<pin id="184" dir="1" index="2" bw="3" slack="0"/>
</pin_list>
<bind>
<opcode="add(8) " fcode="add"/>
<opset="i/2 "/>
</bind>
</comp>

<comp id="187" class="1004" name="trunc_ln252_fu_187">
<pin_list>
<pin id="188" dir="0" index="0" bw="3" slack="0"/>
<pin id="189" dir="1" index="1" bw="2" slack="0"/>
</pin_list>
<bind>
<opcode="trunc(33) " fcode="trunc"/>
<opset="trunc_ln252/2 "/>
</bind>
</comp>

<comp id="191" class="1004" name="cpy_0_fu_191">
<pin_list>
<pin id="192" dir="0" index="0" bw="8" slack="0"/>
<pin id="193" dir="0" index="1" bw="8" slack="1"/>
<pin id="194" dir="0" index="2" bw="8" slack="1"/>
<pin id="195" dir="0" index="3" bw="8" slack="1"/>
<pin id="196" dir="0" index="4" bw="8" slack="1"/>
<pin id="197" dir="0" index="5" bw="2" slack="0"/>
<pin id="198" dir="1" index="6" bw="8" slack="0"/>
</pin_list>
<bind>
<opcode="mux(1196) " fcode="mux"/>
<opset="cpy_0/2 "/>
</bind>
</comp>

<comp id="201" class="1004" name="store_ln252_store_fu_201">
<pin_list>
<pin id="202" dir="0" index="0" bw="8" slack="0"/>
<pin id="203" dir="0" index="1" bw="8" slack="1"/>
<pin id="204" dir="1" index="2" bw="0" slack="2147483647"/>
</pin_list>
<bind>
<opcode="store(28) " fcode="store"/>
<opset="store_ln252/2 "/>
</bind>
</comp>

<comp id="206" class="1004" name="store_ln252_store_fu_206">
<pin_list>
<pin id="207" dir="0" index="0" bw="8" slack="0"/>
<pin id="208" dir="0" index="1" bw="8" slack="1"/>
<pin id="209" dir="1" index="2" bw="0" slack="2147483647"/>
</pin_list>
<bind>
<opcode="store(28) " fcode="store"/>
<opset="store_ln252/2 "/>
</bind>
</comp>

<comp id="211" class="1004" name="store_ln252_store_fu_211">
<pin_list>
<pin id="212" dir="0" index="0" bw="8" slack="0"/>
<pin id="213" dir="0" index="1" bw="8" slack="1"/>
<pin id="214" dir="1" index="2" bw="0" slack="2147483647"/>
</pin_list>
<bind>
<opcode="store(28) " fcode="store"/>
<opset="store_ln252/2 "/>
</bind>
</comp>

<comp id="216" class="1004" name="store_ln252_store_fu_216">
<pin_list>
<pin id="217" dir="0" index="0" bw="8" slack="0"/>
<pin id="218" dir="0" index="1" bw="8" slack="1"/>
<pin id="219" dir="1" index="2" bw="0" slack="2147483647"/>
</pin_list>
<bind>
<opcode="store(28) " fcode="store"/>
<opset="store_ln252/2 "/>
</bind>
</comp>

<comp id="221" class="1004" name="cpy_3_load_load_fu_221">
<pin_list>
<pin id="222" dir="0" index="0" bw="8" slack="1"/>
<pin id="223" dir="1" index="1" bw="8" slack="0"/>
</pin_list>
<bind>
<opcode="load(27) " fcode="load"/>
<opset="cpy_3_load/2 "/>
</bind>
</comp>

<comp id="227" class="1004" name="cpy_3_1_load_load_fu_227">
<pin_list>
<pin id="228" dir="0" index="0" bw="8" slack="1"/>
<pin id="229" dir="1" index="1" bw="8" slack="0"/>
</pin_list>
<bind>
<opcode="load(27) " fcode="load"/>
<opset="cpy_3_1_load/2 "/>
</bind>
</comp>

<comp id="233" class="1004" name="cpy_3_2_load_load_fu_233">
<pin_list>
<pin id="234" dir="0" index="0" bw="8" slack="1"/>
<pin id="235" dir="1" index="1" bw="8" slack="0"/>
</pin_list>
<bind>
<opcode="load(27) " fcode="load"/>
<opset="cpy_3_2_load/2 "/>
</bind>
</comp>

<comp id="239" class="1004" name="cpy_3_3_load_load_fu_239">
<pin_list>
<pin id="240" dir="0" index="0" bw="8" slack="1"/>
<pin id="241" dir="1" index="1" bw="8" slack="0"/>
</pin_list>
<bind>
<opcode="load(27) " fcode="load"/>
<opset="cpy_3_3_load/2 "/>
</bind>
</comp>

<comp id="245" class="1004" name="xor_ln257_fu_245">
<pin_list>
<pin id="246" dir="0" index="0" bw="8" slack="0"/>
<pin id="247" dir="0" index="1" bw="8" slack="0"/>
<pin id="248" dir="1" index="2" bw="8" slack="0"/>
</pin_list>
<bind>
<opcode="xor(25) " fcode="xor"/>
<opset="xor_ln257/3 "/>
</bind>
</comp>

<comp id="251" class="1004" name="xor_ln257_1_fu_251">
<pin_list>
<pin id="252" dir="0" index="0" bw="8" slack="0"/>
<pin id="253" dir="0" index="1" bw="8" slack="0"/>
<pin id="254" dir="1" index="2" bw="8" slack="0"/>
</pin_list>
<bind>
<opcode="xor(25) " fcode="xor"/>
<opset="xor_ln257_1/3 "/>
</bind>
</comp>

<comp id="257" class="1004" name="xor_ln257_2_fu_257">
<pin_list>
<pin id="258" dir="0" index="0" bw="8" slack="0"/>
<pin id="259" dir="0" index="1" bw="8" slack="0"/>
<pin id="260" dir="1" index="2" bw="8" slack="0"/>
</pin_list>
<bind>
<opcode="xor(25) " fcode="xor"/>
<opset="xor_ln257_2/3 "/>
</bind>
</comp>

<comp id="263" class="1004" name="xor_ln262_fu_263">
<pin_list>
<pin id="264" dir="0" index="0" bw="8" slack="0"/>
<pin id="265" dir="0" index="1" bw="8" slack="0"/>
<pin id="266" dir="1" index="2" bw="8" slack="0"/>
</pin_list>
<bind>
<opcode="xor(25) " fcode="xor"/>
<opset="xor_ln262/3 "/>
</bind>
</comp>

<comp id="269" class="1004" name="xor_ln262_1_fu_269">
<pin_list>
<pin id="270" dir="0" index="0" bw="8" slack="0"/>
<pin id="271" dir="0" index="1" bw="8" slack="0"/>
<pin id="272" dir="1" index="2" bw="8" slack="0"/>
</pin_list>
<bind>
<opcode="xor(25) " fcode="xor"/>
<opset="xor_ln262_1/3 "/>
</bind>
</comp>

<comp id="275" class="1004" name="xor_ln262_2_fu_275">
<pin_list>
<pin id="276" dir="0" index="0" bw="8" slack="0"/>
<pin id="277" dir="0" index="1" bw="8" slack="0"/>
<pin id="278" dir="1" index="2" bw="8" slack="0"/>
</pin_list>
<bind>
<opcode="xor(25) " fcode="xor"/>
<opset="xor_ln262_2/3 "/>
</bind>
</comp>

<comp id="281" class="1004" name="xor_ln267_fu_281">
<pin_list>
<pin id="282" dir="0" index="0" bw="8" slack="0"/>
<pin id="283" dir="0" index="1" bw="8" slack="0"/>
<pin id="284" dir="1" index="2" bw="8" slack="0"/>
</pin_list>
<bind>
<opcode="xor(25) " fcode="xor"/>
<opset="xor_ln267/3 "/>
</bind>
</comp>

<comp id="287" class="1004" name="xor_ln267_1_fu_287">
<pin_list>
<pin id="288" dir="0" index="0" bw="8" slack="0"/>
<pin id="289" dir="0" index="1" bw="8" slack="0"/>
<pin id="290" dir="1" index="2" bw="8" slack="0"/>
</pin_list>
<bind>
<opcode="xor(25) " fcode="xor"/>
<opset="xor_ln267_1/3 "/>
</bind>
</comp>

<comp id="293" class="1004" name="xor_ln267_2_fu_293">
<pin_list>
<pin id="294" dir="0" index="0" bw="8" slack="0"/>
<pin id="295" dir="0" index="1" bw="8" slack="0"/>
<pin id="296" dir="1" index="2" bw="8" slack="0"/>
</pin_list>
<bind>
<opcode="xor(25) " fcode="xor"/>
<opset="xor_ln267_2/3 "/>
</bind>
</comp>

<comp id="299" class="1004" name="xor_ln272_fu_299">
<pin_list>
<pin id="300" dir="0" index="0" bw="8" slack="0"/>
<pin id="301" dir="0" index="1" bw="8" slack="0"/>
<pin id="302" dir="1" index="2" bw="8" slack="0"/>
</pin_list>
<bind>
<opcode="xor(25) " fcode="xor"/>
<opset="xor_ln272/3 "/>
</bind>
</comp>

<comp id="305" class="1004" name="xor_ln272_1_fu_305">
<pin_list>
<pin id="306" dir="0" index="0" bw="8" slack="0"/>
<pin id="307" dir="0" index="1" bw="8" slack="0"/>
<pin id="308" dir="1" index="2" bw="8" slack="0"/>
</pin_list>
<bind>
<opcode="xor(25) " fcode="xor"/>
<opset="xor_ln272_1/3 "/>
</bind>
</comp>

<comp id="311" class="1004" name="xor_ln272_2_fu_311">
<pin_list>
<pin id="312" dir="0" index="0" bw="8" slack="0"/>
<pin id="313" dir="0" index="1" bw="8" slack="0"/>
<pin id="314" dir="1" index="2" bw="8" slack="0"/>
</pin_list>
<bind>
<opcode="xor(25) " fcode="xor"/>
<opset="xor_ln272_2/3 "/>
</bind>
</comp>

<comp id="317" class="1004" name="mrv_fu_317">
<pin_list>
<pin id="318" dir="0" index="0" bw="32" slack="0"/>
<pin id="319" dir="0" index="1" bw="8" slack="0"/>
<pin id="320" dir="1" index="2" bw="32" slack="0"/>
</pin_list>
<bind>
<opcode="insertvalue(57) " fcode="insertvalue"/>
<opset="mrv/3 "/>
</bind>
</comp>

<comp id="323" class="1004" name="mrv_1_fu_323">
<pin_list>
<pin id="324" dir="0" index="0" bw="32" slack="0"/>
<pin id="325" dir="0" index="1" bw="8" slack="0"/>
<pin id="326" dir="1" index="2" bw="32" slack="0"/>
</pin_list>
<bind>
<opcode="insertvalue(57) " fcode="insertvalue"/>
<opset="mrv_1/3 "/>
</bind>
</comp>

<comp id="329" class="1004" name="mrv_2_fu_329">
<pin_list>
<pin id="330" dir="0" index="0" bw="32" slack="0"/>
<pin id="331" dir="0" index="1" bw="8" slack="0"/>
<pin id="332" dir="1" index="2" bw="32" slack="0"/>
</pin_list>
<bind>
<opcode="insertvalue(57) " fcode="insertvalue"/>
<opset="mrv_2/3 "/>
</bind>
</comp>

<comp id="335" class="1004" name="mrv_3_fu_335">
<pin_list>
<pin id="336" dir="0" index="0" bw="32" slack="0"/>
<pin id="337" dir="0" index="1" bw="8" slack="0"/>
<pin id="338" dir="1" index="2" bw="32" slack="2147483647"/>
</pin_list>
<bind>
<opcode="insertvalue(57) " fcode="insertvalue"/>
<opset="mrv_3/3 "/>
</bind>
</comp>

<comp id="341" class="1005" name="cpy_3_reg_341">
<pin_list>
<pin id="342" dir="0" index="0" bw="8" slack="1"/>
<pin id="343" dir="1" index="1" bw="8" slack="1"/>
</pin_list>
<bind>
<opset="cpy_3 "/>
</bind>
</comp>

<comp id="347" class="1005" name="cpy_3_1_reg_347">
<pin_list>
<pin id="348" dir="0" index="0" bw="8" slack="1"/>
<pin id="349" dir="1" index="1" bw="8" slack="1"/>
</pin_list>
<bind>
<opset="cpy_3_1 "/>
</bind>
</comp>

<comp id="353" class="1005" name="cpy_3_2_reg_353">
<pin_list>
<pin id="354" dir="0" index="0" bw="8" slack="1"/>
<pin id="355" dir="1" index="1" bw="8" slack="1"/>
</pin_list>
<bind>
<opset="cpy_3_2 "/>
</bind>
</comp>

<comp id="359" class="1005" name="cpy_3_3_reg_359">
<pin_list>
<pin id="360" dir="0" index="0" bw="8" slack="1"/>
<pin id="361" dir="1" index="1" bw="8" slack="1"/>
</pin_list>
<bind>
<opset="cpy_3_3 "/>
</bind>
</comp>

<comp id="365" class="1005" name="column_3_read_1_reg_365">
<pin_list>
<pin id="366" dir="0" index="0" bw="8" slack="1"/>
<pin id="367" dir="1" index="1" bw="8" slack="1"/>
</pin_list>
<bind>
<opset="column_3_read_1 "/>
</bind>
</comp>

<comp id="370" class="1005" name="column_2_read_1_reg_370">
<pin_list>
<pin id="371" dir="0" index="0" bw="8" slack="1"/>
<pin id="372" dir="1" index="1" bw="8" slack="1"/>
</pin_list>
<bind>
<opset="column_2_read_1 "/>
</bind>
</comp>

<comp id="375" class="1005" name="column_1_read_1_reg_375">
<pin_list>
<pin id="376" dir="0" index="0" bw="8" slack="1"/>
<pin id="377" dir="1" index="1" bw="8" slack="1"/>
</pin_list>
<bind>
<opset="column_1_read_1 "/>
</bind>
</comp>

<comp id="380" class="1005" name="column_0_read_1_reg_380">
<pin_list>
<pin id="381" dir="0" index="0" bw="8" slack="1"/>
<pin id="382" dir="1" index="1" bw="8" slack="1"/>
</pin_list>
<bind>
<opset="column_0_read_1 "/>
</bind>
</comp>

<comp id="388" class="1005" name="i_reg_388">
<pin_list>
<pin id="389" dir="0" index="0" bw="3" slack="0"/>
<pin id="390" dir="1" index="1" bw="3" slack="0"/>
</pin_list>
<bind>
<opset="i "/>
</bind>
</comp>

<comp id="396" class="1005" name="cpy_3_load_reg_396">
<pin_list>
<pin id="397" dir="0" index="0" bw="8" slack="1"/>
<pin id="398" dir="1" index="1" bw="8" slack="1"/>
</pin_list>
<bind>
<opset="cpy_3_load "/>
</bind>
</comp>

<comp id="403" class="1005" name="cpy_3_1_load_reg_403">
<pin_list>
<pin id="404" dir="0" index="0" bw="8" slack="1"/>
<pin id="405" dir="1" index="1" bw="8" slack="1"/>
</pin_list>
<bind>
<opset="cpy_3_1_load "/>
</bind>
</comp>

<comp id="410" class="1005" name="cpy_3_2_load_reg_410">
<pin_list>
<pin id="411" dir="0" index="0" bw="8" slack="1"/>
<pin id="412" dir="1" index="1" bw="8" slack="1"/>
</pin_list>
<bind>
<opset="cpy_3_2_load "/>
</bind>
</comp>

<comp id="417" class="1005" name="cpy_3_3_load_reg_417">
<pin_list>
<pin id="418" dir="0" index="0" bw="8" slack="1"/>
<pin id="419" dir="1" index="1" bw="8" slack="1"/>
</pin_list>
<bind>
<opset="cpy_3_3_load "/>
</bind>
</comp>

</comp_list>

<net_list>
<net id="43"><net_src comp="8" pin="0"/><net_sink comp="40" pin=0"/></net>

<net id="47"><net_src comp="8" pin="0"/><net_sink comp="44" pin=0"/></net>

<net id="51"><net_src comp="8" pin="0"/><net_sink comp="48" pin=0"/></net>

<net id="55"><net_src comp="8" pin="0"/><net_sink comp="52" pin=0"/></net>

<net id="60"><net_src comp="10" pin="0"/><net_sink comp="56" pin=0"/></net>

<net id="61"><net_src comp="6" pin="0"/><net_sink comp="56" pin=1"/></net>

<net id="66"><net_src comp="10" pin="0"/><net_sink comp="62" pin=0"/></net>

<net id="67"><net_src comp="4" pin="0"/><net_sink comp="62" pin=1"/></net>

<net id="72"><net_src comp="10" pin="0"/><net_sink comp="68" pin=0"/></net>

<net id="73"><net_src comp="2" pin="0"/><net_sink comp="68" pin=1"/></net>

<net id="78"><net_src comp="10" pin="0"/><net_sink comp="74" pin=0"/></net>

<net id="79"><net_src comp="0" pin="0"/><net_sink comp="74" pin=1"/></net>

<net id="83"><net_src comp="12" pin="0"/><net_sink comp="80" pin=0"/></net>

<net id="90"><net_src comp="80" pin="1"/><net_sink comp="84" pin=0"/></net>

<net id="96"><net_src comp="30" pin="0"/><net_sink comp="91" pin=0"/></net>

<net id="97"><net_src comp="32" pin="0"/><net_sink comp="91" pin=2"/></net>

<net id="103"><net_src comp="30" pin="0"/><net_sink comp="98" pin=0"/></net>

<net id="104"><net_src comp="34" pin="0"/><net_sink comp="98" pin=2"/></net>

<net id="110"><net_src comp="30" pin="0"/><net_sink comp="105" pin=0"/></net>

<net id="111"><net_src comp="34" pin="0"/><net_sink comp="105" pin=2"/></net>

<net id="117"><net_src comp="30" pin="0"/><net_sink comp="112" pin=0"/></net>

<net id="118"><net_src comp="36" pin="0"/><net_sink comp="112" pin=2"/></net>

<net id="124"><net_src comp="30" pin="0"/><net_sink comp="119" pin=0"/></net>

<net id="125"><net_src comp="32" pin="0"/><net_sink comp="119" pin=2"/></net>

<net id="131"><net_src comp="30" pin="0"/><net_sink comp="126" pin=0"/></net>

<net id="132"><net_src comp="34" pin="0"/><net_sink comp="126" pin=2"/></net>

<net id="138"><net_src comp="30" pin="0"/><net_sink comp="133" pin=0"/></net>

<net id="139"><net_src comp="36" pin="0"/><net_sink comp="133" pin=2"/></net>

<net id="145"><net_src comp="30" pin="0"/><net_sink comp="140" pin=0"/></net>

<net id="146"><net_src comp="32" pin="0"/><net_sink comp="140" pin=2"/></net>

<net id="152"><net_src comp="30" pin="0"/><net_sink comp="147" pin=0"/></net>

<net id="153"><net_src comp="34" pin="0"/><net_sink comp="147" pin=2"/></net>

<net id="159"><net_src comp="30" pin="0"/><net_sink comp="154" pin=0"/></net>

<net id="160"><net_src comp="36" pin="0"/><net_sink comp="154" pin=2"/></net>

<net id="166"><net_src comp="30" pin="0"/><net_sink comp="161" pin=0"/></net>

<net id="167"><net_src comp="32" pin="0"/><net_sink comp="161" pin=2"/></net>

<net id="173"><net_src comp="30" pin="0"/><net_sink comp="168" pin=0"/></net>

<net id="174"><net_src comp="36" pin="0"/><net_sink comp="168" pin=2"/></net>

<net id="179"><net_src comp="84" pin="4"/><net_sink comp="175" pin=0"/></net>

<net id="180"><net_src comp="14" pin="0"/><net_sink comp="175" pin=1"/></net>

<net id="185"><net_src comp="84" pin="4"/><net_sink comp="181" pin=0"/></net>

<net id="186"><net_src comp="20" pin="0"/><net_sink comp="181" pin=1"/></net>

<net id="190"><net_src comp="84" pin="4"/><net_sink comp="187" pin=0"/></net>

<net id="199"><net_src comp="22" pin="0"/><net_sink comp="191" pin=0"/></net>

<net id="200"><net_src comp="187" pin="1"/><net_sink comp="191" pin=5"/></net>

<net id="205"><net_src comp="191" pin="6"/><net_sink comp="201" pin=0"/></net>

<net id="210"><net_src comp="191" pin="6"/><net_sink comp="206" pin=0"/></net>

<net id="215"><net_src comp="191" pin="6"/><net_sink comp="211" pin=0"/></net>

<net id="220"><net_src comp="191" pin="6"/><net_sink comp="216" pin=0"/></net>

<net id="224"><net_src comp="221" pin="1"/><net_sink comp="91" pin=1"/></net>

<net id="225"><net_src comp="221" pin="1"/><net_sink comp="126" pin=1"/></net>

<net id="226"><net_src comp="221" pin="1"/><net_sink comp="168" pin=1"/></net>

<net id="230"><net_src comp="227" pin="1"/><net_sink comp="112" pin=1"/></net>

<net id="231"><net_src comp="227" pin="1"/><net_sink comp="119" pin=1"/></net>

<net id="232"><net_src comp="227" pin="1"/><net_sink comp="147" pin=1"/></net>

<net id="236"><net_src comp="233" pin="1"/><net_sink comp="105" pin=1"/></net>

<net id="237"><net_src comp="233" pin="1"/><net_sink comp="133" pin=1"/></net>

<net id="238"><net_src comp="233" pin="1"/><net_sink comp="140" pin=1"/></net>

<net id="242"><net_src comp="239" pin="1"/><net_sink comp="98" pin=1"/></net>

<net id="243"><net_src comp="239" pin="1"/><net_sink comp="154" pin=1"/></net>

<net id="244"><net_src comp="239" pin="1"/><net_sink comp="161" pin=1"/></net>

<net id="249"><net_src comp="98" pin="3"/><net_sink comp="245" pin=0"/></net>

<net id="250"><net_src comp="91" pin="3"/><net_sink comp="245" pin=1"/></net>

<net id="255"><net_src comp="105" pin="3"/><net_sink comp="251" pin=0"/></net>

<net id="256"><net_src comp="112" pin="3"/><net_sink comp="251" pin=1"/></net>

<net id="261"><net_src comp="251" pin="2"/><net_sink comp="257" pin=0"/></net>

<net id="262"><net_src comp="245" pin="2"/><net_sink comp="257" pin=1"/></net>

<net id="267"><net_src comp="126" pin="3"/><net_sink comp="263" pin=0"/></net>

<net id="268"><net_src comp="119" pin="3"/><net_sink comp="263" pin=1"/></net>

<net id="273"><net_src comp="98" pin="3"/><net_sink comp="269" pin=0"/></net>

<net id="274"><net_src comp="133" pin="3"/><net_sink comp="269" pin=1"/></net>

<net id="279"><net_src comp="269" pin="2"/><net_sink comp="275" pin=0"/></net>

<net id="280"><net_src comp="263" pin="2"/><net_sink comp="275" pin=1"/></net>

<net id="285"><net_src comp="147" pin="3"/><net_sink comp="281" pin=0"/></net>

<net id="286"><net_src comp="140" pin="3"/><net_sink comp="281" pin=1"/></net>

<net id="291"><net_src comp="126" pin="3"/><net_sink comp="287" pin=0"/></net>

<net id="292"><net_src comp="154" pin="3"/><net_sink comp="287" pin=1"/></net>

<net id="297"><net_src comp="287" pin="2"/><net_sink comp="293" pin=0"/></net>

<net id="298"><net_src comp="281" pin="2"/><net_sink comp="293" pin=1"/></net>

<net id="303"><net_src comp="105" pin="3"/><net_sink comp="299" pin=0"/></net>

<net id="304"><net_src comp="161" pin="3"/><net_sink comp="299" pin=1"/></net>

<net id="309"><net_src comp="147" pin="3"/><net_sink comp="305" pin=0"/></net>

<net id="310"><net_src comp="168" pin="3"/><net_sink comp="305" pin=1"/></net>

<net id="315"><net_src comp="305" pin="2"/><net_sink comp="311" pin=0"/></net>

<net id="316"><net_src comp="299" pin="2"/><net_sink comp="311" pin=1"/></net>

<net id="321"><net_src comp="38" pin="0"/><net_sink comp="317" pin=0"/></net>

<net id="322"><net_src comp="257" pin="2"/><net_sink comp="317" pin=1"/></net>

<net id="327"><net_src comp="317" pin="2"/><net_sink comp="323" pin=0"/></net>

<net id="328"><net_src comp="275" pin="2"/><net_sink comp="323" pin=1"/></net>

<net id="333"><net_src comp="323" pin="2"/><net_sink comp="329" pin=0"/></net>

<net id="334"><net_src comp="293" pin="2"/><net_sink comp="329" pin=1"/></net>

<net id="339"><net_src comp="329" pin="2"/><net_sink comp="335" pin=0"/></net>

<net id="340"><net_src comp="311" pin="2"/><net_sink comp="335" pin=1"/></net>

<net id="344"><net_src comp="40" pin="1"/><net_sink comp="341" pin=0"/></net>

<net id="345"><net_src comp="341" pin="1"/><net_sink comp="211" pin=1"/></net>

<net id="346"><net_src comp="341" pin="1"/><net_sink comp="221" pin=0"/></net>

<net id="350"><net_src comp="44" pin="1"/><net_sink comp="347" pin=0"/></net>

<net id="351"><net_src comp="347" pin="1"/><net_sink comp="206" pin=1"/></net>

<net id="352"><net_src comp="347" pin="1"/><net_sink comp="227" pin=0"/></net>

<net id="356"><net_src comp="48" pin="1"/><net_sink comp="353" pin=0"/></net>

<net id="357"><net_src comp="353" pin="1"/><net_sink comp="201" pin=1"/></net>

<net id="358"><net_src comp="353" pin="1"/><net_sink comp="233" pin=0"/></net>

<net id="362"><net_src comp="52" pin="1"/><net_sink comp="359" pin=0"/></net>

<net id="363"><net_src comp="359" pin="1"/><net_sink comp="216" pin=1"/></net>

<net id="364"><net_src comp="359" pin="1"/><net_sink comp="239" pin=0"/></net>

<net id="368"><net_src comp="56" pin="2"/><net_sink comp="365" pin=0"/></net>

<net id="369"><net_src comp="365" pin="1"/><net_sink comp="191" pin=4"/></net>

<net id="373"><net_src comp="62" pin="2"/><net_sink comp="370" pin=0"/></net>

<net id="374"><net_src comp="370" pin="1"/><net_sink comp="191" pin=3"/></net>

<net id="378"><net_src comp="68" pin="2"/><net_sink comp="375" pin=0"/></net>

<net id="379"><net_src comp="375" pin="1"/><net_sink comp="191" pin=2"/></net>

<net id="383"><net_src comp="74" pin="2"/><net_sink comp="380" pin=0"/></net>

<net id="384"><net_src comp="380" pin="1"/><net_sink comp="191" pin=1"/></net>

<net id="391"><net_src comp="181" pin="2"/><net_sink comp="388" pin=0"/></net>

<net id="392"><net_src comp="388" pin="1"/><net_sink comp="84" pin=2"/></net>

<net id="399"><net_src comp="221" pin="1"/><net_sink comp="396" pin=0"/></net>

<net id="400"><net_src comp="396" pin="1"/><net_sink comp="91" pin=1"/></net>

<net id="401"><net_src comp="396" pin="1"/><net_sink comp="126" pin=1"/></net>

<net id="402"><net_src comp="396" pin="1"/><net_sink comp="168" pin=1"/></net>

<net id="406"><net_src comp="227" pin="1"/><net_sink comp="403" pin=0"/></net>

<net id="407"><net_src comp="403" pin="1"/><net_sink comp="112" pin=1"/></net>

<net id="408"><net_src comp="403" pin="1"/><net_sink comp="119" pin=1"/></net>

<net id="409"><net_src comp="403" pin="1"/><net_sink comp="147" pin=1"/></net>

<net id="413"><net_src comp="233" pin="1"/><net_sink comp="410" pin=0"/></net>

<net id="414"><net_src comp="410" pin="1"/><net_sink comp="105" pin=1"/></net>

<net id="415"><net_src comp="410" pin="1"/><net_sink comp="133" pin=1"/></net>

<net id="416"><net_src comp="410" pin="1"/><net_sink comp="140" pin=1"/></net>

<net id="420"><net_src comp="239" pin="1"/><net_sink comp="417" pin=0"/></net>

<net id="421"><net_src comp="417" pin="1"/><net_sink comp="98" pin=1"/></net>

<net id="422"><net_src comp="417" pin="1"/><net_sink comp="154" pin=1"/></net>

<net id="423"><net_src comp="417" pin="1"/><net_sink comp="161" pin=1"/></net>

</net_list>

</model> 
---------------- Datapath Model END ------------------

* FSMD analyzer results:
  - Output states:
 - Input state : 
	Port: mixColumn : column_0_read | {1 }
	Port: mixColumn : column_1_read | {1 }
	Port: mixColumn : column_2_read | {1 }
	Port: mixColumn : column_3_read | {1 }
  - Chain level:
	State 1
	State 2
		icmp_ln250 : 1
		i : 1
		br_ln250 : 2
		trunc_ln252 : 1
		cpy_0 : 2
		switch_ln252 : 2
		store_ln252 : 3
		store_ln252 : 3
		store_ln252 : 3
		store_ln252 : 3
		tmp : 1
		tmp_3 : 1
		tmp_4 : 1
		tmp_5 : 1
		tmp_6 : 1
		tmp_7 : 1
		tmp_9 : 1
		tmp_s : 1
		tmp_1 : 1
		tmp_2 : 1
		tmp_8 : 1
		tmp_10 : 1
	State 3
		xor_ln257 : 1
		xor_ln257_1 : 1
		xor_ln257_2 : 1
		xor_ln262 : 1
		xor_ln262_1 : 1
		xor_ln262_2 : 1
		xor_ln267 : 1
		xor_ln267_1 : 1
		xor_ln267_2 : 1
		xor_ln272 : 1
		xor_ln272_1 : 1
		xor_ln272_2 : 1
		mrv : 1
		mrv_1 : 2
		mrv_2 : 3
		mrv_3 : 4
		ret_ln273 : 5


============================================================
+ Verbose Summary: Datapath Resource usage 
============================================================

* Functional unit list:
|----------|---------------------------------|---------|---------|
| Operation|         Functional Unit         |    FF   |   LUT   |
|----------|---------------------------------|---------|---------|
|          |  grp_galois_multiplicatio_fu_91 |    63   |    54   |
|          |  grp_galois_multiplicatio_fu_98 |    63   |    54   |
|          | grp_galois_multiplicatio_fu_105 |    63   |    54   |
|          | grp_galois_multiplicatio_fu_112 |    63   |    54   |
|          | grp_galois_multiplicatio_fu_119 |    63   |    54   |
|   call   | grp_galois_multiplicatio_fu_126 |    63   |    54   |
|          | grp_galois_multiplicatio_fu_133 |    63   |    54   |
|          | grp_galois_multiplicatio_fu_140 |    63   |    54   |
|          | grp_galois_multiplicatio_fu_147 |    63   |    54   |
|          | grp_galois_multiplicatio_fu_154 |    63   |    54   |
|          | grp_galois_multiplicatio_fu_161 |    63   |    54   |
|          | grp_galois_multiplicatio_fu_168 |    63   |    54   |
|----------|---------------------------------|---------|---------|
|          |         xor_ln257_fu_245        |    0    |    8    |
|          |        xor_ln257_1_fu_251       |    0    |    8    |
|          |        xor_ln257_2_fu_257       |    0    |    8    |
|          |         xor_ln262_fu_263        |    0    |    8    |
|          |        xor_ln262_1_fu_269       |    0    |    8    |
|    xor   |        xor_ln262_2_fu_275       |    0    |    8    |
|          |         xor_ln267_fu_281        |    0    |    8    |
|          |        xor_ln267_1_fu_287       |    0    |    8    |
|          |        xor_ln267_2_fu_293       |    0    |    8    |
|          |         xor_ln272_fu_299        |    0    |    8    |
|          |        xor_ln272_1_fu_305       |    0    |    8    |
|          |        xor_ln272_2_fu_311       |    0    |    8    |
|----------|---------------------------------|---------|---------|
|    mux   |           cpy_0_fu_191          |    0    |    21   |
|----------|---------------------------------|---------|---------|
|    add   |             i_fu_181            |    0    |    12   |
|----------|---------------------------------|---------|---------|
|   icmp   |        icmp_ln250_fu_175        |    0    |    9    |
|----------|---------------------------------|---------|---------|
|          |    column_3_read_1_read_fu_56   |    0    |    0    |
|   read   |    column_2_read_1_read_fu_62   |    0    |    0    |
|          |    column_1_read_1_read_fu_68   |    0    |    0    |
|          |    column_0_read_1_read_fu_74   |    0    |    0    |
|----------|---------------------------------|---------|---------|
|   trunc  |        trunc_ln252_fu_187       |    0    |    0    |
|----------|---------------------------------|---------|---------|
|          |            mrv_fu_317           |    0    |    0    |
|insertvalue|           mrv_1_fu_323          |    0    |    0    |
|          |           mrv_2_fu_329          |    0    |    0    |
|          |           mrv_3_fu_335          |    0    |    0    |
|----------|---------------------------------|---------|---------|
|   Total  |                                 |   756   |   786   |
|----------|---------------------------------|---------|---------|

Memories:
N/A

* Register list:
+-----------------------+--------+
|                       |   FF   |
+-----------------------+--------+
|column_0_read_1_reg_380|    8   |
|column_1_read_1_reg_375|    8   |
|column_2_read_1_reg_370|    8   |
|column_3_read_1_reg_365|    8   |
|  cpy_3_1_load_reg_403 |    8   |
|    cpy_3_1_reg_347    |    8   |
|  cpy_3_2_load_reg_410 |    8   |
|    cpy_3_2_reg_353    |    8   |
|  cpy_3_3_load_reg_417 |    8   |
|    cpy_3_3_reg_359    |    8   |
|   cpy_3_load_reg_396  |    8   |
|     cpy_3_reg_341     |    8   |
|       i_0_reg_80      |    3   |
|       i_reg_388       |    3   |
+-----------------------+--------+
|         Total         |   102  |
+-----------------------+--------+

* Multiplexer (MUX) list: 
|---------------------------------|------|------|------|--------||---------||---------|
|               Comp              |  Pin | Size |  BW  | S x BW ||  Delay  ||   LUT   |
|---------------------------------|------|------|------|--------||---------||---------|
|  grp_galois_multiplicatio_fu_91 |  p1  |   2  |   8  |   16   ||    9    |
|  grp_galois_multiplicatio_fu_98 |  p1  |   2  |   8  |   16   ||    9    |
| grp_galois_multiplicatio_fu_105 |  p1  |   2  |   8  |   16   ||    9    |
| grp_galois_multiplicatio_fu_112 |  p1  |   2  |   8  |   16   ||    9    |
| grp_galois_multiplicatio_fu_119 |  p1  |   2  |   8  |   16   ||    9    |
| grp_galois_multiplicatio_fu_126 |  p1  |   2  |   8  |   16   ||    9    |
| grp_galois_multiplicatio_fu_133 |  p1  |   2  |   8  |   16   ||    9    |
| grp_galois_multiplicatio_fu_140 |  p1  |   2  |   8  |   16   ||    9    |
| grp_galois_multiplicatio_fu_147 |  p1  |   2  |   8  |   16   ||    9    |
| grp_galois_multiplicatio_fu_154 |  p1  |   2  |   8  |   16   ||    9    |
| grp_galois_multiplicatio_fu_161 |  p1  |   2  |   8  |   16   ||    9    |
| grp_galois_multiplicatio_fu_168 |  p1  |   2  |   8  |   16   ||    9    |
|---------------------------------|------|------|------|--------||---------||---------|
|              Total              |      |      |      |   192  ||  21.228 ||   108   |
|---------------------------------|------|------|------|--------||---------||---------|



* Summary:
+-----------+--------+--------+--------+
|           |  Delay |   FF   |   LUT  |
+-----------+--------+--------+--------+
|  Function |    -   |   756  |   786  |
|   Memory  |    -   |    -   |    -   |
|Multiplexer|   21   |    -   |   108  |
|  Register |    -   |   102  |    -   |
+-----------+--------+--------+--------+
|   Total   |   21   |   858  |   894  |
+-----------+--------+--------+--------+
