==============================================================
Vivado(TM) HLS - High-Level Synthesis from C, C++ and SystemC v2019.2 (64-bit)
Copyright 1986-2019 Xilinx, Inc. All Rights Reserved.
==============================================================
==============================================================
Vivado(TM) HLS - High-Level Synthesis from C, C++ and SystemC v2019.2 (64-bit)
Copyright 1986-2019 Xilinx, Inc. All Rights Reserved.
==============================================================
INFO: [HLS 200-10] Setting target device to 'xc7z020-clg484-1'
INFO: [SYN 201-201] Setting up clock 'default' with a period of 10ns.
INFO: [SIM 211-2] *************** CSIM start ***************
INFO: [SIM 211-4] CSIM will launch GCC as the compiler.
INFO: [SIM 211-1] CSim done with 0 errors.
INFO: [SIM 211-3] *************** CSIM finish ***************
INFO: [SCHED 204-61] Option 'relax_ii_for_timing' is enabled, will increase II to preserve clock frequency constraints.
INFO: [HLS 200-10] Analyzing design file 'helper.cpp' ... 
INFO: [HLS 200-10] Analyzing design file 'encrypt.cpp' ... 
INFO: [HLS 200-111] Finished Linking Time (s): cpu = 00:00:08 ; elapsed = 00:00:10 . Memory (MB): peak = 1168.148 ; gain = 530.125 ; free physical = 5694 ; free virtual = 29248
INFO: [HLS 200-111] Finished Checking Pragmas Time (s): cpu = 00:00:08 ; elapsed = 00:00:10 . Memory (MB): peak = 1168.148 ; gain = 530.125 ; free physical = 5694 ; free virtual = 29248
INFO: [HLS 200-10] Starting code transformations ...
INFO: [HLS 200-111] Finished Standard Transforms Time (s): cpu = 00:00:09 ; elapsed = 00:00:10 . Memory (MB): peak = 1168.148 ; gain = 530.125 ; free physical = 5689 ; free virtual = 29247
INFO: [HLS 200-10] Checking synthesizability ...
INFO: [XFORM 203-602] Inlining function 'rotate' into 'core' (helper.cpp:100) automatically.
INFO: [XFORM 203-602] Inlining function 'getSBoxValue' into 'core' (helper.cpp:105) automatically.
INFO: [XFORM 203-602] Inlining function 'getRconValue' into 'core' (helper.cpp:109) automatically.
INFO: [XFORM 203-602] Inlining function 'core' into 'expandKey' (helper.cpp:142) automatically.
INFO: [XFORM 203-602] Inlining function 'getSBoxValue' into 'subBytes' (helper.cpp:171) automatically.
INFO: [XFORM 203-602] Inlining function 'subBytes' into 'aes_round' (encrypt.cpp:9) automatically.
INFO: [XFORM 203-602] Inlining function 'addRoundKey' into 'aes_round' (encrypt.cpp:12) automatically.
INFO: [XFORM 203-602] Inlining function 'addRoundKey' into 'aes_main' (encrypt.cpp:22) automatically.
INFO: [XFORM 203-602] Inlining function 'aes_round' into 'aes_main' (encrypt.cpp:27) automatically.
INFO: [XFORM 203-602] Inlining function 'subBytes' into 'aes_main' (encrypt.cpp:31) automatically.
INFO: [HLS 200-111] Finished Checking Synthesizability Time (s): cpu = 00:00:09 ; elapsed = 00:00:10 . Memory (MB): peak = 1168.148 ; gain = 530.125 ; free physical = 5689 ; free virtual = 29247
INFO: [XFORM 203-102] Automatically partitioning small array 'column' (helper.cpp:253) completely based on array size.
INFO: [XFORM 203-102] Automatically partitioning small array 'cpy' (helper.cpp:223) completely based on array size.
INFO: [XFORM 203-102] Automatically partitioning small array 't' (helper.cpp:122) completely based on array size.
INFO: [XFORM 203-101] Partitioning array 'column' (helper.cpp:253) in dimension 1 completely.
INFO: [XFORM 203-101] Partitioning array 'cpy' (helper.cpp:223) in dimension 1 completely.
INFO: [XFORM 203-101] Partitioning array 't' (helper.cpp:122) in dimension 1 completely.
INFO: [XFORM 203-602] Inlining function 'getSBoxValue' into 'core' (helper.cpp:105) automatically.
INFO: [XFORM 203-602] Inlining function 'getRconValue' into 'core' (helper.cpp:109) automatically.
INFO: [XFORM 203-602] Inlining function 'getSBoxValue' into 'subBytes' (helper.cpp:171) automatically.
INFO: [XFORM 203-602] Inlining function 'subBytes' into 'aes_round' (encrypt.cpp:9) automatically.
INFO: [XFORM 203-602] Inlining function 'addRoundKey' into 'aes_round' (encrypt.cpp:12) automatically.
INFO: [XFORM 203-602] Inlining function 'addRoundKey' into 'aes_main' (encrypt.cpp:22) automatically.
INFO: [XFORM 203-602] Inlining function 'aes_round' into 'aes_main' (encrypt.cpp:27) automatically.
INFO: [XFORM 203-602] Inlining function 'subBytes' into 'aes_main' (encrypt.cpp:31) automatically.
INFO: [XFORM 203-602] Inlining function 'rotate' into 'core' (helper.cpp:100) automatically.
INFO: [XFORM 203-11] Balancing expressions in function 'mixColumn' (helper.cpp:221)...12 expression(s) balanced.
INFO: [HLS 200-111] Finished Pre-synthesis Time (s): cpu = 00:00:09 ; elapsed = 00:00:10 . Memory (MB): peak = 1168.148 ; gain = 530.125 ; free physical = 5672 ; free virtual = 29231
WARNING: [XFORM 203-631] Renaming function 'galois_multiplication' to 'galois_multiplicatio' (helper.cpp:208:34)
INFO: [HLS 200-472] Inferring partial write operation for 'state' (helper.cpp:191:9)
INFO: [HLS 200-472] Inferring partial write operation for 'state' (helper.cpp:192:7)
INFO: [HLS 200-472] Inferring partial write operation for 'state' (helper.cpp:270:7)
INFO: [HLS 200-472] Inferring partial write operation for 'expandedKey' (helper.cpp:126:5)
INFO: [HLS 200-472] Inferring partial write operation for 'expandedKey' (helper.cpp:157:7)
INFO: [HLS 200-472] Inferring partial write operation for 'roundKey' (helper.cpp:283:7)
INFO: [HLS 200-472] Inferring partial write operation for 'state' (helper.cpp:201:5)
INFO: [HLS 200-472] Inferring partial write operation for 'state' (helper.cpp:171:16)
INFO: [HLS 200-472] Inferring partial write operation for 'state' (helper.cpp:201:5)
INFO: [HLS 200-472] Inferring partial write operation for 'state' (helper.cpp:171:16)
INFO: [HLS 200-472] Inferring partial write operation for 'state' (helper.cpp:201:5)
INFO: [HLS 200-472] Inferring partial write operation for 'block' (encrypt.cpp:51:7)
INFO: [HLS 200-111] Finished Architecture Synthesis Time (s): cpu = 00:00:09 ; elapsed = 00:00:11 . Memory (MB): peak = 1168.148 ; gain = 530.125 ; free physical = 5595 ; free virtual = 29155
INFO: [HLS 200-10] Starting hardware synthesis ...
INFO: [HLS 200-10] Synthesizing 'encrypt_dut' ...
WARNING: [SYN 201-107] Renaming port name 'encrypt_dut/input' to 'encrypt_dut/input_r' to avoid the conflict with HDL keywords or other object names.
WARNING: [SYN 201-107] Renaming port name 'encrypt_dut/output' to 'encrypt_dut/output_r' to avoid the conflict with HDL keywords or other object names.
INFO: [HLS 200-10] ----------------------------------------------------------------
INFO: [HLS 200-42] -- Implementing module 'core' 
INFO: [HLS 200-10] ----------------------------------------------------------------
INFO: [SCHED 204-11] Starting scheduling ...
INFO: [SCHED 204-11] Finished scheduling.
INFO: [HLS 200-111]  Elapsed time: 10.77 seconds; current allocated memory: 204.867 MB.
INFO: [BIND 205-100] Starting micro-architecture generation ...
INFO: [BIND 205-101] Performing variable lifetime analysis.
INFO: [BIND 205-101] Exploring resource sharing.
INFO: [BIND 205-101] Binding ...
INFO: [BIND 205-100] Finished micro-architecture generation.
INFO: [HLS 200-111]  Elapsed time: 0.03 seconds; current allocated memory: 205.226 MB.
INFO: [HLS 200-10] ----------------------------------------------------------------
INFO: [HLS 200-42] -- Implementing module 'expandKey' 
INFO: [HLS 200-10] ----------------------------------------------------------------
INFO: [SCHED 204-11] Starting scheduling ...
INFO: [SCHED 204-11] Finished scheduling.
INFO: [HLS 200-111]  Elapsed time: 0.07 seconds; current allocated memory: 205.519 MB.
INFO: [BIND 205-100] Starting micro-architecture generation ...
INFO: [BIND 205-101] Performing variable lifetime analysis.
INFO: [BIND 205-101] Exploring resource sharing.
INFO: [BIND 205-101] Binding ...
INFO: [BIND 205-100] Finished micro-architecture generation.
INFO: [HLS 200-111]  Elapsed time: 0.04 seconds; current allocated memory: 206.041 MB.
INFO: [HLS 200-10] ----------------------------------------------------------------
INFO: [HLS 200-42] -- Implementing module 'createRoundKey' 
INFO: [HLS 200-10] ----------------------------------------------------------------
INFO: [SCHED 204-11] Starting scheduling ...
INFO: [SCHED 204-11] Finished scheduling.
INFO: [HLS 200-111]  Elapsed time: 0.07 seconds; current allocated memory: 206.145 MB.
INFO: [BIND 205-100] Starting micro-architecture generation ...
INFO: [BIND 205-101] Performing variable lifetime analysis.
INFO: [BIND 205-101] Exploring resource sharing.
INFO: [BIND 205-101] Binding ...
INFO: [BIND 205-100] Finished micro-architecture generation.
INFO: [HLS 200-111]  Elapsed time: 0.02 seconds; current allocated memory: 206.272 MB.
INFO: [HLS 200-10] ----------------------------------------------------------------
INFO: [HLS 200-42] -- Implementing module 'shiftRows' 
INFO: [HLS 200-10] ----------------------------------------------------------------
INFO: [SCHED 204-11] Starting scheduling ...
INFO: [SCHED 204-11] Finished scheduling.
INFO: [HLS 200-111]  Elapsed time: 0.04 seconds; current allocated memory: 206.414 MB.
INFO: [BIND 205-100] Starting micro-architecture generation ...
INFO: [BIND 205-101] Performing variable lifetime analysis.
INFO: [BIND 205-101] Exploring resource sharing.
INFO: [BIND 205-101] Binding ...
INFO: [BIND 205-100] Finished micro-architecture generation.
INFO: [HLS 200-111]  Elapsed time: 0.03 seconds; current allocated memory: 206.565 MB.
INFO: [HLS 200-10] ----------------------------------------------------------------
INFO: [HLS 200-42] -- Implementing module 'galois_multiplicatio' 
INFO: [HLS 200-10] ----------------------------------------------------------------
INFO: [SCHED 204-11] Starting scheduling ...
INFO: [SCHED 204-11] Finished scheduling.
INFO: [HLS 200-111]  Elapsed time: 0.03 seconds; current allocated memory: 206.648 MB.
INFO: [BIND 205-100] Starting micro-architecture generation ...
INFO: [BIND 205-101] Performing variable lifetime analysis.
INFO: [BIND 205-101] Exploring resource sharing.
INFO: [BIND 205-101] Binding ...
INFO: [BIND 205-100] Finished micro-architecture generation.
INFO: [HLS 200-111]  Elapsed time: 0.02 seconds; current allocated memory: 206.760 MB.
INFO: [HLS 200-10] ----------------------------------------------------------------
INFO: [HLS 200-42] -- Implementing module 'mixColumn' 
INFO: [HLS 200-10] ----------------------------------------------------------------
INFO: [SCHED 204-11] Starting scheduling ...
INFO: [SCHED 204-11] Finished scheduling.
INFO: [HLS 200-111]  Elapsed time: 0.04 seconds; current allocated memory: 206.959 MB.
INFO: [BIND 205-100] Starting micro-architecture generation ...
INFO: [BIND 205-101] Performing variable lifetime analysis.
INFO: [BIND 205-101] Exploring resource sharing.
INFO: [BIND 205-101] Binding ...
INFO: [BIND 205-100] Finished micro-architecture generation.
INFO: [HLS 200-111]  Elapsed time: 0.04 seconds; current allocated memory: 207.211 MB.
INFO: [HLS 200-10] ----------------------------------------------------------------
INFO: [HLS 200-42] -- Implementing module 'mixColumns' 
INFO: [HLS 200-10] ----------------------------------------------------------------
INFO: [SCHED 204-11] Starting scheduling ...
INFO: [SCHED 204-11] Finished scheduling.
INFO: [HLS 200-111]  Elapsed time: 0.08 seconds; current allocated memory: 207.497 MB.
INFO: [BIND 205-100] Starting micro-architecture generation ...
INFO: [BIND 205-101] Performing variable lifetime analysis.
INFO: [BIND 205-101] Exploring resource sharing.
INFO: [BIND 205-101] Binding ...
INFO: [BIND 205-100] Finished micro-architecture generation.
INFO: [HLS 200-111]  Elapsed time: 0.04 seconds; current allocated memory: 207.773 MB.
INFO: [HLS 200-10] ----------------------------------------------------------------
INFO: [HLS 200-42] -- Implementing module 'aes_main' 
INFO: [HLS 200-10] ----------------------------------------------------------------
INFO: [SCHED 204-11] Starting scheduling ...
INFO: [SCHED 204-11] Finished scheduling.
INFO: [HLS 200-111]  Elapsed time: 0.09 seconds; current allocated memory: 208.159 MB.
INFO: [BIND 205-100] Starting micro-architecture generation ...
INFO: [BIND 205-101] Performing variable lifetime analysis.
INFO: [BIND 205-101] Exploring resource sharing.
INFO: [BIND 205-101] Binding ...
INFO: [BIND 205-100] Finished micro-architecture generation.
INFO: [HLS 200-111]  Elapsed time: 0.11 seconds; current allocated memory: 208.582 MB.
INFO: [HLS 200-10] ----------------------------------------------------------------
INFO: [HLS 200-42] -- Implementing module 'aes_encrypt' 
INFO: [HLS 200-10] ----------------------------------------------------------------
INFO: [SCHED 204-11] Starting scheduling ...
INFO: [SCHED 204-11] Finished scheduling.
INFO: [HLS 200-111]  Elapsed time: 0.12 seconds; current allocated memory: 208.885 MB.
INFO: [BIND 205-100] Starting micro-architecture generation ...
INFO: [BIND 205-101] Performing variable lifetime analysis.
INFO: [BIND 205-101] Exploring resource sharing.
INFO: [BIND 205-101] Binding ...
INFO: [BIND 205-100] Finished micro-architecture generation.
INFO: [HLS 200-111]  Elapsed time: 0.11 seconds; current allocated memory: 209.162 MB.
INFO: [HLS 200-10] ----------------------------------------------------------------
INFO: [HLS 200-42] -- Implementing module 'encrypt_dut' 
INFO: [HLS 200-10] ----------------------------------------------------------------
INFO: [SCHED 204-11] Starting scheduling ...
INFO: [SCHED 204-11] Finished scheduling.
INFO: [HLS 200-111]  Elapsed time: 0.14 seconds; current allocated memory: 209.374 MB.
INFO: [BIND 205-100] Starting micro-architecture generation ...
INFO: [BIND 205-101] Performing variable lifetime analysis.
INFO: [BIND 205-101] Exploring resource sharing.
INFO: [BIND 205-101] Binding ...
INFO: [BIND 205-100] Finished micro-architecture generation.
INFO: [HLS 200-111]  Elapsed time: 0.06 seconds; current allocated memory: 209.473 MB.
INFO: [HLS 200-10] ----------------------------------------------------------------
INFO: [HLS 200-10] -- Generating RTL for module 'core' 
INFO: [HLS 200-10] ----------------------------------------------------------------
INFO: [SYN 201-210] Renamed object name 'encrypt_dut_mux_42_1_1_1' to 'encrypt_dut_mux_4bkb' due to the length limit 20
INFO: [SYN 201-210] Renamed object name 'encrypt_dut_mux_42_8_1_1' to 'encrypt_dut_mux_4cud' due to the length limit 20
INFO: [RTGEN 206-100] Generating core module 'encrypt_dut_mux_4bkb': 1 instance(s).
INFO: [RTGEN 206-100] Generating core module 'encrypt_dut_mux_4cud': 4 instance(s).
INFO: [RTGEN 206-100] Finished creating RTL model for 'core'.
INFO: [HLS 200-111]  Elapsed time: 0.18 seconds; current allocated memory: 210.173 MB.
INFO: [HLS 200-10] ----------------------------------------------------------------
INFO: [HLS 200-10] -- Generating RTL for module 'expandKey' 
INFO: [HLS 200-10] ----------------------------------------------------------------
INFO: [RTGEN 206-100] Generating core module 'encrypt_dut_mux_4cud': 5 instance(s).
INFO: [RTGEN 206-100] Finished creating RTL model for 'expandKey'.
INFO: [HLS 200-111]  Elapsed time: 0.13 seconds; current allocated memory: 212.392 MB.
INFO: [HLS 200-10] ----------------------------------------------------------------
INFO: [HLS 200-10] -- Generating RTL for module 'createRoundKey' 
INFO: [HLS 200-10] ----------------------------------------------------------------
INFO: [RTGEN 206-100] Finished creating RTL model for 'createRoundKey'.
INFO: [HLS 200-111]  Elapsed time: 0.13 seconds; current allocated memory: 214.539 MB.
INFO: [HLS 200-10] ----------------------------------------------------------------
INFO: [HLS 200-10] -- Generating RTL for module 'shiftRows' 
INFO: [HLS 200-10] ----------------------------------------------------------------
INFO: [RTGEN 206-100] Finished creating RTL model for 'shiftRows'.
INFO: [HLS 200-111]  Elapsed time: 0.07 seconds; current allocated memory: 215.299 MB.
INFO: [HLS 200-10] ----------------------------------------------------------------
INFO: [HLS 200-10] -- Generating RTL for module 'galois_multiplicatio' 
INFO: [HLS 200-10] ----------------------------------------------------------------
INFO: [RTGEN 206-100] Finished creating RTL model for 'galois_multiplicatio'.
INFO: [HLS 200-111]  Elapsed time: 0.08 seconds; current allocated memory: 216.129 MB.
INFO: [HLS 200-10] ----------------------------------------------------------------
INFO: [HLS 200-10] -- Generating RTL for module 'mixColumn' 
INFO: [HLS 200-10] ----------------------------------------------------------------
INFO: [RTGEN 206-100] Generating core module 'encrypt_dut_mux_4cud': 1 instance(s).
INFO: [RTGEN 206-100] Finished creating RTL model for 'mixColumn'.
INFO: [HLS 200-111]  Elapsed time: 0.08 seconds; current allocated memory: 217.151 MB.
INFO: [HLS 200-10] ----------------------------------------------------------------
