

================================================================
== Vivado HLS Report for 'galois_multiplicatio'
================================================================
* Date:           Mon Dec  9 19:19:41 2024

* Version:        2019.2 (Build 2704478 on Wed Nov 06 22:10:23 MST 2019)
* Project:        decrypt.prj
* Solution:       solution1
* Product family: zynq
* Target device:  xc7z020-clg484-1


================================================================
== Performance Estimates
================================================================
+ Timing: 
    * Summary: 
    +--------+----------+----------+------------+
    |  Clock |  Target  | Estimated| Uncertainty|
    +--------+----------+----------+------------+
    |ap_clk  | 10.00 ns | 4.992 ns |   1.25 ns  |
    +--------+----------+----------+------------+

+ Latency: 
    * Summary: 
    +---------+---------+----------+----------+-----+-----+----------+
    |  Latency (cycles) |  Latency (absolute) |  Interval | Pipeline |
    |   min   |   max   |    min   |    max   | min | max |   Type   |
    +---------+---------+----------+----------+-----+-----+----------+
    |        0|        0|   0 ns   |   0 ns   |    1|    1| function |
    +---------+---------+----------+----------+-----+-----+----------+

    + Detail: 
        * Instance: 
        N/A

        * Loop: 
        N/A



================================================================
== Utilization Estimates
================================================================
* Summary: 
+-----------------+---------+-------+--------+-------+-----+
|       Name      | BRAM_18K| DSP48E|   FF   |  LUT  | URAM|
+-----------------+---------+-------+--------+-------+-----+
|DSP              |        -|      -|       -|      -|    -|
|Expression       |        -|      -|       0|    104|    -|
|FIFO             |        -|      -|       -|      -|    -|
|Instance         |        -|      -|       -|      -|    -|
|Memory           |        -|      -|       -|      -|    -|
|Multiplexer      |        -|      -|       -|      -|    -|
|Register         |        -|      -|       -|      -|    -|
+-----------------+---------+-------+--------+-------+-----+
|Total            |        0|      0|       0|    104|    0|
+-----------------+---------+-------+--------+-------+-----+
|Available        |      280|    220|  106400|  53200|    0|
+-----------------+---------+-------+--------+-------+-----+
|Utilization (%)  |        0|      0|       0|   ~0  |    0|
+-----------------+---------+-------+--------+-------+-----+

+ Detail: 
    * Instance: 
    N/A

    * DSP48E: 
    N/A

    * Memory: 
    N/A

    * FIFO: 
    N/A

    * Expression: 
    +--------------------------+----------+-------+---+----+------------+------------+
    |       Variable Name      | Operation| DSP48E| FF| LUT| Bitwidth P0| Bitwidth P1|
    +--------------------------+----------+-------+---+----+------------+------------+
    |select_ln235_1_fu_86_p3   |  select  |      0|  0|   8|           1|           8|
    |select_ln235_2_fu_130_p3  |  select  |      0|  0|   8|           1|           8|
    |select_ln235_3_fu_174_p3  |  select  |      0|  0|   8|           1|           8|
    |select_ln235_fu_42_p3     |  select  |      0|  0|   8|           1|           8|
    |select_ln239_1_fu_114_p3  |  select  |      0|  0|   8|           1|           8|
    |select_ln239_2_fu_158_p3  |  select  |      0|  0|   8|           1|           8|
    |select_ln239_fu_70_p3     |  select  |      0|  0|   8|           1|           8|
    |ap_return                 |    xor   |      0|  0|   8|           8|           8|
    |xor_ln235_1_fu_188_p2     |    xor   |      0|  0|   8|           8|           8|
    |xor_ln235_fu_182_p2       |    xor   |      0|  0|   8|           8|           8|
    |xor_ln240_1_fu_108_p2     |    xor   |      0|  0|   8|           8|           5|
    |xor_ln240_2_fu_152_p2     |    xor   |      0|  0|   8|           8|           5|
    |xor_ln240_fu_64_p2        |    xor   |      0|  0|   8|           8|           5|
    +--------------------------+----------+-------+---+----+------------+------------+
    |Total                     |          |      0|  0| 104|          55|          95|
    +--------------------------+----------+-------+---+----+------------+------------+

    * Multiplexer: 
    N/A

    * Register: 
    N/A



================================================================
== Interface
================================================================
* Summary: 
+-----------+-----+-----+------------+----------------------+--------------+
| RTL Ports | Dir | Bits|  Protocol  |     Source Object    |    C Type    |
+-----------+-----+-----+------------+----------------------+--------------+
|ap_ready   | out |    1| ap_ctrl_hs | galois_multiplicatio | return value |
|ap_return  | out |    8| ap_ctrl_hs | galois_multiplicatio | return value |
|a          |  in |    8|   ap_none  |           a          |    scalar    |
|b          |  in |    5|   ap_none  |           b          |    scalar    |
+-----------+-----+-----+------------+----------------------+--------------+

