==============================================================
Vivado(TM) HLS - High-Level Synthesis from C, C++ and SystemC v2019.2 (64-bit)
Copyright 1986-2019 Xilinx, Inc. All Rights Reserved.
==============================================================
==============================================================
Vivado(TM) HLS - High-Level Synthesis from C, C++ and SystemC v2019.2 (64-bit)
Copyright 1986-2019 Xilinx, Inc. All Rights Reserved.
==============================================================
==============================================================
Vivado(TM) HLS - High-Level Synthesis from C, C++ and SystemC v2019.2 (64-bit)
Copyright 1986-2019 Xilinx, Inc. All Rights Reserved.
==============================================================
==============================================================
Vivado(TM) HLS - High-Level Synthesis from C, C++ and SystemC v2019.2 (64-bit)
Copyright 1986-2019 Xilinx, Inc. All Rights Reserved.
==============================================================
==============================================================
Vivado(TM) HLS - High-Level Synthesis from C, C++ and SystemC v2019.2 (64-bit)
Copyright 1986-2019 Xilinx, Inc. All Rights Reserved.
==============================================================
==============================================================
Vivado(TM) HLS - High-Level Synthesis from C, C++ and SystemC v2019.2 (64-bit)
Copyright 1986-2019 Xilinx, Inc. All Rights Reserved.
==============================================================
==============================================================
Vivado(TM) HLS - High-Level Synthesis from C, C++ and SystemC v2019.2 (64-bit)
Copyright 1986-2019 Xilinx, Inc. All Rights Reserved.
==============================================================
==============================================================
Vivado(TM) HLS - High-Level Synthesis from C, C++ and SystemC v2019.2 (64-bit)
Copyright 1986-2019 Xilinx, Inc. All Rights Reserved.
==============================================================
==============================================================
Vivado(TM) HLS - High-Level Synthesis from C, C++ and SystemC v2019.2 (64-bit)
Copyright 1986-2019 Xilinx, Inc. All Rights Reserved.
==============================================================
==============================================================
Vivado(TM) HLS - High-Level Synthesis from C, C++ and SystemC v2019.2 (64-bit)
Copyright 1986-2019 Xilinx, Inc. All Rights Reserved.
==============================================================
==============================================================
Vivado(TM) HLS - High-Level Synthesis from C, C++ and SystemC v2019.2 (64-bit)
Copyright 1986-2019 Xilinx, Inc. All Rights Reserved.
==============================================================
==============================================================
Vivado(TM) HLS - High-Level Synthesis from C, C++ and SystemC v2019.2 (64-bit)
Copyright 1986-2019 Xilinx, Inc. All Rights Reserved.
==============================================================
==============================================================
Vivado(TM) HLS - High-Level Synthesis from C, C++ and SystemC v2019.2 (64-bit)
Copyright 1986-2019 Xilinx, Inc. All Rights Reserved.
==============================================================
INFO: [HLS 200-10] Setting target device to 'xc7z020-clg484-1'
INFO: [SYN 201-201] Setting up clock 'default' with a period of 10ns.
INFO: [SIM 211-2] *************** CSIM start ***************
INFO: [SIM 211-4] CSIM will launch GCC as the compiler.
INFO: [SIM 211-1] CSim done with 0 errors.
INFO: [SIM 211-3] *************** CSIM finish ***************
INFO: [SCHED 204-61] Option 'relax_ii_for_timing' is enabled, will increase II to preserve clock frequency constraints.
INFO: [HLS 200-10] Analyzing design file 'aes_new.cpp' ... 
INFO: [HLS 200-111] Finished Linking Time (s): cpu = 00:00:05 ; elapsed = 00:00:06 . Memory (MB): peak = 1168.148 ; gain = 530.125 ; free physical = 10673 ; free virtual = 26448
INFO: [HLS 200-111] Finished Checking Pragmas Time (s): cpu = 00:00:05 ; elapsed = 00:00:06 . Memory (MB): peak = 1168.148 ; gain = 530.125 ; free physical = 10673 ; free virtual = 26448
INFO: [HLS 200-10] Starting code transformations ...
INFO: [HLS 200-111] Finished Standard Transforms Time (s): cpu = 00:00:06 ; elapsed = 00:00:07 . Memory (MB): peak = 1168.148 ; gain = 530.125 ; free physical = 10671 ; free virtual = 26446
INFO: [HLS 200-10] Checking synthesizability ...
INFO: [XFORM 203-602] Inlining function 'invShiftRow' into 'invShiftRows' (aes_new.cpp:517) automatically.
INFO: [XFORM 203-602] Inlining function 'getSBoxInvert' into 'invSubBytes' (aes_new.cpp:509) automatically.
INFO: [XFORM 203-602] Inlining function 'invSubBytes' into 'aes_invRound' (aes_new.cpp:589) automatically.
INFO: [XFORM 203-602] Inlining function 'addRoundKey' into 'aes_invRound' (aes_new.cpp:590) automatically.
INFO: [XFORM 203-602] Inlining function 'addRoundKey' into 'aes_invMain' (aes_new.cpp:601) automatically.
INFO: [XFORM 203-602] Inlining function 'aes_invRound' into 'aes_invMain' (aes_new.cpp:606) automatically.
INFO: [XFORM 203-602] Inlining function 'invSubBytes' into 'aes_invMain' (aes_new.cpp:611) automatically.
INFO: [HLS 200-111] Finished Checking Synthesizability Time (s): cpu = 00:00:06 ; elapsed = 00:00:07 . Memory (MB): peak = 1168.148 ; gain = 530.125 ; free physical = 10669 ; free virtual = 26445
INFO: [XFORM 203-102] Automatically partitioning small array 'column' (aes_new.cpp:537) completely based on array size.
INFO: [XFORM 203-102] Automatically partitioning small array 'cpy' (aes_new.cpp:561) completely based on array size.
INFO: [XFORM 203-101] Partitioning array 'column' (aes_new.cpp:537) in dimension 1 completely.
INFO: [XFORM 203-101] Partitioning array 'cpy' (aes_new.cpp:561) in dimension 1 completely.
INFO: [XFORM 203-602] Inlining function 'invShiftRow' into 'invShiftRows' (aes_new.cpp:517) automatically.
INFO: [XFORM 203-602] Inlining function 'getSBoxInvert' into 'invSubBytes' (aes_new.cpp:509) automatically.
INFO: [XFORM 203-602] Inlining function 'invSubBytes' into 'aes_invRound' (aes_new.cpp:589) automatically.
INFO: [XFORM 203-602] Inlining function 'addRoundKey' into 'aes_invRound' (aes_new.cpp:590) automatically.
INFO: [XFORM 203-602] Inlining function 'addRoundKey' into 'aes_invMain' (aes_new.cpp:601) automatically.
INFO: [XFORM 203-602] Inlining function 'aes_invRound' into 'aes_invMain' (aes_new.cpp:606) automatically.
INFO: [XFORM 203-602] Inlining function 'invSubBytes' into 'aes_invMain' (aes_new.cpp:611) automatically.
WARNING: [XFORM 203-561] Updating loop upper bound from 255 to 3 for loop 'Loop-0-0' in function 'invShiftRows'.
INFO: [XFORM 203-11] Balancing expressions in function 'invMixColumn' (aes_new.cpp:559)...12 expression(s) balanced.
INFO: [HLS 200-111] Finished Pre-synthesis Time (s): cpu = 00:00:06 ; elapsed = 00:00:07 . Memory (MB): peak = 1168.148 ; gain = 530.125 ; free physical = 10652 ; free virtual = 26428
WARNING: [XFORM 203-631] Renaming function 'galois_multiplication' to 'galois_multiplicatio' (aes_new.cpp:308:36)
INFO: [HLS 200-472] Inferring partial write operation for 'state' (aes_new.cpp:529:13)
INFO: [HLS 200-472] Inferring partial write operation for 'state' (aes_new.cpp:530:9)
INFO: [HLS 200-472] Inferring partial write operation for 'state' (aes_new.cpp:554:13)
INFO: [HLS 200-472] Inferring partial write operation for 'roundKey' (aes_new.cpp:391:13)
INFO: [HLS 200-472] Inferring partial write operation for 'state' (aes_new.cpp:300:9)
INFO: [HLS 200-472] Inferring partial write operation for 'state' (aes_new.cpp:509:20)
INFO: [HLS 200-472] Inferring partial write operation for 'state' (aes_new.cpp:300:9)
INFO: [HLS 200-472] Inferring partial write operation for 'state' (aes_new.cpp:509:20)
INFO: [HLS 200-472] Inferring partial write operation for 'state' (aes_new.cpp:300:9)
INFO: [HLS 200-472] Inferring partial write operation for 'block' (aes_new.cpp:675:17)
INFO: [HLS 200-472] Inferring partial write operation for 'output' (aes_new.cpp:689:17)
INFO: [HLS 200-111] Finished Architecture Synthesis Time (s): cpu = 00:00:06 ; elapsed = 00:00:08 . Memory (MB): peak = 1168.148 ; gain = 530.125 ; free physical = 10593 ; free virtual = 26369
INFO: [HLS 200-10] Starting hardware synthesis ...
INFO: [HLS 200-10] Synthesizing 'dut' ...
INFO: [HLS 200-10] ----------------------------------------------------------------
INFO: [HLS 200-42] -- Implementing module 'createRoundKey' 
INFO: [HLS 200-10] ----------------------------------------------------------------
INFO: [SCHED 204-11] Starting scheduling ...
INFO: [SCHED 204-11] Finished scheduling.
INFO: [HLS 200-111]  Elapsed time: 7.66 seconds; current allocated memory: 183.543 MB.
INFO: [BIND 205-100] Starting micro-architecture generation ...
INFO: [BIND 205-101] Performing variable lifetime analysis.
INFO: [BIND 205-101] Exploring resource sharing.
INFO: [BIND 205-101] Binding ...
INFO: [BIND 205-100] Finished micro-architecture generation.
INFO: [HLS 200-111]  Elapsed time: 0.02 seconds; current allocated memory: 183.678 MB.
INFO: [HLS 200-10] ----------------------------------------------------------------
INFO: [HLS 200-42] -- Implementing module 'invShiftRows' 
INFO: [HLS 200-10] ----------------------------------------------------------------
INFO: [SCHED 204-11] Starting scheduling ...
INFO: [SCHED 204-11] Finished scheduling.
INFO: [HLS 200-111]  Elapsed time: 0.04 seconds; current allocated memory: 183.837 MB.
INFO: [BIND 205-100] Starting micro-architecture generation ...
INFO: [BIND 205-101] Performing variable lifetime analysis.
INFO: [BIND 205-101] Exploring resource sharing.
INFO: [BIND 205-101] Binding ...
INFO: [BIND 205-100] Finished micro-architecture generation.
INFO: [HLS 200-111]  Elapsed time: 0.03 seconds; current allocated memory: 184.027 MB.
INFO: [HLS 200-10] ----------------------------------------------------------------
INFO: [HLS 200-42] -- Implementing module 'galois_multiplicatio' 
INFO: [HLS 200-10] ----------------------------------------------------------------
INFO: [SCHED 204-11] Starting scheduling ...
INFO: [SCHED 204-11] Finished scheduling.
INFO: [HLS 200-111]  Elapsed time: 0.03 seconds; current allocated memory: 184.126 MB.
INFO: [BIND 205-100] Starting micro-architecture generation ...
INFO: [BIND 205-101] Performing variable lifetime analysis.
INFO: [BIND 205-101] Exploring resource sharing.
INFO: [BIND 205-101] Binding ...
INFO: [BIND 205-100] Finished micro-architecture generation.
INFO: [HLS 200-111]  Elapsed time: 0.02 seconds; current allocated memory: 184.232 MB.
INFO: [HLS 200-10] ----------------------------------------------------------------
INFO: [HLS 200-42] -- Implementing module 'invMixColumn' 
INFO: [HLS 200-10] ----------------------------------------------------------------
INFO: [SCHED 204-11] Starting scheduling ...
INFO: [SCHED 204-11] Finished scheduling.
INFO: [HLS 200-111]  Elapsed time: 0.03 seconds; current allocated memory: 184.425 MB.
INFO: [BIND 205-100] Starting micro-architecture generation ...
INFO: [BIND 205-101] Performing variable lifetime analysis.
INFO: [BIND 205-101] Exploring resource sharing.
INFO: [BIND 205-101] Binding ...
INFO: [BIND 205-100] Finished micro-architecture generation.
INFO: [HLS 200-111]  Elapsed time: 0.05 seconds; current allocated memory: 184.740 MB.
INFO: [HLS 200-10] ----------------------------------------------------------------
INFO==============================================================
Vivado(TM) HLS - High-Level Synthesis from C, C++ and SystemC v2019.2 (64-bit)
Copyright 1986-2019 Xilinx, Inc. All Rights Reserved.
==============================================================
INFO: [HLS 200-10] Setting target device to 'xc7z020-clg484-1'
INFO: [SYN 201-201] Setting up clock 'default' with a period of 10ns.
INFO: [SIM 211-2] *************** CSIM start ***************
INFO: [SIM 211-4] CSIM will launch GCC as the compiler.
INFO: [SIM 211-1] CSim done with 0 errors.
INFO: [SIM 211-3] *************** CSIM finish ***************
INFO: [SCHED 204-61] Option 'relax_ii_for_timing' is enabled, will increase II to preserve clock frequency constraints.
INFO: [HLS 200-10] Analyzing design file 'aes_new.cpp' ... 
INFO: [HLS 200-111] Finished Linking Time (s): cpu = 00:00:05 ; elapsed = 00:00:09 . Memory (MB): peak = 1168.148 ; gain = 530.125 ; free physical = 10328 ; free virtual = 30509
INFO: [HLS 200-111] Finished Checking Pragmas Time (s): cpu = 00:00:05 ; elapsed = 00:00:09 . Memory (MB): peak = 1168.148 ; gain = 530.125 ; free physical = 10328 ; free virtual = 30509
INFO: [HLS 200-10] Starting code transformations ...
INFO: [HLS 200-111] Finished Standard Transforms Time (s): cpu = 00:00:06 ; elapsed = 00:00:09 . Memory (MB): peak = 1168.148 ; gain = 530.125 ; free physical = 10321 ; free virtual = 30508
INFO: [HLS 200-10] Checking synthesizability ...
INFO: [XFORM 203-602] Inlining function 'invShiftRow' into 'invShiftRows' (aes_new.cpp:517) automatically.
INFO: [XFORM 203-602] Inlining function 'getSBoxInvert' into 'invSubBytes' (aes_new.cpp:509) automatically.
INFO: [XFORM 203-602] Inlining function 'invSubBytes' into 'aes_invRound' (aes_new.cpp:589) automatically.
INFO: [XFORM 203-602] Inlining function 'addRoundKey' into 'aes_invRound' (aes_new.cpp:590) automatically.
INFO: [XFORM 203-602] Inlining function 'addRoundKey' into 'aes_invMain' (aes_new.cpp:601) automatically.
INFO: [XFORM 203-602] Inlining function 'aes_invRound' into 'aes_invMain' (aes_new.cpp:606) automatically.
INFO: [XFORM 203-602] Inlining function 'invSubBytes' into 'aes_invMain' (aes_new.cpp:611) automatically.
INFO: [HLS 200-111] Finished Checking Synthesizability Time (s): cpu = 00:00:06 ; elapsed = 00:00:09 . Memory (MB): peak = 1168.148 ; gain = 530.125 ; free physical = 10320 ; free virtual = 30507
INFO: [XFORM 203-102] Automatically partitioning small array 'column' (aes_new.cpp:537) completely based on array size.
INFO: [XFORM 203-102] Automatically partitioning small array 'cpy' (aes_new.cpp:561) completely based on array size.
INFO: [XFORM 203-101] Partitioning array 'column' (aes_new.cpp:537) in dimension 1 completely.
INFO: [XFORM 203-101] Partitioning array 'cpy' (aes_new.cpp:561) in dimension 1 completely.
INFO: [XFORM 203-602] Inlining function 'invShiftRow' into 'invShiftRows' (aes_new.cpp:517) automatically.
INFO: [XFORM 203-602] Inlining function 'getSBoxInvert' into 'invSubBytes' (aes_new.cpp:509) automatically.
INFO: [XFORM 203-602] Inlining function 'invSubBytes' into 'aes_invRound' (aes_new.cpp:589) automatically.
INFO: [XFORM 203-602] Inlining function 'addRoundKey' into 'aes_invRound' (aes_new.cpp:590) automatically.
INFO: [XFORM 203-602] Inlining function 'addRoundKey' into 'aes_invMain' (aes_new.cpp:601) automatically.
INFO: [XFORM 203-602] Inlining function 'aes_invRound' into 'aes_invMain' (aes_new.cpp:606) automatically.
INFO: [XFORM 203-602] Inlining function 'invSubBytes' into 'aes_invMain' (aes_new.cpp:611) automatically.
WARNING: [XFORM 203-561] Updating loop upper bound from 255 to 3 for loop 'Loop-0-0' in function 'invShiftRows'.
INFO: [XFORM 203-11] Balancing expressions in function 'invMixColumn' (aes_new.cpp:559)...12 expression(s) balanced.
INFO: [HLS 200-111] Finished Pre-synthesis Time (s): cpu = 00:00:06 ; elapsed = 00:00:10 . Memory (MB): peak = 1168.148 ; gain = 530.125 ; free physical = 10304 ; free virtual = 30492
WARNING: [XFORM 203-631] Renaming function 'galois_multiplication' to 'galois_multiplicatio' (aes_new.cpp:308:36)
INFO: [HLS 200-472] Inferring partial write operation for 'state' (aes_new.cpp:529:13)
INFO: [HLS 200-472] Inferring partial write operation for 'state' (aes_new.cpp:530:9)
INFO: [HLS 200-472] Inferring partial write operation for 'state' (aes_new.cpp:554:13)
INFO: [HLS 200-472] Inferring partial write operation for 'roundKey' (aes_new.cpp:391:13)
INFO: [HLS 200-472] Inferring partial write operation for 'state' (aes_new.cpp:300:9)
INFO: [HLS 200-472] Inferring partial write operation for 'state' (aes_new.cpp:509:20)
INFO: [HLS 200-472] Inferring partial write operation for 'state' (aes_new.cpp:300:9)
INFO: [HLS 200-472] Inferring partial write operation for 'state' (aes_new.cpp:509:20)
INFO: [HLS 200-472] Inferring partial write operation for 'state' (aes_new.cpp:300:9)
INFO: [HLS 200-472] Inferring partial write operation for 'block' (aes_new.cpp:675:17)
INFO: [HLS 200-472] Inferring partial write operation for 'output' (aes_new.cpp:689:17)
INFO: [HLS 200-111] Finished Architecture Synthesis Time (s): cpu = 00:00:06 ; elapsed = 00:00:10 . Memory (MB): peak = 1168.148 ; gain = 530.125 ; free physical = 10240 ; free virtual = 30429
INFO: [HLS 200-10] Starting hardware synthesis ...
INFO: [HLS 200-10] Synthesizing 'dut' ...
INFO: [HLS 200-10] ----------------------------------------------------------------
INFO: [HLS 200-42] -- Implementing module 'createRoundKey' 
INFO: [HLS 200-10] ----------------------------------------------------------------
INFO: [SCHED 204-11] Starting scheduling ...
INFO: [SCHED 204-11] Finished scheduling.
INFO: [HLS 200-111]  Elapsed time: 10 seconds; current allocated memory: 183.516 MB.
INFO: [BIND 205-100] Starting micro-architecture generation ...
INFO: [BIND 205-101] Performing variable lifetime analysis.
INFO: [BIND 205-101] Exploring resource sharing.
INFO: [BIND 205-101] Binding ...
INFO: [BIND 205-100] Finished micro-architecture generation.
INFO: [HLS 200-111]  Elapsed time: 0.03 seconds; current allocated memory: 183.666 MB.
INFO: [HLS 200-10] ----------------------------------------------------------------
INFO: [HLS 200-42] -- Implementing module 'invShiftRows' 
INFO: [HLS 200-10] ----------------------------------------------------------------
INFO: [SCHED 204-11] Starting scheduling ...
INFO: [SCHED 204-11] Finished scheduling.
INFO: [HLS 200-111]  Elapsed time: 0.03 seconds; current allocated memory: 183.825 MB.
INFO: [BIND 205-100] Starting micro-architecture generation ...
INFO: [BIND 205-101] Performing variable lifetime analysis.
INFO: [BIND 205-101] Exploring resource sharing.
INFO: [BIND 205-101] Binding ...
INFO: [BIND 205-100] Finished micro-architecture generation.
INFO: [HLS 200-111]  Elapsed time: 0.02 seconds; current allocated memory: 184.014 MB.
INFO: [HLS 200-10] ----------------------------------------------------------------
INFO: [HLS 200-42] -- Implementing module 'galois_multiplicatio' 
INFO: [HLS 200-10] ----------------------------------------------------------------
INFO: [SCHED 204-11] Starting scheduling ...
INFO: [SCHED 204-11] Finished scheduling.
INFO: [HLS 200-111]  Elapsed time: 0.03 seconds; current allocated memory: 184.113 MB.
INFO: [BIND 205-100] Starting micro-architecture generation ...
INFO: [BIND 205-101] Performing variable lifetime analysis.
INFO: [BIND 205-101] Exploring resource sharing.
INFO: [BIND 205-101] Binding ...
INFO: [BIND 205-100] Finished micro-architecture generation.
INFO: [HLS 200-111]  Elapsed time: 0.02 seconds; current allocated memory: 184.218 MB.
INFO: [HLS 200-10] ----------------------------------------------------------------
INFO: [HLS 200-42] -- Implementing module 'invMixColumn' 
INFO: [HLS 200-10] ----------------------------------------------------------------
INFO: [SCHED 204-11] Starting scheduling ...
INFO: [SCHED 204-11] Finished scheduling.
INFO: [HLS 200-111]  Elapsed time: 0.04 seconds; current allocated memory: 184.409 MB.
INFO: [BIND 205-100] Starting micro-architecture generation ...
INFO: [BIND 205-101] Performing variable lifetime analysis.
INFO: [BIND 205-101] Exploring resource sharing.
INFO: [BIND 205-101] Binding ...
INFO: [BIND 205-100] Finished micro-architecture generation.
INFO: [HLS 200-111]  Elapsed time: 0.04 seconds; current allocated memory: 184.726 MB.
INFO: [HLS 200-10] ----------------------------------------------------------------
INFO