==============================================================
Vivado(TM) HLS - High-Level Synthesis from C, C++ and SystemC v2019.2 (64-bit)
Copyright 1986-2019 Xilinx, Inc. All Rights Reserved.
==============================================================
==============================================================
Vivado(TM) HLS - High-Level Synthesis from C, C++ and SystemC v2019.2 (64-bit)
Copyright 1986-2019 Xilinx, Inc. All Rights Reserved.
==============================================================
INFO: [HLS 200-10] Setting target device to 'xc7z020-clg484-1'
INFO: [SYN 201-201] Setting up clock 'default' with a period of 10ns.
INFO: [SIM 211-2] *************** CSIM start ***************
INFO: [SIM 211-4] CSIM will launch GCC as the compiler.
INFO: [SIM 211-1] CSim done with 0 errors.
INFO: [SIM 211-3] *************** CSIM finish ***************
INFO: [SCHED 204-61] Option 'relax_ii_for_timing' is enabled, will increase II to preserve clock frequency constraints.
INFO: [HLS 200-10] Analyzing design file 'blowfish.cpp' ... 
INFO: [HLS 200-111] Finished Linking Time (s): cpu = 00:00:06 ; elapsed = 00:00:10 . Memory (MB): peak = 1168.148 ; gain = 530.125 ; free physical = 26451 ; free virtual = 33521
INFO: [HLS 200-111] Finished Checking Pragmas Time (s): cpu = 00:00:06 ; elapsed = 00:00:10 . Memory (MB): peak = 1168.148 ; gain = 530.125 ; free physical = 26451 ; free virtual = 33521
INFO: [HLS 200-10] Starting code transformations ...
INFO: [HLS 200-111] Finished Standard Transforms Time (s): cpu = 00:00:07 ; elapsed = 00:00:10 . Memory (MB): peak = 1168.148 ; gain = 530.125 ; free physical = 26441 ; free virtual = 33517
INFO: [HLS 200-10] Checking synthesizability ...
INFO: [XFORM 203-602] Inlining function 'feistel' into 'Encrypt_SetKey' (blowfish.cpp:51) automatically.
INFO: [XFORM 203-602] Inlining function 'std::swap<unsigned int>' into 'Encrypt_SetKey' (blowfish.cpp:52) automatically.
INFO: [XFORM 203-602] Inlining function 'blockToWords' into 'Blowfish_Encrypt' (blowfish.cpp:62) automatically.
INFO: [XFORM 203-602] Inlining function 'feistel' into 'Blowfish_Encrypt' (blowfish.cpp:67) automatically.
INFO: [XFORM 203-602] Inlining function 'std::swap<unsigned int>' into 'Blowfish_Encrypt' (blowfish.cpp:68) automatically.
INFO: [XFORM 203-602] Inlining function 'wordsToBlock' into 'Blowfish_Encrypt' (blowfish.cpp:73) automatically.
INFO: [HLS 200-111] Finished Checking Synthesizability Time (s): cpu = 00:00:07 ; elapsed = 00:00:10 . Memory (MB): peak = 1168.148 ; gain = 530.125 ; free physical = 26438 ; free virtual = 33515
INFO: [XFORM 203-602] Inlining function 'feistel' into 'Encrypt_SetKey' (blowfish.cpp:51) automatically.
INFO: [XFORM 203-602] Inlining function 'std::swap<unsigned int>' into 'Encrypt_SetKey' (blowfish.cpp:52) automatically.
INFO: [XFORM 203-602] Inlining function 'blockToWords' into 'Blowfish_Encrypt' (blowfish.cpp:62) automatically.
INFO: [XFORM 203-602] Inlining function 'feistel' into 'Blowfish_Encrypt' (blowfish.cpp:67) automatically.
INFO: [XFORM 203-602] Inlining function 'std::swap<unsigned int>' into 'Blowfish_Encrypt' (blowfish.cpp:68) automatically.
INFO: [XFORM 203-602] Inlining function 'wordsToBlock' into 'Blowfish_Encrypt' (blowfish.cpp:73) automatically.
INFO: [HLS 200-111] Finished Pre-synthesis Time (s): cpu = 00:00:07 ; elapsed = 00:00:10 . Memory (MB): peak = 1168.148 ; gain = 530.125 ; free physical = 26414 ; free virtual = 33491
INFO: [HLS 200-111] Finished Architecture Synthesis Time (s): cpu = 00:00:07 ; elapsed = 00:00:11 . Memory (MB): peak = 1168.148 ; gain = 530.125 ; free physical = 26394 ; free virtual = 33473
INFO: [HLS 200-10] Starting hardware synthesis ...
INFO: [HLS 200-10] Synthesizing 'Blowfish_SetKey_Encrypt' ...
INFO: [HLS 200-10] ----------------------------------------------------------------
INFO: [HLS 200-42] -- Implementing module 'Encrypt_SetKey' 
INFO: [HLS 200-10] ----------------------------------------------------------------
INFO: [SCHED 204-11] Starting scheduling ...
INFO: [SCHED 204-11] Finished scheduling.
INFO: [HLS 200-111]  Elapsed time: 10.59 seconds; current allocated memory: 154.055 MB.
INFO: [BIND 205-100] Starting micro-architecture generation ...
INFO: [BIND 205-101] Performing variable lifetime analysis.
INFO: [BIND 205-101] Exploring resource sharing.
INFO: [BIND 205-101] Binding ...
INFO: [BIND 205-100] Finished micro-architecture generation.
INFO: [HLS 200-111]  Elapsed time: 0.03 seconds; current allocated memory: 154.285 MB.
INFO: [HLS 200-10] ----------------------------------------------------------------
INFO: [HLS 200-42] -- Implementing module 'Blowfish_SetKey' 
INFO: [HLS 200-10] ----------------------------------------------------------------
INFO: [SCHED 204-11] Starting scheduling ...
INFO: [SCHED 204-11] Finished scheduling.
INFO: [HLS 200-111]  Elapsed time: 0.06 seconds; current allocated memory: 154.789 MB.
INFO: [BIND 205-100] Starting micro-architecture generation ...
INFO: [BIND 205-101] Performing variable lifetime analysis.
INFO: [BIND 205-101] Exploring resource sharing.
INFO: [BIND 205-101] Binding ...
INFO: [BIND 205-100] Finished micro-architecture generation.
INFO: [HLS 200-111]  Elapsed time: 0.06 seconds; current allocated memory: 155.394 MB.
INFO: [HLS 200-10] ----------------------------------------------------------------
INFO: [HLS 200-42] -- Implementing module 'Blowfish_Encrypt' 
INFO: [HLS 200-10] ----------------------------------------------------------------
INFO: [SCHED 204-11] Starting scheduling ...
INFO: [SCHED 204-11] Finished scheduling.
INFO: [HLS 200-111]  Elapsed time: 0.09 seconds; current allocated memory: 155.748 MB.
INFO: [BIND 205-100] Starting micro-architecture generation ...
INFO: [BIND 205-101] Performing variable lifetime analysis.
INFO: [BIND 205-101] Exploring resource sharing.
INFO: [BIND 205-101] Binding ...
INFO: [BIND 205-100] Finished micro-architecture generation.
INFO: [HLS 200-111]  Elapsed time: 0.04 seconds; current allocated memory: 156.164 MB.
INFO: [HLS 200-10] ----------------------------------------------------------------
INFO: [HLS 200-42] -- Implementing module 'Blowfish_SetKey_Encrypt' 
INFO: [HLS 200-10] ----------------------------------------------------------------
INFO: [SCHED 204-11] Starting scheduling ...
INFO: [SCHED 204-11] Finished scheduling.
INFO: [HLS 200-111]  Elapsed time: 0.05 seconds; current allocated memory: 156.234 MB.
INFO: [BIND 205-100] Starting micro-architecture generation ...
INFO: [BIND 205-101] Performing variable lifetime analysis.
INFO: [BIND 205-101] Exploring resource sharing.
INFO: [BIND 205-101] Binding ...
INFO: [BIND 205-100] Finished micro-architecture generation.
INFO: [HLS 200-111]  Elapsed time: 0.05 seconds; current allocated memory: 156.347 MB.
INFO: [HLS 200-10] ----------------------------------------------------------------
INFO: [HLS 200-10] -- Generating RTL for module 'Encrypt_SetKey' 
INFO: [HLS 200-10] ----------------------------------------------------------------
INFO: [RTGEN 206-100] Finished creating RTL model for 'Encrypt_SetKey'.
INFO: [HLS 200-111]  Elapsed time: 0.06 seconds; current allocated memory: 156.789 MB.
INFO: [HLS 200-10] ----------------------------------------------------------------
INFO: [HLS 200-10] -- Generating RTL for module 'Blowfish_SetKey' 
INFO: [HLS 200-10] ----------------------------------------------------------------
INFO: [SYN 201-210] Renamed object name 'Blowfish_SetKey_initial_parray' to 'Blowfish_SetKey_ibkb' due to the length limit 20
INFO: [SYN 201-210] Renamed object name 'Blowfish_SetKey_initial_sbox' to 'Blowfish_SetKey_icud' due to the length limit 20
INFO: [SYN 201-210] Renamed object name 'Blowfish_SetKey_Encrypt_urem_64ns_64ns_64_68_seq_1' to 'Blowfish_SetKey_EdEe' due to the length limit 20
INFO: [RTGEN 206-100] Generating core module 'Blowfish_SetKey_EdEe': 1 instance(s).
INFO: [RTGEN 206-100] Finished creating RTL model for 'Blowfish_SetKey'.
INFO: [HLS 200-111]  Elapsed time: 0.09 seconds; current allocated memory: 158.987 MB.
INFO: [HLS 200-10] ----------------------------------------------------------------
INFO: [HLS 200-10] -- Generating RTL for module 'Blowfish_Encrypt' 
INFO: [HLS 200-10] ----------------------------------------------------------------
INFO: [RTGEN 206-100] Finished creating RTL model for 'Blowfish_Encrypt'.
INFO: [HLS 200-111]  Elapsed time: 0.16 seconds; current allocated memory: 161.783 MB.
INFO: [HLS 200-10] ----------------------------------------------------------------
INFO: [HLS 200-10] -- Generating RTL for module 'Blowfish_SetKey_Encrypt' 
INFO: [HLS 200-10] ----------------------------------------------------------------
INFO: [RTGEN 206-500]==============================================================
Vivado(TM) HLS - High-Level Synthesis from C, C++ and SystemC v2019.2 (64-bit)
Copyright 1986-2019 Xilinx, Inc. All Rights Reserved.
==============================================================
==============================================================
Vivado(TM) HLS - High-Level Synthesis from C, C++ and SystemC v2019.2 (64-bit)
Copyright 1986-2019 Xilinx, Inc. All Rights Reserved.
==============================================================
==============================================================
Vivado(TM) HLS - High-Level Synthesis from C, C++ and SystemC v2019.2 (64-bit)
Copyright 1986-2019 Xilinx, Inc. All Rights Reserved.
==============================================================
==============================================================
Vivado(TM) HLS - High-Level Synthesis from C, C++ and SystemC v2019.2 (64-bit)
Copyright 1986-2019 Xilinx, Inc. All Rights Reserved.
==============================================================
==============================================================
Vivado(TM) HLS - High-Level Synthesis from C, C++ and SystemC v2019.2 (64-bit)
Copyright 1986-2019 Xilinx, Inc. All Rights Reserved.
==============================================================
==============================================================
Vivado(TM) HLS - High-Level Synthesis from C, C++ and SystemC v2019.2 (64-bit)
Copyright 1986-2019 Xilinx, Inc. All Rights Reserved.
==============================================================
==============================================================
Vivado(TM) HLS - High-Level Synthesis from C, C++ and SystemC v2019.2 (64-bit)
Copyright 1986-2019 Xilinx, Inc. All Rights Reserved.
==============================================================
==============================================================
Vivado(TM) HLS - High-Level Synthesis from C, C++ and SystemC v2019.2 (64-bit)
Copyright 1986-2019 Xilinx, Inc. All Rights Reserved.
==============================================================
==============================================================
Vivado(TM) HLS - High-Level Synthesis from C, C++ and SystemC v2019.2 (64-bit)
Copyright 1986-2019 Xilinx, Inc. All Rights Reserved.
==============================================================
==============================================================
Vivado(TM) HLS - High-Level Synthesis from C, C++ and SystemC v2019.2 (64-bit)
Copyright 1986-2019 Xilinx, Inc. All Rights Reserved.
==============================================================
==============================================================
Vivado(TM) HLS - High-Level Synthesis from C, C++ and SystemC v2019.2 (64-bit)
Copyright 1986-2019 Xilinx, Inc. All Rights Reserved.
==============================================================
==============================================================
Vivado(TM) HLS - High-Level Synthesis from C, C++ and SystemC v2019.2 (64-bit)
Copyright 1986-2019 Xilinx, Inc. All Rights Reserved.
==============================================================
==============================================================
Vivado(TM) HLS - High-Level Synthesis from C, C++ and SystemC v2019.2 (64-bit)
Copyright 1986-2019 Xilinx, Inc. All Rights Reserved.
==============================================================
==============================================================
Vivado(TM) HLS - High-Level Synthesis from C, C++ and SystemC v2019.2 (64-bit)
Copyright 1986-2019 Xilinx, Inc. All Rights Reserved.
==============================================================
==============================================================
Vivado(TM) HLS - High-Level Synthesis from C, C++ and SystemC v2019.2 (64-bit)
Copyright 1986-2019 Xilinx, Inc. All Rights Reserved.
==============================================================
==============================================================
Vivado(TM) HLS - High-Level Synthesis from C, C++ and SystemC v2019.2 (64-bit)
Copyright 1986-2019 Xilinx, Inc. All Rights Reserved.
==============================================================
==============================================================
Vivado(TM) HLS - High-Level Synthesis from C, C++ and SystemC v2019.2 (64-bit)
Copyright 1986-2019 Xilinx, Inc. All Rights Reserved.
==============================================================
==============================================================
Vivado(TM) HLS - High-Level Synthesis from C, C++ and SystemC v2019.2 (64-bit)
Copyright 1986-2019 Xilinx, Inc. All Rights Reserved.
==============================================================
==============================================================
Vivado(TM) HLS - High-Level Synthesis from C, C++ and SystemC v2019.2 (64-bit)
Copyright 1986-2019 Xilinx, Inc. All Rights Reserved.
==============================================================
==============================================================
Vivado(TM) HLS - High-Level Synthesis from C, C++ and SystemC v2019.2 (64-bit)
Copyright 1986-2019 Xilinx, Inc. All Rights Reserved.
==============================================================
INFO: [HLS 200-10] Setting target device to 'xc7z020-clg484-1'
INFO: [SYN 201-201] Setting up clock 'default' with a period of 10ns.
INFO: [SIM 211-2] *************** CSIM start ***************
INFO: [SIM 211-4] CSIM will launch GCC as the compiler.
INFO: [SIM 211-1] CSim done with 0 errors.
INFO: [SIM 211-3] *************** CSIM finish ***************
INFO: [SCHED 204-61] Option 'relax_ii_for_timing' is enabled, will increase II to preserve clock frequency constraints.
INFO: [HLS 200-10] Analyzing design file 'blowfish.cpp' ... 
INFO: [HLS 200-111] Finished Linking Time (s): cpu = 00:00:06 ; elapsed = 00:00:08 . Memory (MB): peak = 1168.148 ; gain = 530.125 ; free physical = 25490 ; free virtual = 33245
INFO: [HLS 200-111] Finished Checking Pragmas Time (s): cpu = 00:00:06 ; elapsed = 00:00:08 . Memory (MB): peak = 1168.148 ; gain = 530.125 ; free physical = 25490 ; free virtual = 33245
INFO: [HLS 200-10] Starting code transformations ...
INFO: [HLS 200-111] Finished Standard Transforms Time (s): cpu = 00:00:07 ; elapsed = 00:00:08 . Memory (MB): peak = 1168.148 ; gain = 530.125 ; free physical = 25487 ; free virtual = 33242
INFO: [HLS 200-10] Checking synthesizability ...
INFO: [XFORM 203-602] Inlining function 'feistel' into 'Encrypt_SetKey' (blowfish.cpp:51) automatically.
INFO: [XFORM 203-602] Inlining function 'std::swap<unsigned int>' into 'Encrypt_SetKey' (blowfish.cpp:52) automatically.
INFO: [XFORM 203-602] Inlining function 'blockToWords' into 'Blowfish_Encrypt' (blowfish.cpp:62) automatically.
INFO: [XFORM 203-602] Inlining function 'feistel' into 'Blowfish_Encrypt' (blowfish.cpp:67) automatically.
INFO: [XFORM 203-602] Inlining function 'std::swap<unsigned int>' into 'Blowfish_Encrypt' (blowfish.cpp:68) automatically.
INFO: [XFORM 203-602] Inlining function 'wordsToBlock' into 'Blowfish_Encrypt' (blowfish.cpp:73) automatically.
INFO: [HLS 200-111] Finished Checking Synthesizability Time (s): cpu = 00:00:07 ; elapsed = 00:00:08 . Memory (MB): peak = 1168.148 ; gain = 530.125 ; free physical = 25484 ; free virtual = 33240
INFO: [XFORM 203-602] Inlining function 'feistel' into 'Encrypt_SetKey' (blowfish.cpp:51) automatically.
INFO: [XFORM 203-602] Inlining function 'std::swap<unsigned int>' into 'Encrypt_SetKey' (blowfish.cpp:52) automatically.
INFO: [XFORM 203-602] Inlining function 'blockToWords' into 'Blowfish_Encrypt' (blowfish.cpp:62) automatically.
INFO: [XFORM 203-602] Inlining function 'feistel' into 'Blowfish_Encrypt' (blowfish.cpp:67) automatically.
INFO: [XFORM 203-602] Inlining function 'std::swap<unsigned int>' into 'Blowfish_Encrypt' (blowfish.cpp:68) automatically.
INFO: [XFORM 203-602] Inlining function 'wordsToBlock' into 'Blowfish_Encrypt' (blowfish.cpp:73) automatically.
INFO: [HLS 200-111] Finished Pre-synthesis Time (s): cpu = 00:00:07 ; elapsed = 00:00:09 . Memory (MB): peak = 1168.148 ; gain = 530.125 ; free physical = 25462 ; free virtual = 33219
INFO: [HLS 200-111] Finished Architecture Synthesis Time (s): cpu = 00:00:07 ; elapsed = 00:00:09 . Memory (MB): peak = 1168.148 ; gain = 530.125 ; free physical = 25444 ; free virtual = 33200
INFO: [HLS 200-10] Starting hardware synthesis ...
INFO: [HLS 200-10] Synthesizing 'Blowfish_SetKey_Encrypt' ...
INFO: [HLS 200-10] ----------------------------------------------------------------
INFO: [HLS 200-42] -- Implementing module 'Encrypt_SetKey' 
INFO: [HLS 200-10] ----------------------------------------------------------------
INFO: [SCHED 204-11] Starting scheduling ...
INFO: [SCHED 204-11] Finished scheduling.
INFO: [HLS 200-111]  Elapsed time: 8.72 seconds; current allocated memory: 154.031 MB.
INFO: [BIND 205-100] Starting micro-architecture generation ...
INFO: [BIND 205-101] Performing variable lifetime analysis.
INFO: [BIND 205-101] Exploring resource sharing.
INFO: [BIND 205-101] Binding ...
INFO: [BIND 205-100] Finished micro-architecture generation.
INFO: [HLS 200-111]  Elapsed time: 0.03 seconds; current allocated memory: 154.262 MB.
INFO: [HLS 200-10] ----------------------------------------------------------------
INFO: [HLS 200-42] -- Implementing module 'Blowfish_SetKey' 
INFO: [HLS 200-10] ----------------------------------------------------------------
INFO: [SCHED 204-11] Starting scheduling ...
INFO: [SCHED 204-11] Finished scheduling.
INFO: [HLS 200-111]  Elapsed time: 0.08 seconds; current allocated memory: 154.765 MB.
INFO: [BIND 205-100] Starting micro-architecture generation ...
INFO: [BIND 205-101] Performing variable lifetime analysis.
INFO: [BIND 205-101] Exploring resource sharing.
INFO: [BIND 205-101] Binding ...
INFO: [BIND 205-100] Finished micro-architecture generation.
INFO: [HLS 200-111]  Elapsed time: 0.06 seconds; current allocated memory: 155.370 MB.
INFO: [HLS 200-10] ----------------------------------------------------------------
INFO: [HLS 200-42] -- Implementing module 'Blowfish_Encrypt' 
INFO: [HLS 200-10] ----------------------------------------------------------------
INFO: [SCHED 204-11] Starting scheduling ...
INFO: [SCHED 204-11] Finished scheduling.
INFO: [HLS 200-111]  Elapsed time: 0.09 seconds; current allocated memory: 155.743 MB.
INFO: [BIND 205-100] Starting micro-architecture generation ...
INFO: [BIND 205-101] Performing variable lifetime analysis.
INFO: [BIND 205-101] Exploring resource sharing.
INFO: [BIND 205-101] Binding ...
INFO: [BIND 205-100] Finished micro-architecture generation.
INFO: [HLS 200-111]  Elapsed time: 0.05 seconds; current allocated memory: 156.161 MB.
INFO: [HLS 200-10] ----------------------------------------------------------------
INFO: [HLS 200-42] -- Implementing module 'Blowfish_SetKey_Encrypt' 
INFO: [HLS 200-10] ----------------------------------------------------------------
INFO: [SCHED 204-11] Starting scheduling ...
INFO: [SCHED 204-11] Finished scheduling.
INFO: [HLS 200-111]  Elapsed time: 0.06 seconds; current allocated memory: 156.230 MB.
INFO: [BIND 205-100] Starting micro-architecture generation ...
INFO: [BIND 205-101] Performing variable lifetime analysis.
INFO: [BIND 205-101] Exploring resource sharing.
INFO: [BIND 205-101] Binding ...
INFO: [BIND 205-100] Finished micro-architecture generation.
INFO: [HLS 200-111]  Elapsed time: 0.05 seconds; current allocated memory: 156.342 MB.
INFO: [HLS 200-10] ----------------------------------------------------------------
INFO: [HLS 200-10] -- Generating RTL for module 'Encrypt_SetKey' 
INFO: [HLS 200-10] ----------------------------------------------------------------
INFO: [RTGEN 206-100] Finished creating RTL model for 'Encrypt_SetKey'.
INFO: [HLS 200-111]  Elapsed time: 0.07 seconds; current allocated memory: 156.785 MB.
INFO: [HLS 200-10] ----------------------------------------------------------------
INFO: [HLS 200-10] -- Generating RTL for module 'Blowfish_SetKey' 
INFO: [HLS 200-10] ----------------------------------------------------------------
INFO: [SYN 201-210] Renamed object name 'Blowfish_SetKey_initial_parray' to 'Blowfish_SetKey_ibkb' due to the length limit 20
INFO: [SYN 201-210] Renamed object name 'Blowfish_SetKey_initial_sbox' to 'Blowfish_SetKey_icud' due to the length limit 20
INFO: [SYN 201-210] Renamed object name 'Blowfish_SetKey_Encrypt_urem_64ns_64ns_64_68_seq_1' to 'Blowfish_SetKey_EdEe' due to the length limit 20
INFO: [RTGEN 206-100] Generating core module 'Blowfish_SetKey_EdEe': 1 instance(s).
INFO: [RTGEN 206-100] Finished creating RTL model for 'Blowfish_SetKey'.
INFO: [HLS 200-111]  Elapsed time: 0.1 seconds; current allocated memory: 158.982 MB.
INFO: [HLS 200-10] ----------------------------------------------------------------
INFO: [HLS 200-10] -- Generating RTL for module 'Blowfish_Encrypt' 
INFO: [HLS 200-10] ----------------------------------------------------------------
INFO: [RTGEN 206-100] Finished creating RTL model for 'Blowfish_Encrypt'.
INFO: [HLS 200-111]  Elapsed time: 0.16 seconds; current allocated memory: 161.776 MB.
INFO: [HLS 200-10] ----------------------------------------------------------------
INFO: [HLS 200-10] -- Generating RTL for module 'Blowfish_SetKey_Encrypt' 
INFO: [HLS 200-10] ----------------------------------------------------------------
INFO: [RTGEN 206-500]==============================================================
Vivado(TM) HLS - High-Level Synthesis from C, C++ and SystemC v2019.2 (64-bit)
Copyright 1986-2019 Xilinx, Inc. All Rights Reserved.
==============================================================
INFO: [HLS 200-10] Setting target device to 'xc7z020-clg484-1'
INFO: [SYN 201-201] Setting up clock 'default' with a period of 10ns.
INFO: [SIM 211-2] *************** CSIM start ***************
INFO: [SIM 211-4] CSIM will launch GCC as the compiler.
INFO: [SIM 211-1] CSim done with 0 errors.
INFO: [SIM 211-3] *************** CSIM finish ***************
INFO: [SCHED 204-61] Option 'relax_ii_for_timing' is enabled, will increase II to preserve clock frequency constraints.
INFO: [HLS 200-10] Analyzing design file 'blowfish.cpp' ... 
INFO: [HLS 200-111] Finished Linking Time (s): cpu = 00:00:06 ; elapsed = 00:00:08 . Memory (MB): peak = 1168.148 ; gain = 530.125 ; free physical = 25355 ; free virtual = 33153
INFO: [HLS 200-111] Finished Checking Pragmas Time (s): cpu = 00:00:06 ; elapsed = 00:00:08 . Memory (MB): peak = 1168.148 ; gain = 530.125 ; free physical = 25355 ; free virtual = 33153
INFO: [HLS 200-10] Starting code transformations ...
INFO: [HLS 200-111] Finished Standard Transforms Time (s): cpu = 00:00:07 ; elapsed = 00:00:08 . Memory (MB): peak = 1168.148 ; gain = 530.125 ; free physical = 25353 ; free virtual = 33151
INFO: [HLS 200-10] Checking synthesizability ...
INFO: [XFORM 203-602] Inlining function 'feistel' into 'Encrypt_SetKey' (blowfish.cpp:51) automatically.
INFO: [XFORM 203-602] Inlining function 'std::swap<unsigned int>' into 'Encrypt_SetKey' (blowfish.cpp:52) automatically.
INFO: [XFORM 203-602] Inlining function 'blockToWords' into 'Blowfish_Encrypt' (blowfish.cpp:62) automatically.
INFO: [XFORM 203-602] Inlining function 'feistel' into 'Blowfish_Encrypt' (blowfish.cpp:67) automatically.
INFO: [XFORM 203-602] Inlining function 'std::swap<unsigned int>' into 'Blowfish_Encrypt' (blowfish.cpp:68) automatically.
INFO: [XFORM 203-602] Inlining function 'wordsToBlock' into 'Blowfish_Encrypt' (blowfish.cpp:73) automatically.
INFO: [HLS 200-111] Finished Checking Synthesizability Time (s): cpu = 00:00:07 ; elapsed = 00:00:08 . Memory (MB): peak = 1168.148 ; gain = 530.125 ; free physical = 25351 ; free virtual = 33150
INFO: [XFORM 203-602] Inlining function 'feistel' into 'Encrypt_SetKey' (blowfish.cpp:51) automatically.
INFO: [XFORM 203-602] Inlining function 'std::swap<unsigned int>' into 'Encrypt_SetKey' (blowfish.cpp:52) automatically.
INFO: [XFORM 203-602] Inlining function 'blockToWords' into 'Blowfish_Encrypt' (blowfish.cpp:62) automatically.
INFO: [XFORM 203-602] Inlining function 'feistel' into 'Blowfish_Encrypt' (blowfish.cpp:67) automatically.
INFO: [XFORM 203-602] Inlining function 'std::swap<unsigned int>' into 'Blowfish_Encrypt' (blowfish.cpp:68) automatically.
INFO: [XFORM 203-602] Inlining function 'wordsToBlock' into 'Blowfish_Encrypt' (blowfish.cpp:73) automatically.
INFO: [HLS 200-111] Finished Pre-synthesis Time (s): cpu = 00:00:07 ; elapsed = 00:00:08 . Memory (MB): peak = 1168.148 ; gain = 530.125 ; free physical = 25329 ; free virtual = 33129
INFO: [HLS 200-111] Finished Architecture Synthesis Time (s): cpu = 00:00:07 ; elapsed = 00:00:09 . Memory (MB): peak = 1168.148 ; gain = 530.125 ; free physical = 25311 ; free virtual = 33111
INFO: [HLS 200-10] Starting hardware synthesis ...
INFO: [HLS 200-10] Synthesizing 'Blowfish_SetKey_Encrypt' ...
INFO: [HLS 200-10] ----------------------------------------------------------------
INFO: [HLS 200-42] -- Implementing module 'Encrypt_SetKey' 
INFO: [HLS 200-10] ----------------------------------------------------------------
INFO: [SCHED 204-11] Starting scheduling ...
INFO: [SCHED 204-11] Finished scheduling.
INFO: [HLS 200-111]  Elapsed time: 8.65 seconds; current allocated memory: 154.047 MB.
INFO: [BIND 205-100] Starting micro-architecture generation ...
INFO: [BIND 205-101] Performing variable lifetime analysis.
INFO: [BIND 205-101] Exploring resource sharing.
INFO: [BIND 205-101] Binding ...
INFO: [BIND 205-100] Finished micro-architecture generation.
INFO: [HLS 200-111]  Elapsed time: 0.03 seconds; current allocated memory: 154.278 MB.
INFO: [HLS 200-10] ----------------------------------------------------------------
INFO: [HLS 200-42] -- Implementing module 'Blowfish_SetKey' 
INFO: [HLS 200-10] ----------------------------------------------------------------
INFO: [SCHED 204-11] Starting scheduling ...
INFO: [SCHED 204-11] Finished scheduling.
INFO: [HLS 200-111]  Elapsed time: 0.05 seconds; current allocated memory: 154.782 MB.
INFO: [BIND 205-100] Starting micro-architecture generation ...
INFO: [BIND 205-101] Performing variable lifetime analysis.
INFO: [BIND 205-101] Exploring resource sharing.
INFO: [BIND 205-101] Binding ...
INFO: [BIND 205-100] Finished micro-architecture generation.
INFO: [HLS 200-111]  Elapsed time: 0.06 seconds; current allocated memory: 155.388 MB.
INFO: [HLS 200-10] ----------------------------------------------------------------
INFO: [HLS 200-42] -- Implementing module 'Blowfish_Encrypt' 
INFO: [HLS 200-10] ----------------------------------------------------------------
INFO: [SCHED 204-11] Starting scheduling ...
INFO: [SCHED 204-11] Finished scheduling.
INFO: [HLS 200-111]  Elapsed time: 0.09 seconds; current allocated memory: 155.744 MB.
INFO: [BIND 205-100] Starting micro-architecture generation ...
INFO: [BIND 205-101] Performing variable lifetime analysis.
INFO: [BIND 205-101] Exploring resource sharing.
INFO: [BIND 205-101] Binding ...
INFO: [BIND 205-100] Finished micro-architecture generation.
INFO: [HLS 200-111]  Elapsed time: 0.04 seconds; current allocated memory: 156.161 MB.
INFO: [HLS 200-10] ----------------------------------------------------------------
INFO: [HLS 200-42] -- Implementing module 'Blowfish_SetKey_Encrypt' 
INFO: [HLS 200-10] ----------------------------------------------------------------
INFO: [SCHED 204-11] Starting scheduling ...
INFO: [SCHED 204-11] Finished scheduling.
INFO: [HLS 200-111]  Elapsed time: 0.05 seconds; current allocated memory: 156.230 MB.
INFO: [BIND 205-100] Starting micro-architecture generation ...
INFO: [BIND 205-101] Performing variable lifetime analysis.
INFO: [BIND 205-101] Exploring resource sharing.
INFO: [BIND 205-101] Binding ...
INFO: [BIND 205-100] Finished micro-architecture generation.
INFO: [HLS 200-111]  Elapsed time: 0.04 seconds; current allocated memory: 156.344 MB.
INFO: [HLS 200-10] ----------------------------------------------------------------
INFO: [HLS 200-10] -- Generating RTL for module 'Encrypt_SetKey' 
INFO: [HLS 200-10] ----------------------------------------------------------------
INFO: [RTGEN 206-100] Finished creating RTL model for 'Encrypt_SetKey'.
INFO: [HLS 200-111]  Elapsed time: 0.06 seconds; current allocated memory: 156.787 MB.
INFO: [HLS 200-10] ----------------------------------------------------------------
INFO: [HLS 200-10] -- Generating RTL for module 'Blowfish_SetKey' 
INFO: [HLS 200-10] ----------------------------------------------------------------
INFO: [SYN 201-210] Renamed object name 'Blowfish_SetKey_initial_parray' to 'Blowfish_SetKey_ibkb' due to the length limit 20
INFO: [SYN 201-210] Renamed object name 'Blowfish_SetKey_initial_sbox' to 'Blowfish_SetKey_icud' due to the length limit 20
INFO: [SYN 201-210] Renamed object name 'Blowfish_SetKey_Encrypt_urem_64ns_64ns_64_68_seq_1' to 'Blowfish_SetKey_EdEe' due to the length limit 20
INFO: [RTGEN 206-100] Generating core module 'Blowfish_SetKey_EdEe': 1 instance(s).
INFO: [RTGEN 206-100] Finished creating RTL model for 'Blowfish_SetKey'.
INFO: [HLS 200-111]  Elapsed time: 0.1 seconds; current allocated memory: 158.985 MB.
INFO: [HLS 200-10] ----------------------------------------------------------------
INFO: [HLS 200-10] -- Generating RTL for module 'Blowfish_Encrypt' 
INFO: [HLS 200-10] ----------------------------------------------------------------
INFO: [RTGEN 206-100] Finished creating RTL model for 'Blowfish_Encrypt'.
INFO: [HLS 200-111]  Elapsed time: 0.15 seconds; current allocated memory: 161.781 MB.
INFO: [HLS 200-10] ----------------------------------------------------------------
INFO: [HLS 200-10] -- Generating RTL for module 'Blowfish_SetKey_Encrypt' 
INFO: [HLS 200-10] ----------------------------------------------------------------
INFO: [RTGEN 206-500]==============================================================
Vivado(TM) HLS - High-Level Synthesis from C, C++ and SystemC v2019.2 (64-bit)
Copyright 1986-2019 Xilinx, Inc. All Rights Reserved.
==============================================================
INFO: [HLS 200-10] Setting target device to 'xc7z020-clg484-1'
INFO: [SYN 201-201] Setting up clock 'default' with a period of 10ns.
INFO: [SIM 211-2] *************** CSIM start ***************
INFO: [SIM 211-4] CSIM will launch GCC as the compiler.
INFO: [SIM 211-1] CSim done with 0 errors.
INFO: [SIM 211-3] *************** CSIM finish ***************
INFO: [SCHED 204-61] Option 'relax_ii_for_timing' is enabled, will increase II to preserve clock frequency constraints.
INFO: [HLS 200-10] Analyzing design file 'blowfish.cpp' ... 
INFO: [HLS 200-111] Finished Linking Time (s): cpu = 00:00:06 ; elapsed = 00:00:08 . Memory (MB): peak = 1168.148 ; gain = 530.125 ; free physical = 25429 ; free virtual = 33186
INFO: [HLS 200-111] Finished Checking Pragmas Time (s): cpu = 00:00:06 ; elapsed = 00:00:08 . Memory (MB): peak = 1168.148 ; gain = 530.125 ; free physical = 25429 ; free virtual = 33186
INFO: [HLS 200-10] Starting code transformations ...
INFO: [HLS 200-111] Finished Standard Transforms Time (s): cpu = 00:00:07 ; elapsed = 00:00:09 . Memory (MB): peak = 1168.148 ; gain = 530.125 ; free physical = 25427 ; free virtual = 33185
INFO: [HLS 200-10] Checking synthesizability ...
INFO: [XFORM 203-602] Inlining function 'feistel' into 'Encrypt_SetKey' (blowfish.cpp:51) automatically.
INFO: [XFORM 203-602] Inlining function 'std::swap<unsigned int>' into 'Encrypt_SetKey' (blowfish.cpp:52) automatically.
INFO: [XFORM 203-602] Inlining function 'blockToWords' into 'Blowfish_Encrypt' (blowfish.cpp:62) automatically.
INFO: [XFORM 203-602] Inlining function 'feistel' into 'Blowfish_Encrypt' (blowfish.cpp:67) automatically.
INFO: [XFORM 203-602] Inlining function 'std::swap<unsigned int>' into 'Blowfish_Encrypt' (blowfish.cpp:68) automatically.
INFO: [XFORM 203-602] Inlining function 'wordsToBlock' into 'Blowfish_Encrypt' (blowfish.cpp:73) automatically.
INFO: [HLS 200-111] Finished Checking Synthesizability Time (s): cpu = 00:00:07 ; elapsed = 00:00:09 . Memory (MB): peak = 1168.148 ; gain = 530.125 ; free physical = 25425 ; free virtual = 33182
INFO: [XFORM 203-602] Inlining function 'feistel' into 'Encrypt_SetKey' (blowfish.cpp:51) automatically.
INFO: [XFORM 203-602] Inlining function 'std::swap<unsigned int>' into 'Encrypt_SetKey' (blowfish.cpp:52) automatically.
INFO: [XFORM 203-602] Inlining function 'blockToWords' into 'Blowfish_Encrypt' (blowfish.cpp:62) automatically.
INFO: [XFORM 203-602] Inlining function 'feistel' into 'Blowfish_Encrypt' (blowfish.cpp:67) automatically.
INFO: [XFORM 203-602] Inlining function 'std::swap<unsigned int>' into 'Blowfish_Encrypt' (blowfish.cpp:68) automatically.
INFO: [XFORM 203-602] Inlining function 'wordsToBlock' into 'Blowfish_Encrypt' (blowfish.cpp:73) automatically.
INFO: [HLS 200-111] Finished Pre-synthesis Time (s): cpu = 00:00:07 ; elapsed = 00:00:09 . Memory (MB): peak = 1168.148 ; gain = 530.125 ; free physical = 25403 ; free virtual = 33162
INFO: [HLS 200-111] Finished Architecture Synthesis Time (s): cpu = 00:00:07 ; elapsed = 00:00:09 . Memory (MB): peak = 1168.148 ; gain = 530.125 ; free physical = 25385 ; free virtual = 33143
INFO: [HLS 200-10] Starting hardware synthesis ...
INFO: [HLS 200-10] Synthesizing 'Blowfish_SetKey_Encrypt' ...
INFO: [HLS 200-10] ----------------------------------------------------------------
INFO: [HLS 200-42] -- Implementing module 'Encrypt_SetKey' 
INFO: [HLS 200-10] ----------------------------------------------------------------
INFO: [SCHED 204-11] Starting scheduling ...
INFO: [SCHED 204-11] Finished scheduling.
INFO: [HLS 200-111]  Elapsed time: 9 seconds; current allocated memory: 154.052 MB.
INFO: [BIND 205-100] Starting micro-architecture generation ...
INFO: [BIND 205-101] Performing variable lifetime analysis.
INFO: [BIND 205-101] Exploring resource sharing.
INFO: [BIND 205-101] Binding ...
INFO: [BIND 205-100] Finished micro-architecture generation.
INFO: [HLS 200-111]  Elapsed time: 0.03 seconds; current allocated memory: 154.283 MB.
INFO: [HLS 200-10] ----------------------------------------------------------------
INFO: [HLS 200-42] -- Implementing module 'Blowfish_SetKey' 
INFO: [HLS 200-10] ----------------------------------------------------------------
INFO: [SCHED 204-11] Starting scheduling ...
INFO: [SCHED 204-11] Finished scheduling.
INFO: [HLS 200-111]  Elapsed time: 0.06 seconds; current allocated memory: 154.785 MB.
INFO: [BIND 205-100] Starting micro-architecture generation ...
INFO: [BIND 205-101] Performing variable lifetime analysis.
INFO: [BIND 205-101] Exploring resource sharing.
INFO: [BIND 205-101] Binding ...
INFO: [BIND 205-100] Finished micro-architecture generation.
INFO: [HLS 200-111]  Elapsed time: 0.07 seconds; current allocated memory: 155.390 MB.
INFO: [HLS 200-10] ----------------------------------------------------------------
INFO: [HLS 200-42] -- Implementing module 'Blowfish_Encrypt' 
INFO: [HLS 200-10] ----------------------------------------------------------------
INFO: [SCHED 204-11] Starting scheduling ...
INFO: [SCHED 204-11] Finished scheduling.
INFO: [HLS 200-111]  Elapsed time: 0.1 seconds; current allocated memory: 155.746 MB.
INFO: [BIND 205-100] Starting micro-architecture generation ...
INFO: [BIND 205-101] Performing variable lifetime analysis.
INFO: [BIND 205-101] Exploring resource sharing.
INFO: [BIND 205-101] Binding ...
INFO: [BIND 205-100] Finished micro-architecture generation.
INFO: [HLS 200-111]  Elapsed time: 0.05 seconds; current allocated memory: 156.163 MB.
INFO: [HLS 200-10] ----------------------------------------------------------------
INFO: [HLS 200-42] -- Implementing module 'Blowfish_SetKey_Encrypt' 
INFO: [HLS 200-10] ----------------------------------------------------------------
INFO: [SCHED 204-11] Starting scheduling ...
INFO: [SCHED 204-11] Finished scheduling.
INFO: [HLS 200-111]  Elapsed time: 0.05 seconds; current allocated memory: 156.233 MB.
INFO: [BIND 205-100] Starting micro-architecture generation ...
INFO: [BIND 205-101] Performing variable lifetime analysis.
INFO: [BIND 205-101] Exploring resource sharing.
INFO: [BIND 205-101] Binding ...
INFO: [BIND 205-100] Finished micro-architecture generation.
INFO: [HLS 200-111]  Elapsed time: 0.05 seconds; current allocated memory: 156.345 MB.
INFO: [HLS 200-10] ----------------------------------------------------------------
INFO: [HLS 200-10] -- Generating RTL for module 'Encrypt_SetKey' 
INFO: [HLS 200-10] ----------------------------------------------------------------
INFO: [RTGEN 206-100] Finished creating RTL model for 'Encrypt_SetKey'.
INFO: [HLS 200-111]  Elapsed time: 0.07 seconds; current allocated memory: 156.786 MB.
INFO: [HLS 200-10] ----------------------------------------------------------------
INFO: [HLS 200-10] -- Generating RTL for module 'Blowfish_SetKey' 
INFO: [HLS 200-10] ----------------------------------------------------------------
INFO: [SYN 201-210] Renamed object name 'Blowfish_SetKey_initial_parray' to 'Blowfish_SetKey_ibkb' due to the length limit 20
INFO: [SYN 201-210] Renamed object name 'Blowfish_SetKey_initial_sbox' to 'Blowfish_SetKey_icud' due to the length limit 20
INFO: [SYN 201-210] Renamed object name 'Blowfish_SetKey_Encrypt_urem_64ns_64ns_64_68_seq_1' to 'Blowfish_SetKey_EdEe' due to the length limit 20
INFO: [RTGEN 206-100] Generating core module 'Blowfish_SetKey_EdEe': 1 instance(s).
INFO: [RTGEN 206-100] Finished creating RTL model for 'Blowfish_SetKey'.
INFO: [HLS 200-111]  Elapsed time: 0.1 seconds; current allocated memory: 158.986 MB.
INFO: [HLS 200-10] ----------------------------------------------------------------
INFO: [HLS 200-10] -- Generating RTL for module 'Blowfish_Encrypt' 
INFO: [HLS 200-10] ----------------------------------------------------------------
INFO: [RTGEN 206-100] Finished creating RTL model for 'Blowfish_Encrypt'.
INFO: [HLS 200-111]  Elapsed time: 0.17 seconds; current allocated memory: 161.780 MB.
INFO: [HLS 200-10] ----------------------------------------------------------------
INFO: [HLS 200-10] -- Generating RTL for module 'Blowfish_SetKey_Encrypt' 
INFO: [HLS 200-10] ----------------------------------------------------------------
INFO: [RTGEN 206-500]==============================================================
Vivado(TM) HLS - High-Level Synthesis from C, C++ and SystemC v2019.2 (64-bit)
Copyright 1986-2019 Xilinx, Inc. All Rights Reserved.
==============================================================
INFO: [HLS 200-10] Setting target device to 'xc7z020-clg484-1'
INFO: [SYN 201-201] Setting up clock 'default' with a period of 10ns.
INFO: [SIM 211-2] *************** CSIM start ***************
INFO: [SIM 211-4] CSIM will launch GCC as the compiler.
INFO: [SIM 211-1] CSim done with 0 errors.
INFO: [SIM 211-3] *************** CSIM finish ***************
INFO: [SCHED 204-61] Option 'relax_ii_for_timing' is enabled, will increase II to preserve clock frequency constraints.
INFO: [HLS 200-10] Analyzing design file 'blowfish.cpp' ... 
INFO: [HLS 200-111] Finished Linking Time (s): cpu = 00:00:06 ; elapsed = 00:00:08 . Memory (MB): peak = 1168.148 ; gain = 530.125 ; free physical = 25390 ; free virtual = 33148
INFO: [HLS 200-111] Finished Checking Pragmas Time (s): cpu = 00:00:06 ; elapsed = 00:00:08 . Memory (MB): peak = 1168.148 ; gain = 530.125 ; free physical = 25390 ; free virtual = 33148
INFO: [HLS 200-10] Starting code transformations ...
INFO: [HLS 200-111] Finished Standard Transforms Time (s): cpu = 00:00:07 ; elapsed = 00:00:09 . Memory (MB): peak = 1168.148 ; gain = 530.125 ; free physical = 25387 ; free virtual = 33145
INFO: [HLS 200-10] Checking synthesizability ...
INFO: [XFORM 203-602] Inlining function 'feistel' into 'Encrypt_SetKey' (blowfish.cpp:51) automatically.
INFO: [XFORM 203-602] Inlining function 'std::swap<unsigned int>' into 'Encrypt_SetKey' (blowfish.cpp:52) automatically.
INFO: [XFORM 203-602] Inlining function 'blockToWords' into 'Blowfish_Encrypt' (blowfish.cpp:62) automatically.
INFO: [XFORM 203-602] Inlining function 'feistel' into 'Blowfish_Encrypt' (blowfish.cpp:67) automatically.
INFO: [XFORM 203-602] Inlining function 'std::swap<unsigned int>' into 'Blowfish_Encrypt' (blowfish.cpp:68) automatically.
INFO: [XFORM 203-602] Inlining function 'wordsToBlock' into 'Blowfish_Encrypt' (blowfish.cpp:73) automatically.
INFO: [HLS 200-111] Finished Checking Synthesizability Time (s): cpu = 00:00:07 ; elapsed = 00:00:09 . Memory (MB): peak = 1168.148 ; gain = 530.125 ; free physical = 25385 ; free virtual = 33144
INFO: [XFORM 203-602] Inlining function 'feistel' into 'Encrypt_SetKey' (blowfish.cpp:51) automatically.
INFO: [XFORM 203-602] Inlining function 'std::swap<unsigned int>' into 'Encrypt_SetKey' (blowfish.cpp:52) automatically.
INFO: [XFORM 203-602] Inlining function 'blockToWords' into 'Blowfish_Encrypt' (blowfish.cpp:62) automatically.
INFO: [XFORM 203-602] Inlining function 'feistel' into 'Blowfish_Encrypt' (blowfish.cpp:67) automatically.
INFO: [XFORM 203-602] Inlining function 'std::swap<unsigned int>' into 'Blowfish_Encrypt' (blowfish.cpp:68) automatically.
INFO: [XFORM 203-602] Inlining function 'wordsToBlock' into 'Blowfish_Encrypt' (blowfish.cpp:73) automatically.
INFO: [HLS 200-111] Finished Pre-synthesis Time (s): cpu = 00:00:07 ; elapsed = 00:00:09 . Memory (MB): peak = 1168.148 ; gain = 530.125 ; free physical = 25364 ; free virtual = 33123
INFO: [HLS 200-111] Finished Architecture Synthesis Time (s): cpu = 00:00:07 ; elapsed = 00:00:09 . Memory (MB): peak = 1168.148 ; gain = 530.125 ; free physical = 25346 ; free virtual = 33105
INFO: [HLS 200-10] Starting hardware synthesis ...
INFO: [HLS 200-10] Synthesizing 'Blowfish_SetKey_Encrypt' ...
INFO: [HLS 200-10] ----------------------------------------------------------------
INFO: [HLS 200-42] -- Implementing module 'Encrypt_SetKey' 
INFO: [HLS 200-10] ----------------------------------------------------------------
INFO: [SCHED 204-11] Starting scheduling ...
INFO: [SCHED 204-11] Finished scheduling.
INFO: [HLS 200-111]  Elapsed time: 9.01 seconds; current allocated memory: 154.047 MB.
INFO: [BIND 205-100] Starting micro-architecture generation ...
INFO: [BIND 205-101] Performing variable lifetime analysis.
INFO: [BIND 205-101] Exploring resource sharing.
INFO: [BIND 205-101] Binding ...
INFO: [BIND 205-100] Finished micro-architecture generation.
INFO: [HLS 200-111]  Elapsed time: 0.03 seconds; current allocated memory: 154.276 MB.
INFO: [HLS 200-10] ----------------------------------------------------------------
INFO: [HLS 200-42] -- Implementing module 'Blowfish_SetKey' 
INFO: [HLS 200-10] ----------------------------------------------------------------
INFO: [SCHED 204-11] Starting scheduling ...
INFO: [SCHED 204-11] Finished scheduling.
INFO: [HLS 200-111]  Elapsed time: 0.07 seconds; current allocated memory: 154.778 MB.
INFO: [BIND 205-100] Starting micro-architecture generation ...
INFO: [BIND 205-101] Performing variable lifetime analysis.
INFO: [BIND 205-101] Exploring resource sharing.
INFO: [BIND 205-101] Binding ...
INFO: [BIND 205-100] Finished micro-architecture generation.
INFO: [HLS 200-111]  Elapsed time: 0.06 seconds; current allocated memory: 155.384 MB.
INFO: [HLS 200-10] ----------------------------------------------------------------
INFO: [HLS 200-42] -- Implementing module 'Blowfish_Encrypt' 
INFO: [HLS 200-10] ----------------------------------------------------------------
INFO: [SCHED 204-11] Starting scheduling ...
INFO: [SCHED 204-11] Finished scheduling.
INFO: [HLS 200-111]  Elapsed time: 0.1 seconds; current allocated memory: 155.739 MB.
INFO: [BIND 205-100] Starting micro-architecture generation ...
INFO: [BIND 205-101] Performing variable lifetime analysis.
INFO: [BIND 205-101] Exploring resource sharing.
INFO: [BIND 205-101] Binding ...
INFO: [BIND 205-100] Finished micro-architecture generation.
INFO: [HLS 200-111]  Elapsed time: 0.06 seconds; current allocated memory: 156.156 MB.
INFO: [HLS 200-10] ----------------------------------------------------------------
INFO: [HLS 200-42] -- Implementing module 'Blowfish_SetKey_Encrypt' 
INFO: [HLS 200-10] ----------------------------------------------------------------
INFO: [SCHED 204-11] Starting scheduling ...
INFO: [SCHED 204-11] Finished scheduling.
INFO: [HLS 200-111]  Elapsed time: 0.06 seconds; current allocated memory: 156.227 MB.
INFO: [BIND 205-100] Starting micro-architecture generation ...
INFO: [BIND 205-101] Performing variable lifetime analysis.
INFO: [BIND 205-101] Exploring resource sharing.
INFO: [BIND 205-101] Binding ...
INFO: [BIND 205-100] Finished micro-architecture generation.
INFO: [HLS 200-111]  Elapsed time: 0.05 seconds; current allocated memory: 156.340 MB.
INFO: [HLS 200-10] ----------------------------------------------------------------
INFO: [HLS 200-10] -- Generating RTL for module 'Encrypt_SetKey' 
INFO: [HLS 200-10] ----------------------------------------------------------------
INFO: [RTGEN 206-100] Finished creating RTL model for 'Encrypt_SetKey'.
INFO: [HLS 200-111]  Elapsed time: 0.07 seconds; current allocated memory: 156.783 MB.
INFO: [HLS 200-10] ----------------------------------------------------------------
INFO: [HLS 200-10] -- Generating RTL for module 'Blowfish_SetKey' 
INFO: [HLS 200-10] ----------------------------------------------------------------
INFO: [SYN 201-210] Renamed object name 'Blowfish_SetKey_initial_parray' to 'Blowfish_SetKey_ibkb' due to the length limit 20
INFO: [SYN 201-210] Renamed object name 'Blowfish_SetKey_initial_sbox' to 'Blowfish_SetKey_icud' due to the length limit 20
INFO: [SYN 201-210] Renamed object name 'Blowfish_SetKey_Encrypt_urem_64ns_64ns_64_68_seq_1' to 'Blowfish_SetKey_EdEe' due to the length limit 20
INFO: [RTGEN 206-100] Generating core module 'Blowfish_SetKey_EdEe': 1 instance(s).
INFO: [RTGEN 206-100] Finished creating RTL model for 'Blowfish_SetKey'.
INFO: [HLS 200-111]  Elapsed time: 0.11 seconds; current allocated memory: 158.982 MB.
INFO: [HLS 200-10] ----------------------------------------------------------------
INFO: [HLS 200-10] -- Generating RTL for module 'Blowfish_Encrypt' 
INFO: [HLS 200-10] ----------------------------------------------------------------
INFO: [RTGEN 206-100] Finished creating RTL model for 'Blowfish_Encrypt'.
INFO: [HLS 200-111]  Elapsed time: 0.17 seconds; current allocated memory: 161.777 MB.
INFO: [HLS 200-10] ----------------------------------------------------------------
INFO: [HLS 200-10] -- Generating RTL for module 'Blowfish_SetKey_Encrypt' 
INFO: [HLS 200-10] ----------------------------------------------------------------
INFO: [RTGEN 206-500]==============================================================
Vivado(TM) HLS - High-Level Synthesis from C, C++ and SystemC v2019.2 (64-bit)
Copyright 1986-2019 Xilinx, Inc. All Rights Reserved.
==============================================================
INFO: [HLS 200-10] Setting target device to 'xc7z020-clg484-1'
INFO: [SYN 201-201] Setting up clock 'default' with a period of 10ns.
INFO: [SIM 211-2] *************** CSIM start ***************
INFO: [SIM 211-4] CSIM will launch GCC as the compiler.
INFO: [SIM 211-1] CSim done with 0 errors.
INFO: [SIM 211-3] *************** CSIM finish ***************
INFO: [SCHED 204-61] Option 'relax_ii_for_timing' is enabled, will increase II to preserve clock frequency constraints.
INFO: [HLS 200-10] Analyzing design file 'blowfish.cpp' ... 
INFO: [HLS 200-111] Finished Linking Time (s): cpu = 00:00:07 ; elapsed = 00:00:13 . Memory (MB): peak = 1168.148 ; gain = 530.125 ; free physical = 20844 ; free virtual = 29962
INFO: [HLS 200-111] Finished Checking Pragmas Time (s): cpu = 00:00:07 ; elapsed = 00:00:13 . Memory (MB): peak = 1168.148 ; gain = 530.125 ; free physical = 20844 ; free virtual = 29962
INFO: [HLS 200-10] Starting code transformations ...
INFO: [HLS 200-111] Finished Standard Transforms Time (s): cpu = 00:00:07 ; elapsed = 00:00:14 . Memory (MB): peak = 1168.148 ; gain = 530.125 ; free physical = 20834 ; free virtual = 29959
INFO: [HLS 200-10] Checking synthesizability ...
INFO: [XFORM 203-602] Inlining function 'feistel' into 'Encrypt_SetKey' (blowfish.cpp:51) automatically.
INFO: [XFORM 203-602] Inlining function 'std::swap<unsigned int>' into 'Encrypt_SetKey' (blowfish.cpp:52) automatically.
INFO: [XFORM 203-602] Inlining function 'blockToWords' into 'Blowfish_Encrypt' (blowfish.cpp:62) automatically.
INFO: [XFORM 203-602] Inlining function 'feistel' into 'Blowfish_Encrypt' (blowfish.cpp:67) automatically.
INFO: [XFORM 203-602] Inlining function 'std::swap<unsigned int>' into 'Blowfish_Encrypt' (blowfish.cpp:68) automatically.
INFO: [XFORM 203-602] Inlining function 'wordsToBlock' into 'Blowfish_Encrypt' (blowfish.cpp:73) automatically.
INFO: [HLS 200-111] Finished Checking Synthesizability Time (s): cpu = 00:00:07 ; elapsed = 00:00:14 . Memory (MB): peak = 1168.148 ; gain = 530.125 ; free physical = 20832 ; free virtual = 29957
INFO: [XFORM 203-602] Inlining function 'feistel' into 'Encrypt_SetKey' (blowfish.cpp:51) automatically.
INFO: [XFORM 203-602] Inlining function 'std::swap<unsigned int>' into 'Encrypt_SetKey' (blowfish.cpp:52) automatically.
INFO: [XFORM 203-602] Inlining function 'blockToWords' into 'Blowfish_Encrypt' (blowfish.cpp:62) automatically.
INFO: [XFORM 203-602] Inlining function 'feistel' into 'Blowfish_Encrypt' (blowfish.cpp:67) automatically.
INFO: [XFORM 203-602] Inlining function 'std::swap<unsigned int>' into 'Blowfish_Encrypt' (blowfish.cpp:68) automatically.
INFO: [XFORM 203-602] Inlining function 'wordsToBlock' into 'Blowfish_Encrypt' (blowfish.cpp:73) automatically.
INFO: [HLS 200-111] Finished Pre-synthesis Time (s): cpu = 00:00:08 ; elapsed = 00:00:14 . Memory (MB): peak = 1168.148 ; gain = 530.125 ; free physical = 20811 ; free virtual = 29937
INFO: [HLS 200-111] Finished Architecture Synthesis Time (s): cpu = 00:00:08 ; elapsed = 00:00:15 . Memory (MB): peak = 1168.148 ; gain = 530.125 ; free physical = 20792 ; free virtual = 29919
INFO: [HLS 200-10] Starting hardware synthesis ...
INFO: [HLS 200-10] Synthesizing 'Blowfish_SetKey_Encrypt' ...
INFO: [HLS 200-10] ----------------------------------------------------------------
INFO: [HLS 200-42] -- Implementing module 'Encrypt_SetKey' 
INFO: [HLS 200-10] ----------------------------------------------------------------
INFO: [SCHED 204-11] Starting scheduling ...
INFO: [SCHED 204-11] Finished scheduling.
INFO: [HLS 200-111]  Elapsed time: 14.56 seconds; current allocated memory: 154.167 MB.
INFO: [BIND 205-100] Starting micro-architecture generation ...
INFO: [BIND 205-101] Performing variable lifetime analysis.
INFO: [BIND 205-101] Exploring resource sharing.
INFO: [BIND 205-101] Binding ...
INFO: [BIND 205-100] Finished micro-architecture generation.
INFO: [HLS 200-111]  Elapsed time: 0.03 seconds; current allocated memory: 154.396 MB.
INFO: [HLS 200-10] ----------------------------------------------------------------
INFO: [HLS 200-42] -- Implementing module 'Blowfish_SetKey' 
INFO: [HLS 200-10] ----------------------------------------------------------------
INFO: [SCHED 204-11] Starting scheduling ...
INFO: [SCHED 204-11] Finished scheduling.
INFO: [HLS 200-111]  Elapsed time: 0.06 seconds; current allocated memory: 154.901 MB.
INFO: [BIND 205-100] Starting micro-architecture generation ...
INFO: [BIND 205-101] Performing variable lifetime analysis.
INFO: [BIND 205-101] Exploring resource sharing.
INFO: [BIND 205-101] Binding ...
INFO: [BIND 205-100] Finished micro-architecture generation.
INFO: [HLS 200-111]  Elapsed time: 0.06 seconds; current allocated memory: 155.507 MB.
INFO: [HLS 200-10] ----------------------------------------------------------------
INFO: [HLS 200-42] -- Implementing module 'Blowfish_Encrypt' 
INFO: [HLS 200-10] ----------------------------------------------------------------
INFO: [SCHED 204-11] Starting scheduling ...
INFO: [SCHED 204-11] Finished scheduling.
INFO: [HLS 200-111]  Elapsed time: 0.09 seconds; current allocated memory: 155.879 MB.
INFO: [BIND 205-100] Starting micro-architecture generation ...
INFO: [BIND 205-101] Performing variable lifetime analysis.
INFO: [BIND 205-101] Exploring resource sharing.
INFO: [BIND 205-101] Binding ...
INFO: [BIND 205-100] Finished micro-architecture generation.
INFO: [HLS 200-111]  Elapsed time: 0.05 seconds; current allocated memory: 156.296 MB.
INFO: [HLS 200-10] ----------------------------------------------------------------
INFO: [HLS 200-42] -- Implementing module 'Blowfish_SetKey_Encrypt' 
INFO: [HLS 200-10] ----------------------------------------------------------------
INFO: [SCHED 204-11] Starting scheduling ...
INFO: [SCHED 204-11] Finished scheduling.
INFO: [HLS 200-111]  Elapsed time: 0.06 seconds; current allocated memory: 156.402 MB.
INFO: [BIND 205-100] Starting micro-architecture generation ...
INFO: [BIND 205-101] Performing variable lifetime analysis.
INFO: [BIND 205-101] Exploring resource sharing.
INFO: [BIND 205-101] Binding ...
INFO: [BIND 205-100] Finished micro-architecture generation.
INFO: [HLS 200-111]  Elapsed time: 0.05 seconds; current allocated memory: 156.480 MB.
INFO: [HLS 200-10] ----------------------------------------------------------------
INFO: [HLS 200-10] -- Generating RTL for module 'Encrypt_SetKey' 
INFO: [HLS 200-10] ----------------------------------------------------------------
INFO: [RTGEN 206-100] Finished creating RTL model for 'Encrypt_SetKey'.
INFO: [HLS 200-111]  Elapsed time: 0.07 seconds; current allocated memory: 156.951 MB.
INFO: [HLS 200-10] ----------------------------------------------------------------
INFO: [HLS 200-10] -- Generating RTL for module 'Blowfish_SetKey' 
INFO: [HLS 200-10] ----------------------------------------------------------------
INFO: [SYN 201-210] Renamed object name 'Blowfish_SetKey_initial_parray' to 'Blowfish_SetKey_ibkb' due to the length limit 20
INFO: [SYN 201-210] Renamed object name 'Blowfish_SetKey_initial_sbox' to 'Blowfish_SetKey_icud' due to the length limit 20
INFO: [SYN 201-210] Renamed object name 'Blowfish_SetKey_Encrypt_urem_64ns_64ns_64_68_seq_1' to 'Blowfish_SetKey_EdEe' due to the length limit 20
INFO: [RTGEN 206-100] Generating core module 'Blowfish_SetKey_EdEe': 1 instance(s).
INFO: [RTGEN 206-100] Finished creating RTL model for 'Blowfish_SetKey'.
INFO: [HLS 200-111]  Elapsed time: 0.1 seconds; current allocated memory: 159.156 MB.
INFO: [HLS 200-10] ----------------------------------------------------------------
INFO: [HLS 200-10] -- Generating RTL for module 'Blowfish_Encrypt' 
INFO: [HLS 200-10] ----------------------------------------------------------------
INFO: [RTGEN 206-100] Finished creating RTL model for 'Blowfish_Encrypt'.
INFO: [HLS 200-111]  Elapsed time: 0.16 seconds; current allocated memory: 161.958 MB.
INFO: [HLS 200-10] ----------------------------------------------------------------
INFO: [HLS 200-10] -- Generating RTL for module 'Blowfish_SetKey_Encrypt' 
INFO: [HLS 200-10] ----------------------------------------------------------------
INFO: [RTGEN 206-500]==============================================================
Vivado(TM) HLS - High-Level Synthesis from C, C++ and SystemC v2019.2 (64-bit)
Copyright 1986-2019 Xilinx, Inc. All Rights Reserved.
==============================================================
