#-----------------------------------------------------------
# xsim v2019.2 (64-bit)
# SW Build 2708876 on Wed Nov  6 21:39:14 MST 2019
# IP Build 2700528 on Thu Nov  7 00:09:20 MST 2019
# Start of session at: Mon Nov 18 01:18:26 2024
# Process ID: 1753008
# Current directory: /home/jjm469/ece6775/final_project/Blowfish4/blowfish.prj/solution1/sim/verilog
# Command line: xsim -mode tcl -source {xsim.dir/SetKey_Encrypt/xsim_script.tcl}
# Log file: /home/jjm469/ece6775/final_project/Blowfish4/blowfish.prj/solution1/sim/verilog/xsim.log
# Journal file: /home/jjm469/ece6775/final_project/Blowfish4/blowfish.prj/solution1/sim/verilog/xsim.jou
#-----------------------------------------------------------
source xsim.dir/SetKey_Encrypt/xsim_script.tcl
# xsim {SetKey_Encrypt} -autoloadwcfg -tclbatch {SetKey_Encrypt.tcl}
Vivado Simulator 2019.2
Time resolution is 1 ps
source SetKey_Encrypt.tcl
## run all
////////////////////////////////////////////////////////////////////////////////////
// Inter-Transaction Progress: Completed Transaction / Total Transaction
// Intra-Transaction Progress: Measured Latency / Latency Estimation * 100%
//
// RTL Simulation : "Inter-Transaction Progress" ["Intra-Transaction Progress"] @ "Simulation Time"
////////////////////////////////////////////////////////////////////////////////////
// RTL Simulation : 0 / 1 [0.00%] @ "125000"
// RTL Simulation : 1 / 1 [100.00%] @ "430945000"
////////////////////////////////////////////////////////////////////////////////////
$finish called at time : 430985 ns : File "/home/jjm469/ece6775/final_project/Blowfish4/blowfish.prj/solution1/sim/verilog/SetKey_Encrypt.autotb.v" Line 595
## quit
INFO: [Common 17-206] Exiting xsim at Mon Nov 18 01:18:33 2024...
