

================================================================
== Vivado HLS Report for 'Blowfish_SetKey_Encrypt'
================================================================
* Date:           Wed Nov 20 20:43:03 2024

* Version:        2019.2 (Build 2704478 on Wed Nov 06 22:10:23 MST 2019)
* Project:        Blowfish_Setkey_Encrypt_Opt.prj
* Solution:       solution1
* Product family: zynq
* Target device:  xc7z020-clg484-1


================================================================
== Performance Estimates
================================================================
+ Timing: 
    * Summary: 
    +--------+----------+----------+------------+
    |  Clock |  Target  | Estimated| Uncertainty|
    +--------+----------+----------+------------+
    |ap_clk  | 10.00 ns | 9.715 ns |   1.25 ns  |
    +--------+----------+----------+------------+

+ Latency: 
    * Summary: 
    +---------+---------+----------+----------+-----+-------+---------+
    |  Latency (cycles) |  Latency (absolute) |   Interval  | Pipeline|
    |   min   |   max   |    min   |    max   | min |  max  |   Type  |
    +---------+---------+----------+----------+-----+-------+---------+
    |       38|    19275| 0.380 us | 0.193 ms |   38|  19275|   none  |
    +---------+---------+----------+----------+-----+-------+---------+

    + Detail: 
        * Instance: 
        +-----------------------------+------------------+---------+---------+----------+----------+-------+-------+---------+
        |                             |                  |  Latency (cycles) |  Latency (absolute) |    Interval   | Pipeline|
        |           Instance          |      Module      |   min   |   max   |    min   |    max   |  min  |  max  |   Type  |
        +-----------------------------+------------------+---------+---------+----------+----------+-------+-------+---------+
        |grp_Blowfish_SetKey_fu_326   |Blowfish_SetKey   |    19236|    19236| 0.192 ms | 0.192 ms |  19236|  19236|   none  |
        |grp_Blowfish_Encrypt_fu_350  |Blowfish_Encrypt  |       36|       36| 0.360 us | 0.360 us |     36|     36|   none  |
        +-----------------------------+------------------+---------+---------+----------+----------+-------+-------+---------+

        * Loop: 
        N/A

============================================================
+ Verbose Summary: Synthesis Manager
============================================================
InlineROM: 1
ExposeGlobal: 0
============================================================
+ Verbose Summary: CDFG Model
============================================================
IsTopModel: 1
ResetActiveHigh: 1
IsCombinational: 0
IsDatapathOnly: 0
HasWiredReturn: 1
HasMFsm: 0
HasVarLatency: 1
IsPipeline: 0
IsRtlPipelined: 0
IsInstanceOverlapped: 0
IsDontTouch: 0
HasImplIP: 0
IsGatedGlobalClock: 0


============================================================
+ Verbose Summary: Schedule
============================================================
* Number of FSM states : 4
* Pipeline : 0
* Dataflow Pipeline: 0

* FSM state transitions: 
1 --> 2 3 
2 --> 3 
3 --> 4 
4 --> 

* FSM state operations: 

State 1 <SV = 0> <Delay = 0.00>
ST_1 : Operation 5 [1/1] (0.00ns)   --->   "call void (...)* @_ssdm_op_SpecBitsMap([256 x i32]* %S_3), !map !54"   --->   Operation 5 'specbitsmap' <Predicate = true> <Delay = 0.00>
ST_1 : Operation 6 [1/1] (0.00ns)   --->   "call void (...)* @_ssdm_op_SpecBitsMap([256 x i32]* %S_2), !map !61"   --->   Operation 6 'specbitsmap' <Predicate = true> <Delay = 0.00>
ST_1 : Operation 7 [1/1] (0.00ns)   --->   "call void (...)* @_ssdm_op_SpecBitsMap([256 x i32]* %S_1), !map !67"   --->   Operation 7 'specbitsmap' <Predicate = true> <Delay = 0.00>
ST_1 : Operation 8 [1/1] (0.00ns)   --->   "call void (...)* @_ssdm_op_SpecBitsMap([256 x i32]* %S_0), !map !73"   --->   Operation 8 'specbitsmap' <Predicate = true> <Delay = 0.00>
ST_1 : Operation 9 [1/1] (0.00ns)   --->   "call void (...)* @_ssdm_op_SpecBitsMap(i32* %P_17), !map !79"   --->   Operation 9 'specbitsmap' <Predicate = true> <Delay = 0.00>
ST_1 : Operation 10 [1/1] (0.00ns)   --->   "call void (...)* @_ssdm_op_SpecBitsMap(i32* %P_16), !map !85"   --->   Operation 10 'specbitsmap' <Predicate = true> <Delay = 0.00>
ST_1 : Operation 11 [1/1] (0.00ns)   --->   "call void (...)* @_ssdm_op_SpecBitsMap(i32* %P_15), !map !91"   --->   Operation 11 'specbitsmap' <Predicate = true> <Delay = 0.00>
ST_1 : Operation 12 [1/1] (0.00ns)   --->   "call void (...)* @_ssdm_op_SpecBitsMap(i32* %P_14), !map !97"   --->   Operation 12 'specbitsmap' <Predicate = true> <Delay = 0.00>
ST_1 : Operation 13 [1/1] (0.00ns)   --->   "call void (...)* @_ssdm_op_SpecBitsMap(i32* %P_13), !map !103"   --->   Operation 13 'specbitsmap' <Predicate = true> <Delay = 0.00>
ST_1 : Operation 14 [1/1] (0.00ns)   --->   "call void (...)* @_ssdm_op_SpecBitsMap(i32* %P_12), !map !109"   --->   Operation 14 'specbitsmap' <Predicate = true> <Delay = 0.00>
ST_1 : Operation 15 [1/1] (0.00ns)   --->   "call void (...)* @_ssdm_op_SpecBitsMap(i32* %P_11), !map !115"   --->   Operation 15 'specbitsmap' <Predicate = true> <Delay = 0.00>
ST_1 : Operation 16 [1/1] (0.00ns)   --->   "call void (...)* @_ssdm_op_SpecBitsMap(i32* %P_10), !map !121"   --->   Operation 16 'specbitsmap' <Predicate = true> <Delay = 0.00>
ST_1 : Operation 17 [1/1] (0.00ns)   --->   "call void (...)* @_ssdm_op_SpecBitsMap(i32* %P_9), !map !127"   --->   Operation 17 'specbitsmap' <Predicate = true> <Delay = 0.00>
ST_1 : Operation 18 [1/1] (0.00ns)   --->   "call void (...)* @_ssdm_op_SpecBitsMap(i32* %P_8), !map !133"   --->   Operation 18 'specbitsmap' <Predicate = true> <Delay = 0.00>
ST_1 : Operation 19 [1/1] (0.00ns)   --->   "call void (...)* @_ssdm_op_SpecBitsMap(i32* %P_7), !map !139"   --->   Operation 19 'specbitsmap' <Predicate = true> <Delay = 0.00>
ST_1 : Operation 20 [1/1] (0.00ns)   --->   "call void (...)* @_ssdm_op_SpecBitsMap(i32* %P_6), !map !145"   --->   Operation 20 'specbitsmap' <Predicate = true> <Delay = 0.00>
ST_1 : Operation 21 [1/1] (0.00ns)   --->   "call void (...)* @_ssdm_op_SpecBitsMap(i32* %P_5), !map !151"   --->   Operation 21 'specbitsmap' <Predicate = true> <Delay = 0.00>
ST_1 : Operation 22 [1/1] (0.00ns)   --->   "call void (...)* @_ssdm_op_SpecBitsMap(i32* %P_4), !map !157"   --->   Operation 22 'specbitsmap' <Predicate = true> <Delay = 0.00>
ST_1 : Operation 23 [1/1] (0.00ns)   --->   "call void (...)* @_ssdm_op_SpecBitsMap(i32* %P_3), !map !163"   --->   Operation 23 'specbitsmap' <Predicate = true> <Delay = 0.00>
ST_1 : Operation 24 [1/1] (0.00ns)   --->   "call void (...)* @_ssdm_op_SpecBitsMap(i32* %P_2), !map !168"   --->   Operation 24 'specbitsmap' <Predicate = true> <Delay = 0.00>
ST_1 : Operation 25 [1/1] (0.00ns)   --->   "call void (...)* @_ssdm_op_SpecBitsMap(i32* %P_1), !map !173"   --->   Operation 25 'specbitsmap' <Predicate = true> <Delay = 0.00>
ST_1 : Operation 26 [1/1] (0.00ns)   --->   "call void (...)* @_ssdm_op_SpecBitsMap(i32* %P_0), !map !178"   --->   Operation 26 'specbitsmap' <Predicate = true> <Delay = 0.00>
ST_1 : Operation 27 [1/1] (0.00ns)   --->   "call void (...)* @_ssdm_op_SpecBitsMap(i1 %set_key) nounwind, !map !183"   --->   Operation 27 'specbitsmap' <Predicate = true> <Delay = 0.00>
ST_1 : Operation 28 [1/1] (0.00ns)   --->   "call void (...)* @_ssdm_op_SpecBitsMap([56 x i8]* %key) nounwind, !map !189"   --->   Operation 28 'specbitsmap' <Predicate = true> <Delay = 0.00>
ST_1 : Operation 29 [1/1] (0.00ns)   --->   "call void (...)* @_ssdm_op_SpecBitsMap(i64 %key_size) nounwind, !map !195"   --->   Operation 29 'specbitsmap' <Predicate = true> <Delay = 0.00>
ST_1 : Operation 30 [1/1] (0.00ns)   --->   "call void (...)* @_ssdm_op_SpecBitsMap([8 x i8]* %plaintext) nounwind, !map !199"   --->   Operation 30 'specbitsmap' <Predicate = true> <Delay = 0.00>
ST_1 : Operation 31 [1/1] (0.00ns)   --->   "call void (...)* @_ssdm_op_SpecBitsMap([8 x i8]* %ciphertext) nounwind, !map !205"   --->   Operation 31 'specbitsmap' <Predicate = true> <Delay = 0.00>
ST_1 : Operation 32 [1/1] (0.00ns)   --->   "call void (...)* @_ssdm_op_SpecTopModule([24 x i8]* @Blowfish_SetKey_Encr) nounwind"   --->   Operation 32 'spectopmodule' <Predicate = true> <Delay = 0.00>
ST_1 : Operation 33 [1/1] (0.00ns)   --->   "%key_size_read = call i64 @_ssdm_op_Read.ap_auto.i64(i64 %key_size)" [blowfish.cpp:205]   --->   Operation 33 'read' 'key_size_read' <Predicate = true> <Delay = 0.00>
ST_1 : Operation 34 [1/1] (0.00ns)   --->   "%set_key_read = call i1 @_ssdm_op_Read.ap_auto.i1(i1 %set_key)" [blowfish.cpp:205]   --->   Operation 34 'read' 'set_key_read' <Predicate = true> <Delay = 0.00>
ST_1 : Operation 35 [1/1] (0.00ns)   --->   "br i1 %set_key_read, label %1, label %._crit_edge" [blowfish.cpp:220]   --->   Operation 35 'br' <Predicate = true> <Delay = 0.00>
ST_1 : Operation 36 [2/2] (0.00ns)   --->   "%call_ret = call fastcc { i32, i32, i32, i32, i32, i32, i32, i32, i32, i32, i32, i32, i32, i32, i32, i32, i32, i32 } @Blowfish_SetKey([56 x i8]* %key, i64 %key_size_read, [256 x i32]* %S_0, [256 x i32]* %S_1, [256 x i32]* %S_2, [256 x i32]* %S_3)" [blowfish.cpp:221]   --->   Operation 36 'call' 'call_ret' <Predicate = (set_key_read)> <Delay = 0.00> <CoreType = "Generic">   --->   Core 0 '' <Latency = 0> <II = 1> <Delay = 1.00> <Generic> <Opcode : >

State 2 <SV = 1> <Delay = 0.00>
ST_2 : Operation 37 [1/2] (0.00ns)   --->   "%call_ret = call fastcc { i32, i32, i32, i32, i32, i32, i32, i32, i32, i32, i32, i32, i32, i32, i32, i32, i32, i32 } @Blowfish_SetKey([56 x i8]* %key, i64 %key_size_read, [256 x i32]* %S_0, [256 x i32]* %S_1, [256 x i32]* %S_2, [256 x i32]* %S_3)" [blowfish.cpp:221]   --->   Operation 37 'call' 'call_ret' <Predicate = true> <Delay = 0.00> <CoreType = "Generic">   --->   Core 0 '' <Latency = 0> <II = 1> <Delay = 1.00> <Generic> <Opcode : >
ST_2 : Operation 38 [1/1] (0.00ns)   --->   "%P_0_ret = extractvalue { i32, i32, i32, i32, i32, i32, i32, i32, i32, i32, i32, i32, i32, i32, i32, i32, i32, i32 } %call_ret, 0" [blowfish.cpp:221]   --->   Operation 38 'extractvalue' 'P_0_ret' <Predicate = true> <Delay = 0.00>
ST_2 : Operation 39 [1/1] (0.00ns)   --->   "call void @_ssdm_op_Write.ap_auto.i32P(i32* %P_0, i32 %P_0_ret)" [blowfish.cpp:221]   --->   Operation 39 'write' <Predicate = true> <Delay = 0.00>
ST_2 : Operation 40 [1/1] (0.00ns)   --->   "%P_1_ret = extractvalue { i32, i32, i32, i32, i32, i32, i32, i32, i32, i32, i32, i32, i32, i32, i32, i32, i32, i32 } %call_ret, 1" [blowfish.cpp:221]   --->   Operation 40 'extractvalue' 'P_1_ret' <Predicate = true> <Delay = 0.00>
ST_2 : Operation 41 [1/1] (0.00ns)   --->   "call void @_ssdm_op_Write.ap_auto.i32P(i32* %P_1, i32 %P_1_ret)" [blowfish.cpp:221]   --->   Operation 41 'write' <Predicate = true> <Delay = 0.00>
ST_2 : Operation 42 [1/1] (0.00ns)   --->   "%P_2_ret = extractvalue { i32, i32, i32, i32, i32, i32, i32, i32, i32, i32, i32, i32, i32, i32, i32, i32, i32, i32 } %call_ret, 2" [blowfish.cpp:221]   --->   Operation 42 'extractvalue' 'P_2_ret' <Predicate = true> <Delay = 0.00>
ST_2 : Operation 43 [1/1] (0.00ns)   --->   "call void @_ssdm_op_Write.ap_auto.i32P(i32* %P_2, i32 %P_2_ret)" [blowfish.cpp:221]   --->   Operation 43 'write' <Predicate = true> <Delay = 0.00>
ST_2 : Operation 44 [1/1] (0.00ns)   --->   "%P_3_ret = extractvalue { i32, i32, i32, i32, i32, i32, i32, i32, i32, i32, i32, i32, i32, i32, i32, i32, i32, i32 } %call_ret, 3" [blowfish.cpp:221]   --->   Operation 44 'extractvalue' 'P_3_ret' <Predicate = true> <Delay = 0.00>
ST_2 : Operation 45 [1/1] (0.00ns)   --->   "call void @_ssdm_op_Write.ap_auto.i32P(i32* %P_3, i32 %P_3_ret)" [blowfish.cpp:221]   --->   Operation 45 'write' <Predicate = true> <Delay = 0.00>
ST_2 : Operation 46 [1/1] (0.00ns)   --->   "%P_4_ret = extractvalue { i32, i32, i32, i32, i32, i32, i32, i32, i32, i32, i32, i32, i32, i32, i32, i32, i32, i32 } %call_ret, 4" [blowfish.cpp:221]   --->   Operation 46 'extractvalue' 'P_4_ret' <Predicate = true> <Delay = 0.00>
ST_2 : Operation 47 [1/1] (0.00ns)   --->   "call void @_ssdm_op_Write.ap_auto.i32P(i32* %P_4, i32 %P_4_ret)" [blowfish.cpp:221]   --->   Operation 47 'write' <Predicate = true> <Delay = 0.00>
ST_2 : Operation 48 [1/1] (0.00ns)   --->   "%P_5_ret = extractvalue { i32, i32, i32, i32, i32, i32, i32, i32, i32, i32, i32, i32, i32, i32, i32, i32, i32, i32 } %call_ret, 5" [blowfish.cpp:221]   --->   Operation 48 'extractvalue' 'P_5_ret' <Predicate = true> <Delay = 0.00>
ST_2 : Operation 49 [1/1] (0.00ns)   --->   "call void @_ssdm_op_Write.ap_auto.i32P(i32* %P_5, i32 %P_5_ret)" [blowfish.cpp:221]   --->   Operation 49 'write' <Predicate = true> <Delay = 0.00>
ST_2 : Operation 50 [1/1] (0.00ns)   --->   "%P_6_ret = extractvalue { i32, i32, i32, i32, i32, i32, i32, i32, i32, i32, i32, i32, i32, i32, i32, i32, i32, i32 } %call_ret, 6" [blowfish.cpp:221]   --->   Operation 50 'extractvalue' 'P_6_ret' <Predicate = true> <Delay = 0.00>
ST_2 : Operation 51 [1/1] (0.00ns)   --->   "call void @_ssdm_op_Write.ap_auto.i32P(i32* %P_6, i32 %P_6_ret)" [blowfish.cpp:221]   --->   Operation 51 'write' <Predicate = true> <Delay = 0.00>
ST_2 : Operation 52 [1/1] (0.00ns)   --->   "%P_7_ret = extractvalue { i32, i32, i32, i32, i32, i32, i32, i32, i32, i32, i32, i32, i32, i32, i32, i32, i32, i32 } %call_ret, 7" [blowfish.cpp:221]   --->   Operation 52 'extractvalue' 'P_7_ret' <Predicate = true> <Delay = 0.00>
ST_2 : Operation 53 [1/1] (0.00ns)   --->   "call void @_ssdm_op_Write.ap_auto.i32P(i32* %P_7, i32 %P_7_ret)" [blowfish.cpp:221]   --->   Operation 53 'write' <Predicate = true> <Delay = 0.00>
ST_2 : Operation 54 [1/1] (0.00ns)   --->   "%P_8_ret = extractvalue { i32, i32, i32, i32, i32, i32, i32, i32, i32, i32, i32, i32, i32, i32, i32, i32, i32, i32 } %call_ret, 8" [blowfish.cpp:221]   --->   Operation 54 'extractvalue' 'P_8_ret' <Predicate = true> <Delay = 0.00>
ST_2 : Operation 55 [1/1] (0.00ns)   --->   "call void @_ssdm_op_Write.ap_auto.i32P(i32* %P_8, i32 %P_8_ret)" [blowfish.cpp:221]   --->   Operation 55 'write' <Predicate = true> <Delay = 0.00>
ST_2 : Operation 56 [1/1] (0.00ns)   --->   "%P_9_ret = extractvalue { i32, i32, i32, i32, i32, i32, i32, i32, i32, i32, i32, i32, i32, i32, i32, i32, i32, i32 } %call_ret, 9" [blowfish.cpp:221]   --->   Operation 56 'extractvalue' 'P_9_ret' <Predicate = true> <Delay = 0.00>
ST_2 : Operation 57 [1/1] (0.00ns)   --->   "call void @_ssdm_op_Write.ap_auto.i32P(i32* %P_9, i32 %P_9_ret)" [blowfish.cpp:221]   --->   Operation 57 'write' <Predicate = true> <Delay = 0.00>
ST_2 : Operation 58 [1/1] (0.00ns)   --->   "%P_10_ret = extractvalue { i32, i32, i32, i32, i32, i32, i32, i32, i32, i32, i32, i32, i32, i32, i32, i32, i32, i32 } %call_ret, 10" [blowfish.cpp:221]   --->   Operation 58 'extractvalue' 'P_10_ret' <Predicate = true> <Delay = 0.00>
ST_2 : Operation 59 [1/1] (0.00ns)   --->   "call void @_ssdm_op_Write.ap_auto.i32P(i32* %P_10, i32 %P_10_ret)" [blowfish.cpp:221]   --->   Operation 59 'write' <Predicate = true> <Delay = 0.00>
ST_2 : Operation 60 [1/1] (0.00ns)   --->   "%P_11_ret = extractvalue { i32, i32, i32, i32, i32, i32, i32, i32, i32, i32, i32, i32, i32, i32, i32, i32, i32, i32 } %call_ret, 11" [blowfish.cpp:221]   --->   Operation 60 'extractvalue' 'P_11_ret' <Predicate = true> <Delay = 0.00>
ST_2 : Operation 61 [1/1] (0.00ns)   --->   "call void @_ssdm_op_Write.ap_auto.i32P(i32* %P_11, i32 %P_11_ret)" [blowfish.cpp:221]   --->   Operation 61 'write' <Predicate = true> <Delay = 0.00>
ST_2 : Operation 62 [1/1] (0.00ns)   --->   "%P_12_ret = extractvalue { i32, i32, i32, i32, i32, i32, i32, i32, i32, i32, i32, i32, i32, i32, i32, i32, i32, i32 } %call_ret, 12" [blowfish.cpp:221]   --->   Operation 62 'extractvalue' 'P_12_ret' <Predicate = true> <Delay = 0.00>
ST_2 : Operation 63 [1/1] (0.00ns)   --->   "call void @_ssdm_op_Write.ap_auto.i32P(i32* %P_12, i32 %P_12_ret)" [blowfish.cpp:221]   --->   Operation 63 'write' <Predicate = true> <Delay = 0.00>
ST_2 : Operation 64 [1/1] (0.00ns)   --->   "%P_13_ret = extractvalue { i32, i32, i32, i32, i32, i32, i32, i32, i32, i32, i32, i32, i32, i32, i32, i32, i32, i32 } %call_ret, 13" [blowfish.cpp:221]   --->   Operation 64 'extractvalue' 'P_13_ret' <Predicate = true> <Delay = 0.00>
ST_2 : Operation 65 [1/1] (0.00ns)   --->   "call void @_ssdm_op_Write.ap_auto.i32P(i32* %P_13, i32 %P_13_ret)" [blowfish.cpp:221]   --->   Operation 65 'write' <Predicate = true> <Delay = 0.00>
ST_2 : Operation 66 [1/1] (0.00ns)   --->   "%P_14_ret = extractvalue { i32, i32, i32, i32, i32, i32, i32, i32, i32, i32, i32, i32, i32, i32, i32, i32, i32, i32 } %call_ret, 14" [blowfish.cpp:221]   --->   Operation 66 'extractvalue' 'P_14_ret' <Predicate = true> <Delay = 0.00>
ST_2 : Operation 67 [1/1] (0.00ns)   --->   "call void @_ssdm_op_Write.ap_auto.i32P(i32* %P_14, i32 %P_14_ret)" [blowfish.cpp:221]   --->   Operation 67 'write' <Predicate = true> <Delay = 0.00>
ST_2 : Operation 68 [1/1] (0.00ns)   --->   "%P_15_ret = extractvalue { i32, i32, i32, i32, i32, i32, i32, i32, i32, i32, i32, i32, i32, i32, i32, i32, i32, i32 } %call_ret, 15" [blowfish.cpp:221]   --->   Operation 68 'extractvalue' 'P_15_ret' <Predicate = true> <Delay = 0.00>
ST_2 : Operation 69 [1/1] (0.00ns)   --->   "call void @_ssdm_op_Write.ap_auto.i32P(i32* %P_15, i32 %P_15_ret)" [blowfish.cpp:221]   --->   Operation 69 'write' <Predicate = true> <Delay = 0.00>
ST_2 : Operation 70 [1/1] (0.00ns)   --->   "%P_16_ret = extractvalue { i32, i32, i32, i32, i32, i32, i32, i32, i32, i32, i32, i32, i32, i32, i32, i32, i32, i32 } %call_ret, 16" [blowfish.cpp:221]   --->   Operation 70 'extractvalue' 'P_16_ret' <Predicate = true> <Delay = 0.00>
ST_2 : Operation 71 [1/1] (0.00ns)   --->   "call void @_ssdm_op_Write.ap_auto.i32P(i32* %P_16, i32 %P_16_ret)" [blowfish.cpp:221]   --->   Operation 71 'write' <Predicate = true> <Delay = 0.00>
ST_2 : Operation 72 [1/1] (0.00ns)   --->   "%P_17_ret = extractvalue { i32, i32, i32, i32, i32, i32, i32, i32, i32, i32, i32, i32, i32, i32, i32, i32, i32, i32 } %call_ret, 17" [blowfish.cpp:221]   --->   Operation 72 'extractvalue' 'P_17_ret' <Predicate = true> <Delay = 0.00>
ST_2 : Operation 73 [1/1] (0.00ns)   --->   "call void @_ssdm_op_Write.ap_auto.i32P(i32* %P_17, i32 %P_17_ret)" [blowfish.cpp:221]   --->   Operation 73 'write' <Predicate = true> <Delay = 0.00>
ST_2 : Operation 74 [1/1] (0.00ns)   --->   "br label %._crit_edge" [blowfish.cpp:222]   --->   Operation 74 'br' <Predicate = true> <Delay = 0.00>

State 3 <SV = 2> <Delay = 6.44>
ST_3 : Operation 75 [1/1] (0.00ns)   --->   "%P_0_read = call i32 @_ssdm_op_Read.ap_auto.i32P(i32* %P_0)" [blowfish.cpp:224]   --->   Operation 75 'read' 'P_0_read' <Predicate = true> <Delay = 0.00>
ST_3 : Operation 76 [1/1] (0.00ns)   --->   "%P_1_read = call i32 @_ssdm_op_Read.ap_auto.i32P(i32* %P_1)" [blowfish.cpp:224]   --->   Operation 76 'read' 'P_1_read' <Predicate = true> <Delay = 0.00>
ST_3 : Operation 77 [1/1] (0.00ns)   --->   "%P_2_read = call i32 @_ssdm_op_Read.ap_auto.i32P(i32* %P_2)" [blowfish.cpp:224]   --->   Operation 77 'read' 'P_2_read' <Predicate = true> <Delay = 0.00>
ST_3 : Operation 78 [1/1] (0.00ns)   --->   "%P_3_read = call i32 @_ssdm_op_Read.ap_auto.i32P(i32* %P_3)" [blowfish.cpp:224]   --->   Operation 78 'read' 'P_3_read' <Predicate = true> <Delay = 0.00>
ST_3 : Operation 79 [1/1] (0.00ns)   --->   "%P_4_read = call i32 @_ssdm_op_Read.ap_auto.i32P(i32* %P_4)" [blowfish.cpp:224]   --->   Operation 79 'read' 'P_4_read' <Predicate = true> <Delay = 0.00>
ST_3 : Operation 80 [1/1] (0.00ns)   --->   "%P_5_read = call i32 @_ssdm_op_Read.ap_auto.i32P(i32* %P_5)" [blowfish.cpp:224]   --->   Operation 80 'read' 'P_5_read' <Predicate = true> <Delay = 0.00>
ST_3 : Operation 81 [1/1] (0.00ns)   --->   "%P_6_read = call i32 @_ssdm_op_Read.ap_auto.i32P(i32* %P_6)" [blowfish.cpp:224]   --->   Operation 81 'read' 'P_6_read' <Predicate = true> <Delay = 0.00>
ST_3 : Operation 82 [1/1] (0.00ns)   --->   "%P_7_read = call i32 @_ssdm_op_Read.ap_auto.i32P(i32* %P_7)" [blowfish.cpp:224]   --->   Operation 82 'read' 'P_7_read' <Predicate = true> <Delay = 0.00>
ST_3 : Operation 83 [1/1] (0.00ns)   --->   "%P_8_read = call i32 @_ssdm_op_Read.ap_auto.i32P(i32* %P_8)" [blowfish.cpp:224]   --->   Operation 83 'read' 'P_8_read' <Predicate = true> <Delay = 0.00>
ST_3 : Operation 84 [1/1] (0.00ns)   --->   "%P_9_read = call i32 @_ssdm_op_Read.ap_auto.i32P(i32* %P_9)" [blowfish.cpp:224]   --->   Operation 84 'read' 'P_9_read' <Predicate = true> <Delay = 0.00>
ST_3 : Operation 85 [1/1] (0.00ns)   --->   "%P_10_read = call i32 @_ssdm_op_Read.ap_auto.i32P(i32* %P_10)" [blowfish.cpp:224]   --->   Operation 85 'read' 'P_10_read' <Predicate = true> <Delay = 0.00>
ST_3 : Operation 86 [1/1] (0.00ns)   --->   "%P_11_read = call i32 @_ssdm_op_Read.ap_auto.i32P(i32* %P_11)" [blowfish.cpp:224]   --->   Operation 86 'read' 'P_11_read' <Predicate = true> <Delay = 0.00>
ST_3 : Operation 87 [1/1] (0.00ns)   --->   "%P_12_read = call i32 @_ssdm_op_Read.ap_auto.i32P(i32* %P_12)" [blowfish.cpp:224]   --->   Operation 87 'read' 'P_12_read' <Predicate = true> <Delay = 0.00>
ST_3 : Operation 88 [1/1] (0.00ns)   --->   "%P_13_read = call i32 @_ssdm_op_Read.ap_auto.i32P(i32* %P_13)" [blowfish.cpp:224]   --->   Operation 88 'read' 'P_13_read' <Predicate = true> <Delay = 0.00>
ST_3 : Operation 89 [1/1] (0.00ns)   --->   "%P_14_read = call i32 @_ssdm_op_Read.ap_auto.i32P(i32* %P_14)" [blowfish.cpp:224]   --->   Operation 89 'read' 'P_14_read' <Predicate = true> <Delay = 0.00>
ST_3 : Operation 90 [1/1] (0.00ns)   --->   "%P_15_read = call i32 @_ssdm_op_Read.ap_auto.i32P(i32* %P_15)" [blowfish.cpp:224]   --->   Operation 90 'read' 'P_15_read' <Predicate = true> <Delay = 0.00>
ST_3 : Operation 91 [1/1] (0.00ns)   --->   "%P_16_read = call i32 @_ssdm_op_Read.ap_auto.i32P(i32* %P_16)" [blowfish.cpp:224]   --->   Operation 91 'read' 'P_16_read' <Predicate = true> <Delay = 0.00>
ST_3 : Operation 92 [1/1] (0.00ns)   --->   "%P_17_read = call i32 @_ssdm_op_Read.ap_auto.i32P(i32* %P_17)" [blowfish.cpp:224]   --->   Operation 92 'read' 'P_17_read' <Predicate = true> <Delay = 0.00>
ST_3 : Operation 93 [2/2] (6.44ns)   --->   "call fastcc void @Blowfish_Encrypt([8 x i8]* %plaintext, [8 x i8]* %ciphertext, i32 %P_0_read, i32 %P_1_read, i32 %P_2_read, i32 %P_3_read, i32 %P_4_read, i32 %P_5_read, i32 %P_6_read, i32 %P_7_read, i32 %P_8_read, i32 %P_9_read, i32 %P_10_read, i32 %P_11_read, i32 %P_12_read, i32 %P_13_read, i32 %P_14_read, i32 %P_15_read, i32 %P_16_read, i32 %P_17_read, [256 x i32]* %S_0, [256 x i32]* %S_1, [256 x i32]* %S_2, [256 x i32]* %S_3)" [blowfish.cpp:224]   --->   Operation 93 'call' <Predicate = true> <Delay = 6.44> <CoreType = "Generic">   --->   Core 0 '' <Latency = 0> <II = 1> <Delay = 1.00> <Generic> <Opcode : >

State 4 <SV = 3> <Delay = 0.00>
ST_4 : Operation 94 [1/2] (0.00ns)   --->   "call fastcc void @Blowfish_Encrypt([8 x i8]* %plaintext, [8 x i8]* %ciphertext, i32 %P_0_read, i32 %P_1_read, i32 %P_2_read, i32 %P_3_read, i32 %P_4_read, i32 %P_5_read, i32 %P_6_read, i32 %P_7_read, i32 %P_8_read, i32 %P_9_read, i32 %P_10_read, i32 %P_11_read, i32 %P_12_read, i32 %P_13_read, i32 %P_14_read, i32 %P_15_read, i32 %P_16_read, i32 %P_17_read, [256 x i32]* %S_0, [256 x i32]* %S_1, [256 x i32]* %S_2, [256 x i32]* %S_3)" [blowfish.cpp:224]   --->   Operation 94 'call' <Predicate = true> <Delay = 0.00> <CoreType = "Generic">   --->   Core 0 '' <Latency = 0> <II = 1> <Delay = 1.00> <Generic> <Opcode : >
ST_4 : Operation 95 [1/1] (0.00ns)   --->   "ret void" [blowfish.cpp:230]   --->   Operation 95 'ret' <Predicate = true> <Delay = 0.00>


============================================================
+ Verbose Summary: Binding
============================================================
STG Binding: 
---------------- STG Properties BEGIN ----------------
- Is combinational: 0
- Is one-state seq: 0
- Is datapath-only: 0
- Is pipelined: 0
- Is top level: 1
Port [ Return ] is wired: 1; IO mode=ap_ctrl_hs:ce=0
Port [ set_key]:  wired=1; compound=0; hidden=0; nouse=0; global=0; static=0; extern=0; dir=0; type=0; pingpong=0; private_global=0; IO mode=ap_none:ce=0
Port [ key]:  wired=1; compound=1; hidden=0; nouse=0; global=0; static=0; extern=0; dir=0; type=1; pingpong=0; private_global=0; MemPort=[11]; IO mode=ap_memory:ce=0
Port [ key_size]:  wired=1; compound=0; hidden=0; nouse=0; global=0; static=0; extern=0; dir=0; type=0; pingpong=0; private_global=0; IO mode=ap_none:ce=0
Port [ plaintext]:  wired=1; compound=1; hidden=0; nouse=0; global=0; static=0; extern=0; dir=0; type=1; pingpong=0; private_global=0; MemPort=[11]; IO mode=ap_memory:ce=0
Port [ ciphertext]:  wired=1; compound=1; hidden=0; nouse=0; global=0; static=0; extern=0; dir=1; type=1; pingpong=0; private_global=0; MemPort=[00]; IO mode=ap_memory:ce=0
Port [ P_0]:  wired=1; compound=0; hidden=0; nouse=0; global=0; static=0; extern=0; dir=2; type=0; pingpong=0; private_global=0; IO mode=ap_ovld:ce=0
Port [ P_1]:  wired=1; compound=0; hidden=0; nouse=0; global=0; static=0; extern=0; dir=2; type=0; pingpong=0; private_global=0; IO mode=ap_ovld:ce=0
Port [ P_2]:  wired=1; compound=0; hidden=0; nouse=0; global=0; static=0; extern=0; dir=2; type=0; pingpong=0; private_global=0; IO mode=ap_ovld:ce=0
Port [ P_3]:  wired=1; compound=0; hidden=0; nouse=0; global=0; static=0; extern=0; dir=2; type=0; pingpong=0; private_global=0; IO mode=ap_ovld:ce=0
Port [ P_4]:  wired=1; compound=0; hidden=0; nouse=0; global=0; static=0; extern=0; dir=2; type=0; pingpong=0; private_global=0; IO mode=ap_ovld:ce=0
Port [ P_5]:  wired=1; compound=0; hidden=0; nouse=0; global=0; static=0; extern=0; dir=2; type=0; pingpong=0; private_global=0; IO mode=ap_ovld:ce=0
Port [ P_6]:  wired=1; compound=0; hidden=0; nouse=0; global=0; static=0; extern=0; dir=2; type=0; pingpong=0; private_global=0; IO mode=ap_ovld:ce=0
Port [ P_7]:  wired=1; compound=0; hidden=0; nouse=0; global=0; static=0; extern=0; dir=2; type=0; pingpong=0; private_global=0; IO mode=ap_ovld:ce=0
Port [ P_8]:  wired=1; compound=0; hidden=0; nouse=0; global=0; static=0; extern=0; dir=2; type=0; pingpong=0; private_global=0; IO mode=ap_ovld:ce=0
Port [ P_9]:  wired=1; compound=0; hidden=0; nouse=0; global=0; static=0; extern=0; dir=2; type=0; pingpong=0; private_global=0; IO mode=ap_ovld:ce=0
Port [ P_10]:  wired=1; compound=0; hidden=0; nouse=0; global=0; static=0; extern=0; dir=2; type=0; pingpong=0; private_global=0; IO mode=ap_ovld:ce=0
Port [ P_11]:  wired=1; compound=0; hidden=0; nouse=0; global=0; static=0; extern=0; dir=2; type=0; pingpong=0; private_global=0; IO mode=ap_ovld:ce=0
Port [ P_12]:  wired=1; compound=0; hidden=0; nouse=0; global=0; static=0; extern=0; dir=2; type=0; pingpong=0; private_global=0; IO mode=ap_ovld:ce=0
Port [ P_13]:  wired=1; compound=0; hidden=0; nouse=0; global=0; static=0; extern=0; dir=2; type=0; pingpong=0; private_global=0; IO mode=ap_ovld:ce=0
Port [ P_14]:  wired=1; compound=0; hidden=0; nouse=0; global=0; static=0; extern=0; dir=2; type=0; pingpong=0; private_global=0; IO mode=ap_ovld:ce=0
Port [ P_15]:  wired=1; compound=0; hidden=0; nouse=0; global=0; static=0; extern=0; dir=2; type=0; pingpong=0; private_global=0; IO mode=ap_ovld:ce=0
Port [ P_16]:  wired=1; compound=0; hidden=0; nouse=0; global=0; static=0; extern=0; dir=2; type=0; pingpong=0; private_global=0; IO mode=ap_ovld:ce=0
Port [ P_17]:  wired=1; compound=0; hidden=0; nouse=0; global=0; static=0; extern=0; dir=2; type=0; pingpong=0; private_global=0; IO mode=ap_ovld:ce=0
Port [ S_0]:  wired=1; compound=1; hidden=0; nouse=0; global=0; static=0; extern=0; dir=2; type=1; pingpong=0; private_global=0; MemPort=[20]; IO mode=ap_memory:ce=0
Port [ S_1]:  wired=1; compound=1; hidden=0; nouse=0; global=0; static=0; extern=0; dir=2; type=1; pingpong=0; private_global=0; MemPort=[20]; IO mode=ap_memory:ce=0
Port [ S_2]:  wired=1; compound=1; hidden=0; nouse=0; global=0; static=0; extern=0; dir=2; type=1; pingpong=0; private_global=0; MemPort=[20]; IO mode=ap_memory:ce=0
Port [ S_3]:  wired=1; compound=1; hidden=0; nouse=0; global=0; static=0; extern=0; dir=2; type=1; pingpong=0; private_global=0; MemPort=[20]; IO mode=ap_memory:ce=0
Port [ initial_sbox_0]:  wired=0; compound=1; hidden=1; nouse=1; global=1; static=1; extern=0; dir=0; type=1; pingpong=0; private_global=0; linkage=7; visibility=0; MemPort=[11]; IO mode=ap_memory:ce=0
Port [ initial_sbox_1]:  wired=0; compound=1; hidden=1; nouse=1; global=1; static=1; extern=0; dir=0; type=1; pingpong=0; private_global=0; linkage=7; visibility=0; MemPort=[11]; IO mode=ap_memory:ce=0
Port [ initial_sbox_2]:  wired=0; compound=1; hidden=1; nouse=1; global=1; static=1; extern=0; dir=0; type=1; pingpong=0; private_global=0; linkage=7; visibility=0; MemPort=[11]; IO mode=ap_memory:ce=0
Port [ initial_sbox_3]:  wired=0; compound=1; hidden=1; nouse=1; global=1; static=1; extern=0; dir=0; type=1; pingpong=0; private_global=0; linkage=7; visibility=0; MemPort=[11]; IO mode=ap_memory:ce=0
---------------- STG Properties END ------------------

---------------- Datapath Model BEGIN ----------------

<LifeTime>
<method=bitvector/>
specbitsmap_ln0   (specbitsmap  ) [ 00000]
specbitsmap_ln0   (specbitsmap  ) [ 00000]
specbitsmap_ln0   (specbitsmap  ) [ 00000]
specbitsmap_ln0   (specbitsmap  ) [ 00000]
specbitsmap_ln0   (specbitsmap  ) [ 00000]
specbitsmap_ln0   (specbitsmap  ) [ 00000]
specbitsmap_ln0   (specbitsmap  ) [ 00000]
specbitsmap_ln0   (specbitsmap  ) [ 00000]
specbitsmap_ln0   (specbitsmap  ) [ 00000]
specbitsmap_ln0   (specbitsmap  ) [ 00000]
specbitsmap_ln0   (specbitsmap  ) [ 00000]
specbitsmap_ln0   (specbitsmap  ) [ 00000]
specbitsmap_ln0   (specbitsmap  ) [ 00000]
specbitsmap_ln0   (specbitsmap  ) [ 00000]
specbitsmap_ln0   (specbitsmap  ) [ 00000]
specbitsmap_ln0   (specbitsmap  ) [ 00000]
specbitsmap_ln0   (specbitsmap  ) [ 00000]
specbitsmap_ln0   (specbitsmap  ) [ 00000]
specbitsmap_ln0   (specbitsmap  ) [ 00000]
specbitsmap_ln0   (specbitsmap  ) [ 00000]
specbitsmap_ln0   (specbitsmap  ) [ 00000]
specbitsmap_ln0   (specbitsmap  ) [ 00000]
specbitsmap_ln0   (specbitsmap  ) [ 00000]
specbitsmap_ln0   (specbitsmap  ) [ 00000]
specbitsmap_ln0   (specbitsmap  ) [ 00000]
specbitsmap_ln0   (specbitsmap  ) [ 00000]
specbitsmap_ln0   (specbitsmap  ) [ 00000]
spectopmodule_ln0 (spectopmodule) [ 00000]
key_size_read     (read         ) [ 00100]
set_key_read      (read         ) [ 01000]
br_ln220          (br           ) [ 00000]
call_ret          (call         ) [ 00000]
P_0_ret           (extractvalue ) [ 00000]
write_ln221       (write        ) [ 00000]
P_1_ret           (extractvalue ) [ 00000]
write_ln221       (write        ) [ 00000]
P_2_ret           (extractvalue ) [ 00000]
write_ln221       (write        ) [ 00000]
P_3_ret           (extractvalue ) [ 00000]
write_ln221       (write        ) [ 00000]
P_4_ret           (extractvalue ) [ 00000]
write_ln221       (write        ) [ 00000]
P_5_ret           (extractvalue ) [ 00000]
write_ln221       (write        ) [ 00000]
P_6_ret           (extractvalue ) [ 00000]
write_ln221       (write        ) [ 00000]
P_7_ret           (extractvalue ) [ 00000]
write_ln221       (write        ) [ 00000]
P_8_ret           (extractvalue ) [ 00000]
write_ln221       (write        ) [ 00000]
P_9_ret           (extractvalue ) [ 00000]
write_ln221       (write        ) [ 00000]
P_10_ret          (extractvalue ) [ 00000]
write_ln221       (write        ) [ 00000]
P_11_ret          (extractvalue ) [ 00000]
write_ln221       (write        ) [ 00000]
P_12_ret          (extractvalue ) [ 00000]
write_ln221       (write        ) [ 00000]
P_13_ret          (extractvalue ) [ 00000]
write_ln221       (write        ) [ 00000]
P_14_ret          (extractvalue ) [ 00000]
write_ln221       (write        ) [ 00000]
P_15_ret          (extractvalue ) [ 00000]
write_ln221       (write        ) [ 00000]
P_16_ret          (extractvalue ) [ 00000]
write_ln221       (write        ) [ 00000]
P_17_ret          (extractvalue ) [ 00000]
write_ln221       (write        ) [ 00000]
br_ln222          (br           ) [ 00000]
P_0_read          (read         ) [ 00001]
P_1_read          (read         ) [ 00001]
P_2_read          (read         ) [ 00001]
P_3_read          (read         ) [ 00001]
P_4_read          (read         ) [ 00001]
P_5_read          (read         ) [ 00001]
P_6_read          (read         ) [ 00001]
P_7_read          (read         ) [ 00001]
P_8_read          (read         ) [ 00001]
P_9_read          (read         ) [ 00001]
P_10_read         (read         ) [ 00001]
P_11_read         (read         ) [ 00001]
P_12_read         (read         ) [ 00001]
P_13_read         (read         ) [ 00001]
P_14_read         (read         ) [ 00001]
P_15_read         (read         ) [ 00001]
P_16_read         (read         ) [ 00001]
P_17_read         (read         ) [ 00001]
call_ln224        (call         ) [ 00000]
ret_ln230         (ret          ) [ 00000]
</LifeTime>

<model>

<comp_list>
<comp id="0" class="1000" name="set_key">
<pin_list>
<pin id="1" dir="1" index="0" bw="1" slack="0"/>
</pin_list>
<bind>
<StgValue><ssdm name="set_key"/></StgValue>
</bind>
</comp>

<comp id="2" class="1000" name="key">
<pin_list>
<pin id="3" dir="1" index="0" bw="1" slack="0"/>
</pin_list>
<bind>
<StgValue><ssdm name="key"/><MemPortTyVec>1 1 </MemPortTyVec>
</StgValue>
</bind>
</comp>

<comp id="4" class="1000" name="key_size">
<pin_list>
<pin id="5" dir="1" index="0" bw="1" slack="0"/>
</pin_list>
<bind>
<StgValue><ssdm name="key_size"/></StgValue>
</bind>
</comp>

<comp id="6" class="1000" name="plaintext">
<pin_list>
<pin id="7" dir="1" index="0" bw="1" slack="0"/>
</pin_list>
<bind>
<StgValue><ssdm name="plaintext"/><MemPortTyVec>1 1 </MemPortTyVec>
</StgValue>
</bind>
</comp>

<comp id="8" class="1000" name="ciphertext">
<pin_list>
<pin id="9" dir="1" index="0" bw="1" slack="0"/>
</pin_list>
<bind>
<StgValue><ssdm name="ciphertext"/><MemPortTyVec>0 0 </MemPortTyVec>
</StgValue>
</bind>
</comp>

<comp id="10" class="1000" name="P_0">
<pin_list>
<pin id="11" dir="1" index="0" bw="1" slack="0"/>
</pin_list>
<bind>
<StgValue><ssdm name="P_0"/></StgValue>
</bind>
</comp>

<comp id="12" class="1000" name="P_1">
<pin_list>
<pin id="13" dir="1" index="0" bw="1" slack="0"/>
</pin_list>
<bind>
<StgValue><ssdm name="P_1"/></StgValue>
</bind>
</comp>

<comp id="14" class="1000" name="P_2">
<pin_list>
<pin id="15" dir="1" index="0" bw="1" slack="0"/>
</pin_list>
<bind>
<StgValue><ssdm name="P_2"/></StgValue>
</bind>
</comp>

<comp id="16" class="1000" name="P_3">
<pin_list>
<pin id="17" dir="1" index="0" bw="1" slack="0"/>
</pin_list>
<bind>
<StgValue><ssdm name="P_3"/></StgValue>
</bind>
</comp>

<comp id="18" class="1000" name="P_4">
<pin_list>
<pin id="19" dir="1" index="0" bw="1" slack="0"/>
</pin_list>
<bind>
<StgValue><ssdm name="P_4"/></StgValue>
</bind>
</comp>

<comp id="20" class="1000" name="P_5">
<pin_list>
<pin id="21" dir="1" index="0" bw="1" slack="0"/>
</pin_list>
<bind>
<StgValue><ssdm name="P_5"/></StgValue>
</bind>
</comp>

<comp id="22" class="1000" name="P_6">
<pin_list>
<pin id="23" dir="1" index="0" bw="1" slack="0"/>
</pin_list>
<bind>
<StgValue><ssdm name="P_6"/></StgValue>
</bind>
</comp>

<comp id="24" class="1000" name="P_7">
<pin_list>
<pin id="25" dir="1" index="0" bw="1" slack="0"/>
</pin_list>
<bind>
<StgValue><ssdm name="P_7"/></StgValue>
</bind>
</comp>

<comp id="26" class="1000" name="P_8">
<pin_list>
<pin id="27" dir="1" index="0" bw="1" slack="0"/>
</pin_list>
<bind>
<StgValue><ssdm name="P_8"/></StgValue>
</bind>
</comp>

<comp id="28" class="1000" name="P_9">
<pin_list>
<pin id="29" dir="1" index="0" bw="1" slack="0"/>
</pin_list>
<bind>
<StgValue><ssdm name="P_9"/></StgValue>
</bind>
</comp>

<comp id="30" class="1000" name="P_10">
<pin_list>
<pin id="31" dir="1" index="0" bw="1" slack="0"/>
</pin_list>
<bind>
<StgValue><ssdm name="P_10"/></StgValue>
</bind>
</comp>

<comp id="32" class="1000" name="P_11">
<pin_list>
<pin id="33" dir="1" index="0" bw="1" slack="0"/>
</pin_list>
<bind>
<StgValue><ssdm name="P_11"/></StgValue>
</bind>
</comp>

<comp id="34" class="1000" name="P_12">
<pin_list>
<pin id="35" dir="1" index="0" bw="1" slack="0"/>
</pin_list>
<bind>
<StgValue><ssdm name="P_12"/></StgValue>
</bind>
</comp>

<comp id="36" class="1000" name="P_13">
<pin_list>
<pin id="37" dir="1" index="0" bw="1" slack="0"/>
</pin_list>
<bind>
<StgValue><ssdm name="P_13"/></StgValue>
</bind>
</comp>

<comp id="38" class="1000" name="P_14">
<pin_list>
<pin id="39" dir="1" index="0" bw="1" slack="0"/>
</pin_list>
<bind>
<StgValue><ssdm name="P_14"/></StgValue>
</bind>
</comp>

<comp id="40" class="1000" name="P_15">
<pin_list>
<pin id="41" dir="1" index="0" bw="1" slack="0"/>
</pin_list>
<bind>
<StgValue><ssdm name="P_15"/></StgValue>
</bind>
</comp>

<comp id="42" class="1000" name="P_16">
<pin_list>
<pin id="43" dir="1" index="0" bw="1" slack="0"/>
</pin_list>
<bind>
<StgValue><ssdm name="P_16"/></StgValue>
</bind>
</comp>

<comp id="44" class="1000" name="P_17">
<pin_list>
<pin id="45" dir="1" index="0" bw="1" slack="0"/>
</pin_list>
<bind>
<StgValue><ssdm name="P_17"/></StgValue>
</bind>
</comp>

<comp id="46" class="1000" name="S_0">
<pin_list>
<pin id="47" dir="1" index="0" bw="1" slack="0"/>
</pin_list>
<bind>
<StgValue><ssdm name="S_0"/><MemPortTyVec>2 0 </MemPortTyVec>
</StgValue>
</bind>
</comp>

<comp id="48" class="1000" name="S_1">
<pin_list>
<pin id="49" dir="1" index="0" bw="1" slack="0"/>
</pin_list>
<bind>
<StgValue><ssdm name="S_1"/><MemPortTyVec>2 0 </MemPortTyVec>
</StgValue>
</bind>
</comp>

<comp id="50" class="1000" name="S_2">
<pin_list>
<pin id="51" dir="1" index="0" bw="1" slack="0"/>
</pin_list>
<bind>
<StgValue><ssdm name="S_2"/><MemPortTyVec>2 0 </MemPortTyVec>
</StgValue>
</bind>
</comp>

<comp id="52" class="1000" name="S_3">
<pin_list>
<pin id="53" dir="1" index="0" bw="1" slack="0"/>
</pin_list>
<bind>
<StgValue><ssdm name="S_3"/><MemPortTyVec>2 0 </MemPortTyVec>
</StgValue>
</bind>
</comp>

<comp id="54" class="1000" name="initial_sbox_0">
<pin_list>
<pin id="55" dir="1" index="0" bw="1" slack="0"/>
</pin_list>
<bind>
<StgValue><ssdm name="initial_sbox_0"/><MemPortTyVec>1 1 </MemPortTyVec>
</StgValue>
</bind>
</comp>

<comp id="56" class="1000" name="initial_sbox_1">
<pin_list>
<pin id="57" dir="1" index="0" bw="1" slack="0"/>
</pin_list>
<bind>
<StgValue><ssdm name="initial_sbox_1"/><MemPortTyVec>1 1 </MemPortTyVec>
</StgValue>
</bind>
</comp>

<comp id="58" class="1000" name="initial_sbox_2">
<pin_list>
<pin id="59" dir="1" index="0" bw="1" slack="0"/>
</pin_list>
<bind>
<StgValue><ssdm name="initial_sbox_2"/><MemPortTyVec>1 1 </MemPortTyVec>
</StgValue>
</bind>
</comp>

<comp id="60" class="1000" name="initial_sbox_3">
<pin_list>
<pin id="61" dir="1" index="0" bw="1" slack="0"/>
</pin_list>
<bind>
<StgValue><ssdm name="initial_sbox_3"/><MemPortTyVec>1 1 </MemPortTyVec>
</StgValue>
</bind>
</comp>

<comp id="62" class="1001" name="const_62">
<pin_list>
<pin id="63" dir="1" index="0" bw="1" slack="2147483647"/>
</pin_list>
<bind>
<StgValue><ssdm name="_ssdm_op_SpecBitsMap"/></StgValue>
</bind>
</comp>

<comp id="64" class="1001" name="const_64">
<pin_list>
<pin id="65" dir="1" index="0" bw="1" slack="2147483647"/>
</pin_list>
<bind>
<StgValue><ssdm name="_ssdm_op_SpecTopModule"/></StgValue>
</bind>
</comp>

<comp id="66" class="1001" name="const_66">
<pin_list>
<pin id="67" dir="1" index="0" bw="1" slack="2147483647"/>
</pin_list>
<bind>
<StgValue><ssdm name="Blowfish_SetKey_Encr"/></StgValue>
</bind>
</comp>

<comp id="68" class="1001" name="const_68">
<pin_list>
<pin id="69" dir="1" index="0" bw="1" slack="0"/>
</pin_list>
<bind>
<StgValue><ssdm name="_ssdm_op_Read.ap_auto.i64"/></StgValue>
</bind>
</comp>

<comp id="70" class="1001" name="const_70">
<pin_list>
<pin id="71" dir="1" index="0" bw="1" slack="0"/>
</pin_list>
<bind>
<StgValue><ssdm name="_ssdm_op_Read.ap_auto.i1"/></StgValue>
</bind>
</comp>

<comp id="72" class="1001" name="const_72">
<pin_list>
<pin id="73" dir="1" index="0" bw="1" slack="0"/>
</pin_list>
<bind>
<StgValue><ssdm name="Blowfish_SetKey"/></StgValue>
</bind>
</comp>

<comp id="74" class="1001" name="const_74">
<pin_list>
<pin id="75" dir="1" index="0" bw="1" slack="0"/>
</pin_list>
<bind>
<StgValue><ssdm name="_ssdm_op_Write.ap_auto.i32P"/></StgValue>
</bind>
</comp>

<comp id="76" class="1001" name="const_76">
<pin_list>
<pin id="77" dir="1" index="0" bw="1" slack="0"/>
</pin_list>
<bind>
<StgValue><ssdm name="_ssdm_op_Read.ap_auto.i32P"/></StgValue>
</bind>
</comp>

<comp id="78" class="1001" name="const_78">
<pin_list>
<pin id="79" dir="1" index="0" bw="1" slack="0"/>
</pin_list>
<bind>
<StgValue><ssdm name="Blowfish_Encrypt"/></StgValue>
</bind>
</comp>

<comp id="80" class="1004" name="key_size_read_read_fu_80">
<pin_list>
<pin id="81" dir="0" index="0" bw="64" slack="0"/>
<pin id="82" dir="0" index="1" bw="64" slack="0"/>
<pin id="83" dir="1" index="2" bw="64" slack="0"/>
</pin_list>
<bind>
<opcode="read(1150) " fcode="read"/>
<opset="key_size_read/1 "/>
</bind>
</comp>

<comp id="86" class="1004" name="set_key_read_read_fu_86">
<pin_list>
<pin id="87" dir="0" index="0" bw="1" slack="0"/>
<pin id="88" dir="0" index="1" bw="1" slack="0"/>
<pin id="89" dir="1" index="2" bw="1" slack="2147483647"/>
</pin_list>
<bind>
<opcode="read(1150) " fcode="read"/>
<opset="set_key_read/1 "/>
</bind>
</comp>

<comp id="92" class="1004" name="write_ln221_write_fu_92">
<pin_list>
<pin id="93" dir="0" index="0" bw="0" slack="0"/>
<pin id="94" dir="0" index="1" bw="32" slack="0"/>
<pin id="95" dir="0" index="2" bw="32" slack="0"/>
<pin id="96" dir="1" index="3" bw="0" slack="2147483647"/>
</pin_list>
<bind>
<opcode="write(1151) " fcode="write"/>
<opset="write_ln221/2 "/>
</bind>
</comp>

<comp id="99" class="1004" name="write_ln221_write_fu_99">
<pin_list>
<pin id="100" dir="0" index="0" bw="0" slack="0"/>
<pin id="101" dir="0" index="1" bw="32" slack="0"/>
<pin id="102" dir="0" index="2" bw="32" slack="0"/>
<pin id="103" dir="1" index="3" bw="0" slack="2147483647"/>
</pin_list>
<bind>
<opcode="write(1151) " fcode="write"/>
<opset="write_ln221/2 "/>
</bind>
</comp>

<comp id="106" class="1004" name="write_ln221_write_fu_106">
<pin_list>
<pin id="107" dir="0" index="0" bw="0" slack="0"/>
<pin id="108" dir="0" index="1" bw="32" slack="0"/>
<pin id="109" dir="0" index="2" bw="32" slack="0"/>
<pin id="110" dir="1" index="3" bw="0" slack="2147483647"/>
</pin_list>
<bind>
<opcode="write(1151) " fcode="write"/>
<opset="write_ln221/2 "/>
</bind>
</comp>

<comp id="113" class="1004" name="write_ln221_write_fu_113">
<pin_list>
<pin id="114" dir="0" index="0" bw="0" slack="0"/>
<pin id="115" dir="0" index="1" bw="32" slack="0"/>
<pin id="116" dir="0" index="2" bw="32" slack="0"/>
<pin id="117" dir="1" index="3" bw="0" slack="2147483647"/>
</pin_list>
<bind>
<opcode="write(1151) " fcode="write"/>
<opset="write_ln221/2 "/>
</bind>
</comp>

<comp id="120" class="1004" name="write_ln221_write_fu_120">
<pin_list>
<pin id="121" dir="0" index="0" bw="0" slack="0"/>
<pin id="122" dir="0" index="1" bw="32" slack="0"/>
<pin id="123" dir="0" index="2" bw="32" slack="0"/>
<pin id="124" dir="1" index="3" bw="0" slack="2147483647"/>
</pin_list>
<bind>
<opcode="write(1151) " fcode="write"/>
<opset="write_ln221/2 "/>
</bind>
</comp>

<comp id="127" class="1004" name="write_ln221_write_fu_127">
<pin_list>
<pin id="128" dir="0" index="0" bw="0" slack="0"/>
<pin id="129" dir="0" index="1" bw="32" slack="0"/>
<pin id="130" dir="0" index="2" bw="32" slack="0"/>
<pin id="131" dir="1" index="3" bw="0" slack="2147483647"/>
</pin_list>
<bind>
<opcode="write(1151) " fcode="write"/>
<opset="write_ln221/2 "/>
</bind>
</comp>

<comp id="134" class="1004" name="write_ln221_write_fu_134">
<pin_list>
<pin id="135" dir="0" index="0" bw="0" slack="0"/>
<pin id="136" dir="0" index="1" bw="32" slack="0"/>
<pin id="137" dir="0" index="2" bw="32" slack="0"/>
<pin id="138" dir="1" index="3" bw="0" slack="2147483647"/>
</pin_list>
<bind>
<opcode="write(1151) " fcode="write"/>
<opset="write_ln221/2 "/>
</bind>
</comp>

<comp id="141" class="1004" name="write_ln221_write_fu_141">
<pin_list>
<pin id="142" dir="0" index="0" bw="0" slack="0"/>
<pin id="143" dir="0" index="1" bw="32" slack="0"/>
<pin id="144" dir="0" index="2" bw="32" slack="0"/>
<pin id="145" dir="1" index="3" bw="0" slack="2147483647"/>
</pin_list>
<bind>
<opcode="write(1151) " fcode="write"/>
<opset="write_ln221/2 "/>
</bind>
</comp>

<comp id="148" class="1004" name="write_ln221_write_fu_148">
<pin_list>
<pin id="149" dir="0" index="0" bw="0" slack="0"/>
<pin id="150" dir="0" index="1" bw="32" slack="0"/>
<pin id="151" dir="0" index="2" bw="32" slack="0"/>
<pin id="152" dir="1" index="3" bw="0" slack="2147483647"/>
</pin_list>
<bind>
<opcode="write(1151) " fcode="write"/>
<opset="write_ln221/2 "/>
</bind>
</comp>

<comp id="155" class="1004" name="write_ln221_write_fu_155">
<pin_list>
<pin id="156" dir="0" index="0" bw="0" slack="0"/>
<pin id="157" dir="0" index="1" bw="32" slack="0"/>
<pin id="158" dir="0" index="2" bw="32" slack="0"/>
<pin id="159" dir="1" index="3" bw="0" slack="2147483647"/>
</pin_list>
<bind>
<opcode="write(1151) " fcode="write"/>
<opset="write_ln221/2 "/>
</bind>
</comp>

<comp id="162" class="1004" name="write_ln221_write_fu_162">
<pin_list>
<pin id="163" dir="0" index="0" bw="0" slack="0"/>
<pin id="164" dir="0" index="1" bw="32" slack="0"/>
<pin id="165" dir="0" index="2" bw="32" slack="0"/>
<pin id="166" dir="1" index="3" bw="0" slack="2147483647"/>
</pin_list>
<bind>
<opcode="write(1151) " fcode="write"/>
<opset="write_ln221/2 "/>
</bind>
</comp>

<comp id="169" class="1004" name="write_ln221_write_fu_169">
<pin_list>
<pin id="170" dir="0" index="0" bw="0" slack="0"/>
<pin id="171" dir="0" index="1" bw="32" slack="0"/>
<pin id="172" dir="0" index="2" bw="32" slack="0"/>
<pin id="173" dir="1" index="3" bw="0" slack="2147483647"/>
</pin_list>
<bind>
<opcode="write(1151) " fcode="write"/>
<opset="write_ln221/2 "/>
</bind>
</comp>

<comp id="176" class="1004" name="write_ln221_write_fu_176">
<pin_list>
<pin id="177" dir="0" index="0" bw="0" slack="0"/>
<pin id="178" dir="0" index="1" bw="32" slack="0"/>
<pin id="179" dir="0" index="2" bw="32" slack="0"/>
<pin id="180" dir="1" index="3" bw="0" slack="2147483647"/>
</pin_list>
<bind>
<opcode="write(1151) " fcode="write"/>
<opset="write_ln221/2 "/>
</bind>
</comp>

<comp id="183" class="1004" name="write_ln221_write_fu_183">
<pin_list>
<pin id="184" dir="0" index="0" bw="0" slack="0"/>
<pin id="185" dir="0" index="1" bw="32" slack="0"/>
<pin id="186" dir="0" index="2" bw="32" slack="0"/>
<pin id="187" dir="1" index="3" bw="0" slack="2147483647"/>
</pin_list>
<bind>
<opcode="write(1151) " fcode="write"/>
<opset="write_ln221/2 "/>
</bind>
</comp>

<comp id="190" class="1004" name="write_ln221_write_fu_190">
<pin_list>
<pin id="191" dir="0" index="0" bw="0" slack="0"/>
<pin id="192" dir="0" index="1" bw="32" slack="0"/>
<pin id="193" dir="0" index="2" bw="32" slack="0"/>
<pin id="194" dir="1" index="3" bw="0" slack="2147483647"/>
</pin_list>
<bind>
<opcode="write(1151) " fcode="write"/>
<opset="write_ln221/2 "/>
</bind>
</comp>

<comp id="197" class="1004" name="write_ln221_write_fu_197">
<pin_list>
<pin id="198" dir="0" index="0" bw="0" slack="0"/>
<pin id="199" dir="0" index="1" bw="32" slack="0"/>
<pin id="200" dir="0" index="2" bw="32" slack="0"/>
<pin id="201" dir="1" index="3" bw="0" slack="2147483647"/>
</pin_list>
<bind>
<opcode="write(1151) " fcode="write"/>
<opset="write_ln221/2 "/>
</bind>
</comp>

<comp id="204" class="1004" name="write_ln221_write_fu_204">
<pin_list>
<pin id="205" dir="0" index="0" bw="0" slack="0"/>
<pin id="206" dir="0" index="1" bw="32" slack="0"/>
<pin id="207" dir="0" index="2" bw="32" slack="0"/>
<pin id="208" dir="1" index="3" bw="0" slack="2147483647"/>
</pin_list>
<bind>
<opcode="write(1151) " fcode="write"/>
<opset="write_ln221/2 "/>
</bind>
</comp>

<comp id="211" class="1004" name="write_ln221_write_fu_211">
<pin_list>
<pin id="212" dir="0" index="0" bw="0" slack="0"/>
<pin id="213" dir="0" index="1" bw="32" slack="0"/>
<pin id="214" dir="0" index="2" bw="32" slack="0"/>
<pin id="215" dir="1" index="3" bw="0" slack="2147483647"/>
</pin_list>
<bind>
<opcode="write(1151) " fcode="write"/>
<opset="write_ln221/2 "/>
</bind>
</comp>

<comp id="218" class="1004" name="P_0_read_read_fu_218">
<pin_list>
<pin id="219" dir="0" index="0" bw="32" slack="0"/>
<pin id="220" dir="0" index="1" bw="32" slack="0"/>
<pin id="221" dir="1" index="2" bw="32" slack="0"/>
</pin_list>
<bind>
<opcode="read(1150) " fcode="read"/>
<opset="P_0_read/3 "/>
</bind>
</comp>

<comp id="224" class="1004" name="P_1_read_read_fu_224">
<pin_list>
<pin id="225" dir="0" index="0" bw="32" slack="0"/>
<pin id="226" dir="0" index="1" bw="32" slack="0"/>
<pin id="227" dir="1" index="2" bw="32" slack="0"/>
</pin_list>
<bind>
<opcode="read(1150) " fcode="read"/>
<opset="P_1_read/3 "/>
</bind>
</comp>

<comp id="230" class="1004" name="P_2_read_read_fu_230">
<pin_list>
<pin id="231" dir="0" index="0" bw="32" slack="0"/>
<pin id="232" dir="0" index="1" bw="32" slack="0"/>
<pin id="233" dir="1" index="2" bw="32" slack="0"/>
</pin_list>
<bind>
<opcode="read(1150) " fcode="read"/>
<opset="P_2_read/3 "/>
</bind>
</comp>

<comp id="236" class="1004" name="P_3_read_read_fu_236">
<pin_list>
<pin id="237" dir="0" index="0" bw="32" slack="0"/>
<pin id="238" dir="0" index="1" bw="32" slack="0"/>
<pin id="239" dir="1" index="2" bw="32" slack="0"/>
</pin_list>
<bind>
<opcode="read(1150) " fcode="read"/>
<opset="P_3_read/3 "/>
</bind>
</comp>

<comp id="242" class="1004" name="P_4_read_read_fu_242">
<pin_list>
<pin id="243" dir="0" index="0" bw="32" slack="0"/>
<pin id="244" dir="0" index="1" bw="32" slack="0"/>
<pin id="245" dir="1" index="2" bw="32" slack="0"/>
</pin_list>
<bind>
<opcode="read(1150) " fcode="read"/>
<opset="P_4_read/3 "/>
</bind>
</comp>

<comp id="248" class="1004" name="P_5_read_read_fu_248">
<pin_list>
<pin id="249" dir="0" index="0" bw="32" slack="0"/>
<pin id="250" dir="0" index="1" bw="32" slack="0"/>
<pin id="251" dir="1" index="2" bw="32" slack="0"/>
</pin_list>
<bind>
<opcode="read(1150) " fcode="read"/>
<opset="P_5_read/3 "/>
</bind>
</comp>

<comp id="254" class="1004" name="P_6_read_read_fu_254">
<pin_list>
<pin id="255" dir="0" index="0" bw="32" slack="0"/>
<pin id="256" dir="0" index="1" bw="32" slack="0"/>
<pin id="257" dir="1" index="2" bw="32" slack="0"/>
</pin_list>
<bind>
<opcode="read(1150) " fcode="read"/>
<opset="P_6_read/3 "/>
</bind>
</comp>

<comp id="260" class="1004" name="P_7_read_read_fu_260">
<pin_list>
<pin id="261" dir="0" index="0" bw="32" slack="0"/>
<pin id="262" dir="0" index="1" bw="32" slack="0"/>
<pin id="263" dir="1" index="2" bw="32" slack="0"/>
</pin_list>
<bind>
<opcode="read(1150) " fcode="read"/>
<opset="P_7_read/3 "/>
</bind>
</comp>

<comp id="266" class="1004" name="P_8_read_read_fu_266">
<pin_list>
<pin id="267" dir="0" index="0" bw="32" slack="0"/>
<pin id="268" dir="0" index="1" bw="32" slack="0"/>
<pin id="269" dir="1" index="2" bw="32" slack="0"/>
</pin_list>
<bind>
<opcode="read(1150) " fcode="read"/>
<opset="P_8_read/3 "/>
</bind>
</comp>

<comp id="272" class="1004" name="P_9_read_read_fu_272">
<pin_list>
<pin id="273" dir="0" index="0" bw="32" slack="0"/>
<pin id="274" dir="0" index="1" bw="32" slack="0"/>
<pin id="275" dir="1" index="2" bw="32" slack="0"/>
</pin_list>
<bind>
<opcode="read(1150) " fcode="read"/>
<opset="P_9_read/3 "/>
</bind>
</comp>

<comp id="278" class="1004" name="P_10_read_read_fu_278">
<pin_list>
<pin id="279" dir="0" index="0" bw="32" slack="0"/>
<pin id="280" dir="0" index="1" bw="32" slack="0"/>
<pin id="281" dir="1" index="2" bw="32" slack="0"/>
</pin_list>
<bind>
<opcode="read(1150) " fcode="read"/>
<opset="P_10_read/3 "/>
</bind>
</comp>

<comp id="284" class="1004" name="P_11_read_read_fu_284">
<pin_list>
<pin id="285" dir="0" index="0" bw="32" slack="0"/>
<pin id="286" dir="0" index="1" bw="32" slack="0"/>
<pin id="287" dir="1" index="2" bw="32" slack="0"/>
</pin_list>
<bind>
<opcode="read(1150) " fcode="read"/>
<opset="P_11_read/3 "/>
</bind>
</comp>

<comp id="290" class="1004" name="P_12_read_read_fu_290">
<pin_list>
<pin id="291" dir="0" index="0" bw="32" slack="0"/>
<pin id="292" dir="0" index="1" bw="32" slack="0"/>
<pin id="293" dir="1" index="2" bw="32" slack="0"/>
</pin_list>
<bind>
<opcode="read(1150) " fcode="read"/>
<opset="P_12_read/3 "/>
</bind>
</comp>

<comp id="296" class="1004" name="P_13_read_read_fu_296">
<pin_list>
<pin id="297" dir="0" index="0" bw="32" slack="0"/>
<pin id="298" dir="0" index="1" bw="32" slack="0"/>
<pin id="299" dir="1" index="2" bw="32" slack="0"/>
</pin_list>
<bind>
<opcode="read(1150) " fcode="read"/>
<opset="P_13_read/3 "/>
</bind>
</comp>

<comp id="302" class="1004" name="P_14_read_read_fu_302">
<pin_list>
<pin id="303" dir="0" index="0" bw="32" slack="0"/>
<pin id="304" dir="0" index="1" bw="32" slack="0"/>
<pin id="305" dir="1" index="2" bw="32" slack="0"/>
</pin_list>
<bind>
<opcode="read(1150) " fcode="read"/>
<opset="P_14_read/3 "/>
</bind>
</comp>

<comp id="308" class="1004" name="P_15_read_read_fu_308">
<pin_list>
<pin id="309" dir="0" index="0" bw="32" slack="0"/>
<pin id="310" dir="0" index="1" bw="32" slack="0"/>
<pin id="311" dir="1" index="2" bw="32" slack="0"/>
</pin_list>
<bind>
<opcode="read(1150) " fcode="read"/>
<opset="P_15_read/3 "/>
</bind>
</comp>

<comp id="314" class="1004" name="P_16_read_read_fu_314">
<pin_list>
<pin id="315" dir="0" index="0" bw="32" slack="0"/>
<pin id="316" dir="0" index="1" bw="32" slack="0"/>
<pin id="317" dir="1" index="2" bw="32" slack="0"/>
</pin_list>
<bind>
<opcode="read(1150) " fcode="read"/>
<opset="P_16_read/3 "/>
</bind>
</comp>

<comp id="320" class="1004" name="P_17_read_read_fu_320">
<pin_list>
<pin id="321" dir="0" index="0" bw="32" slack="0"/>
<pin id="322" dir="0" index="1" bw="32" slack="0"/>
<pin id="323" dir="1" index="2" bw="32" slack="0"/>
</pin_list>
<bind>
<opcode="read(1150) " fcode="read"/>
<opset="P_17_read/3 "/>
</bind>
</comp>

<comp id="326" class="1004" name="grp_Blowfish_SetKey_fu_326">
<pin_list>
<pin id="327" dir="0" index="0" bw="576" slack="0"/>
<pin id="328" dir="0" index="1" bw="8" slack="0"/>
<pin id="329" dir="0" index="2" bw="64" slack="0"/>
<pin id="330" dir="0" index="3" bw="32" slack="0"/>
<pin id="331" dir="0" index="4" bw="32" slack="0"/>
<pin id="332" dir="0" index="5" bw="32" slack="0"/>
<pin id="333" dir="0" index="6" bw="32" slack="0"/>
<pin id="334" dir="0" index="7" bw="32" slack="0"/>
<pin id="335" dir="0" index="8" bw="32" slack="0"/>
<pin id="336" dir="0" index="9" bw="32" slack="0"/>
<pin id="337" dir="0" index="10" bw="32" slack="0"/>
<pin id="338" dir="1" index="11" bw="576" slack="0"/>
</pin_list>
<bind>
<opcode="call(48) " fcode="call"/>
<opset="call_ret/1 "/>
</bind>
</comp>

<comp id="350" class="1004" name="grp_Blowfish_Encrypt_fu_350">
<pin_list>
<pin id="351" dir="0" index="0" bw="0" slack="0"/>
<pin id="352" dir="0" index="1" bw="8" slack="0"/>
<pin id="353" dir="0" index="2" bw="8" slack="0"/>
<pin id="354" dir="0" index="3" bw="32" slack="0"/>
<pin id="355" dir="0" index="4" bw="32" slack="0"/>
<pin id="356" dir="0" index="5" bw="32" slack="0"/>
<pin id="357" dir="0" index="6" bw="32" slack="0"/>
<pin id="358" dir="0" index="7" bw="32" slack="0"/>
<pin id="359" dir="0" index="8" bw="32" slack="0"/>
<pin id="360" dir="0" index="9" bw="32" slack="0"/>
<pin id="361" dir="0" index="10" bw="32" slack="0"/>
<pin id="362" dir="0" index="11" bw="32" slack="0"/>
<pin id="363" dir="0" index="12" bw="32" slack="0"/>
<pin id="364" dir="0" index="13" bw="32" slack="0"/>
<pin id="365" dir="0" index="14" bw="32" slack="0"/>
<pin id="366" dir="0" index="15" bw="32" slack="0"/>
<pin id="367" dir="0" index="16" bw="32" slack="0"/>
<pin id="368" dir="0" index="17" bw="32" slack="0"/>
<pin id="369" dir="0" index="18" bw="32" slack="0"/>
<pin id="370" dir="0" index="19" bw="32" slack="0"/>
<pin id="371" dir="0" index="20" bw="32" slack="0"/>
<pin id="372" dir="0" index="21" bw="32" slack="0"/>
<pin id="373" dir="0" index="22" bw="32" slack="0"/>
<pin id="374" dir="0" index="23" bw="32" slack="0"/>
<pin id="375" dir="0" index="24" bw="32" slack="0"/>
<pin id="376" dir="1" index="25" bw="0" slack="2147483647"/>
</pin_list>
<bind>
<opcode="call(48) " fcode="call"/>
<opset="call_ln224/3 "/>
</bind>
</comp>

<comp id="402" class="1004" name="P_0_ret_fu_402">
<pin_list>
<pin id="403" dir="0" index="0" bw="576" slack="0"/>
<pin id="404" dir="1" index="1" bw="32" slack="0"/>
</pin_list>
<bind>
<opcode="extractvalue(56) " fcode="extractvalue"/>
<opset="P_0_ret/2 "/>
</bind>
</comp>

<comp id="407" class="1004" name="P_1_ret_fu_407">
<pin_list>
<pin id="408" dir="0" index="0" bw="576" slack="0"/>
<pin id="409" dir="1" index="1" bw="32" slack="0"/>
</pin_list>
<bind>
<opcode="extractvalue(56) " fcode="extractvalue"/>
<opset="P_1_ret/2 "/>
</bind>
</comp>

<comp id="412" class="1004" name="P_2_ret_fu_412">
<pin_list>
<pin id="413" dir="0" index="0" bw="576" slack="0"/>
<pin id="414" dir="1" index="1" bw="32" slack="0"/>
</pin_list>
<bind>
<opcode="extractvalue(56) " fcode="extractvalue"/>
<opset="P_2_ret/2 "/>
</bind>
</comp>

<comp id="417" class="1004" name="P_3_ret_fu_417">
<pin_list>
<pin id="418" dir="0" index="0" bw="576" slack="0"/>
<pin id="419" dir="1" index="1" bw="32" slack="0"/>
</pin_list>
<bind>
<opcode="extractvalue(56) " fcode="extractvalue"/>
<opset="P_3_ret/2 "/>
</bind>
</comp>

<comp id="422" class="1004" name="P_4_ret_fu_422">
<pin_list>
<pin id="423" dir="0" index="0" bw="576" slack="0"/>
<pin id="424" dir="1" index="1" bw="32" slack="0"/>
</pin_list>
<bind>
<opcode="extractvalue(56) " fcode="extractvalue"/>
<opset="P_4_ret/2 "/>
</bind>
</comp>

<comp id="427" class="1004" name="P_5_ret_fu_427">
<pin_list>
<pin id="428" dir="0" index="0" bw="576" slack="0"/>
<pin id="429" dir="1" index="1" bw="32" slack="0"/>
</pin_list>
<bind>
<opcode="extractvalue(56) " fcode="extractvalue"/>
<opset="P_5_ret/2 "/>
</bind>
</comp>

<comp id="432" class="1004" name="P_6_ret_fu_432">
<pin_list>
<pin id="433" dir="0" index="0" bw="576" slack="0"/>
<pin id="434" dir="1" index="1" bw="32" slack="0"/>
</pin_list>
<bind>
<opcode="extractvalue(56) " fcode="extractvalue"/>
<opset="P_6_ret/2 "/>
</bind>
</comp>

<comp id="437" class="1004" name="P_7_ret_fu_437">
<pin_list>
<pin id="438" dir="0" index="0" bw="576" slack="0"/>
<pin id="439" dir="1" index="1" bw="32" slack="0"/>
</pin_list>
<bind>
<opcode="extractvalue(56) " fcode="extractvalue"/>
<opset="P_7_ret/2 "/>
</bind>
</comp>

<comp id="442" class="1004" name="P_8_ret_fu_442">
<pin_list>
<pin id="443" dir="0" index="0" bw="576" slack="0"/>
<pin id="444" dir="1" index="1" bw="32" slack="0"/>
</pin_list>
<bind>
<opcode="extractvalue(56) " fcode="extractvalue"/>
<opset="P_8_ret/2 "/>
</bind>
</comp>

<comp id="447" class="1004" name="P_9_ret_fu_447">
<pin_list>
<pin id="448" dir="0" index="0" bw="576" slack="0"/>
<pin id="449" dir="1" index="1" bw="32" slack="0"/>
</pin_list>
<bind>
<opcode="extractvalue(56) " fcode="extractvalue"/>
<opset="P_9_ret/2 "/>
</bind>
</comp>

<comp id="452" class="1004" name="P_10_ret_fu_452">
<pin_list>
<pin id="453" dir="0" index="0" bw="576" slack="0"/>
<pin id="454" dir="1" index="1" bw="32" slack="0"/>
</pin_list>
<bind>
<opcode="extractvalue(56) " fcode="extractvalue"/>
<opset="P_10_ret/2 "/>
</bind>
</comp>

<comp id="457" class="1004" name="P_11_ret_fu_457">
<pin_list>
<pin id="458" dir="0" index="0" bw="576" slack="0"/>
<pin id="459" dir="1" index="1" bw="32" slack="0"/>
</pin_list>
<bind>
<opcode="extractvalue(56) " fcode="extractvalue"/>
<opset="P_11_ret/2 "/>
</bind>
</comp>

<comp id="462" class="1004" name="P_12_ret_fu_462">
<pin_list>
<pin id="463" dir="0" index="0" bw="576" slack="0"/>
<pin id="464" dir="1" index="1" bw="32" slack="0"/>
</pin_list>
<bind>
<opcode="extractvalue(56) " fcode="extractvalue"/>
<opset="P_12_ret/2 "/>
</bind>
</comp>

<comp id="467" class="1004" name="P_13_ret_fu_467">
<pin_list>
<pin id="468" dir="0" index="0" bw="576" slack="0"/>
<pin id="469" dir="1" index="1" bw="32" slack="0"/>
</pin_list>
<bind>
<opcode="extractvalue(56) " fcode="extractvalue"/>
<opset="P_13_ret/2 "/>
</bind>
</comp>

<comp id="472" class="1004" name="P_14_ret_fu_472">
<pin_list>
<pin id="473" dir="0" index="0" bw="576" slack="0"/>
<pin id="474" dir="1" index="1" bw="32" slack="0"/>
</pin_list>
<bind>
<opcode="extractvalue(56) " fcode="extractvalue"/>
<opset="P_14_ret/2 "/>
</bind>
</comp>

<comp id="477" class="1004" name="P_15_ret_fu_477">
<pin_list>
<pin id="478" dir="0" index="0" bw="576" slack="0"/>
<pin id="479" dir="1" index="1" bw="32" slack="0"/>
</pin_list>
<bind>
<opcode="extractvalue(56) " fcode="extractvalue"/>
<opset="P_15_ret/2 "/>
</bind>
</comp>

<comp id="482" class="1004" name="P_16_ret_fu_482">
<pin_list>
<pin id="483" dir="0" index="0" bw="576" slack="0"/>
<pin id="484" dir="1" index="1" bw="32" slack="0"/>
</pin_list>
<bind>
<opcode="extractvalue(56) " fcode="extractvalue"/>
<opset="P_16_ret/2 "/>
</bind>
</comp>

<comp id="487" class="1004" name="P_17_ret_fu_487">
<pin_list>
<pin id="488" dir="0" index="0" bw="576" slack="0"/>
<pin id="489" dir="1" index="1" bw="32" slack="0"/>
</pin_list>
<bind>
<opcode="extractvalue(56) " fcode="extractvalue"/>
<opset="P_17_ret/2 "/>
</bind>
</comp>

<comp id="492" class="1005" name="key_size_read_reg_492">
<pin_list>
<pin id="493" dir="0" index="0" bw="64" slack="1"/>
<pin id="494" dir="1" index="1" bw="64" slack="1"/>
</pin_list>
<bind>
<opset="key_size_read "/>
</bind>
</comp>

<comp id="500" class="1005" name="P_0_read_reg_500">
<pin_list>
<pin id="501" dir="0" index="0" bw="32" slack="1"/>
<pin id="502" dir="1" index="1" bw="32" slack="1"/>
</pin_list>
<bind>
<opset="P_0_read "/>
</bind>
</comp>

<comp id="505" class="1005" name="P_1_read_reg_505">
<pin_list>
<pin id="506" dir="0" index="0" bw="32" slack="1"/>
<pin id="507" dir="1" index="1" bw="32" slack="1"/>
</pin_list>
<bind>
<opset="P_1_read "/>
</bind>
</comp>

<comp id="510" class="1005" name="P_2_read_reg_510">
<pin_list>
<pin id="511" dir="0" index="0" bw="32" slack="1"/>
<pin id="512" dir="1" index="1" bw="32" slack="1"/>
</pin_list>
<bind>
<opset="P_2_read "/>
</bind>
</comp>

<comp id="515" class="1005" name="P_3_read_reg_515">
<pin_list>
<pin id="516" dir="0" index="0" bw="32" slack="1"/>
<pin id="517" dir="1" index="1" bw="32" slack="1"/>
</pin_list>
<bind>
<opset="P_3_read "/>
</bind>
</comp>

<comp id="520" class="1005" name="P_4_read_reg_520">
<pin_list>
<pin id="521" dir="0" index="0" bw="32" slack="1"/>
<pin id="522" dir="1" index="1" bw="32" slack="1"/>
</pin_list>
<bind>
<opset="P_4_read "/>
</bind>
</comp>

<comp id="525" class="1005" name="P_5_read_reg_525">
<pin_list>
<pin id="526" dir="0" index="0" bw="32" slack="1"/>
<pin id="527" dir="1" index="1" bw="32" slack="1"/>
</pin_list>
<bind>
<opset="P_5_read "/>
</bind>
</comp>

<comp id="530" class="1005" name="P_6_read_reg_530">
<pin_list>
<pin id="531" dir="0" index="0" bw="32" slack="1"/>
<pin id="532" dir="1" index="1" bw="32" slack="1"/>
</pin_list>
<bind>
<opset="P_6_read "/>
</bind>
</comp>

<comp id="535" class="1005" name="P_7_read_reg_535">
<pin_list>
<pin id="536" dir="0" index="0" bw="32" slack="1"/>
<pin id="537" dir="1" index="1" bw="32" slack="1"/>
</pin_list>
<bind>
<opset="P_7_read "/>
</bind>
</comp>

<comp id="540" class="1005" name="P_8_read_reg_540">
<pin_list>
<pin id="541" dir="0" index="0" bw="32" slack="1"/>
<pin id="542" dir="1" index="1" bw="32" slack="1"/>
</pin_list>
<bind>
<opset="P_8_read "/>
</bind>
</comp>

<comp id="545" class="1005" name="P_9_read_reg_545">
<pin_list>
<pin id="546" dir="0" index="0" bw="32" slack="1"/>
<pin id="547" dir="1" index="1" bw="32" slack="1"/>
</pin_list>
<bind>
<opset="P_9_read "/>
</bind>
</comp>

<comp id="550" class="1005" name="P_10_read_reg_550">
<pin_list>
<pin id="551" dir="0" index="0" bw="32" slack="1"/>
<pin id="552" dir="1" index="1" bw="32" slack="1"/>
</pin_list>
<bind>
<opset="P_10_read "/>
</bind>
</comp>

<comp id="555" class="1005" name="P_11_read_reg_555">
<pin_list>
<pin id="556" dir="0" index="0" bw="32" slack="1"/>
<pin id="557" dir="1" index="1" bw="32" slack="1"/>
</pin_list>
<bind>
<opset="P_11_read "/>
</bind>
</comp>

<comp id="560" class="1005" name="P_12_read_reg_560">
<pin_list>
<pin id="561" dir="0" index="0" bw="32" slack="1"/>
<pin id="562" dir="1" index="1" bw="32" slack="1"/>
</pin_list>
<bind>
<opset="P_12_read "/>
</bind>
</comp>

<comp id="565" class="1005" name="P_13_read_reg_565">
<pin_list>
<pin id="566" dir="0" index="0" bw="32" slack="1"/>
<pin id="567" dir="1" index="1" bw="32" slack="1"/>
</pin_list>
<bind>
<opset="P_13_read "/>
</bind>
</comp>

<comp id="570" class="1005" name="P_14_read_reg_570">
<pin_list>
<pin id="571" dir="0" index="0" bw="32" slack="1"/>
<pin id="572" dir="1" index="1" bw="32" slack="1"/>
</pin_list>
<bind>
<opset="P_14_read "/>
</bind>
</comp>

<comp id="575" class="1005" name="P_15_read_reg_575">
<pin_list>
<pin id="576" dir="0" index="0" bw="32" slack="1"/>
<pin id="577" dir="1" index="1" bw="32" slack="1"/>
</pin_list>
<bind>
<opset="P_15_read "/>
</bind>
</comp>

<comp id="580" class="1005" name="P_16_read_reg_580">
<pin_list>
<pin id="581" dir="0" index="0" bw="32" slack="1"/>
<pin id="582" dir="1" index="1" bw="32" slack="1"/>
</pin_list>
<bind>
<opset="P_16_read "/>
</bind>
</comp>

<comp id="585" class="1005" name="P_17_read_reg_585">
<pin_list>
<pin id="586" dir="0" index="0" bw="32" slack="1"/>
<pin id="587" dir="1" index="1" bw="32" slack="1"/>
</pin_list>
<bind>
<opset="P_17_read "/>
</bind>
</comp>

</comp_list>

<net_list>
<net id="84"><net_src comp="68" pin="0"/><net_sink comp="80" pin=0"/></net>

<net id="85"><net_src comp="4" pin="0"/><net_sink comp="80" pin=1"/></net>

<net id="90"><net_src comp="70" pin="0"/><net_sink comp="86" pin=0"/></net>

<net id="91"><net_src comp="0" pin="0"/><net_sink comp="86" pin=1"/></net>

<net id="97"><net_src comp="74" pin="0"/><net_sink comp="92" pin=0"/></net>

<net id="98"><net_src comp="10" pin="0"/><net_sink comp="92" pin=1"/></net>

<net id="104"><net_src comp="74" pin="0"/><net_sink comp="99" pin=0"/></net>

<net id="105"><net_src comp="12" pin="0"/><net_sink comp="99" pin=1"/></net>

<net id="111"><net_src comp="74" pin="0"/><net_sink comp="106" pin=0"/></net>

<net id="112"><net_src comp="14" pin="0"/><net_sink comp="106" pin=1"/></net>

<net id="118"><net_src comp="74" pin="0"/><net_sink comp="113" pin=0"/></net>

<net id="119"><net_src comp="16" pin="0"/><net_sink comp="113" pin=1"/></net>

<net id="125"><net_src comp="74" pin="0"/><net_sink comp="120" pin=0"/></net>

<net id="126"><net_src comp="18" pin="0"/><net_sink comp="120" pin=1"/></net>

<net id="132"><net_src comp="74" pin="0"/><net_sink comp="127" pin=0"/></net>

<net id="133"><net_src comp="20" pin="0"/><net_sink comp="127" pin=1"/></net>

<net id="139"><net_src comp="74" pin="0"/><net_sink comp="134" pin=0"/></net>

<net id="140"><net_src comp="22" pin="0"/><net_sink comp="134" pin=1"/></net>

<net id="146"><net_src comp="74" pin="0"/><net_sink comp="141" pin=0"/></net>

<net id="147"><net_src comp="24" pin="0"/><net_sink comp="141" pin=1"/></net>

<net id="153"><net_src comp="74" pin="0"/><net_sink comp="148" pin=0"/></net>

<net id="154"><net_src comp="26" pin="0"/><net_sink comp="148" pin=1"/></net>

<net id="160"><net_src comp="74" pin="0"/><net_sink comp="155" pin=0"/></net>

<net id="161"><net_src comp="28" pin="0"/><net_sink comp="155" pin=1"/></net>

<net id="167"><net_src comp="74" pin="0"/><net_sink comp="162" pin=0"/></net>

<net id="168"><net_src comp="30" pin="0"/><net_sink comp="162" pin=1"/></net>

<net id="174"><net_src comp="74" pin="0"/><net_sink comp="169" pin=0"/></net>

<net id="175"><net_src comp="32" pin="0"/><net_sink comp="169" pin=1"/></net>

<net id="181"><net_src comp="74" pin="0"/><net_sink comp="176" pin=0"/></net>

<net id="182"><net_src comp="34" pin="0"/><net_sink comp="176" pin=1"/></net>

<net id="188"><net_src comp="74" pin="0"/><net_sink comp="183" pin=0"/></net>

<net id="189"><net_src comp="36" pin="0"/><net_sink comp="183" pin=1"/></net>

<net id="195"><net_src comp="74" pin="0"/><net_sink comp="190" pin=0"/></net>

<net id="196"><net_src comp="38" pin="0"/><net_sink comp="190" pin=1"/></net>

<net id="202"><net_src comp="74" pin="0"/><net_sink comp="197" pin=0"/></net>

<net id="203"><net_src comp="40" pin="0"/><net_sink comp="197" pin=1"/></net>

<net id="209"><net_src comp="74" pin="0"/><net_sink comp="204" pin=0"/></net>

<net id="210"><net_src comp="42" pin="0"/><net_sink comp="204" pin=1"/></net>

<net id="216"><net_src comp="74" pin="0"/><net_sink comp="211" pin=0"/></net>

<net id="217"><net_src comp="44" pin="0"/><net_sink comp="211" pin=1"/></net>

<net id="222"><net_src comp="76" pin="0"/><net_sink comp="218" pin=0"/></net>

<net id="223"><net_src comp="10" pin="0"/><net_sink comp="218" pin=1"/></net>

<net id="228"><net_src comp="76" pin="0"/><net_sink comp="224" pin=0"/></net>

<net id="229"><net_src comp="12" pin="0"/><net_sink comp="224" pin=1"/></net>

<net id="234"><net_src comp="76" pin="0"/><net_sink comp="230" pin=0"/></net>

<net id="235"><net_src comp="14" pin="0"/><net_sink comp="230" pin=1"/></net>

<net id="240"><net_src comp="76" pin="0"/><net_sink comp="236" pin=0"/></net>

<net id="241"><net_src comp="16" pin="0"/><net_sink comp="236" pin=1"/></net>

<net id="246"><net_src comp="76" pin="0"/><net_sink comp="242" pin=0"/></net>

<net id="247"><net_src comp="18" pin="0"/><net_sink comp="242" pin=1"/></net>

<net id="252"><net_src comp="76" pin="0"/><net_sink comp="248" pin=0"/></net>

<net id="253"><net_src comp="20" pin="0"/><net_sink comp="248" pin=1"/></net>

<net id="258"><net_src comp="76" pin="0"/><net_sink comp="254" pin=0"/></net>

<net id="259"><net_src comp="22" pin="0"/><net_sink comp="254" pin=1"/></net>

<net id="264"><net_src comp="76" pin="0"/><net_sink comp="260" pin=0"/></net>

<net id="265"><net_src comp="24" pin="0"/><net_sink comp="260" pin=1"/></net>

<net id="270"><net_src comp="76" pin="0"/><net_sink comp="266" pin=0"/></net>

<net id="271"><net_src comp="26" pin="0"/><net_sink comp="266" pin=1"/></net>

<net id="276"><net_src comp="76" pin="0"/><net_sink comp="272" pin=0"/></net>

<net id="277"><net_src comp="28" pin="0"/><net_sink comp="272" pin=1"/></net>

<net id="282"><net_src comp="76" pin="0"/><net_sink comp="278" pin=0"/></net>

<net id="283"><net_src comp="30" pin="0"/><net_sink comp="278" pin=1"/></net>

<net id="288"><net_src comp="76" pin="0"/><net_sink comp="284" pin=0"/></net>

<net id="289"><net_src comp="32" pin="0"/><net_sink comp="284" pin=1"/></net>

<net id="294"><net_src comp="76" pin="0"/><net_sink comp="290" pin=0"/></net>

<net id="295"><net_src comp="34" pin="0"/><net_sink comp="290" pin=1"/></net>

<net id="300"><net_src comp="76" pin="0"/><net_sink comp="296" pin=0"/></net>

<net id="301"><net_src comp="36" pin="0"/><net_sink comp="296" pin=1"/></net>

<net id="306"><net_src comp="76" pin="0"/><net_sink comp="302" pin=0"/></net>

<net id="307"><net_src comp="38" pin="0"/><net_sink comp="302" pin=1"/></net>

<net id="312"><net_src comp="76" pin="0"/><net_sink comp="308" pin=0"/></net>

<net id="313"><net_src comp="40" pin="0"/><net_sink comp="308" pin=1"/></net>

<net id="318"><net_src comp="76" pin="0"/><net_sink comp="314" pin=0"/></net>

<net id="319"><net_src comp="42" pin="0"/><net_sink comp="314" pin=1"/></net>

<net id="324"><net_src comp="76" pin="0"/><net_sink comp="320" pin=0"/></net>

<net id="325"><net_src comp="44" pin="0"/><net_sink comp="320" pin=1"/></net>

<net id="339"><net_src comp="72" pin="0"/><net_sink comp="326" pin=0"/></net>

<net id="340"><net_src comp="2" pin="0"/><net_sink comp="326" pin=1"/></net>

<net id="341"><net_src comp="80" pin="2"/><net_sink comp="326" pin=2"/></net>

<net id="342"><net_src comp="46" pin="0"/><net_sink comp="326" pin=3"/></net>

<net id="343"><net_src comp="48" pin="0"/><net_sink comp="326" pin=4"/></net>

<net id="344"><net_src comp="50" pin="0"/><net_sink comp="326" pin=5"/></net>

<net id="345"><net_src comp="52" pin="0"/><net_sink comp="326" pin=6"/></net>

<net id="346"><net_src comp="54" pin="0"/><net_sink comp="326" pin=7"/></net>

<net id="347"><net_src comp="56" pin="0"/><net_sink comp="326" pin=8"/></net>

<net id="348"><net_src comp="58" pin="0"/><net_sink comp="326" pin=9"/></net>

<net id="349"><net_src comp="60" pin="0"/><net_sink comp="326" pin=10"/></net>

<net id="377"><net_src comp="78" pin="0"/><net_sink comp="350" pin=0"/></net>

<net id="378"><net_src comp="6" pin="0"/><net_sink comp="350" pin=1"/></net>

<net id="379"><net_src comp="8" pin="0"/><net_sink comp="350" pin=2"/></net>

<net id="380"><net_src comp="218" pin="2"/><net_sink comp="350" pin=3"/></net>

<net id="381"><net_src comp="224" pin="2"/><net_sink comp="350" pin=4"/></net>

<net id="382"><net_src comp="230" pin="2"/><net_sink comp="350" pin=5"/></net>

<net id="383"><net_src comp="236" pin="2"/><net_sink comp="350" pin=6"/></net>

<net id="384"><net_src comp="242" pin="2"/><net_sink comp="350" pin=7"/></net>

<net id="385"><net_src comp="248" pin="2"/><net_sink comp="350" pin=8"/></net>

<net id="386"><net_src comp="254" pin="2"/><net_sink comp="350" pin=9"/></net>

<net id="387"><net_src comp="260" pin="2"/><net_sink comp="350" pin=10"/></net>

<net id="388"><net_src comp="266" pin="2"/><net_sink comp="350" pin=11"/></net>

<net id="389"><net_src comp="272" pin="2"/><net_sink comp="350" pin=12"/></net>

<net id="390"><net_src comp="278" pin="2"/><net_sink comp="350" pin=13"/></net>

<net id="391"><net_src comp="284" pin="2"/><net_sink comp="350" pin=14"/></net>

<net id="392"><net_src comp="290" pin="2"/><net_sink comp="350" pin=15"/></net>

<net id="393"><net_src comp="296" pin="2"/><net_sink comp="350" pin=16"/></net>

<net id="394"><net_src comp="302" pin="2"/><net_sink comp="350" pin=17"/></net>

<net id="395"><net_src comp="308" pin="2"/><net_sink comp="350" pin=18"/></net>

<net id="396"><net_src comp="314" pin="2"/><net_sink comp="350" pin=19"/></net>

<net id="397"><net_src comp="320" pin="2"/><net_sink comp="350" pin=20"/></net>

<net id="398"><net_src comp="46" pin="0"/><net_sink comp="350" pin=21"/></net>

<net id="399"><net_src comp="48" pin="0"/><net_sink comp="350" pin=22"/></net>

<net id="400"><net_src comp="50" pin="0"/><net_sink comp="350" pin=23"/></net>

<net id="401"><net_src comp="52" pin="0"/><net_sink comp="350" pin=24"/></net>

<net id="405"><net_src comp="326" pin="11"/><net_sink comp="402" pin=0"/></net>

<net id="406"><net_src comp="402" pin="1"/><net_sink comp="92" pin=2"/></net>

<net id="410"><net_src comp="326" pin="11"/><net_sink comp="407" pin=0"/></net>

<net id="411"><net_src comp="407" pin="1"/><net_sink comp="99" pin=2"/></net>

<net id="415"><net_src comp="326" pin="11"/><net_sink comp="412" pin=0"/></net>

<net id="416"><net_src comp="412" pin="1"/><net_sink comp="106" pin=2"/></net>

<net id="420"><net_src comp="326" pin="11"/><net_sink comp="417" pin=0"/></net>

<net id="421"><net_src comp="417" pin="1"/><net_sink comp="113" pin=2"/></net>

<net id="425"><net_src comp="326" pin="11"/><net_sink comp="422" pin=0"/></net>

<net id="426"><net_src comp="422" pin="1"/><net_sink comp="120" pin=2"/></net>

<net id="430"><net_src comp="326" pin="11"/><net_sink comp="427" pin=0"/></net>

<net id="431"><net_src comp="427" pin="1"/><net_sink comp="127" pin=2"/></net>

<net id="435"><net_src comp="326" pin="11"/><net_sink comp="432" pin=0"/></net>

<net id="436"><net_src comp="432" pin="1"/><net_sink comp="134" pin=2"/></net>

<net id="440"><net_src comp="326" pin="11"/><net_sink comp="437" pin=0"/></net>

<net id="441"><net_src comp="437" pin="1"/><net_sink comp="141" pin=2"/></net>

<net id="445"><net_src comp="326" pin="11"/><net_sink comp="442" pin=0"/></net>

<net id="446"><net_src comp="442" pin="1"/><net_sink comp="148" pin=2"/></net>

<net id="450"><net_src comp="326" pin="11"/><net_sink comp="447" pin=0"/></net>

<net id="451"><net_src comp="447" pin="1"/><net_sink comp="155" pin=2"/></net>

<net id="455"><net_src comp="326" pin="11"/><net_sink comp="452" pin=0"/></net>

<net id="456"><net_src comp="452" pin="1"/><net_sink comp="162" pin=2"/></net>

<net id="460"><net_src comp="326" pin="11"/><net_sink comp="457" pin=0"/></net>

<net id="461"><net_src comp="457" pin="1"/><net_sink comp="169" pin=2"/></net>

<net id="465"><net_src comp="326" pin="11"/><net_sink comp="462" pin=0"/></net>

<net id="466"><net_src comp="462" pin="1"/><net_sink comp="176" pin=2"/></net>

<net id="470"><net_src comp="326" pin="11"/><net_sink comp="467" pin=0"/></net>

<net id="471"><net_src comp="467" pin="1"/><net_sink comp="183" pin=2"/></net>

<net id="475"><net_src comp="326" pin="11"/><net_sink comp="472" pin=0"/></net>

<net id="476"><net_src comp="472" pin="1"/><net_sink comp="190" pin=2"/></net>

<net id="480"><net_src comp="326" pin="11"/><net_sink comp="477" pin=0"/></net>

<net id="481"><net_src comp="477" pin="1"/><net_sink comp="197" pin=2"/></net>

<net id="485"><net_src comp="326" pin="11"/><net_sink comp="482" pin=0"/></net>

<net id="486"><net_src comp="482" pin="1"/><net_sink comp="204" pin=2"/></net>

<net id="490"><net_src comp="326" pin="11"/><net_sink comp="487" pin=0"/></net>

<net id="491"><net_src comp="487" pin="1"/><net_sink comp="211" pin=2"/></net>

<net id="495"><net_src comp="80" pin="2"/><net_sink comp="492" pin=0"/></net>

<net id="496"><net_src comp="492" pin="1"/><net_sink comp="326" pin=2"/></net>

<net id="503"><net_src comp="218" pin="2"/><net_sink comp="500" pin=0"/></net>

<net id="504"><net_src comp="500" pin="1"/><net_sink comp="350" pin=3"/></net>

<net id="508"><net_src comp="224" pin="2"/><net_sink comp="505" pin=0"/></net>

<net id="509"><net_src comp="505" pin="1"/><net_sink comp="350" pin=4"/></net>

<net id="513"><net_src comp="230" pin="2"/><net_sink comp="510" pin=0"/></net>

<net id="514"><net_src comp="510" pin="1"/><net_sink comp="350" pin=5"/></net>

<net id="518"><net_src comp="236" pin="2"/><net_sink comp="515" pin=0"/></net>

<net id="519"><net_src comp="515" pin="1"/><net_sink comp="350" pin=6"/></net>

<net id="523"><net_src comp="242" pin="2"/><net_sink comp="520" pin=0"/></net>

<net id="524"><net_src comp="520" pin="1"/><net_sink comp="350" pin=7"/></net>

<net id="528"><net_src comp="248" pin="2"/><net_sink comp="525" pin=0"/></net>

<net id="529"><net_src comp="525" pin="1"/><net_sink comp="350" pin=8"/></net>

<net id="533"><net_src comp="254" pin="2"/><net_sink comp="530" pin=0"/></net>

<net id="534"><net_src comp="530" pin="1"/><net_sink comp="350" pin=9"/></net>

<net id="538"><net_src comp="260" pin="2"/><net_sink comp="535" pin=0"/></net>

<net id="539"><net_src comp="535" pin="1"/><net_sink comp="350" pin=10"/></net>

<net id="543"><net_src comp="266" pin="2"/><net_sink comp="540" pin=0"/></net>

<net id="544"><net_src comp="540" pin="1"/><net_sink comp="350" pin=11"/></net>

<net id="548"><net_src comp="272" pin="2"/><net_sink comp="545" pin=0"/></net>

<net id="549"><net_src comp="545" pin="1"/><net_sink comp="350" pin=12"/></net>

<net id="553"><net_src comp="278" pin="2"/><net_sink comp="550" pin=0"/></net>

<net id="554"><net_src comp="550" pin="1"/><net_sink comp="350" pin=13"/></net>

<net id="558"><net_src comp="284" pin="2"/><net_sink comp="555" pin=0"/></net>

<net id="559"><net_src comp="555" pin="1"/><net_sink comp="350" pin=14"/></net>

<net id="563"><net_src comp="290" pin="2"/><net_sink comp="560" pin=0"/></net>

<net id="564"><net_src comp="560" pin="1"/><net_sink comp="350" pin=15"/></net>

<net id="568"><net_src comp="296" pin="2"/><net_sink comp="565" pin=0"/></net>

<net id="569"><net_src comp="565" pin="1"/><net_sink comp="350" pin=16"/></net>

<net id="573"><net_src comp="302" pin="2"/><net_sink comp="570" pin=0"/></net>

<net id="574"><net_src comp="570" pin="1"/><net_sink comp="350" pin=17"/></net>

<net id="578"><net_src comp="308" pin="2"/><net_sink comp="575" pin=0"/></net>

<net id="579"><net_src comp="575" pin="1"/><net_sink comp="350" pin=18"/></net>

<net id="583"><net_src comp="314" pin="2"/><net_sink comp="580" pin=0"/></net>

<net id="584"><net_src comp="580" pin="1"/><net_sink comp="350" pin=19"/></net>

<net id="588"><net_src comp="320" pin="2"/><net_sink comp="585" pin=0"/></net>

<net id="589"><net_src comp="585" pin="1"/><net_sink comp="350" pin=20"/></net>

</net_list>

</model> 
---------------- Datapath Model END ------------------

* FSMD analyzer results:
  - Output states:
	Port: ciphertext | {3 4 }
	Port: P_0 | {2 }
	Port: P_1 | {2 }
	Port: P_2 | {2 }
	Port: P_3 | {2 }
	Port: P_4 | {2 }
	Port: P_5 | {2 }
	Port: P_6 | {2 }
	Port: P_7 | {2 }
	Port: P_8 | {2 }
	Port: P_9 | {2 }
	Port: P_10 | {2 }
	Port: P_11 | {2 }
	Port: P_12 | {2 }
	Port: P_13 | {2 }
	Port: P_14 | {2 }
	Port: P_15 | {2 }
	Port: P_16 | {2 }
	Port: P_17 | {2 }
	Port: S_0 | {1 2 }
	Port: S_1 | {1 2 }
	Port: S_2 | {1 2 }
	Port: S_3 | {1 2 }
 - Input state : 
	Port: Blowfish_SetKey_Encrypt : set_key | {1 }
	Port: Blowfish_SetKey_Encrypt : key | {1 2 }
	Port: Blowfish_SetKey_Encrypt : key_size | {1 }
	Port: Blowfish_SetKey_Encrypt : plaintext | {3 4 }
	Port: Blowfish_SetKey_Encrypt : P_0 | {3 }
	Port: Blowfish_SetKey_Encrypt : P_1 | {3 }
	Port: Blowfish_SetKey_Encrypt : P_2 | {3 }
	Port: Blowfish_SetKey_Encrypt : P_3 | {3 }
	Port: Blowfish_SetKey_Encrypt : P_4 | {3 }
	Port: Blowfish_SetKey_Encrypt : P_5 | {3 }
	Port: Blowfish_SetKey_Encrypt : P_6 | {3 }
	Port: Blowfish_SetKey_Encrypt : P_7 | {3 }
	Port: Blowfish_SetKey_Encrypt : P_8 | {3 }
	Port: Blowfish_SetKey_Encrypt : P_9 | {3 }
	Port: Blowfish_SetKey_Encrypt : P_10 | {3 }
	Port: Blowfish_SetKey_Encrypt : P_11 | {3 }
	Port: Blowfish_SetKey_Encrypt : P_12 | {3 }
	Port: Blowfish_SetKey_Encrypt : P_13 | {3 }
	Port: Blowfish_SetKey_Encrypt : P_14 | {3 }
	Port: Blowfish_SetKey_Encrypt : P_15 | {3 }
	Port: Blowfish_SetKey_Encrypt : P_16 | {3 }
	Port: Blowfish_SetKey_Encrypt : P_17 | {3 }
	Port: Blowfish_SetKey_Encrypt : S_0 | {1 2 3 4 }
	Port: Blowfish_SetKey_Encrypt : S_1 | {1 2 3 4 }
	Port: Blowfish_SetKey_Encrypt : S_2 | {1 2 3 4 }
	Port: Blowfish_SetKey_Encrypt : S_3 | {1 2 3 4 }
	Port: Blowfish_SetKey_Encrypt : initial_sbox_0 | {1 2 }
	Port: Blowfish_SetKey_Encrypt : initial_sbox_1 | {1 2 }
	Port: Blowfish_SetKey_Encrypt : initial_sbox_2 | {1 2 }
	Port: Blowfish_SetKey_Encrypt : initial_sbox_3 | {1 2 }
  - Chain level:
	State 1
	State 2
		P_0_ret : 1
		write_ln221 : 2
		P_1_ret : 1
		write_ln221 : 2
		P_2_ret : 1
		write_ln221 : 2
		P_3_ret : 1
		write_ln221 : 2
		P_4_ret : 1
		write_ln221 : 2
		P_5_ret : 1
		write_ln221 : 2
		P_6_ret : 1
		write_ln221 : 2
		P_7_ret : 1
		write_ln221 : 2
		P_8_ret : 1
		write_ln221 : 2
		P_9_ret : 1
		write_ln221 : 2
		P_10_ret : 1
		write_ln221 : 2
		P_11_ret : 1
		write_ln221 : 2
		P_12_ret : 1
		write_ln221 : 2
		P_13_ret : 1
		write_ln221 : 2
		P_14_ret : 1
		write_ln221 : 2
		P_15_ret : 1
		write_ln221 : 2
		P_16_ret : 1
		write_ln221 : 2
		P_17_ret : 1
		write_ln221 : 2
	State 3
	State 4


============================================================
+ Verbose Summary: Datapath Resource usage 
============================================================

* Functional unit list:
|----------|-----------------------------|---------|---------|---------|
| Operation|       Functional Unit       |  Delay  |    FF   |   LUT   |
|----------|-----------------------------|---------|---------|---------|
|   call   |  grp_Blowfish_SetKey_fu_326 | 173.515 |   8718  |  10027  |
|          | grp_Blowfish_Encrypt_fu_350 | 21.2223 |   1552  |   3173  |
|----------|-----------------------------|---------|---------|---------|
|          |   key_size_read_read_fu_80  |    0    |    0    |    0    |
|          |   set_key_read_read_fu_86   |    0    |    0    |    0    |
|          |     P_0_read_read_fu_218    |    0    |    0    |    0    |
|          |     P_1_read_read_fu_224    |    0    |    0    |    0    |
|          |     P_2_read_read_fu_230    |    0    |    0    |    0    |
|          |     P_3_read_read_fu_236    |    0    |    0    |    0    |
|          |     P_4_read_read_fu_242    |    0    |    0    |    0    |
|          |     P_5_read_read_fu_248    |    0    |    0    |    0    |
|          |     P_6_read_read_fu_254    |    0    |    0    |    0    |
|   read   |     P_7_read_read_fu_260    |    0    |    0    |    0    |
|          |     P_8_read_read_fu_266    |    0    |    0    |    0    |
|          |     P_9_read_read_fu_272    |    0    |    0    |    0    |
|          |    P_10_read_read_fu_278    |    0    |    0    |    0    |
|          |    P_11_read_read_fu_284    |    0    |    0    |    0    |
|          |    P_12_read_read_fu_290    |    0    |    0    |    0    |
|          |    P_13_read_read_fu_296    |    0    |    0    |    0    |
|          |    P_14_read_read_fu_302    |    0    |    0    |    0    |
|          |    P_15_read_read_fu_308    |    0    |    0    |    0    |
|          |    P_16_read_read_fu_314    |    0    |    0    |    0    |
|          |    P_17_read_read_fu_320    |    0    |    0    |    0    |
|----------|-----------------------------|---------|---------|---------|
|          |   write_ln221_write_fu_92   |    0    |    0    |    0    |
|          |   write_ln221_write_fu_99   |    0    |    0    |    0    |
|          |   write_ln221_write_fu_106  |    0    |    0    |    0    |
|          |   write_ln221_write_fu_113  |    0    |    0    |    0    |
|          |   write_ln221_write_fu_120  |    0    |    0    |    0    |
|          |   write_ln221_write_fu_127  |    0    |    0    |    0    |
|          |   write_ln221_write_fu_134  |    0    |    0    |    0    |
|          |   write_ln221_write_fu_141  |    0    |    0    |    0    |
|   write  |   write_ln221_write_fu_148  |    0    |    0    |    0    |
|          |   write_ln221_write_fu_155  |    0    |    0    |    0    |
|          |   write_ln221_write_fu_162  |    0    |    0    |    0    |
|          |   write_ln221_write_fu_169  |    0    |    0    |    0    |
|          |   write_ln221_write_fu_176  |    0    |    0    |    0    |
|          |   write_ln221_write_fu_183  |    0    |    0    |    0    |
|          |   write_ln221_write_fu_190  |    0    |    0    |    0    |
|          |   write_ln221_write_fu_197  |    0    |    0    |    0    |
|          |   write_ln221_write_fu_204  |    0    |    0    |    0    |
|          |   write_ln221_write_fu_211  |    0    |    0    |    0    |
|----------|-----------------------------|---------|---------|---------|
|          |        P_0_ret_fu_402       |    0    |    0    |    0    |
|          |        P_1_ret_fu_407       |    0    |    0    |    0    |
|          |        P_2_ret_fu_412       |    0    |    0    |    0    |
|          |        P_3_ret_fu_417       |    0    |    0    |    0    |
|          |        P_4_ret_fu_422       |    0    |    0    |    0    |
|          |        P_5_ret_fu_427       |    0    |    0    |    0    |
|          |        P_6_ret_fu_432       |    0    |    0    |    0    |
|          |        P_7_ret_fu_437       |    0    |    0    |    0    |
|extractvalue|        P_8_ret_fu_442       |    0    |    0    |    0    |
|          |        P_9_ret_fu_447       |    0    |    0    |    0    |
|          |       P_10_ret_fu_452       |    0    |    0    |    0    |
|          |       P_11_ret_fu_457       |    0    |    0    |    0    |
|          |       P_12_ret_fu_462       |    0    |    0    |    0    |
|          |       P_13_ret_fu_467       |    0    |    0    |    0    |
|          |       P_14_ret_fu_472       |    0    |    0    |    0    |
|          |       P_15_ret_fu_477       |    0    |    0    |    0    |
|          |       P_16_ret_fu_482       |    0    |    0    |    0    |
|          |       P_17_ret_fu_487       |    0    |    0    |    0    |
|----------|-----------------------------|---------|---------|---------|
|   Total  |                             | 194.737 |  10270  |  13200  |
|----------|-----------------------------|---------|---------|---------|

Memories:
+--------------+--------+--------+--------+
|              |  BRAM  |   FF   |   LUT  |
+--------------+--------+--------+--------+
|initial_sbox_0|    1   |    0   |    0   |
|initial_sbox_1|    1   |    0   |    0   |
|initial_sbox_2|    1   |    0   |    0   |
|initial_sbox_3|    1   |    0   |    0   |
+--------------+--------+--------+--------+
|     Total    |    4   |    0   |    0   |
+--------------+--------+--------+--------+

* Register list:
+---------------------+--------+
|                     |   FF   |
+---------------------+--------+
|   P_0_read_reg_500  |   32   |
|  P_10_read_reg_550  |   32   |
|  P_11_read_reg_555  |   32   |
|  P_12_read_reg_560  |   32   |
|  P_13_read_reg_565  |   32   |
|  P_14_read_reg_570  |   32   |
|  P_15_read_reg_575  |   32   |
|  P_16_read_reg_580  |   32   |
|  P_17_read_reg_585  |   32   |
|   P_1_read_reg_505  |   32   |
|   P_2_read_reg_510  |   32   |
|   P_3_read_reg_515  |   32   |
|   P_4_read_reg_520  |   32   |
|   P_5_read_reg_525  |   32   |
|   P_6_read_reg_530  |   32   |
|   P_7_read_reg_535  |   32   |
|   P_8_read_reg_540  |   32   |
|   P_9_read_reg_545  |   32   |
|key_size_read_reg_492|   64   |
+---------------------+--------+
|        Total        |   640  |
+---------------------+--------+

* Multiplexer (MUX) list: 
|-----------------------------|------|------|------|--------||---------||---------|
|             Comp            |  Pin | Size |  BW  | S x BW ||  Delay  ||   LUT   |
|-----------------------------|------|------|------|--------||---------||---------|
|  grp_Blowfish_SetKey_fu_326 |  p2  |   2  |  64  |   128  ||    9    |
| grp_Blowfish_Encrypt_fu_350 |  p3  |   2  |  32  |   64   ||    9    |
| grp_Blowfish_Encrypt_fu_350 |  p4  |   2  |  32  |   64   ||    9    |
| grp_Blowfish_Encrypt_fu_350 |  p5  |   2  |  32  |   64   ||    9    |
| grp_Blowfish_Encrypt_fu_350 |  p6  |   2  |  32  |   64   ||    9    |
| grp_Blowfish_Encrypt_fu_350 |  p7  |   2  |  32  |   64   ||    9    |
| grp_Blowfish_Encrypt_fu_350 |  p8  |   2  |  32  |   64   ||    9    |
| grp_Blowfish_Encrypt_fu_350 |  p9  |   2  |  32  |   64   ||    9    |
| grp_Blowfish_Encrypt_fu_350 |  p10 |   2  |  32  |   64   ||    9    |
| grp_Blowfish_Encrypt_fu_350 |  p11 |   2  |  32  |   64   ||    9    |
| grp_Blowfish_Encrypt_fu_350 |  p12 |   2  |  32  |   64   ||    9    |
| grp_Blowfish_Encrypt_fu_350 |  p13 |   2  |  32  |   64   ||    9    |
| grp_Blowfish_Encrypt_fu_350 |  p14 |   2  |  32  |   64   ||    9    |
| grp_Blowfish_Encrypt_fu_350 |  p15 |   2  |  32  |   64   ||    9    |
| grp_Blowfish_Encrypt_fu_350 |  p16 |   2  |  32  |   64   ||    9    |
| grp_Blowfish_Encrypt_fu_350 |  p17 |   2  |  32  |   64   ||    9    |
| grp_Blowfish_Encrypt_fu_350 |  p18 |   2  |  32  |   64   ||    9    |
| grp_Blowfish_Encrypt_fu_350 |  p19 |   2  |  32  |   64   ||    9    |
| grp_Blowfish_Encrypt_fu_350 |  p20 |   2  |  32  |   64   ||    9    |
|-----------------------------|------|------|------|--------||---------||---------|
|            Total            |      |      |      |  1280  ||  33.611 ||   171   |
|-----------------------------|------|------|------|--------||---------||---------|



* Summary:
+-----------+--------+--------+--------+--------+
|           |  BRAM  |  Delay |   FF   |   LUT  |
+-----------+--------+--------+--------+--------+
|  Function |    -   |   194  |  10270 |  13200 |
|   Memory  |    4   |    -   |    0   |    0   |
|Multiplexer|    -   |   33   |    -   |   171  |
|  Register |    -   |    -   |   640  |    -   |
+-----------+--------+--------+--------+--------+
|   Total   |    4   |   228  |  10910 |  13371 |
+-----------+--------+--------+--------+--------+
