INFO-FLOW: Workspace /home/jjm469/ece6775/final_project/repo/blowfish/blowfish_pure/blowfish.prj/solution1 opened at Fri Nov 15 14:03:43 EST 2024
Execute     set_part xc7z020clg484-1 
Execute       ap_part_info -name xc7z020clg484-1 -data single -quiet 
Command       ap_part_info done; 1.28 sec.
Execute       ap_part_info -name xc7z020clg484-1 -data info 
Execute       add_library xilinx/zynq/zynq:xc7z020:-clg484:-1 
Execute         get_default_platform 
Execute         open_platform DefaultPlatform 
Execute         import_lib /opt/xilinx/Vivado/2019.2/common/technology/xilinx/zynq/zynq 
Execute           source /opt/xilinx/Vivado/2019.2/common/technology/xilinx/common/xilinx.lib 
Execute             source /opt/xilinx/Vivado/2019.2/common/technology/xilinx/interface/xilinx_interface.lib 
Execute               source /opt/xilinx/Vivado/2019.2/common/technology/xilinx/interface/plb46.lib 
Execute               source /opt/xilinx/Vivado/2019.2/common/technology/xilinx/interface/fsl.lib 
Execute               source /opt/xilinx/Vivado/2019.2/common/technology/xilinx/interface/axi4.lib 
Execute               source /opt/xilinx/Vivado/2019.2/common/technology/xilinx/interface/maxi.lib 
Execute               source /opt/xilinx/Vivado/2019.2/common/technology/xilinx/interface/saxilite.lib 
Execute             source /opt/xilinx/Vivado/2019.2/common/technology/xilinx/common/dsp48.lib 
Execute             source /opt/xilinx/Vivado/2019.2/common/technology/xilinx/ip/xfft.lib 
Execute             source /opt/xilinx/Vivado/2019.2/common/technology/xilinx/ip/xfir.lib 
Execute             source /opt/xilinx/Vivado/2019.2/common/technology/xilinx/ip/dds_compiler.lib 
Execute           source /opt/xilinx/Vivado/2019.2/common/technology/xilinx/common/xilinx.hlp 
Execute             source /opt/xilinx/Vivado/2019.2/common/technology/xilinx/common/target_info.tcl 
Execute             source /opt/xilinx/Vivado/2019.2/common/technology/xilinx/interface/xilinx_interface.hlp 
Execute               source /opt/xilinx/Vivado/2019.2/common/technology/xilinx/interface/maxi.hlp 
Execute               source /opt/xilinx/Vivado/2019.2/common/technology/xilinx/interface/saxilite.hlp 
Execute             source /opt/xilinx/Vivado/2019.2/common/technology/xilinx/common/dsp48.hlp 
Execute           source /opt/xilinx/Vivado/2019.2/common/technology/xilinx/zynq/dsp48e1.hlp 
Execute           source /opt/xilinx/Vivado/2019.2/common/technology/xilinx/common/xilinx.hlp 
Execute             source /opt/xilinx/Vivado/2019.2/common/technology/xilinx/common/target_info.tcl 
Execute             source /opt/xilinx/Vivado/2019.2/common/technology/xilinx/interface/xilinx_interface.hlp 
Execute               source /opt/xilinx/Vivado/2019.2/common/technology/xilinx/interface/maxi.hlp 
Execute               source /opt/xilinx/Vivado/2019.2/common/technology/xilinx/interface/saxilite.hlp 
Execute             source /opt/xilinx/Vivado/2019.2/common/technology/xilinx/common/dsp48.hlp 
Execute         source /opt/xilinx/Vivado/2019.2/common/technology/xilinx/zynq/zynq.gen 
Execute           source /opt/xilinx/Vivado/2019.2/common/technology/xilinx/common/xilinx.gen 
Execute             source /opt/xilinx/Vivado/2019.2/common/technology/xilinx/interface/plb46.gen 
Execute             source /opt/xilinx/Vivado/2019.2/common/technology/xilinx/interface/fsl.gen 
Execute             source /opt/xilinx/Vivado/2019.2/common/technology/xilinx/interface/axi4.gen 
Execute             source /opt/xilinx/Vivado/2019.2/common/technology/xilinx/interface/nativeAXI4.gen 
Execute               source /opt/xilinx/Vivado/2019.2/common/technology/xilinx/interface/saxilite.gen 
Execute               source /opt/xilinx/Vivado/2019.2/common/technology/xilinx/interface/maxi.gen 
Execute             source /opt/xilinx/Vivado/2019.2/common/technology/xilinx/scripts/xilinxcoregen.gen 
Execute             source /opt/xilinx/Vivado/2019.2/common/technology/xilinx/interface/XilEDKCoreGen.gen 
Execute             source /opt/xilinx/Vivado/2019.2/common/technology/xilinx/ip/dds_compiler.gen 
Execute             source /opt/xilinx/Vivado/2019.2/common/technology/xilinx/ip/util.gen 
Execute             source /opt/xilinx/Vivado/2019.2/common/technology/xilinx/ip/xfft.gen 
Execute             source /opt/xilinx/Vivado/2019.2/common/technology/xilinx/ip/xfir.gen 
Execute             source /opt/xilinx/Vivado/2019.2/common/technology/xilinx/common/dsp48.gen 
Execute         ap_part_info -data single -name xc7z020-clg484-1 
Execute         ap_part_info -name xc7z020-clg484-1 -data resources 
Execute         ap_part_info -name xc7z020-clg484-1 -data info 
Execute         ap_part_info -name xc7z020-clg484-1 -data info 
Execute         config_chip_info -quiet -resource {SLICE 13300} {LUT 53200} {FF 106400} {DSP48E 220} {BRAM 280} {URAM 0} 
Execute         ap_part_info -name xc7z020-clg484-1 -data info 
Execute         config_chip_info -quiet -speed slow 
Command       add_library done; 0.13 sec.
Execute       add_library xilinx/zynq/zynq_fpv6 
Execute         get_default_platform 
Execute         open_platform DefaultPlatform 
Execute         import_lib /opt/xilinx/Vivado/2019.2/common/technology/xilinx/zynq/zynq_fpv6 
Execute           source /opt/xilinx/Vivado/2019.2/common/technology/xilinx/common/xilinx_fp.lib 
Execute           source /opt/xilinx/Vivado/2019.2/common/technology/xilinx/common/xilinx_fp.hlp 
Execute             source /opt/xilinx/Vivado/2019.2/common/technology/xilinx/common/xilinx.hlp 
Execute               source /opt/xilinx/Vivado/2019.2/common/technology/xilinx/common/target_info.tcl 
Execute               source /opt/xilinx/Vivado/2019.2/common/technology/xilinx/interface/xilinx_interface.hlp 
Execute                 source /opt/xilinx/Vivado/2019.2/common/technology/xilinx/interface/maxi.hlp 
Execute                 source /opt/xilinx/Vivado/2019.2/common/technology/xilinx/interface/saxilite.hlp 
Execute               source /opt/xilinx/Vivado/2019.2/common/technology/xilinx/common/dsp48.hlp 
Execute         source /opt/xilinx/Vivado/2019.2/common/technology/xilinx/zynq/zynq_fpv6.gen 
Execute           source /opt/xilinx/Vivado/2019.2/common/technology/xilinx/common/xilinx_fp.gen 
INFO: [HLS 200-10] Setting target device to 'xc7z020-clg484-1'
Execute       ap_part_info -name xc7z020-clg484-1 -data info 
Execute       get_default_platform 
Command     set_part done; 1.48 sec.
Execute     create_clock -period 10 
Execute       config_clock -quiet -name default -period 10 -default=false 
INFO: [SYN 201-201] Setting up clock 'default' with a period of 10ns.
Execute     csim_design 
INFO: [SIM 211-2] *************** CSIM start ***************
INFO: [SIM 211-4] CSIM will launch GCC as the compiler.
Execute       is_encrypted /home/jjm469/ece6775/final_project/repo/blowfish/blowfish_pure/test_vivado.cpp 
Execute       is_xip /home/jjm469/ece6775/final_project/repo/blowfish/blowfish_pure/test_vivado.cpp 
Execute       is_encrypted /home/jjm469/ece6775/final_project/repo/blowfish/blowfish_pure/initial_data.h 
Execute       is_xip /home/jjm469/ece6775/final_project/repo/blowfish/blowfish_pure/initial_data.h 
Execute       is_encrypted /home/jjm469/ece6775/final_project/repo/blowfish/blowfish_pure/blowfish.h 
Execute       is_xip /home/jjm469/ece6775/final_project/repo/blowfish/blowfish_pure/blowfish.h 
Execute       is_encrypted /home/jjm469/ece6775/final_project/repo/blowfish/blowfish_pure/blowfish.cpp 
Execute       is_xip /home/jjm469/ece6775/final_project/repo/blowfish/blowfish_pure/blowfish.cpp 
Execute       ap_part_info -name xc7z020-clg484-1 -data info 
Execute       source run_sim.tcl 
INFO: [SIM 211-1] CSim done with 0 errors.
INFO: [SIM 211-3] *************** CSIM finish ***************
Command     csim_design done; 0.28 sec.
Execute     csynth_design 
Execute       get_config_compile -dump_cfg 
Execute       get_config_compile -effort 
Execute       get_config_compile -enable_clang39 
Execute       get_config_compile -g 
Execute       get_config_compile -ng 
Execute       get_config_compile -opt_fp 
Execute       get_config_compile -skip_cdt 
Execute       get_config_compile -skip_syncheck 
Execute       get_config_compile -skip_transform 
Execute       get_config_compile -keep_printf 
Execute       elaborate -effort=medium -skip_syncheck=0 -keep_printf=0 -skip_cdt=0 -skip_transform=0 -ng=0 -g=0 -opt_fp=0 -from_csynth_design=1 
Execute         get_config_schedule -relax_ii_for_timing 
INFO: [SCHED 204-61] Option 'relax_ii_for_timing' is enabled, will increase II to preserve clock frequency constraints.
Execute         get_config_schedule -suppress_dependence_error_break 
INFO: [HLS 200-10] Analyzing design file 'blowfish.cpp' ... 
INFO-FLOW: Compiling one TU...
Execute         is_m_axi_addr64 
INFO-FLOW: Handling blowfish.cpp as C++
Execute         ap_part_info -name xc7z020-clg484-1 -data info 
Execute         is_encrypted blowfish.cpp 
Execute         ap_part_info -name xc7z020-clg484-1 -data info 
INFO-FLOW: Running: GCC PP
INFO-FLOW: Source preprocessing
Execute         clang  -fno-limit-debug-info -gcc-toolchain "/opt/xilinx/Vivado/2019.2/lnx64/tools/gcc" -hls  -fno-exceptions  -D__llvm__  -E "blowfish.cpp"     -fno-math-errno -c -emit-llvm -O0  -mllvm -disable-llvm-optzns -fno-threadsafe-statics  -fno-use-cxa-atexit  -fno-threadsafe-statics -fno-use-cxa-atexit -D__CLANG_3_1__ -DAESL_SYN -D__SYNTHESIS__ -D__HLS_SYN__ -I "/opt/xilinx/Vivado/2019.2/common/technology/autopilot" -I "/opt/xilinx/Vivado/2019.2/common/technology/autopilot/ap_sysc" -include etc/autopilot_ssdm_op.h -D__DSP48E1__  -o "/home/jjm469/ece6775/final_project/repo/blowfish/blowfish_pure/blowfish.prj/solution1/.autopilot/db/blowfish.pp.0.cpp" 
INFO-FLOW: exec /opt/xilinx/Vivado/2019.2/lnx64/tools/clang/bin/clang -fno-limit-debug-info -gcc-toolchain /opt/xilinx/Vivado/2019.2/lnx64/tools/gcc -hls -fno-exceptions -D__llvm__ -E blowfish.cpp -fno-math-errno -c -emit-llvm -O0 -mllvm -disable-llvm-optzns -fno-threadsafe-statics -fno-use-cxa-atexit -fno-threadsafe-statics -fno-use-cxa-atexit -D__CLANG_3_1__ -DAESL_SYN -D__SYNTHESIS__ -D__HLS_SYN__ -I /opt/xilinx/Vivado/2019.2/common/technology/autopilot -I /opt/xilinx/Vivado/2019.2/common/technology/autopilot/ap_sysc -include etc/autopilot_ssdm_op.h -D__DSP48E1__ -o /home/jjm469/ece6775/final_project/repo/blowfish/blowfish_pure/blowfish.prj/solution1/.autopilot/db/blowfish.pp.0.cpp
Command         clang done; 1.07 sec.
Execute         tidy_31 xilinx-xfmat-array-geometry /home/jjm469/ece6775/final_project/repo/blowfish/blowfish_pure/blowfish.prj/solution1/.autopilot/db/blowfish.pp.0.cpp std=gnu++98 
INFO-FLOW: exec /opt/xilinx/Vivado/2019.2/lnx64/tools/clang-3.9-csynth/bin/tidy-3.1 -header-filter=.* -checks=-*,xilinx-xfmat-array-geometry -quiet -fix /home/jjm469/ece6775/final_project/repo/blowfish/blowfish_pure/blowfish.prj/solution1/.autopilot/db/blowfish.pp.0.cpp -- -std=gnu++98 -fhls -ferror-limit=0
INFO-FLOW: Syntax Checking before pre-processing...
Execute         clang -syntaxcheck -src /home/jjm469/ece6775/final_project/repo/blowfish/blowfish_pure/blowfish.prj/solution1/.autopilot/db/blowfish.pp.0.cpp  -fno-limit-debug-info -gcc-toolchain "/opt/xilinx/Vivado/2019.2/lnx64/tools/gcc" -hls    -fno-math-errno -c -emit-llvm -O0  -mllvm -disable-llvm-optzns -fno-threadsafe-statics  -fno-use-cxa-atexit  -fno-threadsafe-statics -fno-use-cxa-atexit -D__CLANG_3_1__ -DAESL_SYN -D__SYNTHESIS__ -D__HLS_SYN__ -I "/opt/xilinx/Vivado/2019.2/common/technology/autopilot" -I "/opt/xilinx/Vivado/2019.2/common/technology/autopilot/ap_sysc" -include etc/autopilot_ssdm_op.h -D__DSP48E1__  "/home/jjm469/ece6775/final_project/repo/blowfish/blowfish_pure/blowfish.prj/solution1/.autopilot/db/blowfish.pp.0.cpp"  -o "/home/jjm469/ece6775/final_project/repo/blowfish/blowfish_pure/blowfish.prj/solution1/.autopilot/db/useless.bc"  
INFO-FLOW: exec /opt/xilinx/Vivado/2019.2/lnx64/tools/clang/bin/clang -fno-limit-debug-info -gcc-toolchain /opt/xilinx/Vivado/2019.2/lnx64/tools/gcc -hls -fno-math-errno -c -emit-llvm -O0 -mllvm -disable-llvm-optzns -fno-threadsafe-statics -fno-use-cxa-atexit -fno-threadsafe-statics -fno-use-cxa-atexit -D__CLANG_3_1__ -DAESL_SYN -D__SYNTHESIS__ -D__HLS_SYN__ -I /opt/xilinx/Vivado/2019.2/common/technology/autopilot -I /opt/xilinx/Vivado/2019.2/common/technology/autopilot/ap_sysc -include etc/autopilot_ssdm_op.h -D__DSP48E1__ /home/jjm469/ece6775/final_project/repo/blowfish/blowfish_pure/blowfish.prj/solution1/.autopilot/db/blowfish.pp.0.cpp -o /home/jjm469/ece6775/final_project/repo/blowfish/blowfish_pure/blowfish.prj/solution1/.autopilot/db/useless.bc
Command         clang done; 1.06 sec.
INFO-FLOW: Done: GCC PP time: 2.2 seconds per iteration
Execute         source /opt/xilinx/Vivado/2019.2/tps/tcl/tcllib1.11.1/yaml/huddle.tcl 
Execute         source /opt/xilinx/Vivado/2019.2/tps/tcl/tcllib1.11.1/yaml/json2huddle.tcl 
Execute           source /opt/xilinx/Vivado/2019.2/tps/tcl/tcllib1.11.1/try/try.tcl 
Execute         list_core -type functional_unit 
Execute         tidy_31 xilinx-systemc-detector /home/jjm469/ece6775/final_project/repo/blowfish/blowfish_pure/blowfish.prj/solution1/.autopilot/db/blowfish.pp.0.cpp std=gnu++98 -directive=/home/jjm469/ece6775/final_project/repo/blowfish/blowfish_pure/blowfish.prj/solution1/.autopilot/db/.systemc_flag 
INFO-FLOW: exec /opt/xilinx/Vivado/2019.2/lnx64/tools/clang-3.9-csynth/bin/tidy-3.1 -header-filter=.* -checks=-*,xilinx-systemc-detector -import-directive=/home/jjm469/ece6775/final_project/repo/blowfish/blowfish_pure/blowfish.prj/solution1/.autopilot/db/.systemc_flag -quiet -fix-errors /home/jjm469/ece6775/final_project/repo/blowfish/blowfish_pure/blowfish.prj/solution1/.autopilot/db/blowfish.pp.0.cpp -- -std=gnu++98 -fhls -ferror-limit=0
INFO-FLOW: Running: tidy-3.1 CDT preprocess
Execute         tidy_31 xilinx-directive2pragma /home/jjm469/ece6775/final_project/repo/blowfish/blowfish_pure/blowfish.prj/solution1/.autopilot/db/blowfish.pp.0.cpp std=gnu++98 -directive=/home/jjm469/ece6775/final_project/repo/blowfish/blowfish_pure/blowfish.prj/solution1/.autopilot/db/all.directive.json 
INFO-FLOW: exec /opt/xilinx/Vivado/2019.2/lnx64/tools/clang-3.9-csynth/bin/tidy-3.1 -header-filter=.* -checks=-*,xilinx-directive2pragma -import-directive=/home/jjm469/ece6775/final_project/repo/blowfish/blowfish_pure/blowfish.prj/solution1/.autopilot/db/all.directive.json -quiet -fix-errors /home/jjm469/ece6775/final_project/repo/blowfish/blowfish_pure/blowfish.prj/solution1/.autopilot/db/blowfish.pp.0.cpp -- -std=gnu++98 -fhls -ferror-limit=0
Execute         get_config_dataflow -strict_mode 
Execute         ap_eval exec -ignorestderr /opt/xilinx/Vivado/2019.2/lnx64/tools/clang-3.9-csynth/bin/xilinx-dataflow-lawyer -export-fixes=/home/jjm469/ece6775/final_project/repo/blowfish/blowfish_pure/blowfish.prj/solution1/.autopilot/db/xilinx-dataflow-lawyer.blowfish.pp.0.cpp.diag.yml /home/jjm469/ece6775/final_project/repo/blowfish/blowfish_pure/blowfish.prj/solution1/.autopilot/db/blowfish.pp.0.cpp -- -std=gnu++98 -fhls -ferror-limit=0 -fstrict-dataflow > /home/jjm469/ece6775/final_project/repo/blowfish/blowfish_pure/blowfish.prj/solution1/.autopilot/db/xilinx-dataflow-lawyer.blowfish.pp.0.cpp.out.log 2> /home/jjm469/ece6775/final_project/repo/blowfish/blowfish_pure/blowfish.prj/solution1/.autopilot/db/xilinx-dataflow-lawyer.blowfish.pp.0.cpp.err.log 
Execute         tidy_31 -errorcheck xilinx-constantarray-param,xilinx-resource-pragma-transformer,xilinx-xfmat-array-geometry /home/jjm469/ece6775/final_project/repo/blowfish/blowfish_pure/blowfish.prj/solution1/.autopilot/db/blowfish.pp.0.cpp std=gnu++98 
Execute           ap_eval exec -ignorestderr /opt/xilinx/Vivado/2019.2/lnx64/tools/clang-3.9-csynth/bin/tidy-3.1 -export-fixes=/home/jjm469/ece6775/final_project/repo/blowfish/blowfish_pure/blowfish.prj/solution1/.autopilot/db/tidy-3.1.blowfish.pp.0.cpp.diag.yml -header-filter=.* -checks=-*,xilinx-constantarray-param,xilinx-resource-pragma-transformer,xilinx-xfmat-array-geometry -quiet -fix-errors /home/jjm469/ece6775/final_project/repo/blowfish/blowfish_pure/blowfish.prj/solution1/.autopilot/db/blowfish.pp.0.cpp -- -std=gnu++98 -fhls -ferror-limit=0 > /home/jjm469/ece6775/final_project/repo/blowfish/blowfish_pure/blowfish.prj/solution1/.autopilot/db/tidy-3.1.blowfish.pp.0.cpp.out.log 2> /home/jjm469/ece6775/final_project/repo/blowfish/blowfish_pure/blowfish.prj/solution1/.autopilot/db/tidy-3.1.blowfish.pp.0.cpp.err.log 
Execute           source /opt/xilinx/Vivado/2019.2/tps/tcl/tcllib1.11.1/yaml/yaml.tcl 
Execute             source /opt/xilinx/Vivado/2019.2/tps/tcl/tcllib1.11.1/cmdline/cmdline.tcl 
Execute           ap_eval exec -ignorestderr /opt/xilinx/Vivado/2019.2/lnx64/tools/clang-3.9-csynth/bin/xilinx-legacy-rewriter /home/jjm469/ece6775/final_project/repo/blowfish/blowfish_pure/blowfish.prj/solution1/.autopilot/db/blowfish.pp.0.cpp -- -std=gnu++98 -fhls -ferror-limit=0 > /home/jjm469/ece6775/final_project/repo/blowfish/blowfish_pure/blowfish.prj/solution1/.autopilot/db/xilinx-legacy-rewriter.blowfish.pp.0.cpp.out.log 2> /home/jjm469/ece6775/final_project/repo/blowfish/blowfish_pure/blowfish.prj/solution1/.autopilot/db/xilinx-legacy-rewriter.blowfish.pp.0.cpp.err.log 
INFO-FLOW: Done: tidy-3.1 CDT preprocess time: 0.1 seconds per iteration
INFO-FLOW: Pragma Handling...
Execute         tidy_31 xilinx-ssdm-intrinsics-arguments /home/jjm469/ece6775/final_project/repo/blowfish/blowfish_pure/blowfish.prj/solution1/.autopilot/db/blowfish.pragma.1.cpp std=gnu++98 
INFO-FLOW: exec /opt/xilinx/Vivado/2019.2/lnx64/tools/clang-3.9-csynth/bin/tidy-3.1 -header-filter=.* -checks=-*,xilinx-ssdm-intrinsics-arguments -quiet -fix-errors /home/jjm469/ece6775/final_project/repo/blowfish/blowfish_pure/blowfish.prj/solution1/.autopilot/db/blowfish.pragma.1.cpp -- -std=gnu++98 -fhls -ferror-limit=0
Execute         ap_part_info -name xc7z020-clg484-1 -data info 
INFO-FLOW: Processing labels
Execute         clang -src /home/jjm469/ece6775/final_project/repo/blowfish/blowfish_pure/blowfish.prj/solution1/.autopilot/db/blowfish.pragma.2.cpp  -fno-limit-debug-info -gcc-toolchain /opt/xilinx/Vivado/2019.2/lnx64/tools/gcc -hls -hls-analyze-label -hls-analyze-pragma -fno-exceptions  -D__llvm__  -w  "/home/jjm469/ece6775/final_project/repo/blowfish/blowfish_pure/blowfish.prj/solution1/.autopilot/db/blowfish.pragma.2.cpp"    -fno-math-errno -c -emit-llvm -O0  -mllvm -disable-llvm-optzns -fno-threadsafe-statics  -fno-use-cxa-atexit -DAESL_SYN -D__SYNTHESIS__ -D__HLS_SYN__ -I "/opt/xilinx/Vivado/2019.2/common/technology/autopilot" -I "/opt/xilinx/Vivado/2019.2/common/technology/autopilot/ap_sysc" -include etc/autopilot_ssdm_op.h -D__DSP48E1__ -g -o "/home/jjm469/ece6775/final_project/repo/blowfish/blowfish_pure/blowfish.prj/solution1/.autopilot/db/blowfish.bc" 
INFO-FLOW: exec /opt/xilinx/Vivado/2019.2/lnx64/tools/clang/bin/clang -fno-limit-debug-info -gcc-toolchain /opt/xilinx/Vivado/2019.2/lnx64/tools/gcc -hls -hls-analyze-label -hls-analyze-pragma -fno-exceptions -D__llvm__ -w /home/jjm469/ece6775/final_project/repo/blowfish/blowfish_pure/blowfish.prj/solution1/.autopilot/db/blowfish.pragma.2.cpp -fno-math-errno -c -emit-llvm -O0 -mllvm -disable-llvm-optzns -fno-threadsafe-statics -fno-use-cxa-atexit -DAESL_SYN -D__SYNTHESIS__ -D__HLS_SYN__ -I /opt/xilinx/Vivado/2019.2/common/technology/autopilot -I /opt/xilinx/Vivado/2019.2/common/technology/autopilot/ap_sysc -include etc/autopilot_ssdm_op.h -D__DSP48E1__ -g -o /home/jjm469/ece6775/final_project/repo/blowfish/blowfish_pure/blowfish.prj/solution1/.autopilot/db/blowfish.bc
Command         clang done; 1.06 sec.
INFO-FLOW: Linking Debug ...
Execute         llvm-ld /home/jjm469/ece6775/final_project/repo/blowfish/blowfish_pure/blowfish.prj/solution1/.autopilot/db/blowfish.g.bc -hls-opt -except-internalize Blowfish::Encrypt -L/opt/xilinx/Vivado/2019.2/lnx64/lib -lhlsm -lhlsmc++ -o /home/jjm469/ece6775/final_project/repo/blowfish/blowfish_pure/blowfish.prj/solution1/.autopilot/db/a.g 
Command         llvm-ld done; 0.53 sec.
INFO: [HLS 200-111] Finished Linking Time (s): cpu = 00:00:05 ; elapsed = 00:00:06 . Memory (MB): peak = 1168.148 ; gain = 530.125 ; free physical = 1057 ; free virtual = 27259
INFO: [HLS 200-111] Finished Checking Pragmas Time (s): cpu = 00:00:05 ; elapsed = 00:00:06 . Memory (MB): peak = 1168.148 ; gain = 530.125 ; free physical = 1057 ; free virtual = 27259
Execute         get_config_sdx -target 
Execute         opt_and_import_c a -opt_level=2 -skip_syncheck=0 -ng=0 -keep_printf=0 
Execute           cleanup_all_models 
INFO: [HLS 200-10] Starting code transformations ...
Execute           transform -promote-dbg-pointer /home/jjm469/ece6775/final_project/repo/blowfish/blowfish_pure/blowfish.prj/solution1/.autopilot/db/a.pp.bc -o /home/jjm469/ece6775/final_project/repo/blowfish/blowfish_pure/blowfish.prj/solution1/.autopilot/db/a.pp.0.bc -f 
Execute           llvm-ld /home/jjm469/ece6775/final_project/repo/blowfish/blowfish_pure/blowfish.prj/solution1/.autopilot/db/a.pp.0.bc -disable-opt -L/opt/xilinx/Vivado/2019.2/lnx64/lib -lfloatconversion -o /home/jjm469/ece6775/final_project/repo/blowfish/blowfish_pure/blowfish.prj/solution1/.autopilot/db/a.g.0 
Command           llvm-ld done; 0.53 sec.
INFO-FLOW: Running Standard Transforms...
Execute           transform -hls -share-std-xform -demangle-name -inline-byval-memcpy -always-inline -promote-dbg-pointer -interface-preproc -mem2reg -scalarrepl -mem2reg -keep-read-access -instcombine -dce -promote-dbg-pointer -bitop-raise -loop-simplify -indvarspre -indvars -loop-simplify -xunroll -constprop -instcombine -simplifycfg -indvars -simplifycfg -dce -globaldce -basicaa -simplifycfg -mem2reg -globalopt -global-constprop -deadargelim -instcombine -simplifycfg -prune-eh -simplifycfg -scalarrepl -instcombine -reassociate -licm -simplifycfg -loop-simplify -indvars -instcombine -simplifycfg -mem2reg -loop-simplify -indvars -instcombine -gvn -gvn -instcombine -adce -break-crit-edges -simplifycfg -loop-delete -global-array-opt -dce -dse -adce -find-syn-modules -top Blowfish::Encrypt -deadargelim -mem2reg -instcombine -dce -presyn-prepare -auto-rom-infer -interface-preproc -syn-check -check-rec-only -find-region -simplifycfg -func-extr -function-inline -globaldce -mem2reg -instcombine -dce -gvn -globaldce -adce -adse -constprop -instcombine -bit-constprop -instcombine -dce -simplifycfg -bitop-raise -simplifycfg -dce -loop-delete -reassociate -globalopt -global-privatize -mem2reg -dce -global-constprop -pointer-simplify -constprop -dce -func-inst -deadargelim -auto-shift-reg-idiom -promote-dbg-pointer -norm-name /home/jjm469/ece6775/final_project/repo/blowfish/blowfish_pure/blowfish.prj/solution1/.autopilot/db/a.g.0.bc -o /home/jjm469/ece6775/final_project/repo/blowfish/blowfish_pure/blowfish.prj/solution1/.autopilot/db/a.g.1.bc -f -phase std-opt 
INFO: [HLS 200-111] Finished Standard Transforms Time (s): cpu = 00:00:06 ; elapsed = 00:00:07 . Memory (MB): peak = 1168.148 ; gain = 530.125 ; free physical = 1057 ; free virtual = 27258
INFO: [HLS 200-10] Checking synthesizability ...
INFO-FLOW: Checking Synthesizability 1/2..
Execute           transform -hls -syn-check -check-rec-only -disaggr -scalarrepl -norm-name -dce -mem2reg -instcombine -function-uniquify -directive-preproc -mem2reg -dse -dce -auto-rom-infer -dce -pag -array-normalize -instcombine -dce -warn-fifo-pointer -array-seg-normalize -instcombine -dce -array-flatten -instcombine -dce -array-burst -dce -deadargelim -promote-global-argument -simplifycfg -mem2reg -globaldce -dce -deadargelim -dce -instcombine -function-inline -globaldce -dce -doublePtrSimplify -doublePtrElim -dce -doublePtrSimplify -promote-dbg-pointer -dce -scalarrepl -dse -adse -instcombine -ptrLegalization -simplifycfg -dce -instcombine -pointer-simplify -ptrArgReplace -dce -instcombine -resolve-double-ptr -disaggr -scalarrepl -norm-name -dce -mem2reg -instcombine -ptrLegalization -simplifycfg -deadargelim -instcombine -dce -inst-simplify -function-uniquify -directive-preproc -mem2reg -dse -dce -globaldce -check-dspbuiltin /home/jjm469/ece6775/final_project/repo/blowfish/blowfish_pure/blowfish.prj/solution1/.autopilot/db/a.g.1.bc -o /home/jjm469/ece6775/final_project/repo/blowfish/blowfish_pure/blowfish.prj/solution1/.autopilot/db/a.g.2.prechk.bc -f 
INFO: [XFORM 203-602] Inlining function 'Blowfish::Feistel' into 'Blowfish::sEncryptBlock' (blowfish.cpp:233) automatically.
INFO: [XFORM 203-602] Inlining function 'Blowfish::sEncryptBlock' into 'Blowfish::Encrypt' (blowfish.cpp:133) automatically.
INFO-FLOW: Checking Synthesizability 2/2..
Execute           transform -syn-check /home/jjm469/ece6775/final_project/repo/blowfish/blowfish_pure/blowfish.prj/solution1/.autopilot/db/a.g.2.prechk.bc -o /home/jjm469/ece6775/final_project/repo/blowfish/blowfish_pure/blowfish.prj/solution1/.autopilot/db/a.g.2.bc -f -phase syn-check 
INFO: [HLS 200-111] Finished Checking Synthesizability Time (s): cpu = 00:00:06 ; elapsed = 00:00:07 . Memory (MB): peak = 1168.148 ; gain = 530.125 ; free physical = 1056 ; free virtual = 27257
INFO-FLOW: Compiler optimizing ...
INFO-FLOW: Share syncheck's 1.bc for syn flow: copy /home/jjm469/ece6775/final_project/repo/blowfish/blowfish_pure/blowfish.prj/solution1/.autopilot/db/a.g.1.bc to /home/jjm469/ece6775/final_project/repo/blowfish/blowfish_pure/blowfish.prj/solution1/.autopilot/db/a.o.1.bc
INFO-FLOW: Presyn 1...
Execute           transform -hls -tmp /home/jjm469/ece6775/final_project/repo/blowfish/blowfish_pure/blowfish.prj/solution1/.autopilot/db -interface-port-rename -type-info -function-uniquify -directive-preproc -mem2reg -dse -dce -disaggr -scalarrepl -norm-name -deadargelim -mem2reg -instcombine -dce -simplifycfg -auto-rom-infer -dce -function-uniquify -resource-proc -clib-intrinsic-prepare -dce -func-buffer -dce -pag -array-normalize -func-legal -instcombine -gvn -constprop -dce -simplifycfg -mem2reg -globaldce -resolve-double-ptr -dce -deadargelim -dce -instcombine -ptrArgReplace -mem2reg -dce -array-seg-normalize -deadargelim -instcombine -dce -pointer-simplify -dce -port-alignment -dce -interface-preproc -data-pack -instcombine -dce -basicaa -aggr-aa -aggrmodref-aa -aggr-aa -gvn -gvn -basicaa -aggr-aa -aggrmodref-aa -aggr-aa -dse -adse -adce -loop-simplify -indvars -instcombine -gvn -loop-simplify -mem2reg -dce -find-region -instcombine -auto-loop-pipeline -inst-simplify -interface-preproc -cfgopt -instcombine -indvars -auto-loop-unroll -loop-simplify -loop-bound -xunroll -constprop -instcombine -simplifycfg -indvars -simplifycfg -dce -globaldce -clean-region -attach-range -gvn -inst-simplify -constprop -simplifycfg -dce -pointer-simplify -dce -globalopt -constprop -dce -array-promote -constprop -dce -ptrArgReplace -mem2reg -simplifycfg -dce -auto-par -instcombine -dce -array-transform-check -array-reshape -instcombine -simplifycfg -dce -ptrArgReplace -deadargelim -mem2reg -instcombine -simplifycfg -dce -indvars -loop-simplify -loop-bound -xunroll -constprop -instcombine -simplifycfg -indvars -simplifycfg -dce -globaldce -basicaa -aggr-aa -aggrmodref-aa -aggr-aa -dse -duplicate-dataflow-processes -globaldce -instcombine -array-partition -instcombine -simplifycfg -dce -ptrArgReplace -global-constprop -deadargelim -mem2reg -func-legal -dce -global-constprop -deadargelim -mem2reg -simplifycfg -dce -merge-param -deadargelim -globalopt -constprop -dce -array-promote -constprop -dce -ptrArgReplace -mem2reg -simplifycfg -dce -mem-intrinsic-preproc -dce -global-internalize -global-privatize -mem2reg -globaldce -promote-global-argument -ptrArgReplace -mem2reg -dce -globalopt -mergereturn -simplify-global-access -mem2reg -dce -pointer-simplify -dce -functionattrs -basicaa -aggr-aa -aggrmodref-aa -aggr-aa -gvn -gvn -basicaa -aggr-aa -aggrmodref-aa -aggr-aa -dse -adse -adce -dce -norm-name -function-inline -complex-op-raise -inst-simplify -globaldce -func-inst -constprop -instcombine -simplifycfg -dce -func-legal -dce -loop-bound -arraycheck -bitwidthmin -on-by-dataflow -loop-delete -instcombine -simplifycfg -globaldce -dce -gvn -deadargelim -dce -loop-simplify -clean-region -simplifycfg -propagate-stable-arguments -loop-stream -instcombine -simplifycfg -dce -globaldce -duplicate-dataflow-processes -stream-intrinsic-preproc -dce -check-ap-stream -loop-simplify -eliminate-keepreads -extract-dataflow-in-loop -loop-simplify -dce -gvn -deadargelim -dse -check-dataflow-syntax -legalize-stream-variable -legalize-global -extract-subproc -dce -dead-channel-elimination -canonicalize-gep -globaldce -dce -gvn -deadargelim -annotate-dataflow-channels -scalar-propagation -deadargelim -globaldce -mem2reg -check-dataflow-channels -function-stream -dce -globaldce -prop-fifo-spec -internal-stream-gen -canonicalize-gep -globaldce -dce -gvn -deadargelim -mergereturn -indvars -loop-simplify -instcombine -array-stream -array-seg-normalize -array-partition -func-legal -instcombine -simplifycfg -dce -bundle-memfifo-ops -deadargelim -function-uniquify -directive-preproc -mem2reg -dse -dce -group-axi-access -licm -simplifycfg -dce -loop-delete -norm-name /home/jjm469/ece6775/final_project/repo/blowfish/blowfish_pure/blowfish.prj/solution1/.autopilot/db/a.o.1.bc -o /home/jjm469/ece6775/final_project/repo/blowfish/blowfish_pure/blowfish.prj/solution1/.autopilot/db/a.o.1.tmp.bc -f 
INFO: [XFORM 203-602] Inlining function 'Blowfish::Feistel' into 'Blowfish::sEncryptBlock' (blowfish.cpp:233) automatically.
INFO: [XFORM 203-602] Inlining function 'Blowfish::sEncryptBlock' into 'Blowfish::Encrypt' (blowfish.cpp:133) automatically.
INFO-FLOW: Presyn 2...
Execute           transform -hls -keep-callgraph -scalarrepl -mem2reg -port-alignment -attach-range -dce -pipe-mux-gen -indvars -loop-bound -inst-simplify -instcombine -dce -merge-array-access -mem2reg -dce -clean-region -mergereturn -if-conv -instcombine -dce -constprop -basicaa -aggr-aa -aggrmodref-aa -aggr-aa -gvn -gvn -basicaa -aggr-aa -aggrmodref-aa -aggr-aa -dse -adse -adce -scalarrepl -mem2reg -global-constprop -deadargelim -deadargelim -instcombine -dce -simplifycfg -ptrArgReplace -mem2reg -function-inline -globaldce -mem2reg -instcombine -dce -expr-balance -instcombine -dce -bitwidthmin -interface-preproc -directive-preproc -inst-rectify -instcombine -dce -functionattrs -constprop -instcombine -bit-constprop -simplify-global-access -globalopt -globaldce -inst-simplify -instcombine -elimdeaddata -dce -loop-delete -simplifycfg -loop-simplify -auto-burst -norm-name /home/jjm469/ece6775/final_project/repo/blowfish/blowfish_pure/blowfish.prj/solution1/.autopilot/db/a.o.1.tmp.bc -o /home/jjm469/ece6775/final_project/repo/blowfish/blowfish_pure/blowfish.prj/solution1/.autopilot/db/a.o.2.bc -f -phase presyn 
INFO: [HLS 200-111] Finished Pre-synthesis Time (s): cpu = 00:00:06 ; elapsed = 00:00:07 . Memory (MB): peak = 1168.148 ; gain = 530.125 ; free physical = 1042 ; free virtual = 27243
INFO-FLOW: Building ssdm...
Execute           transform -hls -function-uniquify -auto-function-inline -globaldce -ptrArgReplace -mem2reg -dce -reset-lda -loop-simplify -indvars -licm -loop-dep -loop-bound -licm -loop-simplify -flattenloopnest -array-flatten -gvn -instcombine -dce -array-map -dce -func-legal -gvn -adce -instcombine -cfgopt -simplifycfg -loop-simplify -array-burst -promote-global-argument -dce -ptrLegalization -axi4-lower -array-seg-normalize -basicaa -aggrmodref-aa -globalsmodref-aa -aggr-aa -gvn -gvn -basicaa -aggrmodref-aa -globalsmodref-aa -aggr-aa -dse -adse -adce -licm -inst-simplify -dce -globaldce -instcombine -array-stream -eliminate-keepreads -instcombine -dce -deadargelim -doublePtrSimplify -doublePtrElim -dce -doublePtrSimplify -promote-dbg-pointer -dce -scalarrepl -mem2reg -disaggr -norm-name -mem2reg -instcombine -dse -adse -adce -ptrLegalization -dce -auto-rom-infer -array-flatten -dce -instcombine -check-doubleptr -loop-rot -constprop -cfgopt -simplifycfg -loop-simplify -indvars -pointer-simplify -dce -loop-bound -loop-simplify -loop-preproc -constprop -global-constprop -gvn -mem2reg -instcombine -dce -loop-bound -loop-merge -dce -bitwidthmin -deadargelim -dce -canonicalize-dataflow -dce -scalar-propagation -deadargelim -globaldce -mem2reg -read-loop-dep -interface-preproc -directive-preproc -interface-gen -bram-byte-enable -deadargelim -inst-simplify -dce -gvn -mem2reg -instcombine -dce -adse -loop-bound -instcombine -cfgopt -simplifycfg -loop-simplify -clean-region -io-protocol -find-region -mem2reg -bitop-raise -complex-op-raise -inst-simplify -inst-rectify -instcombine -adce -deadargelim -loop-simplify -phi-opt -bitop-raise -cfgopt -simplifycfg -strip-dead-prototypes -interface-lower -bitop-lower -intrinsic-lower -auto-function-inline -basicaa -aggrmodref-aa -globalsmodref-aa -aggr-aa -inst-simplify -simplifycfg -loop-simplify -mergereturn -inst-simplify -inst-rectify -dce -load-elim -bitop-lower -loop-rewind -pointer-simplify -dce -cfgopt -dce -loop-bound -loop-dep -read-loop-dep -dce -check-stream -norm-name -legalize -validate-dataflow -inst-clarity -bitwidth -dump-loop-dep-to-ir -check-all-ssdm -cdfg-build /home/jjm469/ece6775/final_project/repo/blowfish/blowfish_pure/blowfish.prj/solution1/.autopilot/db/a.o.2.bc -o /home/jjm469/ece6775/final_project/repo/blowfish/blowfish_pure/blowfish.prj/solution1/.autopilot/db/a.o.3.bc -f -phase build-ssdm 
INFO: [HLS 200-111] Finished Architecture Synthesis Time (s): cpu = 00:00:06 ; elapsed = 00:00:07 . Memory (MB): peak = 1168.148 ; gain = 530.125 ; free physical = 1041 ; free virtual = 27242
INFO-FLOW: Finish building internal data model.
Command         opt_and_import_c done; 0.7 sec.
Command       elaborate done; 4.68 sec.
Execute       autosyn -from_csynth_design=1 
INFO: [HLS 200-10] Starting hardware synthesis ...
INFO-FLOW: Synthesizing C/C++ design ...
INFO: [HLS 200-10] Synthesizing 'Blowfish::Encrypt' ...
Execute         ap_set_top_model Blowfish::Encrypt 
WARNING: [SYN 201-103] Top function name 'Blowfish::Encrypt' is not a legal RTL name.
Execute         get_model_list Blowfish::Encrypt -filter all-wo-channel -topdown 
Execute         preproc_iomode -model Blowfish::Encrypt 
Execute         get_model_list Blowfish::Encrypt -filter all-wo-channel 
INFO-FLOW: Model list for configure: Blowfish::Encrypt
INFO-FLOW: Configuring Module : Blowfish::Encrypt ...
Execute         set_default_model Blowfish::Encrypt 
Execute         apply_spec_resource_limit Blowfish::Encrypt 
INFO-FLOW: Model list for preprocess: Blowfish::Encrypt
INFO-FLOW: Preprocessing Module: Blowfish::Encrypt ...
Execute         set_default_model Blowfish::Encrypt 
Execute         cdfg_preprocess -model Blowfish::Encrypt 
Execute         rtl_gen_preprocess Blowfish::Encrypt 
WARNING: [SYN 201-103] Top function name 'Blowfish::Encrypt' is not a legal RTL name and is changed to 'Blowfish_Encrypt'; this may result in automatic C/RTL co-simulation failure.
INFO-FLOW: Model list for synthesis: Blowfish::Encrypt
INFO: [HLS 200-10] ----------------------------------------------------------------
INFO: [HLS 200-42] -- Implementing module 'Blowfish_Encrypt' 
INFO: [HLS 200-10] ----------------------------------------------------------------
Execute         set_default_model Blowfish::Encrypt 
Execute         schedule -model Blowfish::Encrypt 
INFO: [SCHED 204-11] Starting scheduling ...
INFO: [SCHED 204-11] Finished scheduling.
INFO: [HLS 200-111]  Elapsed time: 6.78 seconds; current allocated memory: 115.117 MB.
Execute         syn_report -verbosereport -o /home/jjm469/ece6775/final_project/repo/blowfish/blowfish_pure/blowfish.prj/solution1/.autopilot/db/Blowfish_Encrypt.verbose.sched.rpt 
Execute         db_write -o /home/jjm469/ece6775/final_project/repo/blowfish/blowfish_pure/blowfish.prj/solution1/.autopilot/db/Blowfish_Encrypt.sched.adb -f 
INFO-FLOW: Finish scheduling Blowfish::Encrypt.
Execute         set_default_model Blowfish::Encrypt 
Execute         bind -model Blowfish::Encrypt 
BIND OPTION: model=Blowfish::Encrypt
INFO: [BIND 205-100] Starting micro-architecture generation ...
INFO: [BIND 205-101] Performing variable lifetime analysis.
INFO: [BIND 205-101] Exploring resource sharing.
INFO: [BIND 205-101] Binding ...
INFO: [BIND 205-100] Finished micro-architecture generation.
INFO: [HLS 200-111]  Elapsed time: 0.04 seconds; current allocated memory: 115.502 MB.
Execute         syn_report -verbosereport -o /home/jjm469/ece6775/final_project/repo/blowfish/blowfish_pure/blowfish.prj/solution1/.autopilot/db/Blowfish_Encrypt.verbose.bind.rpt 
Execute         db_write -o /home/jjm469/ece6775/final_project/repo/blowfish/blowfish_pure/blowfish.prj/solution1/.autopilot/db/Blowfish_Encrypt.bind.adb -f 
INFO-FLOW: Finish binding Blowfish::Encrypt.
Execute         get_model_list Blowfish::Encrypt -filter all-wo-channel 
INFO-FLOW: Preprocessing for RTLGen ...
Execute         rtl_gen_preprocess Blowfish::Encrypt 
INFO-FLOW: Model list for RTL generation: Blowfish::Encrypt
INFO: [HLS 200-10] ----------------------------------------------------------------
INFO: [HLS 200-10] -- Generating RTL for module 'Blowfish_Encrypt' 
INFO: [HLS 200-10] ----------------------------------------------------------------
Execute         get_config_rtl -module_prefix 
Execute         get_config_rtl -module_auto_prefix 
Execute         create_rtl_model Blowfish::Encrypt -vendor xilinx -mg_file /home/jjm469/ece6775/final_project/repo/blowfish/blowfish_pure/blowfish.prj/solution1/.autopilot/db/Blowfish_Encrypt.compgen.tcl 
INFO: [RTGEN 206-500] Setting interface mode on port 'Blowfish_Encrypt/Blowfish_pary_s' to 'ap_memory'.
INFO: [RTGEN 206-500] Setting interface mode on port 'Blowfish_Encrypt/Blowfish_sbox_s' to 'ap_memory'.
INFO: [RTGEN 206-500] Setting interface mode on port 'Blowfish_Encrypt/dst' to 'ap_memory'.
INFO: [RTGEN 206-500] Setting interface mode on port 'Blowfish_Encrypt/src' to 'ap_memory'.
INFO: [RTGEN 206-500] Setting interface mode on function 'Blowfish_Encrypt' to 'ap_ctrl_hs'.
INFO: [SYN 201-210] Renamed object name 'Blowfish_Encrypt_pary_s' to 'Blowfish_Encrypt_bkb' due to the length limit 20
WARNING: [RTGEN 206-101] Port 'Blowfish_Encrypt/Blowfish_pary_s_address0' has no fanin or fanout and is left dangling.
               Please use C simulation to confirm this function argument can be read from or written to.
WARNING: [RTGEN 206-101] Setting dangling out port 'Blowfish_Encrypt/Blowfish_pary_s_address0' to 0.
WARNING: [RTGEN 206-101] Port 'Blowfish_Encrypt/Blowfish_pary_s_ce0' has no fanin or fanout and is left dangling.
               Please use C simulation to confirm this function argument can be read from or written to.
WARNING: [RTGEN 206-101] Setting dangling out port 'Blowfish_Encrypt/Blowfish_pary_s_ce0' to 0.
WARNING: [RTGEN 206-101] Port 'Blowfish_Encrypt/Blowfish_pary_s_we0' has no fanin or fanout and is left dangling.
               Please use C simulation to confirm this function argument can be read from or written to.
WARNING: [RTGEN 206-101] Setting dangling out port 'Blowfish_Encrypt/Blowfish_pary_s_we0' to 0.
WARNING: [RTGEN 206-101] Port 'Blowfish_Encrypt/Blowfish_pary_s_d0' has no fanin or fanout and is left dangling.
               Please use C simulation to confirm this function argument can be read from or written to.
WARNING: [RTGEN 206-101] Setting dangling out port 'Blowfish_Encrypt/Blowfish_pary_s_d0' to 0.
WARNING: [RTGEN 206-101] Port 'Blowfish_Encrypt/Blowfish_pary_s_q0' has no fanin or fanout and is left dangling.
               Please use C simulation to confirm this function argument can be read from or written to.
WARNING: [RTGEN 206-101] Port 'Blowfish_Encrypt/Blowfish_pary_s_address1' has no fanin or fanout and is left dangling.
               Please use C simulation to confirm this function argument can be read from or written to.
WARNING: [RTGEN 206-101] Setting dangling out port 'Blowfish_Encrypt/Blowfish_pary_s_address1' to 0.
WARNING: [RTGEN 206-101] Port 'Blowfish_Encrypt/Blowfish_pary_s_ce1' has no fanin or fanout and is left dangling.
               Please use C simulation to confirm this function argument can be read from or written to.
WARNING: [RTGEN 206-101] Setting dangling out port 'Blowfish_Encrypt/Blowfish_pary_s_ce1' to 0.
WARNING: [RTGEN 206-101] Port 'Blowfish_Encrypt/Blowfish_pary_s_we1' has no fanin or fanout and is left dangling.
               Please use C simulation to confirm this function argument can be read from or written to.
WARNING: [RTGEN 206-101] Setting dangling out port 'Blowfish_Encrypt/Blowfish_pary_s_we1' to 0.
WARNING: [RTGEN 206-101] Port 'Blowfish_Encrypt/Blowfish_pary_s_d1' has no fanin or fanout and is left dangling.
               Please use C simulation to confirm this function argument can be read from or written to.
WARNING: [RTGEN 206-101] Setting dangling out port 'Blowfish_Encrypt/Blowfish_pary_s_d1' to 0.
WARNING: [RTGEN 206-101] Port 'Blowfish_Encrypt/Blowfish_pary_s_q1' has no fanin or fanout and is left dangling.
               Please use C simulation to confirm this function argument can be read from or written to.
INFO: [RTGEN 206-100] Finished creating RTL model for 'Blowfish_Encrypt'.
INFO: [HLS 200-111]  Elapsed time: 0.08 seconds; current allocated memory: 116.212 MB.
Execute         gen_rtl Blowfish::Encrypt -istop -style xilinx -tracefl mytrace -tracefmt vcd -traceopt all -f -lang sc -o /home/jjm469/ece6775/final_project/repo/blowfish/blowfish_pure/blowfish.prj/solution1/syn/systemc/Blowfish_Encrypt -synmodules Blowfish::Encrypt 
Execute         gen_rtl Blowfish::Encrypt -istop -style xilinx -f -lang vhdl -o /home/jjm469/ece6775/final_project/repo/blowfish/blowfish_pure/blowfish.prj/solution1/syn/vhdl/Blowfish_Encrypt 
Execute         gen_rtl Blowfish::Encrypt -istop -style xilinx -f -lang vlog -o /home/jjm469/ece6775/final_project/repo/blowfish/blowfish_pure/blowfish.prj/solution1/syn/verilog/Blowfish_Encrypt 
Execute         syn_report -csynth -model Blowfish::Encrypt -o /home/jjm469/ece6775/final_project/repo/blowfish/blowfish_pure/blowfish.prj/solution1/syn/report/Blowfish_Encrypt_csynth.rpt 
Execute         syn_report -rtlxml -model Blowfish::Encrypt -o /home/jjm469/ece6775/final_project/repo/blowfish/blowfish_pure/blowfish.prj/solution1/syn/report/Blowfish_Encrypt_csynth.xml 
Execute         syn_report -verbosereport -model Blowfish::Encrypt -o /home/jjm469/ece6775/final_project/repo/blowfish/blowfish_pure/blowfish.prj/solution1/.autopilot/db/Blowfish_Encrypt.verbose.rpt 
Execute         db_write -model Blowfish::Encrypt -f -o /home/jjm469/ece6775/final_project/repo/blowfish/blowfish_pure/blowfish.prj/solution1/.autopilot/db/Blowfish_Encrypt.adb 
Execute         gen_tb_info Blowfish::Encrypt -p /home/jjm469/ece6775/final_project/repo/blowfish/blowfish_pure/blowfish.prj/solution1/.autopilot/db -o /home/jjm469/ece6775/final_project/repo/blowfish/blowfish_pure/blowfish.prj/solution1/.autopilot/db/Blowfish_Encrypt 
Execute         export_constraint_db -f -tool general -o /home/jjm469/ece6775/final_project/repo/blowfish/blowfish_pure/blowfish.prj/solution1/.autopilot/db/Blowfish_Encrypt.constraint.tcl 
Execute         syn_report -designview -model Blowfish::Encrypt -o /home/jjm469/ece6775/final_project/repo/blowfish/blowfish_pure/blowfish.prj/solution1/.autopilot/db/Blowfish_Encrypt.design.xml 
Execute         get_config_rtl -disable_wave_debug 
Execute         syn_report -wcfg -model Blowfish::Encrypt -o /home/jjm469/ece6775/final_project/repo/blowfish/blowfish_pure/blowfish.prj/solution1/.autopilot/db/Blowfish_Encrypt_dataflow_ana.wcfg 
Execute         syn_report -protoinst -model Blowfish::Encrypt -o /home/jjm469/ece6775/final_project/repo/blowfish/blowfish_pure/blowfish.prj/solution1/.autopilot/db/Blowfish_Encrypt.protoinst 
Execute         get_config_debug -directory 
Execute         sc_get_clocks Blowfish::Encrypt 
Execute         get_config_export -vivado_clock 
Execute         sc_get_portdomain Blowfish::Encrypt 
INFO-FLOW: Model list for RTL component generation: Blowfish::Encrypt
INFO-FLOW: Handling components in module [Blowfish_Encrypt] ... 
Execute         source /home/jjm469/ece6775/final_project/repo/blowfish/blowfish_pure/blowfish.prj/solution1/.autopilot/db/Blowfish_Encrypt.compgen.tcl 
INFO-FLOW: Found component Blowfish_Encrypt_bkb.
INFO-FLOW: Append model Blowfish_Encrypt_bkb
INFO-FLOW: Append model Blowfish_Encrypt
INFO-FLOW: Generating RTL model list ...
INFO-FLOW: All models in this session: Blowfish_Encrypt_bkb Blowfish_Encrypt
INFO-FLOW: To file: write model Blowfish_Encrypt_bkb
INFO-FLOW: To file: write model Blowfish_Encrypt
INFO-FLOW: Finished generating RTL model list.


INFO-FLOW: RTL Generation done.
INFO-FLOW: CAS Generation done.
INFO-FLOW: CBC Generation done.
Execute         syn_report -model Blowfish::Encrypt -printsummary 
INFO: [HLS 200-790] **** Loop Constraint Status: All loop constraints were satisfied.
INFO: [HLS 200-789] **** Estimated Fmax: 147.08 MHz
INFO-FLOW: DBG:CMD: auto_generate_csynth_design
INFO-FLOW: DBG:CMD:     auto_generate --sim-model -phase csynth_design -d /home/jjm469/ece6775/final_project/repo/blowfish/blowfish_pure/blowfish.prj/solution1
Execute         source /home/jjm469/ece6775/final_project/repo/blowfish/blowfish_pure/blowfish.prj/solution1/.autopilot/db/global.setting.tcl 
INFO-FLOW: DBG:CMD: read_platform_lib /home/jjm469/ece6775/final_project/repo/blowfish/blowfish_pure/blowfish.prj/solution1/.autopilot/db/global.setting.tcl
Execute         source /opt/xilinx/Vivado/2019.2/common/technology/generic/autopilot/common.gen 
Execute           source /opt/xilinx/Vivado/2019.2/common/technology/generic/autopilot/APCoreGen.gen 
Execute         source /opt/xilinx/Vivado/2019.2/common/technology/generic/autopilot/op.gen 
Execute         source /opt/xilinx/Vivado/2019.2/common/technology/generic/autopilot/op_simcore.gen 
Execute         source /opt/xilinx/Vivado/2019.2/common/technology/generic/autopilot/interface.gen 
Execute         source /home/jjm469/ece6775/final_project/repo/blowfish/blowfish_pure/blowfish.prj/solution1/.autopilot/db/global.setting.tcl 
Execute         source /opt/xilinx/Vivado/2019.2/common/technology/xilinx/zynq/zynq.gen 
Execute           source /opt/xilinx/Vivado/2019.2/common/technology/xilinx/common/xilinx.gen 
Execute             source /opt/xilinx/Vivado/2019.2/common/technology/xilinx/interface/plb46.gen 
Execute             source /opt/xilinx/Vivado/2019.2/common/technology/xilinx/interface/fsl.gen 
Execute             source /opt/xilinx/Vivado/2019.2/common/technology/xilinx/interface/axi4.gen 
Execute             source /opt/xilinx/Vivado/2019.2/common/technology/xilinx/interface/nativeAXI4.gen 
Execute               source /opt/xilinx/Vivado/2019.2/common/technology/xilinx/interface/saxilite.gen 
Execute               source /opt/xilinx/Vivado/2019.2/common/technology/xilinx/interface/maxi.gen 
Execute             source /opt/xilinx/Vivado/2019.2/common/technology/xilinx/scripts/xilinxcoregen.gen 
Execute             source /opt/xilinx/Vivado/2019.2/common/technology/xilinx/interface/XilEDKCoreGen.gen 
Execute             source /opt/xilinx/Vivado/2019.2/common/technology/xilinx/ip/dds_compiler.gen 
Execute             source /opt/xilinx/Vivado/2019.2/common/technology/xilinx/ip/util.gen 
Execute             source /opt/xilinx/Vivado/2019.2/common/technology/xilinx/ip/xfft.gen 
Execute             source /opt/xilinx/Vivado/2019.2/common/technology/xilinx/ip/xfir.gen 
Execute             source /opt/xilinx/Vivado/2019.2/common/technology/xilinx/common/dsp48.gen 
Execute         source /opt/xilinx/Vivado/2019.2/common/technology/xilinx/zynq/zynq_fpv6.gen 
Execute           source /opt/xilinx/Vivado/2019.2/common/technology/xilinx/common/xilinx_fp.gen 
INFO-FLOW: DBG:CMD:   using AESL_AUTOCG::g_clock_period=10.000 (was NA)
INFO-FLOW: DBG:CMD:       generate_ip_cores sim=1 export=0 expOnly=0 dstVlogDir=syn/verilog
Execute         source /home/jjm469/ece6775/final_project/repo/blowfish/blowfish_pure/blowfish.prj/solution1/.autopilot/db/global.setting.tcl 
Execute         ap_part_info -name xc7z020-clg484-1 -data names -quiet 
Execute         ap_part_info -name xc7z020-clg484-1 -data info -quiet 
Execute         source /home/jjm469/ece6775/final_project/repo/blowfish/blowfish_pure/blowfish.prj/solution1/.autopilot/db/global.setting.tcl 
Execute         source /home/jjm469/ece6775/final_project/repo/blowfish/blowfish_pure/blowfish.prj/solution1/.autopilot/db/global.setting.tcl 
Execute         source /home/jjm469/ece6775/final_project/repo/blowfish/blowfish_pure/blowfish.prj/solution1/.autopilot/db/Blowfish_Encrypt.compgen.tcl 
WARNING: [RTMG 210-274] Memory 'Blowfish_Encrypt_bkb' is read-only, switch it to a ROM.
Execute           ap_part_info -name xc7z020-clg484-1 -data names -quiet 
Execute           ap_part_info -name xc7z020-clg484-1 -data info -quiet 
INFO: [RTMG 210-279] Implementing memory 'Blowfish_Encrypt_bkb_rom' using distributed ROMs.
Execute           ap_part_info -name xc7z020-clg484-1 -data names -quiet 
Execute           ap_part_info -name xc7z020-clg484-1 -data info -quiet 
Execute           ap_part_info -name xc7z020-clg484-1 -data names -quiet 
Execute           ap_part_info -name xc7z020-clg484-1 -data info -quiet 
INFO-FLOW: DBG:CMD:     auto_generate -export -impltomg_flag -rtl both -tool Vivado -pcore_version 1.00.a -phase csynth_design -d /home/jjm469/ece6775/final_project/repo/blowfish/blowfish_pure/blowfish.prj/solution1
Execute         source /home/jjm469/ece6775/final_project/repo/blowfish/blowfish_pure/blowfish.prj/solution1/.autopilot/db/global.setting.tcl 
INFO-FLOW: DBG:CMD: read_platform_lib /home/jjm469/ece6775/final_project/repo/blowfish/blowfish_pure/blowfish.prj/solution1/.autopilot/db/global.setting.tcl
Execute         source /opt/xilinx/Vivado/2019.2/common/technology/generic/autopilot/common.gen 
Execute           source /opt/xilinx/Vivado/2019.2/common/technology/generic/autopilot/APCoreGen.gen 
Execute         source /opt/xilinx/Vivado/2019.2/common/technology/generic/autopilot/op.gen 
Execute         source /opt/xilinx/Vivado/2019.2/common/technology/generic/autopilot/op_simcore.gen 
Execute         source /opt/xilinx/Vivado/2019.2/common/technology/generic/autopilot/interface.gen 
Execute         source /home/jjm469/ece6775/final_project/repo/blowfish/blowfish_pure/blowfish.prj/solution1/.autopilot/db/global.setting.tcl 
Execute         source /opt/xilinx/Vivado/2019.2/common/technology/xilinx/zynq/zynq.gen 
Execute           source /opt/xilinx/Vivado/2019.2/common/technology/xilinx/common/xilinx.gen 
Execute             source /opt/xilinx/Vivado/2019.2/common/technology/xilinx/interface/plb46.gen 
Execute             source /opt/xilinx/Vivado/2019.2/common/technology/xilinx/interface/fsl.gen 
Execute             source /opt/xilinx/Vivado/2019.2/common/technology/xilinx/interface/axi4.gen 
Execute             source /opt/xilinx/Vivado/2019.2/common/technology/xilinx/interface/nativeAXI4.gen 
Execute               source /opt/xilinx/Vivado/2019.2/common/technology/xilinx/interface/saxilite.gen 
Execute               source /opt/xilinx/Vivado/2019.2/common/technology/xilinx/interface/maxi.gen 
Execute             source /opt/xilinx/Vivado/2019.2/common/technology/xilinx/scripts/xilinxcoregen.gen 
Execute             source /opt/xilinx/Vivado/2019.2/common/technology/xilinx/interface/XilEDKCoreGen.gen 
Execute             source /opt/xilinx/Vivado/2019.2/common/technology/xilinx/ip/dds_compiler.gen 
Execute             source /opt/xilinx/Vivado/2019.2/common/technology/xilinx/ip/util.gen 
Execute             source /opt/xilinx/Vivado/2019.2/common/technology/xilinx/ip/xfft.gen 
Execute             source /opt/xilinx/Vivado/2019.2/common/technology/xilinx/ip/xfir.gen 
Execute             source /opt/xilinx/Vivado/2019.2/common/technology/xilinx/common/dsp48.gen 
Execute         source /opt/xilinx/Vivado/2019.2/common/technology/xilinx/zynq/zynq_fpv6.gen 
Execute           source /opt/xilinx/Vivado/2019.2/common/technology/xilinx/common/xilinx_fp.gen 
INFO-FLOW: DBG:CMD:       initCTypeInfo top_module=Blowfish_Encrypt xml_exists=0
Execute         source /home/jjm469/ece6775/final_project/repo/blowfish/blowfish_pure/blowfish.prj/solution1/.autopilot/db/Blowfish_Encrypt.rtl_wrap.cfg.tcl 
Execute         source /home/jjm469/ece6775/final_project/repo/blowfish/blowfish_pure/blowfish.prj/solution1/.autopilot/db/Blowfish_Encrypt.rtl_wrap.cfg.tcl 
Execute         source /home/jjm469/ece6775/final_project/repo/blowfish/blowfish_pure/blowfish.prj/solution1/.autopilot/db/Blowfish_Encrypt.rtl_wrap.cfg.tcl 
Execute         source /home/jjm469/ece6775/final_project/repo/blowfish/blowfish_pure/blowfish.prj/solution1/.autopilot/db/Blowfish_Encrypt.tbgen.tcl 
Execute         source /home/jjm469/ece6775/final_project/repo/blowfish/blowfish_pure/blowfish.prj/solution1/.autopilot/db/Blowfish_Encrypt.tbgen.tcl 
INFO-FLOW: DBG:CMD:         dump_ctype_info_xml failed
INFO-FLOW: DBG:CMD:       export_impl_rtl
INFO-FLOW: DBG:CMD:       generate_ip_cores sim=0 export=0 expOnly=0 dstVlogDir=impl/.verilog
Execute         source /home/jjm469/ece6775/final_project/repo/blowfish/blowfish_pure/blowfish.prj/solution1/.autopilot/db/global.setting.tcl 
Execute         source /home/jjm469/ece6775/final_project/repo/blowfish/blowfish_pure/blowfish.prj/solution1/.autopilot/db/Blowfish_Encrypt.compgen.tcl 
INFO-FLOW: DBG:CMD:       generate_ip_cores sim=0 export=1 expOnly=1 dstVlogDir=impl/.pcores/verilog
Execute         source /home/jjm469/ece6775/final_project/repo/blowfish/blowfish_pure/blowfish.prj/solution1/.autopilot/db/global.setting.tcl 
Execute         source /home/jjm469/ece6775/final_project/repo/blowfish/blowfish_pure/blowfish.prj/solution1/.autopilot/db/Blowfish_Encrypt.compgen.tcl 
Execute           ap_part_info -name xc7z020-clg484-1 -data names -quiet 
Execute           ap_part_info -name xc7z020-clg484-1 -data info -quiet 
Execute           ap_part_info -name xc7z020-clg484-1 -data names -quiet 
Execute           ap_part_info -name xc7z020-clg484-1 -data info -quiet 
Execute           source /home/jjm469/ece6775/final_project/repo/blowfish/blowfish_pure/blowfish.prj/solution1/.autopilot/db/Blowfish_Encrypt.tbgen.tcl 
Execute           source /home/jjm469/ece6775/final_project/repo/blowfish/blowfish_pure/blowfish.prj/solution1/.autopilot/db/Blowfish_Encrypt.tbgen.tcl 
Execute           source /home/jjm469/ece6775/final_project/repo/blowfish/blowfish_pure/blowfish.prj/solution1/.autopilot/db/Blowfish_Encrypt.tbgen.tcl 
Execute           ap_part_info -name xc7z020-clg484-1 -data names -quiet 
Execute           ap_part_info -name xc7z020-clg484-1 -data info -quiet 
Execute           ap_part_info -name xc7z020-clg484-1 -data names -quiet 
Execute           ap_part_info -name xc7z020-clg484-1 -data info -quiet 
Execute           ap_part_info -name xc7z020-clg484-1 -data names -quiet 
Execute           ap_part_info -name xc7z020-clg484-1 -data info -quiet 
Execute           ap_part_info -name xc7z020-clg484-1 -data names -quiet 
Execute           ap_part_info -name xc7z020-clg484-1 -data info -quiet 
Execute           ap_part_info -name xc7z020-clg484-1 -data names -quiet 
Execute           ap_part_info -name xc7z020-clg484-1 -data info -quiet 
Execute         ap_part_info -name xc7z020-clg484-1 -data names -quiet 
Execute         ap_part_info -name xc7z020-clg484-1 -data info -quiet 
INFO-FLOW: DBG:CMD:       generate_ip_cores sim=0 export=0 expOnly=0 dstVlogDir=impl/.pcores/verilog_sim
Execute         source /home/jjm469/ece6775/final_project/repo/blowfish/blowfish_pure/blowfish.prj/solution1/.autopilot/db/global.setting.tcl 
Execute         source /home/jjm469/ece6775/final_project/repo/blowfish/blowfish_pure/blowfish.prj/solution1/.autopilot/db/Blowfish_Encrypt.compgen.tcl 
Execute         ap_part_info -name xc7z020-clg484-1 -data names -quiet 
Execute         ap_part_info -name xc7z020-clg484-1 -data info -quiet 
Execute         ap_part_info -name xc7z020-clg484-1 -data names -quiet 
Execute         ap_part_info -name xc7z020-clg484-1 -data info -quiet 
Execute         source /home/jjm469/ece6775/final_project/repo/blowfish/blowfish_pure/blowfish.prj/solution1/.autopilot/db/global.setting.tcl 
Execute         ap_part_info -name xc7z020-clg484-1 -data names -quiet 
Execute         ap_part_info -name xc7z020-clg484-1 -data info -quiet 
Execute         source /home/jjm469/ece6775/final_project/repo/blowfish/blowfish_pure/blowfish.prj/solution1/.autopilot/db/Blowfish_Encrypt.constraint.tcl 
Execute         source /home/jjm469/ece6775/final_project/repo/blowfish/blowfish_pure/blowfish.prj/solution1/.autopilot/db/Blowfish_Encrypt.tbgen.tcl 
INFO-FLOW: DBG:CMD:       hasPcoreIpAdapter=false #gSsdmPorts=8
INFO-FLOW: DBG:CMD: Skipping loadAnalyze_DB, #g_database=2
INFO-FLOW: DBG:CMD:       generate_json is_phase_csynth=1 g_has_adaptors=false generate_bd_files=0 #modelList=2 #gSsdmPorts=8
Execute         source /opt/xilinx/Vivado/2019.2/tps/tcl/tcllib1.11.1/fileutil/fileutil.tcl 
Execute         source /home/jjm469/ece6775/final_project/repo/blowfish/blowfish_pure/blowfish.prj/solution1/.autopilot/db/global.setting.tcl 
Execute         source /home/jjm469/ece6775/final_project/repo/blowfish/blowfish_pure/blowfish.prj/solution1/.autopilot/db/global.setting.tcl 
Execute         get_config_export -xo 
Execute         source /home/jjm469/ece6775/final_project/repo/blowfish/blowfish_pure/blowfish.prj/solution1/.autopilot/db/Blowfish_Encrypt.tbgen.tcl 
INFO-FLOW: DBG:CMD:       initCTypeInfo top_module=Blowfish_Encrypt xml_exists=0
Execute         source /home/jjm469/ece6775/final_project/repo/blowfish/blowfish_pure/blowfish.prj/solution1/.autopilot/db/Blowfish_Encrypt.rtl_wrap.cfg.tcl 
Execute         source /home/jjm469/ece6775/final_project/repo/blowfish/blowfish_pure/blowfish.prj/solution1/.autopilot/db/Blowfish_Encrypt.rtl_wrap.cfg.tcl 
Execute         source /home/jjm469/ece6775/final_project/repo/blowfish/blowfish_pure/blowfish.prj/solution1/.autopilot/db/Blowfish_Encrypt.rtl_wrap.cfg.tcl 
Execute         source /home/jjm469/ece6775/final_project/repo/blowfish/blowfish_pure/blowfish.prj/solution1/.autopilot/db/Blowfish_Encrypt.tbgen.tcl 
Execute         source /home/jjm469/ece6775/final_project/repo/blowfish/blowfish_pure/blowfish.prj/solution1/.autopilot/db/Blowfish_Encrypt.tbgen.tcl 
INFO-FLOW: DBG:CMD:         dump_ctype_info_xml failed
INFO-FLOW: DBG:CMD:       initCTypeInfo top_module=Blowfish_Encrypt xml_exists=0
Execute         source /home/jjm469/ece6775/final_project/repo/blowfish/blowfish_pure/blowfish.prj/solution1/.autopilot/db/Blowfish_Encrypt.rtl_wrap.cfg.tcl 
Execute         source /home/jjm469/ece6775/final_project/repo/blowfish/blowfish_pure/blowfish.prj/solution1/.autopilot/db/Blowfish_Encrypt.rtl_wrap.cfg.tcl 
Execute         source /home/jjm469/ece6775/final_project/repo/blowfish/blowfish_pure/blowfish.prj/solution1/.autopilot/db/Blowfish_Encrypt.rtl_wrap.cfg.tcl 
Execute         source /home/jjm469/ece6775/final_project/repo/blowfish/blowfish_pure/blowfish.prj/solution1/.autopilot/db/Blowfish_Encrypt.tbgen.tcl 
Execute         source /home/jjm469/ece6775/final_project/repo/blowfish/blowfish_pure/blowfish.prj/solution1/.autopilot/db/Blowfish_Encrypt.tbgen.tcl 
INFO-FLOW: DBG:CMD:         dump_ctype_info_xml failed
INFO-FLOW: DBG:CMD:       initCTypeInfo top_module=Blowfish_Encrypt xml_exists=0
Execute         source /home/jjm469/ece6775/final_project/repo/blowfish/blowfish_pure/blowfish.prj/solution1/.autopilot/db/Blowfish_Encrypt.rtl_wrap.cfg.tcl 
Execute         source /home/jjm469/ece6775/final_project/repo/blowfish/blowfish_pure/blowfish.prj/solution1/.autopilot/db/Blowfish_Encrypt.rtl_wrap.cfg.tcl 
Execute         source /home/jjm469/ece6775/final_project/repo/blowfish/blowfish_pure/blowfish.prj/solution1/.autopilot/db/Blowfish_Encrypt.rtl_wrap.cfg.tcl 
Execute         source /home/jjm469/ece6775/final_project/repo/blowfish/blowfish_pure/blowfish.prj/solution1/.autopilot/db/Blowfish_Encrypt.tbgen.tcl 
Execute         source /home/jjm469/ece6775/final_project/repo/blowfish/blowfish_pure/blowfish.prj/solution1/.autopilot/db/Blowfish_Encrypt.tbgen.tcl 
INFO-FLOW: DBG:CMD:         dump_ctype_info_xml failed
INFO-FLOW: DBG:CMD:       initCTypeInfo top_module=Blowfish_Encrypt xml_exists=0
Execute         source /home/jjm469/ece6775/final_project/repo/blowfish/blowfish_pure/blowfish.prj/solution1/.autopilot/db/Blowfish_Encrypt.rtl_wrap.cfg.tcl 
Execute         source /home/jjm469/ece6775/final_project/repo/blowfish/blowfish_pure/blowfish.prj/solution1/.autopilot/db/Blowfish_Encrypt.rtl_wrap.cfg.tcl 
Execute         source /home/jjm469/ece6775/final_project/repo/blowfish/blowfish_pure/blowfish.prj/solution1/.autopilot/db/Blowfish_Encrypt.rtl_wrap.cfg.tcl 
Execute         source /home/jjm469/ece6775/final_project/repo/blowfish/blowfish_pure/blowfish.prj/solution1/.autopilot/db/Blowfish_Encrypt.tbgen.tcl 
Execute         source /home/jjm469/ece6775/final_project/repo/blowfish/blowfish_pure/blowfish.prj/solution1/.autopilot/db/Blowfish_Encrypt.tbgen.tcl 
INFO-FLOW: DBG:CMD:         dump_ctype_info_xml failed
INFO-FLOW: DBG:CMD:       initCTypeInfo top_module=Blowfish_Encrypt xml_exists=0
Execute         source /home/jjm469/ece6775/final_project/repo/blowfish/blowfish_pure/blowfish.prj/solution1/.autopilot/db/Blowfish_Encrypt.rtl_wrap.cfg.tcl 
Execute         source /home/jjm469/ece6775/final_project/repo/blowfish/blowfish_pure/blowfish.prj/solution1/.autopilot/db/Blowfish_Encrypt.rtl_wrap.cfg.tcl 
Execute         source /home/jjm469/ece6775/final_project/repo/blowfish/blowfish_pure/blowfish.prj/solution1/.autopilot/db/Blowfish_Encrypt.rtl_wrap.cfg.tcl 
Execute         source /home/jjm469/ece6775/final_project/repo/blowfish/blowfish_pure/blowfish.prj/solution1/.autopilot/db/Blowfish_Encrypt.tbgen.tcl 
Execute         source /home/jjm469/ece6775/final_project/repo/blowfish/blowfish_pure/blowfish.prj/solution1/.autopilot/db/Blowfish_Encrypt.tbgen.tcl 
INFO-FLOW: DBG:CMD:         dump_ctype_info_xml failed
INFO-FLOW: DBG:CMD:       initCTypeInfo top_module=Blowfish_Encrypt xml_exists=0
Execute         source /home/jjm469/ece6775/final_project/repo/blowfish/blowfish_pure/blowfish.prj/solution1/.autopilot/db/Blowfish_Encrypt.rtl_wrap.cfg.tcl 
Execute         source /home/jjm469/ece6775/final_project/repo/blowfish/blowfish_pure/blowfish.prj/solution1/.autopilot/db/Blowfish_Encrypt.rtl_wrap.cfg.tcl 
Execute         source /home/jjm469/ece6775/final_project/repo/blowfish/blowfish_pure/blowfish.prj/solution1/.autopilot/db/Blowfish_Encrypt.rtl_wrap.cfg.tcl 
Execute         source /home/jjm469/ece6775/final_project/repo/blowfish/blowfish_pure/blowfish.prj/solution1/.autopilot/db/Blowfish_Encrypt.tbgen.tcl 
Execute         source /home/jjm469/ece6775/final_project/repo/blowfish/blowfish_pure/blowfish.prj/solution1/.autopilot/db/Blowfish_Encrypt.tbgen.tcl 
INFO-FLOW: DBG:CMD:         dump_ctype_info_xml failed
INFO-FLOW: DBG:CMD:       initCTypeInfo top_module=Blowfish_Encrypt xml_exists=0
Execute         source /home/jjm469/ece6775/final_project/repo/blowfish/blowfish_pure/blowfish.prj/solution1/.autopilot/db/Blowfish_Encrypt.rtl_wrap.cfg.tcl 
Execute         source /home/jjm469/ece6775/final_project/repo/blowfish/blowfish_pure/blowfish.prj/solution1/.autopilot/db/Blowfish_Encrypt.rtl_wrap.cfg.tcl 
Execute         source /home/jjm469/ece6775/final_project/repo/blowfish/blowfish_pure/blowfish.prj/solution1/.autopilot/db/Blowfish_Encrypt.rtl_wrap.cfg.tcl 
Execute         source /home/jjm469/ece6775/final_project/repo/blowfish/blowfish_pure/blowfish.prj/solution1/.autopilot/db/Blowfish_Encrypt.tbgen.tcl 
Execute         source /home/jjm469/ece6775/final_project/repo/blowfish/blowfish_pure/blowfish.prj/solution1/.autopilot/db/Blowfish_Encrypt.tbgen.tcl 
INFO-FLOW: DBG:CMD:         dump_ctype_info_xml failed
INFO-FLOW: DBG:CMD:       initCTypeInfo top_module=Blowfish_Encrypt xml_exists=0
Execute         source /home/jjm469/ece6775/final_project/repo/blowfish/blowfish_pure/blowfish.prj/solution1/.autopilot/db/Blowfish_Encrypt.rtl_wrap.cfg.tcl 
Execute         source /home/jjm469/ece6775/final_project/repo/blowfish/blowfish_pure/blowfish.prj/solution1/.autopilot/db/Blowfish_Encrypt.rtl_wrap.cfg.tcl 
Execute         source /home/jjm469/ece6775/final_project/repo/blowfish/blowfish_pure/blowfish.prj/solution1/.autopilot/db/Blowfish_Encrypt.rtl_wrap.cfg.tcl 
Execute         source /home/jjm469/ece6775/final_project/repo/blowfish/blowfish_pure/blowfish.prj/solution1/.autopilot/db/Blowfish_Encrypt.tbgen.tcl 
Execute         source /home/jjm469/ece6775/final_project/repo/blowfish/blowfish_pure/blowfish.prj/solution1/.autopilot/db/Blowfish_Encrypt.tbgen.tcl 
INFO-FLOW: DBG:CMD:         dump_ctype_info_xml failed
INFO-FLOW: DBG:CMD:       initCTypeInfo top_module=Blowfish_Encrypt xml_exists=0
Execute         source /home/jjm469/ece6775/final_project/repo/blowfish/blowfish_pure/blowfish.prj/solution1/.autopilot/db/Blowfish_Encrypt.rtl_wrap.cfg.tcl 
Execute         source /home/jjm469/ece6775/final_project/repo/blowfish/blowfish_pure/blowfish.prj/solution1/.autopilot/db/Blowfish_Encrypt.rtl_wrap.cfg.tcl 
Execute         source /home/jjm469/ece6775/final_project/repo/blowfish/blowfish_pure/blowfish.prj/solution1/.autopilot/db/Blowfish_Encrypt.rtl_wrap.cfg.tcl 
Execute         source /home/jjm469/ece6775/final_project/repo/blowfish/blowfish_pure/blowfish.prj/solution1/.autopilot/db/Blowfish_Encrypt.tbgen.tcl 
Execute         source /home/jjm469/ece6775/final_project/repo/blowfish/blowfish_pure/blowfish.prj/solution1/.autopilot/db/Blowfish_Encrypt.tbgen.tcl 
INFO-FLOW: DBG:CMD:         dump_ctype_info_xml failed
INFO-FLOW: DBG:CMD:       initCTypeInfo top_module=Blowfish_Encrypt xml_exists=0
Execute         source /home/jjm469/ece6775/final_project/repo/blowfish/blowfish_pure/blowfish.prj/solution1/.autopilot/db/Blowfish_Encrypt.rtl_wrap.cfg.tcl 
Execute         source /home/jjm469/ece6775/final_project/repo/blowfish/blowfish_pure/blowfish.prj/solution1/.autopilot/db/Blowfish_Encrypt.rtl_wrap.cfg.tcl 
Execute         source /home/jjm469/ece6775/final_project/repo/blowfish/blowfish_pure/blowfish.prj/solution1/.autopilot/db/Blowfish_Encrypt.rtl_wrap.cfg.tcl 
Execute         source /home/jjm469/ece6775/final_project/repo/blowfish/blowfish_pure/blowfish.prj/solution1/.autopilot/db/Blowfish_Encrypt.tbgen.tcl 
Execute         source /home/jjm469/ece6775/final_project/repo/blowfish/blowfish_pure/blowfish.prj/solution1/.autopilot/db/Blowfish_Encrypt.tbgen.tcl 
INFO-FLOW: DBG:CMD:         dump_ctype_info_xml failed
INFO-FLOW: DBG:CMD:       initCTypeInfo top_module=Blowfish_Encrypt xml_exists=0
Execute         source /home/jjm469/ece6775/final_project/repo/blowfish/blowfish_pure/blowfish.prj/solution1/.autopilot/db/Blowfish_Encrypt.rtl_wrap.cfg.tcl 
Execute         source /home/jjm469/ece6775/final_project/repo/blowfish/blowfish_pure/blowfish.prj/solution1/.autopilot/db/Blowfish_Encrypt.rtl_wrap.cfg.tcl 
Execute         source /home/jjm469/ece6775/final_project/repo/blowfish/blowfish_pure/blowfish.prj/solution1/.autopilot/db/Blowfish_Encrypt.rtl_wrap.cfg.tcl 
Execute         source /home/jjm469/ece6775/final_project/repo/blowfish/blowfish_pure/blowfish.prj/solution1/.autopilot/db/Blowfish_Encrypt.tbgen.tcl 
Execute         source /home/jjm469/ece6775/final_project/repo/blowfish/blowfish_pure/blowfish.prj/solution1/.autopilot/db/Blowfish_Encrypt.tbgen.tcl 
INFO-FLOW: DBG:CMD:         dump_ctype_info_xml failed
Execute         source /home/jjm469/ece6775/final_project/repo/blowfish/blowfish_pure/blowfish.prj/solution1/.autopilot/db/Blowfish_Encrypt.tbgen.tcl 
Execute         source /home/jjm469/ece6775/final_project/repo/blowfish/blowfish_pure/blowfish.prj/solution1/.autopilot/db/Blowfish_Encrypt.tbgen.tcl 
Execute         source /home/jjm469/ece6775/final_project/repo/blowfish/blowfish_pure/blowfish.prj/solution1/.autopilot/db/Blowfish_Encrypt.tbgen.tcl 
Execute         source /home/jjm469/ece6775/final_project/repo/blowfish/blowfish_pure/blowfish.prj/solution1/.autopilot/db/Blowfish_Encrypt.tbgen.tcl 
Execute         source /home/jjm469/ece6775/final_project/repo/blowfish/blowfish_pure/blowfish.prj/solution1/.autopilot/db/Blowfish_Encrypt.tbgen.tcl 
Execute         source /home/jjm469/ece6775/final_project/repo/blowfish/blowfish_pure/blowfish.prj/solution1/.autopilot/db/global.setting.tcl 
Execute         get_config_sdx -target 
Execute         source /home/jjm469/ece6775/final_project/repo/blowfish/blowfish_pure/blowfish.prj/solution1/.autopilot/db/Blowfish_Encrypt.rtl_wrap.cfg.tcl 
Execute         source /home/jjm469/ece6775/final_project/repo/blowfish/blowfish_pure/blowfish.prj/solution1/.autopilot/db/Blowfish_Encrypt.compgen.dataonly.tcl 
Execute         source /home/jjm469/ece6775/final_project/repo/blowfish/blowfish_pure/blowfish.prj/solution1/.autopilot/db/global.setting.tcl 
Execute         ap_part_info -name xc7z020-clg484-1 -data names -quiet 
Execute         ap_part_info -name xc7z020-clg484-1 -data info -quiet 
Execute         source /home/jjm469/ece6775/final_project/repo/blowfish/blowfish_pure/blowfish.prj/solution1/.autopilot/db/Blowfish_Encrypt.constraint.tcl 
Execute         sc_get_clocks Blowfish_Encrypt 
Execute         ap_part_info -name xc7z020-clg484-1 -data names -quiet 
Execute         ap_part_info -name xc7z020-clg484-1 -data info -quiet 
Execute         source /home/jjm469/ece6775/final_project/repo/blowfish/blowfish_pure/blowfish.prj/solution1/.autopilot/db/global.setting.tcl 
Execute         get_config_debug -directory 
Execute         source /home/jjm469/ece6775/final_project/repo/blowfish/blowfish_pure/blowfish.prj/solution1/.autopilot/db/Blowfish_Encrypt.tbgen.tcl 
Execute         get_config_sdx -target 
Execute         get_config_sdx -profile 
Execute         get_config_rtl -kernel_profile 
Execute         get_config_rtl -stall_sig_gen 
Execute         get_config_rtl -profile 
INFO-FLOW: DBG:CMD: add_json_sdx_info kernel file does not exist, skipping opencl info: /home/jjm469/ece6775/final_project/repo/blowfish/blowfish_pure/blowfish.prj/solution1/.autopilot/db/kernel.internal.xml
INFO-FLOW: DBG:CMD:       delete-temp-dirs (skipped for debug)
INFO: [HLS 200-111] Finished generating all RTL models Time (s): cpu = 00:00:06 ; elapsed = 00:00:08 . Memory (MB): peak = 1182.004 ; gain = 543.980 ; free physical = 1038 ; free virtual = 27241
INFO: [VHDL 208-304] Generating VHDL RTL for Blowfish_Encrypt.
INFO: [VLOG 209-307] Generating Verilog RTL for Blowfish_Encrypt.
Command       autosyn done; 1.08 sec.
Command     csynth_design done; 5.76 sec.
Execute     cosim_design 
Execute       source /home/jjm469/ece6775/final_project/repo/blowfish/blowfish_pure/blowfish.prj/solution1/.autopilot/db/global.setting.tcl 
Execute       source /home/jjm469/ece6775/final_project/repo/blowfish/blowfish_pure/blowfish.prj/solution1/.autopilot/db/global.setting.tcl 
Execute       source /home/jjm469/ece6775/final_project/repo/blowfish/blowfish_pure/blowfish.prj/solution1/.autopilot/db/global.setting.tcl 
INFO-FLOW: DBG:CMD: read_platform_lib /home/jjm469/ece6775/final_project/repo/blowfish/blowfish_pure/blowfish.prj/solution1/.autopilot/db/global.setting.tcl
Execute       source /opt/xilinx/Vivado/2019.2/common/technology/generic/autopilot/common.gen 
Execute         source /opt/xilinx/Vivado/2019.2/common/technology/generic/autopilot/APCoreGen.gen 
Execute       source /opt/xilinx/Vivado/2019.2/common/technology/generic/autopilot/op.gen 
Execute       source /opt/xilinx/Vivado/2019.2/common/technology/generic/autopilot/op_simcore.gen 
Execute       source /opt/xilinx/Vivado/2019.2/common/technology/generic/autopilot/interface.gen 
Execute       source /home/jjm469/ece6775/final_project/repo/blowfish/blowfish_pure/blowfish.prj/solution1/.autopilot/db/global.setting.tcl 
Execute       source /opt/xilinx/Vivado/2019.2/common/technology/xilinx/zynq/zynq.gen 
Execute         source /opt/xilinx/Vivado/2019.2/common/technology/xilinx/common/xilinx.gen 
Execute           source /opt/xilinx/Vivado/2019.2/common/technology/xilinx/interface/plb46.gen 
Execute           source /opt/xilinx/Vivado/2019.2/common/technology/xilinx/interface/fsl.gen 
Execute           source /opt/xilinx/Vivado/2019.2/common/technology/xilinx/interface/axi4.gen 
Execute           source /opt/xilinx/Vivado/2019.2/common/technology/xilinx/interface/nativeAXI4.gen 
Execute             source /opt/xilinx/Vivado/2019.2/common/technology/xilinx/interface/saxilite.gen 
Execute             source /opt/xilinx/Vivado/2019.2/common/technology/xilinx/interface/maxi.gen 
Execute           source /opt/xilinx/Vivado/2019.2/common/technology/xilinx/scripts/xilinxcoregen.gen 
Execute           source /opt/xilinx/Vivado/2019.2/common/technology/xilinx/interface/XilEDKCoreGen.gen 
Execute           source /opt/xilinx/Vivado/2019.2/common/technology/xilinx/ip/dds_compiler.gen 
Execute           source /opt/xilinx/Vivado/2019.2/common/technology/xilinx/ip/util.gen 
Execute           source /opt/xilinx/Vivado/2019.2/common/technology/xilinx/ip/xfft.gen 
Execute           source /opt/xilinx/Vivado/2019.2/common/technology/xilinx/ip/xfir.gen 
Execute           source /opt/xilinx/Vivado/2019.2/common/technology/xilinx/common/dsp48.gen 
Execute       source /opt/xilinx/Vivado/2019.2/common/technology/xilinx/zynq/zynq_fpv6.gen 
Execute         source /opt/xilinx/Vivado/2019.2/common/technology/xilinx/common/xilinx_fp.gen 
Execute       ap_part_info -name xc7z020-clg484-1 -data names -quiet 
Execute       ap_part_info -name xc7z020-clg484-1 -data info -quiet 
Execute       source /home/jjm469/ece6775/final_project/repo/blowfish/blowfish_pure/blowfish.prj/solution1/.autopilot/db/global.setting.tcl 
Execute       source /home/jjm469/ece6775/final_project/repo/blowfish/blowfish_pure/blowfish.prj/solution1/.autopilot/db/Blowfish_Encrypt.rtl_wrap.cfg.tcl 
Execute       source /home/jjm469/ece6775/final_project/repo/blowfish/blowfish_pure/blowfish.prj/solution1/.autopilot/db/Blowfish_Encrypt.tbgen.tcl 
Execute       is_encrypted /home/jjm469/ece6775/final_project/repo/blowfish/blowfish_pure/test_vivado.cpp 
Execute       is_encrypted /home/jjm469/ece6775/final_project/repo/blowfish/blowfish_pure/initial_data.h 
Execute       is_encrypted /home/jjm469/ece6775/final_project/repo/blowfish/blowfish_pure/blowfish.h 
Execute       is_encrypted /home/jjm469/ece6775/final_project/repo/blowfish/blowfish_pure/blowfish.cpp 
Execute       source /home/jjm469/ece6775/final_project/repo/blowfish/blowfish_pure/blowfish.prj/solution1/.autopilot/db/Blowfish_Encrypt.tbgen.tcl 
Execute       source /home/jjm469/ece6775/final_project/repo/blowfish/blowfish_pure/blowfish.prj/solution1/.autopilot/db/Blowfish_Encrypt.tbgen.tcl 
INFO: [COSIM 212-47] Using XSIM for RTL simulation.
INFO: [COSIM 212-14] Instrumenting C test bench ...
Execute       ap_part_info -name xc7z020-clg484-1 -data info 
INFO-FLOW: TB processing: /home/jjm469/ece6775/final_project/repo/blowfish/blowfish_pure/test_vivado.cpp /home/jjm469/ece6775/final_project/repo/blowfish/blowfish_pure/blowfish.prj/solution1/./sim/autowrap/testbench/test_vivado.cpp_pre.cpp
Execute       tidy_31 xilinx-tb-xfmat /home/jjm469/ece6775/final_project/repo/blowfish/blowfish_pure/blowfish.prj/solution1/./sim/autowrap/testbench/test_vivado.cpp_pre.cpp std=c++11 
INFO-FLOW: exec /opt/xilinx/Vivado/2019.2/lnx64/tools/clang-3.9-csynth/bin/tidy-3.1 -header-filter=.* -checks=-*,xilinx-tb-xfmat -quiet -fix-errors /home/jjm469/ece6775/final_project/repo/blowfish/blowfish_pure/blowfish.prj/solution1/./sim/autowrap/testbench/test_vivado.cpp_pre.cpp -- -std=c++11 -fhls -ferror-limit=0
Execute       tidy_31 xilinx-tb31-process /home/jjm469/ece6775/final_project/repo/blowfish/blowfish_pure/blowfish.prj/solution1/./sim/autowrap/testbench/test_vivado.cpp_pre.cpp.tb.cpp std=c++11 
INFO-FLOW: exec /opt/xilinx/Vivado/2019.2/lnx64/tools/clang-3.9-csynth/bin/tidy-3.1 -header-filter=.* -checks=-*,xilinx-tb31-process -quiet -fix-errors /home/jjm469/ece6775/final_project/repo/blowfish/blowfish_pure/blowfish.prj/solution1/./sim/autowrap/testbench/test_vivado.cpp_pre.cpp.tb.cpp -- -std=c++11 -fhls -ferror-limit=0
Execute       ap_part_info -name xc7z020-clg484-1 -data info 
INFO-FLOW: TB processing: /home/jjm469/ece6775/final_project/repo/blowfish/blowfish_pure/blowfish.cpp /home/jjm469/ece6775/final_project/repo/blowfish/blowfish_pure/blowfish.prj/solution1/./sim/autowrap/testbench/blowfish.cpp_pre.cpp
Execute       tidy_31 xilinx-tb-xfmat /home/jjm469/ece6775/final_project/repo/blowfish/blowfish_pure/blowfish.prj/solution1/./sim/autowrap/testbench/blowfish.cpp_pre.cpp std=c++11 
INFO-FLOW: exec /opt/xilinx/Vivado/2019.2/lnx64/tools/clang-3.9-csynth/bin/tidy-3.1 -header-filter=.* -checks=-*,xilinx-tb-xfmat -quiet -fix-errors /home/jjm469/ece6775/final_project/repo/blowfish/blowfish_pure/blowfish.prj/solution1/./sim/autowrap/testbench/blowfish.cpp_pre.cpp -- -std=c++11 -fhls -ferror-limit=0
Execute       tidy_31 xilinx-tb31-process /home/jjm469/ece6775/final_project/repo/blowfish/blowfish_pure/blowfish.prj/solution1/./sim/autowrap/testbench/blowfish.cpp_pre.cpp.tb.cpp std=c++11 
INFO-FLOW: exec /opt/xilinx/Vivado/2019.2/lnx64/tools/clang-3.9-csynth/bin/tidy-3.1 -header-filter=.* -checks=-*,xilinx-tb31-process -quiet -fix-errors /home/jjm469/ece6775/final_project/repo/blowfish/blowfish_pure/blowfish.prj/solution1/./sim/autowrap/testbench/blowfish.cpp_pre.cpp.tb.cpp -- -std=c++11 -fhls -ferror-limit=0
Execute       source /home/jjm469/ece6775/final_project/repo/blowfish/blowfish_pure/blowfish.prj/solution1/.autopilot/db/global.setting.tcl 
Execute       source /home/jjm469/ece6775/final_project/repo/blowfish/blowfish_pure/blowfish.prj/solution1/.autopilot/db/Blowfish_Encrypt.rtl_wrap.cfg.tcl 
Execute       source /home/jjm469/ece6775/final_project/repo/blowfish/blowfish_pure/blowfish.prj/solution1/.autopilot/db/Blowfish_Encrypt.rtl_wrap.cfg.tcl 
Execute       source /home/jjm469/ece6775/final_project/repo/blowfish/blowfish_pure/blowfish.prj/solution1/.autopilot/db/Blowfish_Encrypt.rtl_wrap.cfg.tcl 
Execute       source /home/jjm469/ece6775/final_project/repo/blowfish/blowfish_pure/blowfish.prj/solution1/.autopilot/db/Blowfish_Encrypt.tbgen.tcl 
Execute       source /home/jjm469/ece6775/final_project/repo/blowfish/blowfish_pure/blowfish.prj/solution1/.autopilot/db/Blowfish_Encrypt.tbgen.tcl 
ERROR: [COSIM 212-346] C test bench instrumentation failed: Cannot determine C object for RTL port Blowfish_pary_s.
ERROR: [COSIM 212-5] *** C/RTL co-simulation file generation failed. ***
ERROR: [COSIM 212-4] *** C/RTL co-simulation finished: FAIL ***
Command     cosim_design done; error code: 2; 0.35 sec.
Command   ap_source done; error code: 1; 7.96 sec.
Execute   cleanup_all 
