

================================================================
== Vivado HLS Report for 'Blowfish_Encrypt'
================================================================
* Date:           Fri Nov 15 14:03:49 2024

* Version:        2019.2 (Build 2704478 on Wed Nov 06 22:10:23 MST 2019)
* Project:        blowfish.prj
* Solution:       solution1
* Product family: zynq
* Target device:  xc7z020-clg484-1


================================================================
== Performance Estimates
================================================================
+ Timing: 
    * Summary: 
    +--------+----------+----------+------------+
    |  Clock |  Target  | Estimated| Uncertainty|
    +--------+----------+----------+------------+
    |ap_clk  | 10.00 ns | 6.799 ns |   1.25 ns  |
    +--------+----------+----------+------------+

+ Latency: 
    * Summary: 
    +---------+---------+----------+----------+-----+-----+---------+
    |  Latency (cycles) |  Latency (absolute) |  Interval | Pipeline|
    |   min   |   max   |    min   |    max   | min | max |   Type  |
    +---------+---------+----------+----------+-----+-----+---------+
    |       89|       89| 0.890 us | 0.890 us |   89|   89|   none  |
    +---------+---------+----------+----------+-----+-----+---------+

    + Detail: 
        * Instance: 
        N/A

        * Loop: 
        +-----------------+---------+---------+----------+-----------+-----------+------+----------+
        |                 |  Latency (cycles) | Iteration|  Initiation Interval  | Trip |          |
        |    Loop Name    |   min   |   max   |  Latency |  achieved |   target  | Count| Pipelined|
        +-----------------+---------+---------+----------+-----------+-----------+------+----------+
        |- Loop 1         |       16|       16|         2|          -|          -|     8|    no    |
        |- ENCRYPTBLOCK1  |       64|       64|         4|          -|          -|    16|    no    |
        +-----------------+---------+---------+----------+-----------+-----------+------+----------+

============================================================
+ Verbose Summary: Synthesis Manager
============================================================
InlineROM: 1
ExposeGlobal: 0
============================================================
+ Verbose Summary: CDFG Model
============================================================
IsTopModel: 1
ResetActiveHigh: 1
IsCombinational: 0
IsDatapathOnly: 0
HasWiredReturn: 1
HasMFsm: 0
HasVarLatency: 1
IsPipeline: 0
IsRtlPipelined: 0
IsInstanceOverlapped: 0
IsDontTouch: 0
HasImplIP: 0
IsGatedGlobalClock: 0


============================================================
+ Verbose Summary: Schedule
============================================================
* Number of FSM states : 14
* Pipeline : 0
* Dataflow Pipeline: 0

* FSM state transitions: 
1 --> 2 
2 --> 3 4 
3 --> 2 
4 --> 5 
5 --> 6 
6 --> 7 
7 --> 8 
8 --> 9 12 
9 --> 10 
10 --> 11 
11 --> 8 
12 --> 13 
13 --> 14 
14 --> 

* FSM state operations: 

State 1 <SV = 0> <Delay = 1.76>
ST_1 : Operation 15 [1/1] (0.00ns)   --->   "%pary_s = alloca [18 x i32], align 16" [blowfish.cpp:224->blowfish.cpp:133]   --->   Operation 15 'alloca' 'pary_s' <Predicate = true> <Delay = 0.00> <Core = "RAM">   --->   Core 37 'RAM' <Latency = 1> <II = 1> <Delay = 2.32> <Storage> <Opcode : 'load' 'store'> <Ports = 2> <Width = 8> <Depth = 8> <RAM>
ST_1 : Operation 16 [1/1] (0.00ns)   --->   "call void (...)* @_ssdm_op_SpecBitsMap([18 x i32]* %Blowfish_pary_s), !map !24"   --->   Operation 16 'specbitsmap' <Predicate = true> <Delay = 0.00>
ST_1 : Operation 17 [1/1] (0.00ns)   --->   "call void (...)* @_ssdm_op_SpecBitsMap([1024 x i32]* %Blowfish_sbox_s), !map !30"   --->   Operation 17 'specbitsmap' <Predicate = true> <Delay = 0.00>
ST_1 : Operation 18 [1/1] (0.00ns)   --->   "call void (...)* @_ssdm_op_SpecBitsMap([8 x i8]* %dst), !map !37"   --->   Operation 18 'specbitsmap' <Predicate = true> <Delay = 0.00>
ST_1 : Operation 19 [1/1] (0.00ns)   --->   "call void (...)* @_ssdm_op_SpecBitsMap([8 x i8]* %src), !map !43"   --->   Operation 19 'specbitsmap' <Predicate = true> <Delay = 0.00>
ST_1 : Operation 20 [1/1] (0.00ns)   --->   "%dst_addr = getelementptr [8 x i8]* %dst, i64 0, i64 0" [blowfish.cpp:115]   --->   Operation 20 'getelementptr' 'dst_addr' <Predicate = true> <Delay = 0.00>
ST_1 : Operation 21 [1/1] (0.00ns)   --->   "call void (...)* @_ssdm_op_SpecTopModule([18 x i8]* @Blowfish_KD_KD_Encr) nounwind"   --->   Operation 21 'spectopmodule' <Predicate = true> <Delay = 0.00>
ST_1 : Operation 22 [1/1] (1.76ns)   --->   "br label %1" [blowfish.cpp:118]   --->   Operation 22 'br' <Predicate = true> <Delay = 1.76>

State 2 <SV = 1> <Delay = 2.32>
ST_2 : Operation 23 [1/1] (0.00ns)   --->   "%i_0 = phi i4 [ 0, %0 ], [ %i, %2 ]"   --->   Operation 23 'phi' 'i_0' <Predicate = true> <Delay = 0.00>
ST_2 : Operation 24 [1/1] (1.30ns)   --->   "%icmp_ln118 = icmp eq i4 %i_0, -8" [blowfish.cpp:118]   --->   Operation 24 'icmp' 'icmp_ln118' <Predicate = true> <Delay = 1.30> <Core = "Cmp">   --->   Core 25 'Cmp' <Latency = 0> <II = 1> <Delay = 1.36> <FuncUnit> <Opcode : 'icmp'> <InPorts = 2> <OutPorts = 1>
ST_2 : Operation 25 [1/1] (0.00ns)   --->   "%empty = call i32 (...)* @_ssdm_op_SpecLoopTripCount(i64 8, i64 8, i64 8)"   --->   Operation 25 'speclooptripcount' 'empty' <Predicate = true> <Delay = 0.00>
ST_2 : Operation 26 [1/1] (1.73ns)   --->   "%i = add i4 %i_0, 1" [blowfish.cpp:118]   --->   Operation 26 'add' 'i' <Predicate = true> <Delay = 1.73> <Core = "AddSub">   --->   Core 14 'AddSub' <Latency = 0> <II = 1> <Delay = 2.55> <FuncUnit> <Opcode : 'add' 'sub'> <InPorts = 2> <OutPorts = 1>
ST_2 : Operation 27 [1/1] (0.00ns)   --->   "br i1 %icmp_ln118, label %3, label %2" [blowfish.cpp:118]   --->   Operation 27 'br' <Predicate = true> <Delay = 0.00>
ST_2 : Operation 28 [1/1] (0.00ns)   --->   "%zext_ln119 = zext i4 %i_0 to i64" [blowfish.cpp:119]   --->   Operation 28 'zext' 'zext_ln119' <Predicate = (!icmp_ln118)> <Delay = 0.00>
ST_2 : Operation 29 [1/1] (0.00ns)   --->   "%src_addr = getelementptr [8 x i8]* %src, i64 0, i64 %zext_ln119" [blowfish.cpp:119]   --->   Operation 29 'getelementptr' 'src_addr' <Predicate = (!icmp_ln118)> <Delay = 0.00>
ST_2 : Operation 30 [2/2] (2.32ns)   --->   "%src_load = load i8* %src_addr, align 1" [blowfish.cpp:119]   --->   Operation 30 'load' 'src_load' <Predicate = (!icmp_ln118)> <Delay = 2.32> <Core = "RAM">   --->   Core 37 'RAM' <Latency = 1> <II = 1> <Delay = 2.32> <Storage> <Opcode : 'load' 'store'> <Ports = 2> <Width = 8> <Depth = 8> <RAM>
ST_2 : Operation 31 [2/2] (2.32ns)   --->   "%dst_load = load i8* %dst_addr, align 1" [blowfish.cpp:125]   --->   Operation 31 'load' 'dst_load' <Predicate = (icmp_ln118)> <Delay = 2.32> <Core = "RAM">   --->   Core 37 'RAM' <Latency = 1> <II = 1> <Delay = 2.32> <Storage> <Opcode : 'load' 'store'> <Ports = 2> <Width = 8> <Depth = 8> <RAM>
ST_2 : Operation 32 [1/1] (0.00ns)   --->   "%dst_addr_1 = getelementptr [8 x i8]* %dst, i64 0, i64 1" [blowfish.cpp:125]   --->   Operation 32 'getelementptr' 'dst_addr_1' <Predicate = (icmp_ln118)> <Delay = 0.00>
ST_2 : Operation 33 [2/2] (2.32ns)   --->   "%dst_load_1 = load i8* %dst_addr_1, align 1" [blowfish.cpp:125]   --->   Operation 33 'load' 'dst_load_1' <Predicate = (icmp_ln118)> <Delay = 2.32> <Core = "RAM">   --->   Core 37 'RAM' <Latency = 1> <II = 1> <Delay = 2.32> <Storage> <Opcode : 'load' 'store'> <Ports = 2> <Width = 8> <Depth = 8> <RAM>

State 3 <SV = 2> <Delay = 4.64>
ST_3 : Operation 34 [1/2] (2.32ns)   --->   "%src_load = load i8* %src_addr, align 1" [blowfish.cpp:119]   --->   Operation 34 'load' 'src_load' <Predicate = true> <Delay = 2.32> <Core = "RAM">   --->   Core 37 'RAM' <Latency = 1> <II = 1> <Delay = 2.32> <Storage> <Opcode : 'load' 'store'> <Ports = 2> <Width = 8> <Depth = 8> <RAM>
ST_3 : Operation 35 [1/1] (0.00ns)   --->   "%dst_addr_8 = getelementptr [8 x i8]* %dst, i64 0, i64 %zext_ln119" [blowfish.cpp:119]   --->   Operation 35 'getelementptr' 'dst_addr_8' <Predicate = true> <Delay = 0.00>
ST_3 : Operation 36 [1/1] (2.32ns)   --->   "store i8 %src_load, i8* %dst_addr_8, align 1" [blowfish.cpp:119]   --->   Operation 36 'store' <Predicate = true> <Delay = 2.32> <Core = "RAM">   --->   Core 37 'RAM' <Latency = 1> <II = 1> <Delay = 2.32> <Storage> <Opcode : 'load' 'store'> <Ports = 2> <Width = 8> <Depth = 8> <RAM>
ST_3 : Operation 37 [1/1] (0.00ns)   --->   "br label %1" [blowfish.cpp:118]   --->   Operation 37 'br' <Predicate = true> <Delay = 0.00>

State 4 <SV = 2> <Delay = 2.32>
ST_4 : Operation 38 [1/2] (2.32ns)   --->   "%dst_load = load i8* %dst_addr, align 1" [blowfish.cpp:125]   --->   Operation 38 'load' 'dst_load' <Predicate = true> <Delay = 2.32> <Core = "RAM">   --->   Core 37 'RAM' <Latency = 1> <II = 1> <Delay = 2.32> <Storage> <Opcode : 'load' 'store'> <Ports = 2> <Width = 8> <Depth = 8> <RAM>
ST_4 : Operation 39 [1/2] (2.32ns)   --->   "%dst_load_1 = load i8* %dst_addr_1, align 1" [blowfish.cpp:125]   --->   Operation 39 'load' 'dst_load_1' <Predicate = true> <Delay = 2.32> <Core = "RAM">   --->   Core 37 'RAM' <Latency = 1> <II = 1> <Delay = 2.32> <Storage> <Opcode : 'load' 'store'> <Ports = 2> <Width = 8> <Depth = 8> <RAM>
ST_4 : Operation 40 [1/1] (0.00ns)   --->   "%dst_addr_2 = getelementptr [8 x i8]* %dst, i64 0, i64 2" [blowfish.cpp:125]   --->   Operation 40 'getelementptr' 'dst_addr_2' <Predicate = true> <Delay = 0.00>
ST_4 : Operation 41 [2/2] (2.32ns)   --->   "%dst_load_2 = load i8* %dst_addr_2, align 1" [blowfish.cpp:125]   --->   Operation 41 'load' 'dst_load_2' <Predicate = true> <Delay = 2.32> <Core = "RAM">   --->   Core 37 'RAM' <Latency = 1> <II = 1> <Delay = 2.32> <Storage> <Opcode : 'load' 'store'> <Ports = 2> <Width = 8> <Depth = 8> <RAM>
ST_4 : Operation 42 [1/1] (0.00ns)   --->   "%dst_addr_3 = getelementptr [8 x i8]* %dst, i64 0, i64 3" [blowfish.cpp:125]   --->   Operation 42 'getelementptr' 'dst_addr_3' <Predicate = true> <Delay = 0.00>
ST_4 : Operation 43 [2/2] (2.32ns)   --->   "%dst_load_3 = load i8* %dst_addr_3, align 1" [blowfish.cpp:125]   --->   Operation 43 'load' 'dst_load_3' <Predicate = true> <Delay = 2.32> <Core = "RAM">   --->   Core 37 'RAM' <Latency = 1> <II = 1> <Delay = 2.32> <Storage> <Opcode : 'load' 'store'> <Ports = 2> <Width = 8> <Depth = 8> <RAM>

State 5 <SV = 3> <Delay = 2.32>
ST_5 : Operation 44 [1/2] (2.32ns)   --->   "%dst_load_2 = load i8* %dst_addr_2, align 1" [blowfish.cpp:125]   --->   Operation 44 'load' 'dst_load_2' <Predicate = true> <Delay = 2.32> <Core = "RAM">   --->   Core 37 'RAM' <Latency = 1> <II = 1> <Delay = 2.32> <Storage> <Opcode : 'load' 'store'> <Ports = 2> <Width = 8> <Depth = 8> <RAM>
ST_5 : Operation 45 [1/2] (2.32ns)   --->   "%dst_load_3 = load i8* %dst_addr_3, align 1" [blowfish.cpp:125]   --->   Operation 45 'load' 'dst_load_3' <Predicate = true> <Delay = 2.32> <Core = "RAM">   --->   Core 37 'RAM' <Latency = 1> <II = 1> <Delay = 2.32> <Storage> <Opcode : 'load' 'store'> <Ports = 2> <Width = 8> <Depth = 8> <RAM>
ST_5 : Operation 46 [1/1] (0.00ns)   --->   "%dst_addr_4 = getelementptr [8 x i8]* %dst, i64 0, i64 4" [blowfish.cpp:127]   --->   Operation 46 'getelementptr' 'dst_addr_4' <Predicate = true> <Delay = 0.00>
ST_5 : Operation 47 [2/2] (2.32ns)   --->   "%dst_load_4 = load i8* %dst_addr_4, align 1" [blowfish.cpp:127]   --->   Operation 47 'load' 'dst_load_4' <Predicate = true> <Delay = 2.32> <Core = "RAM">   --->   Core 37 'RAM' <Latency = 1> <II = 1> <Delay = 2.32> <Storage> <Opcode : 'load' 'store'> <Ports = 2> <Width = 8> <Depth = 8> <RAM>
ST_5 : Operation 48 [1/1] (0.00ns)   --->   "%dst_addr_5 = getelementptr [8 x i8]* %dst, i64 0, i64 5" [blowfish.cpp:127]   --->   Operation 48 'getelementptr' 'dst_addr_5' <Predicate = true> <Delay = 0.00>
ST_5 : Operation 49 [2/2] (2.32ns)   --->   "%dst_load_5 = load i8* %dst_addr_5, align 1" [blowfish.cpp:127]   --->   Operation 49 'load' 'dst_load_5' <Predicate = true> <Delay = 2.32> <Core = "RAM">   --->   Core 37 'RAM' <Latency = 1> <II = 1> <Delay = 2.32> <Storage> <Opcode : 'load' 'store'> <Ports = 2> <Width = 8> <Depth = 8> <RAM>

State 6 <SV = 4> <Delay = 2.32>
ST_6 : Operation 50 [1/2] (2.32ns)   --->   "%dst_load_4 = load i8* %dst_addr_4, align 1" [blowfish.cpp:127]   --->   Operation 50 'load' 'dst_load_4' <Predicate = true> <Delay = 2.32> <Core = "RAM">   --->   Core 37 'RAM' <Latency = 1> <II = 1> <Delay = 2.32> <Storage> <Opcode : 'load' 'store'> <Ports = 2> <Width = 8> <Depth = 8> <RAM>
ST_6 : Operation 51 [1/2] (2.32ns)   --->   "%dst_load_5 = load i8* %dst_addr_5, align 1" [blowfish.cpp:127]   --->   Operation 51 'load' 'dst_load_5' <Predicate = true> <Delay = 2.32> <Core = "RAM">   --->   Core 37 'RAM' <Latency = 1> <II = 1> <Delay = 2.32> <Storage> <Opcode : 'load' 'store'> <Ports = 2> <Width = 8> <Depth = 8> <RAM>
ST_6 : Operation 52 [1/1] (0.00ns)   --->   "%dst_addr_6 = getelementptr [8 x i8]* %dst, i64 0, i64 6" [blowfish.cpp:127]   --->   Operation 52 'getelementptr' 'dst_addr_6' <Predicate = true> <Delay = 0.00>
ST_6 : Operation 53 [2/2] (2.32ns)   --->   "%dst_load_6 = load i8* %dst_addr_6, align 1" [blowfish.cpp:127]   --->   Operation 53 'load' 'dst_load_6' <Predicate = true> <Delay = 2.32> <Core = "RAM">   --->   Core 37 'RAM' <Latency = 1> <II = 1> <Delay = 2.32> <Storage> <Opcode : 'load' 'store'> <Ports = 2> <Width = 8> <Depth = 8> <RAM>
ST_6 : Operation 54 [1/1] (0.00ns)   --->   "%dst_addr_7 = getelementptr [8 x i8]* %dst, i64 0, i64 7" [blowfish.cpp:127]   --->   Operation 54 'getelementptr' 'dst_addr_7' <Predicate = true> <Delay = 0.00>
ST_6 : Operation 55 [2/2] (2.32ns)   --->   "%dst_load_7 = load i8* %dst_addr_7, align 1" [blowfish.cpp:127]   --->   Operation 55 'load' 'dst_load_7' <Predicate = true> <Delay = 2.32> <Core = "RAM">   --->   Core 37 'RAM' <Latency = 1> <II = 1> <Delay = 2.32> <Storage> <Opcode : 'load' 'store'> <Ports = 2> <Width = 8> <Depth = 8> <RAM>

State 7 <SV = 5> <Delay = 2.32>
ST_7 : Operation 56 [1/1] (0.00ns)   --->   "%left = call i32 @_ssdm_op_BitConcatenate.i32.i8.i8.i8.i8(i8 %dst_load, i8 %dst_load_1, i8 %dst_load_2, i8 %dst_load_3)" [blowfish.cpp:125]   --->   Operation 56 'bitconcatenate' 'left' <Predicate = true> <Delay = 0.00>
ST_7 : Operation 57 [1/2] (2.32ns)   --->   "%dst_load_6 = load i8* %dst_addr_6, align 1" [blowfish.cpp:127]   --->   Operation 57 'load' 'dst_load_6' <Predicate = true> <Delay = 2.32> <Core = "RAM">   --->   Core 37 'RAM' <Latency = 1> <II = 1> <Delay = 2.32> <Storage> <Opcode : 'load' 'store'> <Ports = 2> <Width = 8> <Depth = 8> <RAM>
ST_7 : Operation 58 [1/2] (2.32ns)   --->   "%dst_load_7 = load i8* %dst_addr_7, align 1" [blowfish.cpp:127]   --->   Operation 58 'load' 'dst_load_7' <Predicate = true> <Delay = 2.32> <Core = "RAM">   --->   Core 37 'RAM' <Latency = 1> <II = 1> <Delay = 2.32> <Storage> <Opcode : 'load' 'store'> <Ports = 2> <Width = 8> <Depth = 8> <RAM>
ST_7 : Operation 59 [1/1] (0.00ns)   --->   "%right = call i32 @_ssdm_op_BitConcatenate.i32.i8.i8.i8.i8(i8 %dst_load_4, i8 %dst_load_5, i8 %dst_load_6, i8 %dst_load_7)" [blowfish.cpp:127]   --->   Operation 59 'bitconcatenate' 'right' <Predicate = true> <Delay = 0.00>
ST_7 : Operation 60 [1/1] (1.76ns)   --->   "br label %4" [blowfish.cpp:231->blowfish.cpp:133]   --->   Operation 60 'br' <Predicate = true> <Delay = 1.76>

State 8 <SV = 6> <Delay = 2.32>
ST_8 : Operation 61 [1/1] (0.00ns)   --->   "%temp_2 = phi i32 [ %left, %3 ], [ %xor_ln233, %5 ]"   --->   Operation 61 'phi' 'temp_2' <Predicate = true> <Delay = 0.00>
ST_8 : Operation 62 [1/1] (0.00ns)   --->   "%left_new = phi i32 [ %right, %3 ], [ %temp, %5 ]"   --->   Operation 62 'phi' 'left_new' <Predicate = true> <Delay = 0.00>
ST_8 : Operation 63 [1/1] (0.00ns)   --->   "%i_0_i = phi i5 [ 0, %3 ], [ %i_1, %5 ]"   --->   Operation 63 'phi' 'i_0_i' <Predicate = true> <Delay = 0.00>
ST_8 : Operation 64 [1/1] (1.36ns)   --->   "%icmp_ln231 = icmp eq i5 %i_0_i, -16" [blowfish.cpp:231->blowfish.cpp:133]   --->   Operation 64 'icmp' 'icmp_ln231' <Predicate = true> <Delay = 1.36> <Core = "Cmp">   --->   Core 25 'Cmp' <Latency = 0> <II = 1> <Delay = 1.36> <FuncUnit> <Opcode : 'icmp'> <InPorts = 2> <OutPorts = 1>
ST_8 : Operation 65 [1/1] (0.00ns)   --->   "%empty_26 = call i32 (...)* @_ssdm_op_SpecLoopTripCount(i64 16, i64 16, i64 16)"   --->   Operation 65 'speclooptripcount' 'empty_26' <Predicate = true> <Delay = 0.00>
ST_8 : Operation 66 [1/1] (1.78ns)   --->   "%i_1 = add i5 %i_0_i, 1" [blowfish.cpp:231->blowfish.cpp:133]   --->   Operation 66 'add' 'i_1' <Predicate = true> <Delay = 1.78> <Core = "AddSub">   --->   Core 14 'AddSub' <Latency = 0> <II = 1> <Delay = 2.55> <FuncUnit> <Opcode : 'add' 'sub'> <InPorts = 2> <OutPorts = 1>
ST_8 : Operation 67 [1/1] (0.00ns)   --->   "br i1 %icmp_ln231, label %sEncryptBlock.exit, label %5" [blowfish.cpp:231->blowfish.cpp:133]   --->   Operation 67 'br' <Predicate = true> <Delay = 0.00>
ST_8 : Operation 68 [1/1] (0.00ns)   --->   "%zext_ln232 = zext i5 %i_0_i to i64" [blowfish.cpp:232->blowfish.cpp:133]   --->   Operation 68 'zext' 'zext_ln232' <Predicate = (!icmp_ln231)> <Delay = 0.00>
ST_8 : Operation 69 [1/1] (0.00ns)   --->   "%pary_addr = getelementptr inbounds [18 x i32]* %pary_s, i64 0, i64 %zext_ln232" [blowfish.cpp:232->blowfish.cpp:133]   --->   Operation 69 'getelementptr' 'pary_addr' <Predicate = (!icmp_ln231)> <Delay = 0.00>
ST_8 : Operation 70 [2/2] (2.32ns)   --->   "%pary_load = load i32* %pary_addr, align 4" [blowfish.cpp:232->blowfish.cpp:133]   --->   Operation 70 'load' 'pary_load' <Predicate = (!icmp_ln231)> <Delay = 2.32> <Core = "RAM">   --->   Core 37 'RAM' <Latency = 1> <II = 1> <Delay = 2.32> <Storage> <Opcode : 'load' 'store'> <Ports = 2> <Width = 8> <Depth = 8> <RAM>
ST_8 : Operation 71 [1/1] (0.00ns)   --->   "%trunc_ln1 = call i8 @_ssdm_op_PartSelect.i8.i32.i32.i32(i32 %left_new, i32 24, i32 31)" [blowfish.cpp:136]   --->   Operation 71 'partselect' 'trunc_ln1' <Predicate = (icmp_ln231)> <Delay = 0.00>
ST_8 : Operation 72 [1/1] (2.32ns)   --->   "store i8 %trunc_ln1, i8* %dst_addr, align 1" [blowfish.cpp:136]   --->   Operation 72 'store' <Predicate = (icmp_ln231)> <Delay = 2.32> <Core = "RAM">   --->   Core 37 'RAM' <Latency = 1> <II = 1> <Delay = 2.32> <Storage> <Opcode : 'load' 'store'> <Ports = 2> <Width = 8> <Depth = 8> <RAM>
ST_8 : Operation 73 [1/1] (0.00ns)   --->   "%trunc_ln2 = call i8 @_ssdm_op_PartSelect.i8.i32.i32.i32(i32 %left_new, i32 16, i32 23)" [blowfish.cpp:137]   --->   Operation 73 'partselect' 'trunc_ln2' <Predicate = (icmp_ln231)> <Delay = 0.00>
ST_8 : Operation 74 [1/1] (2.32ns)   --->   "store i8 %trunc_ln2, i8* %dst_addr_1, align 1" [blowfish.cpp:137]   --->   Operation 74 'store' <Predicate = (icmp_ln231)> <Delay = 2.32> <Core = "RAM">   --->   Core 37 'RAM' <Latency = 1> <II = 1> <Delay = 2.32> <Storage> <Opcode : 'load' 'store'> <Ports = 2> <Width = 8> <Depth = 8> <RAM>

State 9 <SV = 7> <Delay = 6.61>
ST_9 : Operation 75 [1/2] (2.32ns)   --->   "%pary_load = load i32* %pary_addr, align 4" [blowfish.cpp:232->blowfish.cpp:133]   --->   Operation 75 'load' 'pary_load' <Predicate = true> <Delay = 2.32> <Core = "RAM">   --->   Core 37 'RAM' <Latency = 1> <II = 1> <Delay = 2.32> <Storage> <Opcode : 'load' 'store'> <Ports = 2> <Width = 8> <Depth = 8> <RAM>
ST_9 : Operation 76 [1/1] (0.00ns)   --->   "%trunc_ln232 = trunc i32 %pary_load to i8" [blowfish.cpp:232->blowfish.cpp:133]   --->   Operation 76 'trunc' 'trunc_ln232' <Predicate = true> <Delay = 0.00>
ST_9 : Operation 77 [1/1] (0.00ns)   --->   "%trunc_ln232_2 = trunc i32 %pary_load to i24" [blowfish.cpp:232->blowfish.cpp:133]   --->   Operation 77 'trunc' 'trunc_ln232_2' <Predicate = true> <Delay = 0.00>
ST_9 : Operation 78 [1/1] (0.00ns)   --->   "%trunc_ln232_3 = trunc i32 %pary_load to i16" [blowfish.cpp:232->blowfish.cpp:133]   --->   Operation 78 'trunc' 'trunc_ln232_3' <Predicate = true> <Delay = 0.00>
ST_9 : Operation 79 [1/1] (0.99ns)   --->   "%temp = xor i32 %pary_load, %temp_2" [blowfish.cpp:232->blowfish.cpp:133]   --->   Operation 79 'xor' 'temp' <Predicate = true> <Delay = 0.99> <Core = "LogicGate">   --->   Core 27 'LogicGate' <Latency = 0> <II = 1> <Delay = 0.99> <FuncUnit> <Opcode : 'and' 'or' 'xor'> <InPorts = 2> <OutPorts = 1>
ST_9 : Operation 80 [1/1] (0.00ns)   --->   "%trunc_ln231 = trunc i32 %temp_2 to i16" [blowfish.cpp:231->blowfish.cpp:133]   --->   Operation 80 'trunc' 'trunc_ln231' <Predicate = true> <Delay = 0.00>
ST_9 : Operation 81 [1/1] (0.99ns)   --->   "%xor_ln281 = xor i16 %trunc_ln232_3, %trunc_ln231" [blowfish.cpp:281->blowfish.cpp:233->blowfish.cpp:133]   --->   Operation 81 'xor' 'xor_ln281' <Predicate = true> <Delay = 0.99> <Core = "LogicGate">   --->   Core 27 'LogicGate' <Latency = 0> <II = 1> <Delay = 0.99> <FuncUnit> <Opcode : 'and' 'or' 'xor'> <InPorts = 2> <OutPorts = 1>
ST_9 : Operation 82 [1/1] (0.00ns)   --->   "%trunc_ln231_1 = trunc i32 %temp_2 to i24" [blowfish.cpp:231->blowfish.cpp:133]   --->   Operation 82 'trunc' 'trunc_ln231_1' <Predicate = true> <Delay = 0.00>
ST_9 : Operation 83 [1/1] (1.03ns)   --->   "%xor_ln281_1 = xor i24 %trunc_ln232_2, %trunc_ln231_1" [blowfish.cpp:281->blowfish.cpp:233->blowfish.cpp:133]   --->   Operation 83 'xor' 'xor_ln281_1' <Predicate = true> <Delay = 1.03> <Core = "LogicGate">   --->   Core 27 'LogicGate' <Latency = 0> <II = 1> <Delay = 0.99> <FuncUnit> <Opcode : 'and' 'or' 'xor'> <InPorts = 2> <OutPorts = 1>
ST_9 : Operation 84 [1/1] (0.00ns)   --->   "%a = call i8 @_ssdm_op_PartSelect.i8.i32.i32.i32(i32 %temp, i32 24, i32 31)" [blowfish.cpp:285->blowfish.cpp:233->blowfish.cpp:133]   --->   Operation 84 'partselect' 'a' <Predicate = true> <Delay = 0.00>
ST_9 : Operation 85 [1/1] (0.00ns)   --->   "%b = call i8 @_ssdm_op_PartSelect.i8.i24.i32.i32(i24 %xor_ln281_1, i32 16, i32 23)" [blowfish.cpp:286->blowfish.cpp:233->blowfish.cpp:133]   --->   Operation 85 'partselect' 'b' <Predicate = true> <Delay = 0.00>
ST_9 : Operation 86 [1/1] (0.00ns)   --->   "%c = call i8 @_ssdm_op_PartSelect.i8.i16.i32.i32(i16 %xor_ln281, i32 8, i32 15)" [blowfish.cpp:287->blowfish.cpp:233->blowfish.cpp:133]   --->   Operation 86 'partselect' 'c' <Predicate = true> <Delay = 0.00>
ST_9 : Operation 87 [1/1] (0.00ns)   --->   "%zext_ln290 = zext i8 %a to i64" [blowfish.cpp:290->blowfish.cpp:233->blowfish.cpp:133]   --->   Operation 87 'zext' 'zext_ln290' <Predicate = true> <Delay = 0.00>
ST_9 : Operation 88 [1/1] (0.00ns)   --->   "%Blowfish_sbox_addr = getelementptr [1024 x i32]* %Blowfish_sbox_s, i64 0, i64 %zext_ln290" [blowfish.cpp:290->blowfish.cpp:233->blowfish.cpp:133]   --->   Operation 88 'getelementptr' 'Blowfish_sbox_addr' <Predicate = true> <Delay = 0.00>
ST_9 : Operation 89 [2/2] (3.25ns)   --->   "%Blowfish_sbox_load = load i32* %Blowfish_sbox_addr, align 4" [blowfish.cpp:290->blowfish.cpp:233->blowfish.cpp:133]   --->   Operation 89 'load' 'Blowfish_sbox_load' <Predicate = true> <Delay = 3.25> <Core = "RAM">   --->   Core 37 'RAM' <Latency = 1> <II = 1> <Delay = 2.32> <Storage> <Opcode : 'load' 'store'> <Ports = 2> <Width = 8> <Depth = 8> <RAM>
ST_9 : Operation 90 [1/1] (0.00ns)   --->   "%tmp = call i64 @_ssdm_op_BitConcatenate.i64.i56.i8(i56 1, i8 %b)" [blowfish.cpp:290->blowfish.cpp:233->blowfish.cpp:133]   --->   Operation 90 'bitconcatenate' 'tmp' <Predicate = true> <Delay = 0.00>
ST_9 : Operation 91 [1/1] (0.00ns)   --->   "%Blowfish_sbox_addr_1 = getelementptr [1024 x i32]* %Blowfish_sbox_s, i64 0, i64 %tmp" [blowfish.cpp:290->blowfish.cpp:233->blowfish.cpp:133]   --->   Operation 91 'getelementptr' 'Blowfish_sbox_addr_1' <Predicate = true> <Delay = 0.00>
ST_9 : Operation 92 [2/2] (3.25ns)   --->   "%Blowfish_sbox_load_1 = load i32* %Blowfish_sbox_addr_1, align 4" [blowfish.cpp:290->blowfish.cpp:233->blowfish.cpp:133]   --->   Operation 92 'load' 'Blowfish_sbox_load_1' <Predicate = true> <Delay = 3.25> <Core = "RAM">   --->   Core 37 'RAM' <Latency = 1> <II = 1> <Delay = 2.32> <Storage> <Opcode : 'load' 'store'> <Ports = 2> <Width = 8> <Depth = 8> <RAM>

State 10 <SV = 8> <Delay = 5.80>
ST_10 : Operation 93 [1/1] (0.00ns)   --->   "%trunc_ln232_1 = trunc i32 %temp_2 to i8" [blowfish.cpp:232->blowfish.cpp:133]   --->   Operation 93 'trunc' 'trunc_ln232_1' <Predicate = true> <Delay = 0.00>
ST_10 : Operation 94 [1/1] (0.99ns)   --->   "%d = xor i8 %trunc_ln232_1, %trunc_ln232" [blowfish.cpp:288->blowfish.cpp:233->blowfish.cpp:133]   --->   Operation 94 'xor' 'd' <Predicate = true> <Delay = 0.99> <Core = "LogicGate">   --->   Core 27 'LogicGate' <Latency = 0> <II = 1> <Delay = 0.99> <FuncUnit> <Opcode : 'and' 'or' 'xor'> <InPorts = 2> <OutPorts = 1>
ST_10 : Operation 95 [1/2] (3.25ns)   --->   "%Blowfish_sbox_load = load i32* %Blowfish_sbox_addr, align 4" [blowfish.cpp:290->blowfish.cpp:233->blowfish.cpp:133]   --->   Operation 95 'load' 'Blowfish_sbox_load' <Predicate = true> <Delay = 3.25> <Core = "RAM">   --->   Core 37 'RAM' <Latency = 1> <II = 1> <Delay = 2.32> <Storage> <Opcode : 'load' 'store'> <Ports = 2> <Width = 8> <Depth = 8> <RAM>
ST_10 : Operation 96 [1/2] (3.25ns)   --->   "%Blowfish_sbox_load_1 = load i32* %Blowfish_sbox_addr_1, align 4" [blowfish.cpp:290->blowfish.cpp:233->blowfish.cpp:133]   --->   Operation 96 'load' 'Blowfish_sbox_load_1' <Predicate = true> <Delay = 3.25> <Core = "RAM">   --->   Core 37 'RAM' <Latency = 1> <II = 1> <Delay = 2.32> <Storage> <Opcode : 'load' 'store'> <Ports = 2> <Width = 8> <Depth = 8> <RAM>
ST_10 : Operation 97 [1/1] (2.55ns)   --->   "%add_ln290 = add i32 %Blowfish_sbox_load, %Blowfish_sbox_load_1" [blowfish.cpp:290->blowfish.cpp:233->blowfish.cpp:133]   --->   Operation 97 'add' 'add_ln290' <Predicate = true> <Delay = 2.55> <Core = "AddSub">   --->   Core 14 'AddSub' <Latency = 0> <II = 1> <Delay = 2.55> <FuncUnit> <Opcode : 'add' 'sub'> <InPorts = 2> <OutPorts = 1>
ST_10 : Operation 98 [1/1] (0.00ns)   --->   "%tmp_1 = call i64 @_ssdm_op_BitConcatenate.i64.i56.i8(i56 2, i8 %c)" [blowfish.cpp:290->blowfish.cpp:233->blowfish.cpp:133]   --->   Operation 98 'bitconcatenate' 'tmp_1' <Predicate = true> <Delay = 0.00>
ST_10 : Operation 99 [1/1] (0.00ns)   --->   "%Blowfish_sbox_addr_2 = getelementptr [1024 x i32]* %Blowfish_sbox_s, i64 0, i64 %tmp_1" [blowfish.cpp:290->blowfish.cpp:233->blowfish.cpp:133]   --->   Operation 99 'getelementptr' 'Blowfish_sbox_addr_2' <Predicate = true> <Delay = 0.00>
ST_10 : Operation 100 [2/2] (3.25ns)   --->   "%Blowfish_sbox_load_2 = load i32* %Blowfish_sbox_addr_2, align 4" [blowfish.cpp:290->blowfish.cpp:233->blowfish.cpp:133]   --->   Operation 100 'load' 'Blowfish_sbox_load_2' <Predicate = true> <Delay = 3.25> <Core = "RAM">   --->   Core 37 'RAM' <Latency = 1> <II = 1> <Delay = 2.32> <Storage> <Opcode : 'load' 'store'> <Ports = 2> <Width = 8> <Depth = 8> <RAM>
ST_10 : Operation 101 [1/1] (0.00ns)   --->   "%tmp_2 = call i64 @_ssdm_op_BitConcatenate.i64.i56.i8(i56 3, i8 %d)" [blowfish.cpp:290->blowfish.cpp:233->blowfish.cpp:133]   --->   Operation 101 'bitconcatenate' 'tmp_2' <Predicate = true> <Delay = 0.00>
ST_10 : Operation 102 [1/1] (0.00ns)   --->   "%Blowfish_sbox_addr_3 = getelementptr [1024 x i32]* %Blowfish_sbox_s, i64 0, i64 %tmp_2" [blowfish.cpp:290->blowfish.cpp:233->blowfish.cpp:133]   --->   Operation 102 'getelementptr' 'Blowfish_sbox_addr_3' <Predicate = true> <Delay = 0.00>
ST_10 : Operation 103 [2/2] (3.25ns)   --->   "%Blowfish_sbox_load_3 = load i32* %Blowfish_sbox_addr_3, align 4" [blowfish.cpp:290->blowfish.cpp:233->blowfish.cpp:133]   --->   Operation 103 'load' 'Blowfish_sbox_load_3' <Predicate = true> <Delay = 3.25> <Core = "RAM">   --->   Core 37 'RAM' <Latency = 1> <II = 1> <Delay = 2.32> <Storage> <Opcode : 'load' 'store'> <Ports = 2> <Width = 8> <Depth = 8> <RAM>

State 11 <SV = 9> <Delay = 6.79>
ST_11 : Operation 104 [1/1] (0.00ns)   --->   "call void (...)* @_ssdm_op_SpecLoopName([14 x i8]* @p_str7) nounwind" [blowfish.cpp:231->blowfish.cpp:133]   --->   Operation 104 'specloopname' <Predicate = true> <Delay = 0.00>
ST_11 : Operation 105 [1/2] (3.25ns)   --->   "%Blowfish_sbox_load_2 = load i32* %Blowfish_sbox_addr_2, align 4" [blowfish.cpp:290->blowfish.cpp:233->blowfish.cpp:133]   --->   Operation 105 'load' 'Blowfish_sbox_load_2' <Predicate = true> <Delay = 3.25> <Core = "RAM">   --->   Core 37 'RAM' <Latency = 1> <II = 1> <Delay = 2.32> <Storage> <Opcode : 'load' 'store'> <Ports = 2> <Width = 8> <Depth = 8> <RAM>
ST_11 : Operation 106 [1/1] (0.00ns) (grouped into LUT with out node add_ln290_1)   --->   "%xor_ln290 = xor i32 %Blowfish_sbox_load_2, %add_ln290" [blowfish.cpp:290->blowfish.cpp:233->blowfish.cpp:133]   --->   Operation 106 'xor' 'xor_ln290' <Predicate = true> <Delay = 0.00> <Core = "LogicGate">   --->   Core 27 'LogicGate' <Latency = 0> <II = 1> <Delay = 0.99> <FuncUnit> <Opcode : 'and' 'or' 'xor'> <InPorts = 2> <OutPorts = 1>
ST_11 : Operation 107 [1/2] (3.25ns)   --->   "%Blowfish_sbox_load_3 = load i32* %Blowfish_sbox_addr_3, align 4" [blowfish.cpp:290->blowfish.cpp:233->blowfish.cpp:133]   --->   Operation 107 'load' 'Blowfish_sbox_load_3' <Predicate = true> <Delay = 3.25> <Core = "RAM">   --->   Core 37 'RAM' <Latency = 1> <II = 1> <Delay = 2.32> <Storage> <Opcode : 'load' 'store'> <Ports = 2> <Width = 8> <Depth = 8> <RAM>
ST_11 : Operation 108 [1/1] (2.55ns) (out node of the LUT)   --->   "%add_ln290_1 = add i32 %Blowfish_sbox_load_3, %xor_ln290" [blowfish.cpp:290->blowfish.cpp:233->blowfish.cpp:133]   --->   Operation 108 'add' 'add_ln290_1' <Predicate = true> <Delay = 2.55> <Core = "AddSub">   --->   Core 14 'AddSub' <Latency = 0> <II = 1> <Delay = 2.55> <FuncUnit> <Opcode : 'add' 'sub'> <InPorts = 2> <OutPorts = 1>
ST_11 : Operation 109 [1/1] (0.99ns)   --->   "%xor_ln233 = xor i32 %left_new, %add_ln290_1" [blowfish.cpp:233->blowfish.cpp:133]   --->   Operation 109 'xor' 'xor_ln233' <Predicate = true> <Delay = 0.99> <Core = "LogicGate">   --->   Core 27 'LogicGate' <Latency = 0> <II = 1> <Delay = 0.99> <FuncUnit> <Opcode : 'and' 'or' 'xor'> <InPorts = 2> <OutPorts = 1>
ST_11 : Operation 110 [1/1] (0.00ns)   --->   "br label %4" [blowfish.cpp:231->blowfish.cpp:133]   --->   Operation 110 'br' <Predicate = true> <Delay = 0.00>

State 12 <SV = 7> <Delay = 2.32>
ST_12 : Operation 111 [1/1] (0.00ns)   --->   "%trunc_ln3 = call i8 @_ssdm_op_PartSelect.i8.i32.i32.i32(i32 %left_new, i32 8, i32 15)" [blowfish.cpp:138]   --->   Operation 111 'partselect' 'trunc_ln3' <Predicate = true> <Delay = 0.00>
ST_12 : Operation 112 [1/1] (2.32ns)   --->   "store i8 %trunc_ln3, i8* %dst_addr_2, align 1" [blowfish.cpp:138]   --->   Operation 112 'store' <Predicate = true> <Delay = 2.32> <Core = "RAM">   --->   Core 37 'RAM' <Latency = 1> <II = 1> <Delay = 2.32> <Storage> <Opcode : 'load' 'store'> <Ports = 2> <Width = 8> <Depth = 8> <RAM>
ST_12 : Operation 113 [1/1] (0.00ns)   --->   "%trunc_ln139 = trunc i32 %left_new to i8" [blowfish.cpp:139]   --->   Operation 113 'trunc' 'trunc_ln139' <Predicate = true> <Delay = 0.00>
ST_12 : Operation 114 [1/1] (2.32ns)   --->   "store i8 %trunc_ln139, i8* %dst_addr_3, align 1" [blowfish.cpp:139]   --->   Operation 114 'store' <Predicate = true> <Delay = 2.32> <Core = "RAM">   --->   Core 37 'RAM' <Latency = 1> <II = 1> <Delay = 2.32> <Storage> <Opcode : 'load' 'store'> <Ports = 2> <Width = 8> <Depth = 8> <RAM>

State 13 <SV = 8> <Delay = 2.32>
ST_13 : Operation 115 [1/1] (0.00ns)   --->   "%trunc_ln5 = call i8 @_ssdm_op_PartSelect.i8.i32.i32.i32(i32 %temp_2, i32 24, i32 31)" [blowfish.cpp:140]   --->   Operation 115 'partselect' 'trunc_ln5' <Predicate = true> <Delay = 0.00>
ST_13 : Operation 116 [1/1] (2.32ns)   --->   "store i8 %trunc_ln5, i8* %dst_addr_4, align 1" [blowfish.cpp:140]   --->   Operation 116 'store' <Predicate = true> <Delay = 2.32> <Core = "RAM">   --->   Core 37 'RAM' <Latency = 1> <II = 1> <Delay = 2.32> <Storage> <Opcode : 'load' 'store'> <Ports = 2> <Width = 8> <Depth = 8> <RAM>
ST_13 : Operation 117 [1/1] (0.00ns)   --->   "%trunc_ln6 = call i8 @_ssdm_op_PartSelect.i8.i32.i32.i32(i32 %temp_2, i32 16, i32 23)" [blowfish.cpp:141]   --->   Operation 117 'partselect' 'trunc_ln6' <Predicate = true> <Delay = 0.00>
ST_13 : Operation 118 [1/1] (2.32ns)   --->   "store i8 %trunc_ln6, i8* %dst_addr_5, align 1" [blowfish.cpp:141]   --->   Operation 118 'store' <Predicate = true> <Delay = 2.32> <Core = "RAM">   --->   Core 37 'RAM' <Latency = 1> <II = 1> <Delay = 2.32> <Storage> <Opcode : 'load' 'store'> <Ports = 2> <Width = 8> <Depth = 8> <RAM>
ST_13 : Operation 119 [1/1] (0.00ns)   --->   "%trunc_ln7 = call i8 @_ssdm_op_PartSelect.i8.i32.i32.i32(i32 %temp_2, i32 8, i32 15)" [blowfish.cpp:142]   --->   Operation 119 'partselect' 'trunc_ln7' <Predicate = true> <Delay = 0.00>
ST_13 : Operation 120 [1/1] (0.00ns)   --->   "%trunc_ln143 = trunc i32 %temp_2 to i8" [blowfish.cpp:143]   --->   Operation 120 'trunc' 'trunc_ln143' <Predicate = true> <Delay = 0.00>

State 14 <SV = 9> <Delay = 2.32>
ST_14 : Operation 121 [1/1] (2.32ns)   --->   "store i8 %trunc_ln7, i8* %dst_addr_6, align 1" [blowfish.cpp:142]   --->   Operation 121 'store' <Predicate = true> <Delay = 2.32> <Core = "RAM">   --->   Core 37 'RAM' <Latency = 1> <II = 1> <Delay = 2.32> <Storage> <Opcode : 'load' 'store'> <Ports = 2> <Width = 8> <Depth = 8> <RAM>
ST_14 : Operation 122 [1/1] (2.32ns)   --->   "store i8 %trunc_ln143, i8* %dst_addr_7, align 1" [blowfish.cpp:143]   --->   Operation 122 'store' <Predicate = true> <Delay = 2.32> <Core = "RAM">   --->   Core 37 'RAM' <Latency = 1> <II = 1> <Delay = 2.32> <Storage> <Opcode : 'load' 'store'> <Ports = 2> <Width = 8> <Depth = 8> <RAM>
ST_14 : Operation 123 [1/1] (0.00ns)   --->   "ret void" [blowfish.cpp:145]   --->   Operation 123 'ret' <Predicate = true> <Delay = 0.00>


============================================================
+ Verbose Summary: Timing violations
============================================================
Target clock period: 10ns, clock uncertainty: 1.25ns.

 <State 1>: 1.77ns
The critical path consists of the following:
	multiplexor before 'phi' operation ('i') with incoming values : ('i', blowfish.cpp:118) [14]  (1.77 ns)

 <State 2>: 2.32ns
The critical path consists of the following:
	'phi' operation ('i') with incoming values : ('i', blowfish.cpp:118) [14]  (0 ns)
	'getelementptr' operation ('src_addr', blowfish.cpp:119) [21]  (0 ns)
	'load' operation ('src_load', blowfish.cpp:119) on array 'src' [22]  (2.32 ns)

 <State 3>: 4.64ns
The critical path consists of the following:
	'load' operation ('src_load', blowfish.cpp:119) on array 'src' [22]  (2.32 ns)
	'store' operation ('store_ln119', blowfish.cpp:119) of variable 'src_load', blowfish.cpp:119 on array 'dst' [24]  (2.32 ns)

 <State 4>: 2.32ns
The critical path consists of the following:
	'load' operation ('dst_load', blowfish.cpp:125) on array 'dst' [27]  (2.32 ns)

 <State 5>: 2.32ns
The critical path consists of the following:
	'load' operation ('dst_load_2', blowfish.cpp:125) on array 'dst' [31]  (2.32 ns)

 <State 6>: 2.32ns
The critical path consists of the following:
	'load' operation ('dst_load_4', blowfish.cpp:127) on array 'dst' [36]  (2.32 ns)

 <State 7>: 2.32ns
The critical path consists of the following:
	'load' operation ('dst_load_6', blowfish.cpp:127) on array 'dst' [40]  (2.32 ns)

 <State 8>: 2.32ns
The critical path consists of the following:
	'phi' operation ('converter') with incoming values : ('right', blowfish.cpp:127) ('value', blowfish.cpp:232->blowfish.cpp:133) [47]  (0 ns)
	'store' operation ('store_ln136', blowfish.cpp:136) of variable 'trunc_ln1', blowfish.cpp:136 on array 'dst' [90]  (2.32 ns)

 <State 9>: 6.61ns
The critical path consists of the following:
	'load' operation ('pary_load', blowfish.cpp:232->blowfish.cpp:133) on array 'pary_', blowfish.cpp:224->blowfish.cpp:133 [57]  (2.32 ns)
	'xor' operation ('xor_ln281_1', blowfish.cpp:281->blowfish.cpp:233->blowfish.cpp:133) [66]  (1.03 ns)
	'getelementptr' operation ('Blowfish_sbox_addr_1', blowfish.cpp:290->blowfish.cpp:233->blowfish.cpp:133) [75]  (0 ns)
	'load' operation ('Blowfish_sbox_load_1', blowfish.cpp:290->blowfish.cpp:233->blowfish.cpp:133) on array 'Blowfish_sbox_s' [76]  (3.25 ns)

 <State 10>: 5.81ns
The critical path consists of the following:
	'load' operation ('Blowfish_sbox_load', blowfish.cpp:290->blowfish.cpp:233->blowfish.cpp:133) on array 'Blowfish_sbox_s' [73]  (3.25 ns)
	'add' operation ('add_ln290', blowfish.cpp:290->blowfish.cpp:233->blowfish.cpp:133) [77]  (2.55 ns)

 <State 11>: 6.8ns
The critical path consists of the following:
	'load' operation ('Blowfish_sbox_load_2', blowfish.cpp:290->blowfish.cpp:233->blowfish.cpp:133) on array 'Blowfish_sbox_s' [80]  (3.25 ns)
	'xor' operation ('xor_ln290', blowfish.cpp:290->blowfish.cpp:233->blowfish.cpp:133) [81]  (0 ns)
	'add' operation ('add_ln290_1', blowfish.cpp:290->blowfish.cpp:233->blowfish.cpp:133) [85]  (2.55 ns)
	'xor' operation ('xor_ln233', blowfish.cpp:233->blowfish.cpp:133) [86]  (0.993 ns)

 <State 12>: 2.32ns
The critical path consists of the following:
	'store' operation ('store_ln138', blowfish.cpp:138) of variable 'trunc_ln3', blowfish.cpp:138 on array 'dst' [94]  (2.32 ns)

 <State 13>: 2.32ns
The critical path consists of the following:
	'store' operation ('store_ln140', blowfish.cpp:140) of variable 'trunc_ln5', blowfish.cpp:140 on array 'dst' [98]  (2.32 ns)

 <State 14>: 2.32ns
The critical path consists of the following:
	'store' operation ('store_ln142', blowfish.cpp:142) of variable 'trunc_ln7', blowfish.cpp:142 on array 'dst' [102]  (2.32 ns)


============================================================
+ Verbose Summary: Binding
============================================================
N/A
* FSMD analyzer results:
  - Output states:
 - Input state : 
  - Chain level:
	State 1
	State 2
	State 3
	State 4
	State 5
	State 6
	State 7
	State 8
	State 9
	State 10
	State 11
	State 12
	State 13
	State 14


============================================================
+ Verbose Summary: Datapath Resource usage 
============================================================
N/A
