

================================================================
== Vivado HLS Report for 'Blowfish_EncryptBlock'
================================================================
* Date:           Wed Nov 13 22:31:05 2024

* Version:        2019.2 (Build 2704478 on Wed Nov 06 22:10:23 MST 2019)
* Project:        blowfish.prj
* Solution:       solution1
* Product family: zynq
* Target device:  xc7z020-clg484-1


================================================================
== Performance Estimates
================================================================
+ Timing: 
    * Summary: 
    +--------+----------+----------+------------+
    |  Clock |  Target  | Estimated| Uncertainty|
    +--------+----------+----------+------------+
    |ap_clk  | 10.00 ns | 6.799 ns |   1.25 ns  |
    +--------+----------+----------+------------+

+ Latency: 
    * Summary: 
    +---------+---------+----------+----------+-----+-----+---------+
    |  Latency (cycles) |  Latency (absolute) |  Interval | Pipeline|
    |   min   |   max   |    min   |    max   | min | max |   Type  |
    +---------+---------+----------+----------+-----+-----+---------+
    |       66|       66| 0.660 us | 0.660 us |   66|   66|   none  |
    +---------+---------+----------+----------+-----+-----+---------+

    + Detail: 
        * Instance: 
        N/A

        * Loop: 
        +-----------------+---------+---------+----------+-----------+-----------+------+----------+
        |                 |  Latency (cycles) | Iteration|  Initiation Interval  | Trip |          |
        |    Loop Name    |   min   |   max   |  Latency |  achieved |   target  | Count| Pipelined|
        +-----------------+---------+---------+----------+-----------+-----------+------+----------+
        |- ENCRYPTBLOCK1  |       64|       64|         4|          -|          -|    16|    no    |
        +-----------------+---------+---------+----------+-----------+-----------+------+----------+



================================================================
== Utilization Estimates
================================================================
* Summary: 
+-----------------+---------+-------+--------+-------+-----+
|       Name      | BRAM_18K| DSP48E|   FF   |  LUT  | URAM|
+-----------------+---------+-------+--------+-------+-----+
|DSP              |        -|      -|       -|      -|    -|
|Expression       |        -|      -|       0|    312|    -|
|FIFO             |        -|      -|       -|      -|    -|
|Instance         |        -|      -|       -|      -|    -|
|Memory           |        -|      -|       -|      -|    -|
|Multiplexer      |        -|      -|       -|    122|    -|
|Register         |        -|      -|      96|      -|    -|
+-----------------+---------+-------+--------+-------+-----+
|Total            |        0|      0|      96|    434|    0|
+-----------------+---------+-------+--------+-------+-----+
|Available        |      280|    220|  106400|  53200|    0|
+-----------------+---------+-------+--------+-------+-----+
|Utilization (%)  |        0|      0|   ~0   |   ~0  |    0|
+-----------------+---------+-------+--------+-------+-----+

+ Detail: 
    * Instance: 
    N/A

    * DSP48E: 
    N/A

    * Memory: 
    N/A

    * FIFO: 
    N/A

    * Expression: 
    +-----------------------+----------+-------+---+----+------------+------------+
    |     Variable Name     | Operation| DSP48E| FF| LUT| Bitwidth P0| Bitwidth P1|
    +-----------------------+----------+-------+---+----+------------+------------+
    |add_ln284_1_fu_311_p2  |     +    |      0|  0|  39|          32|          32|
    |add_ln284_fu_284_p2    |     +    |      0|  0|  39|          32|          32|
    |i_fu_181_p2            |     +    |      0|  0|  15|           5|           1|
    |icmp_ln184_fu_175_p2   |   icmp   |      0|  0|  11|           5|           6|
    |d_fu_264_p2            |    xor   |      0|  0|   8|           8|           8|
    |temp_1_fu_216_p2       |    xor   |      0|  0|  32|          32|          32|
    |xor_ln186_fu_317_p2    |    xor   |      0|  0|  32|          32|          32|
    |xor_ln197_fu_324_p2    |    xor   |      0|  0|  32|          32|          32|
    |xor_ln198_fu_331_p2    |    xor   |      0|  0|  32|          32|          32|
    |xor_ln275_1_fu_228_p2  |    xor   |      0|  0|  24|          24|          24|
    |xor_ln275_fu_222_p2    |    xor   |      0|  0|  16|          16|          16|
    |xor_ln284_fu_306_p2    |    xor   |      0|  0|  32|          32|          32|
    +-----------------------+----------+-------+---+----+------------+------------+
    |Total                  |          |      0|  0| 312|         282|         279|
    +-----------------------+----------+-------+---+----+------------+------------+

    * Multiplexer: 
    +--------------------------+----+-----------+-----+-----------+
    |           Name           | LUT| Input Size| Bits| Total Bits|
    +--------------------------+----+-----------+-----+-----------+
    |Blowfish_pary_s_address0  |  15|          3|    5|         15|
    |Blowfish_sbox_s_address0  |  15|          3|   10|         30|
    |Blowfish_sbox_s_address1  |  15|          3|   10|         30|
    |ap_NS_fsm                 |  38|          7|    1|          7|
    |i_0_reg_164               |   9|          2|    5|         10|
    |left_r_o                  |  15|          3|   32|         96|
    |right_r_o                 |  15|          3|   32|         96|
    +--------------------------+----+-----------+-----+-----------+
    |Total                     | 122|         24|   95|        284|
    +--------------------------+----+-----------+-----+-----------+

    * Register: 
    +-------------------+----+----+-----+-----------+
    |        Name       | FF | LUT| Bits| Const Bits|
    +-------------------+----+----+-----+-----------+
    |add_ln284_reg_386  |  32|   0|   32|          0|
    |ap_CS_fsm          |   6|   0|    6|          0|
    |c_reg_366          |   8|   0|    8|          0|
    |d_reg_371          |   8|   0|    8|          0|
    |i_0_reg_164        |   5|   0|    5|          0|
    |i_reg_341          |   5|   0|    5|          0|
    |temp_1_reg_361     |  32|   0|   32|          0|
    +-------------------+----+----+-----+-----------+
    |Total              |  96|   0|   96|          0|
    +-------------------+----+----+-----+-----------+



================================================================
== Interface
================================================================
* Summary: 
+--------------------------+-----+-----+------------+------------------------+--------------+
|         RTL Ports        | Dir | Bits|  Protocol  |      Source Object     |    C Type    |
+--------------------------+-----+-----+------------+------------------------+--------------+
|ap_clk                    |  in |    1| ap_ctrl_hs | Blowfish::EncryptBlock | return value |
|ap_rst                    |  in |    1| ap_ctrl_hs | Blowfish::EncryptBlock | return value |
|ap_start                  |  in |    1| ap_ctrl_hs | Blowfish::EncryptBlock | return value |
|ap_done                   | out |    1| ap_ctrl_hs | Blowfish::EncryptBlock | return value |
|ap_idle                   | out |    1| ap_ctrl_hs | Blowfish::EncryptBlock | return value |
|ap_ready                  | out |    1| ap_ctrl_hs | Blowfish::EncryptBlock | return value |
|Blowfish_pary_s_address0  | out |    5|  ap_memory |     Blowfish_pary_s    |     array    |
|Blowfish_pary_s_ce0       | out |    1|  ap_memory |     Blowfish_pary_s    |     array    |
|Blowfish_pary_s_q0        |  in |   32|  ap_memory |     Blowfish_pary_s    |     array    |
|Blowfish_pary_s_address1  | out |    5|  ap_memory |     Blowfish_pary_s    |     array    |
|Blowfish_pary_s_ce1       | out |    1|  ap_memory |     Blowfish_pary_s    |     array    |
|Blowfish_pary_s_q1        |  in |   32|  ap_memory |     Blowfish_pary_s    |     array    |
|Blowfish_sbox_s_address0  | out |   10|  ap_memory |     Blowfish_sbox_s    |     array    |
|Blowfish_sbox_s_ce0       | out |    1|  ap_memory |     Blowfish_sbox_s    |     array    |
|Blowfish_sbox_s_q0        |  in |   32|  ap_memory |     Blowfish_sbox_s    |     array    |
|Blowfish_sbox_s_address1  | out |   10|  ap_memory |     Blowfish_sbox_s    |     array    |
|Blowfish_sbox_s_ce1       | out |    1|  ap_memory |     Blowfish_sbox_s    |     array    |
|Blowfish_sbox_s_q1        |  in |   32|  ap_memory |     Blowfish_sbox_s    |     array    |
|left_r_i                  |  in |   32|   ap_ovld  |         left_r         |    pointer   |
|left_r_o                  | out |   32|   ap_ovld  |         left_r         |    pointer   |
|left_r_o_ap_vld           | out |    1|   ap_ovld  |         left_r         |    pointer   |
|right_r_i                 |  in |   32|   ap_ovld  |         right_r        |    pointer   |
|right_r_o                 | out |   32|   ap_ovld  |         right_r        |    pointer   |
|right_r_o_ap_vld          | out |    1|   ap_ovld  |         right_r        |    pointer   |
+--------------------------+-----+-----+------------+------------------------+--------------+

