

================================================================
== Vivado HLS Report for 'sEncryptBlock'
================================================================
* Date:           Fri Nov 15 17:08:09 2024

* Version:        2019.2 (Build 2704478 on Wed Nov 06 22:10:23 MST 2019)
* Project:        blowfish.prj
* Solution:       solution1
* Product family: zynq
* Target device:  xc7z020-clg484-1


================================================================
== Performance Estimates
================================================================
+ Timing: 
    * Summary: 
    +--------+----------+----------+------------+
    |  Clock |  Target  | Estimated| Uncertainty|
    +--------+----------+----------+------------+
    |ap_clk  | 10.00 ns | 6.799 ns |   1.25 ns  |
    +--------+----------+----------+------------+

+ Latency: 
    * Summary: 
    +---------+---------+----------+----------+-----+-----+---------+
    |  Latency (cycles) |  Latency (absolute) |  Interval | Pipeline|
    |   min   |   max   |    min   |    max   | min | max |   Type  |
    +---------+---------+----------+----------+-----+-----+---------+
    |       66|       66| 0.660 us | 0.660 us |   66|   66|   none  |
    +---------+---------+----------+----------+-----+-----+---------+

    + Detail: 
        * Instance: 
        N/A

        * Loop: 
        +-----------------+---------+---------+----------+-----------+-----------+------+----------+
        |                 |  Latency (cycles) | Iteration|  Initiation Interval  | Trip |          |
        |    Loop Name    |   min   |   max   |  Latency |  achieved |   target  | Count| Pipelined|
        +-----------------+---------+---------+----------+-----------+-----------+------+----------+
        |- ENCRYPTBLOCK1  |       64|       64|         4|          -|          -|    16|    no    |
        +-----------------+---------+---------+----------+-----------+-----------+------+----------+



================================================================
== Utilization Estimates
================================================================
* Summary: 
+-----------------+---------+-------+--------+-------+-----+
|       Name      | BRAM_18K| DSP48E|   FF   |  LUT  | URAM|
+-----------------+---------+-------+--------+-------+-----+
|DSP              |        -|      -|       -|      -|    -|
|Expression       |        -|      -|       0|    280|    -|
|FIFO             |        -|      -|       -|      -|    -|
|Instance         |        -|      -|       -|      -|    -|
|Memory           |        -|      -|       -|      -|    -|
|Multiplexer      |        -|      -|       -|    128|    -|
|Register         |        -|      -|     224|      -|    -|
+-----------------+---------+-------+--------+-------+-----+
|Total            |        0|      0|     224|    408|    0|
+-----------------+---------+-------+--------+-------+-----+
|Available        |      280|    220|  106400|  53200|    0|
+-----------------+---------+-------+--------+-------+-----+
|Utilization (%)  |        0|      0|   ~0   |   ~0  |    0|
+-----------------+---------+-------+--------+-------+-----+

+ Detail: 
    * Instance: 
    N/A

    * DSP48E: 
    N/A

    * Memory: 
    N/A

    * FIFO: 
    N/A

    * Expression: 
    +-----------------------+----------+-------+---+----+------------+------------+
    |     Variable Name     | Operation| DSP48E| FF| LUT| Bitwidth P0| Bitwidth P1|
    +-----------------------+----------+-------+---+----+------------+------------+
    |add_ln281_1_fu_311_p2  |     +    |      0|  0|  39|          32|          32|
    |add_ln281_fu_284_p2    |     +    |      0|  0|  39|          32|          32|
    |i_fu_187_p2            |     +    |      0|  0|  15|           5|           1|
    |icmp_ln224_fu_181_p2   |   icmp   |      0|  0|  11|           5|           6|
    |d_fu_264_p2            |    xor   |      0|  0|   8|           8|           8|
    |grp_fu_175_p2          |    xor   |      0|  0|  32|          32|          32|
    |xor_ln226_fu_317_p2    |    xor   |      0|  0|  32|          32|          32|
    |xor_ln241_fu_323_p2    |    xor   |      0|  0|  32|          32|          32|
    |xor_ln272_1_fu_228_p2  |    xor   |      0|  0|  24|          24|          24|
    |xor_ln272_fu_222_p2    |    xor   |      0|  0|  16|          16|          16|
    |xor_ln281_fu_306_p2    |    xor   |      0|  0|  32|          32|          32|
    +-----------------------+----------+-------+---+----+------------+------------+
    |Total                  |          |      0|  0| 280|         250|         247|
    +-----------------------+----------+-------+---+----+------------+------------+

    * Multiplexer: 
    +--------------------------+----+-----------+-----+-----------+
    |           Name           | LUT| Input Size| Bits| Total Bits|
    +--------------------------+----+-----------+-----+-----------+
    |Blowfish_pary_s_address0  |  15|          3|    5|         15|
    |Blowfish_sbox_s_address0  |  15|          3|   10|         30|
    |Blowfish_sbox_s_address1  |  15|          3|   10|         30|
    |ap_NS_fsm                 |  38|          7|    1|          7|
    |ap_return_0               |   9|          2|   32|         64|
    |ap_return_1               |   9|          2|   32|         64|
    |i_0_reg_164               |   9|          2|    5|         10|
    |right_new_0_reg_154       |   9|          2|   32|         64|
    |temp_reg_144              |   9|          2|   32|         64|
    +--------------------------+----+-----------+-----+-----------+
    |Total                     | 128|         26|  159|        348|
    +--------------------------+----+-----------+-----+-----------+

    * Register: 
    +---------------------+----+----+-----+-----------+
    |         Name        | FF | LUT| Bits| Const Bits|
    +---------------------+----+----+-----+-----------+
    |add_ln281_reg_399    |  32|   0|   32|          0|
    |ap_CS_fsm            |   6|   0|    6|          0|
    |ap_return_0_preg     |  32|   0|   32|          0|
    |ap_return_1_preg     |  32|   0|   32|          0|
    |c_reg_379            |   8|   0|    8|          0|
    |d_reg_384            |   8|   0|    8|          0|
    |i_0_reg_164          |   5|   0|    5|          0|
    |i_reg_354            |   5|   0|    5|          0|
    |right_new_0_reg_154  |  32|   0|   32|          0|
    |temp_1_reg_374       |  32|   0|   32|          0|
    |temp_reg_144         |  32|   0|   32|          0|
    +---------------------+----+----+-----+-----------+
    |Total                | 224|   0|  224|          0|
    +---------------------+----+----+-----+-----------+



================================================================
== Interface
================================================================
* Summary: 
+--------------------------+-----+-----+------------+-----------------+--------------+
|         RTL Ports        | Dir | Bits|  Protocol  |  Source Object  |    C Type    |
+--------------------------+-----+-----+------------+-----------------+--------------+
|ap_clk                    |  in |    1| ap_ctrl_hs |  sEncryptBlock  | return value |
|ap_rst                    |  in |    1| ap_ctrl_hs |  sEncryptBlock  | return value |
|ap_start                  |  in |    1| ap_ctrl_hs |  sEncryptBlock  | return value |
|ap_done                   | out |    1| ap_ctrl_hs |  sEncryptBlock  | return value |
|ap_idle                   | out |    1| ap_ctrl_hs |  sEncryptBlock  | return value |
|ap_ready                  | out |    1| ap_ctrl_hs |  sEncryptBlock  | return value |
|ap_return_0               | out |   32| ap_ctrl_hs |  sEncryptBlock  | return value |
|ap_return_1               | out |   32| ap_ctrl_hs |  sEncryptBlock  | return value |
|Blowfish_pary_s_address0  | out |    5|  ap_memory | Blowfish_pary_s |     array    |
|Blowfish_pary_s_ce0       | out |    1|  ap_memory | Blowfish_pary_s |     array    |
|Blowfish_pary_s_q0        |  in |   32|  ap_memory | Blowfish_pary_s |     array    |
|Blowfish_pary_s_address1  | out |    5|  ap_memory | Blowfish_pary_s |     array    |
|Blowfish_pary_s_ce1       | out |    1|  ap_memory | Blowfish_pary_s |     array    |
|Blowfish_pary_s_q1        |  in |   32|  ap_memory | Blowfish_pary_s |     array    |
|Blowfish_sbox_s_address0  | out |   10|  ap_memory | Blowfish_sbox_s |     array    |
|Blowfish_sbox_s_ce0       | out |    1|  ap_memory | Blowfish_sbox_s |     array    |
|Blowfish_sbox_s_q0        |  in |   32|  ap_memory | Blowfish_sbox_s |     array    |
|Blowfish_sbox_s_address1  | out |   10|  ap_memory | Blowfish_sbox_s |     array    |
|Blowfish_sbox_s_ce1       | out |    1|  ap_memory | Blowfish_sbox_s |     array    |
|Blowfish_sbox_s_q1        |  in |   32|  ap_memory | Blowfish_sbox_s |     array    |
|left_r                    |  in |   32|   ap_none  |      left_r     |    scalar    |
|right_r                   |  in |   32|   ap_none  |     right_r     |    scalar    |
+--------------------------+-----+-----+------------+-----------------+--------------+

