

================================================================
== Vivado HLS Report for 'Blowfish_Encrypt_Decrypt_SetKey'
================================================================
* Date:           Fri Nov 15 16:39:42 2024

* Version:        2019.2 (Build 2704478 on Wed Nov 06 22:10:23 MST 2019)
* Project:        blowfish.prj
* Solution:       solution1
* Product family: zynq
* Target device:  xc7z020-clg484-1


================================================================
== Performance Estimates
================================================================
+ Timing: 
    * Summary: 
    +--------+----------+----------+------------+
    |  Clock |  Target  | Estimated| Uncertainty|
    +--------+----------+----------+------------+
    |ap_clk  | 10.00 ns | 6.992 ns |   1.25 ns  |
    +--------+----------+----------+------------+

+ Latency: 
    * Summary: 
    +---------+---------+----------+----------+-----+-------+---------+
    |  Latency (cycles) |  Latency (absolute) |   Interval  | Pipeline|
    |   min   |   max   |    min   |    max   | min |  max  |   Type  |
    +---------+---------+----------+----------+-----+-------+---------+
    |      184|    38612| 1.840 us | 0.386 ms |  184|  38612|   none  |
    +---------+---------+----------+----------+-----+-------+---------+

    + Detail: 
        * Instance: 
        +-------------------+---------+---------+---------+----------+----------+-------+-------+---------+
        |                   |         |  Latency (cycles) |  Latency (absolute) |    Interval   | Pipeline|
        |      Instance     |  Module |   min   |   max   |    min   |    max   |  min  |  max  |   Type  |
        +-------------------+---------+---------+---------+----------+----------+-------+-------+---------+
        |grp_SetKey_fu_48   |SetKey   |    38273|    38427| 0.383 ms | 0.384 ms |  38273|  38427|   none  |
        |grp_Decrypt_fu_64  |Decrypt  |       90|       90| 0.900 us | 0.900 us |     90|     90|   none  |
        |grp_Encrypt_fu_76  |Encrypt  |       90|       90| 0.900 us | 0.900 us |     90|     90|   none  |
        +-------------------+---------+---------+---------+----------+----------+-------+-------+---------+

        * Loop: 
        N/A

============================================================
+ Verbose Summary: Synthesis Manager
============================================================
InlineROM: 1
ExposeGlobal: 0
============================================================
+ Verbose Summary: CDFG Model
============================================================
IsTopModel: 1
ResetActiveHigh: 1
IsCombinational: 0
IsDatapathOnly: 0
HasWiredReturn: 1
HasMFsm: 0
HasVarLatency: 1
IsPipeline: 0
IsRtlPipelined: 0
IsInstanceOverlapped: 0
IsDontTouch: 0
HasImplIP: 0
IsGatedGlobalClock: 0


============================================================
+ Verbose Summary: Schedule
============================================================
* Number of FSM states : 6
* Pipeline : 0
* Dataflow Pipeline: 0

* FSM state transitions: 
1 --> 2 3 
2 --> 3 
3 --> 4 
4 --> 5 
5 --> 6 
6 --> 

* FSM state operations: 

State 1 <SV = 0> <Delay = 0.00>
ST_1 : Operation 7 [1/1] (0.00ns)   --->   "call void (...)* @_ssdm_op_SpecBitsMap([18 x i32]* %Blowfish_pary_s), !map !40"   --->   Operation 7 'specbitsmap' <Predicate = true> <Delay = 0.00>
ST_1 : Operation 8 [1/1] (0.00ns)   --->   "call void (...)* @_ssdm_op_SpecBitsMap([1024 x i32]* %Blowfish_sbox_s), !map !46"   --->   Operation 8 'specbitsmap' <Predicate = true> <Delay = 0.00>
ST_1 : Operation 9 [1/1] (0.00ns)   --->   "call void (...)* @_ssdm_op_SpecBitsMap(i1 %set_key), !map !53"   --->   Operation 9 'specbitsmap' <Predicate = true> <Delay = 0.00>
ST_1 : Operation 10 [1/1] (0.00ns)   --->   "call void (...)* @_ssdm_op_SpecBitsMap([56 x i8]* %key), !map !59"   --->   Operation 10 'specbitsmap' <Predicate = true> <Delay = 0.00>
ST_1 : Operation 11 [1/1] (0.00ns)   --->   "call void (...)* @_ssdm_op_SpecBitsMap(i32 %key_byte_length), !map !65"   --->   Operation 11 'specbitsmap' <Predicate = true> <Delay = 0.00>
ST_1 : Operation 12 [1/1] (0.00ns)   --->   "call void (...)* @_ssdm_op_SpecBitsMap([8 x i8]* %decrypted), !map !69"   --->   Operation 12 'specbitsmap' <Predicate = true> <Delay = 0.00>
ST_1 : Operation 13 [1/1] (0.00ns)   --->   "call void (...)* @_ssdm_op_SpecBitsMap([8 x i8]* %encrypted), !map !75"   --->   Operation 13 'specbitsmap' <Predicate = true> <Delay = 0.00>
ST_1 : Operation 14 [1/1] (0.00ns)   --->   "call void (...)* @_ssdm_op_SpecBitsMap([8 x i8]* %plaintext), !map !79"   --->   Operation 14 'specbitsmap' <Predicate = true> <Delay = 0.00>
ST_1 : Operation 15 [1/1] (0.00ns)   --->   "call void (...)* @_ssdm_op_SpecTopModule([33 x i8]* @Blowfish_KD_KD_Encr) nounwind"   --->   Operation 15 'spectopmodule' <Predicate = true> <Delay = 0.00>
ST_1 : Operation 16 [1/1] (0.00ns)   --->   "%key_byte_length_read = call i32 @_ssdm_op_Read.ap_auto.i32(i32 %key_byte_length)" [blowfish.cpp:295]   --->   Operation 16 'read' 'key_byte_length_read' <Predicate = true> <Delay = 0.00>
ST_1 : Operation 17 [1/1] (0.00ns)   --->   "%set_key_read = call i1 @_ssdm_op_Read.ap_auto.i1(i1 %set_key)" [blowfish.cpp:295]   --->   Operation 17 'read' 'set_key_read' <Predicate = true> <Delay = 0.00>
ST_1 : Operation 18 [1/1] (0.00ns)   --->   "br i1 %set_key_read, label %1, label %._crit_edge" [blowfish.cpp:296]   --->   Operation 18 'br' <Predicate = true> <Delay = 0.00>
ST_1 : Operation 19 [2/2] (0.00ns)   --->   "call fastcc void @SetKey([18 x i32]* %Blowfish_pary_s, [1024 x i32]* %Blowfish_sbox_s, [56 x i8]* %key, i32 %key_byte_length_read)" [blowfish.cpp:297]   --->   Operation 19 'call' <Predicate = (set_key_read)> <Delay = 0.00> <CoreType = "Generic">   --->   Core 0 '' <Latency = 0> <II = 1> <Delay = 1.00> <Generic> <Opcode : >

State 2 <SV = 1> <Delay = 0.00>
ST_2 : Operation 20 [1/2] (0.00ns)   --->   "call fastcc void @SetKey([18 x i32]* %Blowfish_pary_s, [1024 x i32]* %Blowfish_sbox_s, [56 x i8]* %key, i32 %key_byte_length_read)" [blowfish.cpp:297]   --->   Operation 20 'call' <Predicate = true> <Delay = 0.00> <CoreType = "Generic">   --->   Core 0 '' <Latency = 0> <II = 1> <Delay = 1.00> <Generic> <Opcode : >
ST_2 : Operation 21 [1/1] (0.00ns)   --->   "br label %._crit_edge" [blowfish.cpp:298]   --->   Operation 21 'br' <Predicate = true> <Delay = 0.00>

State 3 <SV = 2> <Delay = 0.00>
ST_3 : Operation 22 [2/2] (0.00ns)   --->   "call fastcc void @Encrypt([18 x i32]* %Blowfish_pary_s, [1024 x i32]* %Blowfish_sbox_s, [8 x i8]* %encrypted, [8 x i8]* %plaintext)" [blowfish.cpp:300]   --->   Operation 22 'call' <Predicate = true> <Delay = 0.00> <CoreType = "Generic">   --->   Core 0 '' <Latency = 0> <II = 1> <Delay = 1.00> <Generic> <Opcode : >

State 4 <SV = 3> <Delay = 0.00>
ST_4 : Operation 23 [1/2] (0.00ns)   --->   "call fastcc void @Encrypt([18 x i32]* %Blowfish_pary_s, [1024 x i32]* %Blowfish_sbox_s, [8 x i8]* %encrypted, [8 x i8]* %plaintext)" [blowfish.cpp:300]   --->   Operation 23 'call' <Predicate = true> <Delay = 0.00> <CoreType = "Generic">   --->   Core 0 '' <Latency = 0> <II = 1> <Delay = 1.00> <Generic> <Opcode : >

State 5 <SV = 4> <Delay = 0.00>
ST_5 : Operation 24 [2/2] (0.00ns)   --->   "call fastcc void @Decrypt([18 x i32]* %Blowfish_pary_s, [1024 x i32]* %Blowfish_sbox_s, [8 x i8]* %decrypted, [8 x i8]* %encrypted)" [blowfish.cpp:301]   --->   Operation 24 'call' <Predicate = true> <Delay = 0.00> <CoreType = "Generic">   --->   Core 0 '' <Latency = 0> <II = 1> <Delay = 1.00> <Generic> <Opcode : >

State 6 <SV = 5> <Delay = 0.00>
ST_6 : Operation 25 [1/2] (0.00ns)   --->   "call fastcc void @Decrypt([18 x i32]* %Blowfish_pary_s, [1024 x i32]* %Blowfish_sbox_s, [8 x i8]* %decrypted, [8 x i8]* %encrypted)" [blowfish.cpp:301]   --->   Operation 25 'call' <Predicate = true> <Delay = 0.00> <CoreType = "Generic">   --->   Core 0 '' <Latency = 0> <II = 1> <Delay = 1.00> <Generic> <Opcode : >
ST_6 : Operation 26 [1/1] (0.00ns)   --->   "ret void" [blowfish.cpp:302]   --->   Operation 26 'ret' <Predicate = true> <Delay = 0.00>


============================================================
+ Verbose Summary: Binding
============================================================
STG Binding: 
---------------- STG Properties BEGIN ----------------
- Is combinational: 0
- Is one-state seq: 0
- Is datapath-only: 0
- Is pipelined: 0
- Is top level: 1
Port [ Return ] is wired: 1; IO mode=ap_ctrl_hs:ce=0
Port [ Blowfish_pary_s]:  wired=1; compound=1; hidden=0; nouse=0; global=0; static=0; extern=0; dir=2; type=1; pingpong=0; private_global=0; MemPort=[22]; IO mode=ap_memory:ce=0
Port [ Blowfish_sbox_s]:  wired=1; compound=1; hidden=0; nouse=0; global=0; static=0; extern=0; dir=2; type=1; pingpong=0; private_global=0; MemPort=[22]; IO mode=ap_memory:ce=0
Port [ set_key]:  wired=1; compound=0; hidden=0; nouse=0; global=0; static=0; extern=0; dir=0; type=0; pingpong=0; private_global=0; IO mode=ap_none:ce=0
Port [ key]:  wired=1; compound=1; hidden=0; nouse=0; global=0; static=0; extern=0; dir=0; type=1; pingpong=0; private_global=0; MemPort=[11]; IO mode=ap_memory:ce=0
Port [ key_byte_length]:  wired=1; compound=0; hidden=0; nouse=0; global=0; static=0; extern=0; dir=0; type=0; pingpong=0; private_global=0; IO mode=ap_none:ce=0
Port [ decrypted]:  wired=1; compound=1; hidden=0; nouse=0; global=0; static=0; extern=0; dir=2; type=1; pingpong=0; private_global=0; MemPort=[22]; IO mode=ap_memory:ce=0
Port [ encrypted]:  wired=1; compound=1; hidden=0; nouse=0; global=0; static=0; extern=0; dir=2; type=1; pingpong=0; private_global=0; MemPort=[22]; IO mode=ap_memory:ce=0
Port [ plaintext]:  wired=1; compound=1; hidden=0; nouse=0; global=0; static=0; extern=0; dir=0; type=1; pingpong=0; private_global=0; MemPort=[13]; IO mode=ap_memory:ce=0
Port [ initial_parray]:  wired=0; compound=1; hidden=1; nouse=1; global=1; static=1; extern=0; dir=0; type=1; pingpong=0; private_global=0; linkage=7; visibility=0; MemPort=[1]; IO mode=ap_memory:ce=0
Port [ initial_sbox]:  wired=0; compound=1; hidden=1; nouse=1; global=1; static=1; extern=0; dir=0; type=1; pingpong=0; private_global=0; linkage=7; visibility=0; MemPort=[1]; IO mode=ap_memory:ce=0
---------------- STG Properties END ------------------

---------------- Datapath Model BEGIN ----------------

<LifeTime>
<method=bitvector/>
specbitsmap_ln0      (specbitsmap  ) [ 0000000]
specbitsmap_ln0      (specbitsmap  ) [ 0000000]
specbitsmap_ln0      (specbitsmap  ) [ 0000000]
specbitsmap_ln0      (specbitsmap  ) [ 0000000]
specbitsmap_ln0      (specbitsmap  ) [ 0000000]
specbitsmap_ln0      (specbitsmap  ) [ 0000000]
specbitsmap_ln0      (specbitsmap  ) [ 0000000]
specbitsmap_ln0      (specbitsmap  ) [ 0000000]
spectopmodule_ln0    (spectopmodule) [ 0000000]
key_byte_length_read (read         ) [ 0010000]
set_key_read         (read         ) [ 0100000]
br_ln296             (br           ) [ 0000000]
call_ln297           (call         ) [ 0000000]
br_ln298             (br           ) [ 0000000]
call_ln300           (call         ) [ 0000000]
call_ln301           (call         ) [ 0000000]
ret_ln302            (ret          ) [ 0000000]
</LifeTime>

<model>

<comp_list>
<comp id="0" class="1000" name="Blowfish_pary_s">
<pin_list>
<pin id="1" dir="1" index="0" bw="1" slack="0"/>
</pin_list>
<bind>
<StgValue><ssdm name="Blowfish_pary_s"/><MemPortTyVec>2 2 </MemPortTyVec>
</StgValue>
</bind>
</comp>

<comp id="2" class="1000" name="Blowfish_sbox_s">
<pin_list>
<pin id="3" dir="1" index="0" bw="1" slack="0"/>
</pin_list>
<bind>
<StgValue><ssdm name="Blowfish_sbox_s"/><MemPortTyVec>2 2 </MemPortTyVec>
</StgValue>
</bind>
</comp>

<comp id="4" class="1000" name="set_key">
<pin_list>
<pin id="5" dir="1" index="0" bw="1" slack="0"/>
</pin_list>
<bind>
<StgValue><ssdm name="set_key"/></StgValue>
</bind>
</comp>

<comp id="6" class="1000" name="key">
<pin_list>
<pin id="7" dir="1" index="0" bw="1" slack="0"/>
</pin_list>
<bind>
<StgValue><ssdm name="key"/><MemPortTyVec>1 1 </MemPortTyVec>
</StgValue>
</bind>
</comp>

<comp id="8" class="1000" name="key_byte_length">
<pin_list>
<pin id="9" dir="1" index="0" bw="1" slack="0"/>
</pin_list>
<bind>
<StgValue><ssdm name="key_byte_length"/></StgValue>
</bind>
</comp>

<comp id="10" class="1000" name="decrypted">
<pin_list>
<pin id="11" dir="1" index="0" bw="1" slack="0"/>
</pin_list>
<bind>
<StgValue><ssdm name="decrypted"/><MemPortTyVec>2 2 </MemPortTyVec>
</StgValue>
</bind>
</comp>

<comp id="12" class="1000" name="encrypted">
<pin_list>
<pin id="13" dir="1" index="0" bw="1" slack="0"/>
</pin_list>
<bind>
<StgValue><ssdm name="encrypted"/><MemPortTyVec>2 2 </MemPortTyVec>
</StgValue>
</bind>
</comp>

<comp id="14" class="1000" name="plaintext">
<pin_list>
<pin id="15" dir="1" index="0" bw="1" slack="0"/>
</pin_list>
<bind>
<StgValue><ssdm name="plaintext"/><MemPortTyVec>1 3 </MemPortTyVec>
</StgValue>
</bind>
</comp>

<comp id="16" class="1000" name="initial_parray">
<pin_list>
<pin id="17" dir="1" index="0" bw="1" slack="0"/>
</pin_list>
<bind>
<StgValue><ssdm name="initial_parray"/><MemPortTyVec>1 </MemPortTyVec>
</StgValue>
</bind>
</comp>

<comp id="18" class="1000" name="initial_sbox">
<pin_list>
<pin id="19" dir="1" index="0" bw="1" slack="0"/>
</pin_list>
<bind>
<StgValue><ssdm name="initial_sbox"/><MemPortTyVec>1 </MemPortTyVec>
</StgValue>
</bind>
</comp>

<comp id="20" class="1001" name="const_20">
<pin_list>
<pin id="21" dir="1" index="0" bw="1" slack="2147483647"/>
</pin_list>
<bind>
<StgValue><ssdm name="_ssdm_op_SpecBitsMap"/></StgValue>
</bind>
</comp>

<comp id="22" class="1001" name="const_22">
<pin_list>
<pin id="23" dir="1" index="0" bw="1" slack="2147483647"/>
</pin_list>
<bind>
<StgValue><ssdm name="_ssdm_op_SpecTopModule"/></StgValue>
</bind>
</comp>

<comp id="24" class="1001" name="const_24">
<pin_list>
<pin id="25" dir="1" index="0" bw="1" slack="2147483647"/>
</pin_list>
<bind>
<StgValue><ssdm name="Blowfish_KD_KD_Encr"/></StgValue>
</bind>
</comp>

<comp id="26" class="1001" name="const_26">
<pin_list>
<pin id="27" dir="1" index="0" bw="1" slack="0"/>
</pin_list>
<bind>
<StgValue><ssdm name="_ssdm_op_Read.ap_auto.i32"/></StgValue>
</bind>
</comp>

<comp id="28" class="1001" name="const_28">
<pin_list>
<pin id="29" dir="1" index="0" bw="1" slack="0"/>
</pin_list>
<bind>
<StgValue><ssdm name="_ssdm_op_Read.ap_auto.i1"/></StgValue>
</bind>
</comp>

<comp id="30" class="1001" name="const_30">
<pin_list>
<pin id="31" dir="1" index="0" bw="1" slack="0"/>
</pin_list>
<bind>
<StgValue><ssdm name="SetKey"/></StgValue>
</bind>
</comp>

<comp id="32" class="1001" name="const_32">
<pin_list>
<pin id="33" dir="1" index="0" bw="1" slack="0"/>
</pin_list>
<bind>
<StgValue><ssdm name="Encrypt"/></StgValue>
</bind>
</comp>

<comp id="34" class="1001" name="const_34">
<pin_list>
<pin id="35" dir="1" index="0" bw="1" slack="0"/>
</pin_list>
<bind>
<StgValue><ssdm name="Decrypt"/></StgValue>
</bind>
</comp>

<comp id="36" class="1004" name="key_byte_length_read_read_fu_36">
<pin_list>
<pin id="37" dir="0" index="0" bw="32" slack="0"/>
<pin id="38" dir="0" index="1" bw="32" slack="0"/>
<pin id="39" dir="1" index="2" bw="32" slack="0"/>
</pin_list>
<bind>
<opcode="read(1150) " fcode="read"/>
<opset="key_byte_length_read/1 "/>
</bind>
</comp>

<comp id="42" class="1004" name="set_key_read_read_fu_42">
<pin_list>
<pin id="43" dir="0" index="0" bw="1" slack="0"/>
<pin id="44" dir="0" index="1" bw="1" slack="0"/>
<pin id="45" dir="1" index="2" bw="1" slack="2147483647"/>
</pin_list>
<bind>
<opcode="read(1150) " fcode="read"/>
<opset="set_key_read/1 "/>
</bind>
</comp>

<comp id="48" class="1004" name="grp_SetKey_fu_48">
<pin_list>
<pin id="49" dir="0" index="0" bw="0" slack="0"/>
<pin id="50" dir="0" index="1" bw="32" slack="0"/>
<pin id="51" dir="0" index="2" bw="32" slack="0"/>
<pin id="52" dir="0" index="3" bw="8" slack="0"/>
<pin id="53" dir="0" index="4" bw="32" slack="0"/>
<pin id="54" dir="0" index="5" bw="32" slack="0"/>
<pin id="55" dir="0" index="6" bw="32" slack="0"/>
<pin id="56" dir="1" index="7" bw="0" slack="2147483647"/>
</pin_list>
<bind>
<opcode="call(48) " fcode="call"/>
<opset="call_ln297/1 "/>
</bind>
</comp>

<comp id="64" class="1004" name="grp_Decrypt_fu_64">
<pin_list>
<pin id="65" dir="0" index="0" bw="0" slack="0"/>
<pin id="66" dir="0" index="1" bw="32" slack="0"/>
<pin id="67" dir="0" index="2" bw="32" slack="0"/>
<pin id="68" dir="0" index="3" bw="8" slack="0"/>
<pin id="69" dir="0" index="4" bw="8" slack="0"/>
<pin id="70" dir="1" index="5" bw="0" slack="2147483647"/>
</pin_list>
<bind>
<opcode="call(48) " fcode="call"/>
<opset="call_ln301/5 "/>
</bind>
</comp>

<comp id="76" class="1004" name="grp_Encrypt_fu_76">
<pin_list>
<pin id="77" dir="0" index="0" bw="0" slack="0"/>
<pin id="78" dir="0" index="1" bw="32" slack="0"/>
<pin id="79" dir="0" index="2" bw="32" slack="0"/>
<pin id="80" dir="0" index="3" bw="8" slack="0"/>
<pin id="81" dir="0" index="4" bw="8" slack="0"/>
<pin id="82" dir="1" index="5" bw="0" slack="2147483647"/>
</pin_list>
<bind>
<opcode="call(48) " fcode="call"/>
<opset="call_ln300/3 "/>
</bind>
</comp>

<comp id="88" class="1005" name="key_byte_length_read_reg_88">
<pin_list>
<pin id="89" dir="0" index="0" bw="32" slack="1"/>
<pin id="90" dir="1" index="1" bw="32" slack="1"/>
</pin_list>
<bind>
<opset="key_byte_length_read "/>
</bind>
</comp>

</comp_list>

<net_list>
<net id="40"><net_src comp="26" pin="0"/><net_sink comp="36" pin=0"/></net>

<net id="41"><net_src comp="8" pin="0"/><net_sink comp="36" pin=1"/></net>

<net id="46"><net_src comp="28" pin="0"/><net_sink comp="42" pin=0"/></net>

<net id="47"><net_src comp="4" pin="0"/><net_sink comp="42" pin=1"/></net>

<net id="57"><net_src comp="30" pin="0"/><net_sink comp="48" pin=0"/></net>

<net id="58"><net_src comp="0" pin="0"/><net_sink comp="48" pin=1"/></net>

<net id="59"><net_src comp="2" pin="0"/><net_sink comp="48" pin=2"/></net>

<net id="60"><net_src comp="6" pin="0"/><net_sink comp="48" pin=3"/></net>

<net id="61"><net_src comp="36" pin="2"/><net_sink comp="48" pin=4"/></net>

<net id="62"><net_src comp="16" pin="0"/><net_sink comp="48" pin=5"/></net>

<net id="63"><net_src comp="18" pin="0"/><net_sink comp="48" pin=6"/></net>

<net id="71"><net_src comp="34" pin="0"/><net_sink comp="64" pin=0"/></net>

<net id="72"><net_src comp="0" pin="0"/><net_sink comp="64" pin=1"/></net>

<net id="73"><net_src comp="2" pin="0"/><net_sink comp="64" pin=2"/></net>

<net id="74"><net_src comp="10" pin="0"/><net_sink comp="64" pin=3"/></net>

<net id="75"><net_src comp="12" pin="0"/><net_sink comp="64" pin=4"/></net>

<net id="83"><net_src comp="32" pin="0"/><net_sink comp="76" pin=0"/></net>

<net id="84"><net_src comp="0" pin="0"/><net_sink comp="76" pin=1"/></net>

<net id="85"><net_src comp="2" pin="0"/><net_sink comp="76" pin=2"/></net>

<net id="86"><net_src comp="12" pin="0"/><net_sink comp="76" pin=3"/></net>

<net id="87"><net_src comp="14" pin="0"/><net_sink comp="76" pin=4"/></net>

<net id="91"><net_src comp="36" pin="2"/><net_sink comp="88" pin=0"/></net>

<net id="92"><net_src comp="88" pin="1"/><net_sink comp="48" pin=4"/></net>

</net_list>

</model> 
---------------- Datapath Model END ------------------

* FSMD analyzer results:
  - Output states:
	Port: Blowfish_pary_s | {1 2 }
	Port: Blowfish_sbox_s | {1 2 }
	Port: decrypted | {5 6 }
	Port: encrypted | {3 4 }
 - Input state : 
	Port: Blowfish::Encrypt_Decrypt_SetKey : Blowfish_pary_s | {1 2 3 4 5 6 }
	Port: Blowfish::Encrypt_Decrypt_SetKey : Blowfish_sbox_s | {1 2 3 4 5 6 }
	Port: Blowfish::Encrypt_Decrypt_SetKey : set_key | {1 }
	Port: Blowfish::Encrypt_Decrypt_SetKey : key | {1 2 }
	Port: Blowfish::Encrypt_Decrypt_SetKey : key_byte_length | {1 }
	Port: Blowfish::Encrypt_Decrypt_SetKey : decrypted | {5 6 }
	Port: Blowfish::Encrypt_Decrypt_SetKey : encrypted | {3 4 5 6 }
	Port: Blowfish::Encrypt_Decrypt_SetKey : plaintext | {3 4 }
	Port: Blowfish::Encrypt_Decrypt_SetKey : initial_parray | {1 2 }
	Port: Blowfish::Encrypt_Decrypt_SetKey : initial_sbox | {1 2 }
  - Chain level:
	State 1
	State 2
	State 3
	State 4
	State 5
	State 6


============================================================
+ Verbose Summary: Datapath Resource usage 
============================================================

* Functional unit list:
|----------|---------------------------------|---------|---------|---------|---------|---------|
| Operation|         Functional Unit         |   BRAM  |  Delay  |    FF   |   LUT   |   URAM  |
|----------|---------------------------------|---------|---------|---------|---------|---------|
|          |         grp_SetKey_fu_48        |    0    | 46.6345 |   2977  |   2161  |    0    |
|   call   |        grp_Decrypt_fu_64        |    0    | 15.2609 |   484   |   633   |    0    |
|          |        grp_Encrypt_fu_76        |    0    | 15.2609 |   484   |   618   |    0    |
|----------|---------------------------------|---------|---------|---------|---------|---------|
|   read   | key_byte_length_read_read_fu_36 |    0    |    0    |    0    |    0    |    0    |
|          |     set_key_read_read_fu_42     |    0    |    0    |    0    |    0    |    0    |
|----------|---------------------------------|---------|---------|---------|---------|---------|
|   Total  |                                 |    0    | 77.1564 |   3945  |   3412  |    0    |
|----------|---------------------------------|---------|---------|---------|---------|---------|

Memories:
+--------------+--------+--------+--------+
|              |  BRAM  |   FF   |   LUT  |
+--------------+--------+--------+--------+
|initial_parray|    0   |   32   |    9   |
| initial_sbox |    2   |    0   |    0   |
+--------------+--------+--------+--------+
|     Total    |    2   |   32   |    9   |
+--------------+--------+--------+--------+

* Register list:
+---------------------------+--------+
|                           |   FF   |
+---------------------------+--------+
|key_byte_length_read_reg_88|   32   |
+---------------------------+--------+
|           Total           |   32   |
+---------------------------+--------+

* Multiplexer (MUX) list: 
|------------------|------|------|------|--------||---------||---------|
|       Comp       |  Pin | Size |  BW  | S x BW ||  Delay  ||   LUT   |
|------------------|------|------|------|--------||---------||---------|
| grp_SetKey_fu_48 |  p4  |   2  |  32  |   64   ||    9    |
|------------------|------|------|------|--------||---------||---------|
|       Total      |      |      |      |   64   ||  1.769  ||    9    |
|------------------|------|------|------|--------||---------||---------|



* Summary:
+-----------+--------+--------+--------+--------+--------+
|           |  BRAM  |  Delay |   FF   |   LUT  |  URAM  |
+-----------+--------+--------+--------+--------+--------+
|  Function |    0   |   77   |  3945  |  3412  |    0   |
|   Memory  |    2   |    -   |   32   |    9   |    -   |
|Multiplexer|    -   |    1   |    -   |    9   |    -   |
|  Register |    -   |    -   |   32   |    -   |    -   |
+-----------+--------+--------+--------+--------+--------+
|   Total   |    2   |   78   |  4009  |  3430  |    0   |
+-----------+--------+--------+--------+--------+--------+
