==============================================================
Vivado(TM) HLS - High-Level Synthesis from C, C++ and SystemC v2019.2 (64-bit)
Copyright 1986-2019 Xilinx, Inc. All Rights Reserved.
==============================================================
INFO: [HLS 200-10] Setting target device to 'xc7z020-clg484-1'
INFO: [SYN 201-201] Setting up clock 'default' with a period of 10ns.
INFO: [SIM 211-2] *************** CSIM start ***************
INFO: [SIM 211-4] CSIM will launch GCC as the compiler.
INFO: [SIM 211-1] CSim done with 0 errors.
INFO: [SIM 211-3] *************** CSIM finish ***************
INFO: [SCHED 204-61] Option 'relax_ii_for_timing' is enabled, will increase II to preserve clock frequency constraints.
INFO: [HLS 200-10] Analyzing design file 'blowfish.cpp' ... 
INFO: [HLS 200-111] Finished Linking Time (s): cpu = 00:00:06 ; elapsed = 00:00:08 . Memory (MB): peak = 1168.148 ; gain = 530.125 ; free physical = 20777 ; free virtual = 29943
INFO: [HLS 200-111] Finished Checking Pragmas Time (s): cpu = 00:00:06 ; elapsed = 00:00:08 . Memory (MB): peak = 1168.148 ; gain = 530.125 ; free physical = 20777 ; free virtual = 29943
INFO: [HLS 200-10] Starting code transformations ...
INFO: [HLS 200-111] Finished Standard Transforms Time (s): cpu = 00:00:07 ; elapsed = 00:00:08 . Memory (MB): peak = 1168.148 ; gain = 530.125 ; free physical = 20774 ; free virtual = 29940
INFO: [HLS 200-10] Checking synthesizability ...
INFO: [XFORM 203-602] Inlining function 'feistel' into 'Encrypt_SetKey' (blowfish.cpp:51) automatically.
INFO: [XFORM 203-602] Inlining function 'std::swap<unsigned int>' into 'Encrypt_SetKey' (blowfish.cpp:52) automatically.
INFO: [XFORM 203-602] Inlining function 'blockToWords' into 'Blowfish_Encrypt' (blowfish.cpp:62) automatically.
INFO: [XFORM 203-602] Inlining function 'feistel' into 'Blowfish_Encrypt' (blowfish.cpp:67) automatically.
INFO: [XFORM 203-602] Inlining function 'std::swap<unsigned int>' into 'Blowfish_Encrypt' (blowfish.cpp:68) automatically.
INFO: [XFORM 203-602] Inlining function 'wordsToBlock' into 'Blowfish_Encrypt' (blowfish.cpp:73) automatically.
INFO: [HLS 200-111] Finished Checking Synthesizability Time (s): cpu = 00:00:07 ; elapsed = 00:00:08 . Memory (MB): peak = 1168.148 ; gain = 530.125 ; free physical = 20771 ; free virtual = 29937
INFO: [XFORM 203-602] Inlining function 'feistel' into 'Encrypt_SetKey' (blowfish.cpp:51) automatically.
INFO: [XFORM 203-602] Inlining function 'std::swap<unsigned int>' into 'Encrypt_SetKey' (blowfish.cpp:52) automatically.
INFO: [XFORM 203-602] Inlining function 'blockToWords' into 'Blowfish_Encrypt' (blowfish.cpp:62) automatically.
INFO: [XFORM 203-602] Inlining function 'feistel' into 'Blowfish_Encrypt' (blowfish.cpp:67) automatically.
INFO: [XFORM 203-602] Inlining function 'std::swap<unsigned int>' into 'Blowfish_Encrypt' (blowfish.cpp:68) automatically.
INFO: [XFORM 203-602] Inlining function 'wordsToBlock' into 'Blowfish_Encrypt' (blowfish.cpp:73) automatically.
INFO: [HLS 200-111] Finished Pre-synthesis Time (s): cpu = 00:00:07 ; elapsed = 00:00:09 . Memory (MB): peak = 1168.148 ; gain = 530.125 ; free physical = 20745 ; free virtual = 29912
INFO: [HLS 200-111] Finished Architecture Synthesis Time (s): cpu = 00:00:07 ; elapsed = 00:00:09 . Memory (MB): peak = 1168.148 ; gain = 530.125 ; free physical = 20727 ; free virtual = 29893
INFO: [HLS 200-10] Starting hardware synthesis ...
INFO: [HLS 200-10] Synthesizing 'Blowfish_SetKey_Encrypt' ...
INFO: [HLS 200-10] ----------------------------------------------------------------
INFO: [HLS 200-42] -- Implementing module 'Encrypt_SetKey' 
INFO: [HLS 200-10] ----------------------------------------------------------------
INFO: [SCHED 204-11] Starting scheduling ...
INFO: [SCHED 204-11] Finished scheduling.
INFO: [HLS 200-111]  Elapsed time: 8.79 seconds; current allocated memory: 153.933 MB.
INFO: [BIND 205-100] Starting micro-architecture generation ...
INFO: [BIND 205-101] Performing variable lifetime analysis.
INFO: [BIND 205-101] Exploring resource sharing.
INFO: [BIND 205-101] Binding ...
INFO: [BIND 205-100] Finished micro-architecture generation.
INFO: [HLS 200-111]  Elapsed time: 0.03 seconds; current allocated memory: 154.164 MB.
INFO: [HLS 200-10] ----------------------------------------------------------------
INFO: [HLS 200-42] -- Implementing module 'Blowfish_SetKey' 
INFO: [HLS 200-10] ----------------------------------------------------------------
INFO: [SCHED 204-11] Starting scheduling ...
INFO: [SCHED 204-11] Finished scheduling.
INFO: [HLS 200-111]  Elapsed time: 0.06 seconds; current allocated memory: 154.669 MB.
INFO: [BIND 205-100] Starting micro-architecture generation ...
INFO: [BIND 205-101] Performing variable lifetime analysis.
INFO: [BIND 205-101] Exploring resource sharing.
INFO: [BIND 205-101] Binding ...
INFO: [BIND 205-100] Finished micro-architecture generation.
INFO: [HLS 200-111]  Elapsed time: 0.07 seconds; current allocated memory: 155.274 MB.
INFO: [HLS 200-10] ----------------------------------------------------------------
INFO: [HLS 200-42] -- Implementing module 'Blowfish_Encrypt' 
INFO: [HLS 200-10] ----------------------------------------------------------------
INFO: [SCHED 204-11] Starting scheduling ...
INFO: [SCHED 204-11] Finished scheduling.
INFO: [HLS 200-111]  Elapsed time: 0.11 seconds; current allocated memory: 155.659 MB.
INFO: [BIND 205-100] Starting micro-architecture generation ...
INFO: [BIND 205-101] Performing variable lifetime analysis.
INFO: [BIND 205-101] Exploring resource sharing.
INFO: [BIND 205-101] Binding ...
INFO: [BIND 205-100] Finished micro-architecture generation.
INFO: [HLS 200-111]  Elapsed time: 0.05 seconds; current allocated memory: 156.079 MB.
INFO: [HLS 200-10] ----------------------------------------------------------------
INFO: [HLS 200-42] -- Implementing module 'Blowfish_SetKey_Encrypt' 
INFO: [HLS 200-10] ----------------------------------------------------------------
INFO: [SCHED 204-11] Starting scheduling ...
INFO: [SCHED 204-11] Finished scheduling.
INFO: [HLS 200-111]  Elapsed time: 0.06 seconds; current allocated memory: 156.147 MB.
INFO: [BIND 205-100] Starting micro-architecture generation ...
INFO: [BIND 205-101] Performing variable lifetime analysis.
INFO: [BIND 205-101] Exploring resource sharing.
INFO: [BIND 205-101] Binding ...
INFO: [BIND 205-100] Finished micro-architecture generation.
INFO: [HLS 200-111]  Elapsed time: 0.05 seconds; current allocated memory: 156.262 MB.
INFO: [HLS 200-10] ----------------------------------------------------------------
INFO: [HLS 200-10] -- Generating RTL for module 'Encrypt_SetKey' 
INFO: [HLS 200-10] ----------------------------------------------------------------
INFO: [RTGEN 206-100] Finished creating RTL model for 'Encrypt_SetKey'.
INFO: [HLS 200-111]  Elapsed time: 0.07 seconds; current allocated memory: 156.720 MB.
INFO: [HLS 200-10] ----------------------------------------------------------------
INFO: [HLS 200-10] -- Generating RTL for module 'Blowfish_SetKey' 
INFO: [HLS 200-10] ----------------------------------------------------------------
INFO: [SYN 201-210] Renamed object name 'Blowfish_SetKey_initial_parray' to 'Blowfish_SetKey_ibkb' due to the length limit 20
INFO: [SYN 201-210] Renamed object name 'Blowfish_SetKey_initial_sbox' to 'Blowfish_SetKey_icud' due to the length limit 20
INFO: [SYN 201-210] Renamed object name 'Blowfish_SetKey_Encrypt_urem_64ns_64ns_64_68_seq_1' to 'Blowfish_SetKey_EdEe' due to the length limit 20
INFO: [RTGEN 206-100] Generating core module 'Blowfish_SetKey_EdEe': 1 instance(s).
INFO: [RTGEN 206-100] Finished creating RTL model for 'Blowfish_SetKey'.
INFO: [HLS 200-111]  Elapsed time: 0.11 seconds; current allocated memory: 158.871 MB.
INFO: [HLS 200-10] ----------------------------------------------------------------
INFO: [HLS 200-10] -- Generating RTL for module 'Blowfish_Encrypt' 
INFO: [HLS 200-10] ----------------------------------------------------------------
INFO: [RTGEN 206-100] Finished creating RTL model for 'Blowfish_Encrypt'.
INFO: [HLS 200-111]  Elapsed time: 0.18 seconds; current allocated memory: 161.713 MB.
INFO: [HLS 200-10] ----------------------------------------------------------------
INFO: [HLS 200-10] -- Generating RTL for module 'Blowfish_SetKey_Encrypt' 
INFO: [HLS 200-10] ----------------------------------------------------------------
INFO: [RTGEN 206-500]==============================================================
Vivado(TM) HLS - High-Level Synthesis from C, C++ and SystemC v2019.2 (64-bit)
Copyright 1986-2019 Xilinx, Inc. All Rights Reserved.
==============================================================
INFO: [HLS 200-10] Setting target device to 'xc7z020-clg484-1'
INFO: [SYN 201-201] Setting up clock 'default' with a period of 10ns.
INFO: [SIM 211-2] *************** CSIM start ***************
INFO: [SIM 211-4] CSIM will launch GCC as the compiler.
INFO: [SIM 211-1] CSim done with 0 errors.
INFO: [SIM 211-3] *************** CSIM finish ***************
INFO: [SCHED 204-61] Option 'relax_ii_for_timing' is enabled, will increase II to preserve clock frequency constraints.
INFO: [HLS 200-10] Analyzing design file 'blowfish.cpp' ... 
INFO: [HLS 200-111] Finished Linking Time (s): cpu = 00:00:06 ; elapsed = 00:00:08 . Memory (MB): peak = 1168.148 ; gain = 530.125 ; free physical = 20889 ; free virtual = 30470
INFO: [HLS 200-111] Finished Checking Pragmas Time (s): cpu = 00:00:06 ; elapsed = 00:00:08 . Memory (MB): peak = 1168.148 ; gain = 530.125 ; free physical = 20889 ; free virtual = 30470
INFO: [HLS 200-10] Starting code transformations ...
INFO: [HLS 200-111] Finished Standard Transforms Time (s): cpu = 00:00:07 ; elapsed = 00:00:08 . Memory (MB): peak = 1168.148 ; gain = 530.125 ; free physical = 20886 ; free virtual = 30467
INFO: [HLS 200-10] Checking synthesizability ...
INFO: [XFORM 203-602] Inlining function 'feistel' into 'Encrypt_SetKey' (blowfish.cpp:51) automatically.
INFO: [XFORM 203-602] Inlining function 'std::swap<unsigned int>' into 'Encrypt_SetKey' (blowfish.cpp:52) automatically.
INFO: [XFORM 203-602] Inlining function 'blockToWords' into 'Blowfish_Encrypt' (blowfish.cpp:62) automatically.
INFO: [XFORM 203-602] Inlining function 'feistel' into 'Blowfish_Encrypt' (blowfish.cpp:67) automatically.
INFO: [XFORM 203-602] Inlining function 'std::swap<unsigned int>' into 'Blowfish_Encrypt' (blowfish.cpp:68) automatically.
INFO: [XFORM 203-602] Inlining function 'wordsToBlock' into 'Blowfish_Encrypt' (blowfish.cpp:73) automatically.
INFO: [HLS 200-111] Finished Checking Synthesizability Time (s): cpu = 00:00:07 ; elapsed = 00:00:08 . Memory (MB): peak = 1168.148 ; gain = 530.125 ; free physical = 20884 ; free virtual = 30465
INFO: [XFORM 203-602] Inlining function 'feistel' into 'Encrypt_SetKey' (blowfish.cpp:51) automatically.
INFO: [XFORM 203-602] Inlining function 'std::swap<unsigned int>' into 'Encrypt_SetKey' (blowfish.cpp:52) automatically.
INFO: [XFORM 203-602] Inlining function 'blockToWords' into 'Blowfish_Encrypt' (blowfish.cpp:62) automatically.
INFO: [XFORM 203-602] Inlining function 'feistel' into 'Blowfish_Encrypt' (blowfish.cpp:67) automatically.
INFO: [XFORM 203-602] Inlining function 'std::swap<unsigned int>' into 'Blowfish_Encrypt' (blowfish.cpp:68) automatically.
INFO: [XFORM 203-602] Inlining function 'wordsToBlock' into 'Blowfish_Encrypt' (blowfish.cpp:73) automatically.
INFO: [HLS 200-111] Finished Pre-synthesis Time (s): cpu = 00:00:07 ; elapsed = 00:00:08 . Memory (MB): peak = 1168.148 ; gain = 530.125 ; free physical = 20862 ; free virtual = 30444
INFO: [HLS 200-111] Finished Architecture Synthesis Time (s): cpu = 00:00:07 ; elapsed = 00:00:09 . Memory (MB): peak = 1168.148 ; gain = 530.125 ; free physical = 20844 ; free virtual = 30425
INFO: [HLS 200-10] Starting hardware synthesis ...
INFO: [HLS 200-10] Synthesizing 'Blowfish_SetKey_Encrypt' ...
INFO: [HLS 200-10] ----------------------------------------------------------------
INFO: [HLS 200-42] -- Implementing module 'Encrypt_SetKey' 
INFO: [HLS 200-10] ----------------------------------------------------------------
INFO: [SCHED 204-11] Starting scheduling ...
INFO: [SCHED 204-11] Finished scheduling.
INFO: [HLS 200-111]  Elapsed time: 8.59 seconds; current allocated memory: 154.004 MB.
INFO: [BIND 205-100] Starting micro-architecture generation ...
INFO: [BIND 205-101] Performing variable lifetime analysis.
INFO: [BIND 205-101] Exploring resource sharing.
INFO: [BIND 205-101] Binding ...
INFO: [BIND 205-100] Finished micro-architecture generation.
INFO: [HLS 200-111]  Elapsed time: 0.03 seconds; current allocated memory: 154.235 MB.
INFO: [HLS 200-10] ----------------------------------------------------------------
INFO: [HLS 200-42] -- Implementing module 'Blowfish_SetKey' 
INFO: [HLS 200-10] ----------------------------------------------------------------
INFO: [SCHED 204-11] Starting scheduling ...
INFO: [SCHED 204-11] Finished scheduling.
INFO: [HLS 200-111]  Elapsed time: 0.06 seconds; current allocated memory: 154.739 MB.
INFO: [BIND 205-100] Starting micro-architecture generation ...
INFO: [BIND 205-101] Performing variable lifetime analysis.
INFO: [BIND 205-101] Exploring resource sharing.
INFO: [BIND 205-101] Binding ...
INFO: [BIND 205-100] Finished micro-architecture generation.
INFO: [HLS 200-111]  Elapsed time: 0.06 seconds; current allocated memory: 155.343 MB.
INFO: [HLS 200-10] ----------------------------------------------------------------
INFO: [HLS 200-42] -- Implementing module 'Blowfish_Encrypt' 
INFO: [HLS 200-10] ----------------------------------------------------------------
INFO: [SCHED 204-11] Starting scheduling ...
INFO: [SCHED 204-11] Finished scheduling.
INFO: [HLS 200-111]  Elapsed time: 0.09 seconds; current allocated memory: 155.699 MB.
INFO: [BIND 205-100] Starting micro-architecture generation ...
INFO: [BIND 205-101] Performing variable lifetime analysis.
INFO: [BIND 205-101] Exploring resource sharing.
INFO: [BIND 205-101] Binding ...
INFO: [BIND 205-100] Finished micro-architecture generation.
INFO: [HLS 200-111]  Elapsed time: 0.05 seconds; current allocated memory: 156.117 MB.
INFO: [HLS 200-10] ----------------------------------------------------------------
INFO: [HLS 200-42] -- Implementing module 'Blowfish_SetKey_Encrypt' 
INFO: [HLS 200-10] ----------------------------------------------------------------
INFO: [SCHED 204-11] Starting scheduling ...
INFO: [SCHED 204-11] Finished scheduling.
INFO: [HLS 200-111]  Elapsed time: 0.05 seconds; current allocated memory: 156.202 MB.
INFO: [BIND 205-100] Starting micro-architecture generation ...
INFO: [BIND 205-101] Performing variable lifetime analysis.
INFO: [BIND 205-101] Exploring resource sharing.
INFO: [BIND 205-101] Binding ...
INFO: [BIND 205-100] Finished micro-architecture generation.
INFO: [HLS 200-111]  Elapsed time: 0.05 seconds; current allocated memory: 156.316 MB.
INFO: [HLS 200-10] ----------------------------------------------------------------
INFO: [HLS 200-10] -- Generating RTL for module 'Encrypt_SetKey' 
INFO: [HLS 200-10] ----------------------------------------------------------------
INFO: [RTGEN 206-100] Finished creating RTL model for 'Encrypt_SetKey'.
INFO: [HLS 200-111]  Elapsed time: 0.07 seconds; current allocated memory: 156.742 MB.
INFO: [HLS 200-10] ----------------------------------------------------------------
INFO: [HLS 200-10] -- Generating RTL for module 'Blowfish_SetKey' 
INFO: [HLS 200-10] ----------------------------------------------------------------
INFO: [SYN 201-210] Renamed object name 'Blowfish_SetKey_initial_parray' to 'Blowfish_SetKey_ibkb' due to the length limit 20
INFO: [SYN 201-210] Renamed object name 'Blowfish_SetKey_initial_sbox' to 'Blowfish_SetKey_icud' due to the length limit 20
INFO: [SYN 201-210] Renamed object name 'Blowfish_SetKey_Encrypt_urem_64ns_64ns_64_68_seq_1' to 'Blowfish_SetKey_EdEe' due to the length limit 20
INFO: [RTGEN 206-100] Generating core module 'Blowfish_SetKey_EdEe': 1 instance(s).
INFO: [RTGEN 206-100] Finished creating RTL model for 'Blowfish_SetKey'.
INFO: [HLS 200-111]  Elapsed time: 0.09 seconds; current allocated memory: 158.939 MB.
INFO: [HLS 200-10] ----------------------------------------------------------------
INFO: [HLS 200-10] -- Generating RTL for module 'Blowfish_Encrypt' 
INFO: [HLS 200-10] ----------------------------------------------------------------
INFO: [RTGEN 206-100] Finished creating RTL model for 'Blowfish_Encrypt'.
INFO: [HLS 200-111]  Elapsed time: 0.16 seconds; current allocated memory: 161.753 MB.
INFO: [HLS 200-10] ----------------------------------------------------------------
INFO: [HLS 200-10] -- Generating RTL for module 'Blowfish_SetKey_Encrypt' 
INFO: [HLS 200-10] ----------------------------------------------------------------
INFO: [RTGEN 206-500]==============================================================
Vivado(TM) HLS - High-Level Synthesis from C, C++ and SystemC v2019.2 (64-bit)
Copyright 1986-2019 Xilinx, Inc. All Rights Reserved.
==============================================================
