#-----------------------------------------------------------
# xsim v2019.2 (64-bit)
# SW Build 2708876 on Wed Nov  6 21:39:14 MST 2019
# IP Build 2700528 on Thu Nov  7 00:09:20 MST 2019
# Start of session at: Tue Nov 19 21:04:47 2024
# Process ID: 74069
# Current directory: /home/npr29/hls6775/ece6775Final/refactored/encrypt.prj/solution1/sim/verilog
# Command line: xsim -mode tcl -source {xsim.dir/encrypt_dut/xsim_script.tcl}
# Log file: /home/npr29/hls6775/ece6775Final/refactored/encrypt.prj/solution1/sim/verilog/xsim.log
# Journal file: /home/npr29/hls6775/ece6775Final/refactored/encrypt.prj/solution1/sim/verilog/xsim.jou
#-----------------------------------------------------------
source xsim.dir/encrypt_dut/xsim_script.tcl
# xsim {encrypt_dut} -autoloadwcfg -tclbatch {encrypt_dut.tcl}
Vivado Simulator 2019.2
Time resolution is 1 ps
source encrypt_dut.tcl
## run all
////////////////////////////////////////////////////////////////////////////////////
// Inter-Transaction Progress: Completed Transaction / Total Transaction
// Intra-Transaction Progress: Measured Latency / Latency Estimation * 100%
//
// RTL Simulation : "Inter-Transaction Progress" ["Intra-Transaction Progress"] @ "Simulation Time"
////////////////////////////////////////////////////////////////////////////////////
// RTL Simulation : 0 / 1 [0.00%] @ "125000"
// RTL Simulation : 1 / 1 [100.00%] @ "39885000"
////////////////////////////////////////////////////////////////////////////////////
$finish called at time : 39925 ns : File "/home/npr29/hls6775/ece6775Final/refactored/encrypt.prj/solution1/sim/verilog/encrypt_dut.autotb.v" Line 316
## quit
INFO: [Common 17-206] Exiting xsim at Tue Nov 19 21:04:52 2024...
