

================================================================
== Vivado HLS Report for 'aes_encrypt'
================================================================
* Date:           Tue Nov 19 22:02:58 2024

* Version:        2019.2 (Build 2704478 on Wed Nov 06 22:10:23 MST 2019)
* Project:        encrypt.prj
* Solution:       solution1
* Product family: zynq
* Target device:  xc7z020-clg484-1


================================================================
== Performance Estimates
================================================================
+ Timing: 
    * Summary: 
    +--------+----------+----------+------------+
    |  Clock |  Target  | Estimated| Uncertainty|
    +--------+----------+----------+------------+
    |ap_clk  | 10.00 ns | 8.804 ns |   1.25 ns  |
    +--------+----------+----------+------------+

+ Latency: 
    * Summary: 
    +---------+---------+----------+----------+-----+-----+---------+
    |  Latency (cycles) |  Latency (absolute) |  Interval | Pipeline|
    |   min   |   max   |    min   |    max   | min | max |   Type  |
    +---------+---------+----------+----------+-----+-----+---------+
    |      581|      581| 5.810 us | 5.810 us |  581|  581|   none  |
    +---------+---------+----------+----------+-----+-----+---------+

    + Detail: 
        * Instance: 
        +----------------------+-----------+---------+---------+----------+----------+-----+-----+---------+
        |                      |           |  Latency (cycles) |  Latency (absolute) |  Interval | Pipeline|
        |       Instance       |   Module  |   min   |   max   |    min   |    max   | min | max |   Type  |
        +----------------------+-----------+---------+---------+----------+----------+-----+-----+---------+
        |grp_aes_main_fu_247   |aes_main   |      237|      237| 2.370 us | 2.370 us |  237|  237|   none  |
        |grp_expandKey_fu_255  |expandKey  |      275|      275| 2.750 us | 2.750 us |  275|  275|   none  |
        +----------------------+-----------+---------+---------+----------+----------+-----+-----+---------+

        * Loop: 
        +-------------+---------+---------+----------+-----------+-----------+------+----------+
        |             |  Latency (cycles) | Iteration|  Initiation Interval  | Trip |          |
        |  Loop Name  |   min   |   max   |  Latency |  achieved |   target  | Count| Pipelined|
        +-------------+---------+---------+----------+-----------+-----------+------+----------+
        |- Loop 1     |       24|       24|         6|          -|          -|     4|    no    |
        | + Loop 1.1  |        4|        4|         1|          -|          -|     4|    no    |
        |- Loop 2     |       40|       40|        10|          -|          -|     4|    no    |
        | + Loop 2.1  |        8|        8|         2|          -|          -|     4|    no    |
        +-------------+---------+---------+----------+-----------+-----------+------+----------+



================================================================
== Utilization Estimates
================================================================
* Summary: 
+-----------------+---------+-------+--------+-------+-----+
|       Name      | BRAM_18K| DSP48E|   FF   |  LUT  | URAM|
+-----------------+---------+-------+--------+-------+-----+
|DSP              |        -|      -|       -|      -|    -|
|Expression       |        -|      -|       0|    136|    -|
|FIFO             |        -|      -|       -|      -|    -|
|Instance         |        4|      -|    1033|   3390|    -|
|Memory           |        2|      -|       0|      0|    0|
|Multiplexer      |        -|      -|       -|    245|    -|
|Register         |        -|      -|      46|      -|    -|
+-----------------+---------+-------+--------+-------+-----+
|Total            |        6|      0|    1079|   3771|    0|
+-----------------+---------+-------+--------+-------+-----+
|Available        |      280|    220|  106400|  53200|    0|
+-----------------+---------+-------+--------+-------+-----+
|Utilization (%)  |        2|      0|       1|      7|    0|
+-----------------+---------+-------+--------+-------+-----+

+ Detail: 
    * Instance: 
    +--------------------------+----------------------+---------+-------+-----+------+-----+
    |         Instance         |        Module        | BRAM_18K| DSP48E|  FF |  LUT | URAM|
    +--------------------------+----------------------+---------+-------+-----+------+-----+
    |grp_aes_main_fu_247       |aes_main              |        2|      0|  843|  2751|    0|
    |encrypt_dut_mux_1cud_U50  |encrypt_dut_mux_1cud  |        0|      0|    0|    65|    0|
    |grp_expandKey_fu_255      |expandKey             |        2|      0|  190|   574|    0|
    +--------------------------+----------------------+---------+-------+-----+------+-----+
    |Total                     |                      |        4|      0| 1033|  3390|    0|
    +--------------------------+----------------------+---------+-------+-----+------+-----+

    * DSP48E: 
    N/A

    * Memory: 
    +---------------+----------------------+---------+---+----+-----+------+-----+------+-------------+
    |     Memory    |        Module        | BRAM_18K| FF| LUT| URAM| Words| Bits| Banks| W*Bits*Banks|
    +---------------+----------------------+---------+---+----+-----+------+-----+------+-------------+
    |block_U        |aes_encrypt_block     |        1|  0|   0|    0|    16|    8|     1|          128|
    |expandedKey_U  |aes_encrypt_expanbkb  |        1|  0|   0|    0|   176|    8|     1|         1408|
    +---------------+----------------------+---------+---+----+-----+------+-----+------+-------------+
    |Total          |                      |        2|  0|   0|    0|   192|   16|     2|         1536|
    +---------------+----------------------+---------+---+----+-----+------+-----+------+-------------+

    * FIFO: 
    N/A

    * Expression: 
    +----------------------+----------+-------+---+----+------------+------------+
    |     Variable Name    | Operation| DSP48E| FF| LUT| Bitwidth P0| Bitwidth P1|
    +----------------------+----------+-------+---+----+------------+------------+
    |add_ln52_1_fu_350_p2  |     +    |      0|  0|  13|           4|           4|
    |add_ln68_1_fu_426_p2  |     +    |      0|  0|  13|           4|           4|
    |add_ln68_fu_416_p2    |     +    |      0|  0|  13|           4|           4|
    |i_2_fu_370_p2         |     +    |      0|  0|  12|           3|           1|
    |i_fu_276_p2           |     +    |      0|  0|  12|           3|           1|
    |j_2_fu_398_p2         |     +    |      0|  0|  12|           3|           1|
    |j_fu_304_p2           |     +    |      0|  0|  12|           3|           1|
    |tmp_fu_315_p17        |     +    |      0|  0|  13|           4|           4|
    |icmp_ln47_fu_270_p2   |   icmp   |      0|  0|   9|           3|           4|
    |icmp_ln50_fu_298_p2   |   icmp   |      0|  0|   9|           3|           4|
    |icmp_ln63_fu_364_p2   |   icmp   |      0|  0|   9|           3|           4|
    |icmp_ln66_fu_392_p2   |   icmp   |      0|  0|   9|           3|           4|
    +----------------------+----------+-------+---+----+------------+------------+
    |Total                 |          |      0|  0| 136|          40|          36|
    +----------------------+----------+-------+---+----+------------+------------+

    * Multiplexer: 
    +----------------------+----+-----------+-----+-----------+
    |         Name         | LUT| Input Size| Bits| Total Bits|
    +----------------------+----+-----------+-----+-----------+
    |ap_NS_fsm             |  47|         10|    1|         10|
    |block_address0        |  21|          4|    4|         16|
    |block_ce0             |  15|          3|    1|          3|
    |block_ce1             |   9|          2|    1|          2|
    |block_d0              |  15|          3|    8|         24|
    |block_we0             |  15|          3|    1|          3|
    |block_we1             |   9|          2|    1|          2|
    |expandedKey_address0  |  15|          3|    8|         24|
    |expandedKey_address1  |  15|          3|    8|         24|
    |expandedKey_ce0       |  15|          3|    1|          3|
    |expandedKey_ce1       |  15|          3|    1|          3|
    |expandedKey_we0       |   9|          2|    1|          2|
    |expandedKey_we1       |   9|          2|    1|          2|
    |i_0_reg_203           |   9|          2|    3|          6|
    |i_1_reg_225           |   9|          2|    3|          6|
    |j_0_reg_214           |   9|          2|    3|          6|
    |j_1_reg_236           |   9|          2|    3|          6|
    +----------------------+----+-----------+-----+-----------+
    |Total                 | 245|         51|   49|        142|
    +----------------------+----+-----------+-----+-----------+

    * Register: 
    +-----------------------------------+---+----+-----+-----------+
    |                Name               | FF| LUT| Bits| Const Bits|
    +-----------------------------------+---+----+-----+-----------+
    |add_ln68_1_reg_572                 |  4|   0|    4|          0|
    |ap_CS_fsm                          |  9|   0|    9|          0|
    |grp_aes_main_fu_247_ap_start_reg   |  1|   0|    1|          0|
    |grp_expandKey_fu_255_ap_start_reg  |  1|   0|    1|          0|
    |i_0_reg_203                        |  3|   0|    3|          0|
    |i_1_reg_225                        |  3|   0|    3|          0|
    |i_2_reg_549                        |  3|   0|    3|          0|
    |i_reg_523                          |  3|   0|    3|          0|
    |j_0_reg_214                        |  3|   0|    3|          0|
    |j_1_reg_236                        |  3|   0|    3|          0|
    |j_2_reg_562                        |  3|   0|    3|          0|
    |shl_ln1_reg_554                    |  2|   0|    4|          2|
    |shl_ln_reg_528                     |  2|   0|    4|          2|
    |zext_ln47_reg_515                  |  3|   0|    4|          1|
    |zext_ln63_reg_541                  |  3|   0|    4|          1|
    +-----------------------------------+---+----+-----+-----------+
    |Total                              | 46|   0|   52|          6|
    +-----------------------------------+---+----+-----+-----------+



================================================================
== Interface
================================================================
* Summary: 
+-------------------+-----+-----+------------+---------------+--------------+
|     RTL Ports     | Dir | Bits|  Protocol  | Source Object |    C Type    |
+-------------------+-----+-----+------------+---------------+--------------+
|ap_clk             |  in |    1| ap_ctrl_hs |  aes_encrypt  | return value |
|ap_rst             |  in |    1| ap_ctrl_hs |  aes_encrypt  | return value |
|ap_start           |  in |    1| ap_ctrl_hs |  aes_encrypt  | return value |
|ap_done            | out |    1| ap_ctrl_hs |  aes_encrypt  | return value |
|ap_idle            | out |    1| ap_ctrl_hs |  aes_encrypt  | return value |
|ap_ready           | out |    1| ap_ctrl_hs |  aes_encrypt  | return value |
|input_0_read       |  in |    8|   ap_none  |  input_0_read |    scalar    |
|input_1_read       |  in |    8|   ap_none  |  input_1_read |    scalar    |
|input_2_read       |  in |    8|   ap_none  |  input_2_read |    scalar    |
|input_3_read       |  in |    8|   ap_none  |  input_3_read |    scalar    |
|input_4_read       |  in |    8|   ap_none  |  input_4_read |    scalar    |
|input_5_read       |  in |    8|   ap_none  |  input_5_read |    scalar    |
|input_6_read       |  in |    8|   ap_none  |  input_6_read |    scalar    |
|input_7_read       |  in |    8|   ap_none  |  input_7_read |    scalar    |
|input_8_read       |  in |    8|   ap_none  |  input_8_read |    scalar    |
|input_9_read       |  in |    8|   ap_none  |  input_9_read |    scalar    |
|input_10_read      |  in |    8|   ap_none  | input_10_read |    scalar    |
|input_11_read      |  in |    8|   ap_none  | input_11_read |    scalar    |
|input_12_read      |  in |    8|   ap_none  | input_12_read |    scalar    |
|input_13_read      |  in |    8|   ap_none  | input_13_read |    scalar    |
|input_14_read      |  in |    8|   ap_none  | input_14_read |    scalar    |
|input_15_read      |  in |    8|   ap_none  | input_15_read |    scalar    |
|output_r_address0  | out |    4|  ap_memory |    output_r   |     array    |
|output_r_ce0       | out |    1|  ap_memory |    output_r   |     array    |
|output_r_we0       | out |    1|  ap_memory |    output_r   |     array    |
|output_r_d0        | out |    8|  ap_memory |    output_r   |     array    |
|key_address0       | out |    4|  ap_memory |      key      |     array    |
|key_ce0            | out |    1|  ap_memory |      key      |     array    |
|key_q0             |  in |    8|  ap_memory |      key      |     array    |
+-------------------+-----+-----+------------+---------------+--------------+

