

================================================================
== Vivado HLS Report for 'encrypt_dut'
================================================================
* Date:           Mon Dec  9 19:14:24 2024

* Version:        2019.2 (Build 2704478 on Wed Nov 06 22:10:23 MST 2019)
* Project:        encrypt.prj
* Solution:       solution1
* Product family: zynq
* Target device:  xc7z020-clg484-1


================================================================
== Performance Estimates
================================================================
+ Timing: 
    * Summary: 
    +--------+----------+----------+------------+
    |  Clock |  Target  | Estimated| Uncertainty|
    +--------+----------+----------+------------+
    |ap_clk  | 10.00 ns | 8.804 ns |   1.25 ns  |
    +--------+----------+----------+------------+

+ Latency: 
    * Summary: 
    +---------+---------+----------+----------+-----+-----+---------+
    |  Latency (cycles) |  Latency (absolute) |  Interval | Pipeline|
    |   min   |   max   |    min   |    max   | min | max |   Type  |
    +---------+---------+----------+----------+-----+-----+---------+
    |      582|      582| 5.820 us | 5.820 us |  582|  582|   none  |
    +---------+---------+----------+----------+-----+-----+---------+

    + Detail: 
        * Instance: 
        +------------------------+-------------+---------+---------+----------+----------+-----+-----+---------+
        |                        |             |  Latency (cycles) |  Latency (absolute) |  Interval | Pipeline|
        |        Instance        |    Module   |   min   |   max   |    min   |    max   | min | max |   Type  |
        +------------------------+-------------+---------+---------+----------+----------+-----+-----+---------+
        |grp_aes_encrypt_fu_146  |aes_encrypt  |      581|      581| 5.810 us | 5.810 us |  581|  581|   none  |
        +------------------------+-------------+---------+---------+----------+----------+-----+-----+---------+

        * Loop: 
        N/A



================================================================
== Utilization Estimates
================================================================
* Summary: 
+-----------------+---------+-------+--------+-------+-----+
|       Name      | BRAM_18K| DSP48E|   FF   |  LUT  | URAM|
+-----------------+---------+-------+--------+-------+-----+
|DSP              |        -|      -|       -|      -|    -|
|Expression       |        -|      -|       -|      -|    -|
|FIFO             |        -|      -|       -|      -|    -|
|Instance         |        6|      -|    1079|   3771|    0|
|Memory           |        -|      -|       -|      -|    -|
|Multiplexer      |        -|      -|       -|     15|    -|
|Register         |        -|      -|       3|      -|    -|
+-----------------+---------+-------+--------+-------+-----+
|Total            |        6|      0|    1082|   3786|    0|
+-----------------+---------+-------+--------+-------+-----+
|Available        |      280|    220|  106400|  53200|    0|
+-----------------+---------+-------+--------+-------+-----+
|Utilization (%)  |        2|      0|       1|      7|    0|
+-----------------+---------+-------+--------+-------+-----+

+ Detail: 
    * Instance: 
    +------------------------+-------------+---------+-------+------+------+-----+
    |        Instance        |    Module   | BRAM_18K| DSP48E|  FF  |  LUT | URAM|
    +------------------------+-------------+---------+-------+------+------+-----+
    |grp_aes_encrypt_fu_146  |aes_encrypt  |        6|      0|  1079|  3771|    0|
    +------------------------+-------------+---------+-------+------+------+-----+
    |Total                   |             |        6|      0|  1079|  3771|    0|
    +------------------------+-------------+---------+-------+------+------+-----+

    * DSP48E: 
    N/A

    * Memory: 
    N/A

    * FIFO: 
    N/A

    * Expression: 
    N/A

    * Multiplexer: 
    +-----------+----+-----------+-----+-----------+
    |    Name   | LUT| Input Size| Bits| Total Bits|
    +-----------+----+-----------+-----+-----------+
    |ap_NS_fsm  |  15|          3|    1|          3|
    +-----------+----+-----------+-----+-----------+
    |Total      |  15|          3|    1|          3|
    +-----------+----+-----------+-----+-----------+

    * Register: 
    +-------------------------------------+---+----+-----+-----------+
    |                 Name                | FF| LUT| Bits| Const Bits|
    +-------------------------------------+---+----+-----+-----------+
    |ap_CS_fsm                            |  2|   0|    2|          0|
    |grp_aes_encrypt_fu_146_ap_start_reg  |  1|   0|    1|          0|
    +-------------------------------------+---+----+-----+-----------+
    |Total                                |  3|   0|    3|          0|
    +-------------------------------------+---+----+-----+-----------+



================================================================
== Interface
================================================================
* Summary: 
+-------------------+-----+-----+------------+--------------+--------------+
|     RTL Ports     | Dir | Bits|  Protocol  | Source Object|    C Type    |
+-------------------+-----+-----+------------+--------------+--------------+
|ap_clk             |  in |    1| ap_ctrl_hs |  encrypt_dut | return value |
|ap_rst             |  in |    1| ap_ctrl_hs |  encrypt_dut | return value |
|ap_start           |  in |    1| ap_ctrl_hs |  encrypt_dut | return value |
|ap_done            | out |    1| ap_ctrl_hs |  encrypt_dut | return value |
|ap_idle            | out |    1| ap_ctrl_hs |  encrypt_dut | return value |
|ap_ready           | out |    1| ap_ctrl_hs |  encrypt_dut | return value |
|input_0            |  in |    8|   ap_none  |    input_0   |    pointer   |
|input_1            |  in |    8|   ap_none  |    input_1   |    pointer   |
|input_2            |  in |    8|   ap_none  |    input_2   |    pointer   |
|input_3            |  in |    8|   ap_none  |    input_3   |    pointer   |
|input_4            |  in |    8|   ap_none  |    input_4   |    pointer   |
|input_5            |  in |    8|   ap_none  |    input_5   |    pointer   |
|input_6            |  in |    8|   ap_none  |    input_6   |    pointer   |
|input_7            |  in |    8|   ap_none  |    input_7   |    pointer   |
|input_8            |  in |    8|   ap_none  |    input_8   |    pointer   |
|input_9            |  in |    8|   ap_none  |    input_9   |    pointer   |
|input_10           |  in |    8|   ap_none  |   input_10   |    pointer   |
|input_11           |  in |    8|   ap_none  |   input_11   |    pointer   |
|input_12           |  in |    8|   ap_none  |   input_12   |    pointer   |
|input_13           |  in |    8|   ap_none  |   input_13   |    pointer   |
|input_14           |  in |    8|   ap_none  |   input_14   |    pointer   |
|input_15           |  in |    8|   ap_none  |   input_15   |    pointer   |
|output_r_address0  | out |    4|  ap_memory |   output_r   |     array    |
|output_r_ce0       | out |    1|  ap_memory |   output_r   |     array    |
|output_r_we0       | out |    1|  ap_memory |   output_r   |     array    |
|output_r_d0        | out |    8|  ap_memory |   output_r   |     array    |
|key_address0       | out |    4|  ap_memory |      key     |     array    |
|key_ce0            | out |    1|  ap_memory |      key     |     array    |
|key_q0             |  in |    8|  ap_memory |      key     |     array    |
+-------------------+-----+-----+------------+--------------+--------------+

