

================================================================
== Vivado HLS Report for 'expandKey'
================================================================
* Date:           Mon Dec  9 22:58:08 2024

* Version:        2019.2 (Build 2704478 on Wed Nov 06 22:10:23 MST 2019)
* Project:        encrypt.prj
* Solution:       solution1
* Product family: zynq
* Target device:  xc7z020-clg484-1


================================================================
== Performance Estimates
================================================================
+ Timing: 
    * Summary: 
    +--------+----------+----------+------------+
    |  Clock |  Target  | Estimated| Uncertainty|
    +--------+----------+----------+------------+
    |ap_clk  | 10.00 ns | 6.824 ns |   1.25 ns  |
    +--------+----------+----------+------------+

+ Latency: 
    * Summary: 
    +---------+---------+----------+----------+-----+-----+---------+
    |  Latency (cycles) |  Latency (absolute) |  Interval | Pipeline|
    |   min   |   max   |    min   |    max   | min | max |   Type  |
    +---------+---------+----------+----------+-----+-----+---------+
    |      180|      180| 1.800 us | 1.800 us |  180|  180|   none  |
    +---------+---------+----------+----------+-----+-----+---------+

    + Detail: 
        * Instance: 
        N/A

        * Loop: 
        +--------------+---------+---------+----------+-----------+-----------+------+----------+
        |              |  Latency (cycles) | Iteration|  Initiation Interval  | Trip |          |
        |   Loop Name  |   min   |   max   |  Latency |  achieved |   target  | Count| Pipelined|
        +--------------+---------+---------+----------+-----------+-----------+------+----------+
        |- EX_K_LOOP1  |       16|       16|         1|          -|          -|    16|    no    |
        |- EX_WHILE    |      161|      161|         6|          4|          1|    40|    yes   |
        +--------------+---------+---------+----------+-----------+-----------+------+----------+



================================================================
== Utilization Estimates
================================================================
* Summary: 
+-----------------+---------+-------+--------+-------+-----+
|       Name      | BRAM_18K| DSP48E|   FF   |  LUT  | URAM|
+-----------------+---------+-------+--------+-------+-----+
|DSP              |        -|      -|       -|      -|    -|
|Expression       |        -|      -|       0|    357|    -|
|FIFO             |        -|      -|       -|      -|    -|
|Instance         |        -|      -|       0|     65|    -|
|Memory           |        2|      -|       0|      0|    -|
|Multiplexer      |        -|      -|       -|    254|    -|
|Register         |        -|      -|     182|      -|    -|
+-----------------+---------+-------+--------+-------+-----+
|Total            |        2|      0|     182|    676|    0|
+-----------------+---------+-------+--------+-------+-----+
|Available        |      280|    220|  106400|  53200|    0|
+-----------------+---------+-------+--------+-------+-----+
|Utilization (%)  |    ~0   |      0|   ~0   |      1|    0|
+-----------------+---------+-------+--------+-------+-----+

+ Detail: 
    * Instance: 
    +-------------------------+----------------------+---------+-------+---+----+-----+
    |         Instance        |        Module        | BRAM_18K| DSP48E| FF| LUT| URAM|
    +-------------------------+----------------------+---------+-------+---+----+-----+
    |encrypt_dut_mux_1bkb_U1  |encrypt_dut_mux_1bkb  |        0|      0|  0|  65|    0|
    +-------------------------+----------------------+---------+-------+---+----+-----+
    |Total                    |                      |        0|      0|  0|  65|    0|
    +-------------------------+----------------------+---------+-------+---+----+-----+

    * DSP48E: 
    N/A

    * Memory: 
    +--------+----------------+---------+---+----+-----+------+-----+------+-------------+
    | Memory |     Module     | BRAM_18K| FF| LUT| URAM| Words| Bits| Banks| W*Bits*Banks|
    +--------+----------------+---------+---+----+-----+------+-----+------+-------------+
    |Rcon_U  |expandKey_Rcon  |        1|  0|   0|    0|   255|    8|     1|         2040|
    |sbox_U  |expandKey_sbox  |        1|  0|   0|    0|   256|    8|     1|         2048|
    +--------+----------------+---------+---+----+-----+------+-----+------+-------------+
    |Total   |                |        2|  0|   0|    0|   511|   16|     2|         4088|
    +--------+----------------+---------+---+----+-----+------+-----+------+-------------+

    * FIFO: 
    N/A

    * Expression: 
    +---------------------------+----------+-------+---+----+------------+------------+
    |       Variable Name       | Operation| DSP48E| FF| LUT| Bitwidth P0| Bitwidth P1|
    +---------------------------+----------+-------+---+----+------------+------------+
    |add_ln145_1_fu_704_p2      |     +    |      0|  0|  15|           3|           8|
    |add_ln145_2_fu_730_p2      |     +    |      0|  0|  15|           3|           8|
    |add_ln145_3_fu_563_p2      |     +    |      0|  0|  15|           2|           8|
    |add_ln145_fu_542_p2        |     +    |      0|  0|  15|           4|           8|
    |add_ln170_1_fu_644_p2      |     +    |      0|  0|  15|           6|           9|
    |add_ln170_2_fu_832_p2      |     +    |      0|  0|  15|           5|           9|
    |add_ln170_3_fu_679_p2      |     +    |      0|  0|  15|           6|           9|
    |add_ln170_fu_613_p2        |     +    |      0|  0|  15|           6|           8|
    |add_ln172_fu_827_p2        |     +    |      0|  0|  15|           1|           9|
    |currentSize_fu_799_p2      |     +    |      0|  0|  15|           3|           8|
    |i_fu_474_p2                |     +    |      0|  0|  15|           5|           1|
    |rconIteration_fu_590_p2    |     +    |      0|  0|  39|           1|          32|
    |icmp_ln135_fu_468_p2       |   icmp   |      0|  0|  11|           5|           6|
    |icmp_ln139_fu_532_p2       |   icmp   |      0|  0|  11|           8|           8|
    |icmp_ln151_fu_584_p2       |   icmp   |      0|  0|   9|           4|           1|
    |or_ln172_1_fu_669_p2       |    or    |      0|  0|   8|           8|           2|
    |or_ln172_fu_634_p2         |    or    |      0|  0|   8|           8|           1|
    |rconIteration_1_fu_605_p3  |  select  |      0|  0|  32|           1|          32|
    |t_0_2_fu_793_p3            |  select  |      0|  0|   8|           1|           8|
    |t_1_2_fu_815_p3            |  select  |      0|  0|   8|           1|           8|
    |t_2_2_fu_866_p3            |  select  |      0|  0|   8|           1|           8|
    |t_3_2_fu_756_p3            |  select  |      0|  0|   8|           1|           8|
    |ap_enable_pp0              |    xor   |      0|  0|   2|           1|           2|
    |expandedKey_0_d1           |    xor   |      0|  0|   8|           8|           8|
    |expandedKey_1_d1           |    xor   |      0|  0|   8|           8|           8|
    |expandedKey_3_d1           |    xor   |      0|  0|   8|           8|           8|
    |t_0_fu_788_p2              |    xor   |      0|  0|   8|           8|           8|
    |xor_ln171_2_fu_872_p2      |    xor   |      0|  0|   8|           8|           8|
    +---------------------------+----------+-------+---+----+------------+------------+
    |Total                      |          |      0|  0| 357|         124|         241|
    +---------------------------+----------+-------+---+----+------------+------------+

    * Multiplexer: 
    +-------------------------------------------+----+-----------+-----+-----------+
    |                    Name                   | LUT| Input Size| Bits| Total Bits|
    +-------------------------------------------+----+-----------+-----+-----------+
    |ap_NS_fsm                                  |  41|          8|    1|          8|
    |ap_enable_reg_pp0_iter1                    |   9|          2|    1|          2|
    |ap_phi_mux_currentSize_0_phi_fu_449_p4     |   9|          2|    8|         16|
    |ap_phi_mux_iteration_assign_phi_fu_461_p4  |   9|          2|   32|         64|
    |currentSize_0_reg_445                      |   9|          2|    8|         16|
    |expandedKey_0_address0                     |  15|          3|    6|         18|
    |expandedKey_0_address1                     |  15|          3|    6|         18|
    |expandedKey_1_address0                     |  15|          3|    6|         18|
    |expandedKey_1_address1                     |  15|          3|    6|         18|
    |expandedKey_2_address0                     |  27|          5|    6|         30|
    |expandedKey_2_d0                           |  15|          3|    8|         24|
    |expandedKey_3_address0                     |  15|          3|    6|         18|
    |expandedKey_3_address1                     |  15|          3|    6|         18|
    |i_0_reg_434                                |   9|          2|    5|         10|
    |iteration_assign_reg_457                   |   9|          2|   32|         64|
    |sbox_address0                              |  27|          5|    8|         40|
    +-------------------------------------------+----+-----------+-----+-----------+
    |Total                                      | 254|         51|  145|        382|
    +-------------------------------------------+----+-----------+-----+-----------+

    * Register: 
    +----------------------------------+----+----+-----+-----------+
    |               Name               | FF | LUT| Bits| Const Bits|
    +----------------------------------+----+----+-----+-----------+
    |Rcon_load_reg_1049                |   8|   0|    8|          0|
    |ap_CS_fsm                         |   7|   0|    7|          0|
    |ap_enable_reg_pp0_iter0           |   1|   0|    1|          0|
    |ap_enable_reg_pp0_iter1           |   1|   0|    1|          0|
    |currentSize_0_reg_445             |   8|   0|    8|          0|
    |currentSize_reg_1100              |   8|   0|    8|          0|
    |expandedKey_0_load_reg_1054       |   8|   0|    8|          0|
    |expandedKey_1_load_reg_1059       |   8|   0|    8|          0|
    |expandedKey_3_load_reg_1064       |   8|   0|    8|          0|
    |i_0_reg_434                       |   5|   0|    5|          0|
    |icmp_ln139_reg_975                |   1|   0|    1|          0|
    |icmp_ln139_reg_975_pp0_iter1_reg  |   1|   0|    1|          0|
    |icmp_ln151_reg_989                |   1|   0|    1|          0|
    |icmp_ln151_reg_989_pp0_iter1_reg  |   1|   0|    1|          0|
    |iteration_assign_reg_457          |  32|   0|   32|          0|
    |lshr_ln171_1_reg_1115             |   7|   0|    7|          0|
    |rconIteration_1_reg_1002          |  32|   0|   32|          0|
    |t_0_3_reg_1028                    |   8|   0|    8|          0|
    |t_1_1_reg_1069                    |   8|   0|    8|          0|
    |t_2_1_reg_1090                    |   8|   0|    8|          0|
    |t_3_1_reg_1038                    |   8|   0|    8|          0|
    |zext_ln171_reg_1084               |   6|   0|   64|         58|
    |zext_ln172_reg_1012               |   7|   0|    9|          2|
    +----------------------------------+----+----+-----+-----------+
    |Total                             | 182|   0|  242|         60|
    +----------------------------------+----+----+-----+-----------+



================================================================
== Interface
================================================================
* Summary: 
+------------------------+-----+-----+------------+---------------+--------------+
|        RTL Ports       | Dir | Bits|  Protocol  | Source Object |    C Type    |
+------------------------+-----+-----+------------+---------------+--------------+
|ap_clk                  |  in |    1| ap_ctrl_hs |   expandKey   | return value |
|ap_rst                  |  in |    1| ap_ctrl_hs |   expandKey   | return value |
|ap_start                |  in |    1| ap_ctrl_hs |   expandKey   | return value |
|ap_done                 | out |    1| ap_ctrl_hs |   expandKey   | return value |
|ap_idle                 | out |    1| ap_ctrl_hs |   expandKey   | return value |
|ap_ready                | out |    1| ap_ctrl_hs |   expandKey   | return value |
|expandedKey_0_address0  | out |    6|  ap_memory | expandedKey_0 |     array    |
|expandedKey_0_ce0       | out |    1|  ap_memory | expandedKey_0 |     array    |
|expandedKey_0_we0       | out |    1|  ap_memory | expandedKey_0 |     array    |
|expandedKey_0_d0        | out |    8|  ap_memory | expandedKey_0 |     array    |
|expandedKey_0_q0        |  in |    8|  ap_memory | expandedKey_0 |     array    |
|expandedKey_0_address1  | out |    6|  ap_memory | expandedKey_0 |     array    |
|expandedKey_0_ce1       | out |    1|  ap_memory | expandedKey_0 |     array    |
|expandedKey_0_we1       | out |    1|  ap_memory | expandedKey_0 |     array    |
|expandedKey_0_d1        | out |    8|  ap_memory | expandedKey_0 |     array    |
|expandedKey_0_q1        |  in |    8|  ap_memory | expandedKey_0 |     array    |
|expandedKey_1_address0  | out |    6|  ap_memory | expandedKey_1 |     array    |
|expandedKey_1_ce0       | out |    1|  ap_memory | expandedKey_1 |     array    |
|expandedKey_1_we0       | out |    1|  ap_memory | expandedKey_1 |     array    |
|expandedKey_1_d0        | out |    8|  ap_memory | expandedKey_1 |     array    |
|expandedKey_1_q0        |  in |    8|  ap_memory | expandedKey_1 |     array    |
|expandedKey_1_address1  | out |    6|  ap_memory | expandedKey_1 |     array    |
|expandedKey_1_ce1       | out |    1|  ap_memory | expandedKey_1 |     array    |
|expandedKey_1_we1       | out |    1|  ap_memory | expandedKey_1 |     array    |
|expandedKey_1_d1        | out |    8|  ap_memory | expandedKey_1 |     array    |
|expandedKey_1_q1        |  in |    8|  ap_memory | expandedKey_1 |     array    |
|expandedKey_2_address0  | out |    6|  ap_memory | expandedKey_2 |     array    |
|expandedKey_2_ce0       | out |    1|  ap_memory | expandedKey_2 |     array    |
|expandedKey_2_we0       | out |    1|  ap_memory | expandedKey_2 |     array    |
|expandedKey_2_d0        | out |    8|  ap_memory | expandedKey_2 |     array    |
|expandedKey_2_q0        |  in |    8|  ap_memory | expandedKey_2 |     array    |
|expandedKey_3_address0  | out |    6|  ap_memory | expandedKey_3 |     array    |
|expandedKey_3_ce0       | out |    1|  ap_memory | expandedKey_3 |     array    |
|expandedKey_3_we0       | out |    1|  ap_memory | expandedKey_3 |     array    |
|expandedKey_3_d0        | out |    8|  ap_memory | expandedKey_3 |     array    |
|expandedKey_3_q0        |  in |    8|  ap_memory | expandedKey_3 |     array    |
|expandedKey_3_address1  | out |    6|  ap_memory | expandedKey_3 |     array    |
|expandedKey_3_ce1       | out |    1|  ap_memory | expandedKey_3 |     array    |
|expandedKey_3_we1       | out |    1|  ap_memory | expandedKey_3 |     array    |
|expandedKey_3_d1        | out |    8|  ap_memory | expandedKey_3 |     array    |
|expandedKey_3_q1        |  in |    8|  ap_memory | expandedKey_3 |     array    |
|key_0_read              |  in |    8|   ap_none  |   key_0_read  |    scalar    |
|key_1_read              |  in |    8|   ap_none  |   key_1_read  |    scalar    |
|key_2_read              |  in |    8|   ap_none  |   key_2_read  |    scalar    |
|key_3_read              |  in |    8|   ap_none  |   key_3_read  |    scalar    |
|key_4_read              |  in |    8|   ap_none  |   key_4_read  |    scalar    |
|key_5_read              |  in |    8|   ap_none  |   key_5_read  |    scalar    |
|key_6_read              |  in |    8|   ap_none  |   key_6_read  |    scalar    |
|key_7_read              |  in |    8|   ap_none  |   key_7_read  |    scalar    |
|key_8_read              |  in |    8|   ap_none  |   key_8_read  |    scalar    |
|key_9_read              |  in |    8|   ap_none  |   key_9_read  |    scalar    |
|key_10_read             |  in |    8|   ap_none  |  key_10_read  |    scalar    |
|key_11_read             |  in |    8|   ap_none  |  key_11_read  |    scalar    |
|key_12_read             |  in |    8|   ap_none  |  key_12_read  |    scalar    |
|key_13_read             |  in |    8|   ap_none  |  key_13_read  |    scalar    |
|key_14_read             |  in |    8|   ap_none  |  key_14_read  |    scalar    |
|key_15_read             |  in |    8|   ap_none  |  key_15_read  |    scalar    |
+------------------------+-----+-----+------------+---------------+--------------+

