

================================================================
== Vivado HLS Report for 'encrypt_dut'
================================================================
* Date:           Tue Nov 19 22:02:56 2024

* Version:        2019.2 (Build 2704478 on Wed Nov 06 22:10:23 MST 2019)
* Project:        encrypt.prj
* Solution:       solution1
* Product family: zynq
* Target device:  xc7z020-clg484-1


================================================================
== Performance Estimates
================================================================
+ Timing: 
    * Summary: 
    +--------+----------+----------+------------+
    |  Clock |  Target  | Estimated| Uncertainty|
    +--------+----------+----------+------------+
    |ap_clk  | 10.00 ns | 8.804 ns |   1.25 ns  |
    +--------+----------+----------+------------+

+ Latency: 
    * Summary: 
    +---------+---------+----------+----------+-----+-----+---------+
    |  Latency (cycles) |  Latency (absolute) |  Interval | Pipeline|
    |   min   |   max   |    min   |    max   | min | max |   Type  |
    +---------+---------+----------+----------+-----+-----+---------+
    |      582|      582| 5.820 us | 5.820 us |  582|  582|   none  |
    +---------+---------+----------+----------+-----+-----+---------+

    + Detail: 
        * Instance: 
        +------------------------+-------------+---------+---------+----------+----------+-----+-----+---------+
        |                        |             |  Latency (cycles) |  Latency (absolute) |  Interval | Pipeline|
        |        Instance        |    Module   |   min   |   max   |    min   |    max   | min | max |   Type  |
        +------------------------+-------------+---------+---------+----------+----------+-----+-----+---------+
        |grp_aes_encrypt_fu_146  |aes_encrypt  |      581|      581| 5.810 us | 5.810 us |  581|  581|   none  |
        +------------------------+-------------+---------+---------+----------+----------+-----+-----+---------+

        * Loop: 
        N/A

============================================================
+ Verbose Summary: Synthesis Manager
============================================================
InlineROM: 1
ExposeGlobal: 0
============================================================
+ Verbose Summary: CDFG Model
============================================================
IsTopModel: 1
ResetActiveHigh: 1
IsCombinational: 0
IsDatapathOnly: 0
HasWiredReturn: 1
HasMFsm: 0
HasVarLatency: 1
IsPipeline: 0
IsRtlPipelined: 0
IsInstanceOverlapped: 0
IsDontTouch: 0
HasImplIP: 0
IsGatedGlobalClock: 0


============================================================
+ Verbose Summary: Schedule
============================================================
* Number of FSM states : 2
* Pipeline : 0
* Dataflow Pipeline: 0

* FSM state transitions: 
1 --> 2 
2 --> 

* FSM state operations: 

State 1 <SV = 0> <Delay = 0.00>
ST_1 : Operation 3 [1/1] (0.00ns)   --->   "%input_0_read = call i8 @_ssdm_op_Read.ap_auto.i8P(i8* %input_0)" [encrypt.cpp:79]   --->   Operation 3 'read' 'input_0_read' <Predicate = true> <Delay = 0.00>
ST_1 : Operation 4 [1/1] (0.00ns)   --->   "%input_1_read = call i8 @_ssdm_op_Read.ap_auto.i8P(i8* %input_1)" [encrypt.cpp:79]   --->   Operation 4 'read' 'input_1_read' <Predicate = true> <Delay = 0.00>
ST_1 : Operation 5 [1/1] (0.00ns)   --->   "%input_2_read = call i8 @_ssdm_op_Read.ap_auto.i8P(i8* %input_2)" [encrypt.cpp:79]   --->   Operation 5 'read' 'input_2_read' <Predicate = true> <Delay = 0.00>
ST_1 : Operation 6 [1/1] (0.00ns)   --->   "%input_3_read = call i8 @_ssdm_op_Read.ap_auto.i8P(i8* %input_3)" [encrypt.cpp:79]   --->   Operation 6 'read' 'input_3_read' <Predicate = true> <Delay = 0.00>
ST_1 : Operation 7 [1/1] (0.00ns)   --->   "%input_4_read = call i8 @_ssdm_op_Read.ap_auto.i8P(i8* %input_4)" [encrypt.cpp:79]   --->   Operation 7 'read' 'input_4_read' <Predicate = true> <Delay = 0.00>
ST_1 : Operation 8 [1/1] (0.00ns)   --->   "%input_5_read = call i8 @_ssdm_op_Read.ap_auto.i8P(i8* %input_5)" [encrypt.cpp:79]   --->   Operation 8 'read' 'input_5_read' <Predicate = true> <Delay = 0.00>
ST_1 : Operation 9 [1/1] (0.00ns)   --->   "%input_6_read = call i8 @_ssdm_op_Read.ap_auto.i8P(i8* %input_6)" [encrypt.cpp:79]   --->   Operation 9 'read' 'input_6_read' <Predicate = true> <Delay = 0.00>
ST_1 : Operation 10 [1/1] (0.00ns)   --->   "%input_7_read = call i8 @_ssdm_op_Read.ap_auto.i8P(i8* %input_7)" [encrypt.cpp:79]   --->   Operation 10 'read' 'input_7_read' <Predicate = true> <Delay = 0.00>
ST_1 : Operation 11 [1/1] (0.00ns)   --->   "%input_8_read = call i8 @_ssdm_op_Read.ap_auto.i8P(i8* %input_8)" [encrypt.cpp:79]   --->   Operation 11 'read' 'input_8_read' <Predicate = true> <Delay = 0.00>
ST_1 : Operation 12 [1/1] (0.00ns)   --->   "%input_9_read = call i8 @_ssdm_op_Read.ap_auto.i8P(i8* %input_9)" [encrypt.cpp:79]   --->   Operation 12 'read' 'input_9_read' <Predicate = true> <Delay = 0.00>
ST_1 : Operation 13 [1/1] (0.00ns)   --->   "%input_10_read = call i8 @_ssdm_op_Read.ap_auto.i8P(i8* %input_10)" [encrypt.cpp:79]   --->   Operation 13 'read' 'input_10_read' <Predicate = true> <Delay = 0.00>
ST_1 : Operation 14 [1/1] (0.00ns)   --->   "%input_11_read = call i8 @_ssdm_op_Read.ap_auto.i8P(i8* %input_11)" [encrypt.cpp:79]   --->   Operation 14 'read' 'input_11_read' <Predicate = true> <Delay = 0.00>
ST_1 : Operation 15 [1/1] (0.00ns)   --->   "%input_12_read = call i8 @_ssdm_op_Read.ap_auto.i8P(i8* %input_12)" [encrypt.cpp:79]   --->   Operation 15 'read' 'input_12_read' <Predicate = true> <Delay = 0.00>
ST_1 : Operation 16 [1/1] (0.00ns)   --->   "%input_13_read = call i8 @_ssdm_op_Read.ap_auto.i8P(i8* %input_13)" [encrypt.cpp:79]   --->   Operation 16 'read' 'input_13_read' <Predicate = true> <Delay = 0.00>
ST_1 : Operation 17 [1/1] (0.00ns)   --->   "%input_14_read = call i8 @_ssdm_op_Read.ap_auto.i8P(i8* %input_14)" [encrypt.cpp:79]   --->   Operation 17 'read' 'input_14_read' <Predicate = true> <Delay = 0.00>
ST_1 : Operation 18 [1/1] (0.00ns)   --->   "%input_15_read = call i8 @_ssdm_op_Read.ap_auto.i8P(i8* %input_15)" [encrypt.cpp:79]   --->   Operation 18 'read' 'input_15_read' <Predicate = true> <Delay = 0.00>
ST_1 : Operation 19 [2/2] (0.00ns)   --->   "call fastcc void @aes_encrypt(i8 %input_0_read, i8 %input_1_read, i8 %input_2_read, i8 %input_3_read, i8 %input_4_read, i8 %input_5_read, i8 %input_6_read, i8 %input_7_read, i8 %input_8_read, i8 %input_9_read, i8 %input_10_read, i8 %input_11_read, i8 %input_12_read, i8 %input_13_read, i8 %input_14_read, i8 %input_15_read, [16 x i8]* %output_r, [16 x i8]* %key)" [encrypt.cpp:79]   --->   Operation 19 'call' <Predicate = true> <Delay = 0.00> <CoreType = "Generic">   --->   Core 0 '' <Latency = 0> <II = 1> <Delay = 1.00> <Generic> <Opcode : >

State 2 <SV = 1> <Delay = 0.00>
ST_2 : Operation 20 [1/1] (0.00ns)   --->   "call void (...)* @_ssdm_op_SpecBitsMap(i8* %input_15), !map !58"   --->   Operation 20 'specbitsmap' <Predicate = true> <Delay = 0.00>
ST_2 : Operation 21 [1/1] (0.00ns)   --->   "call void (...)* @_ssdm_op_SpecBitsMap(i8* %input_14), !map !64"   --->   Operation 21 'specbitsmap' <Predicate = true> <Delay = 0.00>
ST_2 : Operation 22 [1/1] (0.00ns)   --->   "call void (...)* @_ssdm_op_SpecBitsMap(i8* %input_13), !map !70"   --->   Operation 22 'specbitsmap' <Predicate = true> <Delay = 0.00>
ST_2 : Operation 23 [1/1] (0.00ns)   --->   "call void (...)* @_ssdm_op_SpecBitsMap(i8* %input_12), !map !76"   --->   Operation 23 'specbitsmap' <Predicate = true> <Delay = 0.00>
ST_2 : Operation 24 [1/1] (0.00ns)   --->   "call void (...)* @_ssdm_op_SpecBitsMap(i8* %input_11), !map !82"   --->   Operation 24 'specbitsmap' <Predicate = true> <Delay = 0.00>
ST_2 : Operation 25 [1/1] (0.00ns)   --->   "call void (...)* @_ssdm_op_SpecBitsMap(i8* %input_10), !map !88"   --->   Operation 25 'specbitsmap' <Predicate = true> <Delay = 0.00>
ST_2 : Operation 26 [1/1] (0.00ns)   --->   "call void (...)* @_ssdm_op_SpecBitsMap(i8* %input_9), !map !94"   --->   Operation 26 'specbitsmap' <Predicate = true> <Delay = 0.00>
ST_2 : Operation 27 [1/1] (0.00ns)   --->   "call void (...)* @_ssdm_op_SpecBitsMap(i8* %input_8), !map !100"   --->   Operation 27 'specbitsmap' <Predicate = true> <Delay = 0.00>
ST_2 : Operation 28 [1/1] (0.00ns)   --->   "call void (...)* @_ssdm_op_SpecBitsMap(i8* %input_7), !map !106"   --->   Operation 28 'specbitsmap' <Predicate = true> <Delay = 0.00>
ST_2 : Operation 29 [1/1] (0.00ns)   --->   "call void (...)* @_ssdm_op_SpecBitsMap(i8* %input_6), !map !112"   --->   Operation 29 'specbitsmap' <Predicate = true> <Delay = 0.00>
ST_2 : Operation 30 [1/1] (0.00ns)   --->   "call void (...)* @_ssdm_op_SpecBitsMap(i8* %input_5), !map !118"   --->   Operation 30 'specbitsmap' <Predicate = true> <Delay = 0.00>
ST_2 : Operation 31 [1/1] (0.00ns)   --->   "call void (...)* @_ssdm_op_SpecBitsMap(i8* %input_4), !map !124"   --->   Operation 31 'specbitsmap' <Predicate = true> <Delay = 0.00>
ST_2 : Operation 32 [1/1] (0.00ns)   --->   "call void (...)* @_ssdm_op_SpecBitsMap(i8* %input_3), !map !130"   --->   Operation 32 'specbitsmap' <Predicate = true> <Delay = 0.00>
ST_2 : Operation 33 [1/1] (0.00ns)   --->   "call void (...)* @_ssdm_op_SpecBitsMap(i8* %input_2), !map !136"   --->   Operation 33 'specbitsmap' <Predicate = true> <Delay = 0.00>
ST_2 : Operation 34 [1/1] (0.00ns)   --->   "call void (...)* @_ssdm_op_SpecBitsMap(i8* %input_1), !map !142"   --->   Operation 34 'specbitsmap' <Predicate = true> <Delay = 0.00>
ST_2 : Operation 35 [1/1] (0.00ns)   --->   "call void (...)* @_ssdm_op_SpecBitsMap(i8* %input_0), !map !148"   --->   Operation 35 'specbitsmap' <Predicate = true> <Delay = 0.00>
ST_2 : Operation 36 [1/1] (0.00ns)   --->   "call void (...)* @_ssdm_op_SpecBitsMap([16 x i8]* %output_r) nounwind, !map !154"   --->   Operation 36 'specbitsmap' <Predicate = true> <Delay = 0.00>
ST_2 : Operation 37 [1/1] (0.00ns)   --->   "call void (...)* @_ssdm_op_SpecBitsMap([16 x i8]* %key) nounwind, !map !160"   --->   Operation 37 'specbitsmap' <Predicate = true> <Delay = 0.00>
ST_2 : Operation 38 [1/1] (0.00ns)   --->   "call void (...)* @_ssdm_op_SpecTopModule([12 x i8]* @encrypt_dut_str) nounwind"   --->   Operation 38 'spectopmodule' <Predicate = true> <Delay = 0.00>
ST_2 : Operation 39 [1/2] (0.00ns)   --->   "call fastcc void @aes_encrypt(i8 %input_0_read, i8 %input_1_read, i8 %input_2_read, i8 %input_3_read, i8 %input_4_read, i8 %input_5_read, i8 %input_6_read, i8 %input_7_read, i8 %input_8_read, i8 %input_9_read, i8 %input_10_read, i8 %input_11_read, i8 %input_12_read, i8 %input_13_read, i8 %input_14_read, i8 %input_15_read, [16 x i8]* %output_r, [16 x i8]* %key)" [encrypt.cpp:79]   --->   Operation 39 'call' <Predicate = true> <Delay = 0.00> <CoreType = "Generic">   --->   Core 0 '' <Latency = 0> <II = 1> <Delay = 1.00> <Generic> <Opcode : >
ST_2 : Operation 40 [1/1] (0.00ns)   --->   "ret void" [encrypt.cpp:80]   --->   Operation 40 'ret' <Predicate = true> <Delay = 0.00>


============================================================
+ Verbose Summary: Binding
============================================================
STG Binding: 
---------------- STG Properties BEGIN ----------------
- Is combinational: 0
- Is one-state seq: 0
- Is datapath-only: 0
- Is pipelined: 0
- Is top level: 1
Port [ Return ] is wired: 1; IO mode=ap_ctrl_hs:ce=0
Port [ input_0]:  wired=1; compound=0; hidden=0; nouse=0; global=0; static=0; extern=0; dir=0; type=0; pingpong=0; private_global=0; IO mode=ap_none:ce=0
Port [ input_1]:  wired=1; compound=0; hidden=0; nouse=0; global=0; static=0; extern=0; dir=0; type=0; pingpong=0; private_global=0; IO mode=ap_none:ce=0
Port [ input_2]:  wired=1; compound=0; hidden=0; nouse=0; global=0; static=0; extern=0; dir=0; type=0; pingpong=0; private_global=0; IO mode=ap_none:ce=0
Port [ input_3]:  wired=1; compound=0; hidden=0; nouse=0; global=0; static=0; extern=0; dir=0; type=0; pingpong=0; private_global=0; IO mode=ap_none:ce=0
Port [ input_4]:  wired=1; compound=0; hidden=0; nouse=0; global=0; static=0; extern=0; dir=0; type=0; pingpong=0; private_global=0; IO mode=ap_none:ce=0
Port [ input_5]:  wired=1; compound=0; hidden=0; nouse=0; global=0; static=0; extern=0; dir=0; type=0; pingpong=0; private_global=0; IO mode=ap_none:ce=0
Port [ input_6]:  wired=1; compound=0; hidden=0; nouse=0; global=0; static=0; extern=0; dir=0; type=0; pingpong=0; private_global=0; IO mode=ap_none:ce=0
Port [ input_7]:  wired=1; compound=0; hidden=0; nouse=0; global=0; static=0; extern=0; dir=0; type=0; pingpong=0; private_global=0; IO mode=ap_none:ce=0
Port [ input_8]:  wired=1; compound=0; hidden=0; nouse=0; global=0; static=0; extern=0; dir=0; type=0; pingpong=0; private_global=0; IO mode=ap_none:ce=0
Port [ input_9]:  wired=1; compound=0; hidden=0; nouse=0; global=0; static=0; extern=0; dir=0; type=0; pingpong=0; private_global=0; IO mode=ap_none:ce=0
Port [ input_10]:  wired=1; compound=0; hidden=0; nouse=0; global=0; static=0; extern=0; dir=0; type=0; pingpong=0; private_global=0; IO mode=ap_none:ce=0
Port [ input_11]:  wired=1; compound=0; hidden=0; nouse=0; global=0; static=0; extern=0; dir=0; type=0; pingpong=0; private_global=0; IO mode=ap_none:ce=0
Port [ input_12]:  wired=1; compound=0; hidden=0; nouse=0; global=0; static=0; extern=0; dir=0; type=0; pingpong=0; private_global=0; IO mode=ap_none:ce=0
Port [ input_13]:  wired=1; compound=0; hidden=0; nouse=0; global=0; static=0; extern=0; dir=0; type=0; pingpong=0; private_global=0; IO mode=ap_none:ce=0
Port [ input_14]:  wired=1; compound=0; hidden=0; nouse=0; global=0; static=0; extern=0; dir=0; type=0; pingpong=0; private_global=0; IO mode=ap_none:ce=0
Port [ input_15]:  wired=1; compound=0; hidden=0; nouse=0; global=0; static=0; extern=0; dir=0; type=0; pingpong=0; private_global=0; IO mode=ap_none:ce=0
Port [ output_r]:  wired=1; compound=1; hidden=0; nouse=0; global=0; static=0; extern=0; dir=1; type=1; pingpong=0; private_global=0; MemPort=[03]; IO mode=ap_memory:ce=0
Port [ key]:  wired=1; compound=1; hidden=0; nouse=0; global=0; static=0; extern=0; dir=0; type=1; pingpong=0; private_global=0; MemPort=[13]; IO mode=ap_memory:ce=0
Port [ sbox]:  wired=0; compound=1; hidden=1; nouse=1; global=1; static=1; extern=0; dir=0; type=1; pingpong=0; private_global=0; linkage=7; visibility=0; MemPort=[11]; IO mode=ap_memory:ce=0
Port [ Rcon]:  wired=0; compound=1; hidden=1; nouse=1; global=1; static=1; extern=0; dir=0; type=1; pingpong=0; private_global=0; linkage=7; visibility=0; MemPort=[1]; IO mode=ap_memory:ce=0
---------------- STG Properties END ------------------

---------------- Datapath Model BEGIN ----------------

<LifeTime>
<method=bitvector/>
input_0_read      (read         ) [ 001]
input_1_read      (read         ) [ 001]
input_2_read      (read         ) [ 001]
input_3_read      (read         ) [ 001]
input_4_read      (read         ) [ 001]
input_5_read      (read         ) [ 001]
input_6_read      (read         ) [ 001]
input_7_read      (read         ) [ 001]
input_8_read      (read         ) [ 001]
input_9_read      (read         ) [ 001]
input_10_read     (read         ) [ 001]
input_11_read     (read         ) [ 001]
input_12_read     (read         ) [ 001]
input_13_read     (read         ) [ 001]
input_14_read     (read         ) [ 001]
input_15_read     (read         ) [ 001]
specbitsmap_ln0   (specbitsmap  ) [ 000]
specbitsmap_ln0   (specbitsmap  ) [ 000]
specbitsmap_ln0   (specbitsmap  ) [ 000]
specbitsmap_ln0   (specbitsmap  ) [ 000]
specbitsmap_ln0   (specbitsmap  ) [ 000]
specbitsmap_ln0   (specbitsmap  ) [ 000]
specbitsmap_ln0   (specbitsmap  ) [ 000]
specbitsmap_ln0   (specbitsmap  ) [ 000]
specbitsmap_ln0   (specbitsmap  ) [ 000]
specbitsmap_ln0   (specbitsmap  ) [ 000]
specbitsmap_ln0   (specbitsmap  ) [ 000]
specbitsmap_ln0   (specbitsmap  ) [ 000]
specbitsmap_ln0   (specbitsmap  ) [ 000]
specbitsmap_ln0   (specbitsmap  ) [ 000]
specbitsmap_ln0   (specbitsmap  ) [ 000]
specbitsmap_ln0   (specbitsmap  ) [ 000]
specbitsmap_ln0   (specbitsmap  ) [ 000]
specbitsmap_ln0   (specbitsmap  ) [ 000]
spectopmodule_ln0 (spectopmodule) [ 000]
call_ln79         (call         ) [ 000]
ret_ln80          (ret          ) [ 000]
</LifeTime>

<model>

<comp_list>
<comp id="0" class="1000" name="input_0">
<pin_list>
<pin id="1" dir="1" index="0" bw="1" slack="0"/>
</pin_list>
<bind>
<StgValue><ssdm name="input_0"/></StgValue>
</bind>
</comp>

<comp id="2" class="1000" name="input_1">
<pin_list>
<pin id="3" dir="1" index="0" bw="1" slack="0"/>
</pin_list>
<bind>
<StgValue><ssdm name="input_1"/></StgValue>
</bind>
</comp>

<comp id="4" class="1000" name="input_2">
<pin_list>
<pin id="5" dir="1" index="0" bw="1" slack="0"/>
</pin_list>
<bind>
<StgValue><ssdm name="input_2"/></StgValue>
</bind>
</comp>

<comp id="6" class="1000" name="input_3">
<pin_list>
<pin id="7" dir="1" index="0" bw="1" slack="0"/>
</pin_list>
<bind>
<StgValue><ssdm name="input_3"/></StgValue>
</bind>
</comp>

<comp id="8" class="1000" name="input_4">
<pin_list>
<pin id="9" dir="1" index="0" bw="1" slack="0"/>
</pin_list>
<bind>
<StgValue><ssdm name="input_4"/></StgValue>
</bind>
</comp>

<comp id="10" class="1000" name="input_5">
<pin_list>
<pin id="11" dir="1" index="0" bw="1" slack="0"/>
</pin_list>
<bind>
<StgValue><ssdm name="input_5"/></StgValue>
</bind>
</comp>

<comp id="12" class="1000" name="input_6">
<pin_list>
<pin id="13" dir="1" index="0" bw="1" slack="0"/>
</pin_list>
<bind>
<StgValue><ssdm name="input_6"/></StgValue>
</bind>
</comp>

<comp id="14" class="1000" name="input_7">
<pin_list>
<pin id="15" dir="1" index="0" bw="1" slack="0"/>
</pin_list>
<bind>
<StgValue><ssdm name="input_7"/></StgValue>
</bind>
</comp>

<comp id="16" class="1000" name="input_8">
<pin_list>
<pin id="17" dir="1" index="0" bw="1" slack="0"/>
</pin_list>
<bind>
<StgValue><ssdm name="input_8"/></StgValue>
</bind>
</comp>

<comp id="18" class="1000" name="input_9">
<pin_list>
<pin id="19" dir="1" index="0" bw="1" slack="0"/>
</pin_list>
<bind>
<StgValue><ssdm name="input_9"/></StgValue>
</bind>
</comp>

<comp id="20" class="1000" name="input_10">
<pin_list>
<pin id="21" dir="1" index="0" bw="1" slack="0"/>
</pin_list>
<bind>
<StgValue><ssdm name="input_10"/></StgValue>
</bind>
</comp>

<comp id="22" class="1000" name="input_11">
<pin_list>
<pin id="23" dir="1" index="0" bw="1" slack="0"/>
</pin_list>
<bind>
<StgValue><ssdm name="input_11"/></StgValue>
</bind>
</comp>

<comp id="24" class="1000" name="input_12">
<pin_list>
<pin id="25" dir="1" index="0" bw="1" slack="0"/>
</pin_list>
<bind>
<StgValue><ssdm name="input_12"/></StgValue>
</bind>
</comp>

<comp id="26" class="1000" name="input_13">
<pin_list>
<pin id="27" dir="1" index="0" bw="1" slack="0"/>
</pin_list>
<bind>
<StgValue><ssdm name="input_13"/></StgValue>
</bind>
</comp>

<comp id="28" class="1000" name="input_14">
<pin_list>
<pin id="29" dir="1" index="0" bw="1" slack="0"/>
</pin_list>
<bind>
<StgValue><ssdm name="input_14"/></StgValue>
</bind>
</comp>

<comp id="30" class="1000" name="input_15">
<pin_list>
<pin id="31" dir="1" index="0" bw="1" slack="0"/>
</pin_list>
<bind>
<StgValue><ssdm name="input_15"/></StgValue>
</bind>
</comp>

<comp id="32" class="1000" name="output_r">
<pin_list>
<pin id="33" dir="1" index="0" bw="1" slack="0"/>
</pin_list>
<bind>
<StgValue><ssdm name="output_r"/><MemPortTyVec>0 3 </MemPortTyVec>
</StgValue>
</bind>
</comp>

<comp id="34" class="1000" name="key">
<pin_list>
<pin id="35" dir="1" index="0" bw="1" slack="0"/>
</pin_list>
<bind>
<StgValue><ssdm name="key"/><MemPortTyVec>1 3 </MemPortTyVec>
</StgValue>
</bind>
</comp>

<comp id="36" class="1000" name="sbox">
<pin_list>
<pin id="37" dir="1" index="0" bw="1" slack="0"/>
</pin_list>
<bind>
<StgValue><ssdm name="sbox"/><MemPortTyVec>1 1 </MemPortTyVec>
</StgValue>
</bind>
</comp>

<comp id="38" class="1000" name="Rcon">
<pin_list>
<pin id="39" dir="1" index="0" bw="1" slack="0"/>
</pin_list>
<bind>
<StgValue><ssdm name="Rcon"/><MemPortTyVec>1 </MemPortTyVec>
</StgValue>
</bind>
</comp>

<comp id="40" class="1001" name="const_40">
<pin_list>
<pin id="41" dir="1" index="0" bw="1" slack="0"/>
</pin_list>
<bind>
<StgValue><ssdm name="_ssdm_op_Read.ap_auto.i8P"/></StgValue>
</bind>
</comp>

<comp id="42" class="1001" name="const_42">
<pin_list>
<pin id="43" dir="1" index="0" bw="1" slack="0"/>
</pin_list>
<bind>
<StgValue><ssdm name="aes_encrypt"/></StgValue>
</bind>
</comp>

<comp id="44" class="1001" name="const_44">
<pin_list>
<pin id="45" dir="1" index="0" bw="1" slack="2147483647"/>
</pin_list>
<bind>
<StgValue><ssdm name="_ssdm_op_SpecBitsMap"/></StgValue>
</bind>
</comp>

<comp id="46" class="1001" name="const_46">
<pin_list>
<pin id="47" dir="1" index="0" bw="1" slack="2147483647"/>
</pin_list>
<bind>
<StgValue><ssdm name="_ssdm_op_SpecTopModule"/></StgValue>
</bind>
</comp>

<comp id="48" class="1001" name="const_48">
<pin_list>
<pin id="49" dir="1" index="0" bw="1" slack="2147483647"/>
</pin_list>
<bind>
<StgValue><ssdm name="encrypt_dut_str"/></StgValue>
</bind>
</comp>

<comp id="50" class="1004" name="input_0_read_read_fu_50">
<pin_list>
<pin id="51" dir="0" index="0" bw="8" slack="0"/>
<pin id="52" dir="0" index="1" bw="8" slack="0"/>
<pin id="53" dir="1" index="2" bw="8" slack="0"/>
</pin_list>
<bind>
<opcode="read(1150) " fcode="read"/>
<opset="input_0_read/1 "/>
</bind>
</comp>

<comp id="56" class="1004" name="input_1_read_read_fu_56">
<pin_list>
<pin id="57" dir="0" index="0" bw="8" slack="0"/>
<pin id="58" dir="0" index="1" bw="8" slack="0"/>
<pin id="59" dir="1" index="2" bw="8" slack="0"/>
</pin_list>
<bind>
<opcode="read(1150) " fcode="read"/>
<opset="input_1_read/1 "/>
</bind>
</comp>

<comp id="62" class="1004" name="input_2_read_read_fu_62">
<pin_list>
<pin id="63" dir="0" index="0" bw="8" slack="0"/>
<pin id="64" dir="0" index="1" bw="8" slack="0"/>
<pin id="65" dir="1" index="2" bw="8" slack="0"/>
</pin_list>
<bind>
<opcode="read(1150) " fcode="read"/>
<opset="input_2_read/1 "/>
</bind>
</comp>

<comp id="68" class="1004" name="input_3_read_read_fu_68">
<pin_list>
<pin id="69" dir="0" index="0" bw="8" slack="0"/>
<pin id="70" dir="0" index="1" bw="8" slack="0"/>
<pin id="71" dir="1" index="2" bw="8" slack="0"/>
</pin_list>
<bind>
<opcode="read(1150) " fcode="read"/>
<opset="input_3_read/1 "/>
</bind>
</comp>

<comp id="74" class="1004" name="input_4_read_read_fu_74">
<pin_list>
<pin id="75" dir="0" index="0" bw="8" slack="0"/>
<pin id="76" dir="0" index="1" bw="8" slack="0"/>
<pin id="77" dir="1" index="2" bw="8" slack="0"/>
</pin_list>
<bind>
<opcode="read(1150) " fcode="read"/>
<opset="input_4_read/1 "/>
</bind>
</comp>

<comp id="80" class="1004" name="input_5_read_read_fu_80">
<pin_list>
<pin id="81" dir="0" index="0" bw="8" slack="0"/>
<pin id="82" dir="0" index="1" bw="8" slack="0"/>
<pin id="83" dir="1" index="2" bw="8" slack="0"/>
</pin_list>
<bind>
<opcode="read(1150) " fcode="read"/>
<opset="input_5_read/1 "/>
</bind>
</comp>

<comp id="86" class="1004" name="input_6_read_read_fu_86">
<pin_list>
<pin id="87" dir="0" index="0" bw="8" slack="0"/>
<pin id="88" dir="0" index="1" bw="8" slack="0"/>
<pin id="89" dir="1" index="2" bw="8" slack="0"/>
</pin_list>
<bind>
<opcode="read(1150) " fcode="read"/>
<opset="input_6_read/1 "/>
</bind>
</comp>

<comp id="92" class="1004" name="input_7_read_read_fu_92">
<pin_list>
<pin id="93" dir="0" index="0" bw="8" slack="0"/>
<pin id="94" dir="0" index="1" bw="8" slack="0"/>
<pin id="95" dir="1" index="2" bw="8" slack="0"/>
</pin_list>
<bind>
<opcode="read(1150) " fcode="read"/>
<opset="input_7_read/1 "/>
</bind>
</comp>

<comp id="98" class="1004" name="input_8_read_read_fu_98">
<pin_list>
<pin id="99" dir="0" index="0" bw="8" slack="0"/>
<pin id="100" dir="0" index="1" bw="8" slack="0"/>
<pin id="101" dir="1" index="2" bw="8" slack="0"/>
</pin_list>
<bind>
<opcode="read(1150) " fcode="read"/>
<opset="input_8_read/1 "/>
</bind>
</comp>

<comp id="104" class="1004" name="input_9_read_read_fu_104">
<pin_list>
<pin id="105" dir="0" index="0" bw="8" slack="0"/>
<pin id="106" dir="0" index="1" bw="8" slack="0"/>
<pin id="107" dir="1" index="2" bw="8" slack="0"/>
</pin_list>
<bind>
<opcode="read(1150) " fcode="read"/>
<opset="input_9_read/1 "/>
</bind>
</comp>

<comp id="110" class="1004" name="input_10_read_read_fu_110">
<pin_list>
<pin id="111" dir="0" index="0" bw="8" slack="0"/>
<pin id="112" dir="0" index="1" bw="8" slack="0"/>
<pin id="113" dir="1" index="2" bw="8" slack="0"/>
</pin_list>
<bind>
<opcode="read(1150) " fcode="read"/>
<opset="input_10_read/1 "/>
</bind>
</comp>

<comp id="116" class="1004" name="input_11_read_read_fu_116">
<pin_list>
<pin id="117" dir="0" index="0" bw="8" slack="0"/>
<pin id="118" dir="0" index="1" bw="8" slack="0"/>
<pin id="119" dir="1" index="2" bw="8" slack="0"/>
</pin_list>
<bind>
<opcode="read(1150) " fcode="read"/>
<opset="input_11_read/1 "/>
</bind>
</comp>

<comp id="122" class="1004" name="input_12_read_read_fu_122">
<pin_list>
<pin id="123" dir="0" index="0" bw="8" slack="0"/>
<pin id="124" dir="0" index="1" bw="8" slack="0"/>
<pin id="125" dir="1" index="2" bw="8" slack="0"/>
</pin_list>
<bind>
<opcode="read(1150) " fcode="read"/>
<opset="input_12_read/1 "/>
</bind>
</comp>

<comp id="128" class="1004" name="input_13_read_read_fu_128">
<pin_list>
<pin id="129" dir="0" index="0" bw="8" slack="0"/>
<pin id="130" dir="0" index="1" bw="8" slack="0"/>
<pin id="131" dir="1" index="2" bw="8" slack="0"/>
</pin_list>
<bind>
<opcode="read(1150) " fcode="read"/>
<opset="input_13_read/1 "/>
</bind>
</comp>

<comp id="134" class="1004" name="input_14_read_read_fu_134">
<pin_list>
<pin id="135" dir="0" index="0" bw="8" slack="0"/>
<pin id="136" dir="0" index="1" bw="8" slack="0"/>
<pin id="137" dir="1" index="2" bw="8" slack="0"/>
</pin_list>
<bind>
<opcode="read(1150) " fcode="read"/>
<opset="input_14_read/1 "/>
</bind>
</comp>

<comp id="140" class="1004" name="input_15_read_read_fu_140">
<pin_list>
<pin id="141" dir="0" index="0" bw="8" slack="0"/>
<pin id="142" dir="0" index="1" bw="8" slack="0"/>
<pin id="143" dir="1" index="2" bw="8" slack="0"/>
</pin_list>
<bind>
<opcode="read(1150) " fcode="read"/>
<opset="input_15_read/1 "/>
</bind>
</comp>

<comp id="146" class="1004" name="grp_aes_encrypt_fu_146">
<pin_list>
<pin id="147" dir="0" index="0" bw="0" slack="0"/>
<pin id="148" dir="0" index="1" bw="8" slack="0"/>
<pin id="149" dir="0" index="2" bw="8" slack="0"/>
<pin id="150" dir="0" index="3" bw="8" slack="0"/>
<pin id="151" dir="0" index="4" bw="8" slack="0"/>
<pin id="152" dir="0" index="5" bw="8" slack="0"/>
<pin id="153" dir="0" index="6" bw="8" slack="0"/>
<pin id="154" dir="0" index="7" bw="8" slack="0"/>
<pin id="155" dir="0" index="8" bw="8" slack="0"/>
<pin id="156" dir="0" index="9" bw="8" slack="0"/>
<pin id="157" dir="0" index="10" bw="8" slack="0"/>
<pin id="158" dir="0" index="11" bw="8" slack="0"/>
<pin id="159" dir="0" index="12" bw="8" slack="0"/>
<pin id="160" dir="0" index="13" bw="8" slack="0"/>
<pin id="161" dir="0" index="14" bw="8" slack="0"/>
<pin id="162" dir="0" index="15" bw="8" slack="0"/>
<pin id="163" dir="0" index="16" bw="8" slack="0"/>
<pin id="164" dir="0" index="17" bw="8" slack="0"/>
<pin id="165" dir="0" index="18" bw="8" slack="0"/>
<pin id="166" dir="0" index="19" bw="8" slack="0"/>
<pin id="167" dir="0" index="20" bw="8" slack="0"/>
<pin id="168" dir="1" index="21" bw="0" slack="2147483647"/>
</pin_list>
<bind>
<opcode="call(48) " fcode="call"/>
<opset="call_ln79/1 "/>
</bind>
</comp>

<comp id="190" class="1005" name="input_0_read_reg_190">
<pin_list>
<pin id="191" dir="0" index="0" bw="8" slack="1"/>
<pin id="192" dir="1" index="1" bw="8" slack="1"/>
</pin_list>
<bind>
<opset="input_0_read "/>
</bind>
</comp>

<comp id="195" class="1005" name="input_1_read_reg_195">
<pin_list>
<pin id="196" dir="0" index="0" bw="8" slack="1"/>
<pin id="197" dir="1" index="1" bw="8" slack="1"/>
</pin_list>
<bind>
<opset="input_1_read "/>
</bind>
</comp>

<comp id="200" class="1005" name="input_2_read_reg_200">
<pin_list>
<pin id="201" dir="0" index="0" bw="8" slack="1"/>
<pin id="202" dir="1" index="1" bw="8" slack="1"/>
</pin_list>
<bind>
<opset="input_2_read "/>
</bind>
</comp>

<comp id="205" class="1005" name="input_3_read_reg_205">
<pin_list>
<pin id="206" dir="0" index="0" bw="8" slack="1"/>
<pin id="207" dir="1" index="1" bw="8" slack="1"/>
</pin_list>
<bind>
<opset="input_3_read "/>
</bind>
</comp>

<comp id="210" class="1005" name="input_4_read_reg_210">
<pin_list>
<pin id="211" dir="0" index="0" bw="8" slack="1"/>
<pin id="212" dir="1" index="1" bw="8" slack="1"/>
</pin_list>
<bind>
<opset="input_4_read "/>
</bind>
</comp>

<comp id="215" class="1005" name="input_5_read_reg_215">
<pin_list>
<pin id="216" dir="0" index="0" bw="8" slack="1"/>
<pin id="217" dir="1" index="1" bw="8" slack="1"/>
</pin_list>
<bind>
<opset="input_5_read "/>
</bind>
</comp>

<comp id="220" class="1005" name="input_6_read_reg_220">
<pin_list>
<pin id="221" dir="0" index="0" bw="8" slack="1"/>
<pin id="222" dir="1" index="1" bw="8" slack="1"/>
</pin_list>
<bind>
<opset="input_6_read "/>
</bind>
</comp>

<comp id="225" class="1005" name="input_7_read_reg_225">
<pin_list>
<pin id="226" dir="0" index="0" bw="8" slack="1"/>
<pin id="227" dir="1" index="1" bw="8" slack="1"/>
</pin_list>
<bind>
<opset="input_7_read "/>
</bind>
</comp>

<comp id="230" class="1005" name="input_8_read_reg_230">
<pin_list>
<pin id="231" dir="0" index="0" bw="8" slack="1"/>
<pin id="232" dir="1" index="1" bw="8" slack="1"/>
</pin_list>
<bind>
<opset="input_8_read "/>
</bind>
</comp>

<comp id="235" class="1005" name="input_9_read_reg_235">
<pin_list>
<pin id="236" dir="0" index="0" bw="8" slack="1"/>
<pin id="237" dir="1" index="1" bw="8" slack="1"/>
</pin_list>
<bind>
<opset="input_9_read "/>
</bind>
</comp>

<comp id="240" class="1005" name="input_10_read_reg_240">
<pin_list>
<pin id="241" dir="0" index="0" bw="8" slack="1"/>
<pin id="242" dir="1" index="1" bw="8" slack="1"/>
</pin_list>
<bind>
<opset="input_10_read "/>
</bind>
</comp>

<comp id="245" class="1005" name="input_11_read_reg_245">
<pin_list>
<pin id="246" dir="0" index="0" bw="8" slack="1"/>
<pin id="247" dir="1" index="1" bw="8" slack="1"/>
</pin_list>
<bind>
<opset="input_11_read "/>
</bind>
</comp>

<comp id="250" class="1005" name="input_12_read_reg_250">
<pin_list>
<pin id="251" dir="0" index="0" bw="8" slack="1"/>
<pin id="252" dir="1" index="1" bw="8" slack="1"/>
</pin_list>
<bind>
<opset="input_12_read "/>
</bind>
</comp>

<comp id="255" class="1005" name="input_13_read_reg_255">
<pin_list>
<pin id="256" dir="0" index="0" bw="8" slack="1"/>
<pin id="257" dir="1" index="1" bw="8" slack="1"/>
</pin_list>
<bind>
<opset="input_13_read "/>
</bind>
</comp>

<comp id="260" class="1005" name="input_14_read_reg_260">
<pin_list>
<pin id="261" dir="0" index="0" bw="8" slack="1"/>
<pin id="262" dir="1" index="1" bw="8" slack="1"/>
</pin_list>
<bind>
<opset="input_14_read "/>
</bind>
</comp>

<comp id="265" class="1005" name="input_15_read_reg_265">
<pin_list>
<pin id="266" dir="0" index="0" bw="8" slack="1"/>
<pin id="267" dir="1" index="1" bw="8" slack="1"/>
</pin_list>
<bind>
<opset="input_15_read "/>
</bind>
</comp>

</comp_list>

<net_list>
<net id="54"><net_src comp="40" pin="0"/><net_sink comp="50" pin=0"/></net>

<net id="55"><net_src comp="0" pin="0"/><net_sink comp="50" pin=1"/></net>

<net id="60"><net_src comp="40" pin="0"/><net_sink comp="56" pin=0"/></net>

<net id="61"><net_src comp="2" pin="0"/><net_sink comp="56" pin=1"/></net>

<net id="66"><net_src comp="40" pin="0"/><net_sink comp="62" pin=0"/></net>

<net id="67"><net_src comp="4" pin="0"/><net_sink comp="62" pin=1"/></net>

<net id="72"><net_src comp="40" pin="0"/><net_sink comp="68" pin=0"/></net>

<net id="73"><net_src comp="6" pin="0"/><net_sink comp="68" pin=1"/></net>

<net id="78"><net_src comp="40" pin="0"/><net_sink comp="74" pin=0"/></net>

<net id="79"><net_src comp="8" pin="0"/><net_sink comp="74" pin=1"/></net>

<net id="84"><net_src comp="40" pin="0"/><net_sink comp="80" pin=0"/></net>

<net id="85"><net_src comp="10" pin="0"/><net_sink comp="80" pin=1"/></net>

<net id="90"><net_src comp="40" pin="0"/><net_sink comp="86" pin=0"/></net>

<net id="91"><net_src comp="12" pin="0"/><net_sink comp="86" pin=1"/></net>

<net id="96"><net_src comp="40" pin="0"/><net_sink comp="92" pin=0"/></net>

<net id="97"><net_src comp="14" pin="0"/><net_sink comp="92" pin=1"/></net>

<net id="102"><net_src comp="40" pin="0"/><net_sink comp="98" pin=0"/></net>

<net id="103"><net_src comp="16" pin="0"/><net_sink comp="98" pin=1"/></net>

<net id="108"><net_src comp="40" pin="0"/><net_sink comp="104" pin=0"/></net>

<net id="109"><net_src comp="18" pin="0"/><net_sink comp="104" pin=1"/></net>

<net id="114"><net_src comp="40" pin="0"/><net_sink comp="110" pin=0"/></net>

<net id="115"><net_src comp="20" pin="0"/><net_sink comp="110" pin=1"/></net>

<net id="120"><net_src comp="40" pin="0"/><net_sink comp="116" pin=0"/></net>

<net id="121"><net_src comp="22" pin="0"/><net_sink comp="116" pin=1"/></net>

<net id="126"><net_src comp="40" pin="0"/><net_sink comp="122" pin=0"/></net>

<net id="127"><net_src comp="24" pin="0"/><net_sink comp="122" pin=1"/></net>

<net id="132"><net_src comp="40" pin="0"/><net_sink comp="128" pin=0"/></net>

<net id="133"><net_src comp="26" pin="0"/><net_sink comp="128" pin=1"/></net>

<net id="138"><net_src comp="40" pin="0"/><net_sink comp="134" pin=0"/></net>

<net id="139"><net_src comp="28" pin="0"/><net_sink comp="134" pin=1"/></net>

<net id="144"><net_src comp="40" pin="0"/><net_sink comp="140" pin=0"/></net>

<net id="145"><net_src comp="30" pin="0"/><net_sink comp="140" pin=1"/></net>

<net id="169"><net_src comp="42" pin="0"/><net_sink comp="146" pin=0"/></net>

<net id="170"><net_src comp="50" pin="2"/><net_sink comp="146" pin=1"/></net>

<net id="171"><net_src comp="56" pin="2"/><net_sink comp="146" pin=2"/></net>

<net id="172"><net_src comp="62" pin="2"/><net_sink comp="146" pin=3"/></net>

<net id="173"><net_src comp="68" pin="2"/><net_sink comp="146" pin=4"/></net>

<net id="174"><net_src comp="74" pin="2"/><net_sink comp="146" pin=5"/></net>

<net id="175"><net_src comp="80" pin="2"/><net_sink comp="146" pin=6"/></net>

<net id="176"><net_src comp="86" pin="2"/><net_sink comp="146" pin=7"/></net>

<net id="177"><net_src comp="92" pin="2"/><net_sink comp="146" pin=8"/></net>

<net id="178"><net_src comp="98" pin="2"/><net_sink comp="146" pin=9"/></net>

<net id="179"><net_src comp="104" pin="2"/><net_sink comp="146" pin=10"/></net>

<net id="180"><net_src comp="110" pin="2"/><net_sink comp="146" pin=11"/></net>

<net id="181"><net_src comp="116" pin="2"/><net_sink comp="146" pin=12"/></net>

<net id="182"><net_src comp="122" pin="2"/><net_sink comp="146" pin=13"/></net>

<net id="183"><net_src comp="128" pin="2"/><net_sink comp="146" pin=14"/></net>

<net id="184"><net_src comp="134" pin="2"/><net_sink comp="146" pin=15"/></net>

<net id="185"><net_src comp="140" pin="2"/><net_sink comp="146" pin=16"/></net>

<net id="186"><net_src comp="32" pin="0"/><net_sink comp="146" pin=17"/></net>

<net id="187"><net_src comp="34" pin="0"/><net_sink comp="146" pin=18"/></net>

<net id="188"><net_src comp="36" pin="0"/><net_sink comp="146" pin=19"/></net>

<net id="189"><net_src comp="38" pin="0"/><net_sink comp="146" pin=20"/></net>

<net id="193"><net_src comp="50" pin="2"/><net_sink comp="190" pin=0"/></net>

<net id="194"><net_src comp="190" pin="1"/><net_sink comp="146" pin=1"/></net>

<net id="198"><net_src comp="56" pin="2"/><net_sink comp="195" pin=0"/></net>

<net id="199"><net_src comp="195" pin="1"/><net_sink comp="146" pin=2"/></net>

<net id="203"><net_src comp="62" pin="2"/><net_sink comp="200" pin=0"/></net>

<net id="204"><net_src comp="200" pin="1"/><net_sink comp="146" pin=3"/></net>

<net id="208"><net_src comp="68" pin="2"/><net_sink comp="205" pin=0"/></net>

<net id="209"><net_src comp="205" pin="1"/><net_sink comp="146" pin=4"/></net>

<net id="213"><net_src comp="74" pin="2"/><net_sink comp="210" pin=0"/></net>

<net id="214"><net_src comp="210" pin="1"/><net_sink comp="146" pin=5"/></net>

<net id="218"><net_src comp="80" pin="2"/><net_sink comp="215" pin=0"/></net>

<net id="219"><net_src comp="215" pin="1"/><net_sink comp="146" pin=6"/></net>

<net id="223"><net_src comp="86" pin="2"/><net_sink comp="220" pin=0"/></net>

<net id="224"><net_src comp="220" pin="1"/><net_sink comp="146" pin=7"/></net>

<net id="228"><net_src comp="92" pin="2"/><net_sink comp="225" pin=0"/></net>

<net id="229"><net_src comp="225" pin="1"/><net_sink comp="146" pin=8"/></net>

<net id="233"><net_src comp="98" pin="2"/><net_sink comp="230" pin=0"/></net>

<net id="234"><net_src comp="230" pin="1"/><net_sink comp="146" pin=9"/></net>

<net id="238"><net_src comp="104" pin="2"/><net_sink comp="235" pin=0"/></net>

<net id="239"><net_src comp="235" pin="1"/><net_sink comp="146" pin=10"/></net>

<net id="243"><net_src comp="110" pin="2"/><net_sink comp="240" pin=0"/></net>

<net id="244"><net_src comp="240" pin="1"/><net_sink comp="146" pin=11"/></net>

<net id="248"><net_src comp="116" pin="2"/><net_sink comp="245" pin=0"/></net>

<net id="249"><net_src comp="245" pin="1"/><net_sink comp="146" pin=12"/></net>

<net id="253"><net_src comp="122" pin="2"/><net_sink comp="250" pin=0"/></net>

<net id="254"><net_src comp="250" pin="1"/><net_sink comp="146" pin=13"/></net>

<net id="258"><net_src comp="128" pin="2"/><net_sink comp="255" pin=0"/></net>

<net id="259"><net_src comp="255" pin="1"/><net_sink comp="146" pin=14"/></net>

<net id="263"><net_src comp="134" pin="2"/><net_sink comp="260" pin=0"/></net>

<net id="264"><net_src comp="260" pin="1"/><net_sink comp="146" pin=15"/></net>

<net id="268"><net_src comp="140" pin="2"/><net_sink comp="265" pin=0"/></net>

<net id="269"><net_src comp="265" pin="1"/><net_sink comp="146" pin=16"/></net>

</net_list>

</model> 
---------------- Datapath Model END ------------------

* FSMD analyzer results:
  - Output states:
	Port: output_r | {1 2 }
 - Input state : 
	Port: encrypt_dut : input_0 | {1 }
	Port: encrypt_dut : input_1 | {1 }
	Port: encrypt_dut : input_2 | {1 }
	Port: encrypt_dut : input_3 | {1 }
	Port: encrypt_dut : input_4 | {1 }
	Port: encrypt_dut : input_5 | {1 }
	Port: encrypt_dut : input_6 | {1 }
	Port: encrypt_dut : input_7 | {1 }
	Port: encrypt_dut : input_8 | {1 }
	Port: encrypt_dut : input_9 | {1 }
	Port: encrypt_dut : input_10 | {1 }
	Port: encrypt_dut : input_11 | {1 }
	Port: encrypt_dut : input_12 | {1 }
	Port: encrypt_dut : input_13 | {1 }
	Port: encrypt_dut : input_14 | {1 }
	Port: encrypt_dut : input_15 | {1 }
	Port: encrypt_dut : key | {1 2 }
	Port: encrypt_dut : sbox | {1 2 }
	Port: encrypt_dut : Rcon | {1 2 }
  - Chain level:
	State 1
	State 2


============================================================
+ Verbose Summary: Datapath Resource usage 
============================================================

* Functional unit list:
|----------|---------------------------|---------|---------|---------|---------|---------|
| Operation|      Functional Unit      |   BRAM  |  Delay  |    FF   |   LUT   |   URAM  |
|----------|---------------------------|---------|---------|---------|---------|---------|
|   call   |   grp_aes_encrypt_fu_146  |    2    | 124.042 |   1730  |   3208  |    0    |
|----------|---------------------------|---------|---------|---------|---------|---------|
|          |  input_0_read_read_fu_50  |    0    |    0    |    0    |    0    |    0    |
|          |  input_1_read_read_fu_56  |    0    |    0    |    0    |    0    |    0    |
|          |  input_2_read_read_fu_62  |    0    |    0    |    0    |    0    |    0    |
|          |  input_3_read_read_fu_68  |    0    |    0    |    0    |    0    |    0    |
|          |  input_4_read_read_fu_74  |    0    |    0    |    0    |    0    |    0    |
|          |  input_5_read_read_fu_80  |    0    |    0    |    0    |    0    |    0    |
|          |  input_6_read_read_fu_86  |    0    |    0    |    0    |    0    |    0    |
|   read   |  input_7_read_read_fu_92  |    0    |    0    |    0    |    0    |    0    |
|          |  input_8_read_read_fu_98  |    0    |    0    |    0    |    0    |    0    |
|          |  input_9_read_read_fu_104 |    0    |    0    |    0    |    0    |    0    |
|          | input_10_read_read_fu_110 |    0    |    0    |    0    |    0    |    0    |
|          | input_11_read_read_fu_116 |    0    |    0    |    0    |    0    |    0    |
|          | input_12_read_read_fu_122 |    0    |    0    |    0    |    0    |    0    |
|          | input_13_read_read_fu_128 |    0    |    0    |    0    |    0    |    0    |
|          | input_14_read_read_fu_134 |    0    |    0    |    0    |    0    |    0    |
|          | input_15_read_read_fu_140 |    0    |    0    |    0    |    0    |    0    |
|----------|---------------------------|---------|---------|---------|---------|---------|
|   Total  |                           |    2    | 124.042 |   1730  |   3208  |    0    |
|----------|---------------------------|---------|---------|---------|---------|---------|

Memories:
+----+--------+--------+--------+
|    |  BRAM  |   FF   |   LUT  |
+----+--------+--------+--------+
|Rcon|    1   |    0   |    0   |
|sbox|    1   |    0   |    0   |
+----+--------+--------+--------+
|Total|    2   |    0   |    0   |
+----+--------+--------+--------+

* Register list:
+---------------------+--------+
|                     |   FF   |
+---------------------+--------+
| input_0_read_reg_190|    8   |
|input_10_read_reg_240|    8   |
|input_11_read_reg_245|    8   |
|input_12_read_reg_250|    8   |
|input_13_read_reg_255|    8   |
|input_14_read_reg_260|    8   |
|input_15_read_reg_265|    8   |
| input_1_read_reg_195|    8   |
| input_2_read_reg_200|    8   |
| input_3_read_reg_205|    8   |
| input_4_read_reg_210|    8   |
| input_5_read_reg_215|    8   |
| input_6_read_reg_220|    8   |
| input_7_read_reg_225|    8   |
| input_8_read_reg_230|    8   |
| input_9_read_reg_235|    8   |
+---------------------+--------+
|        Total        |   128  |
+---------------------+--------+

* Multiplexer (MUX) list: 
|------------------------|------|------|------|--------||---------||---------|
|          Comp          |  Pin | Size |  BW  | S x BW ||  Delay  ||   LUT   |
|------------------------|------|------|------|--------||---------||---------|
| grp_aes_encrypt_fu_146 |  p1  |   2  |   8  |   16   ||    9    |
| grp_aes_encrypt_fu_146 |  p2  |   2  |   8  |   16   ||    9    |
| grp_aes_encrypt_fu_146 |  p3  |   2  |   8  |   16   ||    9    |
| grp_aes_encrypt_fu_146 |  p4  |   2  |   8  |   16   ||    9    |
| grp_aes_encrypt_fu_146 |  p5  |   2  |   8  |   16   ||    9    |
| grp_aes_encrypt_fu_146 |  p6  |   2  |   8  |   16   ||    9    |
| grp_aes_encrypt_fu_146 |  p7  |   2  |   8  |   16   ||    9    |
| grp_aes_encrypt_fu_146 |  p8  |   2  |   8  |   16   ||    9    |
| grp_aes_encrypt_fu_146 |  p9  |   2  |   8  |   16   ||    9    |
| grp_aes_encrypt_fu_146 |  p10 |   2  |   8  |   16   ||    9    |
| grp_aes_encrypt_fu_146 |  p11 |   2  |   8  |   16   ||    9    |
| grp_aes_encrypt_fu_146 |  p12 |   2  |   8  |   16   ||    9    |
| grp_aes_encrypt_fu_146 |  p13 |   2  |   8  |   16   ||    9    |
| grp_aes_encrypt_fu_146 |  p14 |   2  |   8  |   16   ||    9    |
| grp_aes_encrypt_fu_146 |  p15 |   2  |   8  |   16   ||    9    |
| grp_aes_encrypt_fu_146 |  p16 |   2  |   8  |   16   ||    9    |
|------------------------|------|------|------|--------||---------||---------|
|          Total         |      |      |      |   256  ||  28.304 ||   144   |
|------------------------|------|------|------|--------||---------||---------|



* Summary:
+-----------+--------+--------+--------+--------+--------+
|           |  BRAM  |  Delay |   FF   |   LUT  |  URAM  |
+-----------+--------+--------+--------+--------+--------+
|  Function |    2   |   124  |  1730  |  3208  |    0   |
|   Memory  |    2   |    -   |    0   |    0   |    -   |
|Multiplexer|    -   |   28   |    -   |   144  |    -   |
|  Register |    -   |    -   |   128  |    -   |    -   |
+-----------+--------+--------+--------+--------+--------+
|   Total   |    4   |   152  |  1858  |  3352  |    0   |
+-----------+--------+--------+--------+--------+--------+
