

================================================================
== Vivado HLS Report for 'Blowfish_Encrypt'
================================================================
* Date:           Tue Nov 19 16:25:46 2024

* Version:        2019.2 (Build 2704478 on Wed Nov 06 22:10:23 MST 2019)
* Project:        Blowfish_Encrypt.prj
* Solution:       solution1
* Product family: zynq
* Target device:  xc7z020-clg484-1


================================================================
== Performance Estimates
================================================================
+ Timing: 
    * Summary: 
    +--------+----------+----------+------------+
    |  Clock |  Target  | Estimated| Uncertainty|
    +--------+----------+----------+------------+
    |ap_clk  | 10.00 ns | 6.799 ns |   1.25 ns  |
    +--------+----------+----------+------------+

+ Latency: 
    * Summary: 
    +---------+---------+----------+----------+-----+-----+---------+
    |  Latency (cycles) |  Latency (absolute) |  Interval | Pipeline|
    |   min   |   max   |    min   |    max   | min | max |   Type  |
    +---------+---------+----------+----------+-----+-----+---------+
    |       73|       73| 0.730 us | 0.730 us |   73|   73|   none  |
    +---------+---------+----------+----------+-----+-----+---------+

    + Detail: 
        * Instance: 
        N/A

        * Loop: 
        +----------+---------+---------+----------+-----------+-----------+------+----------+
        |          |  Latency (cycles) | Iteration|  Initiation Interval  | Trip |          |
        | Loop Name|   min   |   max   |  Latency |  achieved |   target  | Count| Pipelined|
        +----------+---------+---------+----------+-----------+-----------+------+----------+
        |- Loop 1  |       64|       64|         4|          -|          -|    16|    no    |
        +----------+---------+---------+----------+-----------+-----------+------+----------+

============================================================
+ Verbose Summary: Synthesis Manager
============================================================
InlineROM: 1
ExposeGlobal: 0
============================================================
+ Verbose Summary: CDFG Model
============================================================
IsTopModel: 1
ResetActiveHigh: 1
IsCombinational: 0
IsDatapathOnly: 0
HasWiredReturn: 1
HasMFsm: 0
HasVarLatency: 1
IsPipeline: 0
IsRtlPipelined: 0
IsInstanceOverlapped: 0
IsDontTouch: 0
HasImplIP: 0
IsGatedGlobalClock: 0


============================================================
+ Verbose Summary: Schedule
============================================================
* Number of FSM states : 13
* Pipeline : 0
* Dataflow Pipeline: 0

* FSM state transitions: 
1 --> 2 
2 --> 3 
3 --> 4 
4 --> 5 
5 --> 6 
6 --> 7 10 
7 --> 8 
8 --> 9 
9 --> 6 
10 --> 11 
11 --> 12 
12 --> 13 
13 --> 

* FSM state operations: 

State 1 <SV = 0> <Delay = 2.32>
ST_1 : Operation 14 [1/1] (0.00ns)   --->   "%plaintext_addr = getelementptr [8 x i8]* %plaintext, i64 0, i64 0" [blowfish.cpp:165->blowfish.cpp:62]   --->   Operation 14 'getelementptr' 'plaintext_addr' <Predicate = true> <Delay = 0.00>
ST_1 : Operation 15 [2/2] (2.32ns)   --->   "%plaintext_load = load i8* %plaintext_addr, align 1" [blowfish.cpp:166->blowfish.cpp:62]   --->   Operation 15 'load' 'plaintext_load' <Predicate = true> <Delay = 2.32> <Core = "RAM">   --->   Core 37 'RAM' <Latency = 1> <II = 1> <Delay = 2.32> <Storage> <Opcode : 'load' 'store'> <Ports = 2> <Width = 8> <Depth = 8> <RAM>
ST_1 : Operation 16 [1/1] (0.00ns)   --->   "%plaintext_addr_1 = getelementptr [8 x i8]* %plaintext, i64 0, i64 1" [blowfish.cpp:166->blowfish.cpp:62]   --->   Operation 16 'getelementptr' 'plaintext_addr_1' <Predicate = true> <Delay = 0.00>
ST_1 : Operation 17 [2/2] (2.32ns)   --->   "%plaintext_load_1 = load i8* %plaintext_addr_1, align 1" [blowfish.cpp:166->blowfish.cpp:62]   --->   Operation 17 'load' 'plaintext_load_1' <Predicate = true> <Delay = 2.32> <Core = "RAM">   --->   Core 37 'RAM' <Latency = 1> <II = 1> <Delay = 2.32> <Storage> <Opcode : 'load' 'store'> <Ports = 2> <Width = 8> <Depth = 8> <RAM>

State 2 <SV = 1> <Delay = 2.32>
ST_2 : Operation 18 [1/2] (2.32ns)   --->   "%plaintext_load = load i8* %plaintext_addr, align 1" [blowfish.cpp:166->blowfish.cpp:62]   --->   Operation 18 'load' 'plaintext_load' <Predicate = true> <Delay = 2.32> <Core = "RAM">   --->   Core 37 'RAM' <Latency = 1> <II = 1> <Delay = 2.32> <Storage> <Opcode : 'load' 'store'> <Ports = 2> <Width = 8> <Depth = 8> <RAM>
ST_2 : Operation 19 [1/2] (2.32ns)   --->   "%plaintext_load_1 = load i8* %plaintext_addr_1, align 1" [blowfish.cpp:166->blowfish.cpp:62]   --->   Operation 19 'load' 'plaintext_load_1' <Predicate = true> <Delay = 2.32> <Core = "RAM">   --->   Core 37 'RAM' <Latency = 1> <II = 1> <Delay = 2.32> <Storage> <Opcode : 'load' 'store'> <Ports = 2> <Width = 8> <Depth = 8> <RAM>
ST_2 : Operation 20 [1/1] (0.00ns)   --->   "%plaintext_addr_2 = getelementptr [8 x i8]* %plaintext, i64 0, i64 2" [blowfish.cpp:166->blowfish.cpp:62]   --->   Operation 20 'getelementptr' 'plaintext_addr_2' <Predicate = true> <Delay = 0.00>
ST_2 : Operation 21 [2/2] (2.32ns)   --->   "%plaintext_load_2 = load i8* %plaintext_addr_2, align 1" [blowfish.cpp:166->blowfish.cpp:62]   --->   Operation 21 'load' 'plaintext_load_2' <Predicate = true> <Delay = 2.32> <Core = "RAM">   --->   Core 37 'RAM' <Latency = 1> <II = 1> <Delay = 2.32> <Storage> <Opcode : 'load' 'store'> <Ports = 2> <Width = 8> <Depth = 8> <RAM>
ST_2 : Operation 22 [1/1] (0.00ns)   --->   "%plaintext_addr_3 = getelementptr [8 x i8]* %plaintext, i64 0, i64 3" [blowfish.cpp:166->blowfish.cpp:62]   --->   Operation 22 'getelementptr' 'plaintext_addr_3' <Predicate = true> <Delay = 0.00>
ST_2 : Operation 23 [2/2] (2.32ns)   --->   "%plaintext_load_3 = load i8* %plaintext_addr_3, align 1" [blowfish.cpp:166->blowfish.cpp:62]   --->   Operation 23 'load' 'plaintext_load_3' <Predicate = true> <Delay = 2.32> <Core = "RAM">   --->   Core 37 'RAM' <Latency = 1> <II = 1> <Delay = 2.32> <Storage> <Opcode : 'load' 'store'> <Ports = 2> <Width = 8> <Depth = 8> <RAM>

State 3 <SV = 2> <Delay = 2.32>
ST_3 : Operation 24 [1/2] (2.32ns)   --->   "%plaintext_load_2 = load i8* %plaintext_addr_2, align 1" [blowfish.cpp:166->blowfish.cpp:62]   --->   Operation 24 'load' 'plaintext_load_2' <Predicate = true> <Delay = 2.32> <Core = "RAM">   --->   Core 37 'RAM' <Latency = 1> <II = 1> <Delay = 2.32> <Storage> <Opcode : 'load' 'store'> <Ports = 2> <Width = 8> <Depth = 8> <RAM>
ST_3 : Operation 25 [1/2] (2.32ns)   --->   "%plaintext_load_3 = load i8* %plaintext_addr_3, align 1" [blowfish.cpp:166->blowfish.cpp:62]   --->   Operation 25 'load' 'plaintext_load_3' <Predicate = true> <Delay = 2.32> <Core = "RAM">   --->   Core 37 'RAM' <Latency = 1> <II = 1> <Delay = 2.32> <Storage> <Opcode : 'load' 'store'> <Ports = 2> <Width = 8> <Depth = 8> <RAM>
ST_3 : Operation 26 [1/1] (0.00ns)   --->   "%plaintext_addr_4 = getelementptr [8 x i8]* %plaintext, i64 0, i64 4" [blowfish.cpp:167->blowfish.cpp:62]   --->   Operation 26 'getelementptr' 'plaintext_addr_4' <Predicate = true> <Delay = 0.00>
ST_3 : Operation 27 [2/2] (2.32ns)   --->   "%plaintext_load_4 = load i8* %plaintext_addr_4, align 1" [blowfish.cpp:167->blowfish.cpp:62]   --->   Operation 27 'load' 'plaintext_load_4' <Predicate = true> <Delay = 2.32> <Core = "RAM">   --->   Core 37 'RAM' <Latency = 1> <II = 1> <Delay = 2.32> <Storage> <Opcode : 'load' 'store'> <Ports = 2> <Width = 8> <Depth = 8> <RAM>
ST_3 : Operation 28 [1/1] (0.00ns)   --->   "%plaintext_addr_5 = getelementptr [8 x i8]* %plaintext, i64 0, i64 5" [blowfish.cpp:167->blowfish.cpp:62]   --->   Operation 28 'getelementptr' 'plaintext_addr_5' <Predicate = true> <Delay = 0.00>
ST_3 : Operation 29 [2/2] (2.32ns)   --->   "%plaintext_load_5 = load i8* %plaintext_addr_5, align 1" [blowfish.cpp:167->blowfish.cpp:62]   --->   Operation 29 'load' 'plaintext_load_5' <Predicate = true> <Delay = 2.32> <Core = "RAM">   --->   Core 37 'RAM' <Latency = 1> <II = 1> <Delay = 2.32> <Storage> <Opcode : 'load' 'store'> <Ports = 2> <Width = 8> <Depth = 8> <RAM>

State 4 <SV = 3> <Delay = 2.32>
ST_4 : Operation 30 [1/2] (2.32ns)   --->   "%plaintext_load_4 = load i8* %plaintext_addr_4, align 1" [blowfish.cpp:167->blowfish.cpp:62]   --->   Operation 30 'load' 'plaintext_load_4' <Predicate = true> <Delay = 2.32> <Core = "RAM">   --->   Core 37 'RAM' <Latency = 1> <II = 1> <Delay = 2.32> <Storage> <Opcode : 'load' 'store'> <Ports = 2> <Width = 8> <Depth = 8> <RAM>
ST_4 : Operation 31 [1/2] (2.32ns)   --->   "%plaintext_load_5 = load i8* %plaintext_addr_5, align 1" [blowfish.cpp:167->blowfish.cpp:62]   --->   Operation 31 'load' 'plaintext_load_5' <Predicate = true> <Delay = 2.32> <Core = "RAM">   --->   Core 37 'RAM' <Latency = 1> <II = 1> <Delay = 2.32> <Storage> <Opcode : 'load' 'store'> <Ports = 2> <Width = 8> <Depth = 8> <RAM>
ST_4 : Operation 32 [1/1] (0.00ns)   --->   "%plaintext_addr_6 = getelementptr [8 x i8]* %plaintext, i64 0, i64 6" [blowfish.cpp:167->blowfish.cpp:62]   --->   Operation 32 'getelementptr' 'plaintext_addr_6' <Predicate = true> <Delay = 0.00>
ST_4 : Operation 33 [2/2] (2.32ns)   --->   "%plaintext_load_6 = load i8* %plaintext_addr_6, align 1" [blowfish.cpp:167->blowfish.cpp:62]   --->   Operation 33 'load' 'plaintext_load_6' <Predicate = true> <Delay = 2.32> <Core = "RAM">   --->   Core 37 'RAM' <Latency = 1> <II = 1> <Delay = 2.32> <Storage> <Opcode : 'load' 'store'> <Ports = 2> <Width = 8> <Depth = 8> <RAM>
ST_4 : Operation 34 [1/1] (0.00ns)   --->   "%plaintext_addr_7 = getelementptr [8 x i8]* %plaintext, i64 0, i64 7" [blowfish.cpp:167->blowfish.cpp:62]   --->   Operation 34 'getelementptr' 'plaintext_addr_7' <Predicate = true> <Delay = 0.00>
ST_4 : Operation 35 [2/2] (2.32ns)   --->   "%plaintext_load_7 = load i8* %plaintext_addr_7, align 1" [blowfish.cpp:167->blowfish.cpp:62]   --->   Operation 35 'load' 'plaintext_load_7' <Predicate = true> <Delay = 2.32> <Core = "RAM">   --->   Core 37 'RAM' <Latency = 1> <II = 1> <Delay = 2.32> <Storage> <Opcode : 'load' 'store'> <Ports = 2> <Width = 8> <Depth = 8> <RAM>

State 5 <SV = 4> <Delay = 2.32>
ST_5 : Operation 36 [1/1] (0.00ns)   --->   "call void (...)* @_ssdm_op_SpecBitsMap([8 x i8]* %plaintext) nounwind, !map !52"   --->   Operation 36 'specbitsmap' <Predicate = true> <Delay = 0.00>
ST_5 : Operation 37 [1/1] (0.00ns)   --->   "call void (...)* @_ssdm_op_SpecBitsMap([8 x i8]* %ciphertext) nounwind, !map !58"   --->   Operation 37 'specbitsmap' <Predicate = true> <Delay = 0.00>
ST_5 : Operation 38 [1/1] (0.00ns)   --->   "call void (...)* @_ssdm_op_SpecBitsMap([18 x i32]* %P) nounwind, !map !62"   --->   Operation 38 'specbitsmap' <Predicate = true> <Delay = 0.00>
ST_5 : Operation 39 [1/1] (0.00ns)   --->   "call void (...)* @_ssdm_op_SpecBitsMap([1024 x i32]* %S) nounwind, !map !68"   --->   Operation 39 'specbitsmap' <Predicate = true> <Delay = 0.00>
ST_5 : Operation 40 [1/1] (0.00ns)   --->   "call void (...)* @_ssdm_op_SpecTopModule([17 x i8]* @Blowfish_Encrypt_str) nounwind"   --->   Operation 40 'spectopmodule' <Predicate = true> <Delay = 0.00>
ST_5 : Operation 41 [1/1] (0.00ns)   --->   "%left_1 = call i32 @_ssdm_op_BitConcatenate.i32.i8.i8.i8.i8(i8 %plaintext_load, i8 %plaintext_load_1, i8 %plaintext_load_2, i8 %plaintext_load_3)" [blowfish.cpp:166->blowfish.cpp:62]   --->   Operation 41 'bitconcatenate' 'left_1' <Predicate = true> <Delay = 0.00>
ST_5 : Operation 42 [1/2] (2.32ns)   --->   "%plaintext_load_6 = load i8* %plaintext_addr_6, align 1" [blowfish.cpp:167->blowfish.cpp:62]   --->   Operation 42 'load' 'plaintext_load_6' <Predicate = true> <Delay = 2.32> <Core = "RAM">   --->   Core 37 'RAM' <Latency = 1> <II = 1> <Delay = 2.32> <Storage> <Opcode : 'load' 'store'> <Ports = 2> <Width = 8> <Depth = 8> <RAM>
ST_5 : Operation 43 [1/2] (2.32ns)   --->   "%plaintext_load_7 = load i8* %plaintext_addr_7, align 1" [blowfish.cpp:167->blowfish.cpp:62]   --->   Operation 43 'load' 'plaintext_load_7' <Predicate = true> <Delay = 2.32> <Core = "RAM">   --->   Core 37 'RAM' <Latency = 1> <II = 1> <Delay = 2.32> <Storage> <Opcode : 'load' 'store'> <Ports = 2> <Width = 8> <Depth = 8> <RAM>
ST_5 : Operation 44 [1/1] (0.00ns)   --->   "%right_1 = call i32 @_ssdm_op_BitConcatenate.i32.i8.i8.i8.i8(i8 %plaintext_load_4, i8 %plaintext_load_5, i8 %plaintext_load_6, i8 %plaintext_load_7)" [blowfish.cpp:167->blowfish.cpp:62]   --->   Operation 44 'bitconcatenate' 'right_1' <Predicate = true> <Delay = 0.00>
ST_5 : Operation 45 [1/1] (1.76ns)   --->   "br label %1" [blowfish.cpp:65]   --->   Operation 45 'br' <Predicate = true> <Delay = 1.76>

State 6 <SV = 5> <Delay = 2.32>
ST_6 : Operation 46 [1/1] (0.00ns)   --->   "%left_2 = phi i32 [ %right_1, %0 ], [ %left_5, %2 ]"   --->   Operation 46 'phi' 'left_2' <Predicate = true> <Delay = 0.00>
ST_6 : Operation 47 [1/1] (0.00ns)   --->   "%right_2 = phi i32 [ %left_1, %0 ], [ %right, %2 ]"   --->   Operation 47 'phi' 'right_2' <Predicate = true> <Delay = 0.00>
ST_6 : Operation 48 [1/1] (0.00ns)   --->   "%i_0 = phi i5 [ 0, %0 ], [ %i, %2 ]"   --->   Operation 48 'phi' 'i_0' <Predicate = true> <Delay = 0.00>
ST_6 : Operation 49 [1/1] (1.36ns)   --->   "%icmp_ln65 = icmp eq i5 %i_0, -16" [blowfish.cpp:65]   --->   Operation 49 'icmp' 'icmp_ln65' <Predicate = true> <Delay = 1.36> <Core = "Cmp">   --->   Core 25 'Cmp' <Latency = 0> <II = 1> <Delay = 1.36> <FuncUnit> <Opcode : 'icmp'> <InPorts = 2> <OutPorts = 1>
ST_6 : Operation 50 [1/1] (0.00ns)   --->   "%empty = call i32 (...)* @_ssdm_op_SpecLoopTripCount(i64 16, i64 16, i64 16) nounwind"   --->   Operation 50 'speclooptripcount' 'empty' <Predicate = true> <Delay = 0.00>
ST_6 : Operation 51 [1/1] (1.78ns)   --->   "%i = add i5 %i_0, 1" [blowfish.cpp:65]   --->   Operation 51 'add' 'i' <Predicate = true> <Delay = 1.78> <Core = "AddSub">   --->   Core 14 'AddSub' <Latency = 0> <II = 1> <Delay = 2.55> <FuncUnit> <Opcode : 'add' 'sub'> <InPorts = 2> <OutPorts = 1>
ST_6 : Operation 52 [1/1] (0.00ns)   --->   "br i1 %icmp_ln65, label %3, label %2" [blowfish.cpp:65]   --->   Operation 52 'br' <Predicate = true> <Delay = 0.00>
ST_6 : Operation 53 [1/1] (0.00ns)   --->   "%zext_ln66 = zext i5 %i_0 to i64" [blowfish.cpp:66]   --->   Operation 53 'zext' 'zext_ln66' <Predicate = (!icmp_ln65)> <Delay = 0.00>
ST_6 : Operation 54 [1/1] (0.00ns)   --->   "%P_addr_2 = getelementptr [18 x i32]* %P, i64 0, i64 %zext_ln66" [blowfish.cpp:66]   --->   Operation 54 'getelementptr' 'P_addr_2' <Predicate = (!icmp_ln65)> <Delay = 0.00>
ST_6 : Operation 55 [2/2] (2.32ns)   --->   "%P_load_2 = load i32* %P_addr_2, align 4" [blowfish.cpp:66]   --->   Operation 55 'load' 'P_load_2' <Predicate = (!icmp_ln65)> <Delay = 2.32> <Core = "RAM">   --->   Core 37 'RAM' <Latency = 1> <II = 1> <Delay = 2.32> <Storage> <Opcode : 'load' 'store'> <Ports = 2> <Width = 8> <Depth = 8> <RAM>
ST_6 : Operation 56 [1/1] (0.00ns)   --->   "%P_addr_1 = getelementptr [18 x i32]* %P, i64 0, i64 17" [blowfish.cpp:72]   --->   Operation 56 'getelementptr' 'P_addr_1' <Predicate = (icmp_ln65)> <Delay = 0.00>
ST_6 : Operation 57 [2/2] (2.32ns)   --->   "%P_load_1 = load i32* %P_addr_1, align 4" [blowfish.cpp:72]   --->   Operation 57 'load' 'P_load_1' <Predicate = (icmp_ln65)> <Delay = 2.32> <Core = "RAM">   --->   Core 37 'RAM' <Latency = 1> <II = 1> <Delay = 2.32> <Storage> <Opcode : 'load' 'store'> <Ports = 2> <Width = 8> <Depth = 8> <RAM>

State 7 <SV = 6> <Delay = 6.61>
ST_7 : Operation 58 [1/2] (2.32ns)   --->   "%P_load_2 = load i32* %P_addr_2, align 4" [blowfish.cpp:66]   --->   Operation 58 'load' 'P_load_2' <Predicate = true> <Delay = 2.32> <Core = "RAM">   --->   Core 37 'RAM' <Latency = 1> <II = 1> <Delay = 2.32> <Storage> <Opcode : 'load' 'store'> <Ports = 2> <Width = 8> <Depth = 8> <RAM>
ST_7 : Operation 59 [1/1] (0.00ns)   --->   "%trunc_ln66 = trunc i32 %P_load_2 to i8" [blowfish.cpp:66]   --->   Operation 59 'trunc' 'trunc_ln66' <Predicate = true> <Delay = 0.00>
ST_7 : Operation 60 [1/1] (0.00ns)   --->   "%trunc_ln66_2 = trunc i32 %right_2 to i24" [blowfish.cpp:66]   --->   Operation 60 'trunc' 'trunc_ln66_2' <Predicate = true> <Delay = 0.00>
ST_7 : Operation 61 [1/1] (0.00ns)   --->   "%trunc_ln66_3 = trunc i32 %P_load_2 to i24" [blowfish.cpp:66]   --->   Operation 61 'trunc' 'trunc_ln66_3' <Predicate = true> <Delay = 0.00>
ST_7 : Operation 62 [1/1] (0.00ns)   --->   "%trunc_ln66_4 = trunc i32 %right_2 to i16" [blowfish.cpp:66]   --->   Operation 62 'trunc' 'trunc_ln66_4' <Predicate = true> <Delay = 0.00>
ST_7 : Operation 63 [1/1] (0.00ns)   --->   "%trunc_ln66_5 = trunc i32 %P_load_2 to i16" [blowfish.cpp:66]   --->   Operation 63 'trunc' 'trunc_ln66_5' <Predicate = true> <Delay = 0.00>
ST_7 : Operation 64 [1/1] (0.99ns)   --->   "%left_5 = xor i32 %P_load_2, %right_2" [blowfish.cpp:66]   --->   Operation 64 'xor' 'left_5' <Predicate = true> <Delay = 0.99> <Core = "LogicGate">   --->   Core 27 'LogicGate' <Latency = 0> <II = 1> <Delay = 0.99> <FuncUnit> <Opcode : 'and' 'or' 'xor'> <InPorts = 2> <OutPorts = 1>
ST_7 : Operation 65 [1/1] (0.99ns)   --->   "%xor_ln66_1 = xor i16 %trunc_ln66_5, %trunc_ln66_4" [blowfish.cpp:66]   --->   Operation 65 'xor' 'xor_ln66_1' <Predicate = true> <Delay = 0.99> <Core = "LogicGate">   --->   Core 27 'LogicGate' <Latency = 0> <II = 1> <Delay = 0.99> <FuncUnit> <Opcode : 'and' 'or' 'xor'> <InPorts = 2> <OutPorts = 1>
ST_7 : Operation 66 [1/1] (1.03ns)   --->   "%xor_ln66_2 = xor i24 %trunc_ln66_3, %trunc_ln66_2" [blowfish.cpp:66]   --->   Operation 66 'xor' 'xor_ln66_2' <Predicate = true> <Delay = 1.03> <Core = "LogicGate">   --->   Core 27 'LogicGate' <Latency = 0> <II = 1> <Delay = 0.99> <FuncUnit> <Opcode : 'and' 'or' 'xor'> <InPorts = 2> <OutPorts = 1>
ST_7 : Operation 67 [1/1] (0.00ns)   --->   "%a = call i8 @_ssdm_op_PartSelect.i8.i32.i32.i32(i32 %left_5, i32 24, i32 31)" [blowfish.cpp:98->blowfish.cpp:67]   --->   Operation 67 'partselect' 'a' <Predicate = true> <Delay = 0.00>
ST_7 : Operation 68 [1/1] (0.00ns)   --->   "%b = call i8 @_ssdm_op_PartSelect.i8.i24.i32.i32(i24 %xor_ln66_2, i32 16, i32 23)" [blowfish.cpp:99->blowfish.cpp:67]   --->   Operation 68 'partselect' 'b' <Predicate = true> <Delay = 0.00>
ST_7 : Operation 69 [1/1] (0.00ns)   --->   "%c = call i8 @_ssdm_op_PartSelect.i8.i16.i32.i32(i16 %xor_ln66_1, i32 8, i32 15)" [blowfish.cpp:100->blowfish.cpp:67]   --->   Operation 69 'partselect' 'c' <Predicate = true> <Delay = 0.00>
ST_7 : Operation 70 [1/1] (0.00ns)   --->   "%zext_ln102 = zext i8 %a to i64" [blowfish.cpp:102->blowfish.cpp:67]   --->   Operation 70 'zext' 'zext_ln102' <Predicate = true> <Delay = 0.00>
ST_7 : Operation 71 [1/1] (0.00ns)   --->   "%S_addr = getelementptr [1024 x i32]* %S, i64 0, i64 %zext_ln102" [blowfish.cpp:102->blowfish.cpp:67]   --->   Operation 71 'getelementptr' 'S_addr' <Predicate = true> <Delay = 0.00>
ST_7 : Operation 72 [2/2] (3.25ns)   --->   "%S_load = load i32* %S_addr, align 4" [blowfish.cpp:102->blowfish.cpp:67]   --->   Operation 72 'load' 'S_load' <Predicate = true> <Delay = 3.25> <Core = "RAM">   --->   Core 37 'RAM' <Latency = 1> <II = 1> <Delay = 2.32> <Storage> <Opcode : 'load' 'store'> <Ports = 2> <Width = 8> <Depth = 8> <RAM>
ST_7 : Operation 73 [1/1] (0.00ns)   --->   "%tmp = call i64 @_ssdm_op_BitConcatenate.i64.i56.i8(i56 1, i8 %b)" [blowfish.cpp:102->blowfish.cpp:67]   --->   Operation 73 'bitconcatenate' 'tmp' <Predicate = true> <Delay = 0.00>
ST_7 : Operation 74 [1/1] (0.00ns)   --->   "%S_addr_1 = getelementptr [1024 x i32]* %S, i64 0, i64 %tmp" [blowfish.cpp:102->blowfish.cpp:67]   --->   Operation 74 'getelementptr' 'S_addr_1' <Predicate = true> <Delay = 0.00>
ST_7 : Operation 75 [2/2] (3.25ns)   --->   "%S_load_1 = load i32* %S_addr_1, align 4" [blowfish.cpp:102->blowfish.cpp:67]   --->   Operation 75 'load' 'S_load_1' <Predicate = true> <Delay = 3.25> <Core = "RAM">   --->   Core 37 'RAM' <Latency = 1> <II = 1> <Delay = 2.32> <Storage> <Opcode : 'load' 'store'> <Ports = 2> <Width = 8> <Depth = 8> <RAM>

State 8 <SV = 7> <Delay = 5.80>
ST_8 : Operation 76 [1/1] (0.00ns)   --->   "%trunc_ln66_1 = trunc i32 %right_2 to i8" [blowfish.cpp:66]   --->   Operation 76 'trunc' 'trunc_ln66_1' <Predicate = true> <Delay = 0.00>
ST_8 : Operation 77 [1/1] (0.99ns)   --->   "%d = xor i8 %trunc_ln66_1, %trunc_ln66" [blowfish.cpp:101->blowfish.cpp:67]   --->   Operation 77 'xor' 'd' <Predicate = true> <Delay = 0.99> <Core = "LogicGate">   --->   Core 27 'LogicGate' <Latency = 0> <II = 1> <Delay = 0.99> <FuncUnit> <Opcode : 'and' 'or' 'xor'> <InPorts = 2> <OutPorts = 1>
ST_8 : Operation 78 [1/2] (3.25ns)   --->   "%S_load = load i32* %S_addr, align 4" [blowfish.cpp:102->blowfish.cpp:67]   --->   Operation 78 'load' 'S_load' <Predicate = true> <Delay = 3.25> <Core = "RAM">   --->   Core 37 'RAM' <Latency = 1> <II = 1> <Delay = 2.32> <Storage> <Opcode : 'load' 'store'> <Ports = 2> <Width = 8> <Depth = 8> <RAM>
ST_8 : Operation 79 [1/2] (3.25ns)   --->   "%S_load_1 = load i32* %S_addr_1, align 4" [blowfish.cpp:102->blowfish.cpp:67]   --->   Operation 79 'load' 'S_load_1' <Predicate = true> <Delay = 3.25> <Core = "RAM">   --->   Core 37 'RAM' <Latency = 1> <II = 1> <Delay = 2.32> <Storage> <Opcode : 'load' 'store'> <Ports = 2> <Width = 8> <Depth = 8> <RAM>
ST_8 : Operation 80 [1/1] (2.55ns)   --->   "%add_ln102 = add i32 %S_load, %S_load_1" [blowfish.cpp:102->blowfish.cpp:67]   --->   Operation 80 'add' 'add_ln102' <Predicate = true> <Delay = 2.55> <Core = "AddSub">   --->   Core 14 'AddSub' <Latency = 0> <II = 1> <Delay = 2.55> <FuncUnit> <Opcode : 'add' 'sub'> <InPorts = 2> <OutPorts = 1>
ST_8 : Operation 81 [1/1] (0.00ns)   --->   "%tmp_1 = call i64 @_ssdm_op_BitConcatenate.i64.i56.i8(i56 2, i8 %c)" [blowfish.cpp:102->blowfish.cpp:67]   --->   Operation 81 'bitconcatenate' 'tmp_1' <Predicate = true> <Delay = 0.00>
ST_8 : Operation 82 [1/1] (0.00ns)   --->   "%S_addr_2 = getelementptr [1024 x i32]* %S, i64 0, i64 %tmp_1" [blowfish.cpp:102->blowfish.cpp:67]   --->   Operation 82 'getelementptr' 'S_addr_2' <Predicate = true> <Delay = 0.00>
ST_8 : Operation 83 [2/2] (3.25ns)   --->   "%S_load_2 = load i32* %S_addr_2, align 4" [blowfish.cpp:102->blowfish.cpp:67]   --->   Operation 83 'load' 'S_load_2' <Predicate = true> <Delay = 3.25> <Core = "RAM">   --->   Core 37 'RAM' <Latency = 1> <II = 1> <Delay = 2.32> <Storage> <Opcode : 'load' 'store'> <Ports = 2> <Width = 8> <Depth = 8> <RAM>
ST_8 : Operation 84 [1/1] (0.00ns)   --->   "%tmp_2 = call i64 @_ssdm_op_BitConcatenate.i64.i56.i8(i56 3, i8 %d)" [blowfish.cpp:102->blowfish.cpp:67]   --->   Operation 84 'bitconcatenate' 'tmp_2' <Predicate = true> <Delay = 0.00>
ST_8 : Operation 85 [1/1] (0.00ns)   --->   "%S_addr_3 = getelementptr [1024 x i32]* %S, i64 0, i64 %tmp_2" [blowfish.cpp:102->blowfish.cpp:67]   --->   Operation 85 'getelementptr' 'S_addr_3' <Predicate = true> <Delay = 0.00>
ST_8 : Operation 86 [2/2] (3.25ns)   --->   "%S_load_3 = load i32* %S_addr_3, align 4" [blowfish.cpp:102->blowfish.cpp:67]   --->   Operation 86 'load' 'S_load_3' <Predicate = true> <Delay = 3.25> <Core = "RAM">   --->   Core 37 'RAM' <Latency = 1> <II = 1> <Delay = 2.32> <Storage> <Opcode : 'load' 'store'> <Ports = 2> <Width = 8> <Depth = 8> <RAM>

State 9 <SV = 8> <Delay = 6.79>
ST_9 : Operation 87 [1/2] (3.25ns)   --->   "%S_load_2 = load i32* %S_addr_2, align 4" [blowfish.cpp:102->blowfish.cpp:67]   --->   Operation 87 'load' 'S_load_2' <Predicate = true> <Delay = 3.25> <Core = "RAM">   --->   Core 37 'RAM' <Latency = 1> <II = 1> <Delay = 2.32> <Storage> <Opcode : 'load' 'store'> <Ports = 2> <Width = 8> <Depth = 8> <RAM>
ST_9 : Operation 88 [1/1] (0.00ns) (grouped into LUT with out node add_ln102_1)   --->   "%xor_ln102 = xor i32 %S_load_2, %add_ln102" [blowfish.cpp:102->blowfish.cpp:67]   --->   Operation 88 'xor' 'xor_ln102' <Predicate = true> <Delay = 0.00> <Core = "LogicGate">   --->   Core 27 'LogicGate' <Latency = 0> <II = 1> <Delay = 0.99> <FuncUnit> <Opcode : 'and' 'or' 'xor'> <InPorts = 2> <OutPorts = 1>
ST_9 : Operation 89 [1/2] (3.25ns)   --->   "%S_load_3 = load i32* %S_addr_3, align 4" [blowfish.cpp:102->blowfish.cpp:67]   --->   Operation 89 'load' 'S_load_3' <Predicate = true> <Delay = 3.25> <Core = "RAM">   --->   Core 37 'RAM' <Latency = 1> <II = 1> <Delay = 2.32> <Storage> <Opcode : 'load' 'store'> <Ports = 2> <Width = 8> <Depth = 8> <RAM>
ST_9 : Operation 90 [1/1] (2.55ns) (out node of the LUT)   --->   "%add_ln102_1 = add i32 %S_load_3, %xor_ln102" [blowfish.cpp:102->blowfish.cpp:67]   --->   Operation 90 'add' 'add_ln102_1' <Predicate = true> <Delay = 2.55> <Core = "AddSub">   --->   Core 14 'AddSub' <Latency = 0> <II = 1> <Delay = 2.55> <FuncUnit> <Opcode : 'add' 'sub'> <InPorts = 2> <OutPorts = 1>
ST_9 : Operation 91 [1/1] (0.99ns)   --->   "%right = xor i32 %left_2, %add_ln102_1" [blowfish.cpp:67]   --->   Operation 91 'xor' 'right' <Predicate = true> <Delay = 0.99> <Core = "LogicGate">   --->   Core 27 'LogicGate' <Latency = 0> <II = 1> <Delay = 0.99> <FuncUnit> <Opcode : 'and' 'or' 'xor'> <InPorts = 2> <OutPorts = 1>
ST_9 : Operation 92 [1/1] (0.00ns)   --->   "br label %1" [blowfish.cpp:65]   --->   Operation 92 'br' <Predicate = true> <Delay = 0.00>

State 10 <SV = 6> <Delay = 5.67>
ST_10 : Operation 93 [1/2] (2.32ns)   --->   "%P_load_1 = load i32* %P_addr_1, align 4" [blowfish.cpp:72]   --->   Operation 93 'load' 'P_load_1' <Predicate = true> <Delay = 2.32> <Core = "RAM">   --->   Core 37 'RAM' <Latency = 1> <II = 1> <Delay = 2.32> <Storage> <Opcode : 'load' 'store'> <Ports = 2> <Width = 8> <Depth = 8> <RAM>
ST_10 : Operation 94 [1/1] (0.00ns)   --->   "%trunc_ln72 = trunc i32 %P_load_1 to i8" [blowfish.cpp:72]   --->   Operation 94 'trunc' 'trunc_ln72' <Predicate = true> <Delay = 0.00>
ST_10 : Operation 95 [1/1] (0.00ns)   --->   "%trunc_ln72_2 = trunc i32 %left_2 to i24" [blowfish.cpp:72]   --->   Operation 95 'trunc' 'trunc_ln72_2' <Predicate = true> <Delay = 0.00>
ST_10 : Operation 96 [1/1] (0.00ns)   --->   "%trunc_ln72_3 = trunc i32 %P_load_1 to i24" [blowfish.cpp:72]   --->   Operation 96 'trunc' 'trunc_ln72_3' <Predicate = true> <Delay = 0.00>
ST_10 : Operation 97 [1/1] (0.00ns)   --->   "%trunc_ln72_4 = trunc i32 %left_2 to i16" [blowfish.cpp:72]   --->   Operation 97 'trunc' 'trunc_ln72_4' <Predicate = true> <Delay = 0.00>
ST_10 : Operation 98 [1/1] (0.00ns)   --->   "%trunc_ln72_5 = trunc i32 %P_load_1 to i16" [blowfish.cpp:72]   --->   Operation 98 'trunc' 'trunc_ln72_5' <Predicate = true> <Delay = 0.00>
ST_10 : Operation 99 [1/1] (0.99ns)   --->   "%left = xor i32 %P_load_1, %left_2" [blowfish.cpp:72]   --->   Operation 99 'xor' 'left' <Predicate = true> <Delay = 0.99> <Core = "LogicGate">   --->   Core 27 'LogicGate' <Latency = 0> <II = 1> <Delay = 0.99> <FuncUnit> <Opcode : 'and' 'or' 'xor'> <InPorts = 2> <OutPorts = 1>
ST_10 : Operation 100 [1/1] (0.99ns)   --->   "%xor_ln72_1 = xor i16 %trunc_ln72_5, %trunc_ln72_4" [blowfish.cpp:72]   --->   Operation 100 'xor' 'xor_ln72_1' <Predicate = true> <Delay = 0.99> <Core = "LogicGate">   --->   Core 27 'LogicGate' <Latency = 0> <II = 1> <Delay = 0.99> <FuncUnit> <Opcode : 'and' 'or' 'xor'> <InPorts = 2> <OutPorts = 1>
ST_10 : Operation 101 [1/1] (1.03ns)   --->   "%xor_ln72_2 = xor i24 %trunc_ln72_3, %trunc_ln72_2" [blowfish.cpp:72]   --->   Operation 101 'xor' 'xor_ln72_2' <Predicate = true> <Delay = 1.03> <Core = "LogicGate">   --->   Core 27 'LogicGate' <Latency = 0> <II = 1> <Delay = 0.99> <FuncUnit> <Opcode : 'and' 'or' 'xor'> <InPorts = 2> <OutPorts = 1>
ST_10 : Operation 102 [1/1] (0.00ns)   --->   "%ciphertext_addr = getelementptr [8 x i8]* %ciphertext, i64 0, i64 0" [blowfish.cpp:171->blowfish.cpp:73]   --->   Operation 102 'getelementptr' 'ciphertext_addr' <Predicate = true> <Delay = 0.00>
ST_10 : Operation 103 [1/1] (0.00ns)   --->   "%trunc_ln2 = call i8 @_ssdm_op_PartSelect.i8.i32.i32.i32(i32 %left, i32 24, i32 31)" [blowfish.cpp:172->blowfish.cpp:73]   --->   Operation 103 'partselect' 'trunc_ln2' <Predicate = true> <Delay = 0.00>
ST_10 : Operation 104 [1/1] (2.32ns)   --->   "store i8 %trunc_ln2, i8* %ciphertext_addr, align 1" [blowfish.cpp:172->blowfish.cpp:73]   --->   Operation 104 'store' <Predicate = true> <Delay = 2.32> <Core = "RAM">   --->   Core 37 'RAM' <Latency = 1> <II = 1> <Delay = 2.32> <Storage> <Opcode : 'load' 'store'> <Ports = 2> <Width = 8> <Depth = 8> <RAM>
ST_10 : Operation 105 [1/1] (0.00ns)   --->   "%trunc_ln3 = call i8 @_ssdm_op_PartSelect.i8.i24.i32.i32(i24 %xor_ln72_2, i32 16, i32 23)" [blowfish.cpp:173->blowfish.cpp:73]   --->   Operation 105 'partselect' 'trunc_ln3' <Predicate = true> <Delay = 0.00>
ST_10 : Operation 106 [1/1] (0.00ns)   --->   "%ciphertext_addr_1 = getelementptr [8 x i8]* %ciphertext, i64 0, i64 1" [blowfish.cpp:173->blowfish.cpp:73]   --->   Operation 106 'getelementptr' 'ciphertext_addr_1' <Predicate = true> <Delay = 0.00>
ST_10 : Operation 107 [1/1] (2.32ns)   --->   "store i8 %trunc_ln3, i8* %ciphertext_addr_1, align 1" [blowfish.cpp:173->blowfish.cpp:73]   --->   Operation 107 'store' <Predicate = true> <Delay = 2.32> <Core = "RAM">   --->   Core 37 'RAM' <Latency = 1> <II = 1> <Delay = 2.32> <Storage> <Opcode : 'load' 'store'> <Ports = 2> <Width = 8> <Depth = 8> <RAM>
ST_10 : Operation 108 [1/1] (0.00ns)   --->   "%trunc_ln4 = call i8 @_ssdm_op_PartSelect.i8.i16.i32.i32(i16 %xor_ln72_1, i32 8, i32 15)" [blowfish.cpp:174->blowfish.cpp:73]   --->   Operation 108 'partselect' 'trunc_ln4' <Predicate = true> <Delay = 0.00>

State 11 <SV = 7> <Delay = 3.31>
ST_11 : Operation 109 [1/1] (0.00ns)   --->   "%P_addr = getelementptr [18 x i32]* %P, i64 0, i64 16" [blowfish.cpp:71]   --->   Operation 109 'getelementptr' 'P_addr' <Predicate = true> <Delay = 0.00>
ST_11 : Operation 110 [2/2] (2.32ns)   --->   "%P_load = load i32* %P_addr, align 4" [blowfish.cpp:71]   --->   Operation 110 'load' 'P_load' <Predicate = true> <Delay = 2.32> <Core = "RAM">   --->   Core 37 'RAM' <Latency = 1> <II = 1> <Delay = 2.32> <Storage> <Opcode : 'load' 'store'> <Ports = 2> <Width = 8> <Depth = 8> <RAM>
ST_11 : Operation 111 [1/1] (0.00ns)   --->   "%trunc_ln72_1 = trunc i32 %left_2 to i8" [blowfish.cpp:72]   --->   Operation 111 'trunc' 'trunc_ln72_1' <Predicate = true> <Delay = 0.00>
ST_11 : Operation 112 [1/1] (0.00ns)   --->   "%ciphertext_addr_2 = getelementptr [8 x i8]* %ciphertext, i64 0, i64 2" [blowfish.cpp:174->blowfish.cpp:73]   --->   Operation 112 'getelementptr' 'ciphertext_addr_2' <Predicate = true> <Delay = 0.00>
ST_11 : Operation 113 [1/1] (2.32ns)   --->   "store i8 %trunc_ln4, i8* %ciphertext_addr_2, align 1" [blowfish.cpp:174->blowfish.cpp:73]   --->   Operation 113 'store' <Predicate = true> <Delay = 2.32> <Core = "RAM">   --->   Core 37 'RAM' <Latency = 1> <II = 1> <Delay = 2.32> <Storage> <Opcode : 'load' 'store'> <Ports = 2> <Width = 8> <Depth = 8> <RAM>
ST_11 : Operation 114 [1/1] (0.99ns)   --->   "%xor_ln175 = xor i8 %trunc_ln72_1, %trunc_ln72" [blowfish.cpp:175->blowfish.cpp:73]   --->   Operation 114 'xor' 'xor_ln175' <Predicate = true> <Delay = 0.99> <Core = "LogicGate">   --->   Core 27 'LogicGate' <Latency = 0> <II = 1> <Delay = 0.99> <FuncUnit> <Opcode : 'and' 'or' 'xor'> <InPorts = 2> <OutPorts = 1>
ST_11 : Operation 115 [1/1] (0.00ns)   --->   "%ciphertext_addr_3 = getelementptr [8 x i8]* %ciphertext, i64 0, i64 3" [blowfish.cpp:175->blowfish.cpp:73]   --->   Operation 115 'getelementptr' 'ciphertext_addr_3' <Predicate = true> <Delay = 0.00>
ST_11 : Operation 116 [1/1] (2.32ns)   --->   "store i8 %xor_ln175, i8* %ciphertext_addr_3, align 1" [blowfish.cpp:175->blowfish.cpp:73]   --->   Operation 116 'store' <Predicate = true> <Delay = 2.32> <Core = "RAM">   --->   Core 37 'RAM' <Latency = 1> <II = 1> <Delay = 2.32> <Storage> <Opcode : 'load' 'store'> <Ports = 2> <Width = 8> <Depth = 8> <RAM>

State 12 <SV = 8> <Delay = 5.67>
ST_12 : Operation 117 [1/2] (2.32ns)   --->   "%P_load = load i32* %P_addr, align 4" [blowfish.cpp:71]   --->   Operation 117 'load' 'P_load' <Predicate = true> <Delay = 2.32> <Core = "RAM">   --->   Core 37 'RAM' <Latency = 1> <II = 1> <Delay = 2.32> <Storage> <Opcode : 'load' 'store'> <Ports = 2> <Width = 8> <Depth = 8> <RAM>
ST_12 : Operation 118 [1/1] (0.00ns)   --->   "%trunc_ln71 = trunc i32 %P_load to i8" [blowfish.cpp:71]   --->   Operation 118 'trunc' 'trunc_ln71' <Predicate = true> <Delay = 0.00>
ST_12 : Operation 119 [1/1] (0.00ns)   --->   "%trunc_ln71_1 = trunc i32 %right_2 to i8" [blowfish.cpp:71]   --->   Operation 119 'trunc' 'trunc_ln71_1' <Predicate = true> <Delay = 0.00>
ST_12 : Operation 120 [1/1] (0.00ns)   --->   "%trunc_ln71_2 = trunc i32 %right_2 to i24" [blowfish.cpp:71]   --->   Operation 120 'trunc' 'trunc_ln71_2' <Predicate = true> <Delay = 0.00>
ST_12 : Operation 121 [1/1] (0.00ns)   --->   "%trunc_ln71_3 = trunc i32 %P_load to i24" [blowfish.cpp:71]   --->   Operation 121 'trunc' 'trunc_ln71_3' <Predicate = true> <Delay = 0.00>
ST_12 : Operation 122 [1/1] (0.00ns)   --->   "%trunc_ln71_4 = trunc i32 %right_2 to i16" [blowfish.cpp:71]   --->   Operation 122 'trunc' 'trunc_ln71_4' <Predicate = true> <Delay = 0.00>
ST_12 : Operation 123 [1/1] (0.00ns)   --->   "%trunc_ln71_5 = trunc i32 %P_load to i16" [blowfish.cpp:71]   --->   Operation 123 'trunc' 'trunc_ln71_5' <Predicate = true> <Delay = 0.00>
ST_12 : Operation 124 [1/1] (0.99ns)   --->   "%right_3 = xor i32 %P_load, %right_2" [blowfish.cpp:71]   --->   Operation 124 'xor' 'right_3' <Predicate = true> <Delay = 0.99> <Core = "LogicGate">   --->   Core 27 'LogicGate' <Latency = 0> <II = 1> <Delay = 0.99> <FuncUnit> <Opcode : 'and' 'or' 'xor'> <InPorts = 2> <OutPorts = 1>
ST_12 : Operation 125 [1/1] (0.99ns)   --->   "%xor_ln71_1 = xor i16 %trunc_ln71_5, %trunc_ln71_4" [blowfish.cpp:71]   --->   Operation 125 'xor' 'xor_ln71_1' <Predicate = true> <Delay = 0.99> <Core = "LogicGate">   --->   Core 27 'LogicGate' <Latency = 0> <II = 1> <Delay = 0.99> <FuncUnit> <Opcode : 'and' 'or' 'xor'> <InPorts = 2> <OutPorts = 1>
ST_12 : Operation 126 [1/1] (1.03ns)   --->   "%xor_ln71_2 = xor i24 %trunc_ln71_3, %trunc_ln71_2" [blowfish.cpp:71]   --->   Operation 126 'xor' 'xor_ln71_2' <Predicate = true> <Delay = 1.03> <Core = "LogicGate">   --->   Core 27 'LogicGate' <Latency = 0> <II = 1> <Delay = 0.99> <FuncUnit> <Opcode : 'and' 'or' 'xor'> <InPorts = 2> <OutPorts = 1>
ST_12 : Operation 127 [1/1] (0.00ns)   --->   "%trunc_ln5 = call i8 @_ssdm_op_PartSelect.i8.i32.i32.i32(i32 %right_3, i32 24, i32 31)" [blowfish.cpp:176->blowfish.cpp:73]   --->   Operation 127 'partselect' 'trunc_ln5' <Predicate = true> <Delay = 0.00>
ST_12 : Operation 128 [1/1] (0.00ns)   --->   "%ciphertext_addr_4 = getelementptr [8 x i8]* %ciphertext, i64 0, i64 4" [blowfish.cpp:176->blowfish.cpp:73]   --->   Operation 128 'getelementptr' 'ciphertext_addr_4' <Predicate = true> <Delay = 0.00>
ST_12 : Operation 129 [1/1] (2.32ns)   --->   "store i8 %trunc_ln5, i8* %ciphertext_addr_4, align 1" [blowfish.cpp:176->blowfish.cpp:73]   --->   Operation 129 'store' <Predicate = true> <Delay = 2.32> <Core = "RAM">   --->   Core 37 'RAM' <Latency = 1> <II = 1> <Delay = 2.32> <Storage> <Opcode : 'load' 'store'> <Ports = 2> <Width = 8> <Depth = 8> <RAM>
ST_12 : Operation 130 [1/1] (0.00ns)   --->   "%trunc_ln6 = call i8 @_ssdm_op_PartSelect.i8.i24.i32.i32(i24 %xor_ln71_2, i32 16, i32 23)" [blowfish.cpp:177->blowfish.cpp:73]   --->   Operation 130 'partselect' 'trunc_ln6' <Predicate = true> <Delay = 0.00>
ST_12 : Operation 131 [1/1] (0.00ns)   --->   "%ciphertext_addr_5 = getelementptr [8 x i8]* %ciphertext, i64 0, i64 5" [blowfish.cpp:177->blowfish.cpp:73]   --->   Operation 131 'getelementptr' 'ciphertext_addr_5' <Predicate = true> <Delay = 0.00>
ST_12 : Operation 132 [1/1] (2.32ns)   --->   "store i8 %trunc_ln6, i8* %ciphertext_addr_5, align 1" [blowfish.cpp:177->blowfish.cpp:73]   --->   Operation 132 'store' <Predicate = true> <Delay = 2.32> <Core = "RAM">   --->   Core 37 'RAM' <Latency = 1> <II = 1> <Delay = 2.32> <Storage> <Opcode : 'load' 'store'> <Ports = 2> <Width = 8> <Depth = 8> <RAM>
ST_12 : Operation 133 [1/1] (0.00ns)   --->   "%trunc_ln7 = call i8 @_ssdm_op_PartSelect.i8.i16.i32.i32(i16 %xor_ln71_1, i32 8, i32 15)" [blowfish.cpp:178->blowfish.cpp:73]   --->   Operation 133 'partselect' 'trunc_ln7' <Predicate = true> <Delay = 0.00>
ST_12 : Operation 134 [1/1] (0.99ns)   --->   "%xor_ln179 = xor i8 %trunc_ln71_1, %trunc_ln71" [blowfish.cpp:179->blowfish.cpp:73]   --->   Operation 134 'xor' 'xor_ln179' <Predicate = true> <Delay = 0.99> <Core = "LogicGate">   --->   Core 27 'LogicGate' <Latency = 0> <II = 1> <Delay = 0.99> <FuncUnit> <Opcode : 'and' 'or' 'xor'> <InPorts = 2> <OutPorts = 1>

State 13 <SV = 9> <Delay = 2.32>
ST_13 : Operation 135 [1/1] (0.00ns)   --->   "%ciphertext_addr_6 = getelementptr [8 x i8]* %ciphertext, i64 0, i64 6" [blowfish.cpp:178->blowfish.cpp:73]   --->   Operation 135 'getelementptr' 'ciphertext_addr_6' <Predicate = true> <Delay = 0.00>
ST_13 : Operation 136 [1/1] (2.32ns)   --->   "store i8 %trunc_ln7, i8* %ciphertext_addr_6, align 1" [blowfish.cpp:178->blowfish.cpp:73]   --->   Operation 136 'store' <Predicate = true> <Delay = 2.32> <Core = "RAM">   --->   Core 37 'RAM' <Latency = 1> <II = 1> <Delay = 2.32> <Storage> <Opcode : 'load' 'store'> <Ports = 2> <Width = 8> <Depth = 8> <RAM>
ST_13 : Operation 137 [1/1] (0.00ns)   --->   "%ciphertext_addr_7 = getelementptr [8 x i8]* %ciphertext, i64 0, i64 7" [blowfish.cpp:179->blowfish.cpp:73]   --->   Operation 137 'getelementptr' 'ciphertext_addr_7' <Predicate = true> <Delay = 0.00>
ST_13 : Operation 138 [1/1] (2.32ns)   --->   "store i8 %xor_ln179, i8* %ciphertext_addr_7, align 1" [blowfish.cpp:179->blowfish.cpp:73]   --->   Operation 138 'store' <Predicate = true> <Delay = 2.32> <Core = "RAM">   --->   Core 37 'RAM' <Latency = 1> <II = 1> <Delay = 2.32> <Storage> <Opcode : 'load' 'store'> <Ports = 2> <Width = 8> <Depth = 8> <RAM>
ST_13 : Operation 139 [1/1] (0.00ns)   --->   "ret void" [blowfish.cpp:75]   --->   Operation 139 'ret' <Predicate = true> <Delay = 0.00>


============================================================
+ Verbose Summary: Timing violations
============================================================
Target clock period: 10ns, clock uncertainty: 1.25ns.

 <State 1>: 2.32ns
The critical path consists of the following:
	'getelementptr' operation ('plaintext_addr', blowfish.cpp:165->blowfish.cpp:62) [10]  (0 ns)
	'load' operation ('plaintext_load', blowfish.cpp:166->blowfish.cpp:62) on array 'plaintext' [11]  (2.32 ns)

 <State 2>: 2.32ns
The critical path consists of the following:
	'load' operation ('plaintext_load', blowfish.cpp:166->blowfish.cpp:62) on array 'plaintext' [11]  (2.32 ns)

 <State 3>: 2.32ns
The critical path consists of the following:
	'load' operation ('plaintext_load_2', blowfish.cpp:166->blowfish.cpp:62) on array 'plaintext' [15]  (2.32 ns)

 <State 4>: 2.32ns
The critical path consists of the following:
	'load' operation ('plaintext_load_4', blowfish.cpp:167->blowfish.cpp:62) on array 'plaintext' [20]  (2.32 ns)

 <State 5>: 2.32ns
The critical path consists of the following:
	'load' operation ('plaintext_load_6', blowfish.cpp:167->blowfish.cpp:62) on array 'plaintext' [24]  (2.32 ns)

 <State 6>: 2.32ns
The critical path consists of the following:
	'phi' operation ('i') with incoming values : ('i', blowfish.cpp:65) [32]  (0 ns)
	'getelementptr' operation ('P_addr_2', blowfish.cpp:66) [39]  (0 ns)
	'load' operation ('P_load_2', blowfish.cpp:66) on array 'P' [40]  (2.32 ns)

 <State 7>: 6.61ns
The critical path consists of the following:
	'load' operation ('P_load_2', blowfish.cpp:66) on array 'P' [40]  (2.32 ns)
	'xor' operation ('xor_ln66_2', blowfish.cpp:66) [49]  (1.03 ns)
	'getelementptr' operation ('S_addr_1', blowfish.cpp:102->blowfish.cpp:67) [58]  (0 ns)
	'load' operation ('S_load_1', blowfish.cpp:102->blowfish.cpp:67) on array 'S' [59]  (3.25 ns)

 <State 8>: 5.81ns
The critical path consists of the following:
	'load' operation ('S_load', blowfish.cpp:102->blowfish.cpp:67) on array 'S' [56]  (3.25 ns)
	'add' operation ('add_ln102', blowfish.cpp:102->blowfish.cpp:67) [60]  (2.55 ns)

 <State 9>: 6.8ns
The critical path consists of the following:
	'load' operation ('S_load_2', blowfish.cpp:102->blowfish.cpp:67) on array 'S' [63]  (3.25 ns)
	'xor' operation ('xor_ln102', blowfish.cpp:102->blowfish.cpp:67) [64]  (0 ns)
	'add' operation ('add_ln102_1', blowfish.cpp:102->blowfish.cpp:67) [68]  (2.55 ns)
	'xor' operation ('right', blowfish.cpp:67) [69]  (0.993 ns)

 <State 10>: 5.68ns
The critical path consists of the following:
	'load' operation ('P_load_1', blowfish.cpp:72) on array 'P' [84]  (2.32 ns)
	'xor' operation ('xor_ln72_2', blowfish.cpp:72) [93]  (1.03 ns)
	'store' operation ('store_ln173', blowfish.cpp:173->blowfish.cpp:73) of variable 'trunc_ln3', blowfish.cpp:173->blowfish.cpp:73 on array 'ciphertext' [99]  (2.32 ns)

 <State 11>: 3.31ns
The critical path consists of the following:
	'xor' operation ('xor_ln175', blowfish.cpp:175->blowfish.cpp:73) [103]  (0.99 ns)
	'store' operation ('store_ln175', blowfish.cpp:175->blowfish.cpp:73) of variable 'xor_ln175', blowfish.cpp:175->blowfish.cpp:73 on array 'ciphertext' [105]  (2.32 ns)

 <State 12>: 5.68ns
The critical path consists of the following:
	'load' operation ('P_load', blowfish.cpp:71) on array 'P' [73]  (2.32 ns)
	'xor' operation ('xor_ln71_2', blowfish.cpp:71) [82]  (1.03 ns)
	'store' operation ('store_ln177', blowfish.cpp:177->blowfish.cpp:73) of variable 'trunc_ln6', blowfish.cpp:177->blowfish.cpp:73 on array 'ciphertext' [111]  (2.32 ns)

 <State 13>: 2.32ns
The critical path consists of the following:
	'getelementptr' operation ('ciphertext_addr_6', blowfish.cpp:178->blowfish.cpp:73) [113]  (0 ns)
	'store' operation ('store_ln178', blowfish.cpp:178->blowfish.cpp:73) of variable 'trunc_ln7', blowfish.cpp:178->blowfish.cpp:73 on array 'ciphertext' [114]  (2.32 ns)


============================================================
+ Verbose Summary: Binding
============================================================
N/A
* FSMD analyzer results:
  - Output states:
 - Input state : 
  - Chain level:
	State 1
	State 2
	State 3
	State 4
	State 5
	State 6
	State 7
	State 8
	State 9
	State 10
	State 11
	State 12
	State 13


============================================================
+ Verbose Summary: Datapath Resource usage 
============================================================
N/A
