

================================================================
== Vivado HLS Report for 'Blowfish_SetKey_Encrypt_Decrypt'
================================================================
* Date:           Tue Nov 26 11:39:26 2024

* Version:        2019.2 (Build 2704478 on Wed Nov 06 22:10:23 MST 2019)
* Project:        Blowfish_Setkey_Encrypt_Decrypt_Opt.prj
* Solution:       solution1
* Product family: zynq
* Target device:  xc7z020-clg484-1


================================================================
== Performance Estimates
================================================================
+ Timing: 
    * Summary: 
    +--------+----------+----------+------------+
    |  Clock |  Target  | Estimated| Uncertainty|
    +--------+----------+----------+------------+
    |ap_clk  | 10.00 ns | 9.715 ns |   1.25 ns  |
    +--------+----------+----------+------------+

+ Latency: 
    * Summary: 
    +---------+---------+----------+----------+-----+-------+---------+
    |  Latency (cycles) |  Latency (absolute) |   Interval  | Pipeline|
    |   min   |   max   |    min   |    max   | min |  max  |   Type  |
    +---------+---------+----------+----------+-----+-------+---------+
    |       76|    19313| 0.760 us | 0.193 ms |   76|  19313|   none  |
    +---------+---------+----------+----------+-----+-------+---------+

    + Detail: 
        * Instance: 
        +-----------------------------+------------------+---------+---------+----------+----------+-------+-------+---------+
        |                             |                  |  Latency (cycles) |  Latency (absolute) |    Interval   | Pipeline|
        |           Instance          |      Module      |   min   |   max   |    min   |    max   |  min  |  max  |   Type  |
        +-----------------------------+------------------+---------+---------+----------+----------+-------+-------+---------+
        |grp_Blowfish_SetKey_fu_328   |Blowfish_SetKey   |    19236|    19236| 0.192 ms | 0.192 ms |  19236|  19236|   none  |
        |grp_Blowfish_Encrypt_fu_346  |Blowfish_Encrypt  |       36|       36| 0.360 us | 0.360 us |     36|     36|   none  |
        |grp_Blowfish_Decrypt_fu_397  |Blowfish_Decrypt  |       36|       36| 0.360 us | 0.360 us |     36|     36|   none  |
        +-----------------------------+------------------+---------+---------+----------+----------+-------+-------+---------+

        * Loop: 
        N/A



================================================================
== Utilization Estimates
================================================================
* Summary: 
+-----------------+---------+-------+--------+-------+-----+
|       Name      | BRAM_18K| DSP48E|   FF   |  LUT  | URAM|
+-----------------+---------+-------+--------+-------+-----+
|DSP              |        -|      -|       -|      -|    -|
|Expression       |        -|      -|       -|      -|    -|
|FIFO             |        -|      -|       -|      -|    -|
|Instance         |        4|      -|    8450|  17309|    -|
|Memory           |        1|      -|       0|      0|    0|
|Multiplexer      |        -|      -|       -|    554|    -|
|Register         |        -|      -|     585|      -|    -|
+-----------------+---------+-------+--------+-------+-----+
|Total            |        5|      0|    9035|  17863|    0|
+-----------------+---------+-------+--------+-------+-----+
|Available        |      280|    220|  106400|  53200|    0|
+-----------------+---------+-------+--------+-------+-----+
|Utilization (%)  |        1|      0|       8|     33|    0|
+-----------------+---------+-------+--------+-------+-----+

+ Detail: 
    * Instance: 
    +-----------------------------+------------------+---------+-------+------+-------+-----+
    |           Instance          |      Module      | BRAM_18K| DSP48E|  FF  |  LUT  | URAM|
    +-----------------------------+------------------+---------+-------+------+-------+-----+
    |grp_Blowfish_Decrypt_fu_397  |Blowfish_Decrypt  |        0|      0|  1088|   3288|    0|
    |grp_Blowfish_Encrypt_fu_346  |Blowfish_Encrypt  |        0|      0|  1088|   3288|    0|
    |grp_Blowfish_SetKey_fu_328   |Blowfish_SetKey   |        4|      0|  6274|  10733|    0|
    +-----------------------------+------------------+---------+-------+------+-------+-----+
    |Total                        |                  |        4|      0|  8450|  17309|    0|
    +-----------------------------+------------------+---------+-------+------+-------+-----+

    * DSP48E: 
    N/A

    * Memory: 
    +--------------+----------------------+---------+---+----+-----+------+-----+------+-------------+
    |    Memory    |        Module        | BRAM_18K| FF| LUT| URAM| Words| Bits| Banks| W*Bits*Banks|
    +--------------+----------------------+---------+---+----+-----+------+-----+------+-------------+
    |ciphertext_U  |Blowfish_SetKey_EfYi  |        1|  0|   0|    0|     8|    8|     1|           64|
    +--------------+----------------------+---------+---+----+-----+------+-----+------+-------------+
    |Total         |                      |        1|  0|   0|    0|     8|    8|     1|           64|
    +--------------+----------------------+---------+---+----+-----+------+-----+------+-------------+

    * FIFO: 
    N/A

    * Expression: 
    N/A

    * Multiplexer: 
    +---------------------+----+-----------+-----+-----------+
    |         Name        | LUT| Input Size| Bits| Total Bits|
    +---------------------+----+-----------+-----+-----------+
    |P_0_o                |   9|          2|   32|         64|
    |P_10_o               |   9|          2|   32|         64|
    |P_11_o               |   9|          2|   32|         64|
    |P_12_o               |   9|          2|   32|         64|
    |P_13_o               |   9|          2|   32|         64|
    |P_14_o               |   9|          2|   32|         64|
    |P_15_o               |   9|          2|   32|         64|
    |P_16_o               |   9|          2|   32|         64|
    |P_17_o               |   9|          2|   32|         64|
    |P_1_o                |   9|          2|   32|         64|
    |P_2_o                |   9|          2|   32|         64|
    |P_3_o                |   9|          2|   32|         64|
    |P_4_o                |   9|          2|   32|         64|
    |P_5_o                |   9|          2|   32|         64|
    |P_6_o                |   9|          2|   32|         64|
    |P_7_o                |   9|          2|   32|         64|
    |P_8_o                |   9|          2|   32|         64|
    |P_9_o                |   9|          2|   32|         64|
    |S_0_address0         |  21|          4|    8|         32|
    |S_0_ce0              |  21|          4|    1|          4|
    |S_0_ce1              |   9|          2|    1|          2|
    |S_0_we0              |   9|          2|    1|          2|
    |S_0_we1              |   9|          2|    1|          2|
    |S_1_address0         |  21|          4|    8|         32|
    |S_1_ce0              |  21|          4|    1|          4|
    |S_1_ce1              |   9|          2|    1|          2|
    |S_1_we0              |   9|          2|    1|          2|
    |S_1_we1              |   9|          2|    1|          2|
    |S_2_address0         |  21|          4|    8|         32|
    |S_2_ce0              |  21|          4|    1|          4|
    |S_2_ce1              |   9|          2|    1|          2|
    |S_2_we0              |   9|          2|    1|          2|
    |S_2_we1              |   9|          2|    1|          2|
    |S_3_address0         |  21|          4|    8|         32|
    |S_3_ce0              |  21|          4|    1|          4|
    |S_3_ce1              |   9|          2|    1|          2|
    |S_3_we0              |   9|          2|    1|          2|
    |S_3_we1              |   9|          2|    1|          2|
    |ap_NS_fsm            |  38|          7|    1|          7|
    |ciphertext_address0  |  15|          3|    3|          9|
    |ciphertext_address1  |  15|          3|    3|          9|
    |ciphertext_ce0       |  15|          3|    1|          3|
    |ciphertext_ce1       |  15|          3|    1|          3|
    |ciphertext_we0       |   9|          2|    1|          2|
    |ciphertext_we1       |   9|          2|    1|          2|
    +---------------------+----+-----------+-----+-----------+
    |Total                | 554|        115|  635|       1355|
    +---------------------+----+-----------+-----+-----------+

    * Register: 
    +------------------------------------------+----+----+-----+-----------+
    |                   Name                   | FF | LUT| Bits| Const Bits|
    +------------------------------------------+----+----+-----+-----------+
    |ap_CS_fsm                                 |   6|   0|    6|          0|
    |grp_Blowfish_Decrypt_fu_397_ap_start_reg  |   1|   0|    1|          0|
    |grp_Blowfish_Encrypt_fu_346_ap_start_reg  |   1|   0|    1|          0|
    |grp_Blowfish_SetKey_fu_328_ap_start_reg   |   1|   0|    1|          0|
    |reg_448                                   |  32|   0|   32|          0|
    |reg_454                                   |  32|   0|   32|          0|
    |reg_460                                   |  32|   0|   32|          0|
    |reg_466                                   |  32|   0|   32|          0|
    |reg_472                                   |  32|   0|   32|          0|
    |reg_478                                   |  32|   0|   32|          0|
    |reg_484                                   |  32|   0|   32|          0|
    |reg_490                                   |  32|   0|   32|          0|
    |reg_496                                   |  32|   0|   32|          0|
    |reg_502                                   |  32|   0|   32|          0|
    |reg_508                                   |  32|   0|   32|          0|
    |reg_514                                   |  32|   0|   32|          0|
    |reg_520                                   |  32|   0|   32|          0|
    |reg_526                                   |  32|   0|   32|          0|
    |reg_532                                   |  32|   0|   32|          0|
    |reg_538                                   |  32|   0|   32|          0|
    |reg_544                                   |  32|   0|   32|          0|
    |reg_550                                   |  32|   0|   32|          0|
    +------------------------------------------+----+----+-----+-----------+
    |Total                                     | 585|   0|  585|          0|
    +------------------------------------------+----+----+-----+-----------+



================================================================
== Interface
================================================================
* Summary: 
+------------------------+-----+-----+------------+---------------------------------+--------------+
|        RTL Ports       | Dir | Bits|  Protocol  |          Source Object          |    C Type    |
+------------------------+-----+-----+------------+---------------------------------+--------------+
|ap_clk                  |  in |    1| ap_ctrl_hs | Blowfish_SetKey_Encrypt_Decrypt | return value |
|ap_rst                  |  in |    1| ap_ctrl_hs | Blowfish_SetKey_Encrypt_Decrypt | return value |
|ap_start                |  in |    1| ap_ctrl_hs | Blowfish_SetKey_Encrypt_Decrypt | return value |
|ap_done                 | out |    1| ap_ctrl_hs | Blowfish_SetKey_Encrypt_Decrypt | return value |
|ap_idle                 | out |    1| ap_ctrl_hs | Blowfish_SetKey_Encrypt_Decrypt | return value |
|ap_ready                | out |    1| ap_ctrl_hs | Blowfish_SetKey_Encrypt_Decrypt | return value |
|set_key                 |  in |    1|   ap_none  |             set_key             |    scalar    |
|key_address0            | out |    6|  ap_memory |               key               |     array    |
|key_ce0                 | out |    1|  ap_memory |               key               |     array    |
|key_q0                  |  in |    8|  ap_memory |               key               |     array    |
|key_address1            | out |    6|  ap_memory |               key               |     array    |
|key_ce1                 | out |    1|  ap_memory |               key               |     array    |
|key_q1                  |  in |    8|  ap_memory |               key               |     array    |
|key_size                |  in |   64|   ap_none  |             key_size            |    scalar    |
|plaintext_address0      | out |    3|  ap_memory |            plaintext            |     array    |
|plaintext_ce0           | out |    1|  ap_memory |            plaintext            |     array    |
|plaintext_q0            |  in |    8|  ap_memory |            plaintext            |     array    |
|plaintext_address1      | out |    3|  ap_memory |            plaintext            |     array    |
|plaintext_ce1           | out |    1|  ap_memory |            plaintext            |     array    |
|plaintext_q1            |  in |    8|  ap_memory |            plaintext            |     array    |
|decryptedtext_address0  | out |    3|  ap_memory |          decryptedtext          |     array    |
|decryptedtext_ce0       | out |    1|  ap_memory |          decryptedtext          |     array    |
|decryptedtext_we0       | out |    1|  ap_memory |          decryptedtext          |     array    |
|decryptedtext_d0        | out |    8|  ap_memory |          decryptedtext          |     array    |
|decryptedtext_address1  | out |    3|  ap_memory |          decryptedtext          |     array    |
|decryptedtext_ce1       | out |    1|  ap_memory |          decryptedtext          |     array    |
|decryptedtext_we1       | out |    1|  ap_memory |          decryptedtext          |     array    |
|decryptedtext_d1        | out |    8|  ap_memory |          decryptedtext          |     array    |
|P_0_i                   |  in |   32|   ap_ovld  |               P_0               |    pointer   |
|P_0_o                   | out |   32|   ap_ovld  |               P_0               |    pointer   |
|P_0_o_ap_vld            | out |    1|   ap_ovld  |               P_0               |    pointer   |
|P_1_i                   |  in |   32|   ap_ovld  |               P_1               |    pointer   |
|P_1_o                   | out |   32|   ap_ovld  |               P_1               |    pointer   |
|P_1_o_ap_vld            | out |    1|   ap_ovld  |               P_1               |    pointer   |
|P_2_i                   |  in |   32|   ap_ovld  |               P_2               |    pointer   |
|P_2_o                   | out |   32|   ap_ovld  |               P_2               |    pointer   |
|P_2_o_ap_vld            | out |    1|   ap_ovld  |               P_2               |    pointer   |
|P_3_i                   |  in |   32|   ap_ovld  |               P_3               |    pointer   |
|P_3_o                   | out |   32|   ap_ovld  |               P_3               |    pointer   |
|P_3_o_ap_vld            | out |    1|   ap_ovld  |               P_3               |    pointer   |
|P_4_i                   |  in |   32|   ap_ovld  |               P_4               |    pointer   |
|P_4_o                   | out |   32|   ap_ovld  |               P_4               |    pointer   |
|P_4_o_ap_vld            | out |    1|   ap_ovld  |               P_4               |    pointer   |
|P_5_i                   |  in |   32|   ap_ovld  |               P_5               |    pointer   |
|P_5_o                   | out |   32|   ap_ovld  |               P_5               |    pointer   |
|P_5_o_ap_vld            | out |    1|   ap_ovld  |               P_5               |    pointer   |
|P_6_i                   |  in |   32|   ap_ovld  |               P_6               |    pointer   |
|P_6_o                   | out |   32|   ap_ovld  |               P_6               |    pointer   |
|P_6_o_ap_vld            | out |    1|   ap_ovld  |               P_6               |    pointer   |
|P_7_i                   |  in |   32|   ap_ovld  |               P_7               |    pointer   |
|P_7_o                   | out |   32|   ap_ovld  |               P_7               |    pointer   |
|P_7_o_ap_vld            | out |    1|   ap_ovld  |               P_7               |    pointer   |
|P_8_i                   |  in |   32|   ap_ovld  |               P_8               |    pointer   |
|P_8_o                   | out |   32|   ap_ovld  |               P_8               |    pointer   |
|P_8_o_ap_vld            | out |    1|   ap_ovld  |               P_8               |    pointer   |
|P_9_i                   |  in |   32|   ap_ovld  |               P_9               |    pointer   |
|P_9_o                   | out |   32|   ap_ovld  |               P_9               |    pointer   |
|P_9_o_ap_vld            | out |    1|   ap_ovld  |               P_9               |    pointer   |
|P_10_i                  |  in |   32|   ap_ovld  |               P_10              |    pointer   |
|P_10_o                  | out |   32|   ap_ovld  |               P_10              |    pointer   |
|P_10_o_ap_vld           | out |    1|   ap_ovld  |               P_10              |    pointer   |
|P_11_i                  |  in |   32|   ap_ovld  |               P_11              |    pointer   |
|P_11_o                  | out |   32|   ap_ovld  |               P_11              |    pointer   |
|P_11_o_ap_vld           | out |    1|   ap_ovld  |               P_11              |    pointer   |
|P_12_i                  |  in |   32|   ap_ovld  |               P_12              |    pointer   |
|P_12_o                  | out |   32|   ap_ovld  |               P_12              |    pointer   |
|P_12_o_ap_vld           | out |    1|   ap_ovld  |               P_12              |    pointer   |
|P_13_i                  |  in |   32|   ap_ovld  |               P_13              |    pointer   |
|P_13_o                  | out |   32|   ap_ovld  |               P_13              |    pointer   |
|P_13_o_ap_vld           | out |    1|   ap_ovld  |               P_13              |    pointer   |
|P_14_i                  |  in |   32|   ap_ovld  |               P_14              |    pointer   |
|P_14_o                  | out |   32|   ap_ovld  |               P_14              |    pointer   |
|P_14_o_ap_vld           | out |    1|   ap_ovld  |               P_14              |    pointer   |
|P_15_i                  |  in |   32|   ap_ovld  |               P_15              |    pointer   |
|P_15_o                  | out |   32|   ap_ovld  |               P_15              |    pointer   |
|P_15_o_ap_vld           | out |    1|   ap_ovld  |               P_15              |    pointer   |
|P_16_i                  |  in |   32|   ap_ovld  |               P_16              |    pointer   |
|P_16_o                  | out |   32|   ap_ovld  |               P_16              |    pointer   |
|P_16_o_ap_vld           | out |    1|   ap_ovld  |               P_16              |    pointer   |
|P_17_i                  |  in |   32|   ap_ovld  |               P_17              |    pointer   |
|P_17_o                  | out |   32|   ap_ovld  |               P_17              |    pointer   |
|P_17_o_ap_vld           | out |    1|   ap_ovld  |               P_17              |    pointer   |
|S_0_address0            | out |    8|  ap_memory |               S_0               |     array    |
|S_0_ce0                 | out |    1|  ap_memory |               S_0               |     array    |
|S_0_we0                 | out |    1|  ap_memory |               S_0               |     array    |
|S_0_d0                  | out |   32|  ap_memory |               S_0               |     array    |
|S_0_q0                  |  in |   32|  ap_memory |               S_0               |     array    |
|S_0_address1            | out |    8|  ap_memory |               S_0               |     array    |
|S_0_ce1                 | out |    1|  ap_memory |               S_0               |     array    |
|S_0_we1                 | out |    1|  ap_memory |               S_0               |     array    |
|S_0_d1                  | out |   32|  ap_memory |               S_0               |     array    |
|S_1_address0            | out |    8|  ap_memory |               S_1               |     array    |
|S_1_ce0                 | out |    1|  ap_memory |               S_1               |     array    |
|S_1_we0                 | out |    1|  ap_memory |               S_1               |     array    |
|S_1_d0                  | out |   32|  ap_memory |               S_1               |     array    |
|S_1_q0                  |  in |   32|  ap_memory |               S_1               |     array    |
|S_1_address1            | out |    8|  ap_memory |               S_1               |     array    |
|S_1_ce1                 | out |    1|  ap_memory |               S_1               |     array    |
|S_1_we1                 | out |    1|  ap_memory |               S_1               |     array    |
|S_1_d1                  | out |   32|  ap_memory |               S_1               |     array    |
|S_2_address0            | out |    8|  ap_memory |               S_2               |     array    |
|S_2_ce0                 | out |    1|  ap_memory |               S_2               |     array    |
|S_2_we0                 | out |    1|  ap_memory |               S_2               |     array    |
|S_2_d0                  | out |   32|  ap_memory |               S_2               |     array    |
|S_2_q0                  |  in |   32|  ap_memory |               S_2               |     array    |
|S_2_address1            | out |    8|  ap_memory |               S_2               |     array    |
|S_2_ce1                 | out |    1|  ap_memory |               S_2               |     array    |
|S_2_we1                 | out |    1|  ap_memory |               S_2               |     array    |
|S_2_d1                  | out |   32|  ap_memory |               S_2               |     array    |
|S_3_address0            | out |    8|  ap_memory |               S_3               |     array    |
|S_3_ce0                 | out |    1|  ap_memory |               S_3               |     array    |
|S_3_we0                 | out |    1|  ap_memory |               S_3               |     array    |
|S_3_d0                  | out |   32|  ap_memory |               S_3               |     array    |
|S_3_q0                  |  in |   32|  ap_memory |               S_3               |     array    |
|S_3_address1            | out |    8|  ap_memory |               S_3               |     array    |
|S_3_ce1                 | out |    1|  ap_memory |               S_3               |     array    |
|S_3_we1                 | out |    1|  ap_memory |               S_3               |     array    |
|S_3_d1                  | out |   32|  ap_memory |               S_3               |     array    |
+------------------------+-----+-----+------------+---------------------------------+--------------+

