

================================================================
== Vivado HLS Report for 'aes_invMain'
================================================================
* Date:           Fri Dec 13 15:48:02 2024

* Version:        2019.2 (Build 2704478 on Wed Nov 06 22:10:23 MST 2019)
* Project:        p2peda.prj
* Solution:       solution1
* Product family: zynq
* Target device:  xc7z020-clg484-1


================================================================
== Performance Estimates
================================================================
+ Timing: 
    * Summary: 
    +--------+----------+----------+------------+
    |  Clock |  Target  | Estimated| Uncertainty|
    +--------+----------+----------+------------+
    |ap_clk  | 10.00 ns | 6.923 ns |   1.25 ns  |
    +--------+----------+----------+------------+

+ Latency: 
    * Summary: 
    +---------+---------+-----------+-----------+------+------+---------+
    |  Latency (cycles) |   Latency (absolute)  |   Interval  | Pipeline|
    |   min   |   max   |    min    |    max    |  min |  max |   Type  |
    +---------+---------+-----------+-----------+------+------+---------+
    |     2710|     2710| 27.100 us | 27.100 us |  2710|  2710|   none  |
    +---------+---------+-----------+-----------+------+------+---------+

    + Detail: 
        * Instance: 
        +---------------------------+----------------+---------+---------+----------+----------+-----+-----+---------+
        |                           |                |  Latency (cycles) |  Latency (absolute) |  Interval | Pipeline|
        |          Instance         |     Module     |   min   |   max   |    min   |    max   | min | max |   Type  |
        +---------------------------+----------------+---------+---------+----------+----------+-----+-----+---------+
        |grp_aes_invRound_fu_289    |aes_invRound    |      233|      233| 2.330 us | 2.330 us |  233|  233|   none  |
        |grp_createRoundKey_fu_298  |createRoundKey  |       41|       41| 0.410 us | 0.410 us |   41|   41|   none  |
        +---------------------------+----------------+---------+---------+----------+----------+-----+-----+---------+

        * Loop: 
        +---------------------+---------+---------+----------+-----------+-----------+------+----------+
        |                     |  Latency (cycles) | Iteration|  Initiation Interval  | Trip |          |
        |      Loop Name      |   min   |   max   |  Latency |  achieved |   target  | Count| Pipelined|
        +---------------------+---------+---------+----------+-----------+-----------+------+----------+
        |- Loop 1             |       32|       32|         2|          -|          -|    16|    no    |
        |- DECRYPT_MAIN_LOOP  |     2502|     2502|       278|          -|          -|     9|    no    |
        |- Loop 3             |       48|       48|         3|          -|          -|    16|    no    |
        |- Loop 4             |       32|       32|         2|          -|          -|    16|    no    |
        +---------------------+---------+---------+----------+-----------+-----------+------+----------+



================================================================
== Utilization Estimates
================================================================
* Summary: 
+-----------------+---------+-------+--------+-------+-----+
|       Name      | BRAM_18K| DSP48E|   FF   |  LUT  | URAM|
+-----------------+---------+-------+--------+-------+-----+
|DSP              |        -|      -|       -|      -|    -|
|Expression       |        -|      -|       0|    108|    -|
|FIFO             |        -|      -|       -|      -|    -|
|Instance         |        1|      -|     960|   2851|    -|
|Memory           |        2|      -|      16|      2|    0|
|Multiplexer      |        -|      -|       -|    525|    -|
|Register         |        -|      -|     126|      -|    -|
+-----------------+---------+-------+--------+-------+-----+
|Total            |        3|      0|    1102|   3486|    0|
+-----------------+---------+-------+--------+-------+-----+
|Available        |      280|    220|  106400|  53200|    0|
+-----------------+---------+-------+--------+-------+-----+
|Utilization (%)  |        1|      0|       1|      6|    0|
+-----------------+---------+-------+--------+-------+-----+

+ Detail: 
    * Instance: 
    +---------------------------+----------------+---------+-------+-----+------+-----+
    |          Instance         |     Module     | BRAM_18K| DSP48E|  FF |  LUT | URAM|
    +---------------------------+----------------+---------+-------+-----+------+-----+
    |grp_aes_invRound_fu_289    |aes_invRound    |        1|      0|  927|  2735|    0|
    |grp_createRoundKey_fu_298  |createRoundKey  |        0|      0|   33|   116|    0|
    +---------------------------+----------------+---------+-------+-----+------+-----+
    |Total                      |                |        1|      0|  960|  2851|    0|
    +---------------------------+----------------+---------+-------+-----+------+-----+

    * DSP48E: 
    N/A

    * Memory: 
    +-----------------+----------------------+---------+----+----+-----+------+-----+------+-------------+
    |      Memory     |        Module        | BRAM_18K| FF | LUT| URAM| Words| Bits| Banks| W*Bits*Banks|
    +-----------------+----------------------+---------+----+----+-----+------+-----+------+-------------+
    |expandedKey41_U  |aes_invMain_expang8j  |        1|   0|   0|    0|   176|    8|     1|         1408|
    |roundKey_U       |aes_invMain_roundhbi  |        0|  16|   2|    0|    16|    8|     1|          128|
    |rsbox_U          |aes_invRound_rsbox    |        1|   0|   0|    0|   256|    8|     1|         2048|
    +-----------------+----------------------+---------+----+----+-----+------+-----+------+-------------+
    |Total            |                      |        2|  16|   2|    0|   448|   24|     3|         3584|
    +-----------------+----------------------+---------+----+----+-----+------+-----+------+-------------+

    * FIFO: 
    N/A

    * Expression: 
    +------------------------+----------+-------+---+----+------------+------------+
    |      Variable Name     | Operation| DSP48E| FF| LUT| Bitwidth P0| Bitwidth P1|
    +------------------------+----------+-------+---+----+------------+------------+
    |add_ln35_fu_366_p2      |     +    |      0|  0|  13|           4|           2|
    |i_18_fu_335_p2          |     +    |      0|  0|  15|           5|           1|
    |i_19_fu_378_p2          |     +    |      0|  0|  15|           5|           1|
    |i_20_fu_400_p2          |     +    |      0|  0|  15|           5|           1|
    |icmp_ln235_2_fu_394_p2  |   icmp   |      0|  0|  11|           5|           6|
    |icmp_ln235_fu_329_p2    |   icmp   |      0|  0|  11|           5|           6|
    |icmp_ln329_fu_372_p2    |   icmp   |      0|  0|  11|           5|           6|
    |icmp_ln35_fu_347_p2     |   icmp   |      0|  0|   9|           4|           1|
    |grp_fu_309_p2           |    xor   |      0|  0|   8|           8|           8|
    +------------------------+----------+-------+---+----+------------+------------+
    |Total                   |          |      0|  0| 108|          46|          32|
    +------------------------+----------+-------+---+----+------------+------------+

    * Multiplexer: 
    +-------------------------------+-----+-----------+-----+-----------+
    |              Name             | LUT | Input Size| Bits| Total Bits|
    +-------------------------------+-----+-----------+-----+-----------+
    |ap_NS_fsm                      |  109|         23|    1|         23|
    |expandedKey41_ce0              |    9|          2|    1|          2|
    |grp_createRoundKey_fu_298_ptr  |   21|          4|    9|         36|
    |i_0_i3_reg_267                 |    9|          2|    5|         10|
    |i_0_i7_reg_278                 |    9|          2|    5|         10|
    |i_0_i_reg_245                  |    9|          2|    5|         10|
    |i_reg_256                      |    9|          2|    4|          8|
    |reg_323                        |    9|          2|    8|         16|
    |roundKey_address0              |   27|          5|    4|         20|
    |roundKey_ce0                   |   21|          4|    1|          4|
    |roundKey_we0                   |    9|          2|    1|          2|
    |rsbox_address0                 |   15|          3|    8|         24|
    |state_address0                 |   62|         15|    4|         60|
    |state_address1                 |   62|         15|    4|         60|
    |state_ce0                      |   15|          3|    1|          3|
    |state_ce1                      |   15|          3|    1|          3|
    |state_d0                       |   38|          7|    8|         56|
    |state_d1                       |   47|         10|    8|         80|
    |state_we0                      |   15|          3|    1|          3|
    |state_we1                      |   15|          3|    1|          3|
    +-------------------------------+-----+-----------+-----+-----------+
    |Total                          |  525|        112|   80|        433|
    +-------------------------------+-----+-----------+-----+-----------+

    * Register: 
    +----------------------------------------+----+----+-----+-----------+
    |                  Name                  | FF | LUT| Bits| Const Bits|
    +----------------------------------------+----+----+-----+-----------+
    |add_ln35_reg_438                        |   4|   0|    4|          0|
    |ap_CS_fsm                               |  22|   0|   22|          0|
    |grp_aes_invRound_fu_289_ap_start_reg    |   1|   0|    1|          0|
    |grp_createRoundKey_fu_298_ap_start_reg  |   1|   0|    1|          0|
    |i_0_i3_reg_267                          |   5|   0|    5|          0|
    |i_0_i7_reg_278                          |   5|   0|    5|          0|
    |i_0_i_reg_245                           |   5|   0|    5|          0|
    |i_18_reg_415                            |   5|   0|    5|          0|
    |i_19_reg_532                            |   5|   0|    5|          0|
    |i_20_reg_550                            |   5|   0|    5|          0|
    |i_reg_256                               |   4|   0|    4|          0|
    |reg_317                                 |   8|   0|    8|          0|
    |reg_323                                 |   8|   0|    8|          0|
    |state_addr_55_reg_537                   |   4|   0|    4|          0|
    |state_addr_56_reg_555                   |   4|   0|    4|          0|
    |state_addr_reg_420                      |   4|   0|    4|          0|
    |state_load_42_reg_465                   |   8|   0|    8|          0|
    |state_load_45_reg_492                   |   8|   0|    8|          0|
    |state_load_46_reg_497                   |   8|   0|    8|          0|
    |tmp_34_reg_514                          |   8|   0|    8|          0|
    |zext_ln37_reg_433                       |   4|   0|    9|          5|
    +----------------------------------------+----+----+-----+-----------+
    |Total                                   | 126|   0|  131|          5|
    +----------------------------------------+----+----+-----+-----------+



================================================================
== Interface
================================================================
* Summary: 
+----------------+-----+-----+------------+--------------+--------------+
|    RTL Ports   | Dir | Bits|  Protocol  | Source Object|    C Type    |
+----------------+-----+-----+------------+--------------+--------------+
|ap_clk          |  in |    1| ap_ctrl_hs |  aes_invMain | return value |
|ap_rst          |  in |    1| ap_ctrl_hs |  aes_invMain | return value |
|ap_start        |  in |    1| ap_ctrl_hs |  aes_invMain | return value |
|ap_done         | out |    1| ap_ctrl_hs |  aes_invMain | return value |
|ap_idle         | out |    1| ap_ctrl_hs |  aes_invMain | return value |
|ap_ready        | out |    1| ap_ctrl_hs |  aes_invMain | return value |
|state_address0  | out |    4|  ap_memory |     state    |     array    |
|state_ce0       | out |    1|  ap_memory |     state    |     array    |
|state_we0       | out |    1|  ap_memory |     state    |     array    |
|state_d0        | out |    8|  ap_memory |     state    |     array    |
|state_q0        |  in |    8|  ap_memory |     state    |     array    |
|state_address1  | out |    4|  ap_memory |     state    |     array    |
|state_ce1       | out |    1|  ap_memory |     state    |     array    |
|state_we1       | out |    1|  ap_memory |     state    |     array    |
|state_d1        | out |    8|  ap_memory |     state    |     array    |
|state_q1        |  in |    8|  ap_memory |     state    |     array    |
+----------------+-----+-----+------------+--------------+--------------+

