

================================================================
== Vivado HLS Report for 'aes_main'
================================================================
* Date:           Fri Dec 13 15:48:05 2024

* Version:        2019.2 (Build 2704478 on Wed Nov 06 22:10:23 MST 2019)
* Project:        p2peda.prj
* Solution:       solution1
* Product family: zynq
* Target device:  xc7z020-clg484-1


================================================================
== Performance Estimates
================================================================
+ Timing: 
    * Summary: 
    +--------+----------+----------+------------+
    |  Clock |  Target  | Estimated| Uncertainty|
    +--------+----------+----------+------------+
    |ap_clk  | 10.00 ns | 6.923 ns |   1.25 ns  |
    +--------+----------+----------+------------+

+ Latency: 
    * Summary: 
    +---------+---------+-----------+-----------+------+------+---------+
    |  Latency (cycles) |   Latency (absolute)  |   Interval  | Pipeline|
    |   min   |   max   |    min    |    max    |  min |  max |   Type  |
    +---------+---------+-----------+-----------+------+------+---------+
    |     2720|     2720| 27.200 us | 27.200 us |  2720|  2720|   none  |
    +---------+---------+-----------+-----------+------+------+---------+

    + Detail: 
        * Instance: 
        +---------------------------+----------------+---------+---------+----------+----------+-----+-----+---------+
        |                           |                |  Latency (cycles) |  Latency (absolute) |  Interval | Pipeline|
        |          Instance         |     Module     |   min   |   max   |    min   |    max   | min | max |   Type  |
        +---------------------------+----------------+---------+---------+----------+----------+-----+-----+---------+
        |grp_aes_round_fu_289       |aes_round       |      234|      234| 2.340 us | 2.340 us |  234|  234|   none  |
        |grp_createRoundKey_fu_298  |createRoundKey  |       41|       41| 0.410 us | 0.410 us |   41|   41|   none  |
        +---------------------------+----------------+---------+---------+----------+----------+-----+-----+---------+

        * Loop: 
        +-----------------+---------+---------+----------+-----------+-----------+------+----------+
        |                 |  Latency (cycles) | Iteration|  Initiation Interval  | Trip |          |
        |    Loop Name    |   min   |   max   |  Latency |  achieved |   target  | Count| Pipelined|
        +-----------------+---------+---------+----------+-----------+-----------+------+----------+
        |- Loop 1         |       32|       32|         2|          -|          -|    16|    no    |
        |- AES_MAIN_LOOP  |     2511|     2511|       279|          -|          -|     9|    no    |
        |- Loop 3         |       48|       48|         3|          -|          -|    16|    no    |
        |- Loop 4         |       32|       32|         2|          -|          -|    16|    no    |
        +-----------------+---------+---------+----------+-----------+-----------+------+----------+



================================================================
== Utilization Estimates
================================================================
* Summary: 
+-----------------+---------+-------+--------+-------+-----+
|       Name      | BRAM_18K| DSP48E|   FF   |  LUT  | URAM|
+-----------------+---------+-------+--------+-------+-----+
|DSP              |        -|      -|       -|      -|    -|
|Expression       |        -|      -|       0|    116|    -|
|FIFO             |        -|      -|       -|      -|    -|
|Instance         |        1|      -|     817|   2391|    -|
|Memory           |        2|      -|      16|      2|    0|
|Multiplexer      |        -|      -|       -|    529|    -|
|Register         |        -|      -|     127|      -|    -|
+-----------------+---------+-------+--------+-------+-----+
|Total            |        3|      0|     960|   3038|    0|
+-----------------+---------+-------+--------+-------+-----+
|Available        |      280|    220|  106400|  53200|    0|
+-----------------+---------+-------+--------+-------+-----+
|Utilization (%)  |        1|      0|   ~0   |      5|    0|
+-----------------+---------+-------+--------+-------+-----+

+ Detail: 
    * Instance: 
    +---------------------------+----------------+---------+-------+-----+------+-----+
    |          Instance         |     Module     | BRAM_18K| DSP48E|  FF |  LUT | URAM|
    +---------------------------+----------------+---------+-------+-----+------+-----+
    |grp_aes_round_fu_289       |aes_round       |        1|      0|  784|  2275|    0|
    |grp_createRoundKey_fu_298  |createRoundKey  |        0|      0|   33|   116|    0|
    +---------------------------+----------------+---------+-------+-----+------+-----+
    |Total                      |                |        1|      0|  817|  2391|    0|
    +---------------------------+----------------+---------+-------+-----+------+-----+

    * DSP48E: 
    N/A

    * Memory: 
    +---------------+----------------------+---------+----+----+-----+------+-----+------+-------------+
    |     Memory    |        Module        | BRAM_18K| FF | LUT| URAM| Words| Bits| Banks| W*Bits*Banks|
    +---------------+----------------------+---------+----+----+-----+------+-----+------+-------------+
    |roundKey_U     |aes_invMain_roundhbi  |        0|  16|   2|    0|    16|    8|     1|          128|
    |expandedKey_U  |aes_main_expandedncg  |        1|   0|   0|    0|   176|    8|     1|         1408|
    |sbox_U         |aes_round_sbox        |        1|   0|   0|    0|   256|    8|     1|         2048|
    +---------------+----------------------+---------+----+----+-----+------+-----+------+-------------+
    |Total          |                      |        2|  16|   2|    0|   448|   24|     3|         3584|
    +---------------+----------------------+---------+----+----+-----+------+-----+------+-------------+

    * FIFO: 
    N/A

    * Expression: 
    +------------------------+----------+-------+---+----+------------+------------+
    |      Variable Name     | Operation| DSP48E| FF| LUT| Bitwidth P0| Bitwidth P1|
    +------------------------+----------+-------+---+----+------------+------------+
    |i_14_fu_327_p2          |     +    |      0|  0|  15|           5|           1|
    |i_15_fu_377_p2          |     +    |      0|  0|  15|           5|           1|
    |i_16_fu_399_p2          |     +    |      0|  0|  15|           5|           1|
    |i_fu_365_p2             |     +    |      0|  0|  13|           4|           1|
    |icmp_ln184_fu_371_p2    |   icmp   |      0|  0|  11|           5|           6|
    |icmp_ln235_1_fu_393_p2  |   icmp   |      0|  0|  11|           5|           6|
    |icmp_ln235_fu_321_p2    |   icmp   |      0|  0|  11|           5|           6|
    |icmp_ln26_fu_346_p2     |   icmp   |      0|  0|   9|           4|           4|
    |xor_ln236_1_fu_411_p2   |    xor   |      0|  0|   8|           8|           8|
    |xor_ln236_fu_339_p2     |    xor   |      0|  0|   8|           8|           8|
    +------------------------+----------+-------+---+----+------------+------------+
    |Total                   |          |      0|  0| 116|          54|          42|
    +------------------------+----------+-------+---+----+------------+------------+

    * Multiplexer: 
    +-------------------------------+-----+-----------+-----+-----------+
    |              Name             | LUT | Input Size| Bits| Total Bits|
    +-------------------------------+-----+-----------+-----+-----------+
    |ap_NS_fsm                      |  113|         24|    1|         24|
    |expandedKey_ce0                |    9|          2|    1|          2|
    |grp_createRoundKey_fu_298_ptr  |   21|          4|    9|         36|
    |i_0_i1_reg_267                 |    9|          2|    5|         10|
    |i_0_i7_reg_278                 |    9|          2|    5|         10|
    |i_0_i_reg_245                  |    9|          2|    5|         10|
    |i_0_reg_256                    |    9|          2|    4|          8|
    |reg_315                        |    9|          2|    8|         16|
    |roundKey_address0              |   27|          5|    4|         20|
    |roundKey_ce0                   |   21|          4|    1|          4|
    |roundKey_we0                   |    9|          2|    1|          2|
    |sbox_address0                  |   15|          3|    8|         24|
    |state_address0                 |   62|         15|    4|         60|
    |state_address1                 |   62|         15|    4|         60|
    |state_ce0                      |   15|          3|    1|          3|
    |state_ce1                      |   15|          3|    1|          3|
    |state_d0                       |   38|          7|    8|         56|
    |state_d1                       |   47|         10|    8|         80|
    |state_we0                      |   15|          3|    1|          3|
    |state_we1                      |   15|          3|    1|          3|
    +-------------------------------+-----+-----------+-----+-----------+
    |Total                          |  529|        113|   80|        434|
    +-------------------------------+-----+-----------+-----+-----------+

    * Register: 
    +----------------------------------------+----+----+-----+-----------+
    |                  Name                  | FF | LUT| Bits| Const Bits|
    +----------------------------------------+----+----+-----+-----------+
    |ap_CS_fsm                               |  23|   0|   23|          0|
    |grp_aes_round_fu_289_ap_start_reg       |   1|   0|    1|          0|
    |grp_createRoundKey_fu_298_ap_start_reg  |   1|   0|    1|          0|
    |i_0_i1_reg_267                          |   5|   0|    5|          0|
    |i_0_i7_reg_278                          |   5|   0|    5|          0|
    |i_0_i_reg_245                           |   5|   0|    5|          0|
    |i_0_reg_256                             |   4|   0|    4|          0|
    |i_14_reg_421                            |   5|   0|    5|          0|
    |i_15_reg_452                            |   5|   0|    5|          0|
    |i_16_reg_557                            |   5|   0|    5|          0|
    |i_reg_444                               |   4|   0|    4|          0|
    |reg_309                                 |   8|   0|    8|          0|
    |reg_315                                 |   8|   0|    8|          0|
    |state_addr_28_reg_457                   |   4|   0|    4|          0|
    |state_addr_29_reg_562                   |   4|   0|    4|          0|
    |state_addr_reg_426                      |   4|   0|    4|          0|
    |state_load_16_reg_490                   |   8|   0|    8|          0|
    |state_load_19_reg_517                   |   8|   0|    8|          0|
    |state_load_20_reg_522                   |   8|   0|    8|          0|
    |tmp_26_reg_539                          |   8|   0|    8|          0|
    |zext_ln28_reg_439                       |   4|   0|    9|          5|
    +----------------------------------------+----+----+-----+-----------+
    |Total                                   | 127|   0|  132|          5|
    +----------------------------------------+----+----+-----+-----------+



================================================================
== Interface
================================================================
* Summary: 
+----------------+-----+-----+------------+--------------+--------------+
|    RTL Ports   | Dir | Bits|  Protocol  | Source Object|    C Type    |
+----------------+-----+-----+------------+--------------+--------------+
|ap_clk          |  in |    1| ap_ctrl_hs |   aes_main   | return value |
|ap_rst          |  in |    1| ap_ctrl_hs |   aes_main   | return value |
|ap_start        |  in |    1| ap_ctrl_hs |   aes_main   | return value |
|ap_done         | out |    1| ap_ctrl_hs |   aes_main   | return value |
|ap_idle         | out |    1| ap_ctrl_hs |   aes_main   | return value |
|ap_ready        | out |    1| ap_ctrl_hs |   aes_main   | return value |
|state_address0  | out |    4|  ap_memory |     state    |     array    |
|state_ce0       | out |    1|  ap_memory |     state    |     array    |
|state_we0       | out |    1|  ap_memory |     state    |     array    |
|state_d0        | out |    8|  ap_memory |     state    |     array    |
|state_q0        |  in |    8|  ap_memory |     state    |     array    |
|state_address1  | out |    4|  ap_memory |     state    |     array    |
|state_ce1       | out |    1|  ap_memory |     state    |     array    |
|state_we1       | out |    1|  ap_memory |     state    |     array    |
|state_d1        | out |    8|  ap_memory |     state    |     array    |
|state_q1        |  in |    8|  ap_memory |     state    |     array    |
+----------------+-----+-----+------------+--------------+--------------+

