

================================================================
== Vivado HLS Report for 'aes_encrypt'
================================================================
* Date:           Fri Dec 13 14:33:51 2024

* Version:        2019.2 (Build 2704478 on Wed Nov 06 22:10:23 MST 2019)
* Project:        p2peda.prj
* Solution:       solution1
* Product family: zynq
* Target device:  xc7z020-clg484-1


================================================================
== Performance Estimates
================================================================
+ Timing: 
    * Summary: 
    +--------+----------+-----------+------------+
    |  Clock |  Target  | Estimated | Uncertainty|
    +--------+----------+-----------+------------+
    |ap_clk  | 10.00 ns | 12.548 ns |   1.25 ns  |
    +--------+----------+-----------+------------+

+ Latency: 
    * Summary: 
    +---------+---------+----------+----------+-----+-----+---------+
    |  Latency (cycles) |  Latency (absolute) |  Interval | Pipeline|
    |   min   |   max   |    min   |    max   | min | max |   Type  |
    +---------+---------+----------+----------+-----+-----+---------+
    |      304|      304| 3.815 us | 3.815 us |  304|  304|   none  |
    +---------+---------+----------+----------+-----+-----+---------+

    + Detail: 
        * Instance: 
        +---------------------+----------+---------+---------+----------+----------+-----+-----+---------+
        |                     |          |  Latency (cycles) |  Latency (absolute) |  Interval | Pipeline|
        |       Instance      |  Module  |   min   |   max   |    min   |    max   | min | max |   Type  |
        +---------------------+----------+---------+---------+----------+----------+-----+-----+---------+
        |grp_aes_main_fu_517  |aes_main  |      237|      237| 2.974 us | 2.974 us |  237|  237|   none  |
        +---------------------+----------+---------+---------+----------+----------+-----+-----+---------+

        * Loop: 
        +-------------+---------+---------+----------+-----------+-----------+------+----------+
        |             |  Latency (cycles) | Iteration|  Initiation Interval  | Trip |          |
        |  Loop Name  |   min   |   max   |  Latency |  achieved |   target  | Count| Pipelined|
        +-------------+---------+---------+----------+-----------+-----------+------+----------+
        |- Loop 1     |       24|       24|         6|          -|          -|     4|    no    |
        | + Loop 1.1  |        4|        4|         1|          -|          -|     4|    no    |
        |- Loop 2     |       40|       40|        10|          -|          -|     4|    no    |
        | + Loop 2.1  |        8|        8|         2|          -|          -|     4|    no    |
        +-------------+---------+---------+----------+-----------+-----------+------+----------+



================================================================
== Utilization Estimates
================================================================
* Summary: 
+-----------------+---------+-------+--------+-------+-----+
|       Name      | BRAM_18K| DSP48E|   FF   |  LUT  | URAM|
+-----------------+---------+-------+--------+-------+-----+
|DSP              |        -|      -|       -|      -|    -|
|Expression       |        -|      -|       0|    264|    -|
|FIFO             |        -|      -|       -|      -|    -|
|Instance         |        3|      -|     843|   3584|    0|
|Memory           |        1|      -|       0|      0|    0|
|Multiplexer      |        -|      -|       -|    161|    -|
|Register         |        -|      -|     187|      -|    -|
+-----------------+---------+-------+--------+-------+-----+
|Total            |        4|      0|    1030|   4009|    0|
+-----------------+---------+-------+--------+-------+-----+
|Available        |      280|    220|  106400|  53200|    0|
+-----------------+---------+-------+--------+-------+-----+
|Utilization (%)  |        1|      0|   ~0   |      7|    0|
+-----------------+---------+-------+--------+-------+-----+

+ Detail: 
    * Instance: 
    +------------------------+-------------------+---------+-------+-----+------+-----+
    |        Instance        |       Module      | BRAM_18K| DSP48E|  FF |  LUT | URAM|
    +------------------------+-------------------+---------+-------+-----+------+-----+
    |grp_aes_main_fu_517     |aes_main           |        3|      0|  843|  3519|    0|
    |dut_mux_164_8_1_1_U304  |dut_mux_164_8_1_1  |        0|      0|    0|    65|    0|
    +------------------------+-------------------+---------+-------+-----+------+-----+
    |Total                   |                   |        3|      0|  843|  3584|    0|
    +------------------------+-------------------+---------+-------+-----+------+-----+

    * DSP48E: 
    N/A

    * Memory: 
    +---------+-------------------+---------+---+----+-----+------+-----+------+-------------+
    |  Memory |       Module      | BRAM_18K| FF| LUT| URAM| Words| Bits| Banks| W*Bits*Banks|
    +---------+-------------------+---------+---+----+-----+------+-----+------+-------------+
    |block_U  |aes_encrypt_block  |        1|  0|   0|    0|    16|    8|     1|          128|
    +---------+-------------------+---------+---+----+-----+------+-----+------+-------------+
    |Total    |                   |        1|  0|   0|    0|    16|    8|     1|          128|
    +---------+-------------------+---------+---+----+-----+------+-----+------+-------------+

    * FIFO: 
    N/A

    * Expression: 
    +--------------------------+----------+-------+---+----+------------+------------+
    |       Variable Name      | Operation| DSP48E| FF| LUT| Bitwidth P0| Bitwidth P1|
    +--------------------------+----------+-------+---+----+------------+------------+
    |add_ln54_1_fu_690_p2      |     +    |      0|  0|  13|           4|           4|
    |add_ln70_1_fu_1070_p2     |     +    |      0|  0|  13|           4|           4|
    |add_ln70_fu_1060_p2       |     +    |      0|  0|  13|           4|           4|
    |i_13_fu_710_p2            |     +    |      0|  0|  12|           3|           1|
    |i_fu_536_p2               |     +    |      0|  0|  12|           3|           1|
    |j_2_fu_1042_p2            |     +    |      0|  0|  12|           3|           1|
    |j_fu_644_p2               |     +    |      0|  0|  12|           3|           1|
    |tmp_fu_655_p17            |     +    |      0|  0|  13|           4|           4|
    |icmp_ln49_fu_530_p2       |   icmp   |      0|  0|   9|           3|           4|
    |icmp_ln52_fu_638_p2       |   icmp   |      0|  0|   9|           3|           4|
    |icmp_ln65_fu_704_p2       |   icmp   |      0|  0|   9|           3|           4|
    |icmp_ln68_fu_1036_p2      |   icmp   |      0|  0|   9|           3|           4|
    |select_ln73_10_fu_894_p3  |  select  |      0|  0|   8|           1|           8|
    |select_ln73_11_fu_901_p3  |  select  |      0|  0|   8|           1|           8|
    |select_ln73_12_fu_908_p3  |  select  |      0|  0|   8|           1|           8|
    |select_ln73_13_fu_915_p3  |  select  |      0|  0|   8|           1|           8|
    |select_ln73_14_fu_922_p3  |  select  |      0|  0|   8|           1|           8|
    |select_ln73_15_fu_929_p3  |  select  |      0|  0|   8|           1|           8|
    |select_ln73_1_fu_831_p3   |  select  |      0|  0|   8|           1|           8|
    |select_ln73_2_fu_838_p3   |  select  |      0|  0|   8|           1|           8|
    |select_ln73_3_fu_845_p3   |  select  |      0|  0|   8|           1|           8|
    |select_ln73_4_fu_852_p3   |  select  |      0|  0|   8|           1|           8|
    |select_ln73_5_fu_859_p3   |  select  |      0|  0|   8|           1|           8|
    |select_ln73_6_fu_866_p3   |  select  |      0|  0|   8|           1|           8|
    |select_ln73_7_fu_873_p3   |  select  |      0|  0|   8|           1|           8|
    |select_ln73_8_fu_880_p3   |  select  |      0|  0|   8|           1|           8|
    |select_ln73_9_fu_887_p3   |  select  |      0|  0|   8|           1|           8|
    |select_ln73_fu_824_p3     |  select  |      0|  0|   8|           1|           8|
    +--------------------------+----------+-------+---+----+------------+------------+
    |Total                     |          |      0|  0| 264|          56|         164|
    +--------------------------+----------+-------+---+----+------------+------------+

    * Multiplexer: 
    +----------------+----+-----------+-----+-----------+
    |      Name      | LUT| Input Size| Bits| Total Bits|
    +----------------+----+-----------+-----+-----------+
    |ap_NS_fsm       |  41|          8|    1|          8|
    |block_address0  |  21|          4|    4|         16|
    |block_ce0       |  15|          3|    1|          3|
    |block_ce1       |   9|          2|    1|          2|
    |block_d0        |  15|          3|    8|         24|
    |block_we0       |  15|          3|    1|          3|
    |block_we1       |   9|          2|    1|          2|
    |i_0_reg_473     |   9|          2|    3|          6|
    |i_1_reg_495     |   9|          2|    3|          6|
    |j_0_reg_484     |   9|          2|    3|          6|
    |j_1_reg_506     |   9|          2|    3|          6|
    +----------------+----+-----------+-----+-----------+
    |Total           | 161|         33|   29|         82|
    +----------------+----+-----------+-----+-----------+

    * Register: 
    +----------------------------------+---+----+-----+-----------+
    |               Name               | FF| LUT| Bits| Const Bits|
    +----------------------------------+---+----+-----+-----------+
    |add_ln70_1_reg_1660               |  4|   0|    4|          0|
    |ap_CS_fsm                         |  7|   0|    7|          0|
    |grp_aes_main_fu_517_ap_start_reg  |  1|   0|    1|          0|
    |i_0_reg_473                       |  3|   0|    3|          0|
    |i_13_reg_1637                     |  3|   0|    3|          0|
    |i_1_reg_495                       |  3|   0|    3|          0|
    |i_reg_1403                        |  3|   0|    3|          0|
    |j_0_reg_484                       |  3|   0|    3|          0|
    |j_1_reg_506                       |  3|   0|    3|          0|
    |j_2_reg_1650                      |  3|   0|    3|          0|
    |output16_021_fu_174               |  8|   0|    8|          0|
    |output17_024_fu_198               |  8|   0|    8|          0|
    |output18_027_fu_222               |  8|   0|    8|          0|
    |output19_030_fu_246               |  8|   0|    8|          0|
    |output20_031_fu_254               |  8|   0|    8|          0|
    |output21_029_fu_242               |  8|   0|    8|          0|
    |output22_028_fu_230               |  8|   0|    8|          0|
    |output23_026_fu_218               |  8|   0|    8|          0|
    |output24_025_fu_206               |  8|   0|    8|          0|
    |output25_023_fu_194               |  8|   0|    8|          0|
    |output26_022_fu_182               |  8|   0|    8|          0|
    |output27_020_fu_170               |  8|   0|    8|          0|
    |output28_019_fu_158               |  8|   0|    8|          0|
    |output29_017_fu_146               |  8|   0|    8|          0|
    |output30_016_fu_134               |  8|   0|    8|          0|
    |output_018_fu_150                 |  8|   0|    8|          0|
    |shl_ln1_reg_1642                  |  2|   0|    4|          2|
    |shl_ln_reg_1408                   |  2|   0|    4|          2|
    |write_flag12_0_fu_234             |  1|   0|    1|          0|
    |write_flag15_0_fu_258             |  1|   0|    1|          0|
    |write_flag18_0_fu_250             |  1|   0|    1|          0|
    |write_flag21_0_fu_238             |  1|   0|    1|          0|
    |write_flag24_0_fu_226             |  1|   0|    1|          0|
    |write_flag27_0_fu_214             |  1|   0|    1|          0|
    |write_flag30_0_fu_202             |  1|   0|    1|          0|
    |write_flag33_0_fu_190             |  1|   0|    1|          0|
    |write_flag36_0_fu_178             |  1|   0|    1|          0|
    |write_flag39_0_fu_166             |  1|   0|    1|          0|
    |write_flag3_0_fu_162              |  1|   0|    1|          0|
    |write_flag42_0_fu_154             |  1|   0|    1|          0|
    |write_flag45_0_fu_142             |  1|   0|    1|          0|
    |write_flag6_0_fu_186              |  1|   0|    1|          0|
    |write_flag9_0_fu_210              |  1|   0|    1|          0|
    |write_flag_0_fu_138               |  1|   0|    1|          0|
    |zext_ln49_reg_1395                |  3|   0|    4|          1|
    |zext_ln65_reg_1629                |  3|   0|    4|          1|
    +----------------------------------+---+----+-----+-----------+
    |Total                             |187|   0|  193|          6|
    +----------------------------------+---+----+-----+-----------+



================================================================
== Interface
================================================================
* Summary: 
+----------------+-----+-----+------------+----------------+--------------+
|    RTL Ports   | Dir | Bits|  Protocol  |  Source Object |    C Type    |
+----------------+-----+-----+------------+----------------+--------------+
|ap_clk          |  in |    1| ap_ctrl_hs |   aes_encrypt  | return value |
|ap_rst          |  in |    1| ap_ctrl_hs |   aes_encrypt  | return value |
|ap_start        |  in |    1| ap_ctrl_hs |   aes_encrypt  | return value |
|ap_done         | out |    1| ap_ctrl_hs |   aes_encrypt  | return value |
|ap_idle         | out |    1| ap_ctrl_hs |   aes_encrypt  | return value |
|ap_ready        | out |    1| ap_ctrl_hs |   aes_encrypt  | return value |
|ap_return_0     | out |    8| ap_ctrl_hs |   aes_encrypt  | return value |
|ap_return_1     | out |    8| ap_ctrl_hs |   aes_encrypt  | return value |
|ap_return_2     | out |    8| ap_ctrl_hs |   aes_encrypt  | return value |
|ap_return_3     | out |    8| ap_ctrl_hs |   aes_encrypt  | return value |
|ap_return_4     | out |    8| ap_ctrl_hs |   aes_encrypt  | return value |
|ap_return_5     | out |    8| ap_ctrl_hs |   aes_encrypt  | return value |
|ap_return_6     | out |    8| ap_ctrl_hs |   aes_encrypt  | return value |
|ap_return_7     | out |    8| ap_ctrl_hs |   aes_encrypt  | return value |
|ap_return_8     | out |    8| ap_ctrl_hs |   aes_encrypt  | return value |
|ap_return_9     | out |    8| ap_ctrl_hs |   aes_encrypt  | return value |
|ap_return_10    | out |    8| ap_ctrl_hs |   aes_encrypt  | return value |
|ap_return_11    | out |    8| ap_ctrl_hs |   aes_encrypt  | return value |
|ap_return_12    | out |    8| ap_ctrl_hs |   aes_encrypt  | return value |
|ap_return_13    | out |    8| ap_ctrl_hs |   aes_encrypt  | return value |
|ap_return_14    | out |    8| ap_ctrl_hs |   aes_encrypt  | return value |
|ap_return_15    | out |    8| ap_ctrl_hs |   aes_encrypt  | return value |
|input_0_read    |  in |    8|   ap_none  |  input_0_read  |    scalar    |
|input_1_read    |  in |    8|   ap_none  |  input_1_read  |    scalar    |
|input_2_read    |  in |    8|   ap_none  |  input_2_read  |    scalar    |
|input_3_read    |  in |    8|   ap_none  |  input_3_read  |    scalar    |
|input_4_read    |  in |    8|   ap_none  |  input_4_read  |    scalar    |
|input_5_read    |  in |    8|   ap_none  |  input_5_read  |    scalar    |
|input_6_read    |  in |    8|   ap_none  |  input_6_read  |    scalar    |
|input_7_read    |  in |    8|   ap_none  |  input_7_read  |    scalar    |
|input_8_read    |  in |    8|   ap_none  |  input_8_read  |    scalar    |
|input_9_read    |  in |    8|   ap_none  |  input_9_read  |    scalar    |
|input_10_read   |  in |    8|   ap_none  |  input_10_read |    scalar    |
|input_11_read   |  in |    8|   ap_none  |  input_11_read |    scalar    |
|input_12_read   |  in |    8|   ap_none  |  input_12_read |    scalar    |
|input_13_read   |  in |    8|   ap_none  |  input_13_read |    scalar    |
|input_14_read   |  in |    8|   ap_none  |  input_14_read |    scalar    |
|input_15_read   |  in |    8|   ap_none  |  input_15_read |    scalar    |
|output_0_read   |  in |    8|   ap_none  |  output_0_read |    scalar    |
|output_1_read   |  in |    8|   ap_none  |  output_1_read |    scalar    |
|output_2_read   |  in |    8|   ap_none  |  output_2_read |    scalar    |
|output_3_read   |  in |    8|   ap_none  |  output_3_read |    scalar    |
|output_4_read   |  in |    8|   ap_none  |  output_4_read |    scalar    |
|output_5_read   |  in |    8|   ap_none  |  output_5_read |    scalar    |
|output_6_read   |  in |    8|   ap_none  |  output_6_read |    scalar    |
|output_7_read   |  in |    8|   ap_none  |  output_7_read |    scalar    |
|output_8_read   |  in |    8|   ap_none  |  output_8_read |    scalar    |
|output_9_read   |  in |    8|   ap_none  |  output_9_read |    scalar    |
|output_10_read  |  in |    8|   ap_none  | output_10_read |    scalar    |
|output_11_read  |  in |    8|   ap_none  | output_11_read |    scalar    |
|output_12_read  |  in |    8|   ap_none  | output_12_read |    scalar    |
|output_13_read  |  in |    8|   ap_none  | output_13_read |    scalar    |
|output_14_read  |  in |    8|   ap_none  | output_14_read |    scalar    |
|output_15_read  |  in |    8|   ap_none  | output_15_read |    scalar    |
+----------------+-----+-----+------------+----------------+--------------+

