

================================================================
== Vivado HLS Report for 'Blowfish_Encrypt'
================================================================
* Date:           Fri Dec 13 15:48:03 2024

* Version:        2019.2 (Build 2704478 on Wed Nov 06 22:10:23 MST 2019)
* Project:        p2peda.prj
* Solution:       solution1
* Product family: zynq
* Target device:  xc7z020-clg484-1


================================================================
== Performance Estimates
================================================================
+ Timing: 
    * Summary: 
    +--------+----------+----------+------------+
    |  Clock |  Target  | Estimated| Uncertainty|
    +--------+----------+----------+------------+
    |ap_clk  | 10.00 ns | 8.358 ns |   1.25 ns  |
    +--------+----------+----------+------------+

+ Latency: 
    * Summary: 
    +---------+---------+----------+----------+-----+-----+---------+
    |  Latency (cycles) |  Latency (absolute) |  Interval | Pipeline|
    |   min   |   max   |    min   |    max   | min | max |   Type  |
    +---------+---------+----------+----------+-----+-----+---------+
    |       72|       72| 0.720 us | 0.720 us |   72|   72|   none  |
    +---------+---------+----------+----------+-----+-----+---------+

    + Detail: 
        * Instance: 
        N/A

        * Loop: 
        +-------------------+---------+---------+----------+-----------+-----------+------+----------+
        |                   |  Latency (cycles) | Iteration|  Initiation Interval  | Trip |          |
        |     Loop Name     |   min   |   max   |  Latency |  achieved |   target  | Count| Pipelined|
        +-------------------+---------+---------+----------+-----------+-----------+------+----------+
        |- ENCRYPT_FEISTEL  |       64|       64|         4|          -|          -|    16|    no    |
        +-------------------+---------+---------+----------+-----------+-----------+------+----------+



================================================================
== Utilization Estimates
================================================================
* Summary: 
+-----------------+---------+-------+--------+-------+-----+
|       Name      | BRAM_18K| DSP48E|   FF   |  LUT  | URAM|
+-----------------+---------+-------+--------+-------+-----+
|DSP              |        -|      -|       -|      -|    -|
|Expression       |        -|      -|       0|    410|    -|
|FIFO             |        -|      -|       -|      -|    -|
|Instance         |        -|      -|       -|      -|    -|
|Memory           |        -|      -|       -|      -|    -|
|Multiplexer      |        -|      -|       -|    310|    -|
|Register         |        -|      -|     278|      -|    -|
+-----------------+---------+-------+--------+-------+-----+
|Total            |        0|      0|     278|    720|    0|
+-----------------+---------+-------+--------+-------+-----+
|Available        |      280|    220|  106400|  53200|    0|
+-----------------+---------+-------+--------+-------+-----+
|Utilization (%)  |        0|      0|   ~0   |      1|    0|
+-----------------+---------+-------+--------+-------+-----+

+ Detail: 
    * Instance: 
    N/A

    * DSP48E: 
    N/A

    * Memory: 
    N/A

    * FIFO: 
    N/A

    * Expression: 
    +----------------------+----------+-------+---+----+------------+------------+
    |     Variable Name    | Operation| DSP48E| FF| LUT| Bitwidth P0| Bitwidth P1|
    +----------------------+----------+-------+---+----+------------+------------+
    |add_ln81_3_fu_722_p2  |     +    |      0|  0|  39|          32|          32|
    |add_ln81_fu_710_p2    |     +    |      0|  0|  39|          32|          32|
    |i_fu_540_p2           |     +    |      0|  0|  15|           5|           1|
    |ap_condition_596      |    and   |      0|  0|   2|           1|           1|
    |icmp_ln38_fu_534_p2   |   icmp   |      0|  0|  11|           5|           6|
    |d_fu_684_p2           |    xor   |      0|  0|   8|           8|           8|
    |left_7_fu_636_p2      |    xor   |      0|  0|  32|          32|          32|
    |left_fu_563_p2        |    xor   |      0|  0|  32|          32|          32|
    |right_5_fu_754_p2     |    xor   |      0|  0|  32|          32|          32|
    |right_fu_728_p2       |    xor   |      0|  0|  32|          32|          32|
    |xor_ln168_fu_775_p2   |    xor   |      0|  0|   8|           8|           8|
    |xor_ln172_fu_811_p2   |    xor   |      0|  0|   8|           8|           8|
    |xor_ln39_1_fu_642_p2  |    xor   |      0|  0|  16|          16|          16|
    |xor_ln39_2_fu_648_p2  |    xor   |      0|  0|  24|          24|          24|
    |xor_ln44_1_fu_759_p2  |    xor   |      0|  0|  16|          16|          16|
    |xor_ln44_2_fu_765_p2  |    xor   |      0|  0|  24|          24|          24|
    |xor_ln45_1_fu_568_p2  |    xor   |      0|  0|  16|          16|          16|
    |xor_ln45_2_fu_574_p2  |    xor   |      0|  0|  24|          24|          24|
    |xor_ln81_fu_716_p2    |    xor   |      0|  0|  32|          32|          32|
    +----------------------+----------+-------+---+----+------------+------------+
    |Total                 |          |      0|  0| 410|         379|         376|
    +----------------------+----------+-------+---+----+------------+------------+

    * Multiplexer: 
    +---------------------+----+-----------+-----+-----------+
    |         Name        | LUT| Input Size| Bits| Total Bits|
    +---------------------+----+-----------+-----+-----------+
    |ap_NS_fsm            |  56|         13|    1|         13|
    |ciphertext_address0  |  27|          5|    3|         15|
    |ciphertext_address1  |  27|          5|    3|         15|
    |ciphertext_d0        |  27|          5|    8|         40|
    |ciphertext_d1        |  27|          5|    8|         40|
    |i_0_reg_468          |   9|          2|    5|         10|
    |left_4_reg_448       |   9|          2|   32|         64|
    |phi_ln39_reg_479     |  65|         16|   32|        512|
    |plaintext_address0   |  27|          5|    3|         15|
    |plaintext_address1   |  27|          5|    3|         15|
    |right_4_reg_458      |   9|          2|   32|         64|
    +---------------------+----+-----------+-----+-----------+
    |Total                | 310|         65|  130|        803|
    +---------------------+----+-----------+-----+-----------+

    * Register: 
    +--------------------------+----+----+-----+-----------+
    |           Name           | FF | LUT| Bits| Const Bits|
    +--------------------------+----+----+-----+-----------+
    |add_ln81_3_reg_1036       |  32|   0|   32|          0|
    |ap_CS_fsm                 |  12|   0|   12|          0|
    |i_0_reg_468               |   5|   0|    5|          0|
    |i_reg_996                 |   5|   0|    5|          0|
    |left_4_reg_448            |  32|   0|   32|          0|
    |left_7_reg_1011           |  32|   0|   32|          0|
    |phi_ln39_reg_479          |  32|   0|   32|          0|
    |plaintext_load_1_reg_832  |   8|   0|    8|          0|
    |plaintext_load_2_reg_847  |   8|   0|    8|          0|
    |plaintext_load_3_reg_852  |   8|   0|    8|          0|
    |plaintext_load_4_reg_867  |   8|   0|    8|          0|
    |plaintext_load_5_reg_872  |   8|   0|    8|          0|
    |plaintext_load_reg_827    |   8|   0|    8|          0|
    |right_4_reg_458           |  32|   0|   32|          0|
    |trunc_ln2_reg_1006        |   8|   0|    8|          0|
    |trunc_ln3_reg_1046        |   8|   0|    8|          0|
    |trunc_ln45_reg_1001       |   8|   0|    8|          0|
    |trunc_ln4_reg_1051        |   8|   0|    8|          0|
    |trunc_ln5_reg_1056        |   8|   0|    8|          0|
    |xor_ln172_reg_1061        |   8|   0|    8|          0|
    +--------------------------+----+----+-----+-----------+
    |Total                     | 278|   0|  278|          0|
    +--------------------------+----+----+-----+-----------+



================================================================
== Interface
================================================================
* Summary: 
+---------------------+-----+-----+------------+------------------+--------------+
|      RTL Ports      | Dir | Bits|  Protocol  |   Source Object  |    C Type    |
+---------------------+-----+-----+------------+------------------+--------------+
|ap_clk               |  in |    1| ap_ctrl_hs | Blowfish_Encrypt | return value |
|ap_rst               |  in |    1| ap_ctrl_hs | Blowfish_Encrypt | return value |
|ap_start             |  in |    1| ap_ctrl_hs | Blowfish_Encrypt | return value |
|ap_done              | out |    1| ap_ctrl_hs | Blowfish_Encrypt | return value |
|ap_idle              | out |    1| ap_ctrl_hs | Blowfish_Encrypt | return value |
|ap_ready             | out |    1| ap_ctrl_hs | Blowfish_Encrypt | return value |
|plaintext_address0   | out |    3|  ap_memory |     plaintext    |     array    |
|plaintext_ce0        | out |    1|  ap_memory |     plaintext    |     array    |
|plaintext_q0         |  in |    8|  ap_memory |     plaintext    |     array    |
|plaintext_address1   | out |    3|  ap_memory |     plaintext    |     array    |
|plaintext_ce1        | out |    1|  ap_memory |     plaintext    |     array    |
|plaintext_q1         |  in |    8|  ap_memory |     plaintext    |     array    |
|ciphertext_address0  | out |    3|  ap_memory |    ciphertext    |     array    |
|ciphertext_ce0       | out |    1|  ap_memory |    ciphertext    |     array    |
|ciphertext_we0       | out |    1|  ap_memory |    ciphertext    |     array    |
|ciphertext_d0        | out |    8|  ap_memory |    ciphertext    |     array    |
|ciphertext_address1  | out |    3|  ap_memory |    ciphertext    |     array    |
|ciphertext_ce1       | out |    1|  ap_memory |    ciphertext    |     array    |
|ciphertext_we1       | out |    1|  ap_memory |    ciphertext    |     array    |
|ciphertext_d1        | out |    8|  ap_memory |    ciphertext    |     array    |
|P_0_read             |  in |   32|   ap_none  |     P_0_read     |    scalar    |
|P_1_read             |  in |   32|   ap_none  |     P_1_read     |    scalar    |
|P_2_read             |  in |   32|   ap_none  |     P_2_read     |    scalar    |
|P_3_read             |  in |   32|   ap_none  |     P_3_read     |    scalar    |
|P_4_read             |  in |   32|   ap_none  |     P_4_read     |    scalar    |
|P_5_read             |  in |   32|   ap_none  |     P_5_read     |    scalar    |
|P_6_read             |  in |   32|   ap_none  |     P_6_read     |    scalar    |
|P_7_read             |  in |   32|   ap_none  |     P_7_read     |    scalar    |
|P_8_read             |  in |   32|   ap_none  |     P_8_read     |    scalar    |
|P_9_read             |  in |   32|   ap_none  |     P_9_read     |    scalar    |
|P_10_read            |  in |   32|   ap_none  |     P_10_read    |    scalar    |
|P_11_read            |  in |   32|   ap_none  |     P_11_read    |    scalar    |
|P_12_read            |  in |   32|   ap_none  |     P_12_read    |    scalar    |
|P_13_read            |  in |   32|   ap_none  |     P_13_read    |    scalar    |
|P_14_read            |  in |   32|   ap_none  |     P_14_read    |    scalar    |
|P_15_read            |  in |   32|   ap_none  |     P_15_read    |    scalar    |
|P_16_read            |  in |   32|   ap_none  |     P_16_read    |    scalar    |
|P_17_read            |  in |   32|   ap_none  |     P_17_read    |    scalar    |
|S_0_address0         | out |    8|  ap_memory |        S_0       |     array    |
|S_0_ce0              | out |    1|  ap_memory |        S_0       |     array    |
|S_0_q0               |  in |   32|  ap_memory |        S_0       |     array    |
|S_1_address0         | out |    8|  ap_memory |        S_1       |     array    |
|S_1_ce0              | out |    1|  ap_memory |        S_1       |     array    |
|S_1_q0               |  in |   32|  ap_memory |        S_1       |     array    |
|S_2_address0         | out |    8|  ap_memory |        S_2       |     array    |
|S_2_ce0              | out |    1|  ap_memory |        S_2       |     array    |
|S_2_q0               |  in |   32|  ap_memory |        S_2       |     array    |
|S_3_address0         | out |    8|  ap_memory |        S_3       |     array    |
|S_3_ce0              | out |    1|  ap_memory |        S_3       |     array    |
|S_3_q0               |  in |   32|  ap_memory |        S_3       |     array    |
+---------------------+-----+-----+------------+------------------+--------------+

