

================================================================
== Vivado HLS Report for 'decrypt_aes'
================================================================
* Date:           Fri Dec 13 14:33:48 2024

* Version:        2019.2 (Build 2704478 on Wed Nov 06 22:10:23 MST 2019)
* Project:        p2peda.prj
* Solution:       solution1
* Product family: zynq
* Target device:  xc7z020-clg484-1


================================================================
== Performance Estimates
================================================================
+ Timing: 
    * Summary: 
    +--------+----------+----------+------------+
    |  Clock |  Target  | Estimated| Uncertainty|
    +--------+----------+----------+------------+
    |ap_clk  | 10.00 ns | 7.137 ns |   1.25 ns  |
    +--------+----------+----------+------------+

+ Latency: 
    * Summary: 
    +---------+---------+----------+----------+-----+-----+---------+
    |  Latency (cycles) |  Latency (absolute) |  Interval | Pipeline|
    |   min   |   max   |    min   |    max   | min | max |   Type  |
    +---------+---------+----------+----------+-----+-----+---------+
    |      251|      251| 2.510 us | 2.510 us |  251|  251|   none  |
    +---------+---------+----------+----------+-----+-----+---------+

    + Detail: 
        * Instance: 
        +------------------------+-------------+---------+---------+----------+----------+-----+-----+---------+
        |                        |             |  Latency (cycles) |  Latency (absolute) |  Interval | Pipeline|
        |        Instance        |    Module   |   min   |   max   |    min   |    max   | min | max |   Type  |
        +------------------------+-------------+---------+---------+----------+----------+-----+-----+---------+
        |grp_aes_decrypt_fu_335  |aes_decrypt  |      152|      152| 1.520 us | 1.520 us |  152|  152|   none  |
        +------------------------+-------------+---------+---------+----------+----------+-----+-----+---------+

        * Loop: 
        +--------------------+---------+---------+----------+-----------+-----------+------+----------+
        |                    |  Latency (cycles) | Iteration|  Initiation Interval  | Trip |          |
        |      Loop Name     |   min   |   max   |  Latency |  achieved |   target  | Count| Pipelined|
        +--------------------+---------+---------+----------+-----------+-----------+------+----------+
        |- memset_aes_input  |       15|       15|         1|          -|          -|    16|    no    |
        |- memset_output     |       15|       15|         1|          -|          -|    16|    no    |
        |- Loop 3            |       48|       48|         3|          -|          -|    16|    no    |
        |- Loop 4            |       16|       16|         1|          -|          -|    16|    no    |
        +--------------------+---------+---------+----------+-----------+-----------+------+----------+



================================================================
== Utilization Estimates
================================================================
* Summary: 
+-----------------+---------+-------+--------+-------+-----+
|       Name      | BRAM_18K| DSP48E|   FF   |  LUT  | URAM|
+-----------------+---------+-------+--------+-------+-----+
|DSP              |        -|      -|       -|      -|    -|
|Expression       |        -|      -|       0|   3380|    -|
|FIFO             |        -|      -|       -|      -|    -|
|Instance         |        3|      -|    1293|   8722|    0|
|Memory           |        -|      -|       -|      -|    -|
|Multiplexer      |        -|      -|       -|    233|    -|
|Register         |        -|      -|    1195|      -|    -|
+-----------------+---------+-------+--------+-------+-----+
|Total            |        3|      0|    2488|  12335|    0|
+-----------------+---------+-------+--------+-------+-----+
|Available        |      280|    220|  106400|  53200|    0|
+-----------------+---------+-------+--------+-------+-----+
|Utilization (%)  |        1|      0|       2|     23|    0|
+-----------------+---------+-------+--------+-------+-----+

+ Detail: 
    * Instance: 
    +------------------------+-------------------+---------+-------+------+------+-----+
    |        Instance        |       Module      | BRAM_18K| DSP48E|  FF  |  LUT | URAM|
    +------------------------+-------------------+---------+-------+------+------+-----+
    |grp_aes_decrypt_fu_335  |aes_decrypt        |        3|      0|  1293|  6577|    0|
    |dut_mux_164_8_1_1_U181  |dut_mux_164_8_1_1  |        0|      0|     0|    65|    0|
    |dut_mux_164_8_1_1_U182  |dut_mux_164_8_1_1  |        0|      0|     0|    65|    0|
    |dut_mux_164_8_1_1_U183  |dut_mux_164_8_1_1  |        0|      0|     0|    65|    0|
    |dut_mux_164_8_1_1_U184  |dut_mux_164_8_1_1  |        0|      0|     0|    65|    0|
    |dut_mux_164_8_1_1_U185  |dut_mux_164_8_1_1  |        0|      0|     0|    65|    0|
    |dut_mux_164_8_1_1_U186  |dut_mux_164_8_1_1  |        0|      0|     0|    65|    0|
    |dut_mux_164_8_1_1_U187  |dut_mux_164_8_1_1  |        0|      0|     0|    65|    0|
    |dut_mux_164_8_1_1_U188  |dut_mux_164_8_1_1  |        0|      0|     0|    65|    0|
    |dut_mux_164_8_1_1_U189  |dut_mux_164_8_1_1  |        0|      0|     0|    65|    0|
    |dut_mux_164_8_1_1_U190  |dut_mux_164_8_1_1  |        0|      0|     0|    65|    0|
    |dut_mux_164_8_1_1_U191  |dut_mux_164_8_1_1  |        0|      0|     0|    65|    0|
    |dut_mux_164_8_1_1_U192  |dut_mux_164_8_1_1  |        0|      0|     0|    65|    0|
    |dut_mux_164_8_1_1_U193  |dut_mux_164_8_1_1  |        0|      0|     0|    65|    0|
    |dut_mux_164_8_1_1_U194  |dut_mux_164_8_1_1  |        0|      0|     0|    65|    0|
    |dut_mux_164_8_1_1_U195  |dut_mux_164_8_1_1  |        0|      0|     0|    65|    0|
    |dut_mux_164_8_1_1_U196  |dut_mux_164_8_1_1  |        0|      0|     0|    65|    0|
    |dut_mux_164_8_1_1_U197  |dut_mux_164_8_1_1  |        0|      0|     0|    65|    0|
    |dut_mux_164_8_1_1_U198  |dut_mux_164_8_1_1  |        0|      0|     0|    65|    0|
    |dut_mux_164_8_1_1_U199  |dut_mux_164_8_1_1  |        0|      0|     0|    65|    0|
    |dut_mux_164_8_1_1_U200  |dut_mux_164_8_1_1  |        0|      0|     0|    65|    0|
    |dut_mux_164_8_1_1_U201  |dut_mux_164_8_1_1  |        0|      0|     0|    65|    0|
    |dut_mux_164_8_1_1_U202  |dut_mux_164_8_1_1  |        0|      0|     0|    65|    0|
    |dut_mux_164_8_1_1_U203  |dut_mux_164_8_1_1  |        0|      0|     0|    65|    0|
    |dut_mux_164_8_1_1_U204  |dut_mux_164_8_1_1  |        0|      0|     0|    65|    0|
    |dut_mux_164_8_1_1_U205  |dut_mux_164_8_1_1  |        0|      0|     0|    65|    0|
    |dut_mux_164_8_1_1_U206  |dut_mux_164_8_1_1  |        0|      0|     0|    65|    0|
    |dut_mux_164_8_1_1_U207  |dut_mux_164_8_1_1  |        0|      0|     0|    65|    0|
    |dut_mux_164_8_1_1_U208  |dut_mux_164_8_1_1  |        0|      0|     0|    65|    0|
    |dut_mux_164_8_1_1_U209  |dut_mux_164_8_1_1  |        0|      0|     0|    65|    0|
    |dut_mux_164_8_1_1_U210  |dut_mux_164_8_1_1  |        0|      0|     0|    65|    0|
    |dut_mux_164_8_1_1_U211  |dut_mux_164_8_1_1  |        0|      0|     0|    65|    0|
    |dut_mux_164_8_1_1_U212  |dut_mux_164_8_1_1  |        0|      0|     0|    65|    0|
    |dut_mux_164_8_1_1_U213  |dut_mux_164_8_1_1  |        0|      0|     0|    65|    0|
    +------------------------+-------------------+---------+-------+------+------+-----+
    |Total                   |                   |        3|      0|  1293|  8722|    0|
    +------------------------+-------------------+---------+-------+------+------+-----+

    * DSP48E: 
    N/A

    * Memory: 
    N/A

    * FIFO: 
    N/A

    * Expression: 
    +----------------------------+----------+-------+---+-----+------------+------------+
    |        Variable Name       | Operation| DSP48E| FF| LUT | Bitwidth P0| Bitwidth P1|
    +----------------------------+----------+-------+---+-----+------------+------------+
    |add_ln66_fu_423_p2          |     +    |      0|  0|   13|           4|           1|
    |add_ln67_fu_1171_p2         |     +    |      0|  0|   13|           4|           1|
    |i_12_fu_2277_p2             |     +    |      0|  0|   15|           5|           1|
    |i_fu_1941_p2                |     +    |      0|  0|   15|           5|           1|
    |sub_ln681_13_fu_2000_p2     |     -    |      0|  0|   15|           8|           8|
    |sub_ln681_14_fu_2029_p2     |     -    |      0|  0|   15|           7|           8|
    |sub_ln681_fu_1988_p2        |     -    |      0|  0|   15|           8|           8|
    |and_ln388_13_fu_2437_p2     |    and   |      0|  0|  128|         128|         128|
    |and_ln388_14_fu_2443_p2     |    and   |      0|  0|  128|         128|         128|
    |and_ln388_fu_2425_p2        |    and   |      0|  0|  128|         128|         128|
    |p_Result_s_fu_2118_p2       |    and   |      0|  0|  128|         128|         128|
    |icmp_ln388_fu_2327_p2       |   icmp   |      0|  0|   11|           7|           7|
    |icmp_ln66_fu_1037_p2        |   icmp   |      0|  0|    9|           4|           2|
    |icmp_ln67_fu_1785_p2        |   icmp   |      0|  0|    9|           4|           2|
    |icmp_ln681_fu_1965_p2       |   icmp   |      0|  0|   11|           7|           7|
    |icmp_ln69_fu_1935_p2        |   icmp   |      0|  0|   11|           5|           6|
    |icmp_ln75_fu_2271_p2        |   icmp   |      0|  0|   11|           5|           6|
    |lshr_ln388_fu_2419_p2       |   lshr   |      0|  0|  423|           2|         128|
    |lshr_ln681_8_fu_2112_p2     |   lshr   |      0|  0|  423|           2|         128|
    |lshr_ln681_fu_2039_p2       |   lshr   |      0|  0|  423|         128|         128|
    |or_ln70_fu_1959_p2          |    or    |      0|  0|    7|           3|           7|
    |or_ln76_fu_2295_p2          |    or    |      0|  0|    7|           3|           7|
    |p_Result_20_fu_2449_p2      |    or    |      0|  0|  128|         128|         128|
    |select_ln388_18_fu_2355_p3  |  select  |      0|  0|    8|           1|           8|
    |select_ln388_19_fu_2363_p3  |  select  |      0|  0|    8|           1|           8|
    |select_ln388_20_fu_2405_p3  |  select  |      0|  0|  128|           1|         128|
    |select_ln388_fu_2347_p3     |  select  |      0|  0|    8|           1|           8|
    |select_ln681_13_fu_2014_p3  |  select  |      0|  0|  128|           1|         128|
    |select_ln681_14_fu_2021_p3  |  select  |      0|  0|    8|           1|           8|
    |select_ln681_fu_2006_p3     |  select  |      0|  0|    8|           1|           8|
    |shl_ln388_8_fu_2413_p2      |    shl   |      0|  0|  423|           2|         128|
    |shl_ln388_fu_2389_p2        |    shl   |      0|  0|  423|         128|         128|
    |xor_ln388_13_fu_2371_p2     |    xor   |      0|  0|    8|           8|           7|
    |xor_ln388_14_fu_2431_p2     |    xor   |      0|  0|  128|           2|         128|
    |xor_ln388_fu_2341_p2        |    xor   |      0|  0|    8|           8|           7|
    |xor_ln681_fu_1994_p2        |    xor   |      0|  0|    8|           8|           7|
    +----------------------------+----------+-------+---+-----+------------+------------+
    |Total                       |          |      0|  0| 3380|        1014|        1797|
    +----------------------------+----------+-------+---+-----+------------+------------+

    * Multiplexer: 
    +------------------------+----+-----------+-----+-----------+
    |          Name          | LUT| Input Size| Bits| Total Bits|
    +------------------------+----+-----------+-----+-----------+
    |aes_input_15_18_fu_214  |   9|          2|    8|         16|
    |aes_input_15_19_fu_218  |   9|          2|    8|         16|
    |aes_input_15_20_fu_222  |   9|          2|    8|         16|
    |aes_input_15_21_fu_226  |   9|          2|    8|         16|
    |aes_input_15_22_fu_230  |   9|          2|    8|         16|
    |aes_input_15_23_fu_234  |   9|          2|    8|         16|
    |aes_input_15_24_fu_238  |   9|          2|    8|         16|
    |aes_input_15_25_fu_242  |   9|          2|    8|         16|
    |aes_input_15_26_fu_246  |   9|          2|    8|         16|
    |aes_input_15_27_fu_250  |   9|          2|    8|         16|
    |aes_input_15_28_fu_254  |   9|          2|    8|         16|
    |aes_input_15_29_fu_258  |   9|          2|    8|         16|
    |aes_input_15_2_fu_270   |   9|          2|    8|         16|
    |aes_input_15_30_fu_262  |   9|          2|    8|         16|
    |aes_input_15_31_fu_266  |   9|          2|    8|         16|
    |aes_input_15_fu_210     |   9|          2|    8|         16|
    |ap_NS_fsm               |  44|          9|    1|          9|
    |ap_return               |   9|          2|  128|        256|
    |i1_0_reg_324            |   9|          2|    5|         10|
    |i_0_reg_302             |   9|          2|    5|         10|
    |phi_ln66_reg_280        |   9|          2|    4|          8|
    |phi_ln67_reg_291        |   9|          2|    4|          8|
    +------------------------+----+-----------+-----+-----------+
    |Total                   | 233|         51|  275|        557|
    +------------------------+----+-----------+-----+-----------+

    * Register: 
    +-------------------------------------+-----+----+-----+-----------+
    |                 Name                |  FF | LUT| Bits| Const Bits|
    +-------------------------------------+-----+----+-----+-----------+
    |aes_input_0_0_fu_82                  |    8|   0|    8|          0|
    |aes_input_0_1_reg_2562               |    8|   0|    8|          0|
    |aes_input_10_0_fu_122                |    8|   0|    8|          0|
    |aes_input_10_1_reg_2612              |    8|   0|    8|          0|
    |aes_input_11_0_fu_126                |    8|   0|    8|          0|
    |aes_input_11_1_reg_2617              |    8|   0|    8|          0|
    |aes_input_12_0_fu_130                |    8|   0|    8|          0|
    |aes_input_12_1_reg_2622              |    8|   0|    8|          0|
    |aes_input_13_0_fu_134                |    8|   0|    8|          0|
    |aes_input_13_1_reg_2627              |    8|   0|    8|          0|
    |aes_input_14_2_0_fu_138              |    8|   0|    8|          0|
    |aes_input_14_2_1_reg_2632            |    8|   0|    8|          0|
    |aes_input_15_0_fu_142                |    8|   0|    8|          0|
    |aes_input_15_18_fu_214               |    8|   0|    8|          0|
    |aes_input_15_19_fu_218               |    8|   0|    8|          0|
    |aes_input_15_1_reg_2637              |    8|   0|    8|          0|
    |aes_input_15_20_fu_222               |    8|   0|    8|          0|
    |aes_input_15_21_fu_226               |    8|   0|    8|          0|
    |aes_input_15_22_fu_230               |    8|   0|    8|          0|
    |aes_input_15_23_fu_234               |    8|   0|    8|          0|
    |aes_input_15_24_fu_238               |    8|   0|    8|          0|
    |aes_input_15_25_fu_242               |    8|   0|    8|          0|
    |aes_input_15_26_fu_246               |    8|   0|    8|          0|
    |aes_input_15_27_fu_250               |    8|   0|    8|          0|
    |aes_input_15_28_fu_254               |    8|   0|    8|          0|
    |aes_input_15_29_fu_258               |    8|   0|    8|          0|
    |aes_input_15_2_fu_270                |    8|   0|    8|          0|
    |aes_input_15_30_fu_262               |    8|   0|    8|          0|
    |aes_input_15_31_fu_266               |    8|   0|    8|          0|
    |aes_input_15_fu_210                  |    8|   0|    8|          0|
    |aes_input_1_0_fu_86                  |    8|   0|    8|          0|
    |aes_input_1_1_reg_2567               |    8|   0|    8|          0|
    |aes_input_2_0_fu_90                  |    8|   0|    8|          0|
    |aes_input_2_1_reg_2572               |    8|   0|    8|          0|
    |aes_input_3_0_fu_94                  |    8|   0|    8|          0|
    |aes_input_3_1_reg_2577               |    8|   0|    8|          0|
    |aes_input_4_0_fu_98                  |    8|   0|    8|          0|
    |aes_input_4_1_reg_2582               |    8|   0|    8|          0|
    |aes_input_5_0_fu_102                 |    8|   0|    8|          0|
    |aes_input_5_1_reg_2587               |    8|   0|    8|          0|
    |aes_input_6_0_fu_106                 |    8|   0|    8|          0|
    |aes_input_6_1_reg_2592               |    8|   0|    8|          0|
    |aes_input_7_0_fu_110                 |    8|   0|    8|          0|
    |aes_input_7_1_reg_2597               |    8|   0|    8|          0|
    |aes_input_8_0_fu_114                 |    8|   0|    8|          0|
    |aes_input_8_1_reg_2602               |    8|   0|    8|          0|
    |aes_input_9_0_fu_118                 |    8|   0|    8|          0|
    |aes_input_9_1_reg_2607               |    8|   0|    8|          0|
    |ap_CS_fsm                            |    8|   0|    8|          0|
    |ap_return_preg                       |  128|   0|  128|          0|
    |grp_aes_decrypt_fu_335_ap_start_reg  |    1|   0|    1|          0|
    |i1_0_reg_324                         |    5|   0|    5|          0|
    |i_0_reg_302                          |    5|   0|    5|          0|
    |i_reg_2944                           |    5|   0|    5|          0|
    |lshr_ln681_reg_2958                  |  128|   0|  128|          0|
    |output_068100_fu_146                 |    8|   0|    8|          0|
    |output_0_read_assig_reg_2746         |    8|   0|    8|          0|
    |output_0_reg_3043                    |    8|   0|    8|          0|
    |output_1078120_fu_186                |    8|   0|    8|          0|
    |output_10_read_assi_reg_2796         |    8|   0|    8|          0|
    |output_10_reg_3093                   |    8|   0|    8|          0|
    |output_1179122_fu_190                |    8|   0|    8|          0|
    |output_11_read_assi_reg_2801         |    8|   0|    8|          0|
    |output_11_reg_3098                   |    8|   0|    8|          0|
    |output_1280124_fu_194                |    8|   0|    8|          0|
    |output_12_read_assi_reg_2806         |    8|   0|    8|          0|
    |output_12_reg_3103                   |    8|   0|    8|          0|
    |output_1381126_fu_198                |    8|   0|    8|          0|
    |output_13_read_assi_reg_2811         |    8|   0|    8|          0|
    |output_13_reg_3108                   |    8|   0|    8|          0|
    |output_1482128_fu_202                |    8|   0|    8|          0|
    |output_14_read_assi_reg_2816         |    8|   0|    8|          0|
    |output_14_reg_3113                   |    8|   0|    8|          0|
    |output_1583130_fu_206                |    8|   0|    8|          0|
    |output_15_read_assi_reg_2821         |    8|   0|    8|          0|
    |output_15_reg_3118                   |    8|   0|    8|          0|
    |output_169102_fu_150                 |    8|   0|    8|          0|
    |output_1_read_assig_reg_2751         |    8|   0|    8|          0|
    |output_1_reg_3048                    |    8|   0|    8|          0|
    |output_270104_fu_154                 |    8|   0|    8|          0|
    |output_2_read_assig_reg_2756         |    8|   0|    8|          0|
    |output_2_reg_3053                    |    8|   0|    8|          0|
    |output_371106_fu_158                 |    8|   0|    8|          0|
    |output_3_read_assig_reg_2761         |    8|   0|    8|          0|
    |output_3_reg_3058                    |    8|   0|    8|          0|
    |output_472108_fu_162                 |    8|   0|    8|          0|
    |output_4_read_assig_reg_2766         |    8|   0|    8|          0|
    |output_4_reg_3063                    |    8|   0|    8|          0|
    |output_573110_fu_166                 |    8|   0|    8|          0|
    |output_5_read_assig_reg_2771         |    8|   0|    8|          0|
    |output_5_reg_3068                    |    8|   0|    8|          0|
    |output_674112_fu_170                 |    8|   0|    8|          0|
    |output_6_read_assig_reg_2776         |    8|   0|    8|          0|
    |output_6_reg_3073                    |    8|   0|    8|          0|
    |output_775114_fu_174                 |    8|   0|    8|          0|
    |output_7_read_assig_reg_2781         |    8|   0|    8|          0|
    |output_7_reg_3078                    |    8|   0|    8|          0|
    |output_876116_fu_178                 |    8|   0|    8|          0|
    |output_8_read_assig_reg_2786         |    8|   0|    8|          0|
    |output_8_reg_3083                    |    8|   0|    8|          0|
    |output_977118_fu_182                 |    8|   0|    8|          0|
    |output_9_read_assig_reg_2791         |    8|   0|    8|          0|
    |output_9_reg_3088                    |    8|   0|    8|          0|
    |p_Val2_s_reg_313                     |  128|   0|  128|          0|
    |phi_ln66_reg_280                     |    4|   0|    4|          0|
    |phi_ln67_reg_291                     |    4|   0|    4|          0|
    |sub_ln681_14_reg_2953                |    7|   0|    8|          1|
    |trunc_ln70_reg_2949                  |    4|   0|    4|          0|
    +-------------------------------------+-----+----+-----+-----------+
    |Total                                | 1195|   0| 1196|          1|
    +-------------------------------------+-----+----+-----+-----------+



================================================================
== Interface
================================================================
* Summary: 
+--------------+-----+-----+------------+--------------+--------------+
|   RTL Ports  | Dir | Bits|  Protocol  | Source Object|    C Type    |
+--------------+-----+-----+------------+--------------+--------------+
|ap_clk        |  in |    1| ap_ctrl_hs |  decrypt_aes | return value |
|ap_rst        |  in |    1| ap_ctrl_hs |  decrypt_aes | return value |
|ap_start      |  in |    1| ap_ctrl_hs |  decrypt_aes | return value |
|ap_done       | out |    1| ap_ctrl_hs |  decrypt_aes | return value |
|ap_idle       | out |    1| ap_ctrl_hs |  decrypt_aes | return value |
|ap_ready      | out |    1| ap_ctrl_hs |  decrypt_aes | return value |
|ap_return     | out |  128| ap_ctrl_hs |  decrypt_aes | return value |
|ciphertext_V  |  in |  128|   ap_none  | ciphertext_V |    scalar    |
+--------------+-----+-----+------------+--------------+--------------+

