

================================================================
== Vivado HLS Report for 'encrypt_bf'
================================================================
* Date:           Fri Dec 13 15:48:03 2024

* Version:        2019.2 (Build 2704478 on Wed Nov 06 22:10:23 MST 2019)
* Project:        p2peda.prj
* Solution:       solution1
* Product family: zynq
* Target device:  xc7z020-clg484-1


================================================================
== Performance Estimates
================================================================
+ Timing: 
    * Summary: 
    +--------+----------+----------+------------+
    |  Clock |  Target  | Estimated| Uncertainty|
    +--------+----------+----------+------------+
    |ap_clk  | 10.00 ns | 8.358 ns |   1.25 ns  |
    +--------+----------+----------+------------+

+ Latency: 
    * Summary: 
    +---------+---------+----------+----------+-----+-----+---------+
    |  Latency (cycles) |  Latency (absolute) |  Interval | Pipeline|
    |   min   |   max   |    min   |    max   | min | max |   Type  |
    +---------+---------+----------+----------+-----+-----+---------+
    |      215|      215| 2.150 us | 2.150 us |  215|  215|   none  |
    +---------+---------+----------+----------+-----+-----+---------+

    + Detail: 
        * Instance: 
        +-----------------------------+------------------+---------+---------+----------+----------+-----+-----+---------+
        |                             |                  |  Latency (cycles) |  Latency (absolute) |  Interval | Pipeline|
        |           Instance          |      Module      |   min   |   max   |    min   |    max   | min | max |   Type  |
        +-----------------------------+------------------+---------+---------+----------+----------+-----+-----+---------+
        |grp_Blowfish_Encrypt_fu_237  |Blowfish_Encrypt  |       72|       72| 0.720 us | 0.720 us |   72|   72|   none  |
        +-----------------------------+------------------+---------+---------+----------+----------+-----+-----+---------+

        * Loop: 
        +----------+---------+---------+----------+-----------+-----------+------+----------+
        |          |  Latency (cycles) | Iteration|  Initiation Interval  | Trip |          |
        | Loop Name|   min   |   max   |  Latency |  achieved |   target  | Count| Pipelined|
        +----------+---------+---------+----------+-----------+-----------+------+----------+
        |- Loop 1  |       16|       16|         2|          -|          -|     8|    no    |
        |- Loop 2  |       16|       16|         2|          -|          -|     8|    no    |
        |- Loop 3  |       16|       16|         2|          -|          -|     8|    no    |
        |- Loop 4  |       16|       16|         2|          -|          -|     8|    no    |
        +----------+---------+---------+----------+-----------+-----------+------+----------+



================================================================
== Utilization Estimates
================================================================
* Summary: 
+-----------------+---------+-------+--------+-------+-----+
|       Name      | BRAM_18K| DSP48E|   FF   |  LUT  | URAM|
+-----------------+---------+-------+--------+-------+-----+
|DSP              |        -|      -|       -|      -|    -|
|Expression       |        -|      -|       0|   5434|    -|
|FIFO             |        -|      -|       -|      -|    -|
|Instance         |        -|      -|     278|    720|    -|
|Memory           |        2|      -|      32|      2|    0|
|Multiplexer      |        -|      -|       -|    377|    -|
|Register         |        -|      -|    1279|      -|    -|
+-----------------+---------+-------+--------+-------+-----+
|Total            |        2|      0|    1589|   6533|    0|
+-----------------+---------+-------+--------+-------+-----+
|Available        |      280|    220|  106400|  53200|    0|
+-----------------+---------+-------+--------+-------+-----+
|Utilization (%)  |    ~0   |      0|       1|     12|    0|
+-----------------+---------+-------+--------+-------+-----+

+ Detail: 
    * Instance: 
    +-----------------------------+------------------+---------+-------+-----+-----+-----+
    |           Instance          |      Module      | BRAM_18K| DSP48E|  FF | LUT | URAM|
    +-----------------------------+------------------+---------+-------+-----+-----+-----+
    |grp_Blowfish_Encrypt_fu_237  |Blowfish_Encrypt  |        0|      0|  278|  720|    0|
    +-----------------------------+------------------+---------+-------+-----+-----+-----+
    |Total                        |                  |        0|      0|  278|  720|    0|
    +-----------------------------+------------------+---------+-------+-----+-----+-----+

    * DSP48E: 
    N/A

    * Memory: 
    +---------------+----------------------+---------+----+----+-----+------+-----+------+-------------+
    |     Memory    |        Module        | BRAM_18K| FF | LUT| URAM| Words| Bits| Banks| W*Bits*Banks|
    +---------------+----------------------+---------+----+----+-----+------+-----+------+-------------+
    |plaintext1_U   |decrypt_bf_ciphercud  |        0|  16|   1|    0|     8|    8|     1|           64|
    |plaintext2_U   |decrypt_bf_ciphercud  |        0|  16|   1|    0|     8|    8|     1|           64|
    |ciphertext1_U  |decrypt_bf_decrypeOg  |        1|   0|   0|    0|     8|    8|     1|           64|
    |ciphertext2_U  |decrypt_bf_decrypeOg  |        1|   0|   0|    0|     8|    8|     1|           64|
    +---------------+----------------------+---------+----+----+-----+------+-----+------+-------------+
    |Total          |                      |        2|  32|   2|    0|    32|   32|     4|          256|
    +---------------+----------------------+---------+----+----+-----+------+-----+------+-------------+

    * FIFO: 
    N/A

    * Expression: 
    +---------------------------+----------+-------+---+-----+------------+------------+
    |       Variable Name       | Operation| DSP48E| FF| LUT | Bitwidth P0| Bitwidth P1|
    +---------------------------+----------+-------+---+-----+------------+------------+
    |i_1_fu_603_p2              |     +    |      0|  0|   13|           4|           1|
    |i_2_fu_737_p2              |     +    |      0|  0|   13|           4|           1|
    |i_3_fu_903_p2              |     +    |      0|  0|   13|           4|           1|
    |i_fu_469_p2                |     +    |      0|  0|   13|           4|           1|
    |sub_ln681_1_fu_528_p2      |     -    |      0|  0|   15|           7|           7|
    |sub_ln681_2_fu_557_p2      |     -    |      0|  0|   15|           6|           7|
    |sub_ln681_3_fu_650_p2      |     -    |      0|  0|   15|           7|           7|
    |sub_ln681_4_fu_662_p2      |     -    |      0|  0|   15|           7|           7|
    |sub_ln681_5_fu_691_p2      |     -    |      0|  0|   15|           6|           7|
    |sub_ln681_fu_516_p2        |     -    |      0|  0|   15|           7|           7|
    |and_ln388_1_fu_879_p2      |    and   |      0|  0|  128|         128|         128|
    |and_ln388_2_fu_885_p2      |    and   |      0|  0|  128|         128|         128|
    |and_ln388_3_fu_1050_p2     |    and   |      0|  0|  128|         128|         128|
    |and_ln388_4_fu_1062_p2     |    and   |      0|  0|  128|         128|         128|
    |and_ln388_5_fu_1068_p2     |    and   |      0|  0|  128|         128|         128|
    |and_ln388_fu_867_p2        |    and   |      0|  0|  128|         128|         128|
    |p_Result_1_fu_716_p2       |    and   |      0|  0|   64|          64|          64|
    |p_Result_s_fu_582_p2       |    and   |      0|  0|   64|          64|          64|
    |icmp_ln180_fu_463_p2       |   icmp   |      0|  0|   11|           4|           5|
    |icmp_ln188_fu_597_p2       |   icmp   |      0|  0|   11|           4|           5|
    |icmp_ln201_fu_731_p2       |   icmp   |      0|  0|   11|           4|           5|
    |icmp_ln206_fu_897_p2       |   icmp   |      0|  0|   11|           4|           5|
    |icmp_ln388_1_fu_952_p2     |   icmp   |      0|  0|   11|           7|           7|
    |icmp_ln388_fu_769_p2       |   icmp   |      0|  0|   11|           6|           6|
    |icmp_ln681_1_fu_627_p2     |   icmp   |      0|  0|   11|           6|           6|
    |icmp_ln681_fu_493_p2       |   icmp   |      0|  0|   11|           6|           6|
    |lshr_ln388_1_fu_1044_p2    |   lshr   |      0|  0|  423|           2|         128|
    |lshr_ln388_fu_861_p2       |   lshr   |      0|  0|  423|           2|         128|
    |lshr_ln681_1_fu_576_p2     |   lshr   |      0|  0|  182|           2|          64|
    |lshr_ln681_2_fu_701_p2     |   lshr   |      0|  0|  182|          64|          64|
    |lshr_ln681_3_fu_710_p2     |   lshr   |      0|  0|  182|           2|          64|
    |lshr_ln681_fu_567_p2       |   lshr   |      0|  0|  182|          64|          64|
    |or_ln184_fu_487_p2         |    or    |      0|  0|    6|           3|           6|
    |or_ln192_fu_621_p2         |    or    |      0|  0|    6|           3|           6|
    |or_ln202_fu_759_p2         |    or    |      0|  0|    6|           3|           6|
    |or_ln207_fu_925_p2         |    or    |      0|  0|    6|           6|           3|
    |p_Result_4_fu_891_p2       |    or    |      0|  0|  128|         128|         128|
    |p_Result_5_fu_1074_p2      |    or    |      0|  0|  128|         128|         128|
    |select_ln388_1_fu_797_p3   |  select  |      0|  0|    8|           1|           8|
    |select_ln388_2_fu_805_p3   |  select  |      0|  0|    8|           1|           8|
    |select_ln388_3_fu_847_p3   |  select  |      0|  0|  128|           1|         128|
    |select_ln388_4_fu_972_p3   |  select  |      0|  0|    8|           1|           8|
    |select_ln388_5_fu_980_p3   |  select  |      0|  0|    8|           1|           8|
    |select_ln388_6_fu_988_p3   |  select  |      0|  0|    8|           1|           8|
    |select_ln388_7_fu_1030_p3  |  select  |      0|  0|  128|           1|         128|
    |select_ln388_fu_789_p3     |  select  |      0|  0|    8|           1|           8|
    |select_ln681_1_fu_542_p3   |  select  |      0|  0|   64|           1|          64|
    |select_ln681_2_fu_549_p3   |  select  |      0|  0|    7|           1|           7|
    |select_ln681_3_fu_668_p3   |  select  |      0|  0|    7|           1|           7|
    |select_ln681_4_fu_676_p3   |  select  |      0|  0|   64|           1|          64|
    |select_ln681_5_fu_683_p3   |  select  |      0|  0|    7|           1|           7|
    |select_ln681_fu_534_p3     |  select  |      0|  0|    7|           1|           7|
    |shl_ln388_1_fu_855_p2      |    shl   |      0|  0|  423|           2|         128|
    |shl_ln388_2_fu_1014_p2     |    shl   |      0|  0|  423|         128|         128|
    |shl_ln388_3_fu_1038_p2     |    shl   |      0|  0|  423|           2|         128|
    |shl_ln388_fu_831_p2        |    shl   |      0|  0|  423|         128|         128|
    |xor_ln388_1_fu_813_p2      |    xor   |      0|  0|    8|           8|           7|
    |xor_ln388_2_fu_873_p2      |    xor   |      0|  0|  128|           2|         128|
    |xor_ln388_3_fu_966_p2      |    xor   |      0|  0|    8|           8|           7|
    |xor_ln388_4_fu_996_p2      |    xor   |      0|  0|    8|           8|           7|
    |xor_ln388_5_fu_1056_p2     |    xor   |      0|  0|  128|           2|         128|
    |xor_ln388_fu_783_p2        |    xor   |      0|  0|    8|           8|           7|
    |xor_ln681_1_fu_656_p2      |    xor   |      0|  0|    7|           7|           6|
    |xor_ln681_fu_522_p2        |    xor   |      0|  0|    7|           7|           6|
    +---------------------------+----------+-------+---+-----+------------+------------+
    |Total                      |          |      0|  0| 5434|        1724|        3044|
    +---------------------------+----------+-------+---+-----+------------+------------+

    * Multiplexer: 
    +------------------------------------------+----+-----------+-----+-----------+
    |                   Name                   | LUT| Input Size| Bits| Total Bits|
    +------------------------------------------+----+-----------+-----+-----------+
    |S_0_ce0                                   |   9|          2|    1|          2|
    |S_1_ce0                                   |   9|          2|    1|          2|
    |S_2_ce0                                   |   9|          2|    1|          2|
    |S_3_ce0                                   |   9|          2|    1|          2|
    |ap_NS_fsm                                 |  56|         13|    1|         13|
    |ap_return                                 |   9|          2|  128|        256|
    |ciphertext1_address0                      |  15|          3|    3|          9|
    |ciphertext1_ce0                           |  15|          3|    1|          3|
    |ciphertext1_ce1                           |   9|          2|    1|          2|
    |ciphertext1_we0                           |   9|          2|    1|          2|
    |ciphertext1_we1                           |   9|          2|    1|          2|
    |ciphertext2_address0                      |  15|          3|    3|          9|
    |ciphertext2_ce0                           |  15|          3|    1|          3|
    |ciphertext2_ce1                           |   9|          2|    1|          2|
    |ciphertext2_we0                           |   9|          2|    1|          2|
    |ciphertext2_we1                           |   9|          2|    1|          2|
    |grp_Blowfish_Encrypt_fu_237_plaintext_q0  |  15|          3|    8|         24|
    |grp_Blowfish_Encrypt_fu_237_plaintext_q1  |  15|          3|    8|         24|
    |i1_0_i31_reg_226                          |   9|          2|    4|          8|
    |i1_0_i_reg_180                            |   9|          2|    4|          8|
    |i_0_i25_reg_204                           |   9|          2|    4|          8|
    |i_0_i_reg_168                             |   9|          2|    4|          8|
    |p_Val2_2_reg_192                          |   9|          2|  128|        256|
    |p_Val2_3_reg_215                          |   9|          2|  128|        256|
    |plaintext1_address0                       |  15|          3|    3|          9|
    |plaintext1_ce0                            |  15|          3|    1|          3|
    |plaintext1_ce1                            |   9|          2|    1|          2|
    |plaintext2_address0                       |  15|          3|    3|          9|
    |plaintext2_ce0                            |  15|          3|    1|          3|
    |plaintext2_ce1                            |   9|          2|    1|          2|
    +------------------------------------------+----+-----------+-----+-----------+
    |Total                                     | 377|         81|  445|        933|
    +------------------------------------------+----+-----------+-----+-----------+

    * Register: 
    +------------------------------------------+-----+----+-----+-----------+
    |                   Name                   |  FF | LUT| Bits| Const Bits|
    +------------------------------------------+-----+----+-----+-----------+
    |ap_CS_fsm                                 |   12|   0|   12|          0|
    |ap_return_preg                            |  128|   0|  128|          0|
    |grp_Blowfish_Encrypt_fu_237_ap_start_reg  |    1|   0|    1|          0|
    |i1_0_i31_reg_226                          |    4|   0|    4|          0|
    |i1_0_i_reg_180                            |    4|   0|    4|          0|
    |i_0_i25_reg_204                           |    4|   0|    4|          0|
    |i_0_i_reg_168                             |    4|   0|    4|          0|
    |i_1_reg_1117                              |    4|   0|    4|          0|
    |i_2_reg_1135                              |    4|   0|    4|          0|
    |i_3_reg_1158                              |    4|   0|    4|          0|
    |i_reg_1099                                |    4|   0|    4|          0|
    |lower_64_V_reg_1086                       |   64|   0|   64|          0|
    |lshr_ln681_2_reg_1127                     |   64|   0|   64|          0|
    |lshr_ln681_reg_1109                       |   64|   0|   64|          0|
    |p_Val2_2_reg_192                          |  128|   0|  128|          0|
    |p_Val2_3_reg_215                          |  128|   0|  128|          0|
    |reg_359                                   |   32|   0|   32|          0|
    |reg_364                                   |   32|   0|   32|          0|
    |reg_369                                   |   32|   0|   32|          0|
    |reg_374                                   |   32|   0|   32|          0|
    |reg_379                                   |   32|   0|   32|          0|
    |reg_384                                   |   32|   0|   32|          0|
    |reg_389                                   |   32|   0|   32|          0|
    |reg_394                                   |   32|   0|   32|          0|
    |reg_399                                   |   32|   0|   32|          0|
    |reg_404                                   |   32|   0|   32|          0|
    |reg_409                                   |   32|   0|   32|          0|
    |reg_414                                   |   32|   0|   32|          0|
    |reg_419                                   |   32|   0|   32|          0|
    |reg_424                                   |   32|   0|   32|          0|
    |reg_429                                   |   32|   0|   32|          0|
    |reg_434                                   |   32|   0|   32|          0|
    |reg_439                                   |   32|   0|   32|          0|
    |reg_444                                   |   32|   0|   32|          0|
    |sub_ln681_2_reg_1104                      |    6|   0|    7|          1|
    |sub_ln681_5_reg_1122                      |    6|   0|    7|          1|
    |trunc_ln202_reg_1140                      |    3|   0|    3|          0|
    |trunc_ln207_reg_1163                      |    3|   0|    3|          0|
    |upper_64_V_reg_1091                       |   64|   0|   64|          0|
    +------------------------------------------+-----+----+-----+-----------+
    |Total                                     | 1279|   0| 1281|          2|
    +------------------------------------------+-----+----+-----+-----------+



================================================================
== Interface
================================================================
* Summary: 
+--------------+-----+-----+------------+--------------+--------------+
|   RTL Ports  | Dir | Bits|  Protocol  | Source Object|    C Type    |
+--------------+-----+-----+------------+--------------+--------------+
|ap_clk        |  in |    1| ap_ctrl_hs |  encrypt_bf  | return value |
|ap_rst        |  in |    1| ap_ctrl_hs |  encrypt_bf  | return value |
|ap_start      |  in |    1| ap_ctrl_hs |  encrypt_bf  | return value |
|ap_done       | out |    1| ap_ctrl_hs |  encrypt_bf  | return value |
|ap_idle       | out |    1| ap_ctrl_hs |  encrypt_bf  | return value |
|ap_ready      | out |    1| ap_ctrl_hs |  encrypt_bf  | return value |
|ap_return     | out |  128| ap_ctrl_hs |  encrypt_bf  | return value |
|plaintext_V   |  in |  128|   ap_none  |  plaintext_V |    scalar    |
|P_0           |  in |   32|   ap_none  |      P_0     |    pointer   |
|P_1           |  in |   32|   ap_none  |      P_1     |    pointer   |
|P_2           |  in |   32|   ap_none  |      P_2     |    pointer   |
|P_3           |  in |   32|   ap_none  |      P_3     |    pointer   |
|P_4           |  in |   32|   ap_none  |      P_4     |    pointer   |
|P_5           |  in |   32|   ap_none  |      P_5     |    pointer   |
|P_6           |  in |   32|   ap_none  |      P_6     |    pointer   |
|P_7           |  in |   32|   ap_none  |      P_7     |    pointer   |
|P_8           |  in |   32|   ap_none  |      P_8     |    pointer   |
|P_9           |  in |   32|   ap_none  |      P_9     |    pointer   |
|P_10          |  in |   32|   ap_none  |     P_10     |    pointer   |
|P_11          |  in |   32|   ap_none  |     P_11     |    pointer   |
|P_12          |  in |   32|   ap_none  |     P_12     |    pointer   |
|P_13          |  in |   32|   ap_none  |     P_13     |    pointer   |
|P_14          |  in |   32|   ap_none  |     P_14     |    pointer   |
|P_15          |  in |   32|   ap_none  |     P_15     |    pointer   |
|P_16          |  in |   32|   ap_none  |     P_16     |    pointer   |
|P_17          |  in |   32|   ap_none  |     P_17     |    pointer   |
|S_0_address0  | out |    8|  ap_memory |      S_0     |     array    |
|S_0_ce0       | out |    1|  ap_memory |      S_0     |     array    |
|S_0_q0        |  in |   32|  ap_memory |      S_0     |     array    |
|S_1_address0  | out |    8|  ap_memory |      S_1     |     array    |
|S_1_ce0       | out |    1|  ap_memory |      S_1     |     array    |
|S_1_q0        |  in |   32|  ap_memory |      S_1     |     array    |
|S_2_address0  | out |    8|  ap_memory |      S_2     |     array    |
|S_2_ce0       | out |    1|  ap_memory |      S_2     |     array    |
|S_2_q0        |  in |   32|  ap_memory |      S_2     |     array    |
|S_3_address0  | out |    8|  ap_memory |      S_3     |     array    |
|S_3_ce0       | out |    1|  ap_memory |      S_3     |     array    |
|S_3_q0        |  in |   32|  ap_memory |      S_3     |     array    |
+--------------+-----+-----+------------+--------------+--------------+

