

================================================================
== Vivado HLS Report for 'invMixColumn'
================================================================
* Date:           Fri Dec 13 14:33:47 2024

* Version:        2019.2 (Build 2704478 on Wed Nov 06 22:10:23 MST 2019)
* Project:        p2peda.prj
* Solution:       solution1
* Product family: zynq
* Target device:  xc7z020-clg484-1


================================================================
== Performance Estimates
================================================================
+ Timing: 
    * Summary: 
    +--------+----------+----------+------------+
    |  Clock |  Target  | Estimated| Uncertainty|
    +--------+----------+----------+------------+
    |ap_clk  | 10.00 ns | 5.982 ns |   1.25 ns  |
    +--------+----------+----------+------------+

+ Latency: 
    * Summary: 
    +---------+---------+----------+----------+-----+-----+----------+
    |  Latency (cycles) |  Latency (absolute) |  Interval | Pipeline |
    |   min   |   max   |    min   |    max   | min | max |   Type   |
    +---------+---------+----------+----------+-----+-----+----------+
    |        0|        0|   0 ns   |   0 ns   |    1|    1| function |
    +---------+---------+----------+----------+-----+-----+----------+

    + Detail: 
        * Instance: 
        +------------------------------------+----------------------+---------+---------+----------+----------+-----+-----+----------+
        |                                    |                      |  Latency (cycles) |  Latency (absolute) |  Interval | Pipeline |
        |              Instance              |        Module        |   min   |   max   |    min   |    max   | min | max |   Type   |
        +------------------------------------+----------------------+---------+---------+----------+----------+-----+-----+----------+
        |tmp_galois_multiplicatio_fu_46      |galois_multiplicatio  |        0|        0|   0 ns   |   0 ns   |    1|    1| function |
        |tmp_s_galois_multiplicatio_fu_54    |galois_multiplicatio  |        0|        0|   0 ns   |   0 ns   |    1|    1| function |
        |tmp_11_galois_multiplicatio_fu_62   |galois_multiplicatio  |        0|        0|   0 ns   |   0 ns   |    1|    1| function |
        |tmp_12_galois_multiplicatio_fu_70   |galois_multiplicatio  |        0|        0|   0 ns   |   0 ns   |    1|    1| function |
        |tmp_13_galois_multiplicatio_fu_78   |galois_multiplicatio  |        0|        0|   0 ns   |   0 ns   |    1|    1| function |
        |tmp_14_galois_multiplicatio_fu_86   |galois_multiplicatio  |        0|        0|   0 ns   |   0 ns   |    1|    1| function |
        |tmp_15_galois_multiplicatio_fu_94   |galois_multiplicatio  |        0|        0|   0 ns   |   0 ns   |    1|    1| function |
        |tmp_16_galois_multiplicatio_fu_102  |galois_multiplicatio  |        0|        0|   0 ns   |   0 ns   |    1|    1| function |
        |tmp_17_galois_multiplicatio_fu_110  |galois_multiplicatio  |        0|        0|   0 ns   |   0 ns   |    1|    1| function |
        |tmp_18_galois_multiplicatio_fu_118  |galois_multiplicatio  |        0|        0|   0 ns   |   0 ns   |    1|    1| function |
        |tmp_19_galois_multiplicatio_fu_126  |galois_multiplicatio  |        0|        0|   0 ns   |   0 ns   |    1|    1| function |
        |tmp_20_galois_multiplicatio_fu_134  |galois_multiplicatio  |        0|        0|   0 ns   |   0 ns   |    1|    1| function |
        |tmp_21_galois_multiplicatio_fu_142  |galois_multiplicatio  |        0|        0|   0 ns   |   0 ns   |    1|    1| function |
        |tmp_22_galois_multiplicatio_fu_150  |galois_multiplicatio  |        0|        0|   0 ns   |   0 ns   |    1|    1| function |
        |tmp_23_galois_multiplicatio_fu_158  |galois_multiplicatio  |        0|        0|   0 ns   |   0 ns   |    1|    1| function |
        |tmp_24_galois_multiplicatio_fu_166  |galois_multiplicatio  |        0|        0|   0 ns   |   0 ns   |    1|    1| function |
        +------------------------------------+----------------------+---------+---------+----------+----------+-----+-----+----------+

        * Loop: 
        N/A



================================================================
== Utilization Estimates
================================================================
* Summary: 
+-----------------+---------+-------+--------+-------+-----+
|       Name      | BRAM_18K| DSP48E|   FF   |  LUT  | URAM|
+-----------------+---------+-------+--------+-------+-----+
|DSP              |        -|      -|       -|      -|    -|
|Expression       |        -|      -|       0|     96|    -|
|FIFO             |        -|      -|       -|      -|    -|
|Instance         |        -|      -|       0|   1664|    -|
|Memory           |        -|      -|       -|      -|    -|
|Multiplexer      |        -|      -|       -|      -|    -|
|Register         |        -|      -|       -|      -|    -|
+-----------------+---------+-------+--------+-------+-----+
|Total            |        0|      0|       0|   1760|    0|
+-----------------+---------+-------+--------+-------+-----+
|Available        |      280|    220|  106400|  53200|    0|
+-----------------+---------+-------+--------+-------+-----+
|Utilization (%)  |        0|      0|       0|      3|    0|
+-----------------+---------+-------+--------+-------+-----+

+ Detail: 
    * Instance: 
    +------------------------------------+----------------------+---------+-------+---+-----+-----+
    |              Instance              |        Module        | BRAM_18K| DSP48E| FF| LUT | URAM|
    +------------------------------------+----------------------+---------+-------+---+-----+-----+
    |tmp_galois_multiplicatio_fu_46      |galois_multiplicatio  |        0|      0|  0|  104|    0|
    |tmp_s_galois_multiplicatio_fu_54    |galois_multiplicatio  |        0|      0|  0|  104|    0|
    |tmp_11_galois_multiplicatio_fu_62   |galois_multiplicatio  |        0|      0|  0|  104|    0|
    |tmp_12_galois_multiplicatio_fu_70   |galois_multiplicatio  |        0|      0|  0|  104|    0|
    |tmp_13_galois_multiplicatio_fu_78   |galois_multiplicatio  |        0|      0|  0|  104|    0|
    |tmp_14_galois_multiplicatio_fu_86   |galois_multiplicatio  |        0|      0|  0|  104|    0|
    |tmp_15_galois_multiplicatio_fu_94   |galois_multiplicatio  |        0|      0|  0|  104|    0|
    |tmp_16_galois_multiplicatio_fu_102  |galois_multiplicatio  |        0|      0|  0|  104|    0|
    |tmp_17_galois_multiplicatio_fu_110  |galois_multiplicatio  |        0|      0|  0|  104|    0|
    |tmp_18_galois_multiplicatio_fu_118  |galois_multiplicatio  |        0|      0|  0|  104|    0|
    |tmp_19_galois_multiplicatio_fu_126  |galois_multiplicatio  |        0|      0|  0|  104|    0|
    |tmp_20_galois_multiplicatio_fu_134  |galois_multiplicatio  |        0|      0|  0|  104|    0|
    |tmp_21_galois_multiplicatio_fu_142  |galois_multiplicatio  |        0|      0|  0|  104|    0|
    |tmp_22_galois_multiplicatio_fu_150  |galois_multiplicatio  |        0|      0|  0|  104|    0|
    |tmp_23_galois_multiplicatio_fu_158  |galois_multiplicatio  |        0|      0|  0|  104|    0|
    |tmp_24_galois_multiplicatio_fu_166  |galois_multiplicatio  |        0|      0|  0|  104|    0|
    +------------------------------------+----------------------+---------+-------+---+-----+-----+
    |Total                               |                      |        0|      0|  0| 1664|    0|
    +------------------------------------+----------------------+---------+-------+---+-----+-----+

    * DSP48E: 
    N/A

    * Memory: 
    N/A

    * FIFO: 
    N/A

    * Expression: 
    +-----------------------+----------+-------+---+----+------------+------------+
    |     Variable Name     | Operation| DSP48E| FF| LUT| Bitwidth P0| Bitwidth P1|
    +-----------------------+----------+-------+---+----+------------+------------+
    |xor_ln401_1_fu_174_p2  |    xor   |      0|  0|   8|           8|           8|
    |xor_ln401_2_fu_180_p2  |    xor   |      0|  0|   8|           8|           8|
    |xor_ln401_fu_186_p2    |    xor   |      0|  0|   8|           8|           8|
    |xor_ln405_1_fu_192_p2  |    xor   |      0|  0|   8|           8|           8|
    |xor_ln405_2_fu_198_p2  |    xor   |      0|  0|   8|           8|           8|
    |xor_ln405_fu_204_p2    |    xor   |      0|  0|   8|           8|           8|
    |xor_ln409_1_fu_210_p2  |    xor   |      0|  0|   8|           8|           8|
    |xor_ln409_2_fu_216_p2  |    xor   |      0|  0|   8|           8|           8|
    |xor_ln409_fu_222_p2    |    xor   |      0|  0|   8|           8|           8|
    |xor_ln413_1_fu_228_p2  |    xor   |      0|  0|   8|           8|           8|
    |xor_ln413_2_fu_234_p2  |    xor   |      0|  0|   8|           8|           8|
    |xor_ln413_fu_240_p2    |    xor   |      0|  0|   8|           8|           8|
    +-----------------------+----------+-------+---+----+------------+------------+
    |Total                  |          |      0|  0|  96|          96|          96|
    +-----------------------+----------+-------+---+----+------------+------------+

    * Multiplexer: 
    N/A

    * Register: 
    N/A



================================================================
== Interface
================================================================
* Summary: 
+---------------+-----+-----+------------+---------------+--------------+
|   RTL Ports   | Dir | Bits|  Protocol  | Source Object |    C Type    |
+---------------+-----+-----+------------+---------------+--------------+
|ap_ready       | out |    1| ap_ctrl_hs |  invMixColumn | return value |
|ap_return_0    | out |    8| ap_ctrl_hs |  invMixColumn | return value |
|ap_return_1    | out |    8| ap_ctrl_hs |  invMixColumn | return value |
|ap_return_2    | out |    8| ap_ctrl_hs |  invMixColumn | return value |
|ap_return_3    | out |    8| ap_ctrl_hs |  invMixColumn | return value |
|column_0_read  |  in |    8|   ap_none  | column_0_read |    scalar    |
|column_1_read  |  in |    8|   ap_none  | column_1_read |    scalar    |
|column_2_read  |  in |    8|   ap_none  | column_2_read |    scalar    |
|column_3_read  |  in |    8|   ap_none  | column_3_read |    scalar    |
+---------------+-----+-----+------------+---------------+--------------+

