

================================================================
== Vivado HLS Report for 'aes_invRound'
================================================================
* Date:           Tue Nov 19 21:05:41 2024

* Version:        2019.2 (Build 2704478 on Wed Nov 06 22:10:23 MST 2019)
* Project:        decrypt.prj
* Solution:       solution1
* Product family: zynq
* Target device:  xc7z020-clg484-1


================================================================
== Performance Estimates
================================================================
+ Timing: 
    * Summary: 
    +--------+----------+----------+------------+
    |  Clock |  Target  | Estimated| Uncertainty|
    +--------+----------+----------+------------+
    |ap_clk  | 10.00 ns | 5.634 ns |   1.25 ns  |
    +--------+----------+----------+------------+

+ Latency: 
    * Summary: 
    +---------+---------+----------+----------+-----+-----+---------+
    |  Latency (cycles) |  Latency (absolute) |  Interval | Pipeline|
    |   min   |   max   |    min   |    max   | min | max |   Type  |
    +---------+---------+----------+----------+-----+-----+---------+
    |      233|      233| 2.330 us | 2.330 us |  233|  233|   none  |
    +---------+---------+----------+----------+-----+-----+---------+

    + Detail: 
        * Instance: 
        N/A

        * Loop: 
        +----------+---------+---------+----------+-----------+-----------+------+----------+
        |          |  Latency (cycles) | Iteration|  Initiation Interval  | Trip |          |
        | Loop Name|   min   |   max   |  Latency |  achieved |   target  | Count| Pipelined|
        +----------+---------+---------+----------+-----------+-----------+------+----------+
        |- Loop 1  |       48|       48|         3|          -|          -|    16|    no    |
        |- Loop 2  |       32|       32|         2|          -|          -|    16|    no    |
        +----------+---------+---------+----------+-----------+-----------+------+----------+

============================================================
+ Verbose Summary: Synthesis Manager
============================================================
InlineROM: 1
ExposeGlobal: 0
============================================================
+ Verbose Summary: CDFG Model
============================================================
IsTopModel: 0
ResetActiveHigh: 1
IsCombinational: 0
IsDatapathOnly: 0
HasWiredReturn: 1
HasMFsm: 0
HasVarLatency: 1
IsPipeline: 0
IsRtlPipelined: 0
IsInstanceOverlapped: 0
IsDontTouch: 0
HasImplIP: 0
IsGatedGlobalClock: 0


============================================================
+ Verbose Summary: Schedule
============================================================
* Number of FSM states : 16
* Pipeline : 0
* Dataflow Pipeline: 0

* FSM state transitions: 
1 --> 2 
2 --> 3 
3 --> 4 
4 --> 5 
5 --> 6 
6 --> 7 
7 --> 8 
8 --> 9 
9 --> 10 
10 --> 11 
11 --> 12 14 
12 --> 13 
13 --> 11 
14 --> 15 16 
15 --> 14 
16 --> 

* FSM state operations: 

State 1 <SV = 0> <Delay = 2.32>
ST_1 : Operation 17 [1/1] (0.00ns)   --->   "%state_addr = getelementptr [16 x i8]* %state, i64 0, i64 7" [helper.cpp:332->decrypt.cpp:18]   --->   Operation 17 'getelementptr' 'state_addr' <Predicate = true> <Delay = 0.00>
ST_1 : Operation 18 [2/2] (2.32ns)   --->   "%tmp = load i8* %state_addr, align 1" [helper.cpp:332->decrypt.cpp:18]   --->   Operation 18 'load' 'tmp' <Predicate = true> <Delay = 2.32> <Core = "RAM">   --->   Core 37 'RAM' <Latency = 1> <II = 1> <Delay = 2.32> <Storage> <Opcode : 'load' 'store'> <Ports = 2> <Width = 8> <Depth = 16> <RAM>
ST_1 : Operation 19 [1/1] (0.00ns)   --->   "%state_addr_2 = getelementptr [16 x i8]* %state, i64 0, i64 6" [helper.cpp:333->decrypt.cpp:18]   --->   Operation 19 'getelementptr' 'state_addr_2' <Predicate = true> <Delay = 0.00>
ST_1 : Operation 20 [2/2] (2.32ns)   --->   "%state_load = load i8* %state_addr_2, align 1" [helper.cpp:333->decrypt.cpp:18]   --->   Operation 20 'load' 'state_load' <Predicate = true> <Delay = 2.32> <Core = "RAM">   --->   Core 37 'RAM' <Latency = 1> <II = 1> <Delay = 2.32> <Storage> <Opcode : 'load' 'store'> <Ports = 2> <Width = 8> <Depth = 16> <RAM>

State 2 <SV = 1> <Delay = 4.64>
ST_2 : Operation 21 [1/2] (2.32ns)   --->   "%tmp = load i8* %state_addr, align 1" [helper.cpp:332->decrypt.cpp:18]   --->   Operation 21 'load' 'tmp' <Predicate = true> <Delay = 2.32> <Core = "RAM">   --->   Core 37 'RAM' <Latency = 1> <II = 1> <Delay = 2.32> <Storage> <Opcode : 'load' 'store'> <Ports = 2> <Width = 8> <Depth = 16> <RAM>
ST_2 : Operation 22 [1/2] (2.32ns)   --->   "%state_load = load i8* %state_addr_2, align 1" [helper.cpp:333->decrypt.cpp:18]   --->   Operation 22 'load' 'state_load' <Predicate = true> <Delay = 2.32> <Core = "RAM">   --->   Core 37 'RAM' <Latency = 1> <II = 1> <Delay = 2.32> <Storage> <Opcode : 'load' 'store'> <Ports = 2> <Width = 8> <Depth = 16> <RAM>
ST_2 : Operation 23 [1/1] (0.00ns)   --->   "%state_addr_3 = getelementptr [16 x i8]* %state, i64 0, i64 5" [helper.cpp:334->decrypt.cpp:18]   --->   Operation 23 'getelementptr' 'state_addr_3' <Predicate = true> <Delay = 0.00>
ST_2 : Operation 24 [2/2] (2.32ns)   --->   "%state_load_1 = load i8* %state_addr_3, align 1" [helper.cpp:334->decrypt.cpp:18]   --->   Operation 24 'load' 'state_load_1' <Predicate = true> <Delay = 2.32> <Core = "RAM">   --->   Core 37 'RAM' <Latency = 1> <II = 1> <Delay = 2.32> <Storage> <Opcode : 'load' 'store'> <Ports = 2> <Width = 8> <Depth = 16> <RAM>
ST_2 : Operation 25 [1/1] (0.00ns)   --->   "%state_addr_4 = getelementptr [16 x i8]* %state, i64 0, i64 4" [helper.cpp:335->decrypt.cpp:18]   --->   Operation 25 'getelementptr' 'state_addr_4' <Predicate = true> <Delay = 0.00>
ST_2 : Operation 26 [2/2] (2.32ns)   --->   "%state_load_2 = load i8* %state_addr_4, align 1" [helper.cpp:335->decrypt.cpp:18]   --->   Operation 26 'load' 'state_load_2' <Predicate = true> <Delay = 2.32> <Core = "RAM">   --->   Core 37 'RAM' <Latency = 1> <II = 1> <Delay = 2.32> <Storage> <Opcode : 'load' 'store'> <Ports = 2> <Width = 8> <Depth = 16> <RAM>
ST_2 : Operation 27 [1/1] (2.32ns)   --->   "store i8 %tmp, i8* %state_addr_4, align 1" [helper.cpp:336->decrypt.cpp:18]   --->   Operation 27 'store' <Predicate = true> <Delay = 2.32> <Core = "RAM">   --->   Core 37 'RAM' <Latency = 1> <II = 1> <Delay = 2.32> <Storage> <Opcode : 'load' 'store'> <Ports = 2> <Width = 8> <Depth = 16> <RAM>

State 3 <SV = 2> <Delay = 2.32>
ST_3 : Operation 28 [1/2] (2.32ns)   --->   "%state_load_1 = load i8* %state_addr_3, align 1" [helper.cpp:334->decrypt.cpp:18]   --->   Operation 28 'load' 'state_load_1' <Predicate = true> <Delay = 2.32> <Core = "RAM">   --->   Core 37 'RAM' <Latency = 1> <II = 1> <Delay = 2.32> <Storage> <Opcode : 'load' 'store'> <Ports = 2> <Width = 8> <Depth = 16> <RAM>
ST_3 : Operation 29 [1/2] (2.32ns)   --->   "%state_load_2 = load i8* %state_addr_4, align 1" [helper.cpp:335->decrypt.cpp:18]   --->   Operation 29 'load' 'state_load_2' <Predicate = true> <Delay = 2.32> <Core = "RAM">   --->   Core 37 'RAM' <Latency = 1> <II = 1> <Delay = 2.32> <Storage> <Opcode : 'load' 'store'> <Ports = 2> <Width = 8> <Depth = 16> <RAM>
ST_3 : Operation 30 [1/1] (0.00ns)   --->   "%state_addr_5 = getelementptr [16 x i8]* %state, i64 0, i64 11" [helper.cpp:341->decrypt.cpp:18]   --->   Operation 30 'getelementptr' 'state_addr_5' <Predicate = true> <Delay = 0.00>
ST_3 : Operation 31 [2/2] (2.32ns)   --->   "%tmp_1 = load i8* %state_addr_5, align 1" [helper.cpp:341->decrypt.cpp:18]   --->   Operation 31 'load' 'tmp_1' <Predicate = true> <Delay = 2.32> <Core = "RAM">   --->   Core 37 'RAM' <Latency = 1> <II = 1> <Delay = 2.32> <Storage> <Opcode : 'load' 'store'> <Ports = 2> <Width = 8> <Depth = 16> <RAM>
ST_3 : Operation 32 [1/1] (0.00ns)   --->   "%state_addr_6 = getelementptr [16 x i8]* %state, i64 0, i64 10" [helper.cpp:342->decrypt.cpp:18]   --->   Operation 32 'getelementptr' 'state_addr_6' <Predicate = true> <Delay = 0.00>
ST_3 : Operation 33 [2/2] (2.32ns)   --->   "%tmp_2 = load i8* %state_addr_6, align 1" [helper.cpp:342->decrypt.cpp:18]   --->   Operation 33 'load' 'tmp_2' <Predicate = true> <Delay = 2.32> <Core = "RAM">   --->   Core 37 'RAM' <Latency = 1> <II = 1> <Delay = 2.32> <Storage> <Opcode : 'load' 'store'> <Ports = 2> <Width = 8> <Depth = 16> <RAM>

State 4 <SV = 3> <Delay = 4.64>
ST_4 : Operation 34 [1/2] (2.32ns)   --->   "%tmp_1 = load i8* %state_addr_5, align 1" [helper.cpp:341->decrypt.cpp:18]   --->   Operation 34 'load' 'tmp_1' <Predicate = true> <Delay = 2.32> <Core = "RAM">   --->   Core 37 'RAM' <Latency = 1> <II = 1> <Delay = 2.32> <Storage> <Opcode : 'load' 'store'> <Ports = 2> <Width = 8> <Depth = 16> <RAM>
ST_4 : Operation 35 [1/2] (2.32ns)   --->   "%tmp_2 = load i8* %state_addr_6, align 1" [helper.cpp:342->decrypt.cpp:18]   --->   Operation 35 'load' 'tmp_2' <Predicate = true> <Delay = 2.32> <Core = "RAM">   --->   Core 37 'RAM' <Latency = 1> <II = 1> <Delay = 2.32> <Storage> <Opcode : 'load' 'store'> <Ports = 2> <Width = 8> <Depth = 16> <RAM>
ST_4 : Operation 36 [1/1] (0.00ns)   --->   "%state_addr_7 = getelementptr [16 x i8]* %state, i64 0, i64 9" [helper.cpp:343->decrypt.cpp:18]   --->   Operation 36 'getelementptr' 'state_addr_7' <Predicate = true> <Delay = 0.00>
ST_4 : Operation 37 [2/2] (2.32ns)   --->   "%state_load_5 = load i8* %state_addr_7, align 1" [helper.cpp:343->decrypt.cpp:18]   --->   Operation 37 'load' 'state_load_5' <Predicate = true> <Delay = 2.32> <Core = "RAM">   --->   Core 37 'RAM' <Latency = 1> <II = 1> <Delay = 2.32> <Storage> <Opcode : 'load' 'store'> <Ports = 2> <Width = 8> <Depth = 16> <RAM>
ST_4 : Operation 38 [1/1] (0.00ns)   --->   "%state_addr_8 = getelementptr [16 x i8]* %state, i64 0, i64 8" [helper.cpp:344->decrypt.cpp:18]   --->   Operation 38 'getelementptr' 'state_addr_8' <Predicate = true> <Delay = 0.00>
ST_4 : Operation 39 [2/2] (2.32ns)   --->   "%state_load_6 = load i8* %state_addr_8, align 1" [helper.cpp:344->decrypt.cpp:18]   --->   Operation 39 'load' 'state_load_6' <Predicate = true> <Delay = 2.32> <Core = "RAM">   --->   Core 37 'RAM' <Latency = 1> <II = 1> <Delay = 2.32> <Storage> <Opcode : 'load' 'store'> <Ports = 2> <Width = 8> <Depth = 16> <RAM>
ST_4 : Operation 40 [1/1] (2.32ns)   --->   "store i8 %tmp_1, i8* %state_addr_7, align 1" [helper.cpp:350->decrypt.cpp:18]   --->   Operation 40 'store' <Predicate = true> <Delay = 2.32> <Core = "RAM">   --->   Core 37 'RAM' <Latency = 1> <II = 1> <Delay = 2.32> <Storage> <Opcode : 'load' 'store'> <Ports = 2> <Width = 8> <Depth = 16> <RAM>
ST_4 : Operation 41 [1/1] (2.32ns)   --->   "store i8 %tmp_2, i8* %state_addr_8, align 1" [helper.cpp:351->decrypt.cpp:18]   --->   Operation 41 'store' <Predicate = true> <Delay = 2.32> <Core = "RAM">   --->   Core 37 'RAM' <Latency = 1> <II = 1> <Delay = 2.32> <Storage> <Opcode : 'load' 'store'> <Ports = 2> <Width = 8> <Depth = 16> <RAM>

State 5 <SV = 4> <Delay = 2.32>
ST_5 : Operation 42 [1/2] (2.32ns)   --->   "%state_load_5 = load i8* %state_addr_7, align 1" [helper.cpp:343->decrypt.cpp:18]   --->   Operation 42 'load' 'state_load_5' <Predicate = true> <Delay = 2.32> <Core = "RAM">   --->   Core 37 'RAM' <Latency = 1> <II = 1> <Delay = 2.32> <Storage> <Opcode : 'load' 'store'> <Ports = 2> <Width = 8> <Depth = 16> <RAM>
ST_5 : Operation 43 [1/2] (2.32ns)   --->   "%state_load_6 = load i8* %state_addr_8, align 1" [helper.cpp:344->decrypt.cpp:18]   --->   Operation 43 'load' 'state_load_6' <Predicate = true> <Delay = 2.32> <Core = "RAM">   --->   Core 37 'RAM' <Latency = 1> <II = 1> <Delay = 2.32> <Storage> <Opcode : 'load' 'store'> <Ports = 2> <Width = 8> <Depth = 16> <RAM>
ST_5 : Operation 44 [1/1] (0.00ns)   --->   "%state_addr_9 = getelementptr [16 x i8]* %state, i64 0, i64 15" [helper.cpp:356->decrypt.cpp:18]   --->   Operation 44 'getelementptr' 'state_addr_9' <Predicate = true> <Delay = 0.00>
ST_5 : Operation 45 [2/2] (2.32ns)   --->   "%tmp_3 = load i8* %state_addr_9, align 1" [helper.cpp:356->decrypt.cpp:18]   --->   Operation 45 'load' 'tmp_3' <Predicate = true> <Delay = 2.32> <Core = "RAM">   --->   Core 37 'RAM' <Latency = 1> <II = 1> <Delay = 2.32> <Storage> <Opcode : 'load' 'store'> <Ports = 2> <Width = 8> <Depth = 16> <RAM>
ST_5 : Operation 46 [1/1] (0.00ns)   --->   "%state_addr_10 = getelementptr [16 x i8]* %state, i64 0, i64 14" [helper.cpp:357->decrypt.cpp:18]   --->   Operation 46 'getelementptr' 'state_addr_10' <Predicate = true> <Delay = 0.00>
ST_5 : Operation 47 [2/2] (2.32ns)   --->   "%tmp_4 = load i8* %state_addr_10, align 1" [helper.cpp:357->decrypt.cpp:18]   --->   Operation 47 'load' 'tmp_4' <Predicate = true> <Delay = 2.32> <Core = "RAM">   --->   Core 37 'RAM' <Latency = 1> <II = 1> <Delay = 2.32> <Storage> <Opcode : 'load' 'store'> <Ports = 2> <Width = 8> <Depth = 16> <RAM>

State 6 <SV = 5> <Delay = 4.64>
ST_6 : Operation 48 [1/2] (2.32ns)   --->   "%tmp_3 = load i8* %state_addr_9, align 1" [helper.cpp:356->decrypt.cpp:18]   --->   Operation 48 'load' 'tmp_3' <Predicate = true> <Delay = 2.32> <Core = "RAM">   --->   Core 37 'RAM' <Latency = 1> <II = 1> <Delay = 2.32> <Storage> <Opcode : 'load' 'store'> <Ports = 2> <Width = 8> <Depth = 16> <RAM>
ST_6 : Operation 49 [1/2] (2.32ns)   --->   "%tmp_4 = load i8* %state_addr_10, align 1" [helper.cpp:357->decrypt.cpp:18]   --->   Operation 49 'load' 'tmp_4' <Predicate = true> <Delay = 2.32> <Core = "RAM">   --->   Core 37 'RAM' <Latency = 1> <II = 1> <Delay = 2.32> <Storage> <Opcode : 'load' 'store'> <Ports = 2> <Width = 8> <Depth = 16> <RAM>
ST_6 : Operation 50 [1/1] (0.00ns)   --->   "%state_addr_11 = getelementptr [16 x i8]* %state, i64 0, i64 13" [helper.cpp:358->decrypt.cpp:18]   --->   Operation 50 'getelementptr' 'state_addr_11' <Predicate = true> <Delay = 0.00>
ST_6 : Operation 51 [2/2] (2.32ns)   --->   "%tmp_5 = load i8* %state_addr_11, align 1" [helper.cpp:358->decrypt.cpp:18]   --->   Operation 51 'load' 'tmp_5' <Predicate = true> <Delay = 2.32> <Core = "RAM">   --->   Core 37 'RAM' <Latency = 1> <II = 1> <Delay = 2.32> <Storage> <Opcode : 'load' 'store'> <Ports = 2> <Width = 8> <Depth = 16> <RAM>
ST_6 : Operation 52 [1/1] (0.00ns)   --->   "%state_addr_12 = getelementptr [16 x i8]* %state, i64 0, i64 12" [helper.cpp:359->decrypt.cpp:18]   --->   Operation 52 'getelementptr' 'state_addr_12' <Predicate = true> <Delay = 0.00>
ST_6 : Operation 53 [2/2] (2.32ns)   --->   "%state_load_10 = load i8* %state_addr_12, align 1" [helper.cpp:359->decrypt.cpp:18]   --->   Operation 53 'load' 'state_load_10' <Predicate = true> <Delay = 2.32> <Core = "RAM">   --->   Core 37 'RAM' <Latency = 1> <II = 1> <Delay = 2.32> <Storage> <Opcode : 'load' 'store'> <Ports = 2> <Width = 8> <Depth = 16> <RAM>
ST_6 : Operation 54 [1/1] (2.32ns)   --->   "store i8 %tmp_4, i8* %state_addr_11, align 1" [helper.cpp:371->decrypt.cpp:18]   --->   Operation 54 'store' <Predicate = true> <Delay = 2.32> <Core = "RAM">   --->   Core 37 'RAM' <Latency = 1> <II = 1> <Delay = 2.32> <Storage> <Opcode : 'load' 'store'> <Ports = 2> <Width = 8> <Depth = 16> <RAM>

State 7 <SV = 6> <Delay = 2.32>
ST_7 : Operation 55 [1/1] (2.32ns)   --->   "store i8 %state_load, i8* %state_addr, align 1" [helper.cpp:333->decrypt.cpp:18]   --->   Operation 55 'store' <Predicate = true> <Delay = 2.32> <Core = "RAM">   --->   Core 37 'RAM' <Latency = 1> <II = 1> <Delay = 2.32> <Storage> <Opcode : 'load' 'store'> <Ports = 2> <Width = 8> <Depth = 16> <RAM>
ST_7 : Operation 56 [1/1] (2.32ns)   --->   "store i8 %state_load_1, i8* %state_addr_2, align 1" [helper.cpp:334->decrypt.cpp:18]   --->   Operation 56 'store' <Predicate = true> <Delay = 2.32> <Core = "RAM">   --->   Core 37 'RAM' <Latency = 1> <II = 1> <Delay = 2.32> <Storage> <Opcode : 'load' 'store'> <Ports = 2> <Width = 8> <Depth = 16> <RAM>
ST_7 : Operation 57 [1/2] (2.32ns)   --->   "%tmp_5 = load i8* %state_addr_11, align 1" [helper.cpp:358->decrypt.cpp:18]   --->   Operation 57 'load' 'tmp_5' <Predicate = true> <Delay = 2.32> <Core = "RAM">   --->   Core 37 'RAM' <Latency = 1> <II = 1> <Delay = 2.32> <Storage> <Opcode : 'load' 'store'> <Ports = 2> <Width = 8> <Depth = 16> <RAM>
ST_7 : Operation 58 [1/2] (2.32ns)   --->   "%state_load_10 = load i8* %state_addr_12, align 1" [helper.cpp:359->decrypt.cpp:18]   --->   Operation 58 'load' 'state_load_10' <Predicate = true> <Delay = 2.32> <Core = "RAM">   --->   Core 37 'RAM' <Latency = 1> <II = 1> <Delay = 2.32> <Storage> <Opcode : 'load' 'store'> <Ports = 2> <Width = 8> <Depth = 16> <RAM>

State 8 <SV = 7> <Delay = 2.32>
ST_8 : Operation 59 [1/1] (2.32ns)   --->   "store i8 %state_load_2, i8* %state_addr_3, align 1" [helper.cpp:335->decrypt.cpp:18]   --->   Operation 59 'store' <Predicate = true> <Delay = 2.32> <Core = "RAM">   --->   Core 37 'RAM' <Latency = 1> <II = 1> <Delay = 2.32> <Storage> <Opcode : 'load' 'store'> <Ports = 2> <Width = 8> <Depth = 16> <RAM>
ST_8 : Operation 60 [1/1] (2.32ns)   --->   "store i8 %state_load_5, i8* %state_addr_5, align 1" [helper.cpp:348->decrypt.cpp:18]   --->   Operation 60 'store' <Predicate = true> <Delay = 2.32> <Core = "RAM">   --->   Core 37 'RAM' <Latency = 1> <II = 1> <Delay = 2.32> <Storage> <Opcode : 'load' 'store'> <Ports = 2> <Width = 8> <Depth = 16> <RAM>

State 9 <SV = 8> <Delay = 2.32>
ST_9 : Operation 61 [1/1] (2.32ns)   --->   "store i8 %state_load_6, i8* %state_addr_6, align 1" [helper.cpp:349->decrypt.cpp:18]   --->   Operation 61 'store' <Predicate = true> <Delay = 2.32> <Core = "RAM">   --->   Core 37 'RAM' <Latency = 1> <II = 1> <Delay = 2.32> <Storage> <Opcode : 'load' 'store'> <Ports = 2> <Width = 8> <Depth = 16> <RAM>
ST_9 : Operation 62 [1/1] (2.32ns)   --->   "store i8 %state_load_10, i8* %state_addr_9, align 1" [helper.cpp:369->decrypt.cpp:18]   --->   Operation 62 'store' <Predicate = true> <Delay = 2.32> <Core = "RAM">   --->   Core 37 'RAM' <Latency = 1> <II = 1> <Delay = 2.32> <Storage> <Opcode : 'load' 'store'> <Ports = 2> <Width = 8> <Depth = 16> <RAM>

State 10 <SV = 9> <Delay = 2.32>
ST_10 : Operation 63 [1/1] (2.32ns)   --->   "store i8 %tmp_3, i8* %state_addr_10, align 1" [helper.cpp:370->decrypt.cpp:18]   --->   Operation 63 'store' <Predicate = true> <Delay = 2.32> <Core = "RAM">   --->   Core 37 'RAM' <Latency = 1> <II = 1> <Delay = 2.32> <Storage> <Opcode : 'load' 'store'> <Ports = 2> <Width = 8> <Depth = 16> <RAM>
ST_10 : Operation 64 [1/1] (2.32ns)   --->   "store i8 %tmp_5, i8* %state_addr_12, align 1" [helper.cpp:372->decrypt.cpp:18]   --->   Operation 64 'store' <Predicate = true> <Delay = 2.32> <Core = "RAM">   --->   Core 37 'RAM' <Latency = 1> <II = 1> <Delay = 2.32> <Storage> <Opcode : 'load' 'store'> <Ports = 2> <Width = 8> <Depth = 16> <RAM>
ST_10 : Operation 65 [1/1] (1.76ns)   --->   "br label %1" [helper.cpp:315->decrypt.cpp:19]   --->   Operation 65 'br' <Predicate = true> <Delay = 1.76>

State 11 <SV = 10> <Delay = 2.32>
ST_11 : Operation 66 [1/1] (0.00ns)   --->   "%i_0_i = phi i5 [ 0, %0 ], [ %i, %2 ]"   --->   Operation 66 'phi' 'i_0_i' <Predicate = true> <Delay = 0.00>
ST_11 : Operation 67 [1/1] (1.36ns)   --->   "%icmp_ln315 = icmp eq i5 %i_0_i, -16" [helper.cpp:315->decrypt.cpp:19]   --->   Operation 67 'icmp' 'icmp_ln315' <Predicate = true> <Delay = 1.36> <Core = "Cmp">   --->   Core 25 'Cmp' <Latency = 0> <II = 1> <Delay = 1.36> <FuncUnit> <Opcode : 'icmp'> <InPorts = 2> <OutPorts = 1>
ST_11 : Operation 68 [1/1] (0.00ns)   --->   "%empty = call i32 (...)* @_ssdm_op_SpecLoopTripCount(i64 16, i64 16, i64 16)"   --->   Operation 68 'speclooptripcount' 'empty' <Predicate = true> <Delay = 0.00>
ST_11 : Operation 69 [1/1] (1.78ns)   --->   "%i = add i5 %i_0_i, 1" [helper.cpp:315->decrypt.cpp:19]   --->   Operation 69 'add' 'i' <Predicate = true> <Delay = 1.78> <Core = "AddSub">   --->   Core 14 'AddSub' <Latency = 0> <II = 1> <Delay = 1.78> <FuncUnit> <Opcode : 'add' 'sub'> <InPorts = 2> <OutPorts = 1>
ST_11 : Operation 70 [1/1] (0.00ns)   --->   "br i1 %icmp_ln315, label %invSubBytes.exit.preheader, label %2" [helper.cpp:315->decrypt.cpp:19]   --->   Operation 70 'br' <Predicate = true> <Delay = 0.00>
ST_11 : Operation 71 [1/1] (0.00ns)   --->   "%zext_ln317 = zext i5 %i_0_i to i64" [helper.cpp:317->decrypt.cpp:19]   --->   Operation 71 'zext' 'zext_ln317' <Predicate = (!icmp_ln315)> <Delay = 0.00>
ST_11 : Operation 72 [1/1] (0.00ns)   --->   "%state_addr_13 = getelementptr [16 x i8]* %state, i64 0, i64 %zext_ln317" [helper.cpp:317->decrypt.cpp:19]   --->   Operation 72 'getelementptr' 'state_addr_13' <Predicate = (!icmp_ln315)> <Delay = 0.00>
ST_11 : Operation 73 [2/2] (2.32ns)   --->   "%state_load_13 = load i8* %state_addr_13, align 1" [helper.cpp:317->decrypt.cpp:19]   --->   Operation 73 'load' 'state_load_13' <Predicate = (!icmp_ln315)> <Delay = 2.32> <Core = "RAM">   --->   Core 37 'RAM' <Latency = 1> <II = 1> <Delay = 2.32> <Storage> <Opcode : 'load' 'store'> <Ports = 2> <Width = 8> <Depth = 16> <RAM>
ST_11 : Operation 74 [1/1] (1.76ns)   --->   "br label %invSubBytes.exit" [helper.cpp:221->decrypt.cpp:20]   --->   Operation 74 'br' <Predicate = (icmp_ln315)> <Delay = 1.76>

State 12 <SV = 11> <Delay = 5.57>
ST_12 : Operation 75 [1/2] (2.32ns)   --->   "%state_load_13 = load i8* %state_addr_13, align 1" [helper.cpp:317->decrypt.cpp:19]   --->   Operation 75 'load' 'state_load_13' <Predicate = true> <Delay = 2.32> <Core = "RAM">   --->   Core 37 'RAM' <Latency = 1> <II = 1> <Delay = 2.32> <Storage> <Opcode : 'load' 'store'> <Ports = 2> <Width = 8> <Depth = 16> <RAM>
ST_12 : Operation 76 [1/1] (0.00ns)   --->   "%zext_ln48 = zext i8 %state_load_13 to i64" [helper.cpp:48->helper.cpp:317->decrypt.cpp:19]   --->   Operation 76 'zext' 'zext_ln48' <Predicate = true> <Delay = 0.00>
ST_12 : Operation 77 [1/1] (0.00ns)   --->   "%rsbox_addr = getelementptr inbounds [256 x i8]* @rsbox, i64 0, i64 %zext_ln48" [helper.cpp:48->helper.cpp:317->decrypt.cpp:19]   --->   Operation 77 'getelementptr' 'rsbox_addr' <Predicate = true> <Delay = 0.00>
ST_12 : Operation 78 [2/2] (3.25ns)   --->   "%rsbox_load = load i8* %rsbox_addr, align 1" [helper.cpp:48->helper.cpp:317->decrypt.cpp:19]   --->   Operation 78 'load' 'rsbox_load' <Predicate = true> <Delay = 3.25> <Core = "ROM_nP">   --->   Core 52 'ROM_nP' <Latency = 1> <II = 1> <Delay = 3.25> <Storage> <Opcode : 'load'> <Ports = 0> <Width = 8> <Depth = 256> <ROM>

State 13 <SV = 12> <Delay = 5.57>
ST_13 : Operation 79 [1/2] (3.25ns)   --->   "%rsbox_load = load i8* %rsbox_addr, align 1" [helper.cpp:48->helper.cpp:317->decrypt.cpp:19]   --->   Operation 79 'load' 'rsbox_load' <Predicate = true> <Delay = 3.25> <Core = "ROM_nP">   --->   Core 52 'ROM_nP' <Latency = 1> <II = 1> <Delay = 3.25> <Storage> <Opcode : 'load'> <Ports = 0> <Width = 8> <Depth = 256> <ROM>
ST_13 : Operation 80 [1/1] (2.32ns)   --->   "store i8 %rsbox_load, i8* %state_addr_13, align 1" [helper.cpp:317->decrypt.cpp:19]   --->   Operation 80 'store' <Predicate = true> <Delay = 2.32> <Core = "RAM">   --->   Core 37 'RAM' <Latency = 1> <II = 1> <Delay = 2.32> <Storage> <Opcode : 'load' 'store'> <Ports = 2> <Width = 8> <Depth = 16> <RAM>
ST_13 : Operation 81 [1/1] (0.00ns)   --->   "br label %1" [helper.cpp:315->decrypt.cpp:19]   --->   Operation 81 'br' <Predicate = true> <Delay = 0.00>

State 14 <SV = 11> <Delay = 2.32>
ST_14 : Operation 82 [1/1] (0.00ns)   --->   "%i_0_i4 = phi i5 [ %i_6, %3 ], [ 0, %invSubBytes.exit.preheader ]"   --->   Operation 82 'phi' 'i_0_i4' <Predicate = true> <Delay = 0.00>
ST_14 : Operation 83 [1/1] (1.36ns)   --->   "%icmp_ln221 = icmp eq i5 %i_0_i4, -16" [helper.cpp:221->decrypt.cpp:20]   --->   Operation 83 'icmp' 'icmp_ln221' <Predicate = true> <Delay = 1.36> <Core = "Cmp">   --->   Core 25 'Cmp' <Latency = 0> <II = 1> <Delay = 1.36> <FuncUnit> <Opcode : 'icmp'> <InPorts = 2> <OutPorts = 1>
ST_14 : Operation 84 [1/1] (0.00ns)   --->   "%empty_18 = call i32 (...)* @_ssdm_op_SpecLoopTripCount(i64 16, i64 16, i64 16)"   --->   Operation 84 'speclooptripcount' 'empty_18' <Predicate = true> <Delay = 0.00>
ST_14 : Operation 85 [1/1] (1.78ns)   --->   "%i_6 = add i5 %i_0_i4, 1" [helper.cpp:221->decrypt.cpp:20]   --->   Operation 85 'add' 'i_6' <Predicate = true> <Delay = 1.78> <Core = "AddSub">   --->   Core 14 'AddSub' <Latency = 0> <II = 1> <Delay = 1.78> <FuncUnit> <Opcode : 'add' 'sub'> <InPorts = 2> <OutPorts = 1>
ST_14 : Operation 86 [1/1] (0.00ns)   --->   "br i1 %icmp_ln221, label %addRoundKey.exit, label %3" [helper.cpp:221->decrypt.cpp:20]   --->   Operation 86 'br' <Predicate = true> <Delay = 0.00>
ST_14 : Operation 87 [1/1] (0.00ns)   --->   "%zext_ln222 = zext i5 %i_0_i4 to i64" [helper.cpp:222->decrypt.cpp:20]   --->   Operation 87 'zext' 'zext_ln222' <Predicate = (!icmp_ln221)> <Delay = 0.00>
ST_14 : Operation 88 [1/1] (0.00ns)   --->   "%state_addr_14 = getelementptr [16 x i8]* %state, i64 0, i64 %zext_ln222" [helper.cpp:222->decrypt.cpp:20]   --->   Operation 88 'getelementptr' 'state_addr_14' <Predicate = (!icmp_ln221)> <Delay = 0.00>
ST_14 : Operation 89 [2/2] (2.32ns)   --->   "%state_load_12 = load i8* %state_addr_14, align 1" [helper.cpp:222->decrypt.cpp:20]   --->   Operation 89 'load' 'state_load_12' <Predicate = (!icmp_ln221)> <Delay = 2.32> <Core = "RAM">   --->   Core 37 'RAM' <Latency = 1> <II = 1> <Delay = 2.32> <Storage> <Opcode : 'load' 'store'> <Ports = 2> <Width = 8> <Depth = 16> <RAM>
ST_14 : Operation 90 [1/1] (0.00ns)   --->   "%roundKey_addr = getelementptr [16 x i8]* %roundKey, i64 0, i64 %zext_ln222" [helper.cpp:222->decrypt.cpp:20]   --->   Operation 90 'getelementptr' 'roundKey_addr' <Predicate = (!icmp_ln221)> <Delay = 0.00>
ST_14 : Operation 91 [2/2] (2.32ns)   --->   "%roundKey_load = load i8* %roundKey_addr, align 1" [helper.cpp:222->decrypt.cpp:20]   --->   Operation 91 'load' 'roundKey_load' <Predicate = (!icmp_ln221)> <Delay = 2.32> <Core = "RAM">   --->   Core 37 'RAM' <Latency = 1> <II = 1> <Delay = 2.32> <Storage> <Opcode : 'load' 'store'> <Ports = 2> <Width = 8> <Depth = 16> <RAM>
ST_14 : Operation 92 [2/2] (0.00ns)   --->   "call fastcc void @invMixColumns([16 x i8]* %state)" [decrypt.cpp:21]   --->   Operation 92 'call' <Predicate = (icmp_ln221)> <Delay = 0.00> <CoreType = "Generic">   --->   Core 0 '' <Latency = 0> <II = 1> <Delay = 1.00> <Generic> <Opcode : >

State 15 <SV = 12> <Delay = 5.63>
ST_15 : Operation 93 [1/2] (2.32ns)   --->   "%state_load_12 = load i8* %state_addr_14, align 1" [helper.cpp:222->decrypt.cpp:20]   --->   Operation 93 'load' 'state_load_12' <Predicate = true> <Delay = 2.32> <Core = "RAM">   --->   Core 37 'RAM' <Latency = 1> <II = 1> <Delay = 2.32> <Storage> <Opcode : 'load' 'store'> <Ports = 2> <Width = 8> <Depth = 16> <RAM>
ST_15 : Operation 94 [1/2] (2.32ns)   --->   "%roundKey_load = load i8* %roundKey_addr, align 1" [helper.cpp:222->decrypt.cpp:20]   --->   Operation 94 'load' 'roundKey_load' <Predicate = true> <Delay = 2.32> <Core = "RAM">   --->   Core 37 'RAM' <Latency = 1> <II = 1> <Delay = 2.32> <Storage> <Opcode : 'load' 'store'> <Ports = 2> <Width = 8> <Depth = 16> <RAM>
ST_15 : Operation 95 [1/1] (0.99ns)   --->   "%xor_ln222 = xor i8 %roundKey_load, %state_load_12" [helper.cpp:222->decrypt.cpp:20]   --->   Operation 95 'xor' 'xor_ln222' <Predicate = true> <Delay = 0.99> <Core = "LogicGate">   --->   Core 27 'LogicGate' <Latency = 0> <II = 1> <Delay = 0.99> <FuncUnit> <Opcode : 'and' 'or' 'xor'> <InPorts = 2> <OutPorts = 1>
ST_15 : Operation 96 [1/1] (2.32ns)   --->   "store i8 %xor_ln222, i8* %state_addr_14, align 1" [helper.cpp:222->decrypt.cpp:20]   --->   Operation 96 'store' <Predicate = true> <Delay = 2.32> <Core = "RAM">   --->   Core 37 'RAM' <Latency = 1> <II = 1> <Delay = 2.32> <Storage> <Opcode : 'load' 'store'> <Ports = 2> <Width = 8> <Depth = 16> <RAM>
ST_15 : Operation 97 [1/1] (0.00ns)   --->   "br label %invSubBytes.exit" [helper.cpp:221->decrypt.cpp:20]   --->   Operation 97 'br' <Predicate = true> <Delay = 0.00>

State 16 <SV = 12> <Delay = 0.00>
ST_16 : Operation 98 [1/2] (0.00ns)   --->   "call fastcc void @invMixColumns([16 x i8]* %state)" [decrypt.cpp:21]   --->   Operation 98 'call' <Predicate = true> <Delay = 0.00> <CoreType = "Generic">   --->   Core 0 '' <Latency = 0> <II = 1> <Delay = 1.00> <Generic> <Opcode : >
ST_16 : Operation 99 [1/1] (0.00ns)   --->   "ret void" [decrypt.cpp:22]   --->   Operation 99 'ret' <Predicate = true> <Delay = 0.00>


============================================================
+ Verbose Summary: Timing violations
============================================================
Target clock period: 10ns, clock uncertainty: 1.25ns.

 <State 1>: 2.32ns
The critical path consists of the following:
	'getelementptr' operation ('state_addr', helper.cpp:332->decrypt.cpp:18) [5]  (0 ns)
	'load' operation ('tmp', helper.cpp:332->decrypt.cpp:18) on array 'state' [6]  (2.32 ns)

 <State 2>: 4.64ns
The critical path consists of the following:
	'load' operation ('tmp', helper.cpp:332->decrypt.cpp:18) on array 'state' [6]  (2.32 ns)
	'store' operation ('store_ln336', helper.cpp:336->decrypt.cpp:18) of variable 'tmp', helper.cpp:332->decrypt.cpp:18 on array 'state' [16]  (2.32 ns)

 <State 3>: 2.32ns
The critical path consists of the following:
	'load' operation ('state_load_1', helper.cpp:334->decrypt.cpp:18) on array 'state' [11]  (2.32 ns)

 <State 4>: 4.64ns
The critical path consists of the following:
	'load' operation ('tmp', helper.cpp:341->decrypt.cpp:18) on array 'state' [18]  (2.32 ns)
	'store' operation ('store_ln350', helper.cpp:350->decrypt.cpp:18) of variable 'tmp', helper.cpp:341->decrypt.cpp:18 on array 'state' [27]  (2.32 ns)

 <State 5>: 2.32ns
The critical path consists of the following:
	'load' operation ('state_load_5', helper.cpp:343->decrypt.cpp:18) on array 'state' [22]  (2.32 ns)

 <State 6>: 4.64ns
The critical path consists of the following:
	'load' operation ('tmp', helper.cpp:357->decrypt.cpp:18) on array 'state' [32]  (2.32 ns)
	'store' operation ('store_ln371', helper.cpp:371->decrypt.cpp:18) of variable 'tmp', helper.cpp:357->decrypt.cpp:18 on array 'state' [39]  (2.32 ns)

 <State 7>: 2.32ns
The critical path consists of the following:
	'store' operation ('store_ln333', helper.cpp:333->decrypt.cpp:18) of variable 'state_load', helper.cpp:333->decrypt.cpp:18 on array 'state' [9]  (2.32 ns)

 <State 8>: 2.32ns
The critical path consists of the following:
	'store' operation ('store_ln335', helper.cpp:335->decrypt.cpp:18) of variable 'state_load_2', helper.cpp:335->decrypt.cpp:18 on array 'state' [15]  (2.32 ns)

 <State 9>: 2.32ns
The critical path consists of the following:
	'store' operation ('store_ln349', helper.cpp:349->decrypt.cpp:18) of variable 'state_load_6', helper.cpp:344->decrypt.cpp:18 on array 'state' [26]  (2.32 ns)

 <State 10>: 2.32ns
The critical path consists of the following:
	'store' operation ('store_ln370', helper.cpp:370->decrypt.cpp:18) of variable 'tmp', helper.cpp:356->decrypt.cpp:18 on array 'state' [38]  (2.32 ns)

 <State 11>: 2.32ns
The critical path consists of the following:
	'phi' operation ('i') with incoming values : ('i', helper.cpp:315->decrypt.cpp:19) [43]  (0 ns)
	'getelementptr' operation ('state_addr_13', helper.cpp:317->decrypt.cpp:19) [50]  (0 ns)
	'load' operation ('num', helper.cpp:317->decrypt.cpp:19) on array 'state' [51]  (2.32 ns)

 <State 12>: 5.58ns
The critical path consists of the following:
	'load' operation ('num', helper.cpp:317->decrypt.cpp:19) on array 'state' [51]  (2.32 ns)
	'getelementptr' operation ('rsbox_addr', helper.cpp:48->helper.cpp:317->decrypt.cpp:19) [53]  (0 ns)
	'load' operation ('rsbox_load', helper.cpp:48->helper.cpp:317->decrypt.cpp:19) on array 'rsbox' [54]  (3.25 ns)

 <State 13>: 5.58ns
The critical path consists of the following:
	'load' operation ('rsbox_load', helper.cpp:48->helper.cpp:317->decrypt.cpp:19) on array 'rsbox' [54]  (3.25 ns)
	'store' operation ('store_ln317', helper.cpp:317->decrypt.cpp:19) of variable 'rsbox_load', helper.cpp:48->helper.cpp:317->decrypt.cpp:19 on array 'state' [55]  (2.32 ns)

 <State 14>: 2.32ns
The critical path consists of the following:
	'phi' operation ('i') with incoming values : ('i', helper.cpp:221->decrypt.cpp:20) [60]  (0 ns)
	'getelementptr' operation ('state_addr_14', helper.cpp:222->decrypt.cpp:20) [67]  (0 ns)
	'load' operation ('state_load_12', helper.cpp:222->decrypt.cpp:20) on array 'state' [68]  (2.32 ns)

 <State 15>: 5.63ns
The critical path consists of the following:
	'load' operation ('state_load_12', helper.cpp:222->decrypt.cpp:20) on array 'state' [68]  (2.32 ns)
	'xor' operation ('xor_ln222', helper.cpp:222->decrypt.cpp:20) [71]  (0.99 ns)
	'store' operation ('store_ln222', helper.cpp:222->decrypt.cpp:20) of variable 'xor_ln222', helper.cpp:222->decrypt.cpp:20 on array 'state' [72]  (2.32 ns)

 <State 16>: 0ns
The critical path consists of the following:


============================================================
+ Verbose Summary: Binding
============================================================
N/A
* FSMD analyzer results:
  - Output states:
 - Input state : 
  - Chain level:
	State 1
	State 2
	State 3
	State 4
	State 5
	State 6
	State 7
	State 8
	State 9
	State 10
	State 11
	State 12
	State 13
	State 14
	State 15
	State 16


============================================================
+ Verbose Summary: Datapath Resource usage 
============================================================
N/A
