

================================================================
== Vivado HLS Report for 'aes_invMain'
================================================================
* Date:           Mon Nov 18 21:18:26 2024

* Version:        2019.2 (Build 2704478 on Wed Nov 06 22:10:23 MST 2019)
* Project:        decrypt.prj
* Solution:       solution1
* Product family: zynq
* Target device:  xc7z020-clg484-1


================================================================
== Performance Estimates
================================================================
+ Timing: 
    * Summary: 
    +--------+----------+----------+------------+
    |  Clock |  Target  | Estimated| Uncertainty|
    +--------+----------+----------+------------+
    |ap_clk  | 10.00 ns | 6.923 ns |   1.25 ns  |
    +--------+----------+----------+------------+

+ Latency: 
    * Summary: 
    +---------+---------+-----------+-----------+------+------+---------+
    |  Latency (cycles) |   Latency (absolute)  |   Interval  | Pipeline|
    |   min   |   max   |    min    |    max    |  min |  max |   Type  |
    +---------+---------+-----------+-----------+------+------+---------+
    |     2710|     2710| 27.100 us | 27.100 us |  2710|  2710|   none  |
    +---------+---------+-----------+-----------+------+------+---------+

    + Detail: 
        * Instance: 
        +---------------------------+----------------+---------+---------+----------+----------+-----+-----+---------+
        |                           |                |  Latency (cycles) |  Latency (absolute) |  Interval | Pipeline|
        |          Instance         |     Module     |   min   |   max   |    min   |    max   | min | max |   Type  |
        +---------------------------+----------------+---------+---------+----------+----------+-----+-----+---------+
        |grp_aes_invRound_fu_285    |aes_invRound    |      233|      233| 2.330 us | 2.330 us |  233|  233|   none  |
        |grp_createRoundKey_fu_294  |createRoundKey  |       41|       41| 0.410 us | 0.410 us |   41|   41|   none  |
        +---------------------------+----------------+---------+---------+----------+----------+-----+-----+---------+

        * Loop: 
        +----------+---------+---------+----------+-----------+-----------+------+----------+
        |          |  Latency (cycles) | Iteration|  Initiation Interval  | Trip |          |
        | Loop Name|   min   |   max   |  Latency |  achieved |   target  | Count| Pipelined|
        +----------+---------+---------+----------+-----------+-----------+------+----------+
        |- Loop 1  |       32|       32|         2|          -|          -|    16|    no    |
        |- Loop 2  |     2502|     2502|       278|          -|          -|     9|    no    |
        |- Loop 3  |       48|       48|         3|          -|          -|    16|    no    |
        |- Loop 4  |       32|       32|         2|          -|          -|    16|    no    |
        +----------+---------+---------+----------+-----------+-----------+------+----------+

============================================================
+ Verbose Summary: Synthesis Manager
============================================================
InlineROM: 1
ExposeGlobal: 0
============================================================
+ Verbose Summary: CDFG Model
============================================================
IsTopModel: 0
ResetActiveHigh: 1
IsCombinational: 0
IsDatapathOnly: 0
HasWiredReturn: 1
HasMFsm: 0
HasVarLatency: 1
IsPipeline: 0
IsRtlPipelined: 0
IsInstanceOverlapped: 0
IsDontTouch: 0
HasImplIP: 0
IsGatedGlobalClock: 0


============================================================
+ Verbose Summary: Schedule
============================================================
* Number of FSM states : 22
* Pipeline : 0
* Dataflow Pipeline: 0

* FSM state transitions: 
1 --> 2 
2 --> 3 
3 --> 4 5 
4 --> 3 
5 --> 6 9 
6 --> 7 
7 --> 8 
8 --> 5 
9 --> 10 
10 --> 11 
11 --> 12 
12 --> 13 
13 --> 14 
14 --> 15 
15 --> 16 
16 --> 17 
17 --> 18 
18 --> 19 21 
19 --> 20 
20 --> 18 
21 --> 22 
22 --> 21 

* FSM state operations: 

State 1 <SV = 0> <Delay = 4.13>
ST_1 : Operation 23 [1/1] (2.32ns)   --->   "%roundKey = alloca [16 x i8], align 16" [decrypt.cpp:28]   --->   Operation 23 'alloca' 'roundKey' <Predicate = true> <Delay = 2.32> <Core = "RAM">   --->   Core 37 'RAM' <Latency = 1> <II = 1> <Delay = 2.32> <Storage> <Opcode : 'load' 'store'> <Ports = 2> <Width = 8> <Depth = 16> <RAM>
ST_1 : Operation 24 [2/2] (1.81ns)   --->   "call fastcc void @createRoundKey([176 x i8]* %expandedKey, [16 x i8]* %roundKey, i9 160)" [decrypt.cpp:30]   --->   Operation 24 'call' <Predicate = true> <Delay = 1.81> <CoreType = "Generic">   --->   Core 0 '' <Latency = 0> <II = 1> <Delay = 1.00> <Generic> <Opcode : >

State 2 <SV = 1> <Delay = 1.76>
ST_2 : Operation 25 [1/2] (0.00ns)   --->   "call fastcc void @createRoundKey([176 x i8]* %expandedKey, [16 x i8]* %roundKey, i9 160)" [decrypt.cpp:30]   --->   Operation 25 'call' <Predicate = true> <Delay = 0.00> <CoreType = "Generic">   --->   Core 0 '' <Latency = 0> <II = 1> <Delay = 1.00> <Generic> <Opcode : >
ST_2 : Operation 26 [1/1] (1.76ns)   --->   "br label %1" [helper.cpp:221->decrypt.cpp:31]   --->   Operation 26 'br' <Predicate = true> <Delay = 1.76>

State 3 <SV = 2> <Delay = 2.32>
ST_3 : Operation 27 [1/1] (0.00ns)   --->   "%i_0_i = phi i5 [ 0, %0 ], [ %i_7, %2 ]"   --->   Operation 27 'phi' 'i_0_i' <Predicate = true> <Delay = 0.00>
ST_3 : Operation 28 [1/1] (1.36ns)   --->   "%icmp_ln221 = icmp eq i5 %i_0_i, -16" [helper.cpp:221->decrypt.cpp:31]   --->   Operation 28 'icmp' 'icmp_ln221' <Predicate = true> <Delay = 1.36> <Core = "Cmp">   --->   Core 25 'Cmp' <Latency = 0> <II = 1> <Delay = 1.36> <FuncUnit> <Opcode : 'icmp'> <InPorts = 2> <OutPorts = 1>
ST_3 : Operation 29 [1/1] (0.00ns)   --->   "%empty = call i32 (...)* @_ssdm_op_SpecLoopTripCount(i64 16, i64 16, i64 16)"   --->   Operation 29 'speclooptripcount' 'empty' <Predicate = true> <Delay = 0.00>
ST_3 : Operation 30 [1/1] (1.78ns)   --->   "%i_7 = add i5 %i_0_i, 1" [helper.cpp:221->decrypt.cpp:31]   --->   Operation 30 'add' 'i_7' <Predicate = true> <Delay = 1.78> <Core = "AddSub">   --->   Core 14 'AddSub' <Latency = 0> <II = 1> <Delay = 1.78> <FuncUnit> <Opcode : 'add' 'sub'> <InPorts = 2> <OutPorts = 1>
ST_3 : Operation 31 [1/1] (0.00ns)   --->   "br i1 %icmp_ln221, label %addRoundKey.exit.preheader, label %2" [helper.cpp:221->decrypt.cpp:31]   --->   Operation 31 'br' <Predicate = true> <Delay = 0.00>
ST_3 : Operation 32 [1/1] (0.00ns)   --->   "%zext_ln222 = zext i5 %i_0_i to i64" [helper.cpp:222->decrypt.cpp:31]   --->   Operation 32 'zext' 'zext_ln222' <Predicate = (!icmp_ln221)> <Delay = 0.00>
ST_3 : Operation 33 [1/1] (0.00ns)   --->   "%state_addr = getelementptr [16 x i8]* %state, i64 0, i64 %zext_ln222" [helper.cpp:222->decrypt.cpp:31]   --->   Operation 33 'getelementptr' 'state_addr' <Predicate = (!icmp_ln221)> <Delay = 0.00>
ST_3 : Operation 34 [2/2] (2.32ns)   --->   "%state_load = load i8* %state_addr, align 1" [helper.cpp:222->decrypt.cpp:31]   --->   Operation 34 'load' 'state_load' <Predicate = (!icmp_ln221)> <Delay = 2.32> <Core = "RAM">   --->   Core 37 'RAM' <Latency = 1> <II = 1> <Delay = 2.32> <Storage> <Opcode : 'load' 'store'> <Ports = 2> <Width = 8> <Depth = 16> <RAM>
ST_3 : Operation 35 [1/1] (0.00ns)   --->   "%roundKey_addr = getelementptr [16 x i8]* %roundKey, i64 0, i64 %zext_ln222" [helper.cpp:222->decrypt.cpp:31]   --->   Operation 35 'getelementptr' 'roundKey_addr' <Predicate = (!icmp_ln221)> <Delay = 0.00>
ST_3 : Operation 36 [2/2] (2.32ns)   --->   "%roundKey_load = load i8* %roundKey_addr, align 1" [helper.cpp:222->decrypt.cpp:31]   --->   Operation 36 'load' 'roundKey_load' <Predicate = (!icmp_ln221)> <Delay = 2.32> <Core = "RAM">   --->   Core 37 'RAM' <Latency = 1> <II = 1> <Delay = 2.32> <Storage> <Opcode : 'load' 'store'> <Ports = 2> <Width = 8> <Depth = 16> <RAM>
ST_3 : Operation 37 [1/1] (1.76ns)   --->   "br label %addRoundKey.exit" [decrypt.cpp:33]   --->   Operation 37 'br' <Predicate = (icmp_ln221)> <Delay = 1.76>

State 4 <SV = 3> <Delay = 5.63>
ST_4 : Operation 38 [1/2] (2.32ns)   --->   "%state_load = load i8* %state_addr, align 1" [helper.cpp:222->decrypt.cpp:31]   --->   Operation 38 'load' 'state_load' <Predicate = true> <Delay = 2.32> <Core = "RAM">   --->   Core 37 'RAM' <Latency = 1> <II = 1> <Delay = 2.32> <Storage> <Opcode : 'load' 'store'> <Ports = 2> <Width = 8> <Depth = 16> <RAM>
ST_4 : Operation 39 [1/2] (2.32ns)   --->   "%roundKey_load = load i8* %roundKey_addr, align 1" [helper.cpp:222->decrypt.cpp:31]   --->   Operation 39 'load' 'roundKey_load' <Predicate = true> <Delay = 2.32> <Core = "RAM">   --->   Core 37 'RAM' <Latency = 1> <II = 1> <Delay = 2.32> <Storage> <Opcode : 'load' 'store'> <Ports = 2> <Width = 8> <Depth = 16> <RAM>
ST_4 : Operation 40 [1/1] (0.99ns)   --->   "%xor_ln222 = xor i8 %roundKey_load, %state_load" [helper.cpp:222->decrypt.cpp:31]   --->   Operation 40 'xor' 'xor_ln222' <Predicate = true> <Delay = 0.99> <Core = "LogicGate">   --->   Core 27 'LogicGate' <Latency = 0> <II = 1> <Delay = 0.99> <FuncUnit> <Opcode : 'and' 'or' 'xor'> <InPorts = 2> <OutPorts = 1>
ST_4 : Operation 41 [1/1] (2.32ns)   --->   "store i8 %xor_ln222, i8* %state_addr, align 1" [helper.cpp:222->decrypt.cpp:31]   --->   Operation 41 'store' <Predicate = true> <Delay = 2.32> <Core = "RAM">   --->   Core 37 'RAM' <Latency = 1> <II = 1> <Delay = 2.32> <Storage> <Opcode : 'load' 'store'> <Ports = 2> <Width = 8> <Depth = 16> <RAM>
ST_4 : Operation 42 [1/1] (0.00ns)   --->   "br label %1" [helper.cpp:221->decrypt.cpp:31]   --->   Operation 42 'br' <Predicate = true> <Delay = 0.00>

State 5 <SV = 3> <Delay = 2.32>
ST_5 : Operation 43 [1/1] (0.00ns)   --->   "%i = phi i4 [ %add_ln33, %3 ], [ -7, %addRoundKey.exit.preheader ]" [decrypt.cpp:33]   --->   Operation 43 'phi' 'i' <Predicate = true> <Delay = 0.00>
ST_5 : Operation 44 [1/1] (1.30ns)   --->   "%icmp_ln33 = icmp eq i4 %i, 0" [decrypt.cpp:33]   --->   Operation 44 'icmp' 'icmp_ln33' <Predicate = true> <Delay = 1.30> <Core = "Cmp">   --->   Core 25 'Cmp' <Latency = 0> <II = 1> <Delay = 1.36> <FuncUnit> <Opcode : 'icmp'> <InPorts = 2> <OutPorts = 1>
ST_5 : Operation 45 [1/1] (0.00ns)   --->   "%empty_20 = call i32 (...)* @_ssdm_op_SpecLoopTripCount(i64 9, i64 9, i64 9)"   --->   Operation 45 'speclooptripcount' 'empty_20' <Predicate = true> <Delay = 0.00>
ST_5 : Operation 46 [1/1] (0.00ns)   --->   "br i1 %icmp_ln33, label %4, label %3" [decrypt.cpp:33]   --->   Operation 46 'br' <Predicate = true> <Delay = 0.00>
ST_5 : Operation 47 [1/1] (0.00ns)   --->   "%shl_ln = call i8 @_ssdm_op_BitConcatenate.i8.i4.i4(i4 %i, i4 0)" [decrypt.cpp:35]   --->   Operation 47 'bitconcatenate' 'shl_ln' <Predicate = (!icmp_ln33)> <Delay = 0.00>
ST_5 : Operation 48 [1/1] (0.00ns)   --->   "%zext_ln35 = zext i8 %shl_ln to i9" [decrypt.cpp:35]   --->   Operation 48 'zext' 'zext_ln35' <Predicate = (!icmp_ln33)> <Delay = 0.00>
ST_5 : Operation 49 [2/2] (1.81ns)   --->   "call fastcc void @createRoundKey([176 x i8]* %expandedKey, [16 x i8]* %roundKey, i9 %zext_ln35)" [decrypt.cpp:35]   --->   Operation 49 'call' <Predicate = (!icmp_ln33)> <Delay = 1.81> <CoreType = "Generic">   --->   Core 0 '' <Latency = 0> <II = 1> <Delay = 1.00> <Generic> <Opcode : >
ST_5 : Operation 50 [1/1] (1.73ns)   --->   "%add_ln33 = add i4 %i, -1" [decrypt.cpp:33]   --->   Operation 50 'add' 'add_ln33' <Predicate = (!icmp_ln33)> <Delay = 1.73> <Core = "AddSub">   --->   Core 14 'AddSub' <Latency = 0> <II = 1> <Delay = 1.78> <FuncUnit> <Opcode : 'add' 'sub'> <InPorts = 2> <OutPorts = 1>
ST_5 : Operation 51 [1/1] (0.00ns)   --->   "%state_addr_15 = getelementptr [16 x i8]* %state, i64 0, i64 7" [helper.cpp:332->decrypt.cpp:40]   --->   Operation 51 'getelementptr' 'state_addr_15' <Predicate = (icmp_ln33)> <Delay = 0.00>
ST_5 : Operation 52 [2/2] (2.32ns)   --->   "%tmp = load i8* %state_addr_15, align 1" [helper.cpp:332->decrypt.cpp:40]   --->   Operation 52 'load' 'tmp' <Predicate = (icmp_ln33)> <Delay = 2.32> <Core = "RAM">   --->   Core 37 'RAM' <Latency = 1> <II = 1> <Delay = 2.32> <Storage> <Opcode : 'load' 'store'> <Ports = 2> <Width = 8> <Depth = 16> <RAM>
ST_5 : Operation 53 [1/1] (0.00ns)   --->   "%state_addr_16 = getelementptr [16 x i8]* %state, i64 0, i64 6" [helper.cpp:333->decrypt.cpp:40]   --->   Operation 53 'getelementptr' 'state_addr_16' <Predicate = (icmp_ln33)> <Delay = 0.00>
ST_5 : Operation 54 [2/2] (2.32ns)   --->   "%state_load_14 = load i8* %state_addr_16, align 1" [helper.cpp:333->decrypt.cpp:40]   --->   Operation 54 'load' 'state_load_14' <Predicate = (icmp_ln33)> <Delay = 2.32> <Core = "RAM">   --->   Core 37 'RAM' <Latency = 1> <II = 1> <Delay = 2.32> <Storage> <Opcode : 'load' 'store'> <Ports = 2> <Width = 8> <Depth = 16> <RAM>

State 6 <SV = 4> <Delay = 0.00>
ST_6 : Operation 55 [1/2] (0.00ns)   --->   "call fastcc void @createRoundKey([176 x i8]* %expandedKey, [16 x i8]* %roundKey, i9 %zext_ln35)" [decrypt.cpp:35]   --->   Operation 55 'call' <Predicate = true> <Delay = 0.00> <CoreType = "Generic">   --->   Core 0 '' <Latency = 0> <II = 1> <Delay = 1.00> <Generic> <Opcode : >

State 7 <SV = 5> <Delay = 0.00>
ST_7 : Operation 56 [2/2] (0.00ns)   --->   "call fastcc void @aes_invRound([16 x i8]* %state, [16 x i8]* %roundKey)" [decrypt.cpp:36]   --->   Operation 56 'call' <Predicate = true> <Delay = 0.00> <CoreType = "Generic">   --->   Core 0 '' <Latency = 0> <II = 1> <Delay = 1.00> <Generic> <Opcode : >

State 8 <SV = 6> <Delay = 0.00>
ST_8 : Operation 57 [1/2] (0.00ns)   --->   "call fastcc void @aes_invRound([16 x i8]* %state, [16 x i8]* %roundKey)" [decrypt.cpp:36]   --->   Operation 57 'call' <Predicate = true> <Delay = 0.00> <CoreType = "Generic">   --->   Core 0 '' <Latency = 0> <II = 1> <Delay = 1.00> <Generic> <Opcode : >
ST_8 : Operation 58 [1/1] (0.00ns)   --->   "br label %addRoundKey.exit" [decrypt.cpp:33]   --->   Operation 58 'br' <Predicate = true> <Delay = 0.00>

State 9 <SV = 4> <Delay = 4.64>
ST_9 : Operation 59 [1/2] (2.32ns)   --->   "%tmp = load i8* %state_addr_15, align 1" [helper.cpp:332->decrypt.cpp:40]   --->   Operation 59 'load' 'tmp' <Predicate = true> <Delay = 2.32> <Core = "RAM">   --->   Core 37 'RAM' <Latency = 1> <II = 1> <Delay = 2.32> <Storage> <Opcode : 'load' 'store'> <Ports = 2> <Width = 8> <Depth = 16> <RAM>
ST_9 : Operation 60 [1/2] (2.32ns)   --->   "%state_load_14 = load i8* %state_addr_16, align 1" [helper.cpp:333->decrypt.cpp:40]   --->   Operation 60 'load' 'state_load_14' <Predicate = true> <Delay = 2.32> <Core = "RAM">   --->   Core 37 'RAM' <Latency = 1> <II = 1> <Delay = 2.32> <Storage> <Opcode : 'load' 'store'> <Ports = 2> <Width = 8> <Depth = 16> <RAM>
ST_9 : Operation 61 [1/1] (0.00ns)   --->   "%state_addr_17 = getelementptr [16 x i8]* %state, i64 0, i64 5" [helper.cpp:334->decrypt.cpp:40]   --->   Operation 61 'getelementptr' 'state_addr_17' <Predicate = true> <Delay = 0.00>
ST_9 : Operation 62 [2/2] (2.32ns)   --->   "%state_load_15 = load i8* %state_addr_17, align 1" [helper.cpp:334->decrypt.cpp:40]   --->   Operation 62 'load' 'state_load_15' <Predicate = true> <Delay = 2.32> <Core = "RAM">   --->   Core 37 'RAM' <Latency = 1> <II = 1> <Delay = 2.32> <Storage> <Opcode : 'load' 'store'> <Ports = 2> <Width = 8> <Depth = 16> <RAM>
ST_9 : Operation 63 [1/1] (0.00ns)   --->   "%state_addr_18 = getelementptr [16 x i8]* %state, i64 0, i64 4" [helper.cpp:335->decrypt.cpp:40]   --->   Operation 63 'getelementptr' 'state_addr_18' <Predicate = true> <Delay = 0.00>
ST_9 : Operation 64 [2/2] (2.32ns)   --->   "%state_load_16 = load i8* %state_addr_18, align 1" [helper.cpp:335->decrypt.cpp:40]   --->   Operation 64 'load' 'state_load_16' <Predicate = true> <Delay = 2.32> <Core = "RAM">   --->   Core 37 'RAM' <Latency = 1> <II = 1> <Delay = 2.32> <Storage> <Opcode : 'load' 'store'> <Ports = 2> <Width = 8> <Depth = 16> <RAM>
ST_9 : Operation 65 [1/1] (2.32ns)   --->   "store i8 %tmp, i8* %state_addr_18, align 1" [helper.cpp:336->decrypt.cpp:40]   --->   Operation 65 'store' <Predicate = true> <Delay = 2.32> <Core = "RAM">   --->   Core 37 'RAM' <Latency = 1> <II = 1> <Delay = 2.32> <Storage> <Opcode : 'load' 'store'> <Ports = 2> <Width = 8> <Depth = 16> <RAM>

State 10 <SV = 5> <Delay = 2.32>
ST_10 : Operation 66 [1/2] (2.32ns)   --->   "%state_load_15 = load i8* %state_addr_17, align 1" [helper.cpp:334->decrypt.cpp:40]   --->   Operation 66 'load' 'state_load_15' <Predicate = true> <Delay = 2.32> <Core = "RAM">   --->   Core 37 'RAM' <Latency = 1> <II = 1> <Delay = 2.32> <Storage> <Opcode : 'load' 'store'> <Ports = 2> <Width = 8> <Depth = 16> <RAM>
ST_10 : Operation 67 [1/2] (2.32ns)   --->   "%state_load_16 = load i8* %state_addr_18, align 1" [helper.cpp:335->decrypt.cpp:40]   --->   Operation 67 'load' 'state_load_16' <Predicate = true> <Delay = 2.32> <Core = "RAM">   --->   Core 37 'RAM' <Latency = 1> <II = 1> <Delay = 2.32> <Storage> <Opcode : 'load' 'store'> <Ports = 2> <Width = 8> <Depth = 16> <RAM>
ST_10 : Operation 68 [1/1] (0.00ns)   --->   "%state_addr_19 = getelementptr [16 x i8]* %state, i64 0, i64 11" [helper.cpp:341->decrypt.cpp:40]   --->   Operation 68 'getelementptr' 'state_addr_19' <Predicate = true> <Delay = 0.00>
ST_10 : Operation 69 [2/2] (2.32ns)   --->   "%tmp_6 = load i8* %state_addr_19, align 1" [helper.cpp:341->decrypt.cpp:40]   --->   Operation 69 'load' 'tmp_6' <Predicate = true> <Delay = 2.32> <Core = "RAM">   --->   Core 37 'RAM' <Latency = 1> <II = 1> <Delay = 2.32> <Storage> <Opcode : 'load' 'store'> <Ports = 2> <Width = 8> <Depth = 16> <RAM>
ST_10 : Operation 70 [1/1] (0.00ns)   --->   "%state_addr_20 = getelementptr [16 x i8]* %state, i64 0, i64 10" [helper.cpp:342->decrypt.cpp:40]   --->   Operation 70 'getelementptr' 'state_addr_20' <Predicate = true> <Delay = 0.00>
ST_10 : Operation 71 [2/2] (2.32ns)   --->   "%tmp_7 = load i8* %state_addr_20, align 1" [helper.cpp:342->decrypt.cpp:40]   --->   Operation 71 'load' 'tmp_7' <Predicate = true> <Delay = 2.32> <Core = "RAM">   --->   Core 37 'RAM' <Latency = 1> <II = 1> <Delay = 2.32> <Storage> <Opcode : 'load' 'store'> <Ports = 2> <Width = 8> <Depth = 16> <RAM>

State 11 <SV = 6> <Delay = 4.64>
ST_11 : Operation 72 [1/2] (2.32ns)   --->   "%tmp_6 = load i8* %state_addr_19, align 1" [helper.cpp:341->decrypt.cpp:40]   --->   Operation 72 'load' 'tmp_6' <Predicate = true> <Delay = 2.32> <Core = "RAM">   --->   Core 37 'RAM' <Latency = 1> <II = 1> <Delay = 2.32> <Storage> <Opcode : 'load' 'store'> <Ports = 2> <Width = 8> <Depth = 16> <RAM>
ST_11 : Operation 73 [1/2] (2.32ns)   --->   "%tmp_7 = load i8* %state_addr_20, align 1" [helper.cpp:342->decrypt.cpp:40]   --->   Operation 73 'load' 'tmp_7' <Predicate = true> <Delay = 2.32> <Core = "RAM">   --->   Core 37 'RAM' <Latency = 1> <II = 1> <Delay = 2.32> <Storage> <Opcode : 'load' 'store'> <Ports = 2> <Width = 8> <Depth = 16> <RAM>
ST_11 : Operation 74 [1/1] (0.00ns)   --->   "%state_addr_21 = getelementptr [16 x i8]* %state, i64 0, i64 9" [helper.cpp:343->decrypt.cpp:40]   --->   Operation 74 'getelementptr' 'state_addr_21' <Predicate = true> <Delay = 0.00>
ST_11 : Operation 75 [2/2] (2.32ns)   --->   "%state_load_19 = load i8* %state_addr_21, align 1" [helper.cpp:343->decrypt.cpp:40]   --->   Operation 75 'load' 'state_load_19' <Predicate = true> <Delay = 2.32> <Core = "RAM">   --->   Core 37 'RAM' <Latency = 1> <II = 1> <Delay = 2.32> <Storage> <Opcode : 'load' 'store'> <Ports = 2> <Width = 8> <Depth = 16> <RAM>
ST_11 : Operation 76 [1/1] (0.00ns)   --->   "%state_addr_22 = getelementptr [16 x i8]* %state, i64 0, i64 8" [helper.cpp:344->decrypt.cpp:40]   --->   Operation 76 'getelementptr' 'state_addr_22' <Predicate = true> <Delay = 0.00>
ST_11 : Operation 77 [2/2] (2.32ns)   --->   "%state_load_20 = load i8* %state_addr_22, align 1" [helper.cpp:344->decrypt.cpp:40]   --->   Operation 77 'load' 'state_load_20' <Predicate = true> <Delay = 2.32> <Core = "RAM">   --->   Core 37 'RAM' <Latency = 1> <II = 1> <Delay = 2.32> <Storage> <Opcode : 'load' 'store'> <Ports = 2> <Width = 8> <Depth = 16> <RAM>
ST_11 : Operation 78 [1/1] (2.32ns)   --->   "store i8 %tmp_6, i8* %state_addr_21, align 1" [helper.cpp:350->decrypt.cpp:40]   --->   Operation 78 'store' <Predicate = true> <Delay = 2.32> <Core = "RAM">   --->   Core 37 'RAM' <Latency = 1> <II = 1> <Delay = 2.32> <Storage> <Opcode : 'load' 'store'> <Ports = 2> <Width = 8> <Depth = 16> <RAM>
ST_11 : Operation 79 [1/1] (2.32ns)   --->   "store i8 %tmp_7, i8* %state_addr_22, align 1" [helper.cpp:351->decrypt.cpp:40]   --->   Operation 79 'store' <Predicate = true> <Delay = 2.32> <Core = "RAM">   --->   Core 37 'RAM' <Latency = 1> <II = 1> <Delay = 2.32> <Storage> <Opcode : 'load' 'store'> <Ports = 2> <Width = 8> <Depth = 16> <RAM>

State 12 <SV = 7> <Delay = 2.32>
ST_12 : Operation 80 [1/2] (2.32ns)   --->   "%state_load_19 = load i8* %state_addr_21, align 1" [helper.cpp:343->decrypt.cpp:40]   --->   Operation 80 'load' 'state_load_19' <Predicate = true> <Delay = 2.32> <Core = "RAM">   --->   Core 37 'RAM' <Latency = 1> <II = 1> <Delay = 2.32> <Storage> <Opcode : 'load' 'store'> <Ports = 2> <Width = 8> <Depth = 16> <RAM>
ST_12 : Operation 81 [1/2] (2.32ns)   --->   "%state_load_20 = load i8* %state_addr_22, align 1" [helper.cpp:344->decrypt.cpp:40]   --->   Operation 81 'load' 'state_load_20' <Predicate = true> <Delay = 2.32> <Core = "RAM">   --->   Core 37 'RAM' <Latency = 1> <II = 1> <Delay = 2.32> <Storage> <Opcode : 'load' 'store'> <Ports = 2> <Width = 8> <Depth = 16> <RAM>
ST_12 : Operation 82 [1/1] (0.00ns)   --->   "%state_addr_23 = getelementptr [16 x i8]* %state, i64 0, i64 15" [helper.cpp:356->decrypt.cpp:40]   --->   Operation 82 'getelementptr' 'state_addr_23' <Predicate = true> <Delay = 0.00>
ST_12 : Operation 83 [2/2] (2.32ns)   --->   "%tmp_8 = load i8* %state_addr_23, align 1" [helper.cpp:356->decrypt.cpp:40]   --->   Operation 83 'load' 'tmp_8' <Predicate = true> <Delay = 2.32> <Core = "RAM">   --->   Core 37 'RAM' <Latency = 1> <II = 1> <Delay = 2.32> <Storage> <Opcode : 'load' 'store'> <Ports = 2> <Width = 8> <Depth = 16> <RAM>
ST_12 : Operation 84 [1/1] (0.00ns)   --->   "%state_addr_24 = getelementptr [16 x i8]* %state, i64 0, i64 14" [helper.cpp:357->decrypt.cpp:40]   --->   Operation 84 'getelementptr' 'state_addr_24' <Predicate = true> <Delay = 0.00>
ST_12 : Operation 85 [2/2] (2.32ns)   --->   "%tmp_9 = load i8* %state_addr_24, align 1" [helper.cpp:357->decrypt.cpp:40]   --->   Operation 85 'load' 'tmp_9' <Predicate = true> <Delay = 2.32> <Core = "RAM">   --->   Core 37 'RAM' <Latency = 1> <II = 1> <Delay = 2.32> <Storage> <Opcode : 'load' 'store'> <Ports = 2> <Width = 8> <Depth = 16> <RAM>

State 13 <SV = 8> <Delay = 4.64>
ST_13 : Operation 86 [1/2] (2.32ns)   --->   "%tmp_8 = load i8* %state_addr_23, align 1" [helper.cpp:356->decrypt.cpp:40]   --->   Operation 86 'load' 'tmp_8' <Predicate = true> <Delay = 2.32> <Core = "RAM">   --->   Core 37 'RAM' <Latency = 1> <II = 1> <Delay = 2.32> <Storage> <Opcode : 'load' 'store'> <Ports = 2> <Width = 8> <Depth = 16> <RAM>
ST_13 : Operation 87 [1/2] (2.32ns)   --->   "%tmp_9 = load i8* %state_addr_24, align 1" [helper.cpp:357->decrypt.cpp:40]   --->   Operation 87 'load' 'tmp_9' <Predicate = true> <Delay = 2.32> <Core = "RAM">   --->   Core 37 'RAM' <Latency = 1> <II = 1> <Delay = 2.32> <Storage> <Opcode : 'load' 'store'> <Ports = 2> <Width = 8> <Depth = 16> <RAM>
ST_13 : Operation 88 [1/1] (0.00ns)   --->   "%state_addr_25 = getelementptr [16 x i8]* %state, i64 0, i64 13" [helper.cpp:358->decrypt.cpp:40]   --->   Operation 88 'getelementptr' 'state_addr_25' <Predicate = true> <Delay = 0.00>
ST_13 : Operation 89 [2/2] (2.32ns)   --->   "%tmp_10 = load i8* %state_addr_25, align 1" [helper.cpp:358->decrypt.cpp:40]   --->   Operation 89 'load' 'tmp_10' <Predicate = true> <Delay = 2.32> <Core = "RAM">   --->   Core 37 'RAM' <Latency = 1> <II = 1> <Delay = 2.32> <Storage> <Opcode : 'load' 'store'> <Ports = 2> <Width = 8> <Depth = 16> <RAM>
ST_13 : Operation 90 [1/1] (0.00ns)   --->   "%state_addr_26 = getelementptr [16 x i8]* %state, i64 0, i64 12" [helper.cpp:359->decrypt.cpp:40]   --->   Operation 90 'getelementptr' 'state_addr_26' <Predicate = true> <Delay = 0.00>
ST_13 : Operation 91 [2/2] (2.32ns)   --->   "%state_load_24 = load i8* %state_addr_26, align 1" [helper.cpp:359->decrypt.cpp:40]   --->   Operation 91 'load' 'state_load_24' <Predicate = true> <Delay = 2.32> <Core = "RAM">   --->   Core 37 'RAM' <Latency = 1> <II = 1> <Delay = 2.32> <Storage> <Opcode : 'load' 'store'> <Ports = 2> <Width = 8> <Depth = 16> <RAM>
ST_13 : Operation 92 [1/1] (2.32ns)   --->   "store i8 %tmp_9, i8* %state_addr_25, align 1" [helper.cpp:371->decrypt.cpp:40]   --->   Operation 92 'store' <Predicate = true> <Delay = 2.32> <Core = "RAM">   --->   Core 37 'RAM' <Latency = 1> <II = 1> <Delay = 2.32> <Storage> <Opcode : 'load' 'store'> <Ports = 2> <Width = 8> <Depth = 16> <RAM>

State 14 <SV = 9> <Delay = 2.32>
ST_14 : Operation 93 [1/1] (2.32ns)   --->   "store i8 %state_load_14, i8* %state_addr_15, align 1" [helper.cpp:333->decrypt.cpp:40]   --->   Operation 93 'store' <Predicate = true> <Delay = 2.32> <Core = "RAM">   --->   Core 37 'RAM' <Latency = 1> <II = 1> <Delay = 2.32> <Storage> <Opcode : 'load' 'store'> <Ports = 2> <Width = 8> <Depth = 16> <RAM>
ST_14 : Operation 94 [1/1] (2.32ns)   --->   "store i8 %state_load_15, i8* %state_addr_16, align 1" [helper.cpp:334->decrypt.cpp:40]   --->   Operation 94 'store' <Predicate = true> <Delay = 2.32> <Core = "RAM">   --->   Core 37 'RAM' <Latency = 1> <II = 1> <Delay = 2.32> <Storage> <Opcode : 'load' 'store'> <Ports = 2> <Width = 8> <Depth = 16> <RAM>
ST_14 : Operation 95 [1/2] (2.32ns)   --->   "%tmp_10 = load i8* %state_addr_25, align 1" [helper.cpp:358->decrypt.cpp:40]   --->   Operation 95 'load' 'tmp_10' <Predicate = true> <Delay = 2.32> <Core = "RAM">   --->   Core 37 'RAM' <Latency = 1> <II = 1> <Delay = 2.32> <Storage> <Opcode : 'load' 'store'> <Ports = 2> <Width = 8> <Depth = 16> <RAM>
ST_14 : Operation 96 [1/2] (2.32ns)   --->   "%state_load_24 = load i8* %state_addr_26, align 1" [helper.cpp:359->decrypt.cpp:40]   --->   Operation 96 'load' 'state_load_24' <Predicate = true> <Delay = 2.32> <Core = "RAM">   --->   Core 37 'RAM' <Latency = 1> <II = 1> <Delay = 2.32> <Storage> <Opcode : 'load' 'store'> <Ports = 2> <Width = 8> <Depth = 16> <RAM>

State 15 <SV = 10> <Delay = 2.32>
ST_15 : Operation 97 [1/1] (2.32ns)   --->   "store i8 %state_load_16, i8* %state_addr_17, align 1" [helper.cpp:335->decrypt.cpp:40]   --->   Operation 97 'store' <Predicate = true> <Delay = 2.32> <Core = "RAM">   --->   Core 37 'RAM' <Latency = 1> <II = 1> <Delay = 2.32> <Storage> <Opcode : 'load' 'store'> <Ports = 2> <Width = 8> <Depth = 16> <RAM>
ST_15 : Operation 98 [1/1] (2.32ns)   --->   "store i8 %state_load_19, i8* %state_addr_19, align 1" [helper.cpp:348->decrypt.cpp:40]   --->   Operation 98 'store' <Predicate = true> <Delay = 2.32> <Core = "RAM">   --->   Core 37 'RAM' <Latency = 1> <II = 1> <Delay = 2.32> <Storage> <Opcode : 'load' 'store'> <Ports = 2> <Width = 8> <Depth = 16> <RAM>

State 16 <SV = 11> <Delay = 2.32>
ST_16 : Operation 99 [2/2] (1.81ns)   --->   "call fastcc void @createRoundKey([176 x i8]* %expandedKey, [16 x i8]* %roundKey, i9 0)" [decrypt.cpp:39]   --->   Operation 99 'call' <Predicate = true> <Delay = 1.81> <CoreType = "Generic">   --->   Core 0 '' <Latency = 0> <II = 1> <Delay = 1.00> <Generic> <Opcode : >
ST_16 : Operation 100 [1/1] (2.32ns)   --->   "store i8 %state_load_20, i8* %state_addr_20, align 1" [helper.cpp:349->decrypt.cpp:40]   --->   Operation 100 'store' <Predicate = true> <Delay = 2.32> <Core = "RAM">   --->   Core 37 'RAM' <Latency = 1> <II = 1> <Delay = 2.32> <Storage> <Opcode : 'load' 'store'> <Ports = 2> <Width = 8> <Depth = 16> <RAM>
ST_16 : Operation 101 [1/1] (2.32ns)   --->   "store i8 %state_load_24, i8* %state_addr_23, align 1" [helper.cpp:369->decrypt.cpp:40]   --->   Operation 101 'store' <Predicate = true> <Delay = 2.32> <Core = "RAM">   --->   Core 37 'RAM' <Latency = 1> <II = 1> <Delay = 2.32> <Storage> <Opcode : 'load' 'store'> <Ports = 2> <Width = 8> <Depth = 16> <RAM>

State 17 <SV = 12> <Delay = 2.32>
ST_17 : Operation 102 [1/2] (0.00ns)   --->   "call fastcc void @createRoundKey([176 x i8]* %expandedKey, [16 x i8]* %roundKey, i9 0)" [decrypt.cpp:39]   --->   Operation 102 'call' <Predicate = true> <Delay = 0.00> <CoreType = "Generic">   --->   Core 0 '' <Latency = 0> <II = 1> <Delay = 1.00> <Generic> <Opcode : >
ST_17 : Operation 103 [1/1] (2.32ns)   --->   "store i8 %tmp_8, i8* %state_addr_24, align 1" [helper.cpp:370->decrypt.cpp:40]   --->   Operation 103 'store' <Predicate = true> <Delay = 2.32> <Core = "RAM">   --->   Core 37 'RAM' <Latency = 1> <II = 1> <Delay = 2.32> <Storage> <Opcode : 'load' 'store'> <Ports = 2> <Width = 8> <Depth = 16> <RAM>
ST_17 : Operation 104 [1/1] (2.32ns)   --->   "store i8 %tmp_10, i8* %state_addr_26, align 1" [helper.cpp:372->decrypt.cpp:40]   --->   Operation 104 'store' <Predicate = true> <Delay = 2.32> <Core = "RAM">   --->   Core 37 'RAM' <Latency = 1> <II = 1> <Delay = 2.32> <Storage> <Opcode : 'load' 'store'> <Ports = 2> <Width = 8> <Depth = 16> <RAM>
ST_17 : Operation 105 [1/1] (1.76ns)   --->   "br label %5" [helper.cpp:315->decrypt.cpp:41]   --->   Operation 105 'br' <Predicate = true> <Delay = 1.76>

State 18 <SV = 13> <Delay = 2.32>
ST_18 : Operation 106 [1/1] (0.00ns)   --->   "%i_0_i4 = phi i5 [ 0, %4 ], [ %i_8, %6 ]"   --->   Operation 106 'phi' 'i_0_i4' <Predicate = true> <Delay = 0.00>
ST_18 : Operation 107 [1/1] (1.36ns)   --->   "%icmp_ln315 = icmp eq i5 %i_0_i4, -16" [helper.cpp:315->decrypt.cpp:41]   --->   Operation 107 'icmp' 'icmp_ln315' <Predicate = true> <Delay = 1.36> <Core = "Cmp">   --->   Core 25 'Cmp' <Latency = 0> <II = 1> <Delay = 1.36> <FuncUnit> <Opcode : 'icmp'> <InPorts = 2> <OutPorts = 1>
ST_18 : Operation 108 [1/1] (0.00ns)   --->   "%empty_21 = call i32 (...)* @_ssdm_op_SpecLoopTripCount(i64 16, i64 16, i64 16)"   --->   Operation 108 'speclooptripcount' 'empty_21' <Predicate = true> <Delay = 0.00>
ST_18 : Operation 109 [1/1] (1.78ns)   --->   "%i_8 = add i5 %i_0_i4, 1" [helper.cpp:315->decrypt.cpp:41]   --->   Operation 109 'add' 'i_8' <Predicate = true> <Delay = 1.78> <Core = "AddSub">   --->   Core 14 'AddSub' <Latency = 0> <II = 1> <Delay = 1.78> <FuncUnit> <Opcode : 'add' 'sub'> <InPorts = 2> <OutPorts = 1>
ST_18 : Operation 110 [1/1] (0.00ns)   --->   "br i1 %icmp_ln315, label %invSubBytes.exit.preheader, label %6" [helper.cpp:315->decrypt.cpp:41]   --->   Operation 110 'br' <Predicate = true> <Delay = 0.00>
ST_18 : Operation 111 [1/1] (0.00ns)   --->   "%zext_ln317 = zext i5 %i_0_i4 to i64" [helper.cpp:317->decrypt.cpp:41]   --->   Operation 111 'zext' 'zext_ln317' <Predicate = (!icmp_ln315)> <Delay = 0.00>
ST_18 : Operation 112 [1/1] (0.00ns)   --->   "%state_addr_27 = getelementptr [16 x i8]* %state, i64 0, i64 %zext_ln317" [helper.cpp:317->decrypt.cpp:41]   --->   Operation 112 'getelementptr' 'state_addr_27' <Predicate = (!icmp_ln315)> <Delay = 0.00>
ST_18 : Operation 113 [2/2] (2.32ns)   --->   "%state_load_27 = load i8* %state_addr_27, align 1" [helper.cpp:317->decrypt.cpp:41]   --->   Operation 113 'load' 'state_load_27' <Predicate = (!icmp_ln315)> <Delay = 2.32> <Core = "RAM">   --->   Core 37 'RAM' <Latency = 1> <II = 1> <Delay = 2.32> <Storage> <Opcode : 'load' 'store'> <Ports = 2> <Width = 8> <Depth = 16> <RAM>
ST_18 : Operation 114 [1/1] (1.76ns)   --->   "br label %invSubBytes.exit" [helper.cpp:221->decrypt.cpp:42]   --->   Operation 114 'br' <Predicate = (icmp_ln315)> <Delay = 1.76>

State 19 <SV = 14> <Delay = 5.57>
ST_19 : Operation 115 [1/2] (2.32ns)   --->   "%state_load_27 = load i8* %state_addr_27, align 1" [helper.cpp:317->decrypt.cpp:41]   --->   Operation 115 'load' 'state_load_27' <Predicate = true> <Delay = 2.32> <Core = "RAM">   --->   Core 37 'RAM' <Latency = 1> <II = 1> <Delay = 2.32> <Storage> <Opcode : 'load' 'store'> <Ports = 2> <Width = 8> <Depth = 16> <RAM>
ST_19 : Operation 116 [1/1] (0.00ns)   --->   "%zext_ln48 = zext i8 %state_load_27 to i64" [helper.cpp:48->helper.cpp:317->decrypt.cpp:41]   --->   Operation 116 'zext' 'zext_ln48' <Predicate = true> <Delay = 0.00>
ST_19 : Operation 117 [1/1] (0.00ns)   --->   "%rsbox_addr = getelementptr inbounds [256 x i8]* @rsbox, i64 0, i64 %zext_ln48" [helper.cpp:48->helper.cpp:317->decrypt.cpp:41]   --->   Operation 117 'getelementptr' 'rsbox_addr' <Predicate = true> <Delay = 0.00>
ST_19 : Operation 118 [2/2] (3.25ns)   --->   "%rsbox_load = load i8* %rsbox_addr, align 1" [helper.cpp:48->helper.cpp:317->decrypt.cpp:41]   --->   Operation 118 'load' 'rsbox_load' <Predicate = true> <Delay = 3.25> <Core = "ROM_nP">   --->   Core 52 'ROM_nP' <Latency = 1> <II = 1> <Delay = 3.25> <Storage> <Opcode : 'load'> <Ports = 0> <Width = 8> <Depth = 256> <ROM>

State 20 <SV = 15> <Delay = 5.57>
ST_20 : Operation 119 [1/2] (3.25ns)   --->   "%rsbox_load = load i8* %rsbox_addr, align 1" [helper.cpp:48->helper.cpp:317->decrypt.cpp:41]   --->   Operation 119 'load' 'rsbox_load' <Predicate = true> <Delay = 3.25> <Core = "ROM_nP">   --->   Core 52 'ROM_nP' <Latency = 1> <II = 1> <Delay = 3.25> <Storage> <Opcode : 'load'> <Ports = 0> <Width = 8> <Depth = 256> <ROM>
ST_20 : Operation 120 [1/1] (2.32ns)   --->   "store i8 %rsbox_load, i8* %state_addr_27, align 1" [helper.cpp:317->decrypt.cpp:41]   --->   Operation 120 'store' <Predicate = true> <Delay = 2.32> <Core = "RAM">   --->   Core 37 'RAM' <Latency = 1> <II = 1> <Delay = 2.32> <Storage> <Opcode : 'load' 'store'> <Ports = 2> <Width = 8> <Depth = 16> <RAM>
ST_20 : Operation 121 [1/1] (0.00ns)   --->   "br label %5" [helper.cpp:315->decrypt.cpp:41]   --->   Operation 121 'br' <Predicate = true> <Delay = 0.00>

State 21 <SV = 14> <Delay = 2.32>
ST_21 : Operation 122 [1/1] (0.00ns)   --->   "%i_0_i8 = phi i5 [ %i_9, %7 ], [ 0, %invSubBytes.exit.preheader ]"   --->   Operation 122 'phi' 'i_0_i8' <Predicate = true> <Delay = 0.00>
ST_21 : Operation 123 [1/1] (1.36ns)   --->   "%icmp_ln221_1 = icmp eq i5 %i_0_i8, -16" [helper.cpp:221->decrypt.cpp:42]   --->   Operation 123 'icmp' 'icmp_ln221_1' <Predicate = true> <Delay = 1.36> <Core = "Cmp">   --->   Core 25 'Cmp' <Latency = 0> <II = 1> <Delay = 1.36> <FuncUnit> <Opcode : 'icmp'> <InPorts = 2> <OutPorts = 1>
ST_21 : Operation 124 [1/1] (0.00ns)   --->   "%empty_22 = call i32 (...)* @_ssdm_op_SpecLoopTripCount(i64 16, i64 16, i64 16)"   --->   Operation 124 'speclooptripcount' 'empty_22' <Predicate = true> <Delay = 0.00>
ST_21 : Operation 125 [1/1] (1.78ns)   --->   "%i_9 = add i5 %i_0_i8, 1" [helper.cpp:221->decrypt.cpp:42]   --->   Operation 125 'add' 'i_9' <Predicate = true> <Delay = 1.78> <Core = "AddSub">   --->   Core 14 'AddSub' <Latency = 0> <II = 1> <Delay = 1.78> <FuncUnit> <Opcode : 'add' 'sub'> <InPorts = 2> <OutPorts = 1>
ST_21 : Operation 126 [1/1] (0.00ns)   --->   "br i1 %icmp_ln221_1, label %addRoundKey.exit17, label %7" [helper.cpp:221->decrypt.cpp:42]   --->   Operation 126 'br' <Predicate = true> <Delay = 0.00>
ST_21 : Operation 127 [1/1] (0.00ns)   --->   "%zext_ln222_1 = zext i5 %i_0_i8 to i64" [helper.cpp:222->decrypt.cpp:42]   --->   Operation 127 'zext' 'zext_ln222_1' <Predicate = (!icmp_ln221_1)> <Delay = 0.00>
ST_21 : Operation 128 [1/1] (0.00ns)   --->   "%state_addr_28 = getelementptr [16 x i8]* %state, i64 0, i64 %zext_ln222_1" [helper.cpp:222->decrypt.cpp:42]   --->   Operation 128 'getelementptr' 'state_addr_28' <Predicate = (!icmp_ln221_1)> <Delay = 0.00>
ST_21 : Operation 129 [2/2] (2.32ns)   --->   "%state_load_26 = load i8* %state_addr_28, align 1" [helper.cpp:222->decrypt.cpp:42]   --->   Operation 129 'load' 'state_load_26' <Predicate = (!icmp_ln221_1)> <Delay = 2.32> <Core = "RAM">   --->   Core 37 'RAM' <Latency = 1> <II = 1> <Delay = 2.32> <Storage> <Opcode : 'load' 'store'> <Ports = 2> <Width = 8> <Depth = 16> <RAM>
ST_21 : Operation 130 [1/1] (0.00ns)   --->   "%roundKey_addr_1 = getelementptr [16 x i8]* %roundKey, i64 0, i64 %zext_ln222_1" [helper.cpp:222->decrypt.cpp:42]   --->   Operation 130 'getelementptr' 'roundKey_addr_1' <Predicate = (!icmp_ln221_1)> <Delay = 0.00>
ST_21 : Operation 131 [2/2] (2.32ns)   --->   "%roundKey_load_1 = load i8* %roundKey_addr_1, align 1" [helper.cpp:222->decrypt.cpp:42]   --->   Operation 131 'load' 'roundKey_load_1' <Predicate = (!icmp_ln221_1)> <Delay = 2.32> <Core = "RAM">   --->   Core 37 'RAM' <Latency = 1> <II = 1> <Delay = 2.32> <Storage> <Opcode : 'load' 'store'> <Ports = 2> <Width = 8> <Depth = 16> <RAM>
ST_21 : Operation 132 [1/1] (0.00ns)   --->   "ret void" [decrypt.cpp:43]   --->   Operation 132 'ret' <Predicate = (icmp_ln221_1)> <Delay = 0.00>

State 22 <SV = 15> <Delay = 5.63>
ST_22 : Operation 133 [1/2] (2.32ns)   --->   "%state_load_26 = load i8* %state_addr_28, align 1" [helper.cpp:222->decrypt.cpp:42]   --->   Operation 133 'load' 'state_load_26' <Predicate = true> <Delay = 2.32> <Core = "RAM">   --->   Core 37 'RAM' <Latency = 1> <II = 1> <Delay = 2.32> <Storage> <Opcode : 'load' 'store'> <Ports = 2> <Width = 8> <Depth = 16> <RAM>
ST_22 : Operation 134 [1/2] (2.32ns)   --->   "%roundKey_load_1 = load i8* %roundKey_addr_1, align 1" [helper.cpp:222->decrypt.cpp:42]   --->   Operation 134 'load' 'roundKey_load_1' <Predicate = true> <Delay = 2.32> <Core = "RAM">   --->   Core 37 'RAM' <Latency = 1> <II = 1> <Delay = 2.32> <Storage> <Opcode : 'load' 'store'> <Ports = 2> <Width = 8> <Depth = 16> <RAM>
ST_22 : Operation 135 [1/1] (0.99ns)   --->   "%xor_ln222_1 = xor i8 %roundKey_load_1, %state_load_26" [helper.cpp:222->decrypt.cpp:42]   --->   Operation 135 'xor' 'xor_ln222_1' <Predicate = true> <Delay = 0.99> <Core = "LogicGate">   --->   Core 27 'LogicGate' <Latency = 0> <II = 1> <Delay = 0.99> <FuncUnit> <Opcode : 'and' 'or' 'xor'> <InPorts = 2> <OutPorts = 1>
ST_22 : Operation 136 [1/1] (2.32ns)   --->   "store i8 %xor_ln222_1, i8* %state_addr_28, align 1" [helper.cpp:222->decrypt.cpp:42]   --->   Operation 136 'store' <Predicate = true> <Delay = 2.32> <Core = "RAM">   --->   Core 37 'RAM' <Latency = 1> <II = 1> <Delay = 2.32> <Storage> <Opcode : 'load' 'store'> <Ports = 2> <Width = 8> <Depth = 16> <RAM>
ST_22 : Operation 137 [1/1] (0.00ns)   --->   "br label %invSubBytes.exit" [helper.cpp:221->decrypt.cpp:42]   --->   Operation 137 'br' <Predicate = true> <Delay = 0.00>


============================================================
+ Verbose Summary: Binding
============================================================
STG Binding: 
---------------- STG Properties BEGIN ----------------
- Is combinational: 0
- Is one-state seq: 0
- Is datapath-only: 0
- Is pipelined: 0
- Is top level: 0
Port [ Return ] is wired: 1; IO mode=ap_ctrl_hs:ce=0
Port [ state]:  wired=1; compound=1; hidden=0; nouse=0; global=0; static=0; extern=0; dir=2; type=1; pingpong=0; private_global=0; MemPort=[22]; IO mode=ap_memory:ce=0
Port [ expandedKey]:  wired=1; compound=1; hidden=0; nouse=0; global=0; static=0; extern=0; dir=0; type=1; pingpong=0; private_global=0; MemPort=[13]; IO mode=ap_memory:ce=0
Port [ rsbox]:  wired=0; compound=1; hidden=1; nouse=0; global=1; static=1; extern=0; dir=0; type=1; pingpong=0; private_global=1; linkage=7; visibility=0; MemPort=[1]; IO mode=ap_memory:ce=0
---------------- STG Properties END ------------------

---------------- Datapath Model BEGIN ----------------

<LifeTime>
<method=bitvector/>
roundKey        (alloca           ) [ 00111111111111111111111]
call_ln30       (call             ) [ 00000000000000000000000]
br_ln221        (br               ) [ 00111000000000000000000]
i_0_i           (phi              ) [ 00010000000000000000000]
icmp_ln221      (icmp             ) [ 00011000000000000000000]
empty           (speclooptripcount) [ 00000000000000000000000]
i_7             (add              ) [ 00111000000000000000000]
br_ln221        (br               ) [ 00000000000000000000000]
zext_ln222      (zext             ) [ 00000000000000000000000]
state_addr      (getelementptr    ) [ 00001000000000000000000]
roundKey_addr   (getelementptr    ) [ 00001000000000000000000]
br_ln33         (br               ) [ 00011111100000000000000]
state_load      (load             ) [ 00000000000000000000000]
roundKey_load   (load             ) [ 00000000000000000000000]
xor_ln222       (xor              ) [ 00000000000000000000000]
store_ln222     (store            ) [ 00000000000000000000000]
br_ln221        (br               ) [ 00111000000000000000000]
i               (phi              ) [ 00000100000000000000000]
icmp_ln33       (icmp             ) [ 00000111100000000000000]
empty_20        (speclooptripcount) [ 00000000000000000000000]
br_ln33         (br               ) [ 00000000000000000000000]
shl_ln          (bitconcatenate   ) [ 00000000000000000000000]
zext_ln35       (zext             ) [ 00000010000000000000000]
add_ln33        (add              ) [ 00010111100000000000000]
state_addr_15   (getelementptr    ) [ 00000000011111100000000]
state_addr_16   (getelementptr    ) [ 00000000011111100000000]
call_ln35       (call             ) [ 00000000000000000000000]
call_ln36       (call             ) [ 00000000000000000000000]
br_ln33         (br               ) [ 00010111100000000000000]
tmp             (load             ) [ 00000000000000000000000]
state_load_14   (load             ) [ 00000000001111100000000]
state_addr_17   (getelementptr    ) [ 00000000001111110000000]
state_addr_18   (getelementptr    ) [ 00000000001000000000000]
store_ln336     (store            ) [ 00000000000000000000000]
state_load_15   (load             ) [ 00000000000111100000000]
state_load_16   (load             ) [ 00000000000111110000000]
state_addr_19   (getelementptr    ) [ 00000000000111110000000]
state_addr_20   (getelementptr    ) [ 00000000000111111000000]
tmp_6           (load             ) [ 00000000000000000000000]
tmp_7           (load             ) [ 00000000000000000000000]
state_addr_21   (getelementptr    ) [ 00000000000010000000000]
state_addr_22   (getelementptr    ) [ 00000000000010000000000]
store_ln350     (store            ) [ 00000000000000000000000]
store_ln351     (store            ) [ 00000000000000000000000]
state_load_19   (load             ) [ 00000000000001110000000]
state_load_20   (load             ) [ 00000000000001111000000]
state_addr_23   (getelementptr    ) [ 00000000000001111000000]
state_addr_24   (getelementptr    ) [ 00000000000001111100000]
tmp_8           (load             ) [ 00000000000000111100000]
tmp_9           (load             ) [ 00000000000000000000000]
state_addr_25   (getelementptr    ) [ 00000000000000100000000]
state_addr_26   (getelementptr    ) [ 00000000000000111100000]
store_ln371     (store            ) [ 00000000000000000000000]
store_ln333     (store            ) [ 00000000000000000000000]
store_ln334     (store            ) [ 00000000000000000000000]
tmp_10          (load             ) [ 00000000000000011100000]
state_load_24   (load             ) [ 00000000000000011000000]
store_ln335     (store            ) [ 00000000000000000000000]
store_ln348     (store            ) [ 00000000000000000000000]
store_ln349     (store            ) [ 00000000000000000000000]
store_ln369     (store            ) [ 00000000000000000000000]
call_ln39       (call             ) [ 00000000000000000000000]
store_ln370     (store            ) [ 00000000000000000000000]
store_ln372     (store            ) [ 00000000000000000000000]
br_ln315        (br               ) [ 00000000000000000111100]
i_0_i4          (phi              ) [ 00000000000000000010000]
icmp_ln315      (icmp             ) [ 00000000000000000011100]
empty_21        (speclooptripcount) [ 00000000000000000000000]
i_8             (add              ) [ 00000000000000000111100]
br_ln315        (br               ) [ 00000000000000000000000]
zext_ln317      (zext             ) [ 00000000000000000000000]
state_addr_27   (getelementptr    ) [ 00000000000000000001100]
br_ln221        (br               ) [ 00000000000000000011111]
state_load_27   (load             ) [ 00000000000000000000000]
zext_ln48       (zext             ) [ 00000000000000000000000]
rsbox_addr      (getelementptr    ) [ 00000000000000000000100]
rsbox_load      (load             ) [ 00000000000000000000000]
store_ln317     (store            ) [ 00000000000000000000000]
br_ln315        (br               ) [ 00000000000000000111100]
i_0_i8          (phi              ) [ 00000000000000000000010]
icmp_ln221_1    (icmp             ) [ 00000000000000000000011]
empty_22        (speclooptripcount) [ 00000000000000000000000]
i_9             (add              ) [ 00000000000000000010011]
br_ln221        (br               ) [ 00000000000000000000000]
zext_ln222_1    (zext             ) [ 00000000000000000000000]
state_addr_28   (getelementptr    ) [ 00000000000000000000001]
roundKey_addr_1 (getelementptr    ) [ 00000000000000000000001]
ret_ln43        (ret              ) [ 00000000000000000000000]
state_load_26   (load             ) [ 00000000000000000000000]
roundKey_load_1 (load             ) [ 00000000000000000000000]
xor_ln222_1     (xor              ) [ 00000000000000000000000]
store_ln222     (store            ) [ 00000000000000000000000]
br_ln221        (br               ) [ 00000000000000000010011]
</LifeTime>

<model>

<comp_list>
<comp id="0" class="1000" name="state">
<pin_list>
<pin id="1" dir="1" index="0" bw="1" slack="0"/>
</pin_list>
<bind>
<StgValue><ssdm name="state"/><MemPortTyVec>2 2 </MemPortTyVec>
</StgValue>
</bind>
</comp>

<comp id="2" class="1000" name="expandedKey">
<pin_list>
<pin id="3" dir="1" index="0" bw="1" slack="0"/>
</pin_list>
<bind>
<StgValue><ssdm name="expandedKey"/><MemPortTyVec>1 3 </MemPortTyVec>
</StgValue>
</bind>
</comp>

<comp id="4" class="1000" name="rsbox">
<pin_list>
<pin id="5" dir="1" index="0" bw="1" slack="0"/>
</pin_list>
<bind>
<StgValue><ssdm name="rsbox"/><MemPortTyVec>1 </MemPortTyVec>
</StgValue>
</bind>
</comp>

<comp id="6" class="1001" name="const_6">
<pin_list>
<pin id="7" dir="1" index="0" bw="1" slack="0"/>
</pin_list>
<bind>
<StgValue><ssdm name=""/></StgValue>
</bind>
</comp>

<comp id="8" class="1001" name="const_8">
<pin_list>
<pin id="9" dir="1" index="0" bw="1" slack="0"/>
</pin_list>
<bind>
<StgValue><ssdm name="createRoundKey"/></StgValue>
</bind>
</comp>

<comp id="10" class="1001" name="const_10">
<pin_list>
<pin id="11" dir="1" index="0" bw="1" slack="0"/>
</pin_list>
<bind>
<StgValue><ssdm name=""/></StgValue>
</bind>
</comp>

<comp id="12" class="1001" name="const_12">
<pin_list>
<pin id="13" dir="1" index="0" bw="1" slack="1"/>
</pin_list>
<bind>
<StgValue><ssdm name=""/></StgValue>
</bind>
</comp>

<comp id="14" class="1001" name="const_14">
<pin_list>
<pin id="15" dir="1" index="0" bw="1" slack="0"/>
</pin_list>
<bind>
<StgValue><ssdm name=""/></StgValue>
</bind>
</comp>

<comp id="16" class="1001" name="const_16">
<pin_list>
<pin id="17" dir="1" index="0" bw="1" slack="2147483647"/>
</pin_list>
<bind>
<StgValue><ssdm name="_ssdm_op_SpecLoopTripCount"/></StgValue>
</bind>
</comp>

<comp id="18" class="1001" name="const_18">
<pin_list>
<pin id="19" dir="1" index="0" bw="1" slack="2147483647"/>
</pin_list>
<bind>
<StgValue><ssdm name=""/></StgValue>
</bind>
</comp>

<comp id="20" class="1001" name="const_20">
<pin_list>
<pin id="21" dir="1" index="0" bw="1" slack="0"/>
</pin_list>
<bind>
<StgValue><ssdm name=""/></StgValue>
</bind>
</comp>

<comp id="22" class="1001" name="const_22">
<pin_list>
<pin id="23" dir="1" index="0" bw="1" slack="0"/>
</pin_list>
<bind>
<StgValue><ssdm name=""/></StgValue>
</bind>
</comp>

<comp id="24" class="1001" name="const_24">
<pin_list>
<pin id="25" dir="1" index="0" bw="1" slack="1"/>
</pin_list>
<bind>
<StgValue><ssdm name=""/></StgValue>
</bind>
</comp>

<comp id="26" class="1001" name="const_26">
<pin_list>
<pin id="27" dir="1" index="0" bw="1" slack="0"/>
</pin_list>
<bind>
<StgValue><ssdm name=""/></StgValue>
</bind>
</comp>

<comp id="28" class="1001" name="const_28">
<pin_list>
<pin id="29" dir="1" index="0" bw="1" slack="0"/>
</pin_list>
<bind>
<StgValue><ssdm name=""/></StgValue>
</bind>
</comp>

<comp id="30" class="1001" name="const_30">
<pin_list>
<pin id="31" dir="1" index="0" bw="1" slack="0"/>
</pin_list>
<bind>
<StgValue><ssdm name="_ssdm_op_BitConcatenate.i8.i4.i4"/></StgValue>
</bind>
</comp>

<comp id="32" class="1001" name="const_32">
<pin_list>
<pin id="33" dir="1" index="0" bw="1" slack="0"/>
</pin_list>
<bind>
<StgValue><ssdm name=""/></StgValue>
</bind>
</comp>

<comp id="34" class="1001" name="const_34">
<pin_list>
<pin id="35" dir="1" index="0" bw="1" slack="0"/>
</pin_list>
<bind>
<StgValue><ssdm name=""/></StgValue>
</bind>
</comp>

<comp id="36" class="1001" name="const_36">
<pin_list>
<pin id="37" dir="1" index="0" bw="1" slack="0"/>
</pin_list>
<bind>
<StgValue><ssdm name=""/></StgValue>
</bind>
</comp>

<comp id="38" class="1001" name="const_38">
<pin_list>
<pin id="39" dir="1" index="0" bw="1" slack="0"/>
</pin_list>
<bind>
<StgValue><ssdm name="aes_invRound"/></StgValue>
</bind>
</comp>

<comp id="40" class="1001" name="const_40">
<pin_list>
<pin id="41" dir="1" index="0" bw="1" slack="0"/>
</pin_list>
<bind>
<StgValue><ssdm name=""/></StgValue>
</bind>
</comp>

<comp id="42" class="1001" name="const_42">
<pin_list>
<pin id="43" dir="1" index="0" bw="1" slack="0"/>
</pin_list>
<bind>
<StgValue><ssdm name=""/></StgValue>
</bind>
</comp>

<comp id="44" class="1001" name="const_44">
<pin_list>
<pin id="45" dir="1" index="0" bw="1" slack="0"/>
</pin_list>
<bind>
<StgValue><ssdm name=""/></StgValue>
</bind>
</comp>

<comp id="46" class="1001" name="const_46">
<pin_list>
<pin id="47" dir="1" index="0" bw="1" slack="0"/>
</pin_list>
<bind>
<StgValue><ssdm name=""/></StgValue>
</bind>
</comp>

<comp id="48" class="1001" name="const_48">
<pin_list>
<pin id="49" dir="1" index="0" bw="1" slack="0"/>
</pin_list>
<bind>
<StgValue><ssdm name=""/></StgValue>
</bind>
</comp>

<comp id="50" class="1001" name="const_50">
<pin_list>
<pin id="51" dir="1" index="0" bw="1" slack="0"/>
</pin_list>
<bind>
<StgValue><ssdm name=""/></StgValue>
</bind>
</comp>

<comp id="52" class="1001" name="const_52">
<pin_list>
<pin id="53" dir="1" index="0" bw="1" slack="0"/>
</pin_list>
<bind>
<StgValue><ssdm name=""/></StgValue>
</bind>
</comp>

<comp id="54" class="1001" name="const_54">
<pin_list>
<pin id="55" dir="1" index="0" bw="1" slack="0"/>
</pin_list>
<bind>
<StgValue><ssdm name=""/></StgValue>
</bind>
</comp>

<comp id="56" class="1001" name="const_56">
<pin_list>
<pin id="57" dir="1" index="0" bw="1" slack="0"/>
</pin_list>
<bind>
<StgValue><ssdm name=""/></StgValue>
</bind>
</comp>

<comp id="58" class="1001" name="const_58">
<pin_list>
<pin id="59" dir="1" index="0" bw="1" slack="0"/>
</pin_list>
<bind>
<StgValue><ssdm name=""/></StgValue>
</bind>
</comp>

<comp id="60" class="1004" name="roundKey_alloca_fu_60">
<pin_list>
<pin id="61" dir="0" index="0" bw="1" slack="0"/>
<pin id="62" dir="1" index="1" bw="8" slack="0"/>
</pin_list>
<bind>
<opcode="alloca(26) " fcode="alloca"/>
<opset="roundKey/1 "/>
</bind>
</comp>

<comp id="64" class="1004" name="state_addr_gep_fu_64">
<pin_list>
<pin id="65" dir="0" index="0" bw="8" slack="0"/>
<pin id="66" dir="0" index="1" bw="1" slack="0"/>
<pin id="67" dir="0" index="2" bw="5" slack="0"/>
<pin id="68" dir="1" index="3" bw="4" slack="0"/>
</pin_list>
<bind>
<opcode="getelementptr(29) " fcode="getelementptr"/>
<opset="state_addr/3 "/>
</bind>
</comp>

<comp id="71" class="1004" name="grp_access_fu_71">
<pin_list>
<pin id="72" dir="0" index="0" bw="4" slack="0"/>
<pin id="73" dir="0" index="1" bw="8" slack="0"/>
<pin id="74" dir="0" index="2" bw="0" slack="0"/>
<pin id="106" dir="0" index="4" bw="4" slack="0"/>
<pin id="107" dir="0" index="5" bw="8" slack="2147483647"/>
<pin id="108" dir="0" index="6" bw="0" slack="2147483647"/>
<pin id="75" dir="1" index="3" bw="8" slack="0"/>
<pin id="109" dir="1" index="7" bw="8" slack="0"/>
</pin_list>
<bind>
<opcode="load(27) store(28) " fcode="store"/>
<opset="state_load/3 store_ln222/4 tmp/5 state_load_14/5 state_load_15/9 state_load_16/9 store_ln336/9 tmp_6/10 tmp_7/10 state_load_19/11 state_load_20/11 store_ln350/11 store_ln351/11 tmp_8/12 tmp_9/12 tmp_10/13 state_load_24/13 store_ln371/13 store_ln333/14 store_ln334/14 store_ln335/15 store_ln348/15 store_ln349/16 store_ln369/16 store_ln370/17 store_ln372/17 state_load_27/18 store_ln317/20 state_load_26/21 store_ln222/22 "/>
</bind>
</comp>

<comp id="77" class="1004" name="roundKey_addr_gep_fu_77">
<pin_list>
<pin id="78" dir="0" index="0" bw="8" slack="2147483647"/>
<pin id="79" dir="0" index="1" bw="1" slack="0"/>
<pin id="80" dir="0" index="2" bw="5" slack="0"/>
<pin id="81" dir="1" index="3" bw="4" slack="0"/>
</pin_list>
<bind>
<opcode="getelementptr(29) " fcode="getelementptr"/>
<opset="roundKey_addr/3 "/>
</bind>
</comp>

<comp id="83" class="1004" name="grp_access_fu_83">
<pin_list>
<pin id="84" dir="0" index="0" bw="4" slack="0"/>
<pin id="85" dir="0" index="1" bw="8" slack="2147483647"/>
<pin id="86" dir="0" index="2" bw="0" slack="2147483647"/>
<pin id="87" dir="1" index="3" bw="8" slack="0"/>
</pin_list>
<bind>
<opcode="load(27) " fcode="load"/>
<opset="roundKey_load/3 roundKey_load_1/21 "/>
</bind>
</comp>

<comp id="89" class="1004" name="state_addr_15_gep_fu_89">
<pin_list>
<pin id="90" dir="0" index="0" bw="8" slack="0"/>
<pin id="91" dir="0" index="1" bw="1" slack="0"/>
<pin id="92" dir="0" index="2" bw="4" slack="0"/>
<pin id="93" dir="1" index="3" bw="4" slack="0"/>
</pin_list>
<bind>
<opcode="getelementptr(29) " fcode="getelementptr"/>
<opset="state_addr_15/5 "/>
</bind>
</comp>

<comp id="98" class="1004" name="state_addr_16_gep_fu_98">
<pin_list>
<pin id="99" dir="0" index="0" bw="8" slack="0"/>
<pin id="100" dir="0" index="1" bw="1" slack="0"/>
<pin id="101" dir="0" index="2" bw="4" slack="0"/>
<pin id="102" dir="1" index="3" bw="4" slack="0"/>
</pin_list>
<bind>
<opcode="getelementptr(29) " fcode="getelementptr"/>
<opset="state_addr_16/5 "/>
</bind>
</comp>

<comp id="111" class="1004" name="state_addr_17_gep_fu_111">
<pin_list>
<pin id="112" dir="0" index="0" bw="8" slack="0"/>
<pin id="113" dir="0" index="1" bw="1" slack="0"/>
<pin id="114" dir="0" index="2" bw="4" slack="0"/>
<pin id="115" dir="1" index="3" bw="4" slack="0"/>
</pin_list>
<bind>
<opcode="getelementptr(29) " fcode="getelementptr"/>
<opset="state_addr_17/9 "/>
</bind>
</comp>

<comp id="120" class="1004" name="state_addr_18_gep_fu_120">
<pin_list>
<pin id="121" dir="0" index="0" bw="8" slack="0"/>
<pin id="122" dir="0" index="1" bw="1" slack="0"/>
<pin id="123" dir="0" index="2" bw="4" slack="0"/>
<pin id="124" dir="1" index="3" bw="4" slack="0"/>
</pin_list>
<bind>
<opcode="getelementptr(29) " fcode="getelementptr"/>
<opset="state_addr_18/9 "/>
</bind>
</comp>

<comp id="130" class="1004" name="state_addr_19_gep_fu_130">
<pin_list>
<pin id="131" dir="0" index="0" bw="8" slack="0"/>
<pin id="132" dir="0" index="1" bw="1" slack="0"/>
<pin id="133" dir="0" index="2" bw="5" slack="0"/>
<pin id="134" dir="1" index="3" bw="4" slack="0"/>
</pin_list>
<bind>
<opcode="getelementptr(29) " fcode="getelementptr"/>
<opset="state_addr_19/10 "/>
</bind>
</comp>

<comp id="139" class="1004" name="state_addr_20_gep_fu_139">
<pin_list>
<pin id="140" dir="0" index="0" bw="8" slack="0"/>
<pin id="141" dir="0" index="1" bw="1" slack="0"/>
<pin id="142" dir="0" index="2" bw="5" slack="0"/>
<pin id="143" dir="1" index="3" bw="4" slack="0"/>
</pin_list>
<bind>
<opcode="getelementptr(29) " fcode="getelementptr"/>
<opset="state_addr_20/10 "/>
</bind>
</comp>

<comp id="148" class="1004" name="state_addr_21_gep_fu_148">
<pin_list>
<pin id="149" dir="0" index="0" bw="8" slack="0"/>
<pin id="150" dir="0" index="1" bw="1" slack="0"/>
<pin id="151" dir="0" index="2" bw="5" slack="0"/>
<pin id="152" dir="1" index="3" bw="4" slack="0"/>
</pin_list>
<bind>
<opcode="getelementptr(29) " fcode="getelementptr"/>
<opset="state_addr_21/11 "/>
</bind>
</comp>

<comp id="157" class="1004" name="state_addr_22_gep_fu_157">
<pin_list>
<pin id="158" dir="0" index="0" bw="8" slack="0"/>
<pin id="159" dir="0" index="1" bw="1" slack="0"/>
<pin id="160" dir="0" index="2" bw="5" slack="0"/>
<pin id="161" dir="1" index="3" bw="4" slack="0"/>
</pin_list>
<bind>
<opcode="getelementptr(29) " fcode="getelementptr"/>
<opset="state_addr_22/11 "/>
</bind>
</comp>

<comp id="167" class="1004" name="state_addr_23_gep_fu_167">
<pin_list>
<pin id="168" dir="0" index="0" bw="8" slack="0"/>
<pin id="169" dir="0" index="1" bw="1" slack="0"/>
<pin id="170" dir="0" index="2" bw="5" slack="0"/>
<pin id="171" dir="1" index="3" bw="4" slack="0"/>
</pin_list>
<bind>
<opcode="getelementptr(29) " fcode="getelementptr"/>
<opset="state_addr_23/12 "/>
</bind>
</comp>

<comp id="176" class="1004" name="state_addr_24_gep_fu_176">
<pin_list>
<pin id="177" dir="0" index="0" bw="8" slack="0"/>
<pin id="178" dir="0" index="1" bw="1" slack="0"/>
<pin id="179" dir="0" index="2" bw="5" slack="0"/>
<pin id="180" dir="1" index="3" bw="4" slack="0"/>
</pin_list>
<bind>
<opcode="getelementptr(29) " fcode="getelementptr"/>
<opset="state_addr_24/12 "/>
</bind>
</comp>

<comp id="185" class="1004" name="state_addr_25_gep_fu_185">
<pin_list>
<pin id="186" dir="0" index="0" bw="8" slack="0"/>
<pin id="187" dir="0" index="1" bw="1" slack="0"/>
<pin id="188" dir="0" index="2" bw="5" slack="0"/>
<pin id="189" dir="1" index="3" bw="4" slack="0"/>
</pin_list>
<bind>
<opcode="getelementptr(29) " fcode="getelementptr"/>
<opset="state_addr_25/13 "/>
</bind>
</comp>

<comp id="194" class="1004" name="state_addr_26_gep_fu_194">
<pin_list>
<pin id="195" dir="0" index="0" bw="8" slack="0"/>
<pin id="196" dir="0" index="1" bw="1" slack="0"/>
<pin id="197" dir="0" index="2" bw="5" slack="0"/>
<pin id="198" dir="1" index="3" bw="4" slack="0"/>
</pin_list>
<bind>
<opcode="getelementptr(29) " fcode="getelementptr"/>
<opset="state_addr_26/13 "/>
</bind>
</comp>

<comp id="204" class="1004" name="state_addr_27_gep_fu_204">
<pin_list>
<pin id="205" dir="0" index="0" bw="8" slack="0"/>
<pin id="206" dir="0" index="1" bw="1" slack="0"/>
<pin id="207" dir="0" index="2" bw="5" slack="0"/>
<pin id="208" dir="1" index="3" bw="4" slack="0"/>
</pin_list>
<bind>
<opcode="getelementptr(29) " fcode="getelementptr"/>
<opset="state_addr_27/18 "/>
</bind>
</comp>

<comp id="212" class="1004" name="rsbox_addr_gep_fu_212">
<pin_list>
<pin id="213" dir="0" index="0" bw="8" slack="0"/>
<pin id="214" dir="0" index="1" bw="1" slack="0"/>
<pin id="215" dir="0" index="2" bw="8" slack="0"/>
<pin id="216" dir="1" index="3" bw="8" slack="0"/>
</pin_list>
<bind>
<opcode="getelementptr(29) " fcode="getelementptr"/>
<opset="rsbox_addr/19 "/>
</bind>
</comp>

<comp id="219" class="1004" name="grp_access_fu_219">
<pin_list>
<pin id="220" dir="0" index="0" bw="8" slack="0"/>
<pin id="221" dir="0" index="1" bw="8" slack="2147483647"/>
<pin id="222" dir="0" index="2" bw="0" slack="2147483647"/>
<pin id="223" dir="1" index="3" bw="8" slack="0"/>
</pin_list>
<bind>
<opcode="load(27) " fcode="load"/>
<opset="rsbox_load/19 "/>
</bind>
</comp>

<comp id="226" class="1004" name="state_addr_28_gep_fu_226">
<pin_list>
<pin id="227" dir="0" index="0" bw="8" slack="0"/>
<pin id="228" dir="0" index="1" bw="1" slack="0"/>
<pin id="229" dir="0" index="2" bw="5" slack="0"/>
<pin id="230" dir="1" index="3" bw="4" slack="0"/>
</pin_list>
<bind>
<opcode="getelementptr(29) " fcode="getelementptr"/>
<opset="state_addr_28/21 "/>
</bind>
</comp>

<comp id="234" class="1004" name="roundKey_addr_1_gep_fu_234">
<pin_list>
<pin id="235" dir="0" index="0" bw="8" slack="2147483647"/>
<pin id="236" dir="0" index="1" bw="1" slack="0"/>
<pin id="237" dir="0" index="2" bw="5" slack="0"/>
<pin id="238" dir="1" index="3" bw="4" slack="0"/>
</pin_list>
<bind>
<opcode="getelementptr(29) " fcode="getelementptr"/>
<opset="roundKey_addr_1/21 "/>
</bind>
</comp>

<comp id="241" class="1005" name="i_0_i_reg_241">
<pin_list>
<pin id="242" dir="0" index="0" bw="5" slack="1"/>
<pin id="243" dir="1" index="1" bw="5" slack="1"/>
</pin_list>
<bind>
<opset="i_0_i (phireg) "/>
</bind>
</comp>

<comp id="245" class="1004" name="i_0_i_phi_fu_245">
<pin_list>
<pin id="246" dir="0" index="0" bw="1" slack="1"/>
<pin id="247" dir="0" index="1" bw="0" slack="2147483647"/>
<pin id="248" dir="0" index="2" bw="5" slack="0"/>
<pin id="249" dir="0" index="3" bw="0" slack="2147483647"/>
<pin id="250" dir="1" index="4" bw="5" slack="0"/>
</pin_list>
<bind>
<opcode="phi(47) " fcode="phi"/>
<opset="i_0_i/3 "/>
</bind>
</comp>

<comp id="252" class="1005" name="i_reg_252">
<pin_list>
<pin id="253" dir="0" index="0" bw="4" slack="1"/>
<pin id="254" dir="1" index="1" bw="4" slack="1"/>
</pin_list>
<bind>
<opset="i (phireg) "/>
</bind>
</comp>

<comp id="256" class="1004" name="i_phi_fu_256">
<pin_list>
<pin id="257" dir="0" index="0" bw="4" slack="0"/>
<pin id="258" dir="0" index="1" bw="0" slack="2147483647"/>
<pin id="259" dir="0" index="2" bw="4" slack="1"/>
<pin id="260" dir="0" index="3" bw="0" slack="2147483647"/>
<pin id="261" dir="1" index="4" bw="4" slack="0"/>
</pin_list>
<bind>
<opcode="phi(47) " fcode="phi"/>
<opset="i/5 "/>
</bind>
</comp>

<comp id="263" class="1005" name="i_0_i4_reg_263">
<pin_list>
<pin id="264" dir="0" index="0" bw="5" slack="1"/>
<pin id="265" dir="1" index="1" bw="5" slack="1"/>
</pin_list>
<bind>
<opset="i_0_i4 (phireg) "/>
</bind>
</comp>

<comp id="267" class="1004" name="i_0_i4_phi_fu_267">
<pin_list>
<pin id="268" dir="0" index="0" bw="1" slack="1"/>
<pin id="269" dir="0" index="1" bw="0" slack="2147483647"/>
<pin id="270" dir="0" index="2" bw="5" slack="0"/>
<pin id="271" dir="0" index="3" bw="0" slack="2147483647"/>
<pin id="272" dir="1" index="4" bw="5" slack="0"/>
</pin_list>
<bind>
<opcode="phi(47) " fcode="phi"/>
<opset="i_0_i4/18 "/>
</bind>
</comp>

<comp id="274" class="1005" name="i_0_i8_reg_274">
<pin_list>
<pin id="275" dir="0" index="0" bw="5" slack="1"/>
<pin id="276" dir="1" index="1" bw="5" slack="1"/>
</pin_list>
<bind>
<opset="i_0_i8 (phireg) "/>
</bind>
</comp>

<comp id="278" class="1004" name="i_0_i8_phi_fu_278">
<pin_list>
<pin id="279" dir="0" index="0" bw="5" slack="0"/>
<pin id="280" dir="0" index="1" bw="0" slack="2147483647"/>
<pin id="281" dir="0" index="2" bw="1" slack="1"/>
<pin id="282" dir="0" index="3" bw="0" slack="2147483647"/>
<pin id="283" dir="1" index="4" bw="5" slack="0"/>
</pin_list>
<bind>
<opcode="phi(47) " fcode="phi"/>
<opset="i_0_i8/21 "/>
</bind>
</comp>

<comp id="285" class="1004" name="grp_aes_invRound_fu_285">
<pin_list>
<pin id="286" dir="0" index="0" bw="0" slack="0"/>
<pin id="287" dir="0" index="1" bw="8" slack="0"/>
<pin id="288" dir="0" index="2" bw="8" slack="2147483647"/>
<pin id="289" dir="0" index="3" bw="8" slack="0"/>
<pin id="290" dir="1" index="4" bw="0" slack="2147483647"/>
</pin_list>
<bind>
<opcode="call(48) " fcode="call"/>
<opset="call_ln36/7 "/>
</bind>
</comp>

<comp id="294" class="1004" name="grp_createRoundKey_fu_294">
<pin_list>
<pin id="295" dir="0" index="0" bw="0" slack="0"/>
<pin id="296" dir="0" index="1" bw="8" slack="0"/>
<pin id="297" dir="0" index="2" bw="8" slack="0"/>
<pin id="298" dir="0" index="3" bw="9" slack="0"/>
<pin id="299" dir="1" index="4" bw="0" slack="2147483647"/>
</pin_list>
<bind>
<opcode="call(48) " fcode="call"/>
<opset="call_ln30/1 call_ln35/5 call_ln39/16 "/>
</bind>
</comp>

<comp id="305" class="1004" name="grp_fu_305">
<pin_list>
<pin id="306" dir="0" index="0" bw="8" slack="0"/>
<pin id="307" dir="0" index="1" bw="8" slack="0"/>
<pin id="308" dir="1" index="2" bw="8" slack="0"/>
</pin_list>
<bind>
<opcode="xor(25) " fcode="xor"/>
<opset="xor_ln222/4 xor_ln222_1/22 "/>
</bind>
</comp>

<comp id="313" class="1005" name="reg_313">
<pin_list>
<pin id="314" dir="0" index="0" bw="8" slack="3"/>
<pin id="315" dir="1" index="1" bw="8" slack="3"/>
</pin_list>
<bind>
<opset="state_load_14 tmp_10 "/>
</bind>
</comp>

<comp id="319" class="1005" name="reg_319">
<pin_list>
<pin id="320" dir="0" index="0" bw="8" slack="2"/>
<pin id="321" dir="1" index="1" bw="8" slack="2"/>
</pin_list>
<bind>
<opset="state_load_15 state_load_24 "/>
</bind>
</comp>

<comp id="325" class="1004" name="icmp_ln221_fu_325">
<pin_list>
<pin id="326" dir="0" index="0" bw="5" slack="0"/>
<pin id="327" dir="0" index="1" bw="5" slack="0"/>
<pin id="328" dir="1" index="2" bw="1" slack="2147483647"/>
</pin_list>
<bind>
<opcode="icmp(45) " fcode="icmp"/>
<opset="icmp_ln221/3 "/>
</bind>
</comp>

<comp id="331" class="1004" name="i_7_fu_331">
<pin_list>
<pin id="332" dir="0" index="0" bw="5" slack="0"/>
<pin id="333" dir="0" index="1" bw="1" slack="0"/>
<pin id="334" dir="1" index="2" bw="5" slack="0"/>
</pin_list>
<bind>
<opcode="add(8) " fcode="add"/>
<opset="i_7/3 "/>
</bind>
</comp>

<comp id="337" class="1004" name="zext_ln222_fu_337">
<pin_list>
<pin id="338" dir="0" index="0" bw="5" slack="0"/>
<pin id="339" dir="1" index="1" bw="64" slack="0"/>
</pin_list>
<bind>
<opcode="zext(34) " fcode="zext"/>
<opset="zext_ln222/3 "/>
</bind>
</comp>

<comp id="343" class="1004" name="icmp_ln33_fu_343">
<pin_list>
<pin id="344" dir="0" index="0" bw="4" slack="0"/>
<pin id="345" dir="0" index="1" bw="1" slack="0"/>
<pin id="346" dir="1" index="2" bw="1" slack="2147483647"/>
</pin_list>
<bind>
<opcode="icmp(45) " fcode="icmp"/>
<opset="icmp_ln33/5 "/>
</bind>
</comp>

<comp id="349" class="1004" name="shl_ln_fu_349">
<pin_list>
<pin id="350" dir="0" index="0" bw="8" slack="0"/>
<pin id="351" dir="0" index="1" bw="4" slack="0"/>
<pin id="352" dir="0" index="2" bw="1" slack="0"/>
<pin id="353" dir="1" index="3" bw="8" slack="0"/>
</pin_list>
<bind>
<opcode="bitconcatenate(1004) " fcode="bitconcatenate"/>
<opset="shl_ln/5 "/>
</bind>
</comp>

<comp id="357" class="1004" name="zext_ln35_fu_357">
<pin_list>
<pin id="358" dir="0" index="0" bw="8" slack="0"/>
<pin id="359" dir="1" index="1" bw="9" slack="0"/>
</pin_list>
<bind>
<opcode="zext(34) " fcode="zext"/>
<opset="zext_ln35/5 "/>
</bind>
</comp>

<comp id="362" class="1004" name="add_ln33_fu_362">
<pin_list>
<pin id="363" dir="0" index="0" bw="4" slack="0"/>
<pin id="364" dir="0" index="1" bw="1" slack="0"/>
<pin id="365" dir="1" index="2" bw="4" slack="0"/>
</pin_list>
<bind>
<opcode="add(8) " fcode="add"/>
<opset="add_ln33/5 "/>
</bind>
</comp>

<comp id="368" class="1004" name="icmp_ln315_fu_368">
<pin_list>
<pin id="369" dir="0" index="0" bw="5" slack="0"/>
<pin id="370" dir="0" index="1" bw="5" slack="0"/>
<pin id="371" dir="1" index="2" bw="1" slack="2147483647"/>
</pin_list>
<bind>
<opcode="icmp(45) " fcode="icmp"/>
<opset="icmp_ln315/18 "/>
</bind>
</comp>

<comp id="374" class="1004" name="i_8_fu_374">
<pin_list>
<pin id="375" dir="0" index="0" bw="5" slack="0"/>
<pin id="376" dir="0" index="1" bw="1" slack="0"/>
<pin id="377" dir="1" index="2" bw="5" slack="0"/>
</pin_list>
<bind>
<opcode="add(8) " fcode="add"/>
<opset="i_8/18 "/>
</bind>
</comp>

<comp id="380" class="1004" name="zext_ln317_fu_380">
<pin_list>
<pin id="381" dir="0" index="0" bw="5" slack="0"/>
<pin id="382" dir="1" index="1" bw="64" slack="0"/>
</pin_list>
<bind>
<opcode="zext(34) " fcode="zext"/>
<opset="zext_ln317/18 "/>
</bind>
</comp>

<comp id="385" class="1004" name="zext_ln48_fu_385">
<pin_list>
<pin id="386" dir="0" index="0" bw="8" slack="0"/>
<pin id="387" dir="1" index="1" bw="64" slack="0"/>
</pin_list>
<bind>
<opcode="zext(34) " fcode="zext"/>
<opset="zext_ln48/19 "/>
</bind>
</comp>

<comp id="390" class="1004" name="icmp_ln221_1_fu_390">
<pin_list>
<pin id="391" dir="0" index="0" bw="5" slack="0"/>
<pin id="392" dir="0" index="1" bw="5" slack="0"/>
<pin id="393" dir="1" index="2" bw="1" slack="2147483647"/>
</pin_list>
<bind>
<opcode="icmp(45) " fcode="icmp"/>
<opset="icmp_ln221_1/21 "/>
</bind>
</comp>

<comp id="396" class="1004" name="i_9_fu_396">
<pin_list>
<pin id="397" dir="0" index="0" bw="5" slack="0"/>
<pin id="398" dir="0" index="1" bw="1" slack="0"/>
<pin id="399" dir="1" index="2" bw="5" slack="0"/>
</pin_list>
<bind>
<opcode="add(8) " fcode="add"/>
<opset="i_9/21 "/>
</bind>
</comp>

<comp id="402" class="1004" name="zext_ln222_1_fu_402">
<pin_list>
<pin id="403" dir="0" index="0" bw="5" slack="0"/>
<pin id="404" dir="1" index="1" bw="64" slack="0"/>
</pin_list>
<bind>
<opcode="zext(34) " fcode="zext"/>
<opset="zext_ln222_1/21 "/>
</bind>
</comp>

<comp id="411" class="1005" name="i_7_reg_411">
<pin_list>
<pin id="412" dir="0" index="0" bw="5" slack="0"/>
<pin id="413" dir="1" index="1" bw="5" slack="0"/>
</pin_list>
<bind>
<opset="i_7 "/>
</bind>
</comp>

<comp id="416" class="1005" name="state_addr_reg_416">
<pin_list>
<pin id="417" dir="0" index="0" bw="4" slack="1"/>
<pin id="418" dir="1" index="1" bw="4" slack="1"/>
</pin_list>
<bind>
<opset="state_addr "/>
</bind>
</comp>

<comp id="421" class="1005" name="roundKey_addr_reg_421">
<pin_list>
<pin id="422" dir="0" index="0" bw="4" slack="1"/>
<pin id="423" dir="1" index="1" bw="4" slack="1"/>
</pin_list>
<bind>
<opset="roundKey_addr "/>
</bind>
</comp>

<comp id="429" class="1005" name="zext_ln35_reg_429">
<pin_list>
<pin id="430" dir="0" index="0" bw="9" slack="1"/>
<pin id="431" dir="1" index="1" bw="9" slack="1"/>
</pin_list>
<bind>
<opset="zext_ln35 "/>
</bind>
</comp>

<comp id="434" class="1005" name="add_ln33_reg_434">
<pin_list>
<pin id="435" dir="0" index="0" bw="4" slack="0"/>
<pin id="436" dir="1" index="1" bw="4" slack="0"/>
</pin_list>
<bind>
<opset="add_ln33 "/>
</bind>
</comp>

<comp id="439" class="1005" name="state_addr_15_reg_439">
<pin_list>
<pin id="440" dir="0" index="0" bw="4" slack="1"/>
<pin id="441" dir="1" index="1" bw="4" slack="1"/>
</pin_list>
<bind>
<opset="state_addr_15 "/>
</bind>
</comp>

<comp id="445" class="1005" name="state_addr_16_reg_445">
<pin_list>
<pin id="446" dir="0" index="0" bw="4" slack="1"/>
<pin id="447" dir="1" index="1" bw="4" slack="1"/>
</pin_list>
<bind>
<opset="state_addr_16 "/>
</bind>
</comp>

<comp id="451" class="1005" name="state_addr_17_reg_451">
<pin_list>
<pin id="452" dir="0" index="0" bw="4" slack="1"/>
<pin id="453" dir="1" index="1" bw="4" slack="1"/>
</pin_list>
<bind>
<opset="state_addr_17 "/>
</bind>
</comp>

<comp id="456" class="1005" name="state_addr_18_reg_456">
<pin_list>
<pin id="457" dir="0" index="0" bw="4" slack="1"/>
<pin id="458" dir="1" index="1" bw="4" slack="1"/>
</pin_list>
<bind>
<opset="state_addr_18 "/>
</bind>
</comp>

<comp id="461" class="1005" name="state_load_16_reg_461">
<pin_list>
<pin id="462" dir="0" index="0" bw="8" slack="5"/>
<pin id="463" dir="1" index="1" bw="8" slack="5"/>
</pin_list>
<bind>
<opset="state_load_16 "/>
</bind>
</comp>

<comp id="466" class="1005" name="state_addr_19_reg_466">
<pin_list>
<pin id="467" dir="0" index="0" bw="4" slack="1"/>
<pin id="468" dir="1" index="1" bw="4" slack="1"/>
</pin_list>
<bind>
<opset="state_addr_19 "/>
</bind>
</comp>

<comp id="472" class="1005" name="state_addr_20_reg_472">
<pin_list>
<pin id="473" dir="0" index="0" bw="4" slack="1"/>
<pin id="474" dir="1" index="1" bw="4" slack="1"/>
</pin_list>
<bind>
<opset="state_addr_20 "/>
</bind>
</comp>

<comp id="478" class="1005" name="state_addr_21_reg_478">
<pin_list>
<pin id="479" dir="0" index="0" bw="4" slack="1"/>
<pin id="480" dir="1" index="1" bw="4" slack="1"/>
</pin_list>
<bind>
<opset="state_addr_21 "/>
</bind>
</comp>

<comp id="483" class="1005" name="state_addr_22_reg_483">
<pin_list>
<pin id="484" dir="0" index="0" bw="4" slack="1"/>
<pin id="485" dir="1" index="1" bw="4" slack="1"/>
</pin_list>
<bind>
<opset="state_addr_22 "/>
</bind>
</comp>

<comp id="488" class="1005" name="state_load_19_reg_488">
<pin_list>
<pin id="489" dir="0" index="0" bw="8" slack="3"/>
<pin id="490" dir="1" index="1" bw="8" slack="3"/>
</pin_list>
<bind>
<opset="state_load_19 "/>
</bind>
</comp>

<comp id="493" class="1005" name="state_load_20_reg_493">
<pin_list>
<pin id="494" dir="0" index="0" bw="8" slack="4"/>
<pin id="495" dir="1" index="1" bw="8" slack="4"/>
</pin_list>
<bind>
<opset="state_load_20 "/>
</bind>
</comp>

<comp id="498" class="1005" name="state_addr_23_reg_498">
<pin_list>
<pin id="499" dir="0" index="0" bw="4" slack="1"/>
<pin id="500" dir="1" index="1" bw="4" slack="1"/>
</pin_list>
<bind>
<opset="state_addr_23 "/>
</bind>
</comp>

<comp id="504" class="1005" name="state_addr_24_reg_504">
<pin_list>
<pin id="505" dir="0" index="0" bw="4" slack="1"/>
<pin id="506" dir="1" index="1" bw="4" slack="1"/>
</pin_list>
<bind>
<opset="state_addr_24 "/>
</bind>
</comp>

<comp id="510" class="1005" name="tmp_8_reg_510">
<pin_list>
<pin id="511" dir="0" index="0" bw="8" slack="4"/>
<pin id="512" dir="1" index="1" bw="8" slack="4"/>
</pin_list>
<bind>
<opset="tmp_8 "/>
</bind>
</comp>

<comp id="515" class="1005" name="state_addr_25_reg_515">
<pin_list>
<pin id="516" dir="0" index="0" bw="4" slack="1"/>
<pin id="517" dir="1" index="1" bw="4" slack="1"/>
</pin_list>
<bind>
<opset="state_addr_25 "/>
</bind>
</comp>

<comp id="520" class="1005" name="state_addr_26_reg_520">
<pin_list>
<pin id="521" dir="0" index="0" bw="4" slack="1"/>
<pin id="522" dir="1" index="1" bw="4" slack="1"/>
</pin_list>
<bind>
<opset="state_addr_26 "/>
</bind>
</comp>

<comp id="528" class="1005" name="i_8_reg_528">
<pin_list>
<pin id="529" dir="0" index="0" bw="5" slack="0"/>
<pin id="530" dir="1" index="1" bw="5" slack="0"/>
</pin_list>
<bind>
<opset="i_8 "/>
</bind>
</comp>

<comp id="533" class="1005" name="state_addr_27_reg_533">
<pin_list>
<pin id="534" dir="0" index="0" bw="4" slack="1"/>
<pin id="535" dir="1" index="1" bw="4" slack="1"/>
</pin_list>
<bind>
<opset="state_addr_27 "/>
</bind>
</comp>

<comp id="538" class="1005" name="rsbox_addr_reg_538">
<pin_list>
<pin id="539" dir="0" index="0" bw="8" slack="1"/>
<pin id="540" dir="1" index="1" bw="8" slack="1"/>
</pin_list>
<bind>
<opset="rsbox_addr "/>
</bind>
</comp>

<comp id="546" class="1005" name="i_9_reg_546">
<pin_list>
<pin id="547" dir="0" index="0" bw="5" slack="0"/>
<pin id="548" dir="1" index="1" bw="5" slack="0"/>
</pin_list>
<bind>
<opset="i_9 "/>
</bind>
</comp>

<comp id="551" class="1005" name="state_addr_28_reg_551">
<pin_list>
<pin id="552" dir="0" index="0" bw="4" slack="1"/>
<pin id="553" dir="1" index="1" bw="4" slack="1"/>
</pin_list>
<bind>
<opset="state_addr_28 "/>
</bind>
</comp>

<comp id="557" class="1005" name="roundKey_addr_1_reg_557">
<pin_list>
<pin id="558" dir="0" index="0" bw="4" slack="1"/>
<pin id="559" dir="1" index="1" bw="4" slack="1"/>
</pin_list>
<bind>
<opset="roundKey_addr_1 "/>
</bind>
</comp>

</comp_list>

<net_list>
<net id="63"><net_src comp="6" pin="0"/><net_sink comp="60" pin=0"/></net>

<net id="69"><net_src comp="0" pin="0"/><net_sink comp="64" pin=0"/></net>

<net id="70"><net_src comp="22" pin="0"/><net_sink comp="64" pin=1"/></net>

<net id="76"><net_src comp="64" pin="3"/><net_sink comp="71" pin=0"/></net>

<net id="82"><net_src comp="22" pin="0"/><net_sink comp="77" pin=1"/></net>

<net id="88"><net_src comp="77" pin="3"/><net_sink comp="83" pin=0"/></net>

<net id="94"><net_src comp="0" pin="0"/><net_sink comp="89" pin=0"/></net>

<net id="95"><net_src comp="22" pin="0"/><net_sink comp="89" pin=1"/></net>

<net id="96"><net_src comp="34" pin="0"/><net_sink comp="89" pin=2"/></net>

<net id="97"><net_src comp="89" pin="3"/><net_sink comp="71" pin=0"/></net>

<net id="103"><net_src comp="0" pin="0"/><net_sink comp="98" pin=0"/></net>

<net id="104"><net_src comp="22" pin="0"/><net_sink comp="98" pin=1"/></net>

<net id="105"><net_src comp="36" pin="0"/><net_sink comp="98" pin=2"/></net>

<net id="110"><net_src comp="98" pin="3"/><net_sink comp="71" pin=2"/></net>

<net id="116"><net_src comp="0" pin="0"/><net_sink comp="111" pin=0"/></net>

<net id="117"><net_src comp="22" pin="0"/><net_sink comp="111" pin=1"/></net>

<net id="118"><net_src comp="40" pin="0"/><net_sink comp="111" pin=2"/></net>

<net id="119"><net_src comp="111" pin="3"/><net_sink comp="71" pin=2"/></net>

<net id="125"><net_src comp="0" pin="0"/><net_sink comp="120" pin=0"/></net>

<net id="126"><net_src comp="22" pin="0"/><net_sink comp="120" pin=1"/></net>

<net id="127"><net_src comp="42" pin="0"/><net_sink comp="120" pin=2"/></net>

<net id="128"><net_src comp="120" pin="3"/><net_sink comp="71" pin=0"/></net>

<net id="129"><net_src comp="71" pin="3"/><net_sink comp="71" pin=1"/></net>

<net id="135"><net_src comp="0" pin="0"/><net_sink comp="130" pin=0"/></net>

<net id="136"><net_src comp="22" pin="0"/><net_sink comp="130" pin=1"/></net>

<net id="137"><net_src comp="44" pin="0"/><net_sink comp="130" pin=2"/></net>

<net id="138"><net_src comp="130" pin="3"/><net_sink comp="71" pin=2"/></net>

<net id="144"><net_src comp="0" pin="0"/><net_sink comp="139" pin=0"/></net>

<net id="145"><net_src comp="22" pin="0"/><net_sink comp="139" pin=1"/></net>

<net id="146"><net_src comp="46" pin="0"/><net_sink comp="139" pin=2"/></net>

<net id="147"><net_src comp="139" pin="3"/><net_sink comp="71" pin=0"/></net>

<net id="153"><net_src comp="0" pin="0"/><net_sink comp="148" pin=0"/></net>

<net id="154"><net_src comp="22" pin="0"/><net_sink comp="148" pin=1"/></net>

<net id="155"><net_src comp="28" pin="0"/><net_sink comp="148" pin=2"/></net>

<net id="156"><net_src comp="148" pin="3"/><net_sink comp="71" pin=2"/></net>

<net id="162"><net_src comp="0" pin="0"/><net_sink comp="157" pin=0"/></net>

<net id="163"><net_src comp="22" pin="0"/><net_sink comp="157" pin=1"/></net>

<net id="164"><net_src comp="48" pin="0"/><net_sink comp="157" pin=2"/></net>

<net id="165"><net_src comp="157" pin="3"/><net_sink comp="71" pin=0"/></net>

<net id="166"><net_src comp="71" pin="7"/><net_sink comp="71" pin=4"/></net>

<net id="172"><net_src comp="0" pin="0"/><net_sink comp="167" pin=0"/></net>

<net id="173"><net_src comp="22" pin="0"/><net_sink comp="167" pin=1"/></net>

<net id="174"><net_src comp="50" pin="0"/><net_sink comp="167" pin=2"/></net>

<net id="175"><net_src comp="167" pin="3"/><net_sink comp="71" pin=2"/></net>

<net id="181"><net_src comp="0" pin="0"/><net_sink comp="176" pin=0"/></net>

<net id="182"><net_src comp="22" pin="0"/><net_sink comp="176" pin=1"/></net>

<net id="183"><net_src comp="52" pin="0"/><net_sink comp="176" pin=2"/></net>

<net id="184"><net_src comp="176" pin="3"/><net_sink comp="71" pin=0"/></net>

<net id="190"><net_src comp="0" pin="0"/><net_sink comp="185" pin=0"/></net>

<net id="191"><net_src comp="22" pin="0"/><net_sink comp="185" pin=1"/></net>

<net id="192"><net_src comp="54" pin="0"/><net_sink comp="185" pin=2"/></net>

<net id="193"><net_src comp="185" pin="3"/><net_sink comp="71" pin=2"/></net>

<net id="199"><net_src comp="0" pin="0"/><net_sink comp="194" pin=0"/></net>

<net id="200"><net_src comp="22" pin="0"/><net_sink comp="194" pin=1"/></net>

<net id="201"><net_src comp="56" pin="0"/><net_sink comp="194" pin=2"/></net>

<net id="202"><net_src comp="194" pin="3"/><net_sink comp="71" pin=0"/></net>

<net id="203"><net_src comp="71" pin="3"/><net_sink comp="71" pin=4"/></net>

<net id="209"><net_src comp="0" pin="0"/><net_sink comp="204" pin=0"/></net>

<net id="210"><net_src comp="22" pin="0"/><net_sink comp="204" pin=1"/></net>

<net id="211"><net_src comp="204" pin="3"/><net_sink comp="71" pin=2"/></net>

<net id="217"><net_src comp="4" pin="0"/><net_sink comp="212" pin=0"/></net>

<net id="218"><net_src comp="22" pin="0"/><net_sink comp="212" pin=1"/></net>

<net id="224"><net_src comp="212" pin="3"/><net_sink comp="219" pin=0"/></net>

<net id="225"><net_src comp="219" pin="3"/><net_sink comp="71" pin=4"/></net>

<net id="231"><net_src comp="0" pin="0"/><net_sink comp="226" pin=0"/></net>

<net id="232"><net_src comp="22" pin="0"/><net_sink comp="226" pin=1"/></net>

<net id="233"><net_src comp="226" pin="3"/><net_sink comp="71" pin=0"/></net>

<net id="239"><net_src comp="22" pin="0"/><net_sink comp="234" pin=1"/></net>

<net id="240"><net_src comp="234" pin="3"/><net_sink comp="83" pin=0"/></net>

<net id="244"><net_src comp="12" pin="0"/><net_sink comp="241" pin=0"/></net>

<net id="251"><net_src comp="241" pin="1"/><net_sink comp="245" pin=0"/></net>

<net id="255"><net_src comp="24" pin="0"/><net_sink comp="252" pin=0"/></net>

<net id="262"><net_src comp="252" pin="1"/><net_sink comp="256" pin=2"/></net>

<net id="266"><net_src comp="12" pin="0"/><net_sink comp="263" pin=0"/></net>

<net id="273"><net_src comp="263" pin="1"/><net_sink comp="267" pin=0"/></net>

<net id="277"><net_src comp="12" pin="0"/><net_sink comp="274" pin=0"/></net>

<net id="284"><net_src comp="274" pin="1"/><net_sink comp="278" pin=2"/></net>

<net id="291"><net_src comp="38" pin="0"/><net_sink comp="285" pin=0"/></net>

<net id="292"><net_src comp="0" pin="0"/><net_sink comp="285" pin=1"/></net>

<net id="293"><net_src comp="4" pin="0"/><net_sink comp="285" pin=3"/></net>

<net id="300"><net_src comp="8" pin="0"/><net_sink comp="294" pin=0"/></net>

<net id="301"><net_src comp="2" pin="0"/><net_sink comp="294" pin=1"/></net>

<net id="302"><net_src comp="60" pin="1"/><net_sink comp="294" pin=2"/></net>

<net id="303"><net_src comp="10" pin="0"/><net_sink comp="294" pin=3"/></net>

<net id="304"><net_src comp="58" pin="0"/><net_sink comp="294" pin=3"/></net>

<net id="309"><net_src comp="83" pin="3"/><net_sink comp="305" pin=0"/></net>

<net id="310"><net_src comp="71" pin="3"/><net_sink comp="305" pin=1"/></net>

<net id="311"><net_src comp="305" pin="2"/><net_sink comp="71" pin=1"/></net>

<net id="312"><net_src comp="305" pin="2"/><net_sink comp="71" pin=4"/></net>

<net id="316"><net_src comp="71" pin="7"/><net_sink comp="313" pin=0"/></net>

<net id="317"><net_src comp="313" pin="1"/><net_sink comp="71" pin=4"/></net>

<net id="318"><net_src comp="313" pin="1"/><net_sink comp="71" pin=1"/></net>

<net id="322"><net_src comp="71" pin="7"/><net_sink comp="319" pin=0"/></net>

<net id="323"><net_src comp="319" pin="1"/><net_sink comp="71" pin=1"/></net>

<net id="324"><net_src comp="71" pin="3"/><net_sink comp="319" pin=0"/></net>

<net id="329"><net_src comp="245" pin="4"/><net_sink comp="325" pin=0"/></net>

<net id="330"><net_src comp="14" pin="0"/><net_sink comp="325" pin=1"/></net>

<net id="335"><net_src comp="245" pin="4"/><net_sink comp="331" pin=0"/></net>

<net id="336"><net_src comp="20" pin="0"/><net_sink comp="331" pin=1"/></net>

<net id="340"><net_src comp="245" pin="4"/><net_sink comp="337" pin=0"/></net>

<net id="341"><net_src comp="337" pin="1"/><net_sink comp="64" pin=2"/></net>

<net id="342"><net_src comp="337" pin="1"/><net_sink comp="77" pin=2"/></net>

<net id="347"><net_src comp="256" pin="4"/><net_sink comp="343" pin=0"/></net>

<net id="348"><net_src comp="26" pin="0"/><net_sink comp="343" pin=1"/></net>

<net id="354"><net_src comp="30" pin="0"/><net_sink comp="349" pin=0"/></net>

<net id="355"><net_src comp="256" pin="4"/><net_sink comp="349" pin=1"/></net>

<net id="356"><net_src comp="26" pin="0"/><net_sink comp="349" pin=2"/></net>

<net id="360"><net_src comp="349" pin="3"/><net_sink comp="357" pin=0"/></net>

<net id="361"><net_src comp="357" pin="1"/><net_sink comp="294" pin=3"/></net>

<net id="366"><net_src comp="256" pin="4"/><net_sink comp="362" pin=0"/></net>

<net id="367"><net_src comp="32" pin="0"/><net_sink comp="362" pin=1"/></net>

<net id="372"><net_src comp="267" pin="4"/><net_sink comp="368" pin=0"/></net>

<net id="373"><net_src comp="14" pin="0"/><net_sink comp="368" pin=1"/></net>

<net id="378"><net_src comp="267" pin="4"/><net_sink comp="374" pin=0"/></net>

<net id="379"><net_src comp="20" pin="0"/><net_sink comp="374" pin=1"/></net>

<net id="383"><net_src comp="267" pin="4"/><net_sink comp="380" pin=0"/></net>

<net id="384"><net_src comp="380" pin="1"/><net_sink comp="204" pin=2"/></net>

<net id="388"><net_src comp="71" pin="7"/><net_sink comp="385" pin=0"/></net>

<net id="389"><net_src comp="385" pin="1"/><net_sink comp="212" pin=2"/></net>

<net id="394"><net_src comp="278" pin="4"/><net_sink comp="390" pin=0"/></net>

<net id="395"><net_src comp="14" pin="0"/><net_sink comp="390" pin=1"/></net>

<net id="400"><net_src comp="278" pin="4"/><net_sink comp="396" pin=0"/></net>

<net id="401"><net_src comp="20" pin="0"/><net_sink comp="396" pin=1"/></net>

<net id="405"><net_src comp="278" pin="4"/><net_sink comp="402" pin=0"/></net>

<net id="406"><net_src comp="402" pin="1"/><net_sink comp="226" pin=2"/></net>

<net id="407"><net_src comp="402" pin="1"/><net_sink comp="234" pin=2"/></net>

<net id="414"><net_src comp="331" pin="2"/><net_sink comp="411" pin=0"/></net>

<net id="415"><net_src comp="411" pin="1"/><net_sink comp="245" pin=2"/></net>

<net id="419"><net_src comp="64" pin="3"/><net_sink comp="416" pin=0"/></net>

<net id="420"><net_src comp="416" pin="1"/><net_sink comp="71" pin=0"/></net>

<net id="424"><net_src comp="77" pin="3"/><net_sink comp="421" pin=0"/></net>

<net id="425"><net_src comp="421" pin="1"/><net_sink comp="83" pin=0"/></net>

<net id="432"><net_src comp="357" pin="1"/><net_sink comp="429" pin=0"/></net>

<net id="433"><net_src comp="429" pin="1"/><net_sink comp="294" pin=3"/></net>

<net id="437"><net_src comp="362" pin="2"/><net_sink comp="434" pin=0"/></net>

<net id="438"><net_src comp="434" pin="1"/><net_sink comp="256" pin=0"/></net>

<net id="442"><net_src comp="89" pin="3"/><net_sink comp="439" pin=0"/></net>

<net id="443"><net_src comp="439" pin="1"/><net_sink comp="71" pin=0"/></net>

<net id="444"><net_src comp="439" pin="1"/><net_sink comp="71" pin=2"/></net>

<net id="448"><net_src comp="98" pin="3"/><net_sink comp="445" pin=0"/></net>

<net id="449"><net_src comp="445" pin="1"/><net_sink comp="71" pin=2"/></net>

<net id="450"><net_src comp="445" pin="1"/><net_sink comp="71" pin=0"/></net>

<net id="454"><net_src comp="111" pin="3"/><net_sink comp="451" pin=0"/></net>

<net id="455"><net_src comp="451" pin="1"/><net_sink comp="71" pin=2"/></net>

<net id="459"><net_src comp="120" pin="3"/><net_sink comp="456" pin=0"/></net>

<net id="460"><net_src comp="456" pin="1"/><net_sink comp="71" pin=0"/></net>

<net id="464"><net_src comp="71" pin="3"/><net_sink comp="461" pin=0"/></net>

<net id="465"><net_src comp="461" pin="1"/><net_sink comp="71" pin=4"/></net>

<net id="469"><net_src comp="130" pin="3"/><net_sink comp="466" pin=0"/></net>

<net id="470"><net_src comp="466" pin="1"/><net_sink comp="71" pin=2"/></net>

<net id="471"><net_src comp="466" pin="1"/><net_sink comp="71" pin=0"/></net>

<net id="475"><net_src comp="139" pin="3"/><net_sink comp="472" pin=0"/></net>

<net id="476"><net_src comp="472" pin="1"/><net_sink comp="71" pin=0"/></net>

<net id="477"><net_src comp="472" pin="1"/><net_sink comp="71" pin=2"/></net>

<net id="481"><net_src comp="148" pin="3"/><net_sink comp="478" pin=0"/></net>

<net id="482"><net_src comp="478" pin="1"/><net_sink comp="71" pin=2"/></net>

<net id="486"><net_src comp="157" pin="3"/><net_sink comp="483" pin=0"/></net>

<net id="487"><net_src comp="483" pin="1"/><net_sink comp="71" pin=0"/></net>

<net id="491"><net_src comp="71" pin="7"/><net_sink comp="488" pin=0"/></net>

<net id="492"><net_src comp="488" pin="1"/><net_sink comp="71" pin=1"/></net>

<net id="496"><net_src comp="71" pin="3"/><net_sink comp="493" pin=0"/></net>

<net id="497"><net_src comp="493" pin="1"/><net_sink comp="71" pin=4"/></net>

<net id="501"><net_src comp="167" pin="3"/><net_sink comp="498" pin=0"/></net>

<net id="502"><net_src comp="498" pin="1"/><net_sink comp="71" pin=2"/></net>

<net id="503"><net_src comp="498" pin="1"/><net_sink comp="71" pin=0"/></net>

<net id="507"><net_src comp="176" pin="3"/><net_sink comp="504" pin=0"/></net>

<net id="508"><net_src comp="504" pin="1"/><net_sink comp="71" pin=0"/></net>

<net id="509"><net_src comp="504" pin="1"/><net_sink comp="71" pin=2"/></net>

<net id="513"><net_src comp="71" pin="7"/><net_sink comp="510" pin=0"/></net>

<net id="514"><net_src comp="510" pin="1"/><net_sink comp="71" pin=4"/></net>

<net id="518"><net_src comp="185" pin="3"/><net_sink comp="515" pin=0"/></net>

<net id="519"><net_src comp="515" pin="1"/><net_sink comp="71" pin=2"/></net>

<net id="523"><net_src comp="194" pin="3"/><net_sink comp="520" pin=0"/></net>

<net id="524"><net_src comp="520" pin="1"/><net_sink comp="71" pin=0"/></net>

<net id="531"><net_src comp="374" pin="2"/><net_sink comp="528" pin=0"/></net>

<net id="532"><net_src comp="528" pin="1"/><net_sink comp="267" pin=2"/></net>

<net id="536"><net_src comp="204" pin="3"/><net_sink comp="533" pin=0"/></net>

<net id="537"><net_src comp="533" pin="1"/><net_sink comp="71" pin=2"/></net>

<net id="541"><net_src comp="212" pin="3"/><net_sink comp="538" pin=0"/></net>

<net id="542"><net_src comp="538" pin="1"/><net_sink comp="219" pin=0"/></net>

<net id="549"><net_src comp="396" pin="2"/><net_sink comp="546" pin=0"/></net>

<net id="550"><net_src comp="546" pin="1"/><net_sink comp="278" pin=0"/></net>

<net id="554"><net_src comp="226" pin="3"/><net_sink comp="551" pin=0"/></net>

<net id="555"><net_src comp="551" pin="1"/><net_sink comp="71" pin=0"/></net>

<net id="556"><net_src comp="551" pin="1"/><net_sink comp="71" pin=2"/></net>

<net id="560"><net_src comp="234" pin="3"/><net_sink comp="557" pin=0"/></net>

<net id="561"><net_src comp="557" pin="1"/><net_sink comp="83" pin=0"/></net>

</net_list>

</model> 
---------------- Datapath Model END ------------------

* FSMD analyzer results:
  - Output states:
	Port: state | {4 7 8 9 11 13 14 15 16 17 20 22 }
 - Input state : 
	Port: aes_invMain : state | {3 4 5 7 8 9 10 11 12 13 14 18 19 21 22 }
	Port: aes_invMain : expandedKey | {1 2 5 6 16 17 }
	Port: aes_invMain : rsbox | {7 8 19 20 }
  - Chain level:
	State 1
		call_ln30 : 1
	State 2
	State 3
		icmp_ln221 : 1
		i_7 : 1
		br_ln221 : 2
		zext_ln222 : 1
		state_addr : 2
		state_load : 3
		roundKey_addr : 2
		roundKey_load : 3
	State 4
		xor_ln222 : 1
		store_ln222 : 1
	State 5
		icmp_ln33 : 1
		br_ln33 : 2
		shl_ln : 1
		zext_ln35 : 2
		call_ln35 : 3
		add_ln33 : 1
		tmp : 1
		state_load_14 : 1
	State 6
	State 7
	State 8
	State 9
		state_load_15 : 1
		state_load_16 : 1
		store_ln336 : 1
	State 10
		tmp_6 : 1
		tmp_7 : 1
	State 11
		state_load_19 : 1
		state_load_20 : 1
		store_ln350 : 1
		store_ln351 : 1
	State 12
		tmp_8 : 1
		tmp_9 : 1
	State 13
		tmp_10 : 1
		state_load_24 : 1
		store_ln371 : 1
	State 14
	State 15
	State 16
	State 17
	State 18
		icmp_ln315 : 1
		i_8 : 1
		br_ln315 : 2
		zext_ln317 : 1
		state_addr_27 : 2
		state_load_27 : 3
	State 19
		zext_ln48 : 1
		rsbox_addr : 2
		rsbox_load : 3
	State 20
		store_ln317 : 1
	State 21
		icmp_ln221_1 : 1
		i_9 : 1
		br_ln221 : 2
		zext_ln222_1 : 1
		state_addr_28 : 2
		state_load_26 : 3
		roundKey_addr_1 : 2
		roundKey_load_1 : 3
	State 22
		xor_ln222_1 : 1
		store_ln222 : 1


============================================================
+ Verbose Summary: Datapath Resource usage 
============================================================

* Functional unit list:
|----------|---------------------------|---------|---------|---------|
| Operation|      Functional Unit      |  Delay  |    FF   |   LUT   |
|----------|---------------------------|---------|---------|---------|
|   call   |  grp_aes_invRound_fu_285  | 52.6644 |   1410  |   1628  |
|          | grp_createRoundKey_fu_294 |  1.769  |    44   |    80   |
|----------|---------------------------|---------|---------|---------|
|          |         i_7_fu_331        |    0    |    0    |    15   |
|    add   |      add_ln33_fu_362      |    0    |    0    |    13   |
|          |         i_8_fu_374        |    0    |    0    |    15   |
|          |         i_9_fu_396        |    0    |    0    |    15   |
|----------|---------------------------|---------|---------|---------|
|          |     icmp_ln221_fu_325     |    0    |    0    |    11   |
|   icmp   |      icmp_ln33_fu_343     |    0    |    0    |    9    |
|          |     icmp_ln315_fu_368     |    0    |    0    |    11   |
|          |    icmp_ln221_1_fu_390    |    0    |    0    |    11   |
|----------|---------------------------|---------|---------|---------|
|    xor   |         grp_fu_305        |    0    |    0    |    8    |
|----------|---------------------------|---------|---------|---------|
|          |     zext_ln222_fu_337     |    0    |    0    |    0    |
|          |      zext_ln35_fu_357     |    0    |    0    |    0    |
|   zext   |     zext_ln317_fu_380     |    0    |    0    |    0    |
|          |      zext_ln48_fu_385     |    0    |    0    |    0    |
|          |    zext_ln222_1_fu_402    |    0    |    0    |    0    |
|----------|---------------------------|---------|---------|---------|
|bitconcatenate|       shl_ln_fu_349       |    0    |    0    |    0    |
|----------|---------------------------|---------|---------|---------|
|   Total  |                           | 54.4334 |   1454  |   1816  |
|----------|---------------------------|---------|---------|---------|

Memories:
+--------+--------+--------+--------+--------+
|        |  BRAM  |   FF   |   LUT  |  URAM  |
+--------+--------+--------+--------+--------+
|roundKey|    0   |   16   |    2   |    0   |
+--------+--------+--------+--------+--------+
|  Total |    0   |   16   |    2   |    0   |
+--------+--------+--------+--------+--------+

* Register list:
+-----------------------+--------+
|                       |   FF   |
+-----------------------+--------+
|    add_ln33_reg_434   |    4   |
|     i_0_i4_reg_263    |    5   |
|     i_0_i8_reg_274    |    5   |
|     i_0_i_reg_241     |    5   |
|      i_7_reg_411      |    5   |
|      i_8_reg_528      |    5   |
|      i_9_reg_546      |    5   |
|       i_reg_252       |    4   |
|        reg_313        |    8   |
|        reg_319        |    8   |
|roundKey_addr_1_reg_557|    4   |
| roundKey_addr_reg_421 |    4   |
|   rsbox_addr_reg_538  |    8   |
| state_addr_15_reg_439 |    4   |
| state_addr_16_reg_445 |    4   |
| state_addr_17_reg_451 |    4   |
| state_addr_18_reg_456 |    4   |
| state_addr_19_reg_466 |    4   |
| state_addr_20_reg_472 |    4   |
| state_addr_21_reg_478 |    4   |
| state_addr_22_reg_483 |    4   |
| state_addr_23_reg_498 |    4   |
| state_addr_24_reg_504 |    4   |
| state_addr_25_reg_515 |    4   |
| state_addr_26_reg_520 |    4   |
| state_addr_27_reg_533 |    4   |
| state_addr_28_reg_551 |    4   |
|   state_addr_reg_416  |    4   |
| state_load_16_reg_461 |    8   |
| state_load_19_reg_488 |    8   |
| state_load_20_reg_493 |    8   |
|     tmp_8_reg_510     |    8   |
|   zext_ln35_reg_429   |    9   |
+-----------------------+--------+
|         Total         |   171  |
+-----------------------+--------+

* Multiplexer (MUX) list: 
|---------------------------|------|------|------|--------||---------||---------|
|            Comp           |  Pin | Size |  BW  | S x BW ||  Delay  ||   LUT   |
|---------------------------|------|------|------|--------||---------||---------|
|      grp_access_fu_71     |  p0  |  19  |   4  |   76   ||    93   |
|      grp_access_fu_71     |  p1  |   5  |   8  |   40   ||    27   |
|      grp_access_fu_71     |  p2  |  18  |   0  |    0   ||    89   |
|      grp_access_fu_71     |  p4  |   8  |   4  |   32   ||    41   |
|      grp_access_fu_83     |  p0  |   4  |   4  |   16   ||    21   |
|     grp_access_fu_219     |  p0  |   2  |   8  |   16   ||    9    |
| grp_createRoundKey_fu_294 |  p3  |   4  |   9  |   36   ||    15   |
|          reg_319          |  p0  |   2  |   8  |   16   ||    9    |
|---------------------------|------|------|------|--------||---------||---------|
|           Total           |      |      |      |   232  || 15.7322 ||   304   |
|---------------------------|------|------|------|--------||---------||---------|



* Summary:
+-----------+--------+--------+--------+--------+--------+
|           |  BRAM  |  Delay |   FF   |   LUT  |  URAM  |
+-----------+--------+--------+--------+--------+--------+
|  Function |    -   |   54   |  1454  |  1816  |    -   |
|   Memory  |    0   |    -   |   16   |    2   |    0   |
|Multiplexer|    -   |   15   |    -   |   304  |    -   |
|  Register |    -   |    -   |   171  |    -   |    -   |
+-----------+--------+--------+--------+--------+--------+
|   Total   |    0   |   70   |  1641  |  2122  |    0   |
+-----------+--------+--------+--------+--------+--------+
