

================================================================
== Vivado HLS Report for 'decrypt_dut'
================================================================
* Date:           Mon Dec  9 19:19:41 2024

* Version:        2019.2 (Build 2704478 on Wed Nov 06 22:10:23 MST 2019)
* Project:        decrypt.prj
* Solution:       solution1
* Product family: zynq
* Target device:  xc7z020-clg484-1


================================================================
== Performance Estimates
================================================================
+ Timing: 
    * Summary: 
    +--------+----------+-----------+------------+
    |  Clock |  Target  | Estimated | Uncertainty|
    +--------+----------+-----------+------------+
    |ap_clk  | 10.00 ns | 12.548 ns |   1.25 ns  |
    +--------+----------+-----------+------------+

+ Latency: 
    * Summary: 
    +---------+---------+----------+----------+-----+-----+---------+
    |  Latency (cycles) |  Latency (absolute) |  Interval | Pipeline|
    |   min   |   max   |    min   |    max   | min | max |   Type  |
    +---------+---------+----------+----------+-----+-----+---------+
    |      583|      583| 7.315 us | 7.315 us |  583|  583|   none  |
    +---------+---------+----------+----------+-----+-----+---------+

    + Detail: 
        * Instance: 
        +------------------------+-------------+---------+---------+----------+----------+-----+-----+---------+
        |                        |             |  Latency (cycles) |  Latency (absolute) |  Interval | Pipeline|
        |        Instance        |    Module   |   min   |   max   |    min   |    max   | min | max |   Type  |
        +------------------------+-------------+---------+---------+----------+----------+-----+-----+---------+
        |grp_aes_decrypt_fu_148  |aes_decrypt  |      582|      582| 7.303 us | 7.303 us |  582|  582|   none  |
        +------------------------+-------------+---------+---------+----------+----------+-----+-----+---------+

        * Loop: 
        N/A

============================================================
+ Verbose Summary: Synthesis Manager
============================================================
InlineROM: 1
ExposeGlobal: 0
============================================================
+ Verbose Summary: CDFG Model
============================================================
IsTopModel: 1
ResetActiveHigh: 1
IsCombinational: 0
IsDatapathOnly: 0
HasWiredReturn: 1
HasMFsm: 0
HasVarLatency: 1
IsPipeline: 0
IsRtlPipelined: 0
IsInstanceOverlapped: 0
IsDontTouch: 0
HasImplIP: 0
IsGatedGlobalClock: 0


============================================================
+ Verbose Summary: Schedule
============================================================
* Number of FSM states : 2
* Pipeline : 0
* Dataflow Pipeline: 0

* FSM state transitions: 
1 --> 2 
2 --> 

* FSM state operations: 

State 1 <SV = 0> <Delay = 0.00>
ST_1 : Operation 3 [1/1] (0.00ns)   --->   "%input_0_read = call i8 @_ssdm_op_Read.ap_auto.i8P(i8* %input_0)" [decrypt.cpp:13]   --->   Operation 3 'read' 'input_0_read' <Predicate = true> <Delay = 0.00>
ST_1 : Operation 4 [1/1] (0.00ns)   --->   "%input_1_read = call i8 @_ssdm_op_Read.ap_auto.i8P(i8* %input_1)" [decrypt.cpp:13]   --->   Operation 4 'read' 'input_1_read' <Predicate = true> <Delay = 0.00>
ST_1 : Operation 5 [1/1] (0.00ns)   --->   "%input_2_read = call i8 @_ssdm_op_Read.ap_auto.i8P(i8* %input_2)" [decrypt.cpp:13]   --->   Operation 5 'read' 'input_2_read' <Predicate = true> <Delay = 0.00>
ST_1 : Operation 6 [1/1] (0.00ns)   --->   "%input_3_read = call i8 @_ssdm_op_Read.ap_auto.i8P(i8* %input_3)" [decrypt.cpp:13]   --->   Operation 6 'read' 'input_3_read' <Predicate = true> <Delay = 0.00>
ST_1 : Operation 7 [1/1] (0.00ns)   --->   "%input_4_read = call i8 @_ssdm_op_Read.ap_auto.i8P(i8* %input_4)" [decrypt.cpp:13]   --->   Operation 7 'read' 'input_4_read' <Predicate = true> <Delay = 0.00>
ST_1 : Operation 8 [1/1] (0.00ns)   --->   "%input_5_read = call i8 @_ssdm_op_Read.ap_auto.i8P(i8* %input_5)" [decrypt.cpp:13]   --->   Operation 8 'read' 'input_5_read' <Predicate = true> <Delay = 0.00>
ST_1 : Operation 9 [1/1] (0.00ns)   --->   "%input_6_read = call i8 @_ssdm_op_Read.ap_auto.i8P(i8* %input_6)" [decrypt.cpp:13]   --->   Operation 9 'read' 'input_6_read' <Predicate = true> <Delay = 0.00>
ST_1 : Operation 10 [1/1] (0.00ns)   --->   "%input_7_read = call i8 @_ssdm_op_Read.ap_auto.i8P(i8* %input_7)" [decrypt.cpp:13]   --->   Operation 10 'read' 'input_7_read' <Predicate = true> <Delay = 0.00>
ST_1 : Operation 11 [1/1] (0.00ns)   --->   "%input_8_read = call i8 @_ssdm_op_Read.ap_auto.i8P(i8* %input_8)" [decrypt.cpp:13]   --->   Operation 11 'read' 'input_8_read' <Predicate = true> <Delay = 0.00>
ST_1 : Operation 12 [1/1] (0.00ns)   --->   "%input_9_read = call i8 @_ssdm_op_Read.ap_auto.i8P(i8* %input_9)" [decrypt.cpp:13]   --->   Operation 12 'read' 'input_9_read' <Predicate = true> <Delay = 0.00>
ST_1 : Operation 13 [1/1] (0.00ns)   --->   "%input_10_read = call i8 @_ssdm_op_Read.ap_auto.i8P(i8* %input_10)" [decrypt.cpp:13]   --->   Operation 13 'read' 'input_10_read' <Predicate = true> <Delay = 0.00>
ST_1 : Operation 14 [1/1] (0.00ns)   --->   "%input_11_read = call i8 @_ssdm_op_Read.ap_auto.i8P(i8* %input_11)" [decrypt.cpp:13]   --->   Operation 14 'read' 'input_11_read' <Predicate = true> <Delay = 0.00>
ST_1 : Operation 15 [1/1] (0.00ns)   --->   "%input_12_read = call i8 @_ssdm_op_Read.ap_auto.i8P(i8* %input_12)" [decrypt.cpp:13]   --->   Operation 15 'read' 'input_12_read' <Predicate = true> <Delay = 0.00>
ST_1 : Operation 16 [1/1] (0.00ns)   --->   "%input_13_read = call i8 @_ssdm_op_Read.ap_auto.i8P(i8* %input_13)" [decrypt.cpp:13]   --->   Operation 16 'read' 'input_13_read' <Predicate = true> <Delay = 0.00>
ST_1 : Operation 17 [1/1] (0.00ns)   --->   "%input_14_read = call i8 @_ssdm_op_Read.ap_auto.i8P(i8* %input_14)" [decrypt.cpp:13]   --->   Operation 17 'read' 'input_14_read' <Predicate = true> <Delay = 0.00>
ST_1 : Operation 18 [1/1] (0.00ns)   --->   "%input_15_read = call i8 @_ssdm_op_Read.ap_auto.i8P(i8* %input_15)" [decrypt.cpp:13]   --->   Operation 18 'read' 'input_15_read' <Predicate = true> <Delay = 0.00>
ST_1 : Operation 19 [2/2] (0.00ns)   --->   "call fastcc void @aes_decrypt(i8 %input_0_read, i8 %input_1_read, i8 %input_2_read, i8 %input_3_read, i8 %input_4_read, i8 %input_5_read, i8 %input_6_read, i8 %input_7_read, i8 %input_8_read, i8 %input_9_read, i8 %input_10_read, i8 %input_11_read, i8 %input_12_read, i8 %input_13_read, i8 %input_14_read, i8 %input_15_read, [16 x i8]* %output_r, [16 x i8]* %key)" [decrypt.cpp:13]   --->   Operation 19 'call' <Predicate = true> <Delay = 0.00> <CoreType = "Generic">   --->   Core 0 '' <Latency = 0> <II = 1> <Delay = 1.00> <Generic> <Opcode : >

State 2 <SV = 1> <Delay = 0.00>
ST_2 : Operation 20 [1/1] (0.00ns)   --->   "call void (...)* @_ssdm_op_SpecBitsMap(i8* %input_15), !map !51"   --->   Operation 20 'specbitsmap' <Predicate = true> <Delay = 0.00>
ST_2 : Operation 21 [1/1] (0.00ns)   --->   "call void (...)* @_ssdm_op_SpecBitsMap(i8* %input_14), !map !57"   --->   Operation 21 'specbitsmap' <Predicate = true> <Delay = 0.00>
ST_2 : Operation 22 [1/1] (0.00ns)   --->   "call void (...)* @_ssdm_op_SpecBitsMap(i8* %input_13), !map !63"   --->   Operation 22 'specbitsmap' <Predicate = true> <Delay = 0.00>
ST_2 : Operation 23 [1/1] (0.00ns)   --->   "call void (...)* @_ssdm_op_SpecBitsMap(i8* %input_12), !map !69"   --->   Operation 23 'specbitsmap' <Predicate = true> <Delay = 0.00>
ST_2 : Operation 24 [1/1] (0.00ns)   --->   "call void (...)* @_ssdm_op_SpecBitsMap(i8* %input_11), !map !75"   --->   Operation 24 'specbitsmap' <Predicate = true> <Delay = 0.00>
ST_2 : Operation 25 [1/1] (0.00ns)   --->   "call void (...)* @_ssdm_op_SpecBitsMap(i8* %input_10), !map !81"   --->   Operation 25 'specbitsmap' <Predicate = true> <Delay = 0.00>
ST_2 : Operation 26 [1/1] (0.00ns)   --->   "call void (...)* @_ssdm_op_SpecBitsMap(i8* %input_9), !map !87"   --->   Operation 26 'specbitsmap' <Predicate = true> <Delay = 0.00>
ST_2 : Operation 27 [1/1] (0.00ns)   --->   "call void (...)* @_ssdm_op_SpecBitsMap(i8* %input_8), !map !93"   --->   Operation 27 'specbitsmap' <Predicate = true> <Delay = 0.00>
ST_2 : Operation 28 [1/1] (0.00ns)   --->   "call void (...)* @_ssdm_op_SpecBitsMap(i8* %input_7), !map !99"   --->   Operation 28 'specbitsmap' <Predicate = true> <Delay = 0.00>
ST_2 : Operation 29 [1/1] (0.00ns)   --->   "call void (...)* @_ssdm_op_SpecBitsMap(i8* %input_6), !map !105"   --->   Operation 29 'specbitsmap' <Predicate = true> <Delay = 0.00>
ST_2 : Operation 30 [1/1] (0.00ns)   --->   "call void (...)* @_ssdm_op_SpecBitsMap(i8* %input_5), !map !111"   --->   Operation 30 'specbitsmap' <Predicate = true> <Delay = 0.00>
ST_2 : Operation 31 [1/1] (0.00ns)   --->   "call void (...)* @_ssdm_op_SpecBitsMap(i8* %input_4), !map !117"   --->   Operation 31 'specbitsmap' <Predicate = true> <Delay = 0.00>
ST_2 : Operation 32 [1/1] (0.00ns)   --->   "call void (...)* @_ssdm_op_SpecBitsMap(i8* %input_3), !map !123"   --->   Operation 32 'specbitsmap' <Predicate = true> <Delay = 0.00>
ST_2 : Operation 33 [1/1] (0.00ns)   --->   "call void (...)* @_ssdm_op_SpecBitsMap(i8* %input_2), !map !129"   --->   Operation 33 'specbitsmap' <Predicate = true> <Delay = 0.00>
ST_2 : Operation 34 [1/1] (0.00ns)   --->   "call void (...)* @_ssdm_op_SpecBitsMap(i8* %input_1), !map !135"   --->   Operation 34 'specbitsmap' <Predicate = true> <Delay = 0.00>
ST_2 : Operation 35 [1/1] (0.00ns)   --->   "call void (...)* @_ssdm_op_SpecBitsMap(i8* %input_0), !map !141"   --->   Operation 35 'specbitsmap' <Predicate = true> <Delay = 0.00>
ST_2 : Operation 36 [1/1] (0.00ns)   --->   "call void (...)* @_ssdm_op_SpecBitsMap([16 x i8]* %output_r) nounwind, !map !147"   --->   Operation 36 'specbitsmap' <Predicate = true> <Delay = 0.00>
ST_2 : Operation 37 [1/1] (0.00ns)   --->   "call void (...)* @_ssdm_op_SpecBitsMap([16 x i8]* %key) nounwind, !map !153"   --->   Operation 37 'specbitsmap' <Predicate = true> <Delay = 0.00>
ST_2 : Operation 38 [1/1] (0.00ns)   --->   "call void (...)* @_ssdm_op_SpecTopModule([12 x i8]* @decrypt_dut_str) nounwind"   --->   Operation 38 'spectopmodule' <Predicate = true> <Delay = 0.00>
ST_2 : Operation 39 [1/2] (0.00ns)   --->   "call fastcc void @aes_decrypt(i8 %input_0_read, i8 %input_1_read, i8 %input_2_read, i8 %input_3_read, i8 %input_4_read, i8 %input_5_read, i8 %input_6_read, i8 %input_7_read, i8 %input_8_read, i8 %input_9_read, i8 %input_10_read, i8 %input_11_read, i8 %input_12_read, i8 %input_13_read, i8 %input_14_read, i8 %input_15_read, [16 x i8]* %output_r, [16 x i8]* %key)" [decrypt.cpp:13]   --->   Operation 39 'call' <Predicate = true> <Delay = 0.00> <CoreType = "Generic">   --->   Core 0 '' <Latency = 0> <II = 1> <Delay = 1.00> <Generic> <Opcode : >
ST_2 : Operation 40 [1/1] (0.00ns)   --->   "ret void" [decrypt.cpp:14]   --->   Operation 40 'ret' <Predicate = true> <Delay = 0.00>


============================================================
+ Verbose Summary: Binding
============================================================
STG Binding: 
---------------- STG Properties BEGIN ----------------
- Is combinational: 0
- Is one-state seq: 0
- Is datapath-only: 0
- Is pipelined: 0
- Is top level: 1
Port [ Return ] is wired: 1; IO mode=ap_ctrl_hs:ce=0
Port [ input_0]:  wired=1; compound=0; hidden=0; nouse=0; global=0; static=0; extern=0; dir=0; type=0; pingpong=0; private_global=0; IO mode=ap_none:ce=0
Port [ input_1]:  wired=1; compound=0; hidden=0; nouse=0; global=0; static=0; extern=0; dir=0; type=0; pingpong=0; private_global=0; IO mode=ap_none:ce=0
Port [ input_2]:  wired=1; compound=0; hidden=0; nouse=0; global=0; static=0; extern=0; dir=0; type=0; pingpong=0; private_global=0; IO mode=ap_none:ce=0
Port [ input_3]:  wired=1; compound=0; hidden=0; nouse=0; global=0; static=0; extern=0; dir=0; type=0; pingpong=0; private_global=0; IO mode=ap_none:ce=0
Port [ input_4]:  wired=1; compound=0; hidden=0; nouse=0; global=0; static=0; extern=0; dir=0; type=0; pingpong=0; private_global=0; IO mode=ap_none:ce=0
Port [ input_5]:  wired=1; compound=0; hidden=0; nouse=0; global=0; static=0; extern=0; dir=0; type=0; pingpong=0; private_global=0; IO mode=ap_none:ce=0
Port [ input_6]:  wired=1; compound=0; hidden=0; nouse=0; global=0; static=0; extern=0; dir=0; type=0; pingpong=0; private_global=0; IO mode=ap_none:ce=0
Port [ input_7]:  wired=1; compound=0; hidden=0; nouse=0; global=0; static=0; extern=0; dir=0; type=0; pingpong=0; private_global=0; IO mode=ap_none:ce=0
Port [ input_8]:  wired=1; compound=0; hidden=0; nouse=0; global=0; static=0; extern=0; dir=0; type=0; pingpong=0; private_global=0; IO mode=ap_none:ce=0
Port [ input_9]:  wired=1; compound=0; hidden=0; nouse=0; global=0; static=0; extern=0; dir=0; type=0; pingpong=0; private_global=0; IO mode=ap_none:ce=0
Port [ input_10]:  wired=1; compound=0; hidden=0; nouse=0; global=0; static=0; extern=0; dir=0; type=0; pingpong=0; private_global=0; IO mode=ap_none:ce=0
Port [ input_11]:  wired=1; compound=0; hidden=0; nouse=0; global=0; static=0; extern=0; dir=0; type=0; pingpong=0; private_global=0; IO mode=ap_none:ce=0
Port [ input_12]:  wired=1; compound=0; hidden=0; nouse=0; global=0; static=0; extern=0; dir=0; type=0; pingpong=0; private_global=0; IO mode=ap_none:ce=0
Port [ input_13]:  wired=1; compound=0; hidden=0; nouse=0; global=0; static=0; extern=0; dir=0; type=0; pingpong=0; private_global=0; IO mode=ap_none:ce=0
Port [ input_14]:  wired=1; compound=0; hidden=0; nouse=0; global=0; static=0; extern=0; dir=0; type=0; pingpong=0; private_global=0; IO mode=ap_none:ce=0
Port [ input_15]:  wired=1; compound=0; hidden=0; nouse=0; global=0; static=0; extern=0; dir=0; type=0; pingpong=0; private_global=0; IO mode=ap_none:ce=0
Port [ output_r]:  wired=1; compound=1; hidden=0; nouse=0; global=0; static=0; extern=0; dir=1; type=1; pingpong=0; private_global=0; MemPort=[03]; IO mode=ap_memory:ce=0
Port [ key]:  wired=1; compound=1; hidden=0; nouse=0; global=0; static=0; extern=0; dir=0; type=1; pingpong=0; private_global=0; MemPort=[13]; IO mode=ap_memory:ce=0
Port [ sbox]:  wired=0; compound=1; hidden=1; nouse=1; global=1; static=1; extern=0; dir=0; type=1; pingpong=0; private_global=0; linkage=7; visibility=0; MemPort=[1]; IO mode=ap_memory:ce=0
Port [ Rcon]:  wired=0; compound=1; hidden=1; nouse=1; global=1; static=1; extern=0; dir=0; type=1; pingpong=0; private_global=0; linkage=7; visibility=0; MemPort=[1]; IO mode=ap_memory:ce=0
Port [ rsbox]:  wired=0; compound=1; hidden=1; nouse=1; global=1; static=1; extern=0; dir=0; type=1; pingpong=0; private_global=0; linkage=7; visibility=0; MemPort=[11]; IO mode=ap_memory:ce=0
---------------- STG Properties END ------------------

---------------- Datapath Model BEGIN ----------------

<LifeTime>
<method=bitvector/>
input_0_read      (read         ) [ 001]
input_1_read      (read         ) [ 001]
input_2_read      (read         ) [ 001]
input_3_read      (read         ) [ 001]
input_4_read      (read         ) [ 001]
input_5_read      (read         ) [ 001]
input_6_read      (read         ) [ 001]
input_7_read      (read         ) [ 001]
input_8_read      (read         ) [ 001]
input_9_read      (read         ) [ 001]
input_10_read     (read         ) [ 001]
input_11_read     (read         ) [ 001]
input_12_read     (read         ) [ 001]
input_13_read     (read         ) [ 001]
input_14_read     (read         ) [ 001]
input_15_read     (read         ) [ 001]
specbitsmap_ln0   (specbitsmap  ) [ 000]
specbitsmap_ln0   (specbitsmap  ) [ 000]
specbitsmap_ln0   (specbitsmap  ) [ 000]
specbitsmap_ln0   (specbitsmap  ) [ 000]
specbitsmap_ln0   (specbitsmap  ) [ 000]
specbitsmap_ln0   (specbitsmap  ) [ 000]
specbitsmap_ln0   (specbitsmap  ) [ 000]
specbitsmap_ln0   (specbitsmap  ) [ 000]
specbitsmap_ln0   (specbitsmap  ) [ 000]
specbitsmap_ln0   (specbitsmap  ) [ 000]
specbitsmap_ln0   (specbitsmap  ) [ 000]
specbitsmap_ln0   (specbitsmap  ) [ 000]
specbitsmap_ln0   (specbitsmap  ) [ 000]
specbitsmap_ln0   (specbitsmap  ) [ 000]
specbitsmap_ln0   (specbitsmap  ) [ 000]
specbitsmap_ln0   (specbitsmap  ) [ 000]
specbitsmap_ln0   (specbitsmap  ) [ 000]
specbitsmap_ln0   (specbitsmap  ) [ 000]
spectopmodule_ln0 (spectopmodule) [ 000]
call_ln13         (call         ) [ 000]
ret_ln14          (ret          ) [ 000]
</LifeTime>

<model>

<comp_list>
<comp id="0" class="1000" name="input_0">
<pin_list>
<pin id="1" dir="1" index="0" bw="1" slack="0"/>
</pin_list>
<bind>
<StgValue><ssdm name="input_0"/></StgValue>
</bind>
</comp>

<comp id="2" class="1000" name="input_1">
<pin_list>
<pin id="3" dir="1" index="0" bw="1" slack="0"/>
</pin_list>
<bind>
<StgValue><ssdm name="input_1"/></StgValue>
</bind>
</comp>

<comp id="4" class="1000" name="input_2">
<pin_list>
<pin id="5" dir="1" index="0" bw="1" slack="0"/>
</pin_list>
<bind>
<StgValue><ssdm name="input_2"/></StgValue>
</bind>
</comp>

<comp id="6" class="1000" name="input_3">
<pin_list>
<pin id="7" dir="1" index="0" bw="1" slack="0"/>
</pin_list>
<bind>
<StgValue><ssdm name="input_3"/></StgValue>
</bind>
</comp>

<comp id="8" class="1000" name="input_4">
<pin_list>
<pin id="9" dir="1" index="0" bw="1" slack="0"/>
</pin_list>
<bind>
<StgValue><ssdm name="input_4"/></StgValue>
</bind>
</comp>

<comp id="10" class="1000" name="input_5">
<pin_list>
<pin id="11" dir="1" index="0" bw="1" slack="0"/>
</pin_list>
<bind>
<StgValue><ssdm name="input_5"/></StgValue>
</bind>
</comp>

<comp id="12" class="1000" name="input_6">
<pin_list>
<pin id="13" dir="1" index="0" bw="1" slack="0"/>
</pin_list>
<bind>
<StgValue><ssdm name="input_6"/></StgValue>
</bind>
</comp>

<comp id="14" class="1000" name="input_7">
<pin_list>
<pin id="15" dir="1" index="0" bw="1" slack="0"/>
</pin_list>
<bind>
<StgValue><ssdm name="input_7"/></StgValue>
</bind>
</comp>

<comp id="16" class="1000" name="input_8">
<pin_list>
<pin id="17" dir="1" index="0" bw="1" slack="0"/>
</pin_list>
<bind>
<StgValue><ssdm name="input_8"/></StgValue>
</bind>
</comp>

<comp id="18" class="1000" name="input_9">
<pin_list>
<pin id="19" dir="1" index="0" bw="1" slack="0"/>
</pin_list>
<bind>
<StgValue><ssdm name="input_9"/></StgValue>
</bind>
</comp>

<comp id="20" class="1000" name="input_10">
<pin_list>
<pin id="21" dir="1" index="0" bw="1" slack="0"/>
</pin_list>
<bind>
<StgValue><ssdm name="input_10"/></StgValue>
</bind>
</comp>

<comp id="22" class="1000" name="input_11">
<pin_list>
<pin id="23" dir="1" index="0" bw="1" slack="0"/>
</pin_list>
<bind>
<StgValue><ssdm name="input_11"/></StgValue>
</bind>
</comp>

<comp id="24" class="1000" name="input_12">
<pin_list>
<pin id="25" dir="1" index="0" bw="1" slack="0"/>
</pin_list>
<bind>
<StgValue><ssdm name="input_12"/></StgValue>
</bind>
</comp>

<comp id="26" class="1000" name="input_13">
<pin_list>
<pin id="27" dir="1" index="0" bw="1" slack="0"/>
</pin_list>
<bind>
<StgValue><ssdm name="input_13"/></StgValue>
</bind>
</comp>

<comp id="28" class="1000" name="input_14">
<pin_list>
<pin id="29" dir="1" index="0" bw="1" slack="0"/>
</pin_list>
<bind>
<StgValue><ssdm name="input_14"/></StgValue>
</bind>
</comp>

<comp id="30" class="1000" name="input_15">
<pin_list>
<pin id="31" dir="1" index="0" bw="1" slack="0"/>
</pin_list>
<bind>
<StgValue><ssdm name="input_15"/></StgValue>
</bind>
</comp>

<comp id="32" class="1000" name="output_r">
<pin_list>
<pin id="33" dir="1" index="0" bw="1" slack="0"/>
</pin_list>
<bind>
<StgValue><ssdm name="output_r"/><MemPortTyVec>0 3 </MemPortTyVec>
</StgValue>
</bind>
</comp>

<comp id="34" class="1000" name="key">
<pin_list>
<pin id="35" dir="1" index="0" bw="1" slack="0"/>
</pin_list>
<bind>
<StgValue><ssdm name="key"/><MemPortTyVec>1 3 </MemPortTyVec>
</StgValue>
</bind>
</comp>

<comp id="36" class="1000" name="sbox">
<pin_list>
<pin id="37" dir="1" index="0" bw="1" slack="0"/>
</pin_list>
<bind>
<StgValue><ssdm name="sbox"/><MemPortTyVec>1 </MemPortTyVec>
</StgValue>
</bind>
</comp>

<comp id="38" class="1000" name="Rcon">
<pin_list>
<pin id="39" dir="1" index="0" bw="1" slack="0"/>
</pin_list>
<bind>
<StgValue><ssdm name="Rcon"/><MemPortTyVec>1 </MemPortTyVec>
</StgValue>
</bind>
</comp>

<comp id="40" class="1000" name="rsbox">
<pin_list>
<pin id="41" dir="1" index="0" bw="1" slack="0"/>
</pin_list>
<bind>
<StgValue><ssdm name="rsbox"/><MemPortTyVec>1 1 </MemPortTyVec>
</StgValue>
</bind>
</comp>

<comp id="42" class="1001" name="const_42">
<pin_list>
<pin id="43" dir="1" index="0" bw="1" slack="0"/>
</pin_list>
<bind>
<StgValue><ssdm name="_ssdm_op_Read.ap_auto.i8P"/></StgValue>
</bind>
</comp>

<comp id="44" class="1001" name="const_44">
<pin_list>
<pin id="45" dir="1" index="0" bw="1" slack="0"/>
</pin_list>
<bind>
<StgValue><ssdm name="aes_decrypt"/></StgValue>
</bind>
</comp>

<comp id="46" class="1001" name="const_46">
<pin_list>
<pin id="47" dir="1" index="0" bw="1" slack="2147483647"/>
</pin_list>
<bind>
<StgValue><ssdm name="_ssdm_op_SpecBitsMap"/></StgValue>
</bind>
</comp>

<comp id="48" class="1001" name="const_48">
<pin_list>
<pin id="49" dir="1" index="0" bw="1" slack="2147483647"/>
</pin_list>
<bind>
<StgValue><ssdm name="_ssdm_op_SpecTopModule"/></StgValue>
</bind>
</comp>

<comp id="50" class="1001" name="const_50">
<pin_list>
<pin id="51" dir="1" index="0" bw="1" slack="2147483647"/>
</pin_list>
<bind>
<StgValue><ssdm name="decrypt_dut_str"/></StgValue>
</bind>
</comp>

<comp id="52" class="1004" name="input_0_read_read_fu_52">
<pin_list>
<pin id="53" dir="0" index="0" bw="8" slack="0"/>
<pin id="54" dir="0" index="1" bw="8" slack="0"/>
<pin id="55" dir="1" index="2" bw="8" slack="0"/>
</pin_list>
<bind>
<opcode="read(1150) " fcode="read"/>
<opset="input_0_read/1 "/>
</bind>
</comp>

<comp id="58" class="1004" name="input_1_read_read_fu_58">
<pin_list>
<pin id="59" dir="0" index="0" bw="8" slack="0"/>
<pin id="60" dir="0" index="1" bw="8" slack="0"/>
<pin id="61" dir="1" index="2" bw="8" slack="0"/>
</pin_list>
<bind>
<opcode="read(1150) " fcode="read"/>
<opset="input_1_read/1 "/>
</bind>
</comp>

<comp id="64" class="1004" name="input_2_read_read_fu_64">
<pin_list>
<pin id="65" dir="0" index="0" bw="8" slack="0"/>
<pin id="66" dir="0" index="1" bw="8" slack="0"/>
<pin id="67" dir="1" index="2" bw="8" slack="0"/>
</pin_list>
<bind>
<opcode="read(1150) " fcode="read"/>
<opset="input_2_read/1 "/>
</bind>
</comp>

<comp id="70" class="1004" name="input_3_read_read_fu_70">
<pin_list>
<pin id="71" dir="0" index="0" bw="8" slack="0"/>
<pin id="72" dir="0" index="1" bw="8" slack="0"/>
<pin id="73" dir="1" index="2" bw="8" slack="0"/>
</pin_list>
<bind>
<opcode="read(1150) " fcode="read"/>
<opset="input_3_read/1 "/>
</bind>
</comp>

<comp id="76" class="1004" name="input_4_read_read_fu_76">
<pin_list>
<pin id="77" dir="0" index="0" bw="8" slack="0"/>
<pin id="78" dir="0" index="1" bw="8" slack="0"/>
<pin id="79" dir="1" index="2" bw="8" slack="0"/>
</pin_list>
<bind>
<opcode="read(1150) " fcode="read"/>
<opset="input_4_read/1 "/>
</bind>
</comp>

<comp id="82" class="1004" name="input_5_read_read_fu_82">
<pin_list>
<pin id="83" dir="0" index="0" bw="8" slack="0"/>
<pin id="84" dir="0" index="1" bw="8" slack="0"/>
<pin id="85" dir="1" index="2" bw="8" slack="0"/>
</pin_list>
<bind>
<opcode="read(1150) " fcode="read"/>
<opset="input_5_read/1 "/>
</bind>
</comp>

<comp id="88" class="1004" name="input_6_read_read_fu_88">
<pin_list>
<pin id="89" dir="0" index="0" bw="8" slack="0"/>
<pin id="90" dir="0" index="1" bw="8" slack="0"/>
<pin id="91" dir="1" index="2" bw="8" slack="0"/>
</pin_list>
<bind>
<opcode="read(1150) " fcode="read"/>
<opset="input_6_read/1 "/>
</bind>
</comp>

<comp id="94" class="1004" name="input_7_read_read_fu_94">
<pin_list>
<pin id="95" dir="0" index="0" bw="8" slack="0"/>
<pin id="96" dir="0" index="1" bw="8" slack="0"/>
<pin id="97" dir="1" index="2" bw="8" slack="0"/>
</pin_list>
<bind>
<opcode="read(1150) " fcode="read"/>
<opset="input_7_read/1 "/>
</bind>
</comp>

<comp id="100" class="1004" name="input_8_read_read_fu_100">
<pin_list>
<pin id="101" dir="0" index="0" bw="8" slack="0"/>
<pin id="102" dir="0" index="1" bw="8" slack="0"/>
<pin id="103" dir="1" index="2" bw="8" slack="0"/>
</pin_list>
<bind>
<opcode="read(1150) " fcode="read"/>
<opset="input_8_read/1 "/>
</bind>
</comp>

<comp id="106" class="1004" name="input_9_read_read_fu_106">
<pin_list>
<pin id="107" dir="0" index="0" bw="8" slack="0"/>
<pin id="108" dir="0" index="1" bw="8" slack="0"/>
<pin id="109" dir="1" index="2" bw="8" slack="0"/>
</pin_list>
<bind>
<opcode="read(1150) " fcode="read"/>
<opset="input_9_read/1 "/>
</bind>
</comp>

<comp id="112" class="1004" name="input_10_read_read_fu_112">
<pin_list>
<pin id="113" dir="0" index="0" bw="8" slack="0"/>
<pin id="114" dir="0" index="1" bw="8" slack="0"/>
<pin id="115" dir="1" index="2" bw="8" slack="0"/>
</pin_list>
<bind>
<opcode="read(1150) " fcode="read"/>
<opset="input_10_read/1 "/>
</bind>
</comp>

<comp id="118" class="1004" name="input_11_read_read_fu_118">
<pin_list>
<pin id="119" dir="0" index="0" bw="8" slack="0"/>
<pin id="120" dir="0" index="1" bw="8" slack="0"/>
<pin id="121" dir="1" index="2" bw="8" slack="0"/>
</pin_list>
<bind>
<opcode="read(1150) " fcode="read"/>
<opset="input_11_read/1 "/>
</bind>
</comp>

<comp id="124" class="1004" name="input_12_read_read_fu_124">
<pin_list>
<pin id="125" dir="0" index="0" bw="8" slack="0"/>
<pin id="126" dir="0" index="1" bw="8" slack="0"/>
<pin id="127" dir="1" index="2" bw="8" slack="0"/>
</pin_list>
<bind>
<opcode="read(1150) " fcode="read"/>
<opset="input_12_read/1 "/>
</bind>
</comp>

<comp id="130" class="1004" name="input_13_read_read_fu_130">
<pin_list>
<pin id="131" dir="0" index="0" bw="8" slack="0"/>
<pin id="132" dir="0" index="1" bw="8" slack="0"/>
<pin id="133" dir="1" index="2" bw="8" slack="0"/>
</pin_list>
<bind>
<opcode="read(1150) " fcode="read"/>
<opset="input_13_read/1 "/>
</bind>
</comp>

<comp id="136" class="1004" name="input_14_read_read_fu_136">
<pin_list>
<pin id="137" dir="0" index="0" bw="8" slack="0"/>
<pin id="138" dir="0" index="1" bw="8" slack="0"/>
<pin id="139" dir="1" index="2" bw="8" slack="0"/>
</pin_list>
<bind>
<opcode="read(1150) " fcode="read"/>
<opset="input_14_read/1 "/>
</bind>
</comp>

<comp id="142" class="1004" name="input_15_read_read_fu_142">
<pin_list>
<pin id="143" dir="0" index="0" bw="8" slack="0"/>
<pin id="144" dir="0" index="1" bw="8" slack="0"/>
<pin id="145" dir="1" index="2" bw="8" slack="0"/>
</pin_list>
<bind>
<opcode="read(1150) " fcode="read"/>
<opset="input_15_read/1 "/>
</bind>
</comp>

<comp id="148" class="1004" name="grp_aes_decrypt_fu_148">
<pin_list>
<pin id="149" dir="0" index="0" bw="0" slack="0"/>
<pin id="150" dir="0" index="1" bw="8" slack="0"/>
<pin id="151" dir="0" index="2" bw="8" slack="0"/>
<pin id="152" dir="0" index="3" bw="8" slack="0"/>
<pin id="153" dir="0" index="4" bw="8" slack="0"/>
<pin id="154" dir="0" index="5" bw="8" slack="0"/>
<pin id="155" dir="0" index="6" bw="8" slack="0"/>
<pin id="156" dir="0" index="7" bw="8" slack="0"/>
<pin id="157" dir="0" index="8" bw="8" slack="0"/>
<pin id="158" dir="0" index="9" bw="8" slack="0"/>
<pin id="159" dir="0" index="10" bw="8" slack="0"/>
<pin id="160" dir="0" index="11" bw="8" slack="0"/>
<pin id="161" dir="0" index="12" bw="8" slack="0"/>
<pin id="162" dir="0" index="13" bw="8" slack="0"/>
<pin id="163" dir="0" index="14" bw="8" slack="0"/>
<pin id="164" dir="0" index="15" bw="8" slack="0"/>
<pin id="165" dir="0" index="16" bw="8" slack="0"/>
<pin id="166" dir="0" index="17" bw="8" slack="0"/>
<pin id="167" dir="0" index="18" bw="8" slack="0"/>
<pin id="168" dir="0" index="19" bw="8" slack="0"/>
<pin id="169" dir="0" index="20" bw="8" slack="0"/>
<pin id="170" dir="0" index="21" bw="8" slack="0"/>
<pin id="171" dir="1" index="22" bw="0" slack="2147483647"/>
</pin_list>
<bind>
<opcode="call(48) " fcode="call"/>
<opset="call_ln13/1 "/>
</bind>
</comp>

<comp id="194" class="1005" name="input_0_read_reg_194">
<pin_list>
<pin id="195" dir="0" index="0" bw="8" slack="1"/>
<pin id="196" dir="1" index="1" bw="8" slack="1"/>
</pin_list>
<bind>
<opset="input_0_read "/>
</bind>
</comp>

<comp id="199" class="1005" name="input_1_read_reg_199">
<pin_list>
<pin id="200" dir="0" index="0" bw="8" slack="1"/>
<pin id="201" dir="1" index="1" bw="8" slack="1"/>
</pin_list>
<bind>
<opset="input_1_read "/>
</bind>
</comp>

<comp id="204" class="1005" name="input_2_read_reg_204">
<pin_list>
<pin id="205" dir="0" index="0" bw="8" slack="1"/>
<pin id="206" dir="1" index="1" bw="8" slack="1"/>
</pin_list>
<bind>
<opset="input_2_read "/>
</bind>
</comp>

<comp id="209" class="1005" name="input_3_read_reg_209">
<pin_list>
<pin id="210" dir="0" index="0" bw="8" slack="1"/>
<pin id="211" dir="1" index="1" bw="8" slack="1"/>
</pin_list>
<bind>
<opset="input_3_read "/>
</bind>
</comp>

<comp id="214" class="1005" name="input_4_read_reg_214">
<pin_list>
<pin id="215" dir="0" index="0" bw="8" slack="1"/>
<pin id="216" dir="1" index="1" bw="8" slack="1"/>
</pin_list>
<bind>
<opset="input_4_read "/>
</bind>
</comp>

<comp id="219" class="1005" name="input_5_read_reg_219">
<pin_list>
<pin id="220" dir="0" index="0" bw="8" slack="1"/>
<pin id="221" dir="1" index="1" bw="8" slack="1"/>
</pin_list>
<bind>
<opset="input_5_read "/>
</bind>
</comp>

<comp id="224" class="1005" name="input_6_read_reg_224">
<pin_list>
<pin id="225" dir="0" index="0" bw="8" slack="1"/>
<pin id="226" dir="1" index="1" bw="8" slack="1"/>
</pin_list>
<bind>
<opset="input_6_read "/>
</bind>
</comp>

<comp id="229" class="1005" name="input_7_read_reg_229">
<pin_list>
<pin id="230" dir="0" index="0" bw="8" slack="1"/>
<pin id="231" dir="1" index="1" bw="8" slack="1"/>
</pin_list>
<bind>
<opset="input_7_read "/>
</bind>
</comp>

<comp id="234" class="1005" name="input_8_read_reg_234">
<pin_list>
<pin id="235" dir="0" index="0" bw="8" slack="1"/>
<pin id="236" dir="1" index="1" bw="8" slack="1"/>
</pin_list>
<bind>
<opset="input_8_read "/>
</bind>
</comp>

<comp id="239" class="1005" name="input_9_read_reg_239">
<pin_list>
<pin id="240" dir="0" index="0" bw="8" slack="1"/>
<pin id="241" dir="1" index="1" bw="8" slack="1"/>
</pin_list>
<bind>
<opset="input_9_read "/>
</bind>
</comp>

<comp id="244" class="1005" name="input_10_read_reg_244">
<pin_list>
<pin id="245" dir="0" index="0" bw="8" slack="1"/>
<pin id="246" dir="1" index="1" bw="8" slack="1"/>
</pin_list>
<bind>
<opset="input_10_read "/>
</bind>
</comp>

<comp id="249" class="1005" name="input_11_read_reg_249">
<pin_list>
<pin id="250" dir="0" index="0" bw="8" slack="1"/>
<pin id="251" dir="1" index="1" bw="8" slack="1"/>
</pin_list>
<bind>
<opset="input_11_read "/>
</bind>
</comp>

<comp id="254" class="1005" name="input_12_read_reg_254">
<pin_list>
<pin id="255" dir="0" index="0" bw="8" slack="1"/>
<pin id="256" dir="1" index="1" bw="8" slack="1"/>
</pin_list>
<bind>
<opset="input_12_read "/>
</bind>
</comp>

<comp id="259" class="1005" name="input_13_read_reg_259">
<pin_list>
<pin id="260" dir="0" index="0" bw="8" slack="1"/>
<pin id="261" dir="1" index="1" bw="8" slack="1"/>
</pin_list>
<bind>
<opset="input_13_read "/>
</bind>
</comp>

<comp id="264" class="1005" name="input_14_read_reg_264">
<pin_list>
<pin id="265" dir="0" index="0" bw="8" slack="1"/>
<pin id="266" dir="1" index="1" bw="8" slack="1"/>
</pin_list>
<bind>
<opset="input_14_read "/>
</bind>
</comp>

<comp id="269" class="1005" name="input_15_read_reg_269">
<pin_list>
<pin id="270" dir="0" index="0" bw="8" slack="1"/>
<pin id="271" dir="1" index="1" bw="8" slack="1"/>
</pin_list>
<bind>
<opset="input_15_read "/>
</bind>
</comp>

</comp_list>

<net_list>
<net id="56"><net_src comp="42" pin="0"/><net_sink comp="52" pin=0"/></net>

<net id="57"><net_src comp="0" pin="0"/><net_sink comp="52" pin=1"/></net>

<net id="62"><net_src comp="42" pin="0"/><net_sink comp="58" pin=0"/></net>

<net id="63"><net_src comp="2" pin="0"/><net_sink comp="58" pin=1"/></net>

<net id="68"><net_src comp="42" pin="0"/><net_sink comp="64" pin=0"/></net>

<net id="69"><net_src comp="4" pin="0"/><net_sink comp="64" pin=1"/></net>

<net id="74"><net_src comp="42" pin="0"/><net_sink comp="70" pin=0"/></net>

<net id="75"><net_src comp="6" pin="0"/><net_sink comp="70" pin=1"/></net>

<net id="80"><net_src comp="42" pin="0"/><net_sink comp="76" pin=0"/></net>

<net id="81"><net_src comp="8" pin="0"/><net_sink comp="76" pin=1"/></net>

<net id="86"><net_src comp="42" pin="0"/><net_sink comp="82" pin=0"/></net>

<net id="87"><net_src comp="10" pin="0"/><net_sink comp="82" pin=1"/></net>

<net id="92"><net_src comp="42" pin="0"/><net_sink comp="88" pin=0"/></net>

<net id="93"><net_src comp="12" pin="0"/><net_sink comp="88" pin=1"/></net>

<net id="98"><net_src comp="42" pin="0"/><net_sink comp="94" pin=0"/></net>

<net id="99"><net_src comp="14" pin="0"/><net_sink comp="94" pin=1"/></net>

<net id="104"><net_src comp="42" pin="0"/><net_sink comp="100" pin=0"/></net>

<net id="105"><net_src comp="16" pin="0"/><net_sink comp="100" pin=1"/></net>

<net id="110"><net_src comp="42" pin="0"/><net_sink comp="106" pin=0"/></net>

<net id="111"><net_src comp="18" pin="0"/><net_sink comp="106" pin=1"/></net>

<net id="116"><net_src comp="42" pin="0"/><net_sink comp="112" pin=0"/></net>

<net id="117"><net_src comp="20" pin="0"/><net_sink comp="112" pin=1"/></net>

<net id="122"><net_src comp="42" pin="0"/><net_sink comp="118" pin=0"/></net>

<net id="123"><net_src comp="22" pin="0"/><net_sink comp="118" pin=1"/></net>

<net id="128"><net_src comp="42" pin="0"/><net_sink comp="124" pin=0"/></net>

<net id="129"><net_src comp="24" pin="0"/><net_sink comp="124" pin=1"/></net>

<net id="134"><net_src comp="42" pin="0"/><net_sink comp="130" pin=0"/></net>

<net id="135"><net_src comp="26" pin="0"/><net_sink comp="130" pin=1"/></net>

<net id="140"><net_src comp="42" pin="0"/><net_sink comp="136" pin=0"/></net>

<net id="141"><net_src comp="28" pin="0"/><net_sink comp="136" pin=1"/></net>

<net id="146"><net_src comp="42" pin="0"/><net_sink comp="142" pin=0"/></net>

<net id="147"><net_src comp="30" pin="0"/><net_sink comp="142" pin=1"/></net>

<net id="172"><net_src comp="44" pin="0"/><net_sink comp="148" pin=0"/></net>

<net id="173"><net_src comp="52" pin="2"/><net_sink comp="148" pin=1"/></net>

<net id="174"><net_src comp="58" pin="2"/><net_sink comp="148" pin=2"/></net>

<net id="175"><net_src comp="64" pin="2"/><net_sink comp="148" pin=3"/></net>

<net id="176"><net_src comp="70" pin="2"/><net_sink comp="148" pin=4"/></net>

<net id="177"><net_src comp="76" pin="2"/><net_sink comp="148" pin=5"/></net>

<net id="178"><net_src comp="82" pin="2"/><net_sink comp="148" pin=6"/></net>

<net id="179"><net_src comp="88" pin="2"/><net_sink comp="148" pin=7"/></net>

<net id="180"><net_src comp="94" pin="2"/><net_sink comp="148" pin=8"/></net>

<net id="181"><net_src comp="100" pin="2"/><net_sink comp="148" pin=9"/></net>

<net id="182"><net_src comp="106" pin="2"/><net_sink comp="148" pin=10"/></net>

<net id="183"><net_src comp="112" pin="2"/><net_sink comp="148" pin=11"/></net>

<net id="184"><net_src comp="118" pin="2"/><net_sink comp="148" pin=12"/></net>

<net id="185"><net_src comp="124" pin="2"/><net_sink comp="148" pin=13"/></net>

<net id="186"><net_src comp="130" pin="2"/><net_sink comp="148" pin=14"/></net>

<net id="187"><net_src comp="136" pin="2"/><net_sink comp="148" pin=15"/></net>

<net id="188"><net_src comp="142" pin="2"/><net_sink comp="148" pin=16"/></net>

<net id="189"><net_src comp="32" pin="0"/><net_sink comp="148" pin=17"/></net>

<net id="190"><net_src comp="34" pin="0"/><net_sink comp="148" pin=18"/></net>

<net id="191"><net_src comp="36" pin="0"/><net_sink comp="148" pin=19"/></net>

<net id="192"><net_src comp="38" pin="0"/><net_sink comp="148" pin=20"/></net>

<net id="193"><net_src comp="40" pin="0"/><net_sink comp="148" pin=21"/></net>

<net id="197"><net_src comp="52" pin="2"/><net_sink comp="194" pin=0"/></net>

<net id="198"><net_src comp="194" pin="1"/><net_sink comp="148" pin=1"/></net>

<net id="202"><net_src comp="58" pin="2"/><net_sink comp="199" pin=0"/></net>

<net id="203"><net_src comp="199" pin="1"/><net_sink comp="148" pin=2"/></net>

<net id="207"><net_src comp="64" pin="2"/><net_sink comp="204" pin=0"/></net>

<net id="208"><net_src comp="204" pin="1"/><net_sink comp="148" pin=3"/></net>

<net id="212"><net_src comp="70" pin="2"/><net_sink comp="209" pin=0"/></net>

<net id="213"><net_src comp="209" pin="1"/><net_sink comp="148" pin=4"/></net>

<net id="217"><net_src comp="76" pin="2"/><net_sink comp="214" pin=0"/></net>

<net id="218"><net_src comp="214" pin="1"/><net_sink comp="148" pin=5"/></net>

<net id="222"><net_src comp="82" pin="2"/><net_sink comp="219" pin=0"/></net>

<net id="223"><net_src comp="219" pin="1"/><net_sink comp="148" pin=6"/></net>

<net id="227"><net_src comp="88" pin="2"/><net_sink comp="224" pin=0"/></net>

<net id="228"><net_src comp="224" pin="1"/><net_sink comp="148" pin=7"/></net>

<net id="232"><net_src comp="94" pin="2"/><net_sink comp="229" pin=0"/></net>

<net id="233"><net_src comp="229" pin="1"/><net_sink comp="148" pin=8"/></net>

<net id="237"><net_src comp="100" pin="2"/><net_sink comp="234" pin=0"/></net>

<net id="238"><net_src comp="234" pin="1"/><net_sink comp="148" pin=9"/></net>

<net id="242"><net_src comp="106" pin="2"/><net_sink comp="239" pin=0"/></net>

<net id="243"><net_src comp="239" pin="1"/><net_sink comp="148" pin=10"/></net>

<net id="247"><net_src comp="112" pin="2"/><net_sink comp="244" pin=0"/></net>

<net id="248"><net_src comp="244" pin="1"/><net_sink comp="148" pin=11"/></net>

<net id="252"><net_src comp="118" pin="2"/><net_sink comp="249" pin=0"/></net>

<net id="253"><net_src comp="249" pin="1"/><net_sink comp="148" pin=12"/></net>

<net id="257"><net_src comp="124" pin="2"/><net_sink comp="254" pin=0"/></net>

<net id="258"><net_src comp="254" pin="1"/><net_sink comp="148" pin=13"/></net>

<net id="262"><net_src comp="130" pin="2"/><net_sink comp="259" pin=0"/></net>

<net id="263"><net_src comp="259" pin="1"/><net_sink comp="148" pin=14"/></net>

<net id="267"><net_src comp="136" pin="2"/><net_sink comp="264" pin=0"/></net>

<net id="268"><net_src comp="264" pin="1"/><net_sink comp="148" pin=15"/></net>

<net id="272"><net_src comp="142" pin="2"/><net_sink comp="269" pin=0"/></net>

<net id="273"><net_src comp="269" pin="1"/><net_sink comp="148" pin=16"/></net>

</net_list>

</model> 
---------------- Datapath Model END ------------------

* FSMD analyzer results:
  - Output states:
	Port: output_r | {1 2 }
 - Input state : 
	Port: decrypt_dut : input_0 | {1 }
	Port: decrypt_dut : input_1 | {1 }
	Port: decrypt_dut : input_2 | {1 }
	Port: decrypt_dut : input_3 | {1 }
	Port: decrypt_dut : input_4 | {1 }
	Port: decrypt_dut : input_5 | {1 }
	Port: decrypt_dut : input_6 | {1 }
	Port: decrypt_dut : input_7 | {1 }
	Port: decrypt_dut : input_8 | {1 }
	Port: decrypt_dut : input_9 | {1 }
	Port: decrypt_dut : input_10 | {1 }
	Port: decrypt_dut : input_11 | {1 }
	Port: decrypt_dut : input_12 | {1 }
	Port: decrypt_dut : input_13 | {1 }
	Port: decrypt_dut : input_14 | {1 }
	Port: decrypt_dut : input_15 | {1 }
	Port: decrypt_dut : key | {1 2 }
	Port: decrypt_dut : sbox | {1 2 }
	Port: decrypt_dut : Rcon | {1 2 }
	Port: decrypt_dut : rsbox | {1 2 }
  - Chain level:
	State 1
	State 2


============================================================
+ Verbose Summary: Datapath Resource usage 
============================================================

* Functional unit list:
|----------|---------------------------|---------|---------|---------|---------|---------|
| Operation|      Functional Unit      |   BRAM  |  Delay  |    FF   |   LUT   |   URAM  |
|----------|---------------------------|---------|---------|---------|---------|---------|
|   call   |   grp_aes_decrypt_fu_148  |    2    | 94.4883 |   1778  |   4331  |    0    |
|----------|---------------------------|---------|---------|---------|---------|---------|
|          |  input_0_read_read_fu_52  |    0    |    0    |    0    |    0    |    0    |
|          |  input_1_read_read_fu_58  |    0    |    0    |    0    |    0    |    0    |
|          |  input_2_read_read_fu_64  |    0    |    0    |    0    |    0    |    0    |
|          |  input_3_read_read_fu_70  |    0    |    0    |    0    |    0    |    0    |
|          |  input_4_read_read_fu_76  |    0    |    0    |    0    |    0    |    0    |
|          |  input_5_read_read_fu_82  |    0    |    0    |    0    |    0    |    0    |
|          |  input_6_read_read_fu_88  |    0    |    0    |    0    |    0    |    0    |
|   read   |  input_7_read_read_fu_94  |    0    |    0    |    0    |    0    |    0    |
|          |  input_8_read_read_fu_100 |    0    |    0    |    0    |    0    |    0    |
|          |  input_9_read_read_fu_106 |    0    |    0    |    0    |    0    |    0    |
|          | input_10_read_read_fu_112 |    0    |    0    |    0    |    0    |    0    |
|          | input_11_read_read_fu_118 |    0    |    0    |    0    |    0    |    0    |
|          | input_12_read_read_fu_124 |    0    |    0    |    0    |    0    |    0    |
|          | input_13_read_read_fu_130 |    0    |    0    |    0    |    0    |    0    |
|          | input_14_read_read_fu_136 |    0    |    0    |    0    |    0    |    0    |
|          | input_15_read_read_fu_142 |    0    |    0    |    0    |    0    |    0    |
|----------|---------------------------|---------|---------|---------|---------|---------|
|   Total  |                           |    2    | 94.4883 |   1778  |   4331  |    0    |
|----------|---------------------------|---------|---------|---------|---------|---------|

Memories:
+-----+--------+--------+--------+
|     |  BRAM  |   FF   |   LUT  |
+-----+--------+--------+--------+
| Rcon|    1   |    0   |    0   |
|rsbox|    1   |    0   |    0   |
| sbox|    1   |    0   |    0   |
+-----+--------+--------+--------+
|Total|    3   |    0   |    0   |
+-----+--------+--------+--------+

* Register list:
+---------------------+--------+
|                     |   FF   |
+---------------------+--------+
| input_0_read_reg_194|    8   |
|input_10_read_reg_244|    8   |
|input_11_read_reg_249|    8   |
|input_12_read_reg_254|    8   |
|input_13_read_reg_259|    8   |
|input_14_read_reg_264|    8   |
|input_15_read_reg_269|    8   |
| input_1_read_reg_199|    8   |
| input_2_read_reg_204|    8   |
| input_3_read_reg_209|    8   |
| input_4_read_reg_214|    8   |
| input_5_read_reg_219|    8   |
| input_6_read_reg_224|    8   |
| input_7_read_reg_229|    8   |
| input_8_read_reg_234|    8   |
| input_9_read_reg_239|    8   |
+---------------------+--------+
|        Total        |   128  |
+---------------------+--------+

* Multiplexer (MUX) list: 
|------------------------|------|------|------|--------||---------||---------|
|          Comp          |  Pin | Size |  BW  | S x BW ||  Delay  ||   LUT   |
|------------------------|------|------|------|--------||---------||---------|
| grp_aes_decrypt_fu_148 |  p1  |   2  |   8  |   16   ||    9    |
| grp_aes_decrypt_fu_148 |  p2  |   2  |   8  |   16   ||    9    |
| grp_aes_decrypt_fu_148 |  p3  |   2  |   8  |   16   ||    9    |
| grp_aes_decrypt_fu_148 |  p4  |   2  |   8  |   16   ||    9    |
| grp_aes_decrypt_fu_148 |  p5  |   2  |   8  |   16   ||    9    |
| grp_aes_decrypt_fu_148 |  p6  |   2  |   8  |   16   ||    9    |
| grp_aes_decrypt_fu_148 |  p7  |   2  |   8  |   16   ||    9    |
| grp_aes_decrypt_fu_148 |  p8  |   2  |   8  |   16   ||    9    |
| grp_aes_decrypt_fu_148 |  p9  |   2  |   8  |   16   ||    9    |
| grp_aes_decrypt_fu_148 |  p10 |   2  |   8  |   16   ||    9    |
| grp_aes_decrypt_fu_148 |  p11 |   2  |   8  |   16   ||    9    |
| grp_aes_decrypt_fu_148 |  p12 |   2  |   8  |   16   ||    9    |
| grp_aes_decrypt_fu_148 |  p13 |   2  |   8  |   16   ||    9    |
| grp_aes_decrypt_fu_148 |  p14 |   2  |   8  |   16   ||    9    |
| grp_aes_decrypt_fu_148 |  p15 |   2  |   8  |   16   ||    9    |
| grp_aes_decrypt_fu_148 |  p16 |   2  |   8  |   16   ||    9    |
|------------------------|------|------|------|--------||---------||---------|
|          Total         |      |      |      |   256  ||  28.304 ||   144   |
|------------------------|------|------|------|--------||---------||---------|



* Summary:
+-----------+--------+--------+--------+--------+--------+
|           |  BRAM  |  Delay |   FF   |   LUT  |  URAM  |
+-----------+--------+--------+--------+--------+--------+
|  Function |    2   |   94   |  1778  |  4331  |    0   |
|   Memory  |    3   |    -   |    0   |    0   |    -   |
|Multiplexer|    -   |   28   |    -   |   144  |    -   |
|  Register |    -   |    -   |   128  |    -   |    -   |
+-----------+--------+--------+--------+--------+--------+
|   Total   |    5   |   122  |  1906  |  4475  |    0   |
+-----------+--------+--------+--------+--------+--------+
