

================================================================
== Vivado HLS Report for 'invMixColumn'
================================================================
* Date:           Thu Nov 21 20:05:37 2024

* Version:        2019.2 (Build 2704478 on Wed Nov 06 22:10:23 MST 2019)
* Project:        decrypt.prj
* Solution:       solution1
* Product family: zynq
* Target device:  xc7z020-clg484-1


================================================================
== Performance Estimates
================================================================
+ Timing: 
    * Summary: 
    +--------+----------+----------+------------+
    |  Clock |  Target  | Estimated| Uncertainty|
    +--------+----------+----------+------------+
    |ap_clk  | 10.00 ns | 5.982 ns |   1.25 ns  |
    +--------+----------+----------+------------+

+ Latency: 
    * Summary: 
    +---------+---------+----------+----------+-----+-----+----------+
    |  Latency (cycles) |  Latency (absolute) |  Interval | Pipeline |
    |   min   |   max   |    min   |    max   | min | max |   Type   |
    +---------+---------+----------+----------+-----+-----+----------+
    |        0|        0|   0 ns   |   0 ns   |    1|    1| function |
    +---------+---------+----------+----------+-----+-----+----------+

    + Detail: 
        * Instance: 
        +------------------------------------+----------------------+---------+---------+----------+----------+-----+-----+----------+
        |                                    |                      |  Latency (cycles) |  Latency (absolute) |  Interval | Pipeline |
        |              Instance              |        Module        |   min   |   max   |    min   |    max   | min | max |   Type   |
        +------------------------------------+----------------------+---------+---------+----------+----------+-----+-----+----------+
        |tmp_galois_multiplicatio_fu_46      |galois_multiplicatio  |        0|        0|   0 ns   |   0 ns   |    1|    1| function |
        |tmp_6_galois_multiplicatio_fu_54    |galois_multiplicatio  |        0|        0|   0 ns   |   0 ns   |    1|    1| function |
        |tmp_7_galois_multiplicatio_fu_62    |galois_multiplicatio  |        0|        0|   0 ns   |   0 ns   |    1|    1| function |
        |tmp_8_galois_multiplicatio_fu_70    |galois_multiplicatio  |        0|        0|   0 ns   |   0 ns   |    1|    1| function |
        |tmp_9_galois_multiplicatio_fu_78    |galois_multiplicatio  |        0|        0|   0 ns   |   0 ns   |    1|    1| function |
        |tmp_s_galois_multiplicatio_fu_86    |galois_multiplicatio  |        0|        0|   0 ns   |   0 ns   |    1|    1| function |
        |tmp_1_galois_multiplicatio_fu_94    |galois_multiplicatio  |        0|        0|   0 ns   |   0 ns   |    1|    1| function |
        |tmp_2_galois_multiplicatio_fu_102   |galois_multiplicatio  |        0|        0|   0 ns   |   0 ns   |    1|    1| function |
        |tmp_3_galois_multiplicatio_fu_110   |galois_multiplicatio  |        0|        0|   0 ns   |   0 ns   |    1|    1| function |
        |tmp_4_galois_multiplicatio_fu_118   |galois_multiplicatio  |        0|        0|   0 ns   |   0 ns   |    1|    1| function |
        |tmp_5_galois_multiplicatio_fu_126   |galois_multiplicatio  |        0|        0|   0 ns   |   0 ns   |    1|    1| function |
        |tmp_10_galois_multiplicatio_fu_134  |galois_multiplicatio  |        0|        0|   0 ns   |   0 ns   |    1|    1| function |
        |tmp_11_galois_multiplicatio_fu_142  |galois_multiplicatio  |        0|        0|   0 ns   |   0 ns   |    1|    1| function |
        |tmp_12_galois_multiplicatio_fu_150  |galois_multiplicatio  |        0|        0|   0 ns   |   0 ns   |    1|    1| function |
        |tmp_13_galois_multiplicatio_fu_158  |galois_multiplicatio  |        0|        0|   0 ns   |   0 ns   |    1|    1| function |
        |tmp_14_galois_multiplicatio_fu_166  |galois_multiplicatio  |        0|        0|   0 ns   |   0 ns   |    1|    1| function |
        +------------------------------------+----------------------+---------+---------+----------+----------+-----+-----+----------+

        * Loop: 
        N/A



================================================================
== Utilization Estimates
================================================================
* Summary: 
+-----------------+---------+-------+--------+-------+-----+
|       Name      | BRAM_18K| DSP48E|   FF   |  LUT  | URAM|
+-----------------+---------+-------+--------+-------+-----+
|DSP              |        -|      -|       -|      -|    -|
|Expression       |        -|      -|       0|     96|    -|
|FIFO             |        -|      -|       -|      -|    -|
|Instance         |        -|      -|       0|   1664|    -|
|Memory           |        -|      -|       -|      -|    -|
|Multiplexer      |        -|      -|       -|      -|    -|
|Register         |        -|      -|       -|      -|    -|
+-----------------+---------+-------+--------+-------+-----+
|Total            |        0|      0|       0|   1760|    0|
+-----------------+---------+-------+--------+-------+-----+
|Available        |      280|    220|  106400|  53200|    0|
+-----------------+---------+-------+--------+-------+-----+
|Utilization (%)  |        0|      0|       0|      3|    0|
+-----------------+---------+-------+--------+-------+-----+

+ Detail: 
    * Instance: 
    +------------------------------------+----------------------+---------+-------+---+-----+-----+
    |              Instance              |        Module        | BRAM_18K| DSP48E| FF| LUT | URAM|
    +------------------------------------+----------------------+---------+-------+---+-----+-----+
    |tmp_galois_multiplicatio_fu_46      |galois_multiplicatio  |        0|      0|  0|  104|    0|
    |tmp_6_galois_multiplicatio_fu_54    |galois_multiplicatio  |        0|      0|  0|  104|    0|
    |tmp_7_galois_multiplicatio_fu_62    |galois_multiplicatio  |        0|      0|  0|  104|    0|
    |tmp_8_galois_multiplicatio_fu_70    |galois_multiplicatio  |        0|      0|  0|  104|    0|
    |tmp_9_galois_multiplicatio_fu_78    |galois_multiplicatio  |        0|      0|  0|  104|    0|
    |tmp_s_galois_multiplicatio_fu_86    |galois_multiplicatio  |        0|      0|  0|  104|    0|
    |tmp_1_galois_multiplicatio_fu_94    |galois_multiplicatio  |        0|      0|  0|  104|    0|
    |tmp_2_galois_multiplicatio_fu_102   |galois_multiplicatio  |        0|      0|  0|  104|    0|
    |tmp_3_galois_multiplicatio_fu_110   |galois_multiplicatio  |        0|      0|  0|  104|    0|
    |tmp_4_galois_multiplicatio_fu_118   |galois_multiplicatio  |        0|      0|  0|  104|    0|
    |tmp_5_galois_multiplicatio_fu_126   |galois_multiplicatio  |        0|      0|  0|  104|    0|
    |tmp_10_galois_multiplicatio_fu_134  |galois_multiplicatio  |        0|      0|  0|  104|    0|
    |tmp_11_galois_multiplicatio_fu_142  |galois_multiplicatio  |        0|      0|  0|  104|    0|
    |tmp_12_galois_multiplicatio_fu_150  |galois_multiplicatio  |        0|      0|  0|  104|    0|
    |tmp_13_galois_multiplicatio_fu_158  |galois_multiplicatio  |        0|      0|  0|  104|    0|
    |tmp_14_galois_multiplicatio_fu_166  |galois_multiplicatio  |        0|      0|  0|  104|    0|
    +------------------------------------+----------------------+---------+-------+---+-----+-----+
    |Total                               |                      |        0|      0|  0| 1664|    0|
    +------------------------------------+----------------------+---------+-------+---+-----+-----+

    * DSP48E: 
    N/A

    * Memory: 
    N/A

    * FIFO: 
    N/A

    * Expression: 
    +-----------------------+----------+-------+---+----+------------+------------+
    |     Variable Name     | Operation| DSP48E| FF| LUT| Bitwidth P0| Bitwidth P1|
    +-----------------------+----------+-------+---+----+------------+------------+
    |xor_ln391_1_fu_174_p2  |    xor   |      0|  0|   8|           8|           8|
    |xor_ln391_2_fu_180_p2  |    xor   |      0|  0|   8|           8|           8|
    |xor_ln391_fu_186_p2    |    xor   |      0|  0|   8|           8|           8|
    |xor_ln395_1_fu_192_p2  |    xor   |      0|  0|   8|           8|           8|
    |xor_ln395_2_fu_198_p2  |    xor   |      0|  0|   8|           8|           8|
    |xor_ln395_fu_204_p2    |    xor   |      0|  0|   8|           8|           8|
    |xor_ln399_1_fu_210_p2  |    xor   |      0|  0|   8|           8|           8|
    |xor_ln399_2_fu_216_p2  |    xor   |      0|  0|   8|           8|           8|
    |xor_ln399_fu_222_p2    |    xor   |      0|  0|   8|           8|           8|
    |xor_ln403_1_fu_228_p2  |    xor   |      0|  0|   8|           8|           8|
    |xor_ln403_2_fu_234_p2  |    xor   |      0|  0|   8|           8|           8|
    |xor_ln403_fu_240_p2    |    xor   |      0|  0|   8|           8|           8|
    +-----------------------+----------+-------+---+----+------------+------------+
    |Total                  |          |      0|  0|  96|          96|          96|
    +-----------------------+----------+-------+---+----+------------+------------+

    * Multiplexer: 
    N/A

    * Register: 
    N/A



================================================================
== Interface
================================================================
* Summary: 
+---------------+-----+-----+------------+---------------+--------------+
|   RTL Ports   | Dir | Bits|  Protocol  | Source Object |    C Type    |
+---------------+-----+-----+------------+---------------+--------------+
|ap_ready       | out |    1| ap_ctrl_hs |  invMixColumn | return value |
|ap_return_0    | out |    8| ap_ctrl_hs |  invMixColumn | return value |
|ap_return_1    | out |    8| ap_ctrl_hs |  invMixColumn | return value |
|ap_return_2    | out |    8| ap_ctrl_hs |  invMixColumn | return value |
|ap_return_3    | out |    8| ap_ctrl_hs |  invMixColumn | return value |
|column_0_read  |  in |    8|   ap_none  | column_0_read |    scalar    |
|column_1_read  |  in |    8|   ap_none  | column_1_read |    scalar    |
|column_2_read  |  in |    8|   ap_none  | column_2_read |    scalar    |
|column_3_read  |  in |    8|   ap_none  | column_3_read |    scalar    |
+---------------+-----+-----+------------+---------------+--------------+

============================================================
+ Verbose Summary: Synthesis Manager
============================================================
InlineROM: 1
ExposeGlobal: 0
============================================================
+ Verbose Summary: CDFG Model
============================================================
IsTopModel: 0
ResetActiveHigh: 1
IsCombinational: 1
IsDatapathOnly: 2
HasWiredReturn: 1
HasMFsm: 2
HasVarLatency: 0
IsPipeline: 1
IsRtlPipelined: 0
IsInstanceOverlapped: 0
IsDontTouch: 0
HasImplIP: 0
IsGatedGlobalClock: 0

+ Individual pipeline summary: 
  * Pipeline-0: initiation interval (II) = 1, depth = 1


============================================================
+ Verbose Summary: Schedule
============================================================
* Number of FSM states : 1
* Pipeline : 1
  Pipeline-0 : II = 1, D = 1, States = { 1 }
* Dataflow Pipeline: 0

* FSM state transitions: 
1 --> 

* FSM state operations: 

State 1 <SV = 0> <Delay = 5.98>
ST_1 : Operation 2 [1/1] (0.00ns)   --->   "%column_3_read_1 = call i8 @_ssdm_op_Read.ap_auto.i8(i8 %column_3_read)" [helper.cpp:388]   --->   Operation 2 'read' 'column_3_read_1' <Predicate = true> <Delay = 0.00>
ST_1 : Operation 3 [1/1] (0.00ns)   --->   "%column_2_read_1 = call i8 @_ssdm_op_Read.ap_auto.i8(i8 %column_2_read)" [helper.cpp:388]   --->   Operation 3 'read' 'column_2_read_1' <Predicate = true> <Delay = 0.00>
ST_1 : Operation 4 [1/1] (0.00ns)   --->   "%column_1_read_1 = call i8 @_ssdm_op_Read.ap_auto.i8(i8 %column_1_read)" [helper.cpp:388]   --->   Operation 4 'read' 'column_1_read_1' <Predicate = true> <Delay = 0.00>
ST_1 : Operation 5 [1/1] (0.00ns)   --->   "%column_0_read_1 = call i8 @_ssdm_op_Read.ap_auto.i8(i8 %column_0_read)" [helper.cpp:388]   --->   Operation 5 'read' 'column_0_read_1' <Predicate = true> <Delay = 0.00>
ST_1 : Operation 6 [1/1] (4.99ns)   --->   "%tmp = call fastcc zeroext i8 @galois_multiplicatio(i8 zeroext %column_0_read_1, i5 zeroext 14)" [helper.cpp:388]   --->   Operation 6 'call' 'tmp' <Predicate = true> <Delay = 4.99> <CoreType = "Generic">   --->   Core 0 '' <Latency = 0> <II = 1> <Delay = 1.00> <Generic> <Opcode : >
ST_1 : Operation 7 [1/1] (4.99ns)   --->   "%tmp_6 = call fastcc zeroext i8 @galois_multiplicatio(i8 zeroext %column_3_read_1, i5 zeroext 9)" [helper.cpp:389]   --->   Operation 7 'call' 'tmp_6' <Predicate = true> <Delay = 4.99> <CoreType = "Generic">   --->   Core 0 '' <Latency = 0> <II = 1> <Delay = 1.00> <Generic> <Opcode : >
ST_1 : Operation 8 [1/1] (4.99ns)   --->   "%tmp_7 = call fastcc zeroext i8 @galois_multiplicatio(i8 zeroext %column_2_read_1, i5 zeroext 13)" [helper.cpp:390]   --->   Operation 8 'call' 'tmp_7' <Predicate = true> <Delay = 4.99> <CoreType = "Generic">   --->   Core 0 '' <Latency = 0> <II = 1> <Delay = 1.00> <Generic> <Opcode : >
ST_1 : Operation 9 [1/1] (4.99ns)   --->   "%tmp_8 = call fastcc zeroext i8 @galois_multiplicatio(i8 zeroext %column_1_read_1, i5 zeroext 11)" [helper.cpp:391]   --->   Operation 9 'call' 'tmp_8' <Predicate = true> <Delay = 4.99> <CoreType = "Generic">   --->   Core 0 '' <Latency = 0> <II = 1> <Delay = 1.00> <Generic> <Opcode : >
ST_1 : Operation 10 [1/1] (0.00ns) (grouped into LUT with out node xor_ln391)   --->   "%xor_ln391_1 = xor i8 %tmp_6, %tmp" [helper.cpp:391]   --->   Operation 10 'xor' 'xor_ln391_1' <Predicate = true> <Delay = 0.00> <Core = "LogicGate">   --->   Core 27 'LogicGate' <Latency = 0> <II = 1> <Delay = 0.99> <FuncUnit> <Opcode : 'and' 'or' 'xor'> <InPorts = 2> <OutPorts = 1>
ST_1 : Operation 11 [1/1] (0.00ns) (grouped into LUT with out node xor_ln391)   --->   "%xor_ln391_2 = xor i8 %tmp_7, %tmp_8" [helper.cpp:391]   --->   Operation 11 'xor' 'xor_ln391_2' <Predicate = true> <Delay = 0.00> <Core = "LogicGate">   --->   Core 27 'LogicGate' <Latency = 0> <II = 1> <Delay = 0.99> <FuncUnit> <Opcode : 'and' 'or' 'xor'> <InPorts = 2> <OutPorts = 1>
ST_1 : Operation 12 [1/1] (0.99ns) (out node of the LUT)   --->   "%xor_ln391 = xor i8 %xor_ln391_2, %xor_ln391_1" [helper.cpp:391]   --->   Operation 12 'xor' 'xor_ln391' <Predicate = true> <Delay = 0.99> <Core = "LogicGate">   --->   Core 27 'LogicGate' <Latency = 0> <II = 1> <Delay = 0.99> <FuncUnit> <Opcode : 'and' 'or' 'xor'> <InPorts = 2> <OutPorts = 1>
ST_1 : Operation 13 [1/1] (4.99ns)   --->   "%tmp_9 = call fastcc zeroext i8 @galois_multiplicatio(i8 zeroext %column_1_read_1, i5 zeroext 14)" [helper.cpp:392]   --->   Operation 13 'call' 'tmp_9' <Predicate = true> <Delay = 4.99> <CoreType = "Generic">   --->   Core 0 '' <Latency = 0> <II = 1> <Delay = 1.00> <Generic> <Opcode : >
ST_1 : Operation 14 [1/1] (4.99ns)   --->   "%tmp_s = call fastcc zeroext i8 @galois_multiplicatio(i8 zeroext %column_0_read_1, i5 zeroext 9)" [helper.cpp:393]   --->   Operation 14 'call' 'tmp_s' <Predicate = true> <Delay = 4.99> <CoreType = "Generic">   --->   Core 0 '' <Latency = 0> <II = 1> <Delay = 1.00> <Generic> <Opcode : >
ST_1 : Operation 15 [1/1] (4.99ns)   --->   "%tmp_1 = call fastcc zeroext i8 @galois_multiplicatio(i8 zeroext %column_3_read_1, i5 zeroext 13)" [helper.cpp:394]   --->   Operation 15 'call' 'tmp_1' <Predicate = true> <Delay = 4.99> <CoreType = "Generic">   --->   Core 0 '' <Latency = 0> <II = 1> <Delay = 1.00> <Generic> <Opcode : >
ST_1 : Operation 16 [1/1] (4.99ns)   --->   "%tmp_2 = call fastcc zeroext i8 @galois_multiplicatio(i8 zeroext %column_2_read_1, i5 zeroext 11)" [helper.cpp:395]   --->   Operation 16 'call' 'tmp_2' <Predicate = true> <Delay = 4.99> <CoreType = "Generic">   --->   Core 0 '' <Latency = 0> <II = 1> <Delay = 1.00> <Generic> <Opcode : >
ST_1 : Operation 17 [1/1] (0.00ns) (grouped into LUT with out node xor_ln395)   --->   "%xor_ln395_1 = xor i8 %tmp_s, %tmp_9" [helper.cpp:395]   --->   Operation 17 'xor' 'xor_ln395_1' <Predicate = true> <Delay = 0.00> <Core = "LogicGate">   --->   Core 27 'LogicGate' <Latency = 0> <II = 1> <Delay = 0.99> <FuncUnit> <Opcode : 'and' 'or' 'xor'> <InPorts = 2> <OutPorts = 1>
ST_1 : Operation 18 [1/1] (0.00ns) (grouped into LUT with out node xor_ln395)   --->   "%xor_ln395_2 = xor i8 %tmp_1, %tmp_2" [helper.cpp:395]   --->   Operation 18 'xor' 'xor_ln395_2' <Predicate = true> <Delay = 0.00> <Core = "LogicGate">   --->   Core 27 'LogicGate' <Latency = 0> <II = 1> <Delay = 0.99> <FuncUnit> <Opcode : 'and' 'or' 'xor'> <InPorts = 2> <OutPorts = 1>
ST_1 : Operation 19 [1/1] (0.99ns) (out node of the LUT)   --->   "%xor_ln395 = xor i8 %xor_ln395_2, %xor_ln395_1" [helper.cpp:395]   --->   Operation 19 'xor' 'xor_ln395' <Predicate = true> <Delay = 0.99> <Core = "LogicGate">   --->   Core 27 'LogicGate' <Latency = 0> <II = 1> <Delay = 0.99> <FuncUnit> <Opcode : 'and' 'or' 'xor'> <InPorts = 2> <OutPorts = 1>
ST_1 : Operation 20 [1/1] (4.99ns)   --->   "%tmp_3 = call fastcc zeroext i8 @galois_multiplicatio(i8 zeroext %column_2_read_1, i5 zeroext 14)" [helper.cpp:396]   --->   Operation 20 'call' 'tmp_3' <Predicate = true> <Delay = 4.99> <CoreType = "Generic">   --->   Core 0 '' <Latency = 0> <II = 1> <Delay = 1.00> <Generic> <Opcode : >
ST_1 : Operation 21 [1/1] (4.99ns)   --->   "%tmp_4 = call fastcc zeroext i8 @galois_multiplicatio(i8 zeroext %column_1_read_1, i5 zeroext 9)" [helper.cpp:397]   --->   Operation 21 'call' 'tmp_4' <Predicate = true> <Delay = 4.99> <CoreType = "Generic">   --->   Core 0 '' <Latency = 0> <II = 1> <Delay = 1.00> <Generic> <Opcode : >
ST_1 : Operation 22 [1/1] (4.99ns)   --->   "%tmp_5 = call fastcc zeroext i8 @galois_multiplicatio(i8 zeroext %column_0_read_1, i5 zeroext 13)" [helper.cpp:398]   --->   Operation 22 'call' 'tmp_5' <Predicate = true> <Delay = 4.99> <CoreType = "Generic">   --->   Core 0 '' <Latency = 0> <II = 1> <Delay = 1.00> <Generic> <Opcode : >
ST_1 : Operation 23 [1/1] (4.99ns)   --->   "%tmp_10 = call fastcc zeroext i8 @galois_multiplicatio(i8 zeroext %column_3_read_1, i5 zeroext 11)" [helper.cpp:399]   --->   Operation 23 'call' 'tmp_10' <Predicate = true> <Delay = 4.99> <CoreType = "Generic">   --->   Core 0 '' <Latency = 0> <II = 1> <Delay = 1.00> <Generic> <Opcode : >
ST_1 : Operation 24 [1/1] (0.00ns) (grouped into LUT with out node xor_ln399)   --->   "%xor_ln399_1 = xor i8 %tmp_4, %tmp_3" [helper.cpp:399]   --->   Operation 24 'xor' 'xor_ln399_1' <Predicate = true> <Delay = 0.00> <Core = "LogicGate">   --->   Core 27 'LogicGate' <Latency = 0> <II = 1> <Delay = 0.99> <FuncUnit> <Opcode : 'and' 'or' 'xor'> <InPorts = 2> <OutPorts = 1>
ST_1 : Operation 25 [1/1] (0.00ns) (grouped into LUT with out node xor_ln399)   --->   "%xor_ln399_2 = xor i8 %tmp_5, %tmp_10" [helper.cpp:399]   --->   Operation 25 'xor' 'xor_ln399_2' <Predicate = true> <Delay = 0.00> <Core = "LogicGate">   --->   Core 27 'LogicGate' <Latency = 0> <II = 1> <Delay = 0.99> <FuncUnit> <Opcode : 'and' 'or' 'xor'> <InPorts = 2> <OutPorts = 1>
ST_1 : Operation 26 [1/1] (0.99ns) (out node of the LUT)   --->   "%xor_ln399 = xor i8 %xor_ln399_2, %xor_ln399_1" [helper.cpp:399]   --->   Operation 26 'xor' 'xor_ln399' <Predicate = true> <Delay = 0.99> <Core = "LogicGate">   --->   Core 27 'LogicGate' <Latency = 0> <II = 1> <Delay = 0.99> <FuncUnit> <Opcode : 'and' 'or' 'xor'> <InPorts = 2> <OutPorts = 1>
ST_1 : Operation 27 [1/1] (4.99ns)   --->   "%tmp_11 = call fastcc zeroext i8 @galois_multiplicatio(i8 zeroext %column_3_read_1, i5 zeroext 14)" [helper.cpp:400]   --->   Operation 27 'call' 'tmp_11' <Predicate = true> <Delay = 4.99> <CoreType = "Generic">   --->   Core 0 '' <Latency = 0> <II = 1> <Delay = 1.00> <Generic> <Opcode : >
ST_1 : Operation 28 [1/1] (4.99ns)   --->   "%tmp_12 = call fastcc zeroext i8 @galois_multiplicatio(i8 zeroext %column_2_read_1, i5 zeroext 9)" [helper.cpp:401]   --->   Operation 28 'call' 'tmp_12' <Predicate = true> <Delay = 4.99> <CoreType = "Generic">   --->   Core 0 '' <Latency = 0> <II = 1> <Delay = 1.00> <Generic> <Opcode : >
ST_1 : Operation 29 [1/1] (4.99ns)   --->   "%tmp_13 = call fastcc zeroext i8 @galois_multiplicatio(i8 zeroext %column_1_read_1, i5 zeroext 13)" [helper.cpp:402]   --->   Operation 29 'call' 'tmp_13' <Predicate = true> <Delay = 4.99> <CoreType = "Generic">   --->   Core 0 '' <Latency = 0> <II = 1> <Delay = 1.00> <Generic> <Opcode : >
ST_1 : Operation 30 [1/1] (4.99ns)   --->   "%tmp_14 = call fastcc zeroext i8 @galois_multiplicatio(i8 zeroext %column_0_read_1, i5 zeroext 11)" [helper.cpp:403]   --->   Operation 30 'call' 'tmp_14' <Predicate = true> <Delay = 4.99> <CoreType = "Generic">   --->   Core 0 '' <Latency = 0> <II = 1> <Delay = 1.00> <Generic> <Opcode : >
ST_1 : Operation 31 [1/1] (0.00ns) (grouped into LUT with out node xor_ln403)   --->   "%xor_ln403_1 = xor i8 %tmp_12, %tmp_11" [helper.cpp:403]   --->   Operation 31 'xor' 'xor_ln403_1' <Predicate = true> <Delay = 0.00> <Core = "LogicGate">   --->   Core 27 'LogicGate' <Latency = 0> <II = 1> <Delay = 0.99> <FuncUnit> <Opcode : 'and' 'or' 'xor'> <InPorts = 2> <OutPorts = 1>
ST_1 : Operation 32 [1/1] (0.00ns) (grouped into LUT with out node xor_ln403)   --->   "%xor_ln403_2 = xor i8 %tmp_13, %tmp_14" [helper.cpp:403]   --->   Operation 32 'xor' 'xor_ln403_2' <Predicate = true> <Delay = 0.00> <Core = "LogicGate">   --->   Core 27 'LogicGate' <Latency = 0> <II = 1> <Delay = 0.99> <FuncUnit> <Opcode : 'and' 'or' 'xor'> <InPorts = 2> <OutPorts = 1>
ST_1 : Operation 33 [1/1] (0.99ns) (out node of the LUT)   --->   "%xor_ln403 = xor i8 %xor_ln403_2, %xor_ln403_1" [helper.cpp:403]   --->   Operation 33 'xor' 'xor_ln403' <Predicate = true> <Delay = 0.99> <Core = "LogicGate">   --->   Core 27 'LogicGate' <Latency = 0> <II = 1> <Delay = 0.99> <FuncUnit> <Opcode : 'and' 'or' 'xor'> <InPorts = 2> <OutPorts = 1>
ST_1 : Operation 34 [1/1] (0.00ns)   --->   "%mrv = insertvalue { i8, i8, i8, i8 } undef, i8 %xor_ln391, 0" [helper.cpp:404]   --->   Operation 34 'insertvalue' 'mrv' <Predicate = true> <Delay = 0.00>
ST_1 : Operation 35 [1/1] (0.00ns)   --->   "%mrv_1 = insertvalue { i8, i8, i8, i8 } %mrv, i8 %xor_ln395, 1" [helper.cpp:404]   --->   Operation 35 'insertvalue' 'mrv_1' <Predicate = true> <Delay = 0.00>
ST_1 : Operation 36 [1/1] (0.00ns)   --->   "%mrv_2 = insertvalue { i8, i8, i8, i8 } %mrv_1, i8 %xor_ln399, 2" [helper.cpp:404]   --->   Operation 36 'insertvalue' 'mrv_2' <Predicate = true> <Delay = 0.00>
ST_1 : Operation 37 [1/1] (0.00ns)   --->   "%mrv_3 = insertvalue { i8, i8, i8, i8 } %mrv_2, i8 %xor_ln403, 3" [helper.cpp:404]   --->   Operation 37 'insertvalue' 'mrv_3' <Predicate = true> <Delay = 0.00>
ST_1 : Operation 38 [1/1] (0.00ns)   --->   "ret { i8, i8, i8, i8 } %mrv_3" [helper.cpp:404]   --->   Operation 38 'ret' <Predicate = true> <Delay = 0.00>


============================================================
+ Verbose Summary: Binding
============================================================
STG Binding: 
---------------- STG Properties BEGIN ----------------
- Is combinational: 1
- Is one-state seq: 0
- Is datapath-only: 0
- Is pipelined: 1
- Is top level: 0
Port [ Return ] is wired: 1; IO mode=ap_ctrl_hs:ce=0
Port [ column_0_read]:  wired=1; compound=0; hidden=0; nouse=0; global=0; static=0; extern=0; dir=0; type=0; pingpong=0; private_global=0; IO mode=ap_none:ce=0
Port [ column_1_read]:  wired=1; compound=0; hidden=0; nouse=0; global=0; static=0; extern=0; dir=0; type=0; pingpong=0; private_global=0; IO mode=ap_none:ce=0
Port [ column_2_read]:  wired=1; compound=0; hidden=0; nouse=0; global=0; static=0; extern=0; dir=0; type=0; pingpong=0; private_global=0; IO mode=ap_none:ce=0
Port [ column_3_read]:  wired=1; compound=0; hidden=0; nouse=0; global=0; static=0; extern=0; dir=0; type=0; pingpong=0; private_global=0; IO mode=ap_none:ce=0
---------------- STG Properties END ------------------

---------------- Datapath Model BEGIN ----------------

<LifeTime>
<method=bitvector/>
column_3_read_1 (read       ) [ 00]
column_2_read_1 (read       ) [ 00]
column_1_read_1 (read       ) [ 00]
column_0_read_1 (read       ) [ 00]
tmp             (call       ) [ 00]
tmp_6           (call       ) [ 00]
tmp_7           (call       ) [ 00]
tmp_8           (call       ) [ 00]
xor_ln391_1     (xor        ) [ 00]
xor_ln391_2     (xor        ) [ 00]
xor_ln391       (xor        ) [ 00]
tmp_9           (call       ) [ 00]
tmp_s           (call       ) [ 00]
tmp_1           (call       ) [ 00]
tmp_2           (call       ) [ 00]
xor_ln395_1     (xor        ) [ 00]
xor_ln395_2     (xor        ) [ 00]
xor_ln395       (xor        ) [ 00]
tmp_3           (call       ) [ 00]
tmp_4           (call       ) [ 00]
tmp_5           (call       ) [ 00]
tmp_10          (call       ) [ 00]
xor_ln399_1     (xor        ) [ 00]
xor_ln399_2     (xor        ) [ 00]
xor_ln399       (xor        ) [ 00]
tmp_11          (call       ) [ 00]
tmp_12          (call       ) [ 00]
tmp_13          (call       ) [ 00]
tmp_14          (call       ) [ 00]
xor_ln403_1     (xor        ) [ 00]
xor_ln403_2     (xor        ) [ 00]
xor_ln403       (xor        ) [ 00]
mrv             (insertvalue) [ 00]
mrv_1           (insertvalue) [ 00]
mrv_2           (insertvalue) [ 00]
mrv_3           (insertvalue) [ 00]
ret_ln404       (ret        ) [ 00]
</LifeTime>

<model>

<comp_list>
<comp id="0" class="1000" name="column_0_read">
<pin_list>
<pin id="1" dir="1" index="0" bw="1" slack="0"/>
</pin_list>
<bind>
<StgValue><ssdm name="column_0_read"/></StgValue>
</bind>
</comp>

<comp id="2" class="1000" name="column_1_read">
<pin_list>
<pin id="3" dir="1" index="0" bw="1" slack="0"/>
</pin_list>
<bind>
<StgValue><ssdm name="column_1_read"/></StgValue>
</bind>
</comp>

<comp id="4" class="1000" name="column_2_read">
<pin_list>
<pin id="5" dir="1" index="0" bw="1" slack="0"/>
</pin_list>
<bind>
<StgValue><ssdm name="column_2_read"/></StgValue>
</bind>
</comp>

<comp id="6" class="1000" name="column_3_read">
<pin_list>
<pin id="7" dir="1" index="0" bw="1" slack="0"/>
</pin_list>
<bind>
<StgValue><ssdm name="column_3_read"/></StgValue>
</bind>
</comp>

<comp id="8" class="1001" name="const_8">
<pin_list>
<pin id="9" dir="1" index="0" bw="1" slack="0"/>
</pin_list>
<bind>
<StgValue><ssdm name="_ssdm_op_Read.ap_auto.i8"/></StgValue>
</bind>
</comp>

<comp id="10" class="1001" name="const_10">
<pin_list>
<pin id="11" dir="1" index="0" bw="1" slack="0"/>
</pin_list>
<bind>
<StgValue><ssdm name="galois_multiplicatio"/></StgValue>
</bind>
</comp>

<comp id="12" class="1001" name="const_12">
<pin_list>
<pin id="13" dir="1" index="0" bw="1" slack="0"/>
</pin_list>
<bind>
<StgValue><ssdm name=""/></StgValue>
</bind>
</comp>

<comp id="14" class="1001" name="const_14">
<pin_list>
<pin id="15" dir="1" index="0" bw="1" slack="0"/>
</pin_list>
<bind>
<StgValue><ssdm name=""/></StgValue>
</bind>
</comp>

<comp id="16" class="1001" name="const_16">
<pin_list>
<pin id="17" dir="1" index="0" bw="1" slack="0"/>
</pin_list>
<bind>
<StgValue><ssdm name=""/></StgValue>
</bind>
</comp>

<comp id="18" class="1001" name="const_18">
<pin_list>
<pin id="19" dir="1" index="0" bw="1" slack="0"/>
</pin_list>
<bind>
<StgValue><ssdm name=""/></StgValue>
</bind>
</comp>

<comp id="20" class="1001" name="const_20">
<pin_list>
<pin id="21" dir="1" index="0" bw="1" slack="0"/>
</pin_list>
<bind>
<StgValue><ssdm name=""/></StgValue>
</bind>
</comp>

<comp id="22" class="1004" name="column_3_read_1_read_fu_22">
<pin_list>
<pin id="23" dir="0" index="0" bw="8" slack="0"/>
<pin id="24" dir="0" index="1" bw="8" slack="0"/>
<pin id="25" dir="1" index="2" bw="8" slack="0"/>
</pin_list>
<bind>
<opcode="read(1150) " fcode="read"/>
<opset="column_3_read_1/1 "/>
</bind>
</comp>

<comp id="28" class="1004" name="column_2_read_1_read_fu_28">
<pin_list>
<pin id="29" dir="0" index="0" bw="8" slack="0"/>
<pin id="30" dir="0" index="1" bw="8" slack="0"/>
<pin id="31" dir="1" index="2" bw="8" slack="0"/>
</pin_list>
<bind>
<opcode="read(1150) " fcode="read"/>
<opset="column_2_read_1/1 "/>
</bind>
</comp>

<comp id="34" class="1004" name="column_1_read_1_read_fu_34">
<pin_list>
<pin id="35" dir="0" index="0" bw="8" slack="0"/>
<pin id="36" dir="0" index="1" bw="8" slack="0"/>
<pin id="37" dir="1" index="2" bw="8" slack="0"/>
</pin_list>
<bind>
<opcode="read(1150) " fcode="read"/>
<opset="column_1_read_1/1 "/>
</bind>
</comp>

<comp id="40" class="1004" name="column_0_read_1_read_fu_40">
<pin_list>
<pin id="41" dir="0" index="0" bw="8" slack="0"/>
<pin id="42" dir="0" index="1" bw="8" slack="0"/>
<pin id="43" dir="1" index="2" bw="8" slack="0"/>
</pin_list>
<bind>
<opcode="read(1150) " fcode="read"/>
<opset="column_0_read_1/1 "/>
</bind>
</comp>

<comp id="46" class="1004" name="tmp_galois_multiplicatio_fu_46">
<pin_list>
<pin id="47" dir="0" index="0" bw="8" slack="0"/>
<pin id="48" dir="0" index="1" bw="8" slack="0"/>
<pin id="49" dir="0" index="2" bw="5" slack="0"/>
<pin id="50" dir="1" index="3" bw="8" slack="0"/>
</pin_list>
<bind>
<opcode="call(48) " fcode="call"/>
<opset="tmp/1 "/>
</bind>
</comp>

<comp id="54" class="1004" name="tmp_6_galois_multiplicatio_fu_54">
<pin_list>
<pin id="55" dir="0" index="0" bw="8" slack="0"/>
<pin id="56" dir="0" index="1" bw="8" slack="0"/>
<pin id="57" dir="0" index="2" bw="5" slack="0"/>
<pin id="58" dir="1" index="3" bw="8" slack="0"/>
</pin_list>
<bind>
<opcode="call(48) " fcode="call"/>
<opset="tmp_6/1 "/>
</bind>
</comp>

<comp id="62" class="1004" name="tmp_7_galois_multiplicatio_fu_62">
<pin_list>
<pin id="63" dir="0" index="0" bw="8" slack="0"/>
<pin id="64" dir="0" index="1" bw="8" slack="0"/>
<pin id="65" dir="0" index="2" bw="5" slack="0"/>
<pin id="66" dir="1" index="3" bw="8" slack="0"/>
</pin_list>
<bind>
<opcode="call(48) " fcode="call"/>
<opset="tmp_7/1 "/>
</bind>
</comp>

<comp id="70" class="1004" name="tmp_8_galois_multiplicatio_fu_70">
<pin_list>
<pin id="71" dir="0" index="0" bw="8" slack="0"/>
<pin id="72" dir="0" index="1" bw="8" slack="0"/>
<pin id="73" dir="0" index="2" bw="5" slack="0"/>
<pin id="74" dir="1" index="3" bw="8" slack="0"/>
</pin_list>
<bind>
<opcode="call(48) " fcode="call"/>
<opset="tmp_8/1 "/>
</bind>
</comp>

<comp id="78" class="1004" name="tmp_9_galois_multiplicatio_fu_78">
<pin_list>
<pin id="79" dir="0" index="0" bw="8" slack="0"/>
<pin id="80" dir="0" index="1" bw="8" slack="0"/>
<pin id="81" dir="0" index="2" bw="5" slack="0"/>
<pin id="82" dir="1" index="3" bw="8" slack="0"/>
</pin_list>
<bind>
<opcode="call(48) " fcode="call"/>
<opset="tmp_9/1 "/>
</bind>
</comp>

<comp id="86" class="1004" name="tmp_s_galois_multiplicatio_fu_86">
<pin_list>
<pin id="87" dir="0" index="0" bw="8" slack="0"/>
<pin id="88" dir="0" index="1" bw="8" slack="0"/>
<pin id="89" dir="0" index="2" bw="5" slack="0"/>
<pin id="90" dir="1" index="3" bw="8" slack="0"/>
</pin_list>
<bind>
<opcode="call(48) " fcode="call"/>
<opset="tmp_s/1 "/>
</bind>
</comp>

<comp id="94" class="1004" name="tmp_1_galois_multiplicatio_fu_94">
<pin_list>
<pin id="95" dir="0" index="0" bw="8" slack="0"/>
<pin id="96" dir="0" index="1" bw="8" slack="0"/>
<pin id="97" dir="0" index="2" bw="5" slack="0"/>
<pin id="98" dir="1" index="3" bw="8" slack="0"/>
</pin_list>
<bind>
<opcode="call(48) " fcode="call"/>
<opset="tmp_1/1 "/>
</bind>
</comp>

<comp id="102" class="1004" name="tmp_2_galois_multiplicatio_fu_102">
<pin_list>
<pin id="103" dir="0" index="0" bw="8" slack="0"/>
<pin id="104" dir="0" index="1" bw="8" slack="0"/>
<pin id="105" dir="0" index="2" bw="5" slack="0"/>
<pin id="106" dir="1" index="3" bw="8" slack="0"/>
</pin_list>
<bind>
<opcode="call(48) " fcode="call"/>
<opset="tmp_2/1 "/>
</bind>
</comp>

<comp id="110" class="1004" name="tmp_3_galois_multiplicatio_fu_110">
<pin_list>
<pin id="111" dir="0" index="0" bw="8" slack="0"/>
<pin id="112" dir="0" index="1" bw="8" slack="0"/>
<pin id="113" dir="0" index="2" bw="5" slack="0"/>
<pin id="114" dir="1" index="3" bw="8" slack="0"/>
</pin_list>
<bind>
<opcode="call(48) " fcode="call"/>
<opset="tmp_3/1 "/>
</bind>
</comp>

<comp id="118" class="1004" name="tmp_4_galois_multiplicatio_fu_118">
<pin_list>
<pin id="119" dir="0" index="0" bw="8" slack="0"/>
<pin id="120" dir="0" index="1" bw="8" slack="0"/>
<pin id="121" dir="0" index="2" bw="5" slack="0"/>
<pin id="122" dir="1" index="3" bw="8" slack="0"/>
</pin_list>
<bind>
<opcode="call(48) " fcode="call"/>
<opset="tmp_4/1 "/>
</bind>
</comp>

<comp id="126" class="1004" name="tmp_5_galois_multiplicatio_fu_126">
<pin_list>
<pin id="127" dir="0" index="0" bw="8" slack="0"/>
<pin id="128" dir="0" index="1" bw="8" slack="0"/>
<pin id="129" dir="0" index="2" bw="5" slack="0"/>
<pin id="130" dir="1" index="3" bw="8" slack="0"/>
</pin_list>
<bind>
<opcode="call(48) " fcode="call"/>
<opset="tmp_5/1 "/>
</bind>
</comp>

<comp id="134" class="1004" name="tmp_10_galois_multiplicatio_fu_134">
<pin_list>
<pin id="135" dir="0" index="0" bw="8" slack="0"/>
<pin id="136" dir="0" index="1" bw="8" slack="0"/>
<pin id="137" dir="0" index="2" bw="5" slack="0"/>
<pin id="138" dir="1" index="3" bw="8" slack="0"/>
</pin_list>
<bind>
<opcode="call(48) " fcode="call"/>
<opset="tmp_10/1 "/>
</bind>
</comp>

<comp id="142" class="1004" name="tmp_11_galois_multiplicatio_fu_142">
<pin_list>
<pin id="143" dir="0" index="0" bw="8" slack="0"/>
<pin id="144" dir="0" index="1" bw="8" slack="0"/>
<pin id="145" dir="0" index="2" bw="5" slack="0"/>
<pin id="146" dir="1" index="3" bw="8" slack="0"/>
</pin_list>
<bind>
<opcode="call(48) " fcode="call"/>
<opset="tmp_11/1 "/>
</bind>
</comp>

<comp id="150" class="1004" name="tmp_12_galois_multiplicatio_fu_150">
<pin_list>
<pin id="151" dir="0" index="0" bw="8" slack="0"/>
<pin id="152" dir="0" index="1" bw="8" slack="0"/>
<pin id="153" dir="0" index="2" bw="5" slack="0"/>
<pin id="154" dir="1" index="3" bw="8" slack="0"/>
</pin_list>
<bind>
<opcode="call(48) " fcode="call"/>
<opset="tmp_12/1 "/>
</bind>
</comp>

<comp id="158" class="1004" name="tmp_13_galois_multiplicatio_fu_158">
<pin_list>
<pin id="159" dir="0" index="0" bw="8" slack="0"/>
<pin id="160" dir="0" index="1" bw="8" slack="0"/>
<pin id="161" dir="0" index="2" bw="5" slack="0"/>
<pin id="162" dir="1" index="3" bw="8" slack="0"/>
</pin_list>
<bind>
<opcode="call(48) " fcode="call"/>
<opset="tmp_13/1 "/>
</bind>
</comp>

<comp id="166" class="1004" name="tmp_14_galois_multiplicatio_fu_166">
<pin_list>
<pin id="167" dir="0" index="0" bw="8" slack="0"/>
<pin id="168" dir="0" index="1" bw="8" slack="0"/>
<pin id="169" dir="0" index="2" bw="5" slack="0"/>
<pin id="170" dir="1" index="3" bw="8" slack="0"/>
</pin_list>
<bind>
<opcode="call(48) " fcode="call"/>
<opset="tmp_14/1 "/>
</bind>
</comp>

<comp id="174" class="1004" name="xor_ln391_1_fu_174">
<pin_list>
<pin id="175" dir="0" index="0" bw="8" slack="0"/>
<pin id="176" dir="0" index="1" bw="8" slack="0"/>
<pin id="177" dir="1" index="2" bw="8" slack="0"/>
</pin_list>
<bind>
<opcode="xor(25) " fcode="xor"/>
<opset="xor_ln391_1/1 "/>
</bind>
</comp>

<comp id="180" class="1004" name="xor_ln391_2_fu_180">
<pin_list>
<pin id="181" dir="0" index="0" bw="8" slack="0"/>
<pin id="182" dir="0" index="1" bw="8" slack="0"/>
<pin id="183" dir="1" index="2" bw="8" slack="0"/>
</pin_list>
<bind>
<opcode="xor(25) " fcode="xor"/>
<opset="xor_ln391_2/1 "/>
</bind>
</comp>

<comp id="186" class="1004" name="xor_ln391_fu_186">
<pin_list>
<pin id="187" dir="0" index="0" bw="8" slack="0"/>
<pin id="188" dir="0" index="1" bw="8" slack="0"/>
<pin id="189" dir="1" index="2" bw="8" slack="0"/>
</pin_list>
<bind>
<opcode="xor(25) " fcode="xor"/>
<opset="xor_ln391/1 "/>
</bind>
</comp>

<comp id="192" class="1004" name="xor_ln395_1_fu_192">
<pin_list>
<pin id="193" dir="0" index="0" bw="8" slack="0"/>
<pin id="194" dir="0" index="1" bw="8" slack="0"/>
<pin id="195" dir="1" index="2" bw="8" slack="0"/>
</pin_list>
<bind>
<opcode="xor(25) " fcode="xor"/>
<opset="xor_ln395_1/1 "/>
</bind>
</comp>

<comp id="198" class="1004" name="xor_ln395_2_fu_198">
<pin_list>
<pin id="199" dir="0" index="0" bw="8" slack="0"/>
<pin id="200" dir="0" index="1" bw="8" slack="0"/>
<pin id="201" dir="1" index="2" bw="8" slack="0"/>
</pin_list>
<bind>
<opcode="xor(25) " fcode="xor"/>
<opset="xor_ln395_2/1 "/>
</bind>
</comp>

<comp id="204" class="1004" name="xor_ln395_fu_204">
<pin_list>
<pin id="205" dir="0" index="0" bw="8" slack="0"/>
<pin id="206" dir="0" index="1" bw="8" slack="0"/>
<pin id="207" dir="1" index="2" bw="8" slack="0"/>
</pin_list>
<bind>
<opcode="xor(25) " fcode="xor"/>
<opset="xor_ln395/1 "/>
</bind>
</comp>

<comp id="210" class="1004" name="xor_ln399_1_fu_210">
<pin_list>
<pin id="211" dir="0" index="0" bw="8" slack="0"/>
<pin id="212" dir="0" index="1" bw="8" slack="0"/>
<pin id="213" dir="1" index="2" bw="8" slack="0"/>
</pin_list>
<bind>
<opcode="xor(25) " fcode="xor"/>
<opset="xor_ln399_1/1 "/>
</bind>
</comp>

<comp id="216" class="1004" name="xor_ln399_2_fu_216">
<pin_list>
<pin id="217" dir="0" index="0" bw="8" slack="0"/>
<pin id="218" dir="0" index="1" bw="8" slack="0"/>
<pin id="219" dir="1" index="2" bw="8" slack="0"/>
</pin_list>
<bind>
<opcode="xor(25) " fcode="xor"/>
<opset="xor_ln399_2/1 "/>
</bind>
</comp>

<comp id="222" class="1004" name="xor_ln399_fu_222">
<pin_list>
<pin id="223" dir="0" index="0" bw="8" slack="0"/>
<pin id="224" dir="0" index="1" bw="8" slack="0"/>
<pin id="225" dir="1" index="2" bw="8" slack="0"/>
</pin_list>
<bind>
<opcode="xor(25) " fcode="xor"/>
<opset="xor_ln399/1 "/>
</bind>
</comp>

<comp id="228" class="1004" name="xor_ln403_1_fu_228">
<pin_list>
<pin id="229" dir="0" index="0" bw="8" slack="0"/>
<pin id="230" dir="0" index="1" bw="8" slack="0"/>
<pin id="231" dir="1" index="2" bw="8" slack="0"/>
</pin_list>
<bind>
<opcode="xor(25) " fcode="xor"/>
<opset="xor_ln403_1/1 "/>
</bind>
</comp>

<comp id="234" class="1004" name="xor_ln403_2_fu_234">
<pin_list>
<pin id="235" dir="0" index="0" bw="8" slack="0"/>
<pin id="236" dir="0" index="1" bw="8" slack="0"/>
<pin id="237" dir="1" index="2" bw="8" slack="0"/>
</pin_list>
<bind>
<opcode="xor(25) " fcode="xor"/>
<opset="xor_ln403_2/1 "/>
</bind>
</comp>

<comp id="240" class="1004" name="xor_ln403_fu_240">
<pin_list>
<pin id="241" dir="0" index="0" bw="8" slack="0"/>
<pin id="242" dir="0" index="1" bw="8" slack="0"/>
<pin id="243" dir="1" index="2" bw="8" slack="0"/>
</pin_list>
<bind>
<opcode="xor(25) " fcode="xor"/>
<opset="xor_ln403/1 "/>
</bind>
</comp>

<comp id="246" class="1004" name="mrv_fu_246">
<pin_list>
<pin id="247" dir="0" index="0" bw="32" slack="0"/>
<pin id="248" dir="0" index="1" bw="8" slack="0"/>
<pin id="249" dir="1" index="2" bw="32" slack="0"/>
</pin_list>
<bind>
<opcode="insertvalue(57) " fcode="insertvalue"/>
<opset="mrv/1 "/>
</bind>
</comp>

<comp id="252" class="1004" name="mrv_1_fu_252">
<pin_list>
<pin id="253" dir="0" index="0" bw="32" slack="0"/>
<pin id="254" dir="0" index="1" bw="8" slack="0"/>
<pin id="255" dir="1" index="2" bw="32" slack="0"/>
</pin_list>
<bind>
<opcode="insertvalue(57) " fcode="insertvalue"/>
<opset="mrv_1/1 "/>
</bind>
</comp>

<comp id="258" class="1004" name="mrv_2_fu_258">
<pin_list>
<pin id="259" dir="0" index="0" bw="32" slack="0"/>
<pin id="260" dir="0" index="1" bw="8" slack="0"/>
<pin id="261" dir="1" index="2" bw="32" slack="0"/>
</pin_list>
<bind>
<opcode="insertvalue(57) " fcode="insertvalue"/>
<opset="mrv_2/1 "/>
</bind>
</comp>

<comp id="264" class="1004" name="mrv_3_fu_264">
<pin_list>
<pin id="265" dir="0" index="0" bw="32" slack="0"/>
<pin id="266" dir="0" index="1" bw="8" slack="0"/>
<pin id="267" dir="1" index="2" bw="32" slack="2147483647"/>
</pin_list>
<bind>
<opcode="insertvalue(57) " fcode="insertvalue"/>
<opset="mrv_3/1 "/>
</bind>
</comp>

</comp_list>

<net_list>
<net id="26"><net_src comp="8" pin="0"/><net_sink comp="22" pin=0"/></net>

<net id="27"><net_src comp="6" pin="0"/><net_sink comp="22" pin=1"/></net>

<net id="32"><net_src comp="8" pin="0"/><net_sink comp="28" pin=0"/></net>

<net id="33"><net_src comp="4" pin="0"/><net_sink comp="28" pin=1"/></net>

<net id="38"><net_src comp="8" pin="0"/><net_sink comp="34" pin=0"/></net>

<net id="39"><net_src comp="2" pin="0"/><net_sink comp="34" pin=1"/></net>

<net id="44"><net_src comp="8" pin="0"/><net_sink comp="40" pin=0"/></net>

<net id="45"><net_src comp="0" pin="0"/><net_sink comp="40" pin=1"/></net>

<net id="51"><net_src comp="10" pin="0"/><net_sink comp="46" pin=0"/></net>

<net id="52"><net_src comp="40" pin="2"/><net_sink comp="46" pin=1"/></net>

<net id="53"><net_src comp="12" pin="0"/><net_sink comp="46" pin=2"/></net>

<net id="59"><net_src comp="10" pin="0"/><net_sink comp="54" pin=0"/></net>

<net id="60"><net_src comp="22" pin="2"/><net_sink comp="54" pin=1"/></net>

<net id="61"><net_src comp="14" pin="0"/><net_sink comp="54" pin=2"/></net>

<net id="67"><net_src comp="10" pin="0"/><net_sink comp="62" pin=0"/></net>

<net id="68"><net_src comp="28" pin="2"/><net_sink comp="62" pin=1"/></net>

<net id="69"><net_src comp="16" pin="0"/><net_sink comp="62" pin=2"/></net>

<net id="75"><net_src comp="10" pin="0"/><net_sink comp="70" pin=0"/></net>

<net id="76"><net_src comp="34" pin="2"/><net_sink comp="70" pin=1"/></net>

<net id="77"><net_src comp="18" pin="0"/><net_sink comp="70" pin=2"/></net>

<net id="83"><net_src comp="10" pin="0"/><net_sink comp="78" pin=0"/></net>

<net id="84"><net_src comp="34" pin="2"/><net_sink comp="78" pin=1"/></net>

<net id="85"><net_src comp="12" pin="0"/><net_sink comp="78" pin=2"/></net>

<net id="91"><net_src comp="10" pin="0"/><net_sink comp="86" pin=0"/></net>

<net id="92"><net_src comp="40" pin="2"/><net_sink comp="86" pin=1"/></net>

<net id="93"><net_src comp="14" pin="0"/><net_sink comp="86" pin=2"/></net>

<net id="99"><net_src comp="10" pin="0"/><net_sink comp="94" pin=0"/></net>

<net id="100"><net_src comp="22" pin="2"/><net_sink comp="94" pin=1"/></net>

<net id="101"><net_src comp="16" pin="0"/><net_sink comp="94" pin=2"/></net>

<net id="107"><net_src comp="10" pin="0"/><net_sink comp="102" pin=0"/></net>

<net id="108"><net_src comp="28" pin="2"/><net_sink comp="102" pin=1"/></net>

<net id="109"><net_src comp="18" pin="0"/><net_sink comp="102" pin=2"/></net>

<net id="115"><net_src comp="10" pin="0"/><net_sink comp="110" pin=0"/></net>

<net id="116"><net_src comp="28" pin="2"/><net_sink comp="110" pin=1"/></net>

<net id="117"><net_src comp="12" pin="0"/><net_sink comp="110" pin=2"/></net>

<net id="123"><net_src comp="10" pin="0"/><net_sink comp="118" pin=0"/></net>

<net id="124"><net_src comp="34" pin="2"/><net_sink comp="118" pin=1"/></net>

<net id="125"><net_src comp="14" pin="0"/><net_sink comp="118" pin=2"/></net>

<net id="131"><net_src comp="10" pin="0"/><net_sink comp="126" pin=0"/></net>

<net id="132"><net_src comp="40" pin="2"/><net_sink comp="126" pin=1"/></net>

<net id="133"><net_src comp="16" pin="0"/><net_sink comp="126" pin=2"/></net>

<net id="139"><net_src comp="10" pin="0"/><net_sink comp="134" pin=0"/></net>

<net id="140"><net_src comp="22" pin="2"/><net_sink comp="134" pin=1"/></net>

<net id="141"><net_src comp="18" pin="0"/><net_sink comp="134" pin=2"/></net>

<net id="147"><net_src comp="10" pin="0"/><net_sink comp="142" pin=0"/></net>

<net id="148"><net_src comp="22" pin="2"/><net_sink comp="142" pin=1"/></net>

<net id="149"><net_src comp="12" pin="0"/><net_sink comp="142" pin=2"/></net>

<net id="155"><net_src comp="10" pin="0"/><net_sink comp="150" pin=0"/></net>

<net id="156"><net_src comp="28" pin="2"/><net_sink comp="150" pin=1"/></net>

<net id="157"><net_src comp="14" pin="0"/><net_sink comp="150" pin=2"/></net>

<net id="163"><net_src comp="10" pin="0"/><net_sink comp="158" pin=0"/></net>

<net id="164"><net_src comp="34" pin="2"/><net_sink comp="158" pin=1"/></net>

<net id="165"><net_src comp="16" pin="0"/><net_sink comp="158" pin=2"/></net>

<net id="171"><net_src comp="10" pin="0"/><net_sink comp="166" pin=0"/></net>

<net id="172"><net_src comp="40" pin="2"/><net_sink comp="166" pin=1"/></net>

<net id="173"><net_src comp="18" pin="0"/><net_sink comp="166" pin=2"/></net>

<net id="178"><net_src comp="54" pin="3"/><net_sink comp="174" pin=0"/></net>

<net id="179"><net_src comp="46" pin="3"/><net_sink comp="174" pin=1"/></net>

<net id="184"><net_src comp="62" pin="3"/><net_sink comp="180" pin=0"/></net>

<net id="185"><net_src comp="70" pin="3"/><net_sink comp="180" pin=1"/></net>

<net id="190"><net_src comp="180" pin="2"/><net_sink comp="186" pin=0"/></net>

<net id="191"><net_src comp="174" pin="2"/><net_sink comp="186" pin=1"/></net>

<net id="196"><net_src comp="86" pin="3"/><net_sink comp="192" pin=0"/></net>

<net id="197"><net_src comp="78" pin="3"/><net_sink comp="192" pin=1"/></net>

<net id="202"><net_src comp="94" pin="3"/><net_sink comp="198" pin=0"/></net>

<net id="203"><net_src comp="102" pin="3"/><net_sink comp="198" pin=1"/></net>

<net id="208"><net_src comp="198" pin="2"/><net_sink comp="204" pin=0"/></net>

<net id="209"><net_src comp="192" pin="2"/><net_sink comp="204" pin=1"/></net>

<net id="214"><net_src comp="118" pin="3"/><net_sink comp="210" pin=0"/></net>

<net id="215"><net_src comp="110" pin="3"/><net_sink comp="210" pin=1"/></net>

<net id="220"><net_src comp="126" pin="3"/><net_sink comp="216" pin=0"/></net>

<net id="221"><net_src comp="134" pin="3"/><net_sink comp="216" pin=1"/></net>

<net id="226"><net_src comp="216" pin="2"/><net_sink comp="222" pin=0"/></net>

<net id="227"><net_src comp="210" pin="2"/><net_sink comp="222" pin=1"/></net>

<net id="232"><net_src comp="150" pin="3"/><net_sink comp="228" pin=0"/></net>

<net id="233"><net_src comp="142" pin="3"/><net_sink comp="228" pin=1"/></net>

<net id="238"><net_src comp="158" pin="3"/><net_sink comp="234" pin=0"/></net>

<net id="239"><net_src comp="166" pin="3"/><net_sink comp="234" pin=1"/></net>

<net id="244"><net_src comp="234" pin="2"/><net_sink comp="240" pin=0"/></net>

<net id="245"><net_src comp="228" pin="2"/><net_sink comp="240" pin=1"/></net>

<net id="250"><net_src comp="20" pin="0"/><net_sink comp="246" pin=0"/></net>

<net id="251"><net_src comp="186" pin="2"/><net_sink comp="246" pin=1"/></net>

<net id="256"><net_src comp="246" pin="2"/><net_sink comp="252" pin=0"/></net>

<net id="257"><net_src comp="204" pin="2"/><net_sink comp="252" pin=1"/></net>

<net id="262"><net_src comp="252" pin="2"/><net_sink comp="258" pin=0"/></net>

<net id="263"><net_src comp="222" pin="2"/><net_sink comp="258" pin=1"/></net>

<net id="268"><net_src comp="258" pin="2"/><net_sink comp="264" pin=0"/></net>

<net id="269"><net_src comp="240" pin="2"/><net_sink comp="264" pin=1"/></net>

</net_list>

</model> 
---------------- Datapath Model END ------------------

* FSMD analyzer results:
  - Output states:
 - Input state : 
	Port: invMixColumn : column_0_read | {1 }
	Port: invMixColumn : column_1_read | {1 }
	Port: invMixColumn : column_2_read | {1 }
	Port: invMixColumn : column_3_read | {1 }
  - Chain level:
	State 1
		xor_ln391_1 : 1
		xor_ln391_2 : 1
		xor_ln391 : 1
		xor_ln395_1 : 1
		xor_ln395_2 : 1
		xor_ln395 : 1
		xor_ln399_1 : 1
		xor_ln399_2 : 1
		xor_ln399 : 1
		xor_ln403_1 : 1
		xor_ln403_2 : 1
		xor_ln403 : 1
		mrv : 1
		mrv_1 : 2
		mrv_2 : 3
		mrv_3 : 4
		ret_ln404 : 5


============================================================
+ Verbose Summary: Datapath Resource usage 
============================================================

* Functional unit list:
|----------|------------------------------------|---------|---------|
| Operation|           Functional Unit          |    FF   |   LUT   |
|----------|------------------------------------|---------|---------|
|          |   tmp_galois_multiplicatio_fu_46   |    0    |   104   |
|          |  tmp_6_galois_multiplicatio_fu_54  |    0    |   104   |
|          |  tmp_7_galois_multiplicatio_fu_62  |    0    |   104   |
|          |  tmp_8_galois_multiplicatio_fu_70  |    0    |   104   |
|          |  tmp_9_galois_multiplicatio_fu_78  |    0    |   104   |
|          |  tmp_s_galois_multiplicatio_fu_86  |    0    |   104   |
|          |  tmp_1_galois_multiplicatio_fu_94  |    0    |   104   |
|   call   |  tmp_2_galois_multiplicatio_fu_102 |    0    |   104   |
|          |  tmp_3_galois_multiplicatio_fu_110 |    0    |   104   |
|          |  tmp_4_galois_multiplicatio_fu_118 |    0    |   104   |
|          |  tmp_5_galois_multiplicatio_fu_126 |    0    |   104   |
|          | tmp_10_galois_multiplicatio_fu_134 |    0    |   104   |
|          | tmp_11_galois_multiplicatio_fu_142 |    0    |   104   |
|          | tmp_12_galois_multiplicatio_fu_150 |    0    |   104   |
|          | tmp_13_galois_multiplicatio_fu_158 |    0    |   104   |
|          | tmp_14_galois_multiplicatio_fu_166 |    0    |   104   |
|----------|------------------------------------|---------|---------|
|          |         xor_ln391_1_fu_174         |    0    |    8    |
|          |         xor_ln391_2_fu_180         |    0    |    8    |
|          |          xor_ln391_fu_186          |    0    |    8    |
|          |         xor_ln395_1_fu_192         |    0    |    8    |
|          |         xor_ln395_2_fu_198         |    0    |    8    |
|    xor   |          xor_ln395_fu_204          |    0    |    8    |
|          |         xor_ln399_1_fu_210         |    0    |    8    |
|          |         xor_ln399_2_fu_216         |    0    |    8    |
|          |          xor_ln399_fu_222          |    0    |    8    |
|          |         xor_ln403_1_fu_228         |    0    |    8    |
|          |         xor_ln403_2_fu_234         |    0    |    8    |
|          |          xor_ln403_fu_240          |    0    |    8    |
|----------|------------------------------------|---------|---------|
|          |     column_3_read_1_read_fu_22     |    0    |    0    |
|   read   |     column_2_read_1_read_fu_28     |    0    |    0    |
|          |     column_1_read_1_read_fu_34     |    0    |    0    |
|          |     column_0_read_1_read_fu_40     |    0    |    0    |
|----------|------------------------------------|---------|---------|
|          |             mrv_fu_246             |    0    |    0    |
|insertvalue|            mrv_1_fu_252            |    0    |    0    |
|          |            mrv_2_fu_258            |    0    |    0    |
|          |            mrv_3_fu_264            |    0    |    0    |
|----------|------------------------------------|---------|---------|
|   Total  |                                    |    0    |   1760  |
|----------|------------------------------------|---------|---------|

Memories:
N/A

* Register list:
N/A

* Multiplexer (MUX) list: 
|--------|------|------|------|--------|
|  Comp  |  Pin | Size |  BW  | S x BW |
|--------|------|------|------|--------|
|  Total |      |      |      |    0   |
|--------|------|------|------|--------|



* Summary:
+-----------+--------+--------+
|           |   FF   |   LUT  |
+-----------+--------+--------+
|  Function |    0   |  1760  |
|   Memory  |    -   |    -   |
|Multiplexer|    -   |    -   |
|  Register |    -   |    -   |
+-----------+--------+--------+
|   Total   |    0   |  1760  |
+-----------+--------+--------+
