

================================================================
== Vivado HLS Report for 'Blowfish_SetKey_Encrypt'
================================================================
* Date:           Mon Nov 18 10:54:16 2024

* Version:        2019.2 (Build 2704478 on Wed Nov 06 22:10:23 MST 2019)
* Project:        blowfish.prj
* Solution:       solution1
* Product family: zynq
* Target device:  xc7z020-clg484-1


================================================================
== Performance Estimates
================================================================
+ Timing: 
    * Summary: 
    +--------+----------+----------+------------+
    |  Clock |  Target  | Estimated| Uncertainty|
    +--------+----------+----------+------------+
    |ap_clk  | 10.00 ns | 8.591 ns |   1.25 ns  |
    +--------+----------+----------+------------+

+ Latency: 
    * Summary: 
    +---------+---------+----------+----------+-----+-------+---------+
    |  Latency (cycles) |  Latency (absolute) |   Interval  | Pipeline|
    |   min   |   max   |    min   |    max   | min |  max  |   Type  |
    +---------+---------+----------+----------+-----+-------+---------+
    |       75|    43080| 0.750 us | 0.431 ms |   75|  43080|   none  |
    +---------+---------+----------+----------+-----+-------+---------+

    + Detail: 
        * Instance: 
        +----------------------------+------------------+---------+---------+----------+----------+-------+-------+---------+
        |                            |                  |  Latency (cycles) |  Latency (absolute) |    Interval   | Pipeline|
        |          Instance          |      Module      |   min   |   max   |    min   |    max   |  min  |  max  |   Type  |
        +----------------------------+------------------+---------+---------+----------+----------+-------+-------+---------+
        |grp_Blowfish_SetKey_fu_44   |Blowfish_SetKey   |    43004|    43004| 0.430 ms | 0.430 ms |  43004|  43004|   none  |
        |grp_Blowfish_Encrypt_fu_60  |Blowfish_Encrypt  |       73|       73| 0.730 us | 0.730 us |     73|     73|   none  |
        +----------------------------+------------------+---------+---------+----------+----------+-------+-------+---------+

        * Loop: 
        N/A



================================================================
== Utilization Estimates
================================================================
* Summary: 
+-----------------+---------+-------+--------+-------+-----+
|       Name      | BRAM_18K| DSP48E|   FF   |  LUT  | URAM|
+-----------------+---------+-------+--------+-------+-----+
|DSP              |        -|      -|       -|      -|    -|
|Expression       |        -|      -|       -|      -|    -|
|FIFO             |        -|      -|       -|      -|    -|
|Instance         |        2|      -|    1813|   2590|    -|
|Memory           |        -|      -|       -|      -|    -|
|Multiplexer      |        -|      -|       -|    162|    -|
|Register         |        -|      -|       6|      -|    -|
+-----------------+---------+-------+--------+-------+-----+
|Total            |        2|      0|    1819|   2752|    0|
+-----------------+---------+-------+--------+-------+-----+
|Available        |      280|    220|  106400|  53200|    0|
+-----------------+---------+-------+--------+-------+-----+
|Utilization (%)  |    ~0   |      0|       1|      5|    0|
+-----------------+---------+-------+--------+-------+-----+

+ Detail: 
    * Instance: 
    +----------------------------+------------------+---------+-------+------+------+-----+
    |          Instance          |      Module      | BRAM_18K| DSP48E|  FF  |  LUT | URAM|
    +----------------------------+------------------+---------+-------+------+------+-----+
    |grp_Blowfish_Encrypt_fu_60  |Blowfish_Encrypt  |        0|      0|   247|   675|    0|
    |grp_Blowfish_SetKey_fu_44   |Blowfish_SetKey   |        2|      0|  1566|  1915|    0|
    +----------------------------+------------------+---------+-------+------+------+-----+
    |Total                       |                  |        2|      0|  1813|  2590|    0|
    +----------------------------+------------------+---------+-------+------+------+-----+

    * DSP48E: 
    N/A

    * Memory: 
    N/A

    * FIFO: 
    N/A

    * Expression: 
    N/A

    * Multiplexer: 
    +------------+----+-----------+-----+-----------+
    |    Name    | LUT| Input Size| Bits| Total Bits|
    +------------+----+-----------+-----+-----------+
    |P_address0  |  15|          3|    5|         15|
    |P_ce0       |  15|          3|    1|          3|
    |P_ce1       |   9|          2|    1|          2|
    |P_we0       |   9|          2|    1|          2|
    |P_we1       |   9|          2|    1|          2|
    |S_address0  |  15|          3|   10|         30|
    |S_address1  |  15|          3|   10|         30|
    |S_ce0       |  15|          3|    1|          3|
    |S_ce1       |  15|          3|    1|          3|
    |S_we0       |   9|          2|    1|          2|
    |S_we1       |   9|          2|    1|          2|
    |ap_NS_fsm   |  27|          5|    1|          5|
    +------------+----+-----------+-----+-----------+
    |Total       | 162|         33|   34|         99|
    +------------+----+-----------+-----+-----------+

    * Register: 
    +-----------------------------------------+---+----+-----+-----------+
    |                   Name                  | FF| LUT| Bits| Const Bits|
    +-----------------------------------------+---+----+-----+-----------+
    |ap_CS_fsm                                |  4|   0|    4|          0|
    |grp_Blowfish_Encrypt_fu_60_ap_start_reg  |  1|   0|    1|          0|
    |grp_Blowfish_SetKey_fu_44_ap_start_reg   |  1|   0|    1|          0|
    +-----------------------------------------+---+----+-----+-----------+
    |Total                                    |  6|   0|    6|          0|
    +-----------------------------------------+---+----+-----+-----------+



================================================================
== Interface
================================================================
* Summary: 
+---------------------+-----+-----+------------+-------------------------+--------------+
|      RTL Ports      | Dir | Bits|  Protocol  |      Source Object      |    C Type    |
+---------------------+-----+-----+------------+-------------------------+--------------+
|ap_clk               |  in |    1| ap_ctrl_hs | Blowfish_SetKey_Encrypt | return value |
|ap_rst               |  in |    1| ap_ctrl_hs | Blowfish_SetKey_Encrypt | return value |
|ap_start             |  in |    1| ap_ctrl_hs | Blowfish_SetKey_Encrypt | return value |
|ap_done              | out |    1| ap_ctrl_hs | Blowfish_SetKey_Encrypt | return value |
|ap_idle              | out |    1| ap_ctrl_hs | Blowfish_SetKey_Encrypt | return value |
|ap_ready             | out |    1| ap_ctrl_hs | Blowfish_SetKey_Encrypt | return value |
|set_key              |  in |    1|   ap_none  |         set_key         |    scalar    |
|key_address0         | out |    6|  ap_memory |           key           |     array    |
|key_ce0              | out |    1|  ap_memory |           key           |     array    |
|key_q0               |  in |    8|  ap_memory |           key           |     array    |
|key_size             |  in |   64|   ap_none  |         key_size        |    scalar    |
|plaintext_address0   | out |    4|  ap_memory |        plaintext        |     array    |
|plaintext_ce0        | out |    1|  ap_memory |        plaintext        |     array    |
|plaintext_q0         |  in |    8|  ap_memory |        plaintext        |     array    |
|plaintext_address1   | out |    4|  ap_memory |        plaintext        |     array    |
|plaintext_ce1        | out |    1|  ap_memory |        plaintext        |     array    |
|plaintext_q1         |  in |    8|  ap_memory |        plaintext        |     array    |
|ciphertext_address0  | out |    4|  ap_memory |        ciphertext       |     array    |
|ciphertext_ce0       | out |    1|  ap_memory |        ciphertext       |     array    |
|ciphertext_we0       | out |    1|  ap_memory |        ciphertext       |     array    |
|ciphertext_d0        | out |    8|  ap_memory |        ciphertext       |     array    |
|ciphertext_address1  | out |    4|  ap_memory |        ciphertext       |     array    |
|ciphertext_ce1       | out |    1|  ap_memory |        ciphertext       |     array    |
|ciphertext_we1       | out |    1|  ap_memory |        ciphertext       |     array    |
|ciphertext_d1        | out |    8|  ap_memory |        ciphertext       |     array    |
|P_address0           | out |    5|  ap_memory |            P            |     array    |
|P_ce0                | out |    1|  ap_memory |            P            |     array    |
|P_we0                | out |    1|  ap_memory |            P            |     array    |
|P_d0                 | out |   32|  ap_memory |            P            |     array    |
|P_q0                 |  in |   32|  ap_memory |            P            |     array    |
|P_address1           | out |    5|  ap_memory |            P            |     array    |
|P_ce1                | out |    1|  ap_memory |            P            |     array    |
|P_we1                | out |    1|  ap_memory |            P            |     array    |
|P_d1                 | out |   32|  ap_memory |            P            |     array    |
|P_q1                 |  in |   32|  ap_memory |            P            |     array    |
|S_address0           | out |   10|  ap_memory |            S            |     array    |
|S_ce0                | out |    1|  ap_memory |            S            |     array    |
|S_we0                | out |    1|  ap_memory |            S            |     array    |
|S_d0                 | out |   32|  ap_memory |            S            |     array    |
|S_q0                 |  in |   32|  ap_memory |            S            |     array    |
|S_address1           | out |   10|  ap_memory |            S            |     array    |
|S_ce1                | out |    1|  ap_memory |            S            |     array    |
|S_we1                | out |    1|  ap_memory |            S            |     array    |
|S_d1                 | out |   32|  ap_memory |            S            |     array    |
|S_q1                 |  in |   32|  ap_memory |            S            |     array    |
+---------------------+-----+-----+------------+-------------------------+--------------+

