

================================================================
== Vivado HLS Report for 'Encrypt_SetKey'
================================================================
* Date:           Mon Nov 18 10:54:15 2024

* Version:        2019.2 (Build 2704478 on Wed Nov 06 22:10:23 MST 2019)
* Project:        blowfish.prj
* Solution:       solution1
* Product family: zynq
* Target device:  xc7z020-clg484-1


================================================================
== Performance Estimates
================================================================
+ Timing: 
    * Summary: 
    +--------+----------+----------+------------+
    |  Clock |  Target  | Estimated| Uncertainty|
    +--------+----------+----------+------------+
    |ap_clk  | 10.00 ns | 6.799 ns |   1.25 ns  |
    +--------+----------+----------+------------+

+ Latency: 
    * Summary: 
    +---------+---------+----------+----------+-----+-----+---------+
    |  Latency (cycles) |  Latency (absolute) |  Interval | Pipeline|
    |   min   |   max   |    min   |    max   | min | max |   Type  |
    +---------+---------+----------+----------+-----+-----+---------+
    |       66|       66| 0.660 us | 0.660 us |   66|   66|   none  |
    +---------+---------+----------+----------+-----+-----+---------+

    + Detail: 
        * Instance: 
        N/A

        * Loop: 
        +----------+---------+---------+----------+-----------+-----------+------+----------+
        |          |  Latency (cycles) | Iteration|  Initiation Interval  | Trip |          |
        | Loop Name|   min   |   max   |  Latency |  achieved |   target  | Count| Pipelined|
        +----------+---------+---------+----------+-----------+-----------+------+----------+
        |- Loop 1  |       64|       64|         4|          -|          -|    16|    no    |
        +----------+---------+---------+----------+-----------+-----------+------+----------+



================================================================
== Utilization Estimates
================================================================
* Summary: 
+-----------------+---------+-------+--------+-------+-----+
|       Name      | BRAM_18K| DSP48E|   FF   |  LUT  | URAM|
+-----------------+---------+-------+--------+-------+-----+
|DSP              |        -|      -|       -|      -|    -|
|Expression       |        -|      -|       0|    280|    -|
|FIFO             |        -|      -|       -|      -|    -|
|Instance         |        -|      -|       -|      -|    -|
|Memory           |        -|      -|       -|      -|    -|
|Multiplexer      |        -|      -|       -|    128|    -|
|Register         |        -|      -|     224|      -|    -|
+-----------------+---------+-------+--------+-------+-----+
|Total            |        0|      0|     224|    408|    0|
+-----------------+---------+-------+--------+-------+-----+
|Available        |      280|    220|  106400|  53200|    0|
+-----------------+---------+-------+--------+-------+-----+
|Utilization (%)  |        0|      0|   ~0   |   ~0  |    0|
+-----------------+---------+-------+--------+-------+-----+

+ Detail: 
    * Instance: 
    N/A

    * DSP48E: 
    N/A

    * Memory: 
    N/A

    * FIFO: 
    N/A

    * Expression: 
    +----------------------+----------+-------+---+----+------------+------------+
    |     Variable Name    | Operation| DSP48E| FF| LUT| Bitwidth P0| Bitwidth P1|
    +----------------------+----------+-------+---+----+------------+------------+
    |add_ln65_1_fu_307_p2  |     +    |      0|  0|  39|          32|          32|
    |add_ln65_fu_280_p2    |     +    |      0|  0|  39|          32|          32|
    |i_fu_183_p2           |     +    |      0|  0|  15|           5|           1|
    |icmp_ln12_fu_177_p2   |   icmp   |      0|  0|  11|           5|           6|
    |d_fu_260_p2           |    xor   |      0|  0|   8|           8|           8|
    |grp_fu_171_p2         |    xor   |      0|  0|  32|          32|          32|
    |xor_ln14_fu_313_p2    |    xor   |      0|  0|  32|          32|          32|
    |xor_ln19_fu_319_p2    |    xor   |      0|  0|  32|          32|          32|
    |xor_ln60_1_fu_224_p2  |    xor   |      0|  0|  24|          24|          24|
    |xor_ln60_fu_218_p2    |    xor   |      0|  0|  16|          16|          16|
    |xor_ln65_fu_302_p2    |    xor   |      0|  0|  32|          32|          32|
    +----------------------+----------+-------+---+----+------------+------------+
    |Total                 |          |      0|  0| 280|         250|         247|
    +----------------------+----------+-------+---+----+------------+------------+

    * Multiplexer: 
    +---------------------------+----+-----------+-----+-----------+
    |            Name           | LUT| Input Size| Bits| Total Bits|
    +---------------------------+----+-----------+-----+-----------+
    |P_address0                 |  15|          3|    5|         15|
    |S_address0                 |  15|          3|   10|         30|
    |S_address1                 |  15|          3|   10|         30|
    |ap_NS_fsm                  |  38|          7|    1|          7|
    |ap_return_0                |   9|          2|   32|         64|
    |ap_return_1                |   9|          2|   32|         64|
    |i_0_reg_160                |   9|          2|    5|         10|
    |p_b_read_assign_2_reg_150  |   9|          2|   32|         64|
    |p_tmp_reg_140              |   9|          2|   32|         64|
    +---------------------------+----+-----------+-----+-----------+
    |Total                      | 128|         26|  159|        348|
    +---------------------------+----+-----------+-----+-----------+

    * Register: 
    +---------------------------+----+----+-----+-----------+
    |            Name           | FF | LUT| Bits| Const Bits|
    +---------------------------+----+----+-----+-----------+
    |add_ln65_reg_395           |  32|   0|   32|          0|
    |ap_CS_fsm                  |   6|   0|    6|          0|
    |ap_return_0_preg           |  32|   0|   32|          0|
    |ap_return_1_preg           |  32|   0|   32|          0|
    |c_reg_375                  |   8|   0|    8|          0|
    |d_reg_380                  |   8|   0|    8|          0|
    |i_0_reg_160                |   5|   0|    5|          0|
    |i_reg_350                  |   5|   0|    5|          0|
    |p_b_read_assign_2_reg_150  |  32|   0|   32|          0|
    |p_tmp_1_reg_370            |  32|   0|   32|          0|
    |p_tmp_reg_140              |  32|   0|   32|          0|
    +---------------------------+----+----+-----+-----------+
    |Total                      | 224|   0|  224|          0|
    +---------------------------+----+----+-----+-----------+



================================================================
== Interface
================================================================
* Summary: 
+-------------+-----+-----+------------+----------------+--------------+
|  RTL Ports  | Dir | Bits|  Protocol  |  Source Object |    C Type    |
+-------------+-----+-----+------------+----------------+--------------+
|ap_clk       |  in |    1| ap_ctrl_hs | Encrypt_SetKey | return value |
|ap_rst       |  in |    1| ap_ctrl_hs | Encrypt_SetKey | return value |
|ap_start     |  in |    1| ap_ctrl_hs | Encrypt_SetKey | return value |
|ap_done      | out |    1| ap_ctrl_hs | Encrypt_SetKey | return value |
|ap_idle      | out |    1| ap_ctrl_hs | Encrypt_SetKey | return value |
|ap_ready     | out |    1| ap_ctrl_hs | Encrypt_SetKey | return value |
|ap_return_0  | out |   32| ap_ctrl_hs | Encrypt_SetKey | return value |
|ap_return_1  | out |   32| ap_ctrl_hs | Encrypt_SetKey | return value |
|left_read    |  in |   32|   ap_none  |    left_read   |    scalar    |
|right_read   |  in |   32|   ap_none  |   right_read   |    scalar    |
|P_address0   | out |    5|  ap_memory |        P       |     array    |
|P_ce0        | out |    1|  ap_memory |        P       |     array    |
|P_q0         |  in |   32|  ap_memory |        P       |     array    |
|P_address1   | out |    5|  ap_memory |        P       |     array    |
|P_ce1        | out |    1|  ap_memory |        P       |     array    |
|P_q1         |  in |   32|  ap_memory |        P       |     array    |
|S_address0   | out |   10|  ap_memory |        S       |     array    |
|S_ce0        | out |    1|  ap_memory |        S       |     array    |
|S_q0         |  in |   32|  ap_memory |        S       |     array    |
|S_address1   | out |   10|  ap_memory |        S       |     array    |
|S_ce1        | out |    1|  ap_memory |        S       |     array    |
|S_q1         |  in |   32|  ap_memory |        S       |     array    |
+-------------+-----+-----+------------+----------------+--------------+

