

================================================================
== Vivado HLS Report for 'aes_main'
================================================================
* Date:           Thu Nov 14 13:06:46 2024

* Version:        2019.2 (Build 2704478 on Wed Nov 06 22:10:23 MST 2019)
* Project:        just_encrypt.prj
* Solution:       solution1
* Product family: zynq
* Target device:  xc7z020-clg484-1


================================================================
== Performance Estimates
================================================================
+ Timing: 
    * Summary: 
    +--------+----------+----------+------------+
    |  Clock |  Target  | Estimated| Uncertainty|
    +--------+----------+----------+------------+
    |ap_clk  | 10.00 ns | 6.923 ns |   1.25 ns  |
    +--------+----------+----------+------------+

+ Latency: 
    * Summary: 
    +---------+---------+-----------+-----------+------+------+---------+
    |  Latency (cycles) |   Latency (absolute)  |   Interval  | Pipeline|
    |   min   |   max   |    min    |    max    |  min |  max |   Type  |
    +---------+---------+-----------+-----------+------+------+---------+
    |     2991|     2991| 29.910 us | 29.910 us |  2991|  2991|   none  |
    +---------+---------+-----------+-----------+------+------+---------+

    + Detail: 
        * Instance: 
        +---------------------------+----------------+---------+---------+----------+----------+-----+-----+---------+
        |                           |                |  Latency (cycles) |  Latency (absolute) |  Interval | Pipeline|
        |          Instance         |     Module     |   min   |   max   |    min   |    max   | min | max |   Type  |
        +---------------------------+----------------+---------+---------+----------+----------+-----+-----+---------+
        |grp_aes_round_fu_219       |aes_round       |      261|      261| 2.610 us | 2.610 us |  261|  261|   none  |
        |grp_createRoundKey_fu_228  |createRoundKey  |       41|       41| 0.410 us | 0.410 us |   41|   41|   none  |
        +---------------------------+----------------+---------+---------+----------+----------+-----+-----+---------+

        * Loop: 
        +-------------+---------+---------+----------+-----------+-----------+------+----------+
        |             |  Latency (cycles) | Iteration|  Initiation Interval  | Trip |          |
        |  Loop Name  |   min   |   max   |  Latency |  achieved |   target  | Count| Pipelined|
        +-------------+---------+---------+----------+-----------+-----------+------+----------+
        |- Loop 1     |       32|       32|         2|          -|          -|    16|    no    |
        |- Loop 2     |     2754|     2754|       306|          -|          -|     9|    no    |
        |- Loop 3     |       48|       48|         3|          -|          -|    16|    no    |
        |- Loop 4     |       36|       36|         9|          -|          -|     4|    no    |
        | + Loop 4.1  |        6|        6|         2|          -|          -|     3|    no    |
        |- Loop 5     |       32|       32|         2|          -|          -|    16|    no    |
        +-------------+---------+---------+----------+-----------+-----------+------+----------+

============================================================
+ Verbose Summary: Synthesis Manager
============================================================
InlineROM: 1
ExposeGlobal: 0
============================================================
+ Verbose Summary: CDFG Model
============================================================
IsTopModel: 0
ResetActiveHigh: 1
IsCombinational: 0
IsDatapathOnly: 0
HasWiredReturn: 1
HasMFsm: 0
HasVarLatency: 1
IsPipeline: 0
IsRtlPipelined: 0
IsInstanceOverlapped: 0
IsDontTouch: 0
HasImplIP: 0
IsGatedGlobalClock: 0


============================================================
+ Verbose Summary: Schedule
============================================================
* Number of FSM states : 18
* Pipeline : 0
* Dataflow Pipeline: 0

* FSM state transitions: 
1 --> 2 
2 --> 3 
3 --> 4 5 
4 --> 3 
5 --> 6 9 
6 --> 7 
7 --> 8 
8 --> 5 
9 --> 10 
10 --> 11 13 
11 --> 12 
12 --> 10 
13 --> 14 17 
14 --> 15 
15 --> 16 13 
16 --> 15 
17 --> 18 
18 --> 17 

* FSM state operations: 

State 1 <SV = 0> <Delay = 4.13>
ST_1 : Operation 19 [1/1] (2.32ns)   --->   "%roundKey = alloca [16 x i8], align 16" [just_encrypt.cpp:328]   --->   Operation 19 'alloca' 'roundKey' <Predicate = true> <Delay = 2.32> <Core = "RAM">   --->   Core 37 'RAM' <Latency = 1> <II = 1> <Delay = 2.32> <Storage> <Opcode : 'load' 'store'> <Ports = 2> <Width = 8> <Depth = 16> <RAM>
ST_1 : Operation 20 [2/2] (1.81ns)   --->   "call fastcc void @createRoundKey([176 x i8]* %expandedKey, [16 x i8]* %roundKey, i10 0)" [just_encrypt.cpp:330]   --->   Operation 20 'call' <Predicate = true> <Delay = 1.81> <CoreType = "Generic">   --->   Core 0 '' <Latency = 0> <II = 1> <Delay = 1.00> <Generic> <Opcode : >

State 2 <SV = 1> <Delay = 1.76>
ST_2 : Operation 21 [1/2] (0.00ns)   --->   "call fastcc void @createRoundKey([176 x i8]* %expandedKey, [16 x i8]* %roundKey, i10 0)" [just_encrypt.cpp:330]   --->   Operation 21 'call' <Predicate = true> <Delay = 0.00> <CoreType = "Generic">   --->   Core 0 '' <Latency = 0> <II = 1> <Delay = 1.00> <Generic> <Opcode : >
ST_2 : Operation 22 [1/1] (1.76ns)   --->   "br label %1" [just_encrypt.cpp:228->just_encrypt.cpp:331]   --->   Operation 22 'br' <Predicate = true> <Delay = 1.76>

State 3 <SV = 2> <Delay = 2.32>
ST_3 : Operation 23 [1/1] (0.00ns)   --->   "%i_0_i = phi i5 [ 0, %0 ], [ %i_7, %2 ]"   --->   Operation 23 'phi' 'i_0_i' <Predicate = true> <Delay = 0.00>
ST_3 : Operation 24 [1/1] (1.36ns)   --->   "%icmp_ln228 = icmp eq i5 %i_0_i, -16" [just_encrypt.cpp:228->just_encrypt.cpp:331]   --->   Operation 24 'icmp' 'icmp_ln228' <Predicate = true> <Delay = 1.36> <Core = "Cmp">   --->   Core 25 'Cmp' <Latency = 0> <II = 1> <Delay = 1.36> <FuncUnit> <Opcode : 'icmp'> <InPorts = 2> <OutPorts = 1>
ST_3 : Operation 25 [1/1] (0.00ns)   --->   "%empty = call i32 (...)* @_ssdm_op_SpecLoopTripCount(i64 16, i64 16, i64 16)"   --->   Operation 25 'speclooptripcount' 'empty' <Predicate = true> <Delay = 0.00>
ST_3 : Operation 26 [1/1] (1.78ns)   --->   "%i_7 = add i5 %i_0_i, 1" [just_encrypt.cpp:228->just_encrypt.cpp:331]   --->   Operation 26 'add' 'i_7' <Predicate = true> <Delay = 1.78> <Core = "AddSub">   --->   Core 14 'AddSub' <Latency = 0> <II = 1> <Delay = 1.78> <FuncUnit> <Opcode : 'add' 'sub'> <InPorts = 2> <OutPorts = 1>
ST_3 : Operation 27 [1/1] (0.00ns)   --->   "br i1 %icmp_ln228, label %addRoundKey.exit.preheader, label %2" [just_encrypt.cpp:228->just_encrypt.cpp:331]   --->   Operation 27 'br' <Predicate = true> <Delay = 0.00>
ST_3 : Operation 28 [1/1] (0.00ns)   --->   "%zext_ln229 = zext i5 %i_0_i to i64" [just_encrypt.cpp:229->just_encrypt.cpp:331]   --->   Operation 28 'zext' 'zext_ln229' <Predicate = (!icmp_ln228)> <Delay = 0.00>
ST_3 : Operation 29 [1/1] (0.00ns)   --->   "%state_addr = getelementptr [16 x i8]* %state, i64 0, i64 %zext_ln229" [just_encrypt.cpp:229->just_encrypt.cpp:331]   --->   Operation 29 'getelementptr' 'state_addr' <Predicate = (!icmp_ln228)> <Delay = 0.00>
ST_3 : Operation 30 [2/2] (2.32ns)   --->   "%state_load = load i8* %state_addr, align 1" [just_encrypt.cpp:229->just_encrypt.cpp:331]   --->   Operation 30 'load' 'state_load' <Predicate = (!icmp_ln228)> <Delay = 2.32> <Core = "RAM">   --->   Core 37 'RAM' <Latency = 1> <II = 1> <Delay = 2.32> <Storage> <Opcode : 'load' 'store'> <Ports = 2> <Width = 8> <Depth = 16> <RAM>
ST_3 : Operation 31 [1/1] (0.00ns)   --->   "%roundKey_addr = getelementptr [16 x i8]* %roundKey, i64 0, i64 %zext_ln229" [just_encrypt.cpp:229->just_encrypt.cpp:331]   --->   Operation 31 'getelementptr' 'roundKey_addr' <Predicate = (!icmp_ln228)> <Delay = 0.00>
ST_3 : Operation 32 [2/2] (2.32ns)   --->   "%roundKey_load = load i8* %roundKey_addr, align 1" [just_encrypt.cpp:229->just_encrypt.cpp:331]   --->   Operation 32 'load' 'roundKey_load' <Predicate = (!icmp_ln228)> <Delay = 2.32> <Core = "RAM">   --->   Core 37 'RAM' <Latency = 1> <II = 1> <Delay = 2.32> <Storage> <Opcode : 'load' 'store'> <Ports = 2> <Width = 8> <Depth = 16> <RAM>
ST_3 : Operation 33 [1/1] (1.76ns)   --->   "br label %addRoundKey.exit" [just_encrypt.cpp:333]   --->   Operation 33 'br' <Predicate = (icmp_ln228)> <Delay = 1.76>

State 4 <SV = 3> <Delay = 5.63>
ST_4 : Operation 34 [1/2] (2.32ns)   --->   "%state_load = load i8* %state_addr, align 1" [just_encrypt.cpp:229->just_encrypt.cpp:331]   --->   Operation 34 'load' 'state_load' <Predicate = true> <Delay = 2.32> <Core = "RAM">   --->   Core 37 'RAM' <Latency = 1> <II = 1> <Delay = 2.32> <Storage> <Opcode : 'load' 'store'> <Ports = 2> <Width = 8> <Depth = 16> <RAM>
ST_4 : Operation 35 [1/2] (2.32ns)   --->   "%roundKey_load = load i8* %roundKey_addr, align 1" [just_encrypt.cpp:229->just_encrypt.cpp:331]   --->   Operation 35 'load' 'roundKey_load' <Predicate = true> <Delay = 2.32> <Core = "RAM">   --->   Core 37 'RAM' <Latency = 1> <II = 1> <Delay = 2.32> <Storage> <Opcode : 'load' 'store'> <Ports = 2> <Width = 8> <Depth = 16> <RAM>
ST_4 : Operation 36 [1/1] (0.99ns)   --->   "%xor_ln229 = xor i8 %roundKey_load, %state_load" [just_encrypt.cpp:229->just_encrypt.cpp:331]   --->   Operation 36 'xor' 'xor_ln229' <Predicate = true> <Delay = 0.99> <Core = "LogicGate">   --->   Core 27 'LogicGate' <Latency = 0> <II = 1> <Delay = 0.99> <FuncUnit> <Opcode : 'and' 'or' 'xor'> <InPorts = 2> <OutPorts = 1>
ST_4 : Operation 37 [1/1] (2.32ns)   --->   "store i8 %xor_ln229, i8* %state_addr, align 1" [just_encrypt.cpp:229->just_encrypt.cpp:331]   --->   Operation 37 'store' <Predicate = true> <Delay = 2.32> <Core = "RAM">   --->   Core 37 'RAM' <Latency = 1> <II = 1> <Delay = 2.32> <Storage> <Opcode : 'load' 'store'> <Ports = 2> <Width = 8> <Depth = 16> <RAM>
ST_4 : Operation 38 [1/1] (0.00ns)   --->   "br label %1" [just_encrypt.cpp:228->just_encrypt.cpp:331]   --->   Operation 38 'br' <Predicate = true> <Delay = 0.00>

State 5 <SV = 3> <Delay = 1.81>
ST_5 : Operation 39 [1/1] (0.00ns)   --->   "%i_0 = phi i4 [ %i, %3 ], [ 1, %addRoundKey.exit.preheader ]"   --->   Operation 39 'phi' 'i_0' <Predicate = true> <Delay = 0.00>
ST_5 : Operation 40 [1/1] (1.30ns)   --->   "%icmp_ln333 = icmp eq i4 %i_0, -6" [just_encrypt.cpp:333]   --->   Operation 40 'icmp' 'icmp_ln333' <Predicate = true> <Delay = 1.30> <Core = "Cmp">   --->   Core 25 'Cmp' <Latency = 0> <II = 1> <Delay = 1.36> <FuncUnit> <Opcode : 'icmp'> <InPorts = 2> <OutPorts = 1>
ST_5 : Operation 41 [1/1] (0.00ns)   --->   "%empty_22 = call i32 (...)* @_ssdm_op_SpecLoopTripCount(i64 9, i64 9, i64 9)"   --->   Operation 41 'speclooptripcount' 'empty_22' <Predicate = true> <Delay = 0.00>
ST_5 : Operation 42 [1/1] (0.00ns)   --->   "br i1 %icmp_ln333, label %4, label %3" [just_encrypt.cpp:333]   --->   Operation 42 'br' <Predicate = true> <Delay = 0.00>
ST_5 : Operation 43 [1/1] (0.00ns)   --->   "%shl_ln = call i8 @_ssdm_op_BitConcatenate.i8.i4.i4(i4 %i_0, i4 0)" [just_encrypt.cpp:335]   --->   Operation 43 'bitconcatenate' 'shl_ln' <Predicate = (!icmp_ln333)> <Delay = 0.00>
ST_5 : Operation 44 [1/1] (0.00ns)   --->   "%zext_ln335 = zext i8 %shl_ln to i10" [just_encrypt.cpp:335]   --->   Operation 44 'zext' 'zext_ln335' <Predicate = (!icmp_ln333)> <Delay = 0.00>
ST_5 : Operation 45 [2/2] (1.81ns)   --->   "call fastcc void @createRoundKey([176 x i8]* %expandedKey, [16 x i8]* %roundKey, i10 %zext_ln335)" [just_encrypt.cpp:335]   --->   Operation 45 'call' <Predicate = (!icmp_ln333)> <Delay = 1.81> <CoreType = "Generic">   --->   Core 0 '' <Latency = 0> <II = 1> <Delay = 1.00> <Generic> <Opcode : >
ST_5 : Operation 46 [1/1] (1.73ns)   --->   "%i = add i4 %i_0, 1" [just_encrypt.cpp:333]   --->   Operation 46 'add' 'i' <Predicate = (!icmp_ln333)> <Delay = 1.73> <Core = "AddSub">   --->   Core 14 'AddSub' <Latency = 0> <II = 1> <Delay = 1.78> <FuncUnit> <Opcode : 'add' 'sub'> <InPorts = 2> <OutPorts = 1>
ST_5 : Operation 47 [2/2] (1.81ns)   --->   "call fastcc void @createRoundKey([176 x i8]* %expandedKey, [16 x i8]* %roundKey, i10 160)" [just_encrypt.cpp:339]   --->   Operation 47 'call' <Predicate = (icmp_ln333)> <Delay = 1.81> <CoreType = "Generic">   --->   Core 0 '' <Latency = 0> <II = 1> <Delay = 1.00> <Generic> <Opcode : >

State 6 <SV = 4> <Delay = 0.00>
ST_6 : Operation 48 [1/2] (0.00ns)   --->   "call fastcc void @createRoundKey([176 x i8]* %expandedKey, [16 x i8]* %roundKey, i10 %zext_ln335)" [just_encrypt.cpp:335]   --->   Operation 48 'call' <Predicate = true> <Delay = 0.00> <CoreType = "Generic">   --->   Core 0 '' <Latency = 0> <II = 1> <Delay = 1.00> <Generic> <Opcode : >

State 7 <SV = 5> <Delay = 0.00>
ST_7 : Operation 49 [2/2] (0.00ns)   --->   "call fastcc void @aes_round([16 x i8]* %state, [16 x i8]* %roundKey)" [just_encrypt.cpp:336]   --->   Operation 49 'call' <Predicate = true> <Delay = 0.00> <CoreType = "Generic">   --->   Core 0 '' <Latency = 0> <II = 1> <Delay = 1.00> <Generic> <Opcode : >

State 8 <SV = 6> <Delay = 0.00>
ST_8 : Operation 50 [1/2] (0.00ns)   --->   "call fastcc void @aes_round([16 x i8]* %state, [16 x i8]* %roundKey)" [just_encrypt.cpp:336]   --->   Operation 50 'call' <Predicate = true> <Delay = 0.00> <CoreType = "Generic">   --->   Core 0 '' <Latency = 0> <II = 1> <Delay = 1.00> <Generic> <Opcode : >
ST_8 : Operation 51 [1/1] (0.00ns)   --->   "br label %addRoundKey.exit" [just_encrypt.cpp:333]   --->   Operation 51 'br' <Predicate = true> <Delay = 0.00>

State 9 <SV = 4> <Delay = 1.76>
ST_9 : Operation 52 [1/2] (0.00ns)   --->   "call fastcc void @createRoundKey([176 x i8]* %expandedKey, [16 x i8]* %roundKey, i10 160)" [just_encrypt.cpp:339]   --->   Operation 52 'call' <Predicate = true> <Delay = 0.00> <CoreType = "Generic">   --->   Core 0 '' <Latency = 0> <II = 1> <Delay = 1.00> <Generic> <Opcode : >
ST_9 : Operation 53 [1/1] (1.76ns)   --->   "br label %5" [just_encrypt.cpp:183->just_encrypt.cpp:340]   --->   Operation 53 'br' <Predicate = true> <Delay = 1.76>

State 10 <SV = 5> <Delay = 2.32>
ST_10 : Operation 54 [1/1] (0.00ns)   --->   "%i_0_i2 = phi i5 [ 0, %4 ], [ %i_8, %6 ]"   --->   Operation 54 'phi' 'i_0_i2' <Predicate = true> <Delay = 0.00>
ST_10 : Operation 55 [1/1] (1.36ns)   --->   "%icmp_ln183 = icmp eq i5 %i_0_i2, -16" [just_encrypt.cpp:183->just_encrypt.cpp:340]   --->   Operation 55 'icmp' 'icmp_ln183' <Predicate = true> <Delay = 1.36> <Core = "Cmp">   --->   Core 25 'Cmp' <Latency = 0> <II = 1> <Delay = 1.36> <FuncUnit> <Opcode : 'icmp'> <InPorts = 2> <OutPorts = 1>
ST_10 : Operation 56 [1/1] (0.00ns)   --->   "%empty_23 = call i32 (...)* @_ssdm_op_SpecLoopTripCount(i64 16, i64 16, i64 16)"   --->   Operation 56 'speclooptripcount' 'empty_23' <Predicate = true> <Delay = 0.00>
ST_10 : Operation 57 [1/1] (1.78ns)   --->   "%i_8 = add i5 %i_0_i2, 1" [just_encrypt.cpp:183->just_encrypt.cpp:340]   --->   Operation 57 'add' 'i_8' <Predicate = true> <Delay = 1.78> <Core = "AddSub">   --->   Core 14 'AddSub' <Latency = 0> <II = 1> <Delay = 1.78> <FuncUnit> <Opcode : 'add' 'sub'> <InPorts = 2> <OutPorts = 1>
ST_10 : Operation 58 [1/1] (0.00ns)   --->   "br i1 %icmp_ln183, label %subBytes.exit, label %6" [just_encrypt.cpp:183->just_encrypt.cpp:340]   --->   Operation 58 'br' <Predicate = true> <Delay = 0.00>
ST_10 : Operation 59 [1/1] (0.00ns)   --->   "%zext_ln184 = zext i5 %i_0_i2 to i64" [just_encrypt.cpp:184->just_encrypt.cpp:340]   --->   Operation 59 'zext' 'zext_ln184' <Predicate = (!icmp_ln183)> <Delay = 0.00>
ST_10 : Operation 60 [1/1] (0.00ns)   --->   "%state_addr_9 = getelementptr [16 x i8]* %state, i64 0, i64 %zext_ln184" [just_encrypt.cpp:184->just_encrypt.cpp:340]   --->   Operation 60 'getelementptr' 'state_addr_9' <Predicate = (!icmp_ln183)> <Delay = 0.00>
ST_10 : Operation 61 [2/2] (2.32ns)   --->   "%state_load_6 = load i8* %state_addr_9, align 1" [just_encrypt.cpp:184->just_encrypt.cpp:340]   --->   Operation 61 'load' 'state_load_6' <Predicate = (!icmp_ln183)> <Delay = 2.32> <Core = "RAM">   --->   Core 37 'RAM' <Latency = 1> <II = 1> <Delay = 2.32> <Storage> <Opcode : 'load' 'store'> <Ports = 2> <Width = 8> <Depth = 16> <RAM>
ST_10 : Operation 62 [1/1] (0.00ns)   --->   "%state_addr_7 = getelementptr [16 x i8]* %state, i64 0, i64 12" [just_encrypt.cpp:201->just_encrypt.cpp:341]   --->   Operation 62 'getelementptr' 'state_addr_7' <Predicate = (icmp_ln183)> <Delay = 0.00>
ST_10 : Operation 63 [1/1] (0.00ns)   --->   "%state_addr_8 = getelementptr [16 x i8]* %state, i64 0, i64 15" [just_encrypt.cpp:204->just_encrypt.cpp:341]   --->   Operation 63 'getelementptr' 'state_addr_8' <Predicate = (icmp_ln183)> <Delay = 0.00>
ST_10 : Operation 64 [1/1] (1.76ns)   --->   "br label %.preheader.i" [just_encrypt.cpp:199->just_encrypt.cpp:341]   --->   Operation 64 'br' <Predicate = (icmp_ln183)> <Delay = 1.76>

State 11 <SV = 6> <Delay = 5.57>
ST_11 : Operation 65 [1/2] (2.32ns)   --->   "%state_load_6 = load i8* %state_addr_9, align 1" [just_encrypt.cpp:184->just_encrypt.cpp:340]   --->   Operation 65 'load' 'state_load_6' <Predicate = true> <Delay = 2.32> <Core = "RAM">   --->   Core 37 'RAM' <Latency = 1> <II = 1> <Delay = 2.32> <Storage> <Opcode : 'load' 'store'> <Ports = 2> <Width = 8> <Depth = 16> <RAM>
ST_11 : Operation 66 [1/1] (0.00ns)   --->   "%zext_ln71 = zext i8 %state_load_6 to i64" [just_encrypt.cpp:71->just_encrypt.cpp:184->just_encrypt.cpp:340]   --->   Operation 66 'zext' 'zext_ln71' <Predicate = true> <Delay = 0.00>
ST_11 : Operation 67 [1/1] (0.00ns)   --->   "%sbox_addr = getelementptr inbounds [256 x i8]* @sbox, i64 0, i64 %zext_ln71" [just_encrypt.cpp:71->just_encrypt.cpp:184->just_encrypt.cpp:340]   --->   Operation 67 'getelementptr' 'sbox_addr' <Predicate = true> <Delay = 0.00>
ST_11 : Operation 68 [2/2] (3.25ns)   --->   "%sbox_load = load i8* %sbox_addr, align 1" [just_encrypt.cpp:71->just_encrypt.cpp:184->just_encrypt.cpp:340]   --->   Operation 68 'load' 'sbox_load' <Predicate = true> <Delay = 3.25> <Core = "ROM_nP">   --->   Core 52 'ROM_nP' <Latency = 1> <II = 1> <Delay = 3.25> <Storage> <Opcode : 'load'> <Ports = 0> <Width = 8> <Depth = 256> <ROM>

State 12 <SV = 7> <Delay = 5.57>
ST_12 : Operation 69 [1/2] (3.25ns)   --->   "%sbox_load = load i8* %sbox_addr, align 1" [just_encrypt.cpp:71->just_encrypt.cpp:184->just_encrypt.cpp:340]   --->   Operation 69 'load' 'sbox_load' <Predicate = true> <Delay = 3.25> <Core = "ROM_nP">   --->   Core 52 'ROM_nP' <Latency = 1> <II = 1> <Delay = 3.25> <Storage> <Opcode : 'load'> <Ports = 0> <Width = 8> <Depth = 256> <ROM>
ST_12 : Operation 70 [1/1] (2.32ns)   --->   "store i8 %sbox_load, i8* %state_addr_9, align 1" [just_encrypt.cpp:184->just_encrypt.cpp:340]   --->   Operation 70 'store' <Predicate = true> <Delay = 2.32> <Core = "RAM">   --->   Core 37 'RAM' <Latency = 1> <II = 1> <Delay = 2.32> <Storage> <Opcode : 'load' 'store'> <Ports = 2> <Width = 8> <Depth = 16> <RAM>
ST_12 : Operation 71 [1/1] (0.00ns)   --->   "br label %5" [just_encrypt.cpp:183->just_encrypt.cpp:340]   --->   Operation 71 'br' <Predicate = true> <Delay = 0.00>

State 13 <SV = 6> <Delay = 2.32>
ST_13 : Operation 72 [1/1] (0.00ns)   --->   "%k_0_i = phi i3 [ %k, %10 ], [ 0, %subBytes.exit ]"   --->   Operation 72 'phi' 'k_0_i' <Predicate = true> <Delay = 0.00>
ST_13 : Operation 73 [1/1] (1.13ns)   --->   "%icmp_ln199 = icmp eq i3 %k_0_i, -4" [just_encrypt.cpp:199->just_encrypt.cpp:341]   --->   Operation 73 'icmp' 'icmp_ln199' <Predicate = true> <Delay = 1.13> <Core = "Cmp">   --->   Core 25 'Cmp' <Latency = 0> <II = 1> <Delay = 1.36> <FuncUnit> <Opcode : 'icmp'> <InPorts = 2> <OutPorts = 1>
ST_13 : Operation 74 [1/1] (0.00ns)   --->   "%empty_24 = call i32 (...)* @_ssdm_op_SpecLoopTripCount(i64 4, i64 4, i64 4)"   --->   Operation 74 'speclooptripcount' 'empty_24' <Predicate = true> <Delay = 0.00>
ST_13 : Operation 75 [1/1] (1.65ns)   --->   "%k = add i3 %k_0_i, 1" [just_encrypt.cpp:199->just_encrypt.cpp:341]   --->   Operation 75 'add' 'k' <Predicate = true> <Delay = 1.65> <Core = "AddSub">   --->   Core 14 'AddSub' <Latency = 0> <II = 1> <Delay = 1.78> <FuncUnit> <Opcode : 'add' 'sub'> <InPorts = 2> <OutPorts = 1>
ST_13 : Operation 76 [1/1] (0.00ns)   --->   "br i1 %icmp_ln199, label %shiftRows.exit.preheader, label %7" [just_encrypt.cpp:199->just_encrypt.cpp:341]   --->   Operation 76 'br' <Predicate = true> <Delay = 0.00>
ST_13 : Operation 77 [2/2] (2.32ns)   --->   "%tmp = load i8* %state_addr_7, align 1" [just_encrypt.cpp:201->just_encrypt.cpp:341]   --->   Operation 77 'load' 'tmp' <Predicate = (!icmp_ln199)> <Delay = 2.32> <Core = "RAM">   --->   Core 37 'RAM' <Latency = 1> <II = 1> <Delay = 2.32> <Storage> <Opcode : 'load' 'store'> <Ports = 2> <Width = 8> <Depth = 16> <RAM>
ST_13 : Operation 78 [1/1] (1.76ns)   --->   "br label %shiftRows.exit" [just_encrypt.cpp:228->just_encrypt.cpp:342]   --->   Operation 78 'br' <Predicate = (icmp_ln199)> <Delay = 1.76>

State 14 <SV = 7> <Delay = 2.32>
ST_14 : Operation 79 [1/2] (2.32ns)   --->   "%tmp = load i8* %state_addr_7, align 1" [just_encrypt.cpp:201->just_encrypt.cpp:341]   --->   Operation 79 'load' 'tmp' <Predicate = true> <Delay = 2.32> <Core = "RAM">   --->   Core 37 'RAM' <Latency = 1> <II = 1> <Delay = 2.32> <Storage> <Opcode : 'load' 'store'> <Ports = 2> <Width = 8> <Depth = 16> <RAM>
ST_14 : Operation 80 [1/1] (1.76ns)   --->   "br label %8" [just_encrypt.cpp:202->just_encrypt.cpp:341]   --->   Operation 80 'br' <Predicate = true> <Delay = 1.76>

State 15 <SV = 8> <Delay = 3.97>
ST_15 : Operation 81 [1/1] (0.00ns)   --->   "%j_0_i = phi i3 [ -4, %7 ], [ %j, %9 ]"   --->   Operation 81 'phi' 'j_0_i' <Predicate = true> <Delay = 0.00>
ST_15 : Operation 82 [1/1] (0.00ns)   --->   "%sext_ln202 = sext i3 %j_0_i to i4" [just_encrypt.cpp:202->just_encrypt.cpp:341]   --->   Operation 82 'sext' 'sext_ln202' <Predicate = true> <Delay = 0.00>
ST_15 : Operation 83 [1/1] (1.13ns)   --->   "%icmp_ln202 = icmp eq i3 %j_0_i, -1" [just_encrypt.cpp:202->just_encrypt.cpp:341]   --->   Operation 83 'icmp' 'icmp_ln202' <Predicate = true> <Delay = 1.13> <Core = "Cmp">   --->   Core 25 'Cmp' <Latency = 0> <II = 1> <Delay = 1.36> <FuncUnit> <Opcode : 'icmp'> <InPorts = 2> <OutPorts = 1>
ST_15 : Operation 84 [1/1] (0.00ns)   --->   "%empty_25 = call i32 (...)* @_ssdm_op_SpecLoopTripCount(i64 3, i64 3, i64 3)"   --->   Operation 84 'speclooptripcount' 'empty_25' <Predicate = true> <Delay = 0.00>
ST_15 : Operation 85 [1/1] (0.00ns)   --->   "br i1 %icmp_ln202, label %10, label %9" [just_encrypt.cpp:202->just_encrypt.cpp:341]   --->   Operation 85 'br' <Predicate = true> <Delay = 0.00>
ST_15 : Operation 86 [1/1] (1.65ns)   --->   "%j = add i3 %j_0_i, 1" [just_encrypt.cpp:203->just_encrypt.cpp:341]   --->   Operation 86 'add' 'j' <Predicate = (!icmp_ln202)> <Delay = 1.65> <Core = "AddSub">   --->   Core 14 'AddSub' <Latency = 0> <II = 1> <Delay = 1.78> <FuncUnit> <Opcode : 'add' 'sub'> <InPorts = 2> <OutPorts = 1>
ST_15 : Operation 87 [1/1] (0.00ns)   --->   "%sext_ln203 = sext i3 %j to i4" [just_encrypt.cpp:203->just_encrypt.cpp:341]   --->   Operation 87 'sext' 'sext_ln203' <Predicate = (!icmp_ln202)> <Delay = 0.00>
ST_15 : Operation 88 [1/1] (0.00ns)   --->   "%zext_ln203 = zext i4 %sext_ln203 to i64" [just_encrypt.cpp:203->just_encrypt.cpp:341]   --->   Operation 88 'zext' 'zext_ln203' <Predicate = (!icmp_ln202)> <Delay = 0.00>
ST_15 : Operation 89 [1/1] (0.00ns)   --->   "%state_addr_11 = getelementptr [16 x i8]* %state, i64 0, i64 %zext_ln203" [just_encrypt.cpp:203->just_encrypt.cpp:341]   --->   Operation 89 'getelementptr' 'state_addr_11' <Predicate = (!icmp_ln202)> <Delay = 0.00>
ST_15 : Operation 90 [2/2] (2.32ns)   --->   "%state_load_5 = load i8* %state_addr_11, align 1" [just_encrypt.cpp:203->just_encrypt.cpp:341]   --->   Operation 90 'load' 'state_load_5' <Predicate = (!icmp_ln202)> <Delay = 2.32> <Core = "RAM">   --->   Core 37 'RAM' <Latency = 1> <II = 1> <Delay = 2.32> <Storage> <Opcode : 'load' 'store'> <Ports = 2> <Width = 8> <Depth = 16> <RAM>
ST_15 : Operation 91 [1/1] (2.32ns)   --->   "store i8 %tmp, i8* %state_addr_8, align 1" [just_encrypt.cpp:204->just_encrypt.cpp:341]   --->   Operation 91 'store' <Predicate = (icmp_ln202)> <Delay = 2.32> <Core = "RAM">   --->   Core 37 'RAM' <Latency = 1> <II = 1> <Delay = 2.32> <Storage> <Opcode : 'load' 'store'> <Ports = 2> <Width = 8> <Depth = 16> <RAM>
ST_15 : Operation 92 [1/1] (0.00ns)   --->   "br label %.preheader.i" [just_encrypt.cpp:199->just_encrypt.cpp:341]   --->   Operation 92 'br' <Predicate = (icmp_ln202)> <Delay = 0.00>

State 16 <SV = 9> <Delay = 4.64>
ST_16 : Operation 93 [1/2] (2.32ns)   --->   "%state_load_5 = load i8* %state_addr_11, align 1" [just_encrypt.cpp:203->just_encrypt.cpp:341]   --->   Operation 93 'load' 'state_load_5' <Predicate = true> <Delay = 2.32> <Core = "RAM">   --->   Core 37 'RAM' <Latency = 1> <II = 1> <Delay = 2.32> <Storage> <Opcode : 'load' 'store'> <Ports = 2> <Width = 8> <Depth = 16> <RAM>
ST_16 : Operation 94 [1/1] (0.00ns)   --->   "%zext_ln203_2 = zext i4 %sext_ln202 to i64" [just_encrypt.cpp:203->just_encrypt.cpp:341]   --->   Operation 94 'zext' 'zext_ln203_2' <Predicate = true> <Delay = 0.00>
ST_16 : Operation 95 [1/1] (0.00ns)   --->   "%state_addr_12 = getelementptr [16 x i8]* %state, i64 0, i64 %zext_ln203_2" [just_encrypt.cpp:203->just_encrypt.cpp:341]   --->   Operation 95 'getelementptr' 'state_addr_12' <Predicate = true> <Delay = 0.00>
ST_16 : Operation 96 [1/1] (2.32ns)   --->   "store i8 %state_load_5, i8* %state_addr_12, align 1" [just_encrypt.cpp:203->just_encrypt.cpp:341]   --->   Operation 96 'store' <Predicate = true> <Delay = 2.32> <Core = "RAM">   --->   Core 37 'RAM' <Latency = 1> <II = 1> <Delay = 2.32> <Storage> <Opcode : 'load' 'store'> <Ports = 2> <Width = 8> <Depth = 16> <RAM>
ST_16 : Operation 97 [1/1] (0.00ns)   --->   "br label %8" [just_encrypt.cpp:202->just_encrypt.cpp:341]   --->   Operation 97 'br' <Predicate = true> <Delay = 0.00>

State 17 <SV = 7> <Delay = 2.32>
ST_17 : Operation 98 [1/1] (0.00ns)   --->   "%i_0_i8 = phi i5 [ %i_9, %11 ], [ 0, %shiftRows.exit.preheader ]"   --->   Operation 98 'phi' 'i_0_i8' <Predicate = true> <Delay = 0.00>
ST_17 : Operation 99 [1/1] (1.36ns)   --->   "%icmp_ln228_1 = icmp eq i5 %i_0_i8, -16" [just_encrypt.cpp:228->just_encrypt.cpp:342]   --->   Operation 99 'icmp' 'icmp_ln228_1' <Predicate = true> <Delay = 1.36> <Core = "Cmp">   --->   Core 25 'Cmp' <Latency = 0> <II = 1> <Delay = 1.36> <FuncUnit> <Opcode : 'icmp'> <InPorts = 2> <OutPorts = 1>
ST_17 : Operation 100 [1/1] (0.00ns)   --->   "%empty_26 = call i32 (...)* @_ssdm_op_SpecLoopTripCount(i64 16, i64 16, i64 16)"   --->   Operation 100 'speclooptripcount' 'empty_26' <Predicate = true> <Delay = 0.00>
ST_17 : Operation 101 [1/1] (1.78ns)   --->   "%i_9 = add i5 %i_0_i8, 1" [just_encrypt.cpp:228->just_encrypt.cpp:342]   --->   Operation 101 'add' 'i_9' <Predicate = true> <Delay = 1.78> <Core = "AddSub">   --->   Core 14 'AddSub' <Latency = 0> <II = 1> <Delay = 1.78> <FuncUnit> <Opcode : 'add' 'sub'> <InPorts = 2> <OutPorts = 1>
ST_17 : Operation 102 [1/1] (0.00ns)   --->   "br i1 %icmp_ln228_1, label %addRoundKey.exit17, label %11" [just_encrypt.cpp:228->just_encrypt.cpp:342]   --->   Operation 102 'br' <Predicate = true> <Delay = 0.00>
ST_17 : Operation 103 [1/1] (0.00ns)   --->   "%zext_ln229_1 = zext i5 %i_0_i8 to i64" [just_encrypt.cpp:229->just_encrypt.cpp:342]   --->   Operation 103 'zext' 'zext_ln229_1' <Predicate = (!icmp_ln228_1)> <Delay = 0.00>
ST_17 : Operation 104 [1/1] (0.00ns)   --->   "%state_addr_10 = getelementptr [16 x i8]* %state, i64 0, i64 %zext_ln229_1" [just_encrypt.cpp:229->just_encrypt.cpp:342]   --->   Operation 104 'getelementptr' 'state_addr_10' <Predicate = (!icmp_ln228_1)> <Delay = 0.00>
ST_17 : Operation 105 [2/2] (2.32ns)   --->   "%state_load_4 = load i8* %state_addr_10, align 1" [just_encrypt.cpp:229->just_encrypt.cpp:342]   --->   Operation 105 'load' 'state_load_4' <Predicate = (!icmp_ln228_1)> <Delay = 2.32> <Core = "RAM">   --->   Core 37 'RAM' <Latency = 1> <II = 1> <Delay = 2.32> <Storage> <Opcode : 'load' 'store'> <Ports = 2> <Width = 8> <Depth = 16> <RAM>
ST_17 : Operation 106 [1/1] (0.00ns)   --->   "%roundKey_addr_1 = getelementptr [16 x i8]* %roundKey, i64 0, i64 %zext_ln229_1" [just_encrypt.cpp:229->just_encrypt.cpp:342]   --->   Operation 106 'getelementptr' 'roundKey_addr_1' <Predicate = (!icmp_ln228_1)> <Delay = 0.00>
ST_17 : Operation 107 [2/2] (2.32ns)   --->   "%roundKey_load_1 = load i8* %roundKey_addr_1, align 1" [just_encrypt.cpp:229->just_encrypt.cpp:342]   --->   Operation 107 'load' 'roundKey_load_1' <Predicate = (!icmp_ln228_1)> <Delay = 2.32> <Core = "RAM">   --->   Core 37 'RAM' <Latency = 1> <II = 1> <Delay = 2.32> <Storage> <Opcode : 'load' 'store'> <Ports = 2> <Width = 8> <Depth = 16> <RAM>
ST_17 : Operation 108 [1/1] (0.00ns)   --->   "ret void" [just_encrypt.cpp:343]   --->   Operation 108 'ret' <Predicate = (icmp_ln228_1)> <Delay = 0.00>

State 18 <SV = 8> <Delay = 5.63>
ST_18 : Operation 109 [1/2] (2.32ns)   --->   "%state_load_4 = load i8* %state_addr_10, align 1" [just_encrypt.cpp:229->just_encrypt.cpp:342]   --->   Operation 109 'load' 'state_load_4' <Predicate = true> <Delay = 2.32> <Core = "RAM">   --->   Core 37 'RAM' <Latency = 1> <II = 1> <Delay = 2.32> <Storage> <Opcode : 'load' 'store'> <Ports = 2> <Width = 8> <Depth = 16> <RAM>
ST_18 : Operation 110 [1/2] (2.32ns)   --->   "%roundKey_load_1 = load i8* %roundKey_addr_1, align 1" [just_encrypt.cpp:229->just_encrypt.cpp:342]   --->   Operation 110 'load' 'roundKey_load_1' <Predicate = true> <Delay = 2.32> <Core = "RAM">   --->   Core 37 'RAM' <Latency = 1> <II = 1> <Delay = 2.32> <Storage> <Opcode : 'load' 'store'> <Ports = 2> <Width = 8> <Depth = 16> <RAM>
ST_18 : Operation 111 [1/1] (0.99ns)   --->   "%xor_ln229_1 = xor i8 %roundKey_load_1, %state_load_4" [just_encrypt.cpp:229->just_encrypt.cpp:342]   --->   Operation 111 'xor' 'xor_ln229_1' <Predicate = true> <Delay = 0.99> <Core = "LogicGate">   --->   Core 27 'LogicGate' <Latency = 0> <II = 1> <Delay = 0.99> <FuncUnit> <Opcode : 'and' 'or' 'xor'> <InPorts = 2> <OutPorts = 1>
ST_18 : Operation 112 [1/1] (2.32ns)   --->   "store i8 %xor_ln229_1, i8* %state_addr_10, align 1" [just_encrypt.cpp:229->just_encrypt.cpp:342]   --->   Operation 112 'store' <Predicate = true> <Delay = 2.32> <Core = "RAM">   --->   Core 37 'RAM' <Latency = 1> <II = 1> <Delay = 2.32> <Storage> <Opcode : 'load' 'store'> <Ports = 2> <Width = 8> <Depth = 16> <RAM>
ST_18 : Operation 113 [1/1] (0.00ns)   --->   "br label %shiftRows.exit" [just_encrypt.cpp:228->just_encrypt.cpp:342]   --->   Operation 113 'br' <Predicate = true> <Delay = 0.00>


============================================================
+ Verbose Summary: Binding
============================================================
STG Binding: 
---------------- STG Properties BEGIN ----------------
- Is combinational: 0
- Is one-state seq: 0
- Is datapath-only: 0
- Is pipelined: 0
- Is top level: 0
Port [ Return ] is wired: 1; IO mode=ap_ctrl_hs:ce=0
Port [ state]:  wired=1; compound=1; hidden=0; nouse=0; global=0; static=0; extern=0; dir=2; type=1; pingpong=0; private_global=0; MemPort=[23]; IO mode=ap_memory:ce=0
Port [ expandedKey]:  wired=1; compound=1; hidden=0; nouse=0; global=0; static=0; extern=0; dir=0; type=1; pingpong=0; private_global=0; MemPort=[13]; IO mode=ap_memory:ce=0
Port [ sbox]:  wired=0; compound=1; hidden=1; nouse=0; global=1; static=1; extern=0; dir=0; type=1; pingpong=0; private_global=0; linkage=7; visibility=0; MemPort=[1]; IO mode=ap_memory:ce=0
---------------- STG Properties END ------------------

---------------- Datapath Model BEGIN ----------------

<LifeTime>
<method=bitvector/>
roundKey        (alloca           ) [ 0011111111111111111]
call_ln330      (call             ) [ 0000000000000000000]
br_ln228        (br               ) [ 0011100000000000000]
i_0_i           (phi              ) [ 0001000000000000000]
icmp_ln228      (icmp             ) [ 0001100000000000000]
empty           (speclooptripcount) [ 0000000000000000000]
i_7             (add              ) [ 0011100000000000000]
br_ln228        (br               ) [ 0000000000000000000]
zext_ln229      (zext             ) [ 0000000000000000000]
state_addr      (getelementptr    ) [ 0000100000000000000]
roundKey_addr   (getelementptr    ) [ 0000100000000000000]
br_ln333        (br               ) [ 0001111110000000000]
state_load      (load             ) [ 0000000000000000000]
roundKey_load   (load             ) [ 0000000000000000000]
xor_ln229       (xor              ) [ 0000000000000000000]
store_ln229     (store            ) [ 0000000000000000000]
br_ln228        (br               ) [ 0011100000000000000]
i_0             (phi              ) [ 0000010000000000000]
icmp_ln333      (icmp             ) [ 0000011110000000000]
empty_22        (speclooptripcount) [ 0000000000000000000]
br_ln333        (br               ) [ 0000000000000000000]
shl_ln          (bitconcatenate   ) [ 0000000000000000000]
zext_ln335      (zext             ) [ 0000001000000000000]
i               (add              ) [ 0001011110000000000]
call_ln335      (call             ) [ 0000000000000000000]
call_ln336      (call             ) [ 0000000000000000000]
br_ln333        (br               ) [ 0001011110000000000]
call_ln339      (call             ) [ 0000000000000000000]
br_ln183        (br               ) [ 0000000001111000000]
i_0_i2          (phi              ) [ 0000000000100000000]
icmp_ln183      (icmp             ) [ 0000000000111000000]
empty_23        (speclooptripcount) [ 0000000000000000000]
i_8             (add              ) [ 0000000001111000000]
br_ln183        (br               ) [ 0000000000000000000]
zext_ln184      (zext             ) [ 0000000000000000000]
state_addr_9    (getelementptr    ) [ 0000000000011000000]
state_addr_7    (getelementptr    ) [ 0000000000000111100]
state_addr_8    (getelementptr    ) [ 0000000000000111100]
br_ln199        (br               ) [ 0000000000111111100]
state_load_6    (load             ) [ 0000000000000000000]
zext_ln71       (zext             ) [ 0000000000000000000]
sbox_addr       (getelementptr    ) [ 0000000000001000000]
sbox_load       (load             ) [ 0000000000000000000]
store_ln184     (store            ) [ 0000000000000000000]
br_ln183        (br               ) [ 0000000001111000000]
k_0_i           (phi              ) [ 0000000000000100000]
icmp_ln199      (icmp             ) [ 0000000000000111100]
empty_24        (speclooptripcount) [ 0000000000000000000]
k               (add              ) [ 0000000000100111100]
br_ln199        (br               ) [ 0000000000000000000]
br_ln228        (br               ) [ 0000000000000111111]
tmp             (load             ) [ 0000000000000001100]
br_ln202        (br               ) [ 0000000000000111100]
j_0_i           (phi              ) [ 0000000000000001000]
sext_ln202      (sext             ) [ 0000000000000000100]
icmp_ln202      (icmp             ) [ 0000000000000111100]
empty_25        (speclooptripcount) [ 0000000000000000000]
br_ln202        (br               ) [ 0000000000000000000]
j               (add              ) [ 0000000000000111100]
sext_ln203      (sext             ) [ 0000000000000000000]
zext_ln203      (zext             ) [ 0000000000000000000]
state_addr_11   (getelementptr    ) [ 0000000000000000100]
store_ln204     (store            ) [ 0000000000000000000]
br_ln199        (br               ) [ 0000000000100111100]
state_load_5    (load             ) [ 0000000000000000000]
zext_ln203_2    (zext             ) [ 0000000000000000000]
state_addr_12   (getelementptr    ) [ 0000000000000000000]
store_ln203     (store            ) [ 0000000000000000000]
br_ln202        (br               ) [ 0000000000000111100]
i_0_i8          (phi              ) [ 0000000000000000010]
icmp_ln228_1    (icmp             ) [ 0000000000000000011]
empty_26        (speclooptripcount) [ 0000000000000000000]
i_9             (add              ) [ 0000000000000100011]
br_ln228        (br               ) [ 0000000000000000000]
zext_ln229_1    (zext             ) [ 0000000000000000000]
state_addr_10   (getelementptr    ) [ 0000000000000000001]
roundKey_addr_1 (getelementptr    ) [ 0000000000000000001]
ret_ln343       (ret              ) [ 0000000000000000000]
state_load_4    (load             ) [ 0000000000000000000]
roundKey_load_1 (load             ) [ 0000000000000000000]
xor_ln229_1     (xor              ) [ 0000000000000000000]
store_ln229     (store            ) [ 0000000000000000000]
br_ln228        (br               ) [ 0000000000000100011]
</LifeTime>

<model>

<comp_list>
<comp id="0" class="1000" name="state">
<pin_list>
<pin id="1" dir="1" index="0" bw="1" slack="0"/>
</pin_list>
<bind>
<StgValue><ssdm name="state"/><MemPortTyVec>2 3 </MemPortTyVec>
</StgValue>
</bind>
</comp>

<comp id="2" class="1000" name="expandedKey">
<pin_list>
<pin id="3" dir="1" index="0" bw="1" slack="0"/>
</pin_list>
<bind>
<StgValue><ssdm name="expandedKey"/><MemPortTyVec>1 3 </MemPortTyVec>
</StgValue>
</bind>
</comp>

<comp id="4" class="1000" name="sbox">
<pin_list>
<pin id="5" dir="1" index="0" bw="1" slack="0"/>
</pin_list>
<bind>
<StgValue><ssdm name="sbox"/><MemPortTyVec>1 </MemPortTyVec>
</StgValue>
</bind>
</comp>

<comp id="6" class="1001" name="const_6">
<pin_list>
<pin id="7" dir="1" index="0" bw="1" slack="0"/>
</pin_list>
<bind>
<StgValue><ssdm name=""/></StgValue>
</bind>
</comp>

<comp id="8" class="1001" name="const_8">
<pin_list>
<pin id="9" dir="1" index="0" bw="1" slack="0"/>
</pin_list>
<bind>
<StgValue><ssdm name="createRoundKey"/></StgValue>
</bind>
</comp>

<comp id="10" class="1001" name="const_10">
<pin_list>
<pin id="11" dir="1" index="0" bw="1" slack="0"/>
</pin_list>
<bind>
<StgValue><ssdm name=""/></StgValue>
</bind>
</comp>

<comp id="12" class="1001" name="const_12">
<pin_list>
<pin id="13" dir="1" index="0" bw="1" slack="1"/>
</pin_list>
<bind>
<StgValue><ssdm name=""/></StgValue>
</bind>
</comp>

<comp id="14" class="1001" name="const_14">
<pin_list>
<pin id="15" dir="1" index="0" bw="1" slack="0"/>
</pin_list>
<bind>
<StgValue><ssdm name=""/></StgValue>
</bind>
</comp>

<comp id="16" class="1001" name="const_16">
<pin_list>
<pin id="17" dir="1" index="0" bw="1" slack="2147483647"/>
</pin_list>
<bind>
<StgValue><ssdm name="_ssdm_op_SpecLoopTripCount"/></StgValue>
</bind>
</comp>

<comp id="18" class="1001" name="const_18">
<pin_list>
<pin id="19" dir="1" index="0" bw="1" slack="2147483647"/>
</pin_list>
<bind>
<StgValue><ssdm name=""/></StgValue>
</bind>
</comp>

<comp id="20" class="1001" name="const_20">
<pin_list>
<pin id="21" dir="1" index="0" bw="1" slack="0"/>
</pin_list>
<bind>
<StgValue><ssdm name=""/></StgValue>
</bind>
</comp>

<comp id="22" class="1001" name="const_22">
<pin_list>
<pin id="23" dir="1" index="0" bw="1" slack="0"/>
</pin_list>
<bind>
<StgValue><ssdm name=""/></StgValue>
</bind>
</comp>

<comp id="24" class="1001" name="const_24">
<pin_list>
<pin id="25" dir="1" index="0" bw="1" slack="0"/>
</pin_list>
<bind>
<StgValue><ssdm name=""/></StgValue>
</bind>
</comp>

<comp id="26" class="1001" name="const_26">
<pin_list>
<pin id="27" dir="1" index="0" bw="1" slack="0"/>
</pin_list>
<bind>
<StgValue><ssdm name=""/></StgValue>
</bind>
</comp>

<comp id="28" class="1001" name="const_28">
<pin_list>
<pin id="29" dir="1" index="0" bw="1" slack="2147483647"/>
</pin_list>
<bind>
<StgValue><ssdm name=""/></StgValue>
</bind>
</comp>

<comp id="30" class="1001" name="const_30">
<pin_list>
<pin id="31" dir="1" index="0" bw="1" slack="0"/>
</pin_list>
<bind>
<StgValue><ssdm name="_ssdm_op_BitConcatenate.i8.i4.i4"/></StgValue>
</bind>
</comp>

<comp id="32" class="1001" name="const_32">
<pin_list>
<pin id="33" dir="1" index="0" bw="1" slack="0"/>
</pin_list>
<bind>
<StgValue><ssdm name=""/></StgValue>
</bind>
</comp>

<comp id="34" class="1001" name="const_34">
<pin_list>
<pin id="35" dir="1" index="0" bw="1" slack="0"/>
</pin_list>
<bind>
<StgValue><ssdm name=""/></StgValue>
</bind>
</comp>

<comp id="36" class="1001" name="const_36">
<pin_list>
<pin id="37" dir="1" index="0" bw="1" slack="0"/>
</pin_list>
<bind>
<StgValue><ssdm name="aes_round"/></StgValue>
</bind>
</comp>

<comp id="38" class="1001" name="const_38">
<pin_list>
<pin id="39" dir="1" index="0" bw="1" slack="0"/>
</pin_list>
<bind>
<StgValue><ssdm name=""/></StgValue>
</bind>
</comp>

<comp id="40" class="1001" name="const_40">
<pin_list>
<pin id="41" dir="1" index="0" bw="1" slack="0"/>
</pin_list>
<bind>
<StgValue><ssdm name=""/></StgValue>
</bind>
</comp>

<comp id="42" class="1001" name="const_42">
<pin_list>
<pin id="43" dir="1" index="0" bw="1" slack="1"/>
</pin_list>
<bind>
<StgValue><ssdm name=""/></StgValue>
</bind>
</comp>

<comp id="44" class="1001" name="const_44">
<pin_list>
<pin id="45" dir="1" index="0" bw="1" slack="0"/>
</pin_list>
<bind>
<StgValue><ssdm name=""/></StgValue>
</bind>
</comp>

<comp id="46" class="1001" name="const_46">
<pin_list>
<pin id="47" dir="1" index="0" bw="1" slack="2147483647"/>
</pin_list>
<bind>
<StgValue><ssdm name=""/></StgValue>
</bind>
</comp>

<comp id="48" class="1001" name="const_48">
<pin_list>
<pin id="49" dir="1" index="0" bw="1" slack="0"/>
</pin_list>
<bind>
<StgValue><ssdm name=""/></StgValue>
</bind>
</comp>

<comp id="50" class="1001" name="const_50">
<pin_list>
<pin id="51" dir="1" index="0" bw="1" slack="0"/>
</pin_list>
<bind>
<StgValue><ssdm name=""/></StgValue>
</bind>
</comp>

<comp id="52" class="1001" name="const_52">
<pin_list>
<pin id="53" dir="1" index="0" bw="1" slack="2147483647"/>
</pin_list>
<bind>
<StgValue><ssdm name=""/></StgValue>
</bind>
</comp>

<comp id="54" class="1004" name="roundKey_alloca_fu_54">
<pin_list>
<pin id="55" dir="0" index="0" bw="1" slack="0"/>
<pin id="56" dir="1" index="1" bw="8" slack="0"/>
</pin_list>
<bind>
<opcode="alloca(26) " fcode="alloca"/>
<opset="roundKey/1 "/>
</bind>
</comp>

<comp id="58" class="1004" name="state_addr_gep_fu_58">
<pin_list>
<pin id="59" dir="0" index="0" bw="8" slack="0"/>
<pin id="60" dir="0" index="1" bw="1" slack="0"/>
<pin id="61" dir="0" index="2" bw="5" slack="0"/>
<pin id="62" dir="1" index="3" bw="4" slack="0"/>
</pin_list>
<bind>
<opcode="getelementptr(29) " fcode="getelementptr"/>
<opset="state_addr/3 "/>
</bind>
</comp>

<comp id="65" class="1004" name="grp_access_fu_65">
<pin_list>
<pin id="66" dir="0" index="0" bw="4" slack="0"/>
<pin id="67" dir="0" index="1" bw="8" slack="0"/>
<pin id="68" dir="0" index="2" bw="0" slack="2147483647"/>
<pin id="69" dir="1" index="3" bw="8" slack="0"/>
</pin_list>
<bind>
<opcode="load(27) store(28) " fcode="store"/>
<opset="state_load/3 store_ln229/4 state_load_6/10 store_ln184/12 tmp/13 state_load_5/15 store_ln204/15 store_ln203/16 state_load_4/17 store_ln229/18 "/>
</bind>
</comp>

<comp id="71" class="1004" name="roundKey_addr_gep_fu_71">
<pin_list>
<pin id="72" dir="0" index="0" bw="8" slack="2147483647"/>
<pin id="73" dir="0" index="1" bw="1" slack="0"/>
<pin id="74" dir="0" index="2" bw="5" slack="0"/>
<pin id="75" dir="1" index="3" bw="4" slack="0"/>
</pin_list>
<bind>
<opcode="getelementptr(29) " fcode="getelementptr"/>
<opset="roundKey_addr/3 "/>
</bind>
</comp>

<comp id="77" class="1004" name="grp_access_fu_77">
<pin_list>
<pin id="78" dir="0" index="0" bw="4" slack="0"/>
<pin id="79" dir="0" index="1" bw="8" slack="2147483647"/>
<pin id="80" dir="0" index="2" bw="0" slack="2147483647"/>
<pin id="81" dir="1" index="3" bw="8" slack="0"/>
</pin_list>
<bind>
<opcode="load(27) " fcode="load"/>
<opset="roundKey_load/3 roundKey_load_1/17 "/>
</bind>
</comp>

<comp id="83" class="1004" name="state_addr_9_gep_fu_83">
<pin_list>
<pin id="84" dir="0" index="0" bw="8" slack="0"/>
<pin id="85" dir="0" index="1" bw="1" slack="0"/>
<pin id="86" dir="0" index="2" bw="5" slack="0"/>
<pin id="87" dir="1" index="3" bw="4" slack="0"/>
</pin_list>
<bind>
<opcode="getelementptr(29) " fcode="getelementptr"/>
<opset="state_addr_9/10 "/>
</bind>
</comp>

<comp id="91" class="1004" name="state_addr_7_gep_fu_91">
<pin_list>
<pin id="92" dir="0" index="0" bw="8" slack="0"/>
<pin id="93" dir="0" index="1" bw="1" slack="0"/>
<pin id="94" dir="0" index="2" bw="5" slack="0"/>
<pin id="95" dir="1" index="3" bw="4" slack="1"/>
</pin_list>
<bind>
<opcode="getelementptr(29) " fcode="getelementptr"/>
<opset="state_addr_7/10 "/>
</bind>
</comp>

<comp id="99" class="1004" name="state_addr_8_gep_fu_99">
<pin_list>
<pin id="100" dir="0" index="0" bw="8" slack="0"/>
<pin id="101" dir="0" index="1" bw="1" slack="0"/>
<pin id="102" dir="0" index="2" bw="5" slack="0"/>
<pin id="103" dir="1" index="3" bw="4" slack="3"/>
</pin_list>
<bind>
<opcode="getelementptr(29) " fcode="getelementptr"/>
<opset="state_addr_8/10 "/>
</bind>
</comp>

<comp id="107" class="1004" name="sbox_addr_gep_fu_107">
<pin_list>
<pin id="108" dir="0" index="0" bw="8" slack="0"/>
<pin id="109" dir="0" index="1" bw="1" slack="0"/>
<pin id="110" dir="0" index="2" bw="8" slack="0"/>
<pin id="111" dir="1" index="3" bw="8" slack="0"/>
</pin_list>
<bind>
<opcode="getelementptr(29) " fcode="getelementptr"/>
<opset="sbox_addr/11 "/>
</bind>
</comp>

<comp id="114" class="1004" name="grp_access_fu_114">
<pin_list>
<pin id="115" dir="0" index="0" bw="8" slack="0"/>
<pin id="116" dir="0" index="1" bw="8" slack="2147483647"/>
<pin id="117" dir="0" index="2" bw="0" slack="2147483647"/>
<pin id="118" dir="1" index="3" bw="8" slack="0"/>
</pin_list>
<bind>
<opcode="load(27) " fcode="load"/>
<opset="sbox_load/11 "/>
</bind>
</comp>

<comp id="121" class="1004" name="state_addr_11_gep_fu_121">
<pin_list>
<pin id="122" dir="0" index="0" bw="8" slack="0"/>
<pin id="123" dir="0" index="1" bw="1" slack="0"/>
<pin id="124" dir="0" index="2" bw="4" slack="0"/>
<pin id="125" dir="1" index="3" bw="4" slack="0"/>
</pin_list>
<bind>
<opcode="getelementptr(29) " fcode="getelementptr"/>
<opset="state_addr_11/15 "/>
</bind>
</comp>

<comp id="129" class="1004" name="state_addr_12_gep_fu_129">
<pin_list>
<pin id="130" dir="0" index="0" bw="8" slack="0"/>
<pin id="131" dir="0" index="1" bw="1" slack="0"/>
<pin id="132" dir="0" index="2" bw="4" slack="0"/>
<pin id="133" dir="1" index="3" bw="4" slack="0"/>
</pin_list>
<bind>
<opcode="getelementptr(29) " fcode="getelementptr"/>
<opset="state_addr_12/16 "/>
</bind>
</comp>

<comp id="138" class="1004" name="state_addr_10_gep_fu_138">
<pin_list>
<pin id="139" dir="0" index="0" bw="8" slack="0"/>
<pin id="140" dir="0" index="1" bw="1" slack="0"/>
<pin id="141" dir="0" index="2" bw="5" slack="0"/>
<pin id="142" dir="1" index="3" bw="4" slack="0"/>
</pin_list>
<bind>
<opcode="getelementptr(29) " fcode="getelementptr"/>
<opset="state_addr_10/17 "/>
</bind>
</comp>

<comp id="146" class="1004" name="roundKey_addr_1_gep_fu_146">
<pin_list>
<pin id="147" dir="0" index="0" bw="8" slack="2147483647"/>
<pin id="148" dir="0" index="1" bw="1" slack="0"/>
<pin id="149" dir="0" index="2" bw="5" slack="0"/>
<pin id="150" dir="1" index="3" bw="4" slack="0"/>
</pin_list>
<bind>
<opcode="getelementptr(29) " fcode="getelementptr"/>
<opset="roundKey_addr_1/17 "/>
</bind>
</comp>

<comp id="153" class="1005" name="i_0_i_reg_153">
<pin_list>
<pin id="154" dir="0" index="0" bw="5" slack="1"/>
<pin id="155" dir="1" index="1" bw="5" slack="1"/>
</pin_list>
<bind>
<opset="i_0_i (phireg) "/>
</bind>
</comp>

<comp id="157" class="1004" name="i_0_i_phi_fu_157">
<pin_list>
<pin id="158" dir="0" index="0" bw="1" slack="1"/>
<pin id="159" dir="0" index="1" bw="0" slack="2147483647"/>
<pin id="160" dir="0" index="2" bw="5" slack="0"/>
<pin id="161" dir="0" index="3" bw="0" slack="2147483647"/>
<pin id="162" dir="1" index="4" bw="5" slack="0"/>
</pin_list>
<bind>
<opcode="phi(47) " fcode="phi"/>
<opset="i_0_i/3 "/>
</bind>
</comp>

<comp id="164" class="1005" name="i_0_reg_164">
<pin_list>
<pin id="165" dir="0" index="0" bw="4" slack="1"/>
<pin id="166" dir="1" index="1" bw="4" slack="1"/>
</pin_list>
<bind>
<opset="i_0 (phireg) "/>
</bind>
</comp>

<comp id="168" class="1004" name="i_0_phi_fu_168">
<pin_list>
<pin id="169" dir="0" index="0" bw="4" slack="0"/>
<pin id="170" dir="0" index="1" bw="0" slack="2147483647"/>
<pin id="171" dir="0" index="2" bw="1" slack="1"/>
<pin id="172" dir="0" index="3" bw="0" slack="2147483647"/>
<pin id="173" dir="1" index="4" bw="4" slack="0"/>
</pin_list>
<bind>
<opcode="phi(47) " fcode="phi"/>
<opset="i_0/5 "/>
</bind>
</comp>

<comp id="175" class="1005" name="i_0_i2_reg_175">
<pin_list>
<pin id="176" dir="0" index="0" bw="5" slack="1"/>
<pin id="177" dir="1" index="1" bw="5" slack="1"/>
</pin_list>
<bind>
<opset="i_0_i2 (phireg) "/>
</bind>
</comp>

<comp id="179" class="1004" name="i_0_i2_phi_fu_179">
<pin_list>
<pin id="180" dir="0" index="0" bw="1" slack="1"/>
<pin id="181" dir="0" index="1" bw="0" slack="2147483647"/>
<pin id="182" dir="0" index="2" bw="5" slack="0"/>
<pin id="183" dir="0" index="3" bw="0" slack="2147483647"/>
<pin id="184" dir="1" index="4" bw="5" slack="0"/>
</pin_list>
<bind>
<opcode="phi(47) " fcode="phi"/>
<opset="i_0_i2/10 "/>
</bind>
</comp>

<comp id="186" class="1005" name="k_0_i_reg_186">
<pin_list>
<pin id="187" dir="0" index="0" bw="3" slack="1"/>
<pin id="188" dir="1" index="1" bw="3" slack="1"/>
</pin_list>
<bind>
<opset="k_0_i (phireg) "/>
</bind>
</comp>

<comp id="190" class="1004" name="k_0_i_phi_fu_190">
<pin_list>
<pin id="191" dir="0" index="0" bw="3" slack="0"/>
<pin id="192" dir="0" index="1" bw="0" slack="2147483647"/>
<pin id="193" dir="0" index="2" bw="1" slack="1"/>
<pin id="194" dir="0" index="3" bw="0" slack="2147483647"/>
<pin id="195" dir="1" index="4" bw="3" slack="0"/>
</pin_list>
<bind>
<opcode="phi(47) " fcode="phi"/>
<opset="k_0_i/13 "/>
</bind>
</comp>

<comp id="197" class="1005" name="j_0_i_reg_197">
<pin_list>
<pin id="198" dir="0" index="0" bw="3" slack="1"/>
<pin id="199" dir="1" index="1" bw="3" slack="1"/>
</pin_list>
<bind>
<opset="j_0_i (phireg) "/>
</bind>
</comp>

<comp id="201" class="1004" name="j_0_i_phi_fu_201">
<pin_list>
<pin id="202" dir="0" index="0" bw="3" slack="1"/>
<pin id="203" dir="0" index="1" bw="0" slack="2147483647"/>
<pin id="204" dir="0" index="2" bw="3" slack="0"/>
<pin id="205" dir="0" index="3" bw="0" slack="2147483647"/>
<pin id="206" dir="1" index="4" bw="3" slack="0"/>
</pin_list>
<bind>
<opcode="phi(47) " fcode="phi"/>
<opset="j_0_i/15 "/>
</bind>
</comp>

<comp id="208" class="1005" name="i_0_i8_reg_208">
<pin_list>
<pin id="209" dir="0" index="0" bw="5" slack="1"/>
<pin id="210" dir="1" index="1" bw="5" slack="1"/>
</pin_list>
<bind>
<opset="i_0_i8 (phireg) "/>
</bind>
</comp>

<comp id="212" class="1004" name="i_0_i8_phi_fu_212">
<pin_list>
<pin id="213" dir="0" index="0" bw="5" slack="0"/>
<pin id="214" dir="0" index="1" bw="0" slack="2147483647"/>
<pin id="215" dir="0" index="2" bw="1" slack="1"/>
<pin id="216" dir="0" index="3" bw="0" slack="2147483647"/>
<pin id="217" dir="1" index="4" bw="5" slack="0"/>
</pin_list>
<bind>
<opcode="phi(47) " fcode="phi"/>
<opset="i_0_i8/17 "/>
</bind>
</comp>

<comp id="219" class="1004" name="grp_aes_round_fu_219">
<pin_list>
<pin id="220" dir="0" index="0" bw="0" slack="0"/>
<pin id="221" dir="0" index="1" bw="8" slack="0"/>
<pin id="222" dir="0" index="2" bw="8" slack="2147483647"/>
<pin id="223" dir="0" index="3" bw="8" slack="0"/>
<pin id="224" dir="1" index="4" bw="0" slack="2147483647"/>
</pin_list>
<bind>
<opcode="call(48) " fcode="call"/>
<opset="call_ln336/7 "/>
</bind>
</comp>

<comp id="228" class="1004" name="grp_createRoundKey_fu_228">
<pin_list>
<pin id="229" dir="0" index="0" bw="0" slack="0"/>
<pin id="230" dir="0" index="1" bw="8" slack="0"/>
<pin id="231" dir="0" index="2" bw="8" slack="0"/>
<pin id="232" dir="0" index="3" bw="9" slack="0"/>
<pin id="233" dir="1" index="4" bw="0" slack="2147483647"/>
</pin_list>
<bind>
<opcode="call(48) " fcode="call"/>
<opset="call_ln330/1 call_ln335/5 call_ln339/5 "/>
</bind>
</comp>

<comp id="239" class="1004" name="grp_fu_239">
<pin_list>
<pin id="240" dir="0" index="0" bw="8" slack="0"/>
<pin id="241" dir="0" index="1" bw="8" slack="0"/>
<pin id="242" dir="1" index="2" bw="8" slack="0"/>
</pin_list>
<bind>
<opcode="xor(25) " fcode="xor"/>
<opset="xor_ln229/4 xor_ln229_1/18 "/>
</bind>
</comp>

<comp id="246" class="1004" name="icmp_ln228_fu_246">
<pin_list>
<pin id="247" dir="0" index="0" bw="5" slack="0"/>
<pin id="248" dir="0" index="1" bw="5" slack="0"/>
<pin id="249" dir="1" index="2" bw="1" slack="2147483647"/>
</pin_list>
<bind>
<opcode="icmp(45) " fcode="icmp"/>
<opset="icmp_ln228/3 "/>
</bind>
</comp>

<comp id="252" class="1004" name="i_7_fu_252">
<pin_list>
<pin id="253" dir="0" index="0" bw="5" slack="0"/>
<pin id="254" dir="0" index="1" bw="1" slack="0"/>
<pin id="255" dir="1" index="2" bw="5" slack="0"/>
</pin_list>
<bind>
<opcode="add(8) " fcode="add"/>
<opset="i_7/3 "/>
</bind>
</comp>

<comp id="258" class="1004" name="zext_ln229_fu_258">
<pin_list>
<pin id="259" dir="0" index="0" bw="5" slack="0"/>
<pin id="260" dir="1" index="1" bw="64" slack="0"/>
</pin_list>
<bind>
<opcode="zext(34) " fcode="zext"/>
<opset="zext_ln229/3 "/>
</bind>
</comp>

<comp id="264" class="1004" name="icmp_ln333_fu_264">
<pin_list>
<pin id="265" dir="0" index="0" bw="4" slack="0"/>
<pin id="266" dir="0" index="1" bw="4" slack="0"/>
<pin id="267" dir="1" index="2" bw="1" slack="2147483647"/>
</pin_list>
<bind>
<opcode="icmp(45) " fcode="icmp"/>
<opset="icmp_ln333/5 "/>
</bind>
</comp>

<comp id="270" class="1004" name="shl_ln_fu_270">
<pin_list>
<pin id="271" dir="0" index="0" bw="8" slack="0"/>
<pin id="272" dir="0" index="1" bw="4" slack="0"/>
<pin id="273" dir="0" index="2" bw="1" slack="0"/>
<pin id="274" dir="1" index="3" bw="8" slack="0"/>
</pin_list>
<bind>
<opcode="bitconcatenate(1004) " fcode="bitconcatenate"/>
<opset="shl_ln/5 "/>
</bind>
</comp>

<comp id="278" class="1004" name="zext_ln335_fu_278">
<pin_list>
<pin id="279" dir="0" index="0" bw="8" slack="0"/>
<pin id="280" dir="1" index="1" bw="10" slack="0"/>
</pin_list>
<bind>
<opcode="zext(34) " fcode="zext"/>
<opset="zext_ln335/5 "/>
</bind>
</comp>

<comp id="283" class="1004" name="i_fu_283">
<pin_list>
<pin id="284" dir="0" index="0" bw="4" slack="0"/>
<pin id="285" dir="0" index="1" bw="1" slack="0"/>
<pin id="286" dir="1" index="2" bw="4" slack="0"/>
</pin_list>
<bind>
<opcode="add(8) " fcode="add"/>
<opset="i/5 "/>
</bind>
</comp>

<comp id="289" class="1004" name="icmp_ln183_fu_289">
<pin_list>
<pin id="290" dir="0" index="0" bw="5" slack="0"/>
<pin id="291" dir="0" index="1" bw="5" slack="0"/>
<pin id="292" dir="1" index="2" bw="1" slack="2147483647"/>
</pin_list>
<bind>
<opcode="icmp(45) " fcode="icmp"/>
<opset="icmp_ln183/10 "/>
</bind>
</comp>

<comp id="295" class="1004" name="i_8_fu_295">
<pin_list>
<pin id="296" dir="0" index="0" bw="5" slack="0"/>
<pin id="297" dir="0" index="1" bw="1" slack="0"/>
<pin id="298" dir="1" index="2" bw="5" slack="0"/>
</pin_list>
<bind>
<opcode="add(8) " fcode="add"/>
<opset="i_8/10 "/>
</bind>
</comp>

<comp id="301" class="1004" name="zext_ln184_fu_301">
<pin_list>
<pin id="302" dir="0" index="0" bw="5" slack="0"/>
<pin id="303" dir="1" index="1" bw="64" slack="0"/>
</pin_list>
<bind>
<opcode="zext(34) " fcode="zext"/>
<opset="zext_ln184/10 "/>
</bind>
</comp>

<comp id="306" class="1004" name="zext_ln71_fu_306">
<pin_list>
<pin id="307" dir="0" index="0" bw="8" slack="0"/>
<pin id="308" dir="1" index="1" bw="64" slack="0"/>
</pin_list>
<bind>
<opcode="zext(34) " fcode="zext"/>
<opset="zext_ln71/11 "/>
</bind>
</comp>

<comp id="311" class="1004" name="icmp_ln199_fu_311">
<pin_list>
<pin id="312" dir="0" index="0" bw="3" slack="0"/>
<pin id="313" dir="0" index="1" bw="3" slack="0"/>
<pin id="314" dir="1" index="2" bw="1" slack="2147483647"/>
</pin_list>
<bind>
<opcode="icmp(45) " fcode="icmp"/>
<opset="icmp_ln199/13 "/>
</bind>
</comp>

<comp id="317" class="1004" name="k_fu_317">
<pin_list>
<pin id="318" dir="0" index="0" bw="3" slack="0"/>
<pin id="319" dir="0" index="1" bw="1" slack="0"/>
<pin id="320" dir="1" index="2" bw="3" slack="0"/>
</pin_list>
<bind>
<opcode="add(8) " fcode="add"/>
<opset="k/13 "/>
</bind>
</comp>

<comp id="323" class="1004" name="sext_ln202_fu_323">
<pin_list>
<pin id="324" dir="0" index="0" bw="3" slack="0"/>
<pin id="325" dir="1" index="1" bw="4" slack="1"/>
</pin_list>
<bind>
<opcode="sext(35) " fcode="sext"/>
<opset="sext_ln202/15 "/>
</bind>
</comp>

<comp id="327" class="1004" name="icmp_ln202_fu_327">
<pin_list>
<pin id="328" dir="0" index="0" bw="3" slack="0"/>
<pin id="329" dir="0" index="1" bw="1" slack="0"/>
<pin id="330" dir="1" index="2" bw="1" slack="2147483647"/>
</pin_list>
<bind>
<opcode="icmp(45) " fcode="icmp"/>
<opset="icmp_ln202/15 "/>
</bind>
</comp>

<comp id="333" class="1004" name="j_fu_333">
<pin_list>
<pin id="334" dir="0" index="0" bw="3" slack="0"/>
<pin id="335" dir="0" index="1" bw="1" slack="0"/>
<pin id="336" dir="1" index="2" bw="3" slack="0"/>
</pin_list>
<bind>
<opcode="add(8) " fcode="add"/>
<opset="j/15 "/>
</bind>
</comp>

<comp id="339" class="1004" name="sext_ln203_fu_339">
<pin_list>
<pin id="340" dir="0" index="0" bw="3" slack="0"/>
<pin id="341" dir="1" index="1" bw="4" slack="0"/>
</pin_list>
<bind>
<opcode="sext(35) " fcode="sext"/>
<opset="sext_ln203/15 "/>
</bind>
</comp>

<comp id="343" class="1004" name="zext_ln203_fu_343">
<pin_list>
<pin id="344" dir="0" index="0" bw="3" slack="0"/>
<pin id="345" dir="1" index="1" bw="64" slack="0"/>
</pin_list>
<bind>
<opcode="zext(34) " fcode="zext"/>
<opset="zext_ln203/15 "/>
</bind>
</comp>

<comp id="348" class="1004" name="zext_ln203_2_fu_348">
<pin_list>
<pin id="349" dir="0" index="0" bw="3" slack="1"/>
<pin id="350" dir="1" index="1" bw="64" slack="0"/>
</pin_list>
<bind>
<opcode="zext(34) " fcode="zext"/>
<opset="zext_ln203_2/16 "/>
</bind>
</comp>

<comp id="352" class="1004" name="icmp_ln228_1_fu_352">
<pin_list>
<pin id="353" dir="0" index="0" bw="5" slack="0"/>
<pin id="354" dir="0" index="1" bw="5" slack="0"/>
<pin id="355" dir="1" index="2" bw="1" slack="2147483647"/>
</pin_list>
<bind>
<opcode="icmp(45) " fcode="icmp"/>
<opset="icmp_ln228_1/17 "/>
</bind>
</comp>

<comp id="358" class="1004" name="i_9_fu_358">
<pin_list>
<pin id="359" dir="0" index="0" bw="5" slack="0"/>
<pin id="360" dir="0" index="1" bw="1" slack="0"/>
<pin id="361" dir="1" index="2" bw="5" slack="0"/>
</pin_list>
<bind>
<opcode="add(8) " fcode="add"/>
<opset="i_9/17 "/>
</bind>
</comp>

<comp id="364" class="1004" name="zext_ln229_1_fu_364">
<pin_list>
<pin id="365" dir="0" index="0" bw="5" slack="0"/>
<pin id="366" dir="1" index="1" bw="64" slack="0"/>
</pin_list>
<bind>
<opcode="zext(34) " fcode="zext"/>
<opset="zext_ln229_1/17 "/>
</bind>
</comp>

<comp id="373" class="1005" name="i_7_reg_373">
<pin_list>
<pin id="374" dir="0" index="0" bw="5" slack="0"/>
<pin id="375" dir="1" index="1" bw="5" slack="0"/>
</pin_list>
<bind>
<opset="i_7 "/>
</bind>
</comp>

<comp id="378" class="1005" name="state_addr_reg_378">
<pin_list>
<pin id="379" dir="0" index="0" bw="4" slack="1"/>
<pin id="380" dir="1" index="1" bw="4" slack="1"/>
</pin_list>
<bind>
<opset="state_addr "/>
</bind>
</comp>

<comp id="383" class="1005" name="roundKey_addr_reg_383">
<pin_list>
<pin id="384" dir="0" index="0" bw="4" slack="1"/>
<pin id="385" dir="1" index="1" bw="4" slack="1"/>
</pin_list>
<bind>
<opset="roundKey_addr "/>
</bind>
</comp>

<comp id="391" class="1005" name="zext_ln335_reg_391">
<pin_list>
<pin id="392" dir="0" index="0" bw="10" slack="1"/>
<pin id="393" dir="1" index="1" bw="10" slack="1"/>
</pin_list>
<bind>
<opset="zext_ln335 "/>
</bind>
</comp>

<comp id="396" class="1005" name="i_reg_396">
<pin_list>
<pin id="397" dir="0" index="0" bw="4" slack="0"/>
<pin id="398" dir="1" index="1" bw="4" slack="0"/>
</pin_list>
<bind>
<opset="i "/>
</bind>
</comp>

<comp id="404" class="1005" name="i_8_reg_404">
<pin_list>
<pin id="405" dir="0" index="0" bw="5" slack="0"/>
<pin id="406" dir="1" index="1" bw="5" slack="0"/>
</pin_list>
<bind>
<opset="i_8 "/>
</bind>
</comp>

<comp id="409" class="1005" name="state_addr_9_reg_409">
<pin_list>
<pin id="410" dir="0" index="0" bw="4" slack="1"/>
<pin id="411" dir="1" index="1" bw="4" slack="1"/>
</pin_list>
<bind>
<opset="state_addr_9 "/>
</bind>
</comp>

<comp id="414" class="1005" name="state_addr_7_reg_414">
<pin_list>
<pin id="415" dir="0" index="0" bw="4" slack="1"/>
<pin id="416" dir="1" index="1" bw="4" slack="1"/>
</pin_list>
<bind>
<opset="state_addr_7 "/>
</bind>
</comp>

<comp id="419" class="1005" name="state_addr_8_reg_419">
<pin_list>
<pin id="420" dir="0" index="0" bw="4" slack="3"/>
<pin id="421" dir="1" index="1" bw="4" slack="3"/>
</pin_list>
<bind>
<opset="state_addr_8 "/>
</bind>
</comp>

<comp id="424" class="1005" name="sbox_addr_reg_424">
<pin_list>
<pin id="425" dir="0" index="0" bw="8" slack="1"/>
<pin id="426" dir="1" index="1" bw="8" slack="1"/>
</pin_list>
<bind>
<opset="sbox_addr "/>
</bind>
</comp>

<comp id="432" class="1005" name="k_reg_432">
<pin_list>
<pin id="433" dir="0" index="0" bw="3" slack="0"/>
<pin id="434" dir="1" index="1" bw="3" slack="0"/>
</pin_list>
<bind>
<opset="k "/>
</bind>
</comp>

<comp id="437" class="1005" name="tmp_reg_437">
<pin_list>
<pin id="438" dir="0" index="0" bw="8" slack="1"/>
<pin id="439" dir="1" index="1" bw="8" slack="1"/>
</pin_list>
<bind>
<opset="tmp "/>
</bind>
</comp>

<comp id="442" class="1005" name="sext_ln202_reg_442">
<pin_list>
<pin id="443" dir="0" index="0" bw="4" slack="1"/>
<pin id="444" dir="1" index="1" bw="4" slack="1"/>
</pin_list>
<bind>
<opset="sext_ln202 "/>
</bind>
</comp>

<comp id="450" class="1005" name="j_reg_450">
<pin_list>
<pin id="451" dir="0" index="0" bw="3" slack="0"/>
<pin id="452" dir="1" index="1" bw="3" slack="0"/>
</pin_list>
<bind>
<opset="j "/>
</bind>
</comp>

<comp id="455" class="1005" name="state_addr_11_reg_455">
<pin_list>
<pin id="456" dir="0" index="0" bw="4" slack="1"/>
<pin id="457" dir="1" index="1" bw="4" slack="1"/>
</pin_list>
<bind>
<opset="state_addr_11 "/>
</bind>
</comp>

<comp id="463" class="1005" name="i_9_reg_463">
<pin_list>
<pin id="464" dir="0" index="0" bw="5" slack="0"/>
<pin id="465" dir="1" index="1" bw="5" slack="0"/>
</pin_list>
<bind>
<opset="i_9 "/>
</bind>
</comp>

<comp id="468" class="1005" name="state_addr_10_reg_468">
<pin_list>
<pin id="469" dir="0" index="0" bw="4" slack="1"/>
<pin id="470" dir="1" index="1" bw="4" slack="1"/>
</pin_list>
<bind>
<opset="state_addr_10 "/>
</bind>
</comp>

<comp id="473" class="1005" name="roundKey_addr_1_reg_473">
<pin_list>
<pin id="474" dir="0" index="0" bw="4" slack="1"/>
<pin id="475" dir="1" index="1" bw="4" slack="1"/>
</pin_list>
<bind>
<opset="roundKey_addr_1 "/>
</bind>
</comp>

</comp_list>

<net_list>
<net id="57"><net_src comp="6" pin="0"/><net_sink comp="54" pin=0"/></net>

<net id="63"><net_src comp="0" pin="0"/><net_sink comp="58" pin=0"/></net>

<net id="64"><net_src comp="22" pin="0"/><net_sink comp="58" pin=1"/></net>

<net id="70"><net_src comp="58" pin="3"/><net_sink comp="65" pin=0"/></net>

<net id="76"><net_src comp="22" pin="0"/><net_sink comp="71" pin=1"/></net>

<net id="82"><net_src comp="71" pin="3"/><net_sink comp="77" pin=0"/></net>

<net id="88"><net_src comp="0" pin="0"/><net_sink comp="83" pin=0"/></net>

<net id="89"><net_src comp="22" pin="0"/><net_sink comp="83" pin=1"/></net>

<net id="90"><net_src comp="83" pin="3"/><net_sink comp="65" pin=0"/></net>

<net id="96"><net_src comp="0" pin="0"/><net_sink comp="91" pin=0"/></net>

<net id="97"><net_src comp="22" pin="0"/><net_sink comp="91" pin=1"/></net>

<net id="98"><net_src comp="38" pin="0"/><net_sink comp="91" pin=2"/></net>

<net id="104"><net_src comp="0" pin="0"/><net_sink comp="99" pin=0"/></net>

<net id="105"><net_src comp="22" pin="0"/><net_sink comp="99" pin=1"/></net>

<net id="106"><net_src comp="40" pin="0"/><net_sink comp="99" pin=2"/></net>

<net id="112"><net_src comp="4" pin="0"/><net_sink comp="107" pin=0"/></net>

<net id="113"><net_src comp="22" pin="0"/><net_sink comp="107" pin=1"/></net>

<net id="119"><net_src comp="107" pin="3"/><net_sink comp="114" pin=0"/></net>

<net id="120"><net_src comp="114" pin="3"/><net_sink comp="65" pin=1"/></net>

<net id="126"><net_src comp="0" pin="0"/><net_sink comp="121" pin=0"/></net>

<net id="127"><net_src comp="22" pin="0"/><net_sink comp="121" pin=1"/></net>

<net id="128"><net_src comp="121" pin="3"/><net_sink comp="65" pin=0"/></net>

<net id="134"><net_src comp="0" pin="0"/><net_sink comp="129" pin=0"/></net>

<net id="135"><net_src comp="22" pin="0"/><net_sink comp="129" pin=1"/></net>

<net id="136"><net_src comp="65" pin="3"/><net_sink comp="65" pin=1"/></net>

<net id="137"><net_src comp="129" pin="3"/><net_sink comp="65" pin=0"/></net>

<net id="143"><net_src comp="0" pin="0"/><net_sink comp="138" pin=0"/></net>

<net id="144"><net_src comp="22" pin="0"/><net_sink comp="138" pin=1"/></net>

<net id="145"><net_src comp="138" pin="3"/><net_sink comp="65" pin=0"/></net>

<net id="151"><net_src comp="22" pin="0"/><net_sink comp="146" pin=1"/></net>

<net id="152"><net_src comp="146" pin="3"/><net_sink comp="77" pin=0"/></net>

<net id="156"><net_src comp="12" pin="0"/><net_sink comp="153" pin=0"/></net>

<net id="163"><net_src comp="153" pin="1"/><net_sink comp="157" pin=0"/></net>

<net id="167"><net_src comp="24" pin="0"/><net_sink comp="164" pin=0"/></net>

<net id="174"><net_src comp="164" pin="1"/><net_sink comp="168" pin=2"/></net>

<net id="178"><net_src comp="12" pin="0"/><net_sink comp="175" pin=0"/></net>

<net id="185"><net_src comp="175" pin="1"/><net_sink comp="179" pin=0"/></net>

<net id="189"><net_src comp="42" pin="0"/><net_sink comp="186" pin=0"/></net>

<net id="196"><net_src comp="186" pin="1"/><net_sink comp="190" pin=2"/></net>

<net id="200"><net_src comp="44" pin="0"/><net_sink comp="197" pin=0"/></net>

<net id="207"><net_src comp="197" pin="1"/><net_sink comp="201" pin=0"/></net>

<net id="211"><net_src comp="12" pin="0"/><net_sink comp="208" pin=0"/></net>

<net id="218"><net_src comp="208" pin="1"/><net_sink comp="212" pin=2"/></net>

<net id="225"><net_src comp="36" pin="0"/><net_sink comp="219" pin=0"/></net>

<net id="226"><net_src comp="0" pin="0"/><net_sink comp="219" pin=1"/></net>

<net id="227"><net_src comp="4" pin="0"/><net_sink comp="219" pin=3"/></net>

<net id="234"><net_src comp="8" pin="0"/><net_sink comp="228" pin=0"/></net>

<net id="235"><net_src comp="2" pin="0"/><net_sink comp="228" pin=1"/></net>

<net id="236"><net_src comp="54" pin="1"/><net_sink comp="228" pin=2"/></net>

<net id="237"><net_src comp="10" pin="0"/><net_sink comp="228" pin=3"/></net>

<net id="238"><net_src comp="34" pin="0"/><net_sink comp="228" pin=3"/></net>

<net id="243"><net_src comp="77" pin="3"/><net_sink comp="239" pin=0"/></net>

<net id="244"><net_src comp="65" pin="3"/><net_sink comp="239" pin=1"/></net>

<net id="245"><net_src comp="239" pin="2"/><net_sink comp="65" pin=1"/></net>

<net id="250"><net_src comp="157" pin="4"/><net_sink comp="246" pin=0"/></net>

<net id="251"><net_src comp="14" pin="0"/><net_sink comp="246" pin=1"/></net>

<net id="256"><net_src comp="157" pin="4"/><net_sink comp="252" pin=0"/></net>

<net id="257"><net_src comp="20" pin="0"/><net_sink comp="252" pin=1"/></net>

<net id="261"><net_src comp="157" pin="4"/><net_sink comp="258" pin=0"/></net>

<net id="262"><net_src comp="258" pin="1"/><net_sink comp="58" pin=2"/></net>

<net id="263"><net_src comp="258" pin="1"/><net_sink comp="71" pin=2"/></net>

<net id="268"><net_src comp="168" pin="4"/><net_sink comp="264" pin=0"/></net>

<net id="269"><net_src comp="26" pin="0"/><net_sink comp="264" pin=1"/></net>

<net id="275"><net_src comp="30" pin="0"/><net_sink comp="270" pin=0"/></net>

<net id="276"><net_src comp="168" pin="4"/><net_sink comp="270" pin=1"/></net>

<net id="277"><net_src comp="32" pin="0"/><net_sink comp="270" pin=2"/></net>

<net id="281"><net_src comp="270" pin="3"/><net_sink comp="278" pin=0"/></net>

<net id="282"><net_src comp="278" pin="1"/><net_sink comp="228" pin=3"/></net>

<net id="287"><net_src comp="168" pin="4"/><net_sink comp="283" pin=0"/></net>

<net id="288"><net_src comp="24" pin="0"/><net_sink comp="283" pin=1"/></net>

<net id="293"><net_src comp="179" pin="4"/><net_sink comp="289" pin=0"/></net>

<net id="294"><net_src comp="14" pin="0"/><net_sink comp="289" pin=1"/></net>

<net id="299"><net_src comp="179" pin="4"/><net_sink comp="295" pin=0"/></net>

<net id="300"><net_src comp="20" pin="0"/><net_sink comp="295" pin=1"/></net>

<net id="304"><net_src comp="179" pin="4"/><net_sink comp="301" pin=0"/></net>

<net id="305"><net_src comp="301" pin="1"/><net_sink comp="83" pin=2"/></net>

<net id="309"><net_src comp="65" pin="3"/><net_sink comp="306" pin=0"/></net>

<net id="310"><net_src comp="306" pin="1"/><net_sink comp="107" pin=2"/></net>

<net id="315"><net_src comp="190" pin="4"/><net_sink comp="311" pin=0"/></net>

<net id="316"><net_src comp="44" pin="0"/><net_sink comp="311" pin=1"/></net>

<net id="321"><net_src comp="190" pin="4"/><net_sink comp="317" pin=0"/></net>

<net id="322"><net_src comp="48" pin="0"/><net_sink comp="317" pin=1"/></net>

<net id="326"><net_src comp="201" pin="4"/><net_sink comp="323" pin=0"/></net>

<net id="331"><net_src comp="201" pin="4"/><net_sink comp="327" pin=0"/></net>

<net id="332"><net_src comp="50" pin="0"/><net_sink comp="327" pin=1"/></net>

<net id="337"><net_src comp="201" pin="4"/><net_sink comp="333" pin=0"/></net>

<net id="338"><net_src comp="48" pin="0"/><net_sink comp="333" pin=1"/></net>

<net id="342"><net_src comp="333" pin="2"/><net_sink comp="339" pin=0"/></net>

<net id="346"><net_src comp="339" pin="1"/><net_sink comp="343" pin=0"/></net>

<net id="347"><net_src comp="343" pin="1"/><net_sink comp="121" pin=2"/></net>

<net id="351"><net_src comp="348" pin="1"/><net_sink comp="129" pin=2"/></net>

<net id="356"><net_src comp="212" pin="4"/><net_sink comp="352" pin=0"/></net>

<net id="357"><net_src comp="14" pin="0"/><net_sink comp="352" pin=1"/></net>

<net id="362"><net_src comp="212" pin="4"/><net_sink comp="358" pin=0"/></net>

<net id="363"><net_src comp="20" pin="0"/><net_sink comp="358" pin=1"/></net>

<net id="367"><net_src comp="212" pin="4"/><net_sink comp="364" pin=0"/></net>

<net id="368"><net_src comp="364" pin="1"/><net_sink comp="138" pin=2"/></net>

<net id="369"><net_src comp="364" pin="1"/><net_sink comp="146" pin=2"/></net>

<net id="376"><net_src comp="252" pin="2"/><net_sink comp="373" pin=0"/></net>

<net id="377"><net_src comp="373" pin="1"/><net_sink comp="157" pin=2"/></net>

<net id="381"><net_src comp="58" pin="3"/><net_sink comp="378" pin=0"/></net>

<net id="382"><net_src comp="378" pin="1"/><net_sink comp="65" pin=0"/></net>

<net id="386"><net_src comp="71" pin="3"/><net_sink comp="383" pin=0"/></net>

<net id="387"><net_src comp="383" pin="1"/><net_sink comp="77" pin=0"/></net>

<net id="394"><net_src comp="278" pin="1"/><net_sink comp="391" pin=0"/></net>

<net id="395"><net_src comp="391" pin="1"/><net_sink comp="228" pin=3"/></net>

<net id="399"><net_src comp="283" pin="2"/><net_sink comp="396" pin=0"/></net>

<net id="400"><net_src comp="396" pin="1"/><net_sink comp="168" pin=0"/></net>

<net id="407"><net_src comp="295" pin="2"/><net_sink comp="404" pin=0"/></net>

<net id="408"><net_src comp="404" pin="1"/><net_sink comp="179" pin=2"/></net>

<net id="412"><net_src comp="83" pin="3"/><net_sink comp="409" pin=0"/></net>

<net id="413"><net_src comp="409" pin="1"/><net_sink comp="65" pin=0"/></net>

<net id="417"><net_src comp="91" pin="3"/><net_sink comp="414" pin=0"/></net>

<net id="418"><net_src comp="414" pin="1"/><net_sink comp="65" pin=0"/></net>

<net id="422"><net_src comp="99" pin="3"/><net_sink comp="419" pin=0"/></net>

<net id="423"><net_src comp="419" pin="1"/><net_sink comp="65" pin=0"/></net>

<net id="427"><net_src comp="107" pin="3"/><net_sink comp="424" pin=0"/></net>

<net id="428"><net_src comp="424" pin="1"/><net_sink comp="114" pin=0"/></net>

<net id="435"><net_src comp="317" pin="2"/><net_sink comp="432" pin=0"/></net>

<net id="436"><net_src comp="432" pin="1"/><net_sink comp="190" pin=0"/></net>

<net id="440"><net_src comp="65" pin="3"/><net_sink comp="437" pin=0"/></net>

<net id="441"><net_src comp="437" pin="1"/><net_sink comp="65" pin=1"/></net>

<net id="445"><net_src comp="323" pin="1"/><net_sink comp="442" pin=0"/></net>

<net id="446"><net_src comp="442" pin="1"/><net_sink comp="348" pin=0"/></net>

<net id="453"><net_src comp="333" pin="2"/><net_sink comp="450" pin=0"/></net>

<net id="454"><net_src comp="450" pin="1"/><net_sink comp="201" pin=2"/></net>

<net id="458"><net_src comp="121" pin="3"/><net_sink comp="455" pin=0"/></net>

<net id="459"><net_src comp="455" pin="1"/><net_sink comp="65" pin=0"/></net>

<net id="466"><net_src comp="358" pin="2"/><net_sink comp="463" pin=0"/></net>

<net id="467"><net_src comp="463" pin="1"/><net_sink comp="212" pin=0"/></net>

<net id="471"><net_src comp="138" pin="3"/><net_sink comp="468" pin=0"/></net>

<net id="472"><net_src comp="468" pin="1"/><net_sink comp="65" pin=0"/></net>

<net id="476"><net_src comp="146" pin="3"/><net_sink comp="473" pin=0"/></net>

<net id="477"><net_src comp="473" pin="1"/><net_sink comp="77" pin=0"/></net>

</net_list>

</model> 
---------------- Datapath Model END ------------------

* FSMD analyzer results:
  - Output states:
	Port: state | {4 7 8 12 15 16 18 }
 - Input state : 
	Port: aes_main : state | {3 4 7 8 10 11 13 14 15 16 17 18 }
	Port: aes_main : expandedKey | {1 2 5 6 9 }
	Port: aes_main : sbox | {7 8 11 12 }
  - Chain level:
	State 1
		call_ln330 : 1
	State 2
	State 3
		icmp_ln228 : 1
		i_7 : 1
		br_ln228 : 2
		zext_ln229 : 1
		state_addr : 2
		state_load : 3
		roundKey_addr : 2
		roundKey_load : 3
	State 4
		xor_ln229 : 1
		store_ln229 : 1
	State 5
		icmp_ln333 : 1
		br_ln333 : 2
		shl_ln : 1
		zext_ln335 : 2
		call_ln335 : 3
		i : 1
	State 6
	State 7
	State 8
	State 9
	State 10
		icmp_ln183 : 1
		i_8 : 1
		br_ln183 : 2
		zext_ln184 : 1
		state_addr_9 : 2
		state_load_6 : 3
	State 11
		zext_ln71 : 1
		sbox_addr : 2
		sbox_load : 3
	State 12
		store_ln184 : 1
	State 13
		icmp_ln199 : 1
		k : 1
		br_ln199 : 2
	State 14
	State 15
		sext_ln202 : 1
		icmp_ln202 : 1
		br_ln202 : 2
		j : 1
		sext_ln203 : 2
		zext_ln203 : 3
		state_addr_11 : 4
		state_load_5 : 5
	State 16
		state_addr_12 : 1
		store_ln203 : 2
	State 17
		icmp_ln228_1 : 1
		i_9 : 1
		br_ln228 : 2
		zext_ln229_1 : 1
		state_addr_10 : 2
		state_load_4 : 3
		roundKey_addr_1 : 2
		roundKey_load_1 : 3
	State 18
		xor_ln229_1 : 1
		store_ln229 : 1


============================================================
+ Verbose Summary: Datapath Resource usage 
============================================================

* Functional unit list:
|----------|---------------------------|---------|---------|---------|
| Operation|      Functional Unit      |  Delay  |    FF   |   LUT   |
|----------|---------------------------|---------|---------|---------|
|   call   |    grp_aes_round_fu_219   | 37.5433 |   1026  |   1240  |
|          | grp_createRoundKey_fu_228 |  1.769  |    44   |    80   |
|----------|---------------------------|---------|---------|---------|
|          |         i_7_fu_252        |    0    |    0    |    15   |
|          |          i_fu_283         |    0    |    0    |    13   |
|    add   |         i_8_fu_295        |    0    |    0    |    15   |
|          |          k_fu_317         |    0    |    0    |    12   |
|          |          j_fu_333         |    0    |    0    |    12   |
|          |         i_9_fu_358        |    0    |    0    |    15   |
|----------|---------------------------|---------|---------|---------|
|          |     icmp_ln228_fu_246     |    0    |    0    |    11   |
|          |     icmp_ln333_fu_264     |    0    |    0    |    9    |
|   icmp   |     icmp_ln183_fu_289     |    0    |    0    |    11   |
|          |     icmp_ln199_fu_311     |    0    |    0    |    9    |
|          |     icmp_ln202_fu_327     |    0    |    0    |    9    |
|          |    icmp_ln228_1_fu_352    |    0    |    0    |    11   |
|----------|---------------------------|---------|---------|---------|
|    xor   |         grp_fu_239        |    0    |    0    |    8    |
|----------|---------------------------|---------|---------|---------|
|          |     zext_ln229_fu_258     |    0    |    0    |    0    |
|          |     zext_ln335_fu_278     |    0    |    0    |    0    |
|          |     zext_ln184_fu_301     |    0    |    0    |    0    |
|   zext   |      zext_ln71_fu_306     |    0    |    0    |    0    |
|          |     zext_ln203_fu_343     |    0    |    0    |    0    |
|          |    zext_ln203_2_fu_348    |    0    |    0    |    0    |
|          |    zext_ln229_1_fu_364    |    0    |    0    |    0    |
|----------|---------------------------|---------|---------|---------|
|bitconcatenate|       shl_ln_fu_270       |    0    |    0    |    0    |
|----------|---------------------------|---------|---------|---------|
|   sext   |     sext_ln202_fu_323     |    0    |    0    |    0    |
|          |     sext_ln203_fu_339     |    0    |    0    |    0    |
|----------|---------------------------|---------|---------|---------|
|   Total  |                           | 39.3123 |   1070  |   1470  |
|----------|---------------------------|---------|---------|---------|

Memories:
+--------+--------+--------+--------+--------+
|        |  BRAM  |   FF   |   LUT  |  URAM  |
+--------+--------+--------+--------+--------+
|roundKey|    0   |   16   |    2   |    0   |
+--------+--------+--------+--------+--------+
|  Total |    0   |   16   |    2   |    0   |
+--------+--------+--------+--------+--------+

* Register list:
+-----------------------+--------+
|                       |   FF   |
+-----------------------+--------+
|     i_0_i2_reg_175    |    5   |
|     i_0_i8_reg_208    |    5   |
|     i_0_i_reg_153     |    5   |
|      i_0_reg_164      |    4   |
|      i_7_reg_373      |    5   |
|      i_8_reg_404      |    5   |
|      i_9_reg_463      |    5   |
|       i_reg_396       |    4   |
|     j_0_i_reg_197     |    3   |
|       j_reg_450       |    3   |
|     k_0_i_reg_186     |    3   |
|       k_reg_432       |    3   |
|roundKey_addr_1_reg_473|    4   |
| roundKey_addr_reg_383 |    4   |
|   sbox_addr_reg_424   |    8   |
|   sext_ln202_reg_442  |    4   |
| state_addr_10_reg_468 |    4   |
| state_addr_11_reg_455 |    4   |
|  state_addr_7_reg_414 |    4   |
|  state_addr_8_reg_419 |    4   |
|  state_addr_9_reg_409 |    4   |
|   state_addr_reg_378  |    4   |
|      tmp_reg_437      |    8   |
|   zext_ln335_reg_391  |   10   |
+-----------------------+--------+
|         Total         |   112  |
+-----------------------+--------+

* Multiplexer (MUX) list: 
|---------------------------|------|------|------|--------||---------||---------|
|            Comp           |  Pin | Size |  BW  | S x BW ||  Delay  ||   LUT   |
|---------------------------|------|------|------|--------||---------||---------|
|      grp_access_fu_65     |  p0  |  11  |   4  |   44   ||    50   |
|      grp_access_fu_65     |  p1  |   4  |   8  |   32   ||    21   |
|      grp_access_fu_77     |  p0  |   4  |   4  |   16   ||    21   |
|     grp_access_fu_114     |  p0  |   2  |   8  |   16   ||    9    |
| grp_createRoundKey_fu_228 |  p3  |   4  |   9  |   36   ||    15   |
|---------------------------|------|------|------|--------||---------||---------|
|           Total           |      |      |      |   144  ||  9.426  ||   116   |
|---------------------------|------|------|------|--------||---------||---------|



* Summary:
+-----------+--------+--------+--------+--------+--------+
|           |  BRAM  |  Delay |   FF   |   LUT  |  URAM  |
+-----------+--------+--------+--------+--------+--------+
|  Function |    -   |   39   |  1070  |  1470  |    -   |
|   Memory  |    0   |    -   |   16   |    2   |    0   |
|Multiplexer|    -   |    9   |    -   |   116  |    -   |
|  Register |    -   |    -   |   112  |    -   |    -   |
+-----------+--------+--------+--------+--------+--------+
|   Total   |    0   |   48   |  1198  |  1588  |    0   |
+-----------+--------+--------+--------+--------+--------+
