

================================================================
== Vivado HLS Report for 'aes_round'
================================================================
* Date:           Thu Nov 14 13:06:47 2024

* Version:        2019.2 (Build 2704478 on Wed Nov 06 22:10:23 MST 2019)
* Project:        just_encrypt.prj
* Solution:       solution1
* Product family: zynq
* Target device:  xc7z020-clg484-1


================================================================
== Performance Estimates
================================================================
+ Timing: 
    * Summary: 
    +--------+----------+----------+------------+
    |  Clock |  Target  | Estimated| Uncertainty|
    +--------+----------+----------+------------+
    |ap_clk  | 10.00 ns | 5.634 ns |   1.25 ns  |
    +--------+----------+----------+------------+

+ Latency: 
    * Summary: 
    +---------+---------+----------+----------+-----+-----+---------+
    |  Latency (cycles) |  Latency (absolute) |  Interval | Pipeline|
    |   min   |   max   |    min   |    max   | min | max |   Type  |
    +---------+---------+----------+----------+-----+-----+---------+
    |      261|      261| 2.610 us | 2.610 us |  261|  261|   none  |
    +---------+---------+----------+----------+-----+-----+---------+

    + Detail: 
        * Instance: 
        +-----------------------+------------+---------+---------+----------+----------+-----+-----+---------+
        |                       |            |  Latency (cycles) |  Latency (absolute) |  Interval | Pipeline|
        |        Instance       |   Module   |   min   |   max   |    min   |    max   | min | max |   Type  |
        +-----------------------+------------+---------+---------+----------+----------+-----+-----+---------+
        |grp_mixColumns_fu_161  |mixColumns  |      141|      141| 1.410 us | 1.410 us |  141|  141|   none  |
        +-----------------------+------------+---------+---------+----------+----------+-----+-----+---------+

        * Loop: 
        +-------------+---------+---------+----------+-----------+-----------+------+----------+
        |             |  Latency (cycles) | Iteration|  Initiation Interval  | Trip |          |
        |  Loop Name  |   min   |   max   |  Latency |  achieved |   target  | Count| Pipelined|
        +-------------+---------+---------+----------+-----------+-----------+------+----------+
        |- Loop 1     |       48|       48|         3|          -|          -|    16|    no    |
        |- Loop 2     |       36|       36|         9|          -|          -|     4|    no    |
        | + Loop 2.1  |        6|        6|         2|          -|          -|     3|    no    |
        |- Loop 3     |       32|       32|         2|          -|          -|    16|    no    |
        +-------------+---------+---------+----------+-----------+-----------+------+----------+



================================================================
== Utilization Estimates
================================================================
* Summary: 
+-----------------+---------+-------+--------+-------+-----+
|       Name      | BRAM_18K| DSP48E|   FF   |  LUT  | URAM|
+-----------------+---------+-------+--------+-------+-----+
|DSP              |        -|      -|       -|      -|    -|
|Expression       |        -|      -|       0|    102|    -|
|FIFO             |        -|      -|       -|      -|    -|
|Instance         |        -|      -|     666|   1863|    -|
|Memory           |        1|      -|       0|      0|    -|
|Multiplexer      |        -|      -|       -|    199|    -|
|Register         |        -|      -|      64|      -|    -|
+-----------------+---------+-------+--------+-------+-----+
|Total            |        1|      0|     730|   2164|    0|
+-----------------+---------+-------+--------+-------+-----+
|Available        |      280|    220|  106400|  53200|    0|
+-----------------+---------+-------+--------+-------+-----+
|Utilization (%)  |    ~0   |      0|   ~0   |      4|    0|
+-----------------+---------+-------+--------+-------+-----+

+ Detail: 
    * Instance: 
    +-----------------------+------------+---------+-------+-----+------+-----+
    |        Instance       |   Module   | BRAM_18K| DSP48E|  FF |  LUT | URAM|
    +-----------------------+------------+---------+-------+-----+------+-----+
    |grp_mixColumns_fu_161  |mixColumns  |        0|      0|  666|  1863|    0|
    +-----------------------+------------+---------+-------+-----+------+-----+
    |Total                  |            |        0|      0|  666|  1863|    0|
    +-----------------------+------------+---------+-------+-----+------+-----+

    * DSP48E: 
    N/A

    * Memory: 
    +--------+-----------+---------+---+----+-----+------+-----+------+-------------+
    | Memory |   Module  | BRAM_18K| FF| LUT| URAM| Words| Bits| Banks| W*Bits*Banks|
    +--------+-----------+---------+---+----+-----+------+-----+------+-------------+
    |sbox_U  |core_sbox  |        1|  0|   0|    0|   256|    8|     1|         2048|
    +--------+-----------+---------+---+----+-----+------+-----+------+-------------+
    |Total   |           |        1|  0|   0|    0|   256|    8|     1|         2048|
    +--------+-----------+---------+---+----+-----+------+-----+------+-------------+

    * FIFO: 
    N/A

    * Expression: 
    +----------------------+----------+-------+---+----+------------+------------+
    |     Variable Name    | Operation| DSP48E| FF| LUT| Bitwidth P0| Bitwidth P1|
    +----------------------+----------+-------+---+----+------------+------------+
    |i_6_fu_236_p2         |     +    |      0|  0|  15|           5|           1|
    |i_fu_173_p2           |     +    |      0|  0|  15|           5|           1|
    |j_fu_211_p2           |     +    |      0|  0|  12|           3|           1|
    |k_fu_195_p2           |     +    |      0|  0|  12|           3|           1|
    |icmp_ln183_fu_167_p2  |   icmp   |      0|  0|  11|           5|           6|
    |icmp_ln199_fu_189_p2  |   icmp   |      0|  0|   9|           3|           4|
    |icmp_ln202_fu_205_p2  |   icmp   |      0|  0|   9|           3|           2|
    |icmp_ln228_fu_230_p2  |   icmp   |      0|  0|  11|           5|           6|
    |xor_ln229_fu_248_p2   |    xor   |      0|  0|   8|           8|           8|
    +----------------------+----------+-------+---+----+------------+------------+
    |Total                 |          |      0|  0| 102|          40|          30|
    +----------------------+----------+-------+---+----+------------+------------+

    * Multiplexer: 
    +----------------+----+-----------+-----+-----------+
    |      Name      | LUT| Input Size| Bits| Total Bits|
    +----------------+----+-----------+-----+-----------+
    |ap_NS_fsm       |  53|         12|    1|         12|
    |i_0_i4_reg_150  |   9|          2|    5|         10|
    |i_0_i_reg_117   |   9|          2|    5|         10|
    |j_0_i_reg_139   |   9|          2|    3|          6|
    |k_0_i_reg_128   |   9|          2|    3|          6|
    |state_address0  |  47|         10|    4|         40|
    |state_ce0       |  15|          3|    1|          3|
    |state_d0        |  33|          6|    8|         48|
    |state_we0       |  15|          3|    1|          3|
    +----------------+----+-----------+-----+-----------+
    |Total           | 199|         42|   31|        138|
    +----------------+----+-----------+-----+-----------+

    * Register: 
    +------------------------------------+----+----+-----+-----------+
    |                Name                | FF | LUT| Bits| Const Bits|
    +------------------------------------+----+----+-----+-----------+
    |ap_CS_fsm                           |  11|   0|   11|          0|
    |grp_mixColumns_fu_161_ap_start_reg  |   1|   0|    1|          0|
    |i_0_i4_reg_150                      |   5|   0|    5|          0|
    |i_0_i_reg_117                       |   5|   0|    5|          0|
    |i_6_reg_317                         |   5|   0|    5|          0|
    |i_reg_258                           |   5|   0|    5|          0|
    |j_0_i_reg_139                       |   3|   0|    3|          0|
    |j_reg_304                           |   3|   0|    3|          0|
    |k_0_i_reg_128                       |   3|   0|    3|          0|
    |k_reg_286                           |   3|   0|    3|          0|
    |sext_ln202_reg_296                  |   4|   0|    4|          0|
    |state_addr_3_reg_263                |   4|   0|    4|          0|
    |state_addr_4_reg_322                |   4|   0|    4|          0|
    |tmp_reg_291                         |   8|   0|    8|          0|
    +------------------------------------+----+----+-----+-----------+
    |Total                               |  64|   0|   64|          0|
    +------------------------------------+----+----+-----+-----------+



================================================================
== Interface
================================================================
* Summary: 
+-------------------+-----+-----+------------+--------------+--------------+
|     RTL Ports     | Dir | Bits|  Protocol  | Source Object|    C Type    |
+-------------------+-----+-----+------------+--------------+--------------+
|ap_clk             |  in |    1| ap_ctrl_hs |   aes_round  | return value |
|ap_rst             |  in |    1| ap_ctrl_hs |   aes_round  | return value |
|ap_start           |  in |    1| ap_ctrl_hs |   aes_round  | return value |
|ap_done            | out |    1| ap_ctrl_hs |   aes_round  | return value |
|ap_idle            | out |    1| ap_ctrl_hs |   aes_round  | return value |
|ap_ready           | out |    1| ap_ctrl_hs |   aes_round  | return value |
|state_address0     | out |    4|  ap_memory |     state    |     array    |
|state_ce0          | out |    1|  ap_memory |     state    |     array    |
|state_we0          | out |    1|  ap_memory |     state    |     array    |
|state_d0           | out |    8|  ap_memory |     state    |     array    |
|state_q0           |  in |    8|  ap_memory |     state    |     array    |
|roundKey_address0  | out |    4|  ap_memory |   roundKey   |     array    |
|roundKey_ce0       | out |    1|  ap_memory |   roundKey   |     array    |
|roundKey_q0        |  in |    8|  ap_memory |   roundKey   |     array    |
+-------------------+-----+-----+------------+--------------+--------------+

============================================================
+ Verbose Summary: Synthesis Manager
============================================================
InlineROM: 1
ExposeGlobal: 0
============================================================
+ Verbose Summary: CDFG Model
============================================================
IsTopModel: 0
ResetActiveHigh: 1
IsCombinational: 2
IsDatapathOnly: 2
HasWiredReturn: 1
HasMFsm: 0
HasVarLatency: 1
IsPipeline: 0
IsRtlPipelined: 0
IsInstanceOverlapped: 0
IsDontTouch: 0
HasImplIP: 0
IsGatedGlobalClock: 0


============================================================
+ Verbose Summary: Schedule
============================================================
* Number of FSM states : 11
* Pipeline : 0
* Dataflow Pipeline: 0

* FSM state transitions: 
1 --> 2 
2 --> 3 5 
3 --> 4 
4 --> 2 
5 --> 6 9 
6 --> 7 
7 --> 8 5 
8 --> 7 
9 --> 10 
10 --> 11 
11 --> 10 

* FSM state operations: 

State 1 <SV = 0> <Delay = 1.76>
ST_1 : Operation 12 [1/1] (1.76ns)   --->   "br label %1" [just_encrypt.cpp:183->just_encrypt.cpp:306]   --->   Operation 12 'br' <Predicate = true> <Delay = 1.76>

State 2 <SV = 1> <Delay = 2.32>
ST_2 : Operation 13 [1/1] (0.00ns)   --->   "%i_0_i = phi i5 [ 0, %0 ], [ %i, %2 ]"   --->   Operation 13 'phi' 'i_0_i' <Predicate = true> <Delay = 0.00>
ST_2 : Operation 14 [1/1] (1.36ns)   --->   "%icmp_ln183 = icmp eq i5 %i_0_i, -16" [just_encrypt.cpp:183->just_encrypt.cpp:306]   --->   Operation 14 'icmp' 'icmp_ln183' <Predicate = true> <Delay = 1.36> <Core = "Cmp">   --->   Core 25 'Cmp' <Latency = 0> <II = 1> <Delay = 1.42> <FuncUnit> <Opcode : 'icmp'> <InPorts = 2> <OutPorts = 1>
ST_2 : Operation 15 [1/1] (0.00ns)   --->   "%empty = call i32 (...)* @_ssdm_op_SpecLoopTripCount(i64 16, i64 16, i64 16)"   --->   Operation 15 'speclooptripcount' 'empty' <Predicate = true> <Delay = 0.00>
ST_2 : Operation 16 [1/1] (1.78ns)   --->   "%i = add i5 %i_0_i, 1" [just_encrypt.cpp:183->just_encrypt.cpp:306]   --->   Operation 16 'add' 'i' <Predicate = true> <Delay = 1.78> <Core = "AddSub">   --->   Core 14 'AddSub' <Latency = 0> <II = 1> <Delay = 1.65> <FuncUnit> <Opcode : 'add' 'sub'> <InPorts = 2> <OutPorts = 1>
ST_2 : Operation 17 [1/1] (0.00ns)   --->   "br i1 %icmp_ln183, label %subBytes.exit, label %2" [just_encrypt.cpp:183->just_encrypt.cpp:306]   --->   Operation 17 'br' <Predicate = true> <Delay = 0.00>
ST_2 : Operation 18 [1/1] (0.00ns)   --->   "%zext_ln184 = zext i5 %i_0_i to i64" [just_encrypt.cpp:184->just_encrypt.cpp:306]   --->   Operation 18 'zext' 'zext_ln184' <Predicate = (!icmp_ln183)> <Delay = 0.00>
ST_2 : Operation 19 [1/1] (0.00ns)   --->   "%state_addr_3 = getelementptr [16 x i8]* %state, i64 0, i64 %zext_ln184" [just_encrypt.cpp:184->just_encrypt.cpp:306]   --->   Operation 19 'getelementptr' 'state_addr_3' <Predicate = (!icmp_ln183)> <Delay = 0.00>
ST_2 : Operation 20 [2/2] (2.32ns)   --->   "%state_load_2 = load i8* %state_addr_3, align 1" [just_encrypt.cpp:184->just_encrypt.cpp:306]   --->   Operation 20 'load' 'state_load_2' <Predicate = (!icmp_ln183)> <Delay = 2.32> <Core = "RAM">   --->   Core 37 'RAM' <Latency = 1> <II = 1> <Delay = 3.25> <Storage> <Opcode : 'load' 'store'> <Ports = 2> <Width = 8> <Depth = 176> <RAM>
ST_2 : Operation 21 [1/1] (0.00ns)   --->   "%state_addr = getelementptr [16 x i8]* %state, i64 0, i64 12" [just_encrypt.cpp:201->just_encrypt.cpp:307]   --->   Operation 21 'getelementptr' 'state_addr' <Predicate = (icmp_ln183)> <Delay = 0.00>
ST_2 : Operation 22 [1/1] (0.00ns)   --->   "%state_addr_2 = getelementptr [16 x i8]* %state, i64 0, i64 15" [just_encrypt.cpp:204->just_encrypt.cpp:307]   --->   Operation 22 'getelementptr' 'state_addr_2' <Predicate = (icmp_ln183)> <Delay = 0.00>
ST_2 : Operation 23 [1/1] (1.76ns)   --->   "br label %.preheader.i" [just_encrypt.cpp:199->just_encrypt.cpp:307]   --->   Operation 23 'br' <Predicate = (icmp_ln183)> <Delay = 1.76>

State 3 <SV = 2> <Delay = 5.57>
ST_3 : Operation 24 [1/2] (2.32ns)   --->   "%state_load_2 = load i8* %state_addr_3, align 1" [just_encrypt.cpp:184->just_encrypt.cpp:306]   --->   Operation 24 'load' 'state_load_2' <Predicate = true> <Delay = 2.32> <Core = "RAM">   --->   Core 37 'RAM' <Latency = 1> <II = 1> <Delay = 3.25> <Storage> <Opcode : 'load' 'store'> <Ports = 2> <Width = 8> <Depth = 176> <RAM>
ST_3 : Operation 25 [1/1] (0.00ns)   --->   "%zext_ln71 = zext i8 %state_load_2 to i64" [just_encrypt.cpp:71->just_encrypt.cpp:184->just_encrypt.cpp:306]   --->   Operation 25 'zext' 'zext_ln71' <Predicate = true> <Delay = 0.00>
ST_3 : Operation 26 [1/1] (0.00ns)   --->   "%sbox_addr = getelementptr inbounds [256 x i8]* @sbox, i64 0, i64 %zext_ln71" [just_encrypt.cpp:71->just_encrypt.cpp:184->just_encrypt.cpp:306]   --->   Operation 26 'getelementptr' 'sbox_addr' <Predicate = true> <Delay = 0.00>
ST_3 : Operation 27 [2/2] (3.25ns)   --->   "%sbox_load = load i8* %sbox_addr, align 1" [just_encrypt.cpp:71->just_encrypt.cpp:184->just_encrypt.cpp:306]   --->   Operation 27 'load' 'sbox_load' <Predicate = true> <Delay = 3.25> <Core = "ROM_nP">   --->   Core 52 'ROM_nP' <Latency = 1> <II = 1> <Delay = 3.25> <Storage> <Opcode : 'load'> <Ports = 0> <Width = 8> <Depth = 256> <ROM>

State 4 <SV = 3> <Delay = 5.57>
ST_4 : Operation 28 [1/2] (3.25ns)   --->   "%sbox_load = load i8* %sbox_addr, align 1" [just_encrypt.cpp:71->just_encrypt.cpp:184->just_encrypt.cpp:306]   --->   Operation 28 'load' 'sbox_load' <Predicate = true> <Delay = 3.25> <Core = "ROM_nP">   --->   Core 52 'ROM_nP' <Latency = 1> <II = 1> <Delay = 3.25> <Storage> <Opcode : 'load'> <Ports = 0> <Width = 8> <Depth = 256> <ROM>
ST_4 : Operation 29 [1/1] (2.32ns)   --->   "store i8 %sbox_load, i8* %state_addr_3, align 1" [just_encrypt.cpp:184->just_encrypt.cpp:306]   --->   Operation 29 'store' <Predicate = true> <Delay = 2.32> <Core = "RAM">   --->   Core 37 'RAM' <Latency = 1> <II = 1> <Delay = 3.25> <Storage> <Opcode : 'load' 'store'> <Ports = 2> <Width = 8> <Depth = 176> <RAM>
ST_4 : Operation 30 [1/1] (0.00ns)   --->   "br label %1" [just_encrypt.cpp:183->just_encrypt.cpp:306]   --->   Operation 30 'br' <Predicate = true> <Delay = 0.00>

State 5 <SV = 2> <Delay = 2.32>
ST_5 : Operation 31 [1/1] (0.00ns)   --->   "%k_0_i = phi i3 [ %k, %6 ], [ 0, %subBytes.exit ]"   --->   Operation 31 'phi' 'k_0_i' <Predicate = true> <Delay = 0.00>
ST_5 : Operation 32 [1/1] (1.13ns)   --->   "%icmp_ln199 = icmp eq i3 %k_0_i, -4" [just_encrypt.cpp:199->just_encrypt.cpp:307]   --->   Operation 32 'icmp' 'icmp_ln199' <Predicate = true> <Delay = 1.13> <Core = "Cmp">   --->   Core 25 'Cmp' <Latency = 0> <II = 1> <Delay = 1.42> <FuncUnit> <Opcode : 'icmp'> <InPorts = 2> <OutPorts = 1>
ST_5 : Operation 33 [1/1] (0.00ns)   --->   "%empty_19 = call i32 (...)* @_ssdm_op_SpecLoopTripCount(i64 4, i64 4, i64 4)"   --->   Operation 33 'speclooptripcount' 'empty_19' <Predicate = true> <Delay = 0.00>
ST_5 : Operation 34 [1/1] (1.65ns)   --->   "%k = add i3 %k_0_i, 1" [just_encrypt.cpp:199->just_encrypt.cpp:307]   --->   Operation 34 'add' 'k' <Predicate = true> <Delay = 1.65> <Core = "AddSub">   --->   Core 14 'AddSub' <Latency = 0> <II = 1> <Delay = 1.65> <FuncUnit> <Opcode : 'add' 'sub'> <InPorts = 2> <OutPorts = 1>
ST_5 : Operation 35 [1/1] (0.00ns)   --->   "br i1 %icmp_ln199, label %shiftRows.exit, label %3" [just_encrypt.cpp:199->just_encrypt.cpp:307]   --->   Operation 35 'br' <Predicate = true> <Delay = 0.00>
ST_5 : Operation 36 [2/2] (2.32ns)   --->   "%tmp = load i8* %state_addr, align 1" [just_encrypt.cpp:201->just_encrypt.cpp:307]   --->   Operation 36 'load' 'tmp' <Predicate = (!icmp_ln199)> <Delay = 2.32> <Core = "RAM">   --->   Core 37 'RAM' <Latency = 1> <II = 1> <Delay = 3.25> <Storage> <Opcode : 'load' 'store'> <Ports = 2> <Width = 8> <Depth = 176> <RAM>
ST_5 : Operation 37 [2/2] (0.00ns)   --->   "call fastcc void @mixColumns([16 x i8]* %state)" [just_encrypt.cpp:308]   --->   Operation 37 'call' <Predicate = (icmp_ln199)> <Delay = 0.00> <CoreType = "Generic">   --->   Core 0 '' <Latency = 0> <II = 1> <Delay = 1.00> <Generic> <Opcode : >

State 6 <SV = 3> <Delay = 2.32>
ST_6 : Operation 38 [1/2] (2.32ns)   --->   "%tmp = load i8* %state_addr, align 1" [just_encrypt.cpp:201->just_encrypt.cpp:307]   --->   Operation 38 'load' 'tmp' <Predicate = true> <Delay = 2.32> <Core = "RAM">   --->   Core 37 'RAM' <Latency = 1> <II = 1> <Delay = 3.25> <Storage> <Opcode : 'load' 'store'> <Ports = 2> <Width = 8> <Depth = 176> <RAM>
ST_6 : Operation 39 [1/1] (1.76ns)   --->   "br label %4" [just_encrypt.cpp:202->just_encrypt.cpp:307]   --->   Operation 39 'br' <Predicate = true> <Delay = 1.76>

State 7 <SV = 4> <Delay = 3.97>
ST_7 : Operation 40 [1/1] (0.00ns)   --->   "%j_0_i = phi i3 [ -4, %3 ], [ %j, %5 ]"   --->   Operation 40 'phi' 'j_0_i' <Predicate = true> <Delay = 0.00>
ST_7 : Operation 41 [1/1] (0.00ns)   --->   "%sext_ln202 = sext i3 %j_0_i to i4" [just_encrypt.cpp:202->just_encrypt.cpp:307]   --->   Operation 41 'sext' 'sext_ln202' <Predicate = true> <Delay = 0.00>
ST_7 : Operation 42 [1/1] (1.13ns)   --->   "%icmp_ln202 = icmp eq i3 %j_0_i, -1" [just_encrypt.cpp:202->just_encrypt.cpp:307]   --->   Operation 42 'icmp' 'icmp_ln202' <Predicate = true> <Delay = 1.13> <Core = "Cmp">   --->   Core 25 'Cmp' <Latency = 0> <II = 1> <Delay = 1.42> <FuncUnit> <Opcode : 'icmp'> <InPorts = 2> <OutPorts = 1>
ST_7 : Operation 43 [1/1] (0.00ns)   --->   "%empty_20 = call i32 (...)* @_ssdm_op_SpecLoopTripCount(i64 3, i64 3, i64 3)"   --->   Operation 43 'speclooptripcount' 'empty_20' <Predicate = true> <Delay = 0.00>
ST_7 : Operation 44 [1/1] (0.00ns)   --->   "br i1 %icmp_ln202, label %6, label %5" [just_encrypt.cpp:202->just_encrypt.cpp:307]   --->   Operation 44 'br' <Predicate = true> <Delay = 0.00>
ST_7 : Operation 45 [1/1] (1.65ns)   --->   "%j = add i3 %j_0_i, 1" [just_encrypt.cpp:203->just_encrypt.cpp:307]   --->   Operation 45 'add' 'j' <Predicate = (!icmp_ln202)> <Delay = 1.65> <Core = "AddSub">   --->   Core 14 'AddSub' <Latency = 0> <II = 1> <Delay = 1.65> <FuncUnit> <Opcode : 'add' 'sub'> <InPorts = 2> <OutPorts = 1>
ST_7 : Operation 46 [1/1] (0.00ns)   --->   "%sext_ln203 = sext i3 %j to i4" [just_encrypt.cpp:203->just_encrypt.cpp:307]   --->   Operation 46 'sext' 'sext_ln203' <Predicate = (!icmp_ln202)> <Delay = 0.00>
ST_7 : Operation 47 [1/1] (0.00ns)   --->   "%zext_ln203 = zext i4 %sext_ln203 to i64" [just_encrypt.cpp:203->just_encrypt.cpp:307]   --->   Operation 47 'zext' 'zext_ln203' <Predicate = (!icmp_ln202)> <Delay = 0.00>
ST_7 : Operation 48 [1/1] (0.00ns)   --->   "%state_addr_5 = getelementptr [16 x i8]* %state, i64 0, i64 %zext_ln203" [just_encrypt.cpp:203->just_encrypt.cpp:307]   --->   Operation 48 'getelementptr' 'state_addr_5' <Predicate = (!icmp_ln202)> <Delay = 0.00>
ST_7 : Operation 49 [2/2] (2.32ns)   --->   "%state_load_1 = load i8* %state_addr_5, align 1" [just_encrypt.cpp:203->just_encrypt.cpp:307]   --->   Operation 49 'load' 'state_load_1' <Predicate = (!icmp_ln202)> <Delay = 2.32> <Core = "RAM">   --->   Core 37 'RAM' <Latency = 1> <II = 1> <Delay = 3.25> <Storage> <Opcode : 'load' 'store'> <Ports = 2> <Width = 8> <Depth = 176> <RAM>
ST_7 : Operation 50 [1/1] (2.32ns)   --->   "store i8 %tmp, i8* %state_addr_2, align 1" [just_encrypt.cpp:204->just_encrypt.cpp:307]   --->   Operation 50 'store' <Predicate = (icmp_ln202)> <Delay = 2.32> <Core = "RAM">   --->   Core 37 'RAM' <Latency = 1> <II = 1> <Delay = 3.25> <Storage> <Opcode : 'load' 'store'> <Ports = 2> <Width = 8> <Depth = 176> <RAM>
ST_7 : Operation 51 [1/1] (0.00ns)   --->   "br label %.preheader.i" [just_encrypt.cpp:199->just_encrypt.cpp:307]   --->   Operation 51 'br' <Predicate = (icmp_ln202)> <Delay = 0.00>

State 8 <SV = 5> <Delay = 4.64>
ST_8 : Operation 52 [1/2] (2.32ns)   --->   "%state_load_1 = load i8* %state_addr_5, align 1" [just_encrypt.cpp:203->just_encrypt.cpp:307]   --->   Operation 52 'load' 'state_load_1' <Predicate = true> <Delay = 2.32> <Core = "RAM">   --->   Core 37 'RAM' <Latency = 1> <II = 1> <Delay = 3.25> <Storage> <Opcode : 'load' 'store'> <Ports = 2> <Width = 8> <Depth = 176> <RAM>
ST_8 : Operation 53 [1/1] (0.00ns)   --->   "%zext_ln203_1 = zext i4 %sext_ln202 to i64" [just_encrypt.cpp:203->just_encrypt.cpp:307]   --->   Operation 53 'zext' 'zext_ln203_1' <Predicate = true> <Delay = 0.00>
ST_8 : Operation 54 [1/1] (0.00ns)   --->   "%state_addr_6 = getelementptr [16 x i8]* %state, i64 0, i64 %zext_ln203_1" [just_encrypt.cpp:203->just_encrypt.cpp:307]   --->   Operation 54 'getelementptr' 'state_addr_6' <Predicate = true> <Delay = 0.00>
ST_8 : Operation 55 [1/1] (2.32ns)   --->   "store i8 %state_load_1, i8* %state_addr_6, align 1" [just_encrypt.cpp:203->just_encrypt.cpp:307]   --->   Operation 55 'store' <Predicate = true> <Delay = 2.32> <Core = "RAM">   --->   Core 37 'RAM' <Latency = 1> <II = 1> <Delay = 3.25> <Storage> <Opcode : 'load' 'store'> <Ports = 2> <Width = 8> <Depth = 176> <RAM>
ST_8 : Operation 56 [1/1] (0.00ns)   --->   "br label %4" [just_encrypt.cpp:202->just_encrypt.cpp:307]   --->   Operation 56 'br' <Predicate = true> <Delay = 0.00>

State 9 <SV = 3> <Delay = 1.76>
ST_9 : Operation 57 [1/2] (0.00ns)   --->   "call fastcc void @mixColumns([16 x i8]* %state)" [just_encrypt.cpp:308]   --->   Operation 57 'call' <Predicate = true> <Delay = 0.00> <CoreType = "Generic">   --->   Core 0 '' <Latency = 0> <II = 1> <Delay = 1.00> <Generic> <Opcode : >
ST_9 : Operation 58 [1/1] (1.76ns)   --->   "br label %7" [just_encrypt.cpp:228->just_encrypt.cpp:309]   --->   Operation 58 'br' <Predicate = true> <Delay = 1.76>

State 10 <SV = 4> <Delay = 2.32>
ST_10 : Operation 59 [1/1] (0.00ns)   --->   "%i_0_i4 = phi i5 [ 0, %shiftRows.exit ], [ %i_6, %8 ]"   --->   Operation 59 'phi' 'i_0_i4' <Predicate = true> <Delay = 0.00>
ST_10 : Operation 60 [1/1] (1.36ns)   --->   "%icmp_ln228 = icmp eq i5 %i_0_i4, -16" [just_encrypt.cpp:228->just_encrypt.cpp:309]   --->   Operation 60 'icmp' 'icmp_ln228' <Predicate = true> <Delay = 1.36> <Core = "Cmp">   --->   Core 25 'Cmp' <Latency = 0> <II = 1> <Delay = 1.42> <FuncUnit> <Opcode : 'icmp'> <InPorts = 2> <OutPorts = 1>
ST_10 : Operation 61 [1/1] (0.00ns)   --->   "%empty_21 = call i32 (...)* @_ssdm_op_SpecLoopTripCount(i64 16, i64 16, i64 16)"   --->   Operation 61 'speclooptripcount' 'empty_21' <Predicate = true> <Delay = 0.00>
ST_10 : Operation 62 [1/1] (1.78ns)   --->   "%i_6 = add i5 %i_0_i4, 1" [just_encrypt.cpp:228->just_encrypt.cpp:309]   --->   Operation 62 'add' 'i_6' <Predicate = true> <Delay = 1.78> <Core = "AddSub">   --->   Core 14 'AddSub' <Latency = 0> <II = 1> <Delay = 1.65> <FuncUnit> <Opcode : 'add' 'sub'> <InPorts = 2> <OutPorts = 1>
ST_10 : Operation 63 [1/1] (0.00ns)   --->   "br i1 %icmp_ln228, label %addRoundKey.exit, label %8" [just_encrypt.cpp:228->just_encrypt.cpp:309]   --->   Operation 63 'br' <Predicate = true> <Delay = 0.00>
ST_10 : Operation 64 [1/1] (0.00ns)   --->   "%zext_ln229 = zext i5 %i_0_i4 to i64" [just_encrypt.cpp:229->just_encrypt.cpp:309]   --->   Operation 64 'zext' 'zext_ln229' <Predicate = (!icmp_ln228)> <Delay = 0.00>
ST_10 : Operation 65 [1/1] (0.00ns)   --->   "%state_addr_4 = getelementptr [16 x i8]* %state, i64 0, i64 %zext_ln229" [just_encrypt.cpp:229->just_encrypt.cpp:309]   --->   Operation 65 'getelementptr' 'state_addr_4' <Predicate = (!icmp_ln228)> <Delay = 0.00>
ST_10 : Operation 66 [2/2] (2.32ns)   --->   "%state_load = load i8* %state_addr_4, align 1" [just_encrypt.cpp:229->just_encrypt.cpp:309]   --->   Operation 66 'load' 'state_load' <Predicate = (!icmp_ln228)> <Delay = 2.32> <Core = "RAM">   --->   Core 37 'RAM' <Latency = 1> <II = 1> <Delay = 3.25> <Storage> <Opcode : 'load' 'store'> <Ports = 2> <Width = 8> <Depth = 176> <RAM>
ST_10 : Operation 67 [1/1] (0.00ns)   --->   "%roundKey_addr = getelementptr [16 x i8]* %roundKey, i64 0, i64 %zext_ln229" [just_encrypt.cpp:229->just_encrypt.cpp:309]   --->   Operation 67 'getelementptr' 'roundKey_addr' <Predicate = (!icmp_ln228)> <Delay = 0.00>
ST_10 : Operation 68 [2/2] (2.32ns)   --->   "%roundKey_load = load i8* %roundKey_addr, align 1" [just_encrypt.cpp:229->just_encrypt.cpp:309]   --->   Operation 68 'load' 'roundKey_load' <Predicate = (!icmp_ln228)> <Delay = 2.32> <Core = "RAM">   --->   Core 37 'RAM' <Latency = 1> <II = 1> <Delay = 3.25> <Storage> <Opcode : 'load' 'store'> <Ports = 2> <Width = 8> <Depth = 176> <RAM>
ST_10 : Operation 69 [1/1] (0.00ns)   --->   "ret void" [just_encrypt.cpp:310]   --->   Operation 69 'ret' <Predicate = (icmp_ln228)> <Delay = 0.00>

State 11 <SV = 5> <Delay = 5.63>
ST_11 : Operation 70 [1/2] (2.32ns)   --->   "%state_load = load i8* %state_addr_4, align 1" [just_encrypt.cpp:229->just_encrypt.cpp:309]   --->   Operation 70 'load' 'state_load' <Predicate = true> <Delay = 2.32> <Core = "RAM">   --->   Core 37 'RAM' <Latency = 1> <II = 1> <Delay = 3.25> <Storage> <Opcode : 'load' 'store'> <Ports = 2> <Width = 8> <Depth = 176> <RAM>
ST_11 : Operation 71 [1/2] (2.32ns)   --->   "%roundKey_load = load i8* %roundKey_addr, align 1" [just_encrypt.cpp:229->just_encrypt.cpp:309]   --->   Operation 71 'load' 'roundKey_load' <Predicate = true> <Delay = 2.32> <Core = "RAM">   --->   Core 37 'RAM' <Latency = 1> <II = 1> <Delay = 3.25> <Storage> <Opcode : 'load' 'store'> <Ports = 2> <Width = 8> <Depth = 176> <RAM>
ST_11 : Operation 72 [1/1] (0.99ns)   --->   "%xor_ln229 = xor i8 %roundKey_load, %state_load" [just_encrypt.cpp:229->just_encrypt.cpp:309]   --->   Operation 72 'xor' 'xor_ln229' <Predicate = true> <Delay = 0.99> <Core = "LogicGate">   --->   Core 27 'LogicGate' <Latency = 0> <II = 1> <Delay = 0.99> <FuncUnit> <Opcode : 'and' 'or' 'xor'> <InPorts = 2> <OutPorts = 1>
ST_11 : Operation 73 [1/1] (2.32ns)   --->   "store i8 %xor_ln229, i8* %state_addr_4, align 1" [just_encrypt.cpp:229->just_encrypt.cpp:309]   --->   Operation 73 'store' <Predicate = true> <Delay = 2.32> <Core = "RAM">   --->   Core 37 'RAM' <Latency = 1> <II = 1> <Delay = 3.25> <Storage> <Opcode : 'load' 'store'> <Ports = 2> <Width = 8> <Depth = 176> <RAM>
ST_11 : Operation 74 [1/1] (0.00ns)   --->   "br label %7" [just_encrypt.cpp:228->just_encrypt.cpp:309]   --->   Operation 74 'br' <Predicate = true> <Delay = 0.00>


============================================================
+ Verbose Summary: Binding
============================================================
STG Binding: 
---------------- STG Properties BEGIN ----------------
- Is combinational: 0
- Is one-state seq: 0
- Is datapath-only: 0
- Is pipelined: 0
- Is top level: 0
Port [ Return ] is wired: 1; IO mode=ap_ctrl_hs:ce=0
Port [ state]:  wired=1; compound=1; hidden=0; nouse=0; global=0; static=0; extern=0; dir=2; type=1; pingpong=0; private_global=0; MemPort=[23]; IO mode=ap_memory:ce=0
Port [ roundKey]:  wired=1; compound=1; hidden=0; nouse=0; global=0; static=0; extern=0; dir=0; type=1; pingpong=0; private_global=0; MemPort=[13]; IO mode=ap_memory:ce=0
Port [ sbox]:  wired=0; compound=1; hidden=1; nouse=0; global=1; static=1; extern=0; dir=0; type=1; pingpong=0; private_global=0; linkage=7; visibility=0; MemPort=[1]; IO mode=ap_memory:ce=0
---------------- STG Properties END ------------------

---------------- Datapath Model BEGIN ----------------

<LifeTime>
<method=bitvector/>
br_ln183      (br               ) [ 011110000000]
i_0_i         (phi              ) [ 001000000000]
icmp_ln183    (icmp             ) [ 001110000000]
empty         (speclooptripcount) [ 000000000000]
i             (add              ) [ 011110000000]
br_ln183      (br               ) [ 000000000000]
zext_ln184    (zext             ) [ 000000000000]
state_addr_3  (getelementptr    ) [ 000110000000]
state_addr    (getelementptr    ) [ 000001111000]
state_addr_2  (getelementptr    ) [ 000001111000]
br_ln199      (br               ) [ 001111111000]
state_load_2  (load             ) [ 000000000000]
zext_ln71     (zext             ) [ 000000000000]
sbox_addr     (getelementptr    ) [ 000010000000]
sbox_load     (load             ) [ 000000000000]
store_ln184   (store            ) [ 000000000000]
br_ln183      (br               ) [ 011110000000]
k_0_i         (phi              ) [ 000001000000]
icmp_ln199    (icmp             ) [ 000001111000]
empty_19      (speclooptripcount) [ 000000000000]
k             (add              ) [ 001001111000]
br_ln199      (br               ) [ 000000000000]
tmp           (load             ) [ 000000011000]
br_ln202      (br               ) [ 000001111000]
j_0_i         (phi              ) [ 000000010000]
sext_ln202    (sext             ) [ 000000001000]
icmp_ln202    (icmp             ) [ 000001111000]
empty_20      (speclooptripcount) [ 000000000000]
br_ln202      (br               ) [ 000000000000]
j             (add              ) [ 000001111000]
sext_ln203    (sext             ) [ 000000000000]
zext_ln203    (zext             ) [ 000000000000]
state_addr_5  (getelementptr    ) [ 000000001000]
store_ln204   (store            ) [ 000000000000]
br_ln199      (br               ) [ 001001111000]
state_load_1  (load             ) [ 000000000000]
zext_ln203_1  (zext             ) [ 000000000000]
state_addr_6  (getelementptr    ) [ 000000000000]
store_ln203   (store            ) [ 000000000000]
br_ln202      (br               ) [ 000001111000]
call_ln308    (call             ) [ 000000000000]
br_ln228      (br               ) [ 000000000111]
i_0_i4        (phi              ) [ 000000000010]
icmp_ln228    (icmp             ) [ 000000000011]
empty_21      (speclooptripcount) [ 000000000000]
i_6           (add              ) [ 000000000111]
br_ln228      (br               ) [ 000000000000]
zext_ln229    (zext             ) [ 000000000000]
state_addr_4  (getelementptr    ) [ 000000000001]
roundKey_addr (getelementptr    ) [ 000000000001]
ret_ln310     (ret              ) [ 000000000000]
state_load    (load             ) [ 000000000000]
roundKey_load (load             ) [ 000000000000]
xor_ln229     (xor              ) [ 000000000000]
store_ln229   (store            ) [ 000000000000]
br_ln228      (br               ) [ 000000000111]
</LifeTime>

<model>

<comp_list>
<comp id="0" class="1000" name="state">
<pin_list>
<pin id="1" dir="1" index="0" bw="1" slack="0"/>
</pin_list>
<bind>
<StgValue><ssdm name="state"/><MemPortTyVec>2 3 </MemPortTyVec>
</StgValue>
</bind>
</comp>

<comp id="2" class="1000" name="roundKey">
<pin_list>
<pin id="3" dir="1" index="0" bw="1" slack="0"/>
</pin_list>
<bind>
<StgValue><ssdm name="roundKey"/><MemPortTyVec>1 3 </MemPortTyVec>
</StgValue>
</bind>
</comp>

<comp id="4" class="1000" name="sbox">
<pin_list>
<pin id="5" dir="1" index="0" bw="1" slack="0"/>
</pin_list>
<bind>
<StgValue><ssdm name="sbox"/><MemPortTyVec>1 </MemPortTyVec>
</StgValue>
</bind>
</comp>

<comp id="6" class="1001" name="const_6">
<pin_list>
<pin id="7" dir="1" index="0" bw="1" slack="1"/>
</pin_list>
<bind>
<StgValue><ssdm name=""/></StgValue>
</bind>
</comp>

<comp id="8" class="1001" name="const_8">
<pin_list>
<pin id="9" dir="1" index="0" bw="1" slack="0"/>
</pin_list>
<bind>
<StgValue><ssdm name=""/></StgValue>
</bind>
</comp>

<comp id="10" class="1001" name="const_10">
<pin_list>
<pin id="11" dir="1" index="0" bw="1" slack="2147483647"/>
</pin_list>
<bind>
<StgValue><ssdm name="_ssdm_op_SpecLoopTripCount"/></StgValue>
</bind>
</comp>

<comp id="12" class="1001" name="const_12">
<pin_list>
<pin id="13" dir="1" index="0" bw="1" slack="2147483647"/>
</pin_list>
<bind>
<StgValue><ssdm name=""/></StgValue>
</bind>
</comp>

<comp id="14" class="1001" name="const_14">
<pin_list>
<pin id="15" dir="1" index="0" bw="1" slack="0"/>
</pin_list>
<bind>
<StgValue><ssdm name=""/></StgValue>
</bind>
</comp>

<comp id="16" class="1001" name="const_16">
<pin_list>
<pin id="17" dir="1" index="0" bw="1" slack="0"/>
</pin_list>
<bind>
<StgValue><ssdm name=""/></StgValue>
</bind>
</comp>

<comp id="18" class="1001" name="const_18">
<pin_list>
<pin id="19" dir="1" index="0" bw="1" slack="0"/>
</pin_list>
<bind>
<StgValue><ssdm name=""/></StgValue>
</bind>
</comp>

<comp id="20" class="1001" name="const_20">
<pin_list>
<pin id="21" dir="1" index="0" bw="1" slack="0"/>
</pin_list>
<bind>
<StgValue><ssdm name=""/></StgValue>
</bind>
</comp>

<comp id="22" class="1001" name="const_22">
<pin_list>
<pin id="23" dir="1" index="0" bw="1" slack="1"/>
</pin_list>
<bind>
<StgValue><ssdm name=""/></StgValue>
</bind>
</comp>

<comp id="24" class="1001" name="const_24">
<pin_list>
<pin id="25" dir="1" index="0" bw="1" slack="0"/>
</pin_list>
<bind>
<StgValue><ssdm name=""/></StgValue>
</bind>
</comp>

<comp id="26" class="1001" name="const_26">
<pin_list>
<pin id="27" dir="1" index="0" bw="1" slack="2147483647"/>
</pin_list>
<bind>
<StgValue><ssdm name=""/></StgValue>
</bind>
</comp>

<comp id="28" class="1001" name="const_28">
<pin_list>
<pin id="29" dir="1" index="0" bw="1" slack="0"/>
</pin_list>
<bind>
<StgValue><ssdm name=""/></StgValue>
</bind>
</comp>

<comp id="30" class="1001" name="const_30">
<pin_list>
<pin id="31" dir="1" index="0" bw="1" slack="0"/>
</pin_list>
<bind>
<StgValue><ssdm name="mixColumns"/></StgValue>
</bind>
</comp>

<comp id="32" class="1001" name="const_32">
<pin_list>
<pin id="33" dir="1" index="0" bw="1" slack="0"/>
</pin_list>
<bind>
<StgValue><ssdm name=""/></StgValue>
</bind>
</comp>

<comp id="34" class="1001" name="const_34">
<pin_list>
<pin id="35" dir="1" index="0" bw="1" slack="2147483647"/>
</pin_list>
<bind>
<StgValue><ssdm name=""/></StgValue>
</bind>
</comp>

<comp id="36" class="1004" name="state_addr_3_gep_fu_36">
<pin_list>
<pin id="37" dir="0" index="0" bw="8" slack="0"/>
<pin id="38" dir="0" index="1" bw="1" slack="0"/>
<pin id="39" dir="0" index="2" bw="5" slack="0"/>
<pin id="40" dir="1" index="3" bw="4" slack="0"/>
</pin_list>
<bind>
<opcode="getelementptr(29) " fcode="getelementptr"/>
<opset="state_addr_3/2 "/>
</bind>
</comp>

<comp id="43" class="1004" name="grp_access_fu_43">
<pin_list>
<pin id="44" dir="0" index="0" bw="4" slack="0"/>
<pin id="45" dir="0" index="1" bw="8" slack="0"/>
<pin id="46" dir="0" index="2" bw="0" slack="2147483647"/>
<pin id="47" dir="1" index="3" bw="8" slack="0"/>
</pin_list>
<bind>
<opcode="load(27) store(28) " fcode="store"/>
<opset="state_load_2/2 store_ln184/4 tmp/5 state_load_1/7 store_ln204/7 store_ln203/8 state_load/10 store_ln229/11 "/>
</bind>
</comp>

<comp id="49" class="1004" name="state_addr_gep_fu_49">
<pin_list>
<pin id="50" dir="0" index="0" bw="8" slack="0"/>
<pin id="51" dir="0" index="1" bw="1" slack="0"/>
<pin id="52" dir="0" index="2" bw="5" slack="0"/>
<pin id="53" dir="1" index="3" bw="4" slack="1"/>
</pin_list>
<bind>
<opcode="getelementptr(29) " fcode="getelementptr"/>
<opset="state_addr/2 "/>
</bind>
</comp>

<comp id="57" class="1004" name="state_addr_2_gep_fu_57">
<pin_list>
<pin id="58" dir="0" index="0" bw="8" slack="0"/>
<pin id="59" dir="0" index="1" bw="1" slack="0"/>
<pin id="60" dir="0" index="2" bw="5" slack="0"/>
<pin id="61" dir="1" index="3" bw="4" slack="3"/>
</pin_list>
<bind>
<opcode="getelementptr(29) " fcode="getelementptr"/>
<opset="state_addr_2/2 "/>
</bind>
</comp>

<comp id="65" class="1004" name="sbox_addr_gep_fu_65">
<pin_list>
<pin id="66" dir="0" index="0" bw="8" slack="0"/>
<pin id="67" dir="0" index="1" bw="1" slack="0"/>
<pin id="68" dir="0" index="2" bw="8" slack="0"/>
<pin id="69" dir="1" index="3" bw="8" slack="0"/>
</pin_list>
<bind>
<opcode="getelementptr(29) " fcode="getelementptr"/>
<opset="sbox_addr/3 "/>
</bind>
</comp>

<comp id="72" class="1004" name="grp_access_fu_72">
<pin_list>
<pin id="73" dir="0" index="0" bw="8" slack="0"/>
<pin id="74" dir="0" index="1" bw="8" slack="2147483647"/>
<pin id="75" dir="0" index="2" bw="0" slack="2147483647"/>
<pin id="76" dir="1" index="3" bw="8" slack="0"/>
</pin_list>
<bind>
<opcode="load(27) " fcode="load"/>
<opset="sbox_load/3 "/>
</bind>
</comp>

<comp id="79" class="1004" name="state_addr_5_gep_fu_79">
<pin_list>
<pin id="80" dir="0" index="0" bw="8" slack="0"/>
<pin id="81" dir="0" index="1" bw="1" slack="0"/>
<pin id="82" dir="0" index="2" bw="4" slack="0"/>
<pin id="83" dir="1" index="3" bw="4" slack="0"/>
</pin_list>
<bind>
<opcode="getelementptr(29) " fcode="getelementptr"/>
<opset="state_addr_5/7 "/>
</bind>
</comp>

<comp id="87" class="1004" name="state_addr_6_gep_fu_87">
<pin_list>
<pin id="88" dir="0" index="0" bw="8" slack="0"/>
<pin id="89" dir="0" index="1" bw="1" slack="0"/>
<pin id="90" dir="0" index="2" bw="4" slack="0"/>
<pin id="91" dir="1" index="3" bw="4" slack="0"/>
</pin_list>
<bind>
<opcode="getelementptr(29) " fcode="getelementptr"/>
<opset="state_addr_6/8 "/>
</bind>
</comp>

<comp id="96" class="1004" name="state_addr_4_gep_fu_96">
<pin_list>
<pin id="97" dir="0" index="0" bw="8" slack="0"/>
<pin id="98" dir="0" index="1" bw="1" slack="0"/>
<pin id="99" dir="0" index="2" bw="5" slack="0"/>
<pin id="100" dir="1" index="3" bw="4" slack="0"/>
</pin_list>
<bind>
<opcode="getelementptr(29) " fcode="getelementptr"/>
<opset="state_addr_4/10 "/>
</bind>
</comp>

<comp id="104" class="1004" name="roundKey_addr_gep_fu_104">
<pin_list>
<pin id="105" dir="0" index="0" bw="8" slack="0"/>
<pin id="106" dir="0" index="1" bw="1" slack="0"/>
<pin id="107" dir="0" index="2" bw="5" slack="0"/>
<pin id="108" dir="1" index="3" bw="4" slack="0"/>
</pin_list>
<bind>
<opcode="getelementptr(29) " fcode="getelementptr"/>
<opset="roundKey_addr/10 "/>
</bind>
</comp>

<comp id="111" class="1004" name="grp_access_fu_111">
<pin_list>
<pin id="112" dir="0" index="0" bw="4" slack="0"/>
<pin id="113" dir="0" index="1" bw="8" slack="2147483647"/>
<pin id="114" dir="0" index="2" bw="0" slack="2147483647"/>
<pin id="115" dir="1" index="3" bw="8" slack="0"/>
</pin_list>
<bind>
<opcode="load(27) " fcode="load"/>
<opset="roundKey_load/10 "/>
</bind>
</comp>

<comp id="117" class="1005" name="i_0_i_reg_117">
<pin_list>
<pin id="118" dir="0" index="0" bw="5" slack="1"/>
<pin id="119" dir="1" index="1" bw="5" slack="1"/>
</pin_list>
<bind>
<opset="i_0_i (phireg) "/>
</bind>
</comp>

<comp id="121" class="1004" name="i_0_i_phi_fu_121">
<pin_list>
<pin id="122" dir="0" index="0" bw="1" slack="1"/>
<pin id="123" dir="0" index="1" bw="0" slack="2147483647"/>
<pin id="124" dir="0" index="2" bw="5" slack="0"/>
<pin id="125" dir="0" index="3" bw="0" slack="2147483647"/>
<pin id="126" dir="1" index="4" bw="5" slack="0"/>
</pin_list>
<bind>
<opcode="phi(47) " fcode="phi"/>
<opset="i_0_i/2 "/>
</bind>
</comp>

<comp id="128" class="1005" name="k_0_i_reg_128">
<pin_list>
<pin id="129" dir="0" index="0" bw="3" slack="1"/>
<pin id="130" dir="1" index="1" bw="3" slack="1"/>
</pin_list>
<bind>
<opset="k_0_i (phireg) "/>
</bind>
</comp>

<comp id="132" class="1004" name="k_0_i_phi_fu_132">
<pin_list>
<pin id="133" dir="0" index="0" bw="3" slack="0"/>
<pin id="134" dir="0" index="1" bw="0" slack="2147483647"/>
<pin id="135" dir="0" index="2" bw="1" slack="1"/>
<pin id="136" dir="0" index="3" bw="0" slack="2147483647"/>
<pin id="137" dir="1" index="4" bw="3" slack="0"/>
</pin_list>
<bind>
<opcode="phi(47) " fcode="phi"/>
<opset="k_0_i/5 "/>
</bind>
</comp>

<comp id="139" class="1005" name="j_0_i_reg_139">
<pin_list>
<pin id="140" dir="0" index="0" bw="3" slack="1"/>
<pin id="141" dir="1" index="1" bw="3" slack="1"/>
</pin_list>
<bind>
<opset="j_0_i (phireg) "/>
</bind>
</comp>

<comp id="143" class="1004" name="j_0_i_phi_fu_143">
<pin_list>
<pin id="144" dir="0" index="0" bw="3" slack="1"/>
<pin id="145" dir="0" index="1" bw="0" slack="2147483647"/>
<pin id="146" dir="0" index="2" bw="3" slack="0"/>
<pin id="147" dir="0" index="3" bw="0" slack="2147483647"/>
<pin id="148" dir="1" index="4" bw="3" slack="0"/>
</pin_list>
<bind>
<opcode="phi(47) " fcode="phi"/>
<opset="j_0_i/7 "/>
</bind>
</comp>

<comp id="150" class="1005" name="i_0_i4_reg_150">
<pin_list>
<pin id="151" dir="0" index="0" bw="5" slack="1"/>
<pin id="152" dir="1" index="1" bw="5" slack="1"/>
</pin_list>
<bind>
<opset="i_0_i4 (phireg) "/>
</bind>
</comp>

<comp id="154" class="1004" name="i_0_i4_phi_fu_154">
<pin_list>
<pin id="155" dir="0" index="0" bw="1" slack="1"/>
<pin id="156" dir="0" index="1" bw="0" slack="2147483647"/>
<pin id="157" dir="0" index="2" bw="5" slack="0"/>
<pin id="158" dir="0" index="3" bw="0" slack="2147483647"/>
<pin id="159" dir="1" index="4" bw="5" slack="0"/>
</pin_list>
<bind>
<opcode="phi(47) " fcode="phi"/>
<opset="i_0_i4/10 "/>
</bind>
</comp>

<comp id="161" class="1004" name="grp_mixColumns_fu_161">
<pin_list>
<pin id="162" dir="0" index="0" bw="0" slack="0"/>
<pin id="163" dir="0" index="1" bw="8" slack="0"/>
<pin id="164" dir="1" index="2" bw="0" slack="2147483647"/>
</pin_list>
<bind>
<opcode="call(48) " fcode="call"/>
<opset="call_ln308/5 "/>
</bind>
</comp>

<comp id="167" class="1004" name="icmp_ln183_fu_167">
<pin_list>
<pin id="168" dir="0" index="0" bw="5" slack="0"/>
<pin id="169" dir="0" index="1" bw="5" slack="0"/>
<pin id="170" dir="1" index="2" bw="1" slack="2147483647"/>
</pin_list>
<bind>
<opcode="icmp(45) " fcode="icmp"/>
<opset="icmp_ln183/2 "/>
</bind>
</comp>

<comp id="173" class="1004" name="i_fu_173">
<pin_list>
<pin id="174" dir="0" index="0" bw="5" slack="0"/>
<pin id="175" dir="0" index="1" bw="1" slack="0"/>
<pin id="176" dir="1" index="2" bw="5" slack="0"/>
</pin_list>
<bind>
<opcode="add(8) " fcode="add"/>
<opset="i/2 "/>
</bind>
</comp>

<comp id="179" class="1004" name="zext_ln184_fu_179">
<pin_list>
<pin id="180" dir="0" index="0" bw="5" slack="0"/>
<pin id="181" dir="1" index="1" bw="64" slack="0"/>
</pin_list>
<bind>
<opcode="zext(34) " fcode="zext"/>
<opset="zext_ln184/2 "/>
</bind>
</comp>

<comp id="184" class="1004" name="zext_ln71_fu_184">
<pin_list>
<pin id="185" dir="0" index="0" bw="8" slack="0"/>
<pin id="186" dir="1" index="1" bw="64" slack="0"/>
</pin_list>
<bind>
<opcode="zext(34) " fcode="zext"/>
<opset="zext_ln71/3 "/>
</bind>
</comp>

<comp id="189" class="1004" name="icmp_ln199_fu_189">
<pin_list>
<pin id="190" dir="0" index="0" bw="3" slack="0"/>
<pin id="191" dir="0" index="1" bw="3" slack="0"/>
<pin id="192" dir="1" index="2" bw="1" slack="2147483647"/>
</pin_list>
<bind>
<opcode="icmp(45) " fcode="icmp"/>
<opset="icmp_ln199/5 "/>
</bind>
</comp>

<comp id="195" class="1004" name="k_fu_195">
<pin_list>
<pin id="196" dir="0" index="0" bw="3" slack="0"/>
<pin id="197" dir="0" index="1" bw="1" slack="0"/>
<pin id="198" dir="1" index="2" bw="3" slack="0"/>
</pin_list>
<bind>
<opcode="add(8) " fcode="add"/>
<opset="k/5 "/>
</bind>
</comp>

<comp id="201" class="1004" name="sext_ln202_fu_201">
<pin_list>
<pin id="202" dir="0" index="0" bw="3" slack="0"/>
<pin id="203" dir="1" index="1" bw="4" slack="1"/>
</pin_list>
<bind>
<opcode="sext(35) " fcode="sext"/>
<opset="sext_ln202/7 "/>
</bind>
</comp>

<comp id="205" class="1004" name="icmp_ln202_fu_205">
<pin_list>
<pin id="206" dir="0" index="0" bw="3" slack="0"/>
<pin id="207" dir="0" index="1" bw="3" slack="0"/>
<pin id="208" dir="1" index="2" bw="1" slack="2147483647"/>
</pin_list>
<bind>
<opcode="icmp(45) " fcode="icmp"/>
<opset="icmp_ln202/7 "/>
</bind>
</comp>

<comp id="211" class="1004" name="j_fu_211">
<pin_list>
<pin id="212" dir="0" index="0" bw="3" slack="0"/>
<pin id="213" dir="0" index="1" bw="1" slack="0"/>
<pin id="214" dir="1" index="2" bw="3" slack="0"/>
</pin_list>
<bind>
<opcode="add(8) " fcode="add"/>
<opset="j/7 "/>
</bind>
</comp>

<comp id="217" class="1004" name="sext_ln203_fu_217">
<pin_list>
<pin id="218" dir="0" index="0" bw="3" slack="0"/>
<pin id="219" dir="1" index="1" bw="4" slack="0"/>
</pin_list>
<bind>
<opcode="sext(35) " fcode="sext"/>
<opset="sext_ln203/7 "/>
</bind>
</comp>

<comp id="221" class="1004" name="zext_ln203_fu_221">
<pin_list>
<pin id="222" dir="0" index="0" bw="3" slack="0"/>
<pin id="223" dir="1" index="1" bw="64" slack="0"/>
</pin_list>
<bind>
<opcode="zext(34) " fcode="zext"/>
<opset="zext_ln203/7 "/>
</bind>
</comp>

<comp id="226" class="1004" name="zext_ln203_1_fu_226">
<pin_list>
<pin id="227" dir="0" index="0" bw="3" slack="1"/>
<pin id="228" dir="1" index="1" bw="64" slack="0"/>
</pin_list>
<bind>
<opcode="zext(34) " fcode="zext"/>
<opset="zext_ln203_1/8 "/>
</bind>
</comp>

<comp id="230" class="1004" name="icmp_ln228_fu_230">
<pin_list>
<pin id="231" dir="0" index="0" bw="5" slack="0"/>
<pin id="232" dir="0" index="1" bw="5" slack="0"/>
<pin id="233" dir="1" index="2" bw="1" slack="2147483647"/>
</pin_list>
<bind>
<opcode="icmp(45) " fcode="icmp"/>
<opset="icmp_ln228/10 "/>
</bind>
</comp>

<comp id="236" class="1004" name="i_6_fu_236">
<pin_list>
<pin id="237" dir="0" index="0" bw="5" slack="0"/>
<pin id="238" dir="0" index="1" bw="1" slack="0"/>
<pin id="239" dir="1" index="2" bw="5" slack="0"/>
</pin_list>
<bind>
<opcode="add(8) " fcode="add"/>
<opset="i_6/10 "/>
</bind>
</comp>

<comp id="242" class="1004" name="zext_ln229_fu_242">
<pin_list>
<pin id="243" dir="0" index="0" bw="5" slack="0"/>
<pin id="244" dir="1" index="1" bw="64" slack="0"/>
</pin_list>
<bind>
<opcode="zext(34) " fcode="zext"/>
<opset="zext_ln229/10 "/>
</bind>
</comp>

<comp id="248" class="1004" name="xor_ln229_fu_248">
<pin_list>
<pin id="249" dir="0" index="0" bw="8" slack="0"/>
<pin id="250" dir="0" index="1" bw="8" slack="0"/>
<pin id="251" dir="1" index="2" bw="8" slack="0"/>
</pin_list>
<bind>
<opcode="xor(25) " fcode="xor"/>
<opset="xor_ln229/11 "/>
</bind>
</comp>

<comp id="258" class="1005" name="i_reg_258">
<pin_list>
<pin id="259" dir="0" index="0" bw="5" slack="0"/>
<pin id="260" dir="1" index="1" bw="5" slack="0"/>
</pin_list>
<bind>
<opset="i "/>
</bind>
</comp>

<comp id="263" class="1005" name="state_addr_3_reg_263">
<pin_list>
<pin id="264" dir="0" index="0" bw="4" slack="1"/>
<pin id="265" dir="1" index="1" bw="4" slack="1"/>
</pin_list>
<bind>
<opset="state_addr_3 "/>
</bind>
</comp>

<comp id="268" class="1005" name="state_addr_reg_268">
<pin_list>
<pin id="269" dir="0" index="0" bw="4" slack="1"/>
<pin id="270" dir="1" index="1" bw="4" slack="1"/>
</pin_list>
<bind>
<opset="state_addr "/>
</bind>
</comp>

<comp id="273" class="1005" name="state_addr_2_reg_273">
<pin_list>
<pin id="274" dir="0" index="0" bw="4" slack="3"/>
<pin id="275" dir="1" index="1" bw="4" slack="3"/>
</pin_list>
<bind>
<opset="state_addr_2 "/>
</bind>
</comp>

<comp id="278" class="1005" name="sbox_addr_reg_278">
<pin_list>
<pin id="279" dir="0" index="0" bw="8" slack="1"/>
<pin id="280" dir="1" index="1" bw="8" slack="1"/>
</pin_list>
<bind>
<opset="sbox_addr "/>
</bind>
</comp>

<comp id="286" class="1005" name="k_reg_286">
<pin_list>
<pin id="287" dir="0" index="0" bw="3" slack="0"/>
<pin id="288" dir="1" index="1" bw="3" slack="0"/>
</pin_list>
<bind>
<opset="k "/>
</bind>
</comp>

<comp id="291" class="1005" name="tmp_reg_291">
<pin_list>
<pin id="292" dir="0" index="0" bw="8" slack="1"/>
<pin id="293" dir="1" index="1" bw="8" slack="1"/>
</pin_list>
<bind>
<opset="tmp "/>
</bind>
</comp>

<comp id="296" class="1005" name="sext_ln202_reg_296">
<pin_list>
<pin id="297" dir="0" index="0" bw="4" slack="1"/>
<pin id="298" dir="1" index="1" bw="4" slack="1"/>
</pin_list>
<bind>
<opset="sext_ln202 "/>
</bind>
</comp>

<comp id="304" class="1005" name="j_reg_304">
<pin_list>
<pin id="305" dir="0" index="0" bw="3" slack="0"/>
<pin id="306" dir="1" index="1" bw="3" slack="0"/>
</pin_list>
<bind>
<opset="j "/>
</bind>
</comp>

<comp id="309" class="1005" name="state_addr_5_reg_309">
<pin_list>
<pin id="310" dir="0" index="0" bw="4" slack="1"/>
<pin id="311" dir="1" index="1" bw="4" slack="1"/>
</pin_list>
<bind>
<opset="state_addr_5 "/>
</bind>
</comp>

<comp id="317" class="1005" name="i_6_reg_317">
<pin_list>
<pin id="318" dir="0" index="0" bw="5" slack="0"/>
<pin id="319" dir="1" index="1" bw="5" slack="0"/>
</pin_list>
<bind>
<opset="i_6 "/>
</bind>
</comp>

<comp id="322" class="1005" name="state_addr_4_reg_322">
<pin_list>
<pin id="323" dir="0" index="0" bw="4" slack="1"/>
<pin id="324" dir="1" index="1" bw="4" slack="1"/>
</pin_list>
<bind>
<opset="state_addr_4 "/>
</bind>
</comp>

<comp id="327" class="1005" name="roundKey_addr_reg_327">
<pin_list>
<pin id="328" dir="0" index="0" bw="4" slack="1"/>
<pin id="329" dir="1" index="1" bw="4" slack="1"/>
</pin_list>
<bind>
<opset="roundKey_addr "/>
</bind>
</comp>

</comp_list>

<net_list>
<net id="41"><net_src comp="0" pin="0"/><net_sink comp="36" pin=0"/></net>

<net id="42"><net_src comp="16" pin="0"/><net_sink comp="36" pin=1"/></net>

<net id="48"><net_src comp="36" pin="3"/><net_sink comp="43" pin=0"/></net>

<net id="54"><net_src comp="0" pin="0"/><net_sink comp="49" pin=0"/></net>

<net id="55"><net_src comp="16" pin="0"/><net_sink comp="49" pin=1"/></net>

<net id="56"><net_src comp="18" pin="0"/><net_sink comp="49" pin=2"/></net>

<net id="62"><net_src comp="0" pin="0"/><net_sink comp="57" pin=0"/></net>

<net id="63"><net_src comp="16" pin="0"/><net_sink comp="57" pin=1"/></net>

<net id="64"><net_src comp="20" pin="0"/><net_sink comp="57" pin=2"/></net>

<net id="70"><net_src comp="4" pin="0"/><net_sink comp="65" pin=0"/></net>

<net id="71"><net_src comp="16" pin="0"/><net_sink comp="65" pin=1"/></net>

<net id="77"><net_src comp="65" pin="3"/><net_sink comp="72" pin=0"/></net>

<net id="78"><net_src comp="72" pin="3"/><net_sink comp="43" pin=1"/></net>

<net id="84"><net_src comp="0" pin="0"/><net_sink comp="79" pin=0"/></net>

<net id="85"><net_src comp="16" pin="0"/><net_sink comp="79" pin=1"/></net>

<net id="86"><net_src comp="79" pin="3"/><net_sink comp="43" pin=0"/></net>

<net id="92"><net_src comp="0" pin="0"/><net_sink comp="87" pin=0"/></net>

<net id="93"><net_src comp="16" pin="0"/><net_sink comp="87" pin=1"/></net>

<net id="94"><net_src comp="43" pin="3"/><net_sink comp="43" pin=1"/></net>

<net id="95"><net_src comp="87" pin="3"/><net_sink comp="43" pin=0"/></net>

<net id="101"><net_src comp="0" pin="0"/><net_sink comp="96" pin=0"/></net>

<net id="102"><net_src comp="16" pin="0"/><net_sink comp="96" pin=1"/></net>

<net id="103"><net_src comp="96" pin="3"/><net_sink comp="43" pin=0"/></net>

<net id="109"><net_src comp="2" pin="0"/><net_sink comp="104" pin=0"/></net>

<net id="110"><net_src comp="16" pin="0"/><net_sink comp="104" pin=1"/></net>

<net id="116"><net_src comp="104" pin="3"/><net_sink comp="111" pin=0"/></net>

<net id="120"><net_src comp="6" pin="0"/><net_sink comp="117" pin=0"/></net>

<net id="127"><net_src comp="117" pin="1"/><net_sink comp="121" pin=0"/></net>

<net id="131"><net_src comp="22" pin="0"/><net_sink comp="128" pin=0"/></net>

<net id="138"><net_src comp="128" pin="1"/><net_sink comp="132" pin=2"/></net>

<net id="142"><net_src comp="24" pin="0"/><net_sink comp="139" pin=0"/></net>

<net id="149"><net_src comp="139" pin="1"/><net_sink comp="143" pin=0"/></net>

<net id="153"><net_src comp="6" pin="0"/><net_sink comp="150" pin=0"/></net>

<net id="160"><net_src comp="150" pin="1"/><net_sink comp="154" pin=0"/></net>

<net id="165"><net_src comp="30" pin="0"/><net_sink comp="161" pin=0"/></net>

<net id="166"><net_src comp="0" pin="0"/><net_sink comp="161" pin=1"/></net>

<net id="171"><net_src comp="121" pin="4"/><net_sink comp="167" pin=0"/></net>

<net id="172"><net_src comp="8" pin="0"/><net_sink comp="167" pin=1"/></net>

<net id="177"><net_src comp="121" pin="4"/><net_sink comp="173" pin=0"/></net>

<net id="178"><net_src comp="14" pin="0"/><net_sink comp="173" pin=1"/></net>

<net id="182"><net_src comp="121" pin="4"/><net_sink comp="179" pin=0"/></net>

<net id="183"><net_src comp="179" pin="1"/><net_sink comp="36" pin=2"/></net>

<net id="187"><net_src comp="43" pin="3"/><net_sink comp="184" pin=0"/></net>

<net id="188"><net_src comp="184" pin="1"/><net_sink comp="65" pin=2"/></net>

<net id="193"><net_src comp="132" pin="4"/><net_sink comp="189" pin=0"/></net>

<net id="194"><net_src comp="24" pin="0"/><net_sink comp="189" pin=1"/></net>

<net id="199"><net_src comp="132" pin="4"/><net_sink comp="195" pin=0"/></net>

<net id="200"><net_src comp="28" pin="0"/><net_sink comp="195" pin=1"/></net>

<net id="204"><net_src comp="143" pin="4"/><net_sink comp="201" pin=0"/></net>

<net id="209"><net_src comp="143" pin="4"/><net_sink comp="205" pin=0"/></net>

<net id="210"><net_src comp="32" pin="0"/><net_sink comp="205" pin=1"/></net>

<net id="215"><net_src comp="143" pin="4"/><net_sink comp="211" pin=0"/></net>

<net id="216"><net_src comp="28" pin="0"/><net_sink comp="211" pin=1"/></net>

<net id="220"><net_src comp="211" pin="2"/><net_sink comp="217" pin=0"/></net>

<net id="224"><net_src comp="217" pin="1"/><net_sink comp="221" pin=0"/></net>

<net id="225"><net_src comp="221" pin="1"/><net_sink comp="79" pin=2"/></net>

<net id="229"><net_src comp="226" pin="1"/><net_sink comp="87" pin=2"/></net>

<net id="234"><net_src comp="154" pin="4"/><net_sink comp="230" pin=0"/></net>

<net id="235"><net_src comp="8" pin="0"/><net_sink comp="230" pin=1"/></net>

<net id="240"><net_src comp="154" pin="4"/><net_sink comp="236" pin=0"/></net>

<net id="241"><net_src comp="14" pin="0"/><net_sink comp="236" pin=1"/></net>

<net id="245"><net_src comp="154" pin="4"/><net_sink comp="242" pin=0"/></net>

<net id="246"><net_src comp="242" pin="1"/><net_sink comp="96" pin=2"/></net>

<net id="247"><net_src comp="242" pin="1"/><net_sink comp="104" pin=2"/></net>

<net id="252"><net_src comp="111" pin="3"/><net_sink comp="248" pin=0"/></net>

<net id="253"><net_src comp="43" pin="3"/><net_sink comp="248" pin=1"/></net>

<net id="254"><net_src comp="248" pin="2"/><net_sink comp="43" pin=1"/></net>

<net id="261"><net_src comp="173" pin="2"/><net_sink comp="258" pin=0"/></net>

<net id="262"><net_src comp="258" pin="1"/><net_sink comp="121" pin=2"/></net>

<net id="266"><net_src comp="36" pin="3"/><net_sink comp="263" pin=0"/></net>

<net id="267"><net_src comp="263" pin="1"/><net_sink comp="43" pin=0"/></net>

<net id="271"><net_src comp="49" pin="3"/><net_sink comp="268" pin=0"/></net>

<net id="272"><net_src comp="268" pin="1"/><net_sink comp="43" pin=0"/></net>

<net id="276"><net_src comp="57" pin="3"/><net_sink comp="273" pin=0"/></net>

<net id="277"><net_src comp="273" pin="1"/><net_sink comp="43" pin=0"/></net>

<net id="281"><net_src comp="65" pin="3"/><net_sink comp="278" pin=0"/></net>

<net id="282"><net_src comp="278" pin="1"/><net_sink comp="72" pin=0"/></net>

<net id="289"><net_src comp="195" pin="2"/><net_sink comp="286" pin=0"/></net>

<net id="290"><net_src comp="286" pin="1"/><net_sink comp="132" pin=0"/></net>

<net id="294"><net_src comp="43" pin="3"/><net_sink comp="291" pin=0"/></net>

<net id="295"><net_src comp="291" pin="1"/><net_sink comp="43" pin=1"/></net>

<net id="299"><net_src comp="201" pin="1"/><net_sink comp="296" pin=0"/></net>

<net id="300"><net_src comp="296" pin="1"/><net_sink comp="226" pin=0"/></net>

<net id="307"><net_src comp="211" pin="2"/><net_sink comp="304" pin=0"/></net>

<net id="308"><net_src comp="304" pin="1"/><net_sink comp="143" pin=2"/></net>

<net id="312"><net_src comp="79" pin="3"/><net_sink comp="309" pin=0"/></net>

<net id="313"><net_src comp="309" pin="1"/><net_sink comp="43" pin=0"/></net>

<net id="320"><net_src comp="236" pin="2"/><net_sink comp="317" pin=0"/></net>

<net id="321"><net_src comp="317" pin="1"/><net_sink comp="154" pin=2"/></net>

<net id="325"><net_src comp="96" pin="3"/><net_sink comp="322" pin=0"/></net>

<net id="326"><net_src comp="322" pin="1"/><net_sink comp="43" pin=0"/></net>

<net id="330"><net_src comp="104" pin="3"/><net_sink comp="327" pin=0"/></net>

<net id="331"><net_src comp="327" pin="1"/><net_sink comp="111" pin=0"/></net>

</net_list>

</model> 
---------------- Datapath Model END ------------------

* FSMD analyzer results:
  - Output states:
	Port: state | {4 5 7 8 9 11 }
	Port: sbox | {}
 - Input state : 
	Port: aes_round : state | {2 3 5 6 7 8 9 10 11 }
	Port: aes_round : roundKey | {10 11 }
	Port: aes_round : sbox | {3 4 }
  - Chain level:
	State 1
	State 2
		icmp_ln183 : 1
		i : 1
		br_ln183 : 2
		zext_ln184 : 1
		state_addr_3 : 2
		state_load_2 : 3
	State 3
		zext_ln71 : 1
		sbox_addr : 2
		sbox_load : 3
	State 4
		store_ln184 : 1
	State 5
		icmp_ln199 : 1
		k : 1
		br_ln199 : 2
	State 6
	State 7
		sext_ln202 : 1
		icmp_ln202 : 1
		br_ln202 : 2
		j : 1
		sext_ln203 : 2
		zext_ln203 : 3
		state_addr_5 : 4
		state_load_1 : 5
	State 8
		state_addr_6 : 1
		store_ln203 : 2
	State 9
	State 10
		icmp_ln228 : 1
		i_6 : 1
		br_ln228 : 2
		zext_ln229 : 1
		state_addr_4 : 2
		state_load : 3
		roundKey_addr : 2
		roundKey_load : 3
	State 11
		xor_ln229 : 1
		store_ln229 : 1


============================================================
+ Verbose Summary: Datapath Resource usage 
============================================================

* Functional unit list:
|----------|-----------------------|---------|---------|---------|
| Operation|    Functional Unit    |  Delay  |    FF   |   LUT   |
|----------|-----------------------|---------|---------|---------|
|   call   | grp_mixColumns_fu_161 | 30.1187 |   950   |   1055  |
|----------|-----------------------|---------|---------|---------|
|          |        i_fu_173       |    0    |    0    |    15   |
|    add   |        k_fu_195       |    0    |    0    |    12   |
|          |        j_fu_211       |    0    |    0    |    12   |
|          |       i_6_fu_236      |    0    |    0    |    15   |
|----------|-----------------------|---------|---------|---------|
|          |   icmp_ln183_fu_167   |    0    |    0    |    11   |
|   icmp   |   icmp_ln199_fu_189   |    0    |    0    |    9    |
|          |   icmp_ln202_fu_205   |    0    |    0    |    9    |
|          |   icmp_ln228_fu_230   |    0    |    0    |    11   |
|----------|-----------------------|---------|---------|---------|
|    xor   |    xor_ln229_fu_248   |    0    |    0    |    8    |
|----------|-----------------------|---------|---------|---------|
|          |   zext_ln184_fu_179   |    0    |    0    |    0    |
|          |    zext_ln71_fu_184   |    0    |    0    |    0    |
|   zext   |   zext_ln203_fu_221   |    0    |    0    |    0    |
|          |  zext_ln203_1_fu_226  |    0    |    0    |    0    |
|          |   zext_ln229_fu_242   |    0    |    0    |    0    |
|----------|-----------------------|---------|---------|---------|
|   sext   |   sext_ln202_fu_201   |    0    |    0    |    0    |
|          |   sext_ln203_fu_217   |    0    |    0    |    0    |
|----------|-----------------------|---------|---------|---------|
|   Total  |                       | 30.1187 |   950   |   1157  |
|----------|-----------------------|---------|---------|---------|

Memories:
N/A

* Register list:
+---------------------+--------+
|                     |   FF   |
+---------------------+--------+
|    i_0_i4_reg_150   |    5   |
|    i_0_i_reg_117    |    5   |
|     i_6_reg_317     |    5   |
|      i_reg_258      |    5   |
|    j_0_i_reg_139    |    3   |
|      j_reg_304      |    3   |
|    k_0_i_reg_128    |    3   |
|      k_reg_286      |    3   |
|roundKey_addr_reg_327|    4   |
|  sbox_addr_reg_278  |    8   |
|  sext_ln202_reg_296 |    4   |
| state_addr_2_reg_273|    4   |
| state_addr_3_reg_263|    4   |
| state_addr_4_reg_322|    4   |
| state_addr_5_reg_309|    4   |
|  state_addr_reg_268 |    4   |
|     tmp_reg_291     |    8   |
+---------------------+--------+
|        Total        |   76   |
+---------------------+--------+

* Multiplexer (MUX) list: 
|-------------------|------|------|------|--------||---------||---------|
|        Comp       |  Pin | Size |  BW  | S x BW ||  Delay  ||   LUT   |
|-------------------|------|------|------|--------||---------||---------|
|  grp_access_fu_43 |  p0  |   9  |   4  |   36   ||    44   |
|  grp_access_fu_43 |  p1  |   4  |   8  |   32   ||    21   |
|  grp_access_fu_72 |  p0  |   2  |   8  |   16   ||    9    |
| grp_access_fu_111 |  p0  |   2  |   4  |    8   ||    9    |
|-------------------|------|------|------|--------||---------||---------|
|       Total       |      |      |      |   92   ||  7.4246 ||    83   |
|-------------------|------|------|------|--------||---------||---------|



* Summary:
+-----------+--------+--------+--------+
|           |  Delay |   FF   |   LUT  |
+-----------+--------+--------+--------+
|  Function |   30   |   950  |  1157  |
|   Memory  |    -   |    -   |    -   |
|Multiplexer|    7   |    -   |   83   |
|  Register |    -   |   76   |    -   |
+-----------+--------+--------+--------+
|   Total   |   37   |  1026  |  1240  |
+-----------+--------+--------+--------+
