

================================================================
== Vivado HLS Report for 'aes_invRound'
================================================================
* Date:           Thu Nov 14 13:05:35 2024

* Version:        2019.2 (Build 2704478 on Wed Nov 06 22:10:23 MST 2019)
* Project:        just_decrypt.prj
* Solution:       solution1
* Product family: zynq
* Target device:  xc7z020-clg484-1


================================================================
== Performance Estimates
================================================================
+ Timing: 
    * Summary: 
    +--------+----------+----------+------------+
    |  Clock |  Target  | Estimated| Uncertainty|
    +--------+----------+----------+------------+
    |ap_clk  | 10.00 ns | 5.634 ns |   1.25 ns  |
    +--------+----------+----------+------------+

+ Latency: 
    * Summary: 
    +---------+---------+----------+----------+-----+-----+---------+
    |  Latency (cycles) |  Latency (absolute) |  Interval | Pipeline|
    |   min   |   max   |    min   |    max   | min | max |   Type  |
    +---------+---------+----------+----------+-----+-----+---------+
    |      261|      261| 2.610 us | 2.610 us |  261|  261|   none  |
    +---------+---------+----------+----------+-----+-----+---------+

    + Detail: 
        * Instance: 
        +--------------------------+---------------+---------+---------+----------+----------+-----+-----+---------+
        |                          |               |  Latency (cycles) |  Latency (absolute) |  Interval | Pipeline|
        |         Instance         |     Module    |   min   |   max   |    min   |    max   | min | max |   Type  |
        +--------------------------+---------------+---------+---------+----------+----------+-----+-----+---------+
        |grp_invMixColumns_fu_161  |invMixColumns  |      141|      141| 1.410 us | 1.410 us |  141|  141|   none  |
        +--------------------------+---------------+---------+---------+----------+----------+-----+-----+---------+

        * Loop: 
        +-------------+---------+---------+----------+-----------+-----------+------+----------+
        |             |  Latency (cycles) | Iteration|  Initiation Interval  | Trip |          |
        |  Loop Name  |   min   |   max   |  Latency |  achieved |   target  | Count| Pipelined|
        +-------------+---------+---------+----------+-----------+-----------+------+----------+
        |- Loop 1     |       36|       36|         9|          -|          -|     4|    no    |
        | + Loop 1.1  |        6|        6|         2|          -|          -|     3|    no    |
        |- Loop 2     |       48|       48|         3|          -|          -|    16|    no    |
        |- Loop 3     |       32|       32|         2|          -|          -|    16|    no    |
        +-------------+---------+---------+----------+-----------+-----------+------+----------+



================================================================
== Utilization Estimates
================================================================
* Summary: 
+-----------------+---------+-------+--------+-------+-----+
|       Name      | BRAM_18K| DSP48E|   FF   |  LUT  | URAM|
+-----------------+---------+-------+--------+-------+-----+
|DSP              |        -|      -|       -|      -|    -|
|Expression       |        -|      -|       0|    102|    -|
|FIFO             |        -|      -|       -|      -|    -|
|Instance         |        -|      -|     834|   2327|    -|
|Memory           |        1|      -|       0|      0|    -|
|Multiplexer      |        -|      -|       -|    199|    -|
|Register         |        -|      -|      64|      -|    -|
+-----------------+---------+-------+--------+-------+-----+
|Total            |        1|      0|     898|   2628|    0|
+-----------------+---------+-------+--------+-------+-----+
|Available        |      280|    220|  106400|  53200|    0|
+-----------------+---------+-------+--------+-------+-----+
|Utilization (%)  |    ~0   |      0|   ~0   |      4|    0|
+-----------------+---------+-------+--------+-------+-----+

+ Detail: 
    * Instance: 
    +--------------------------+---------------+---------+-------+-----+------+-----+
    |         Instance         |     Module    | BRAM_18K| DSP48E|  FF |  LUT | URAM|
    +--------------------------+---------------+---------+-------+-----+------+-----+
    |grp_invMixColumns_fu_161  |invMixColumns  |        0|      0|  834|  2327|    0|
    +--------------------------+---------------+---------+-------+-----+------+-----+
    |Total                     |               |        0|      0|  834|  2327|    0|
    +--------------------------+---------------+---------+-------+-----+------+-----+

    * DSP48E: 
    N/A

    * Memory: 
    +---------+--------------------+---------+---+----+-----+------+-----+------+-------------+
    |  Memory |       Module       | BRAM_18K| FF| LUT| URAM| Words| Bits| Banks| W*Bits*Banks|
    +---------+--------------------+---------+---+----+-----+------+-----+------+-------------+
    |rsbox_U  |aes_invRound_rsbox  |        1|  0|   0|    0|   256|    8|     1|         2048|
    +---------+--------------------+---------+---+----+-----+------+-----+------+-------------+
    |Total    |                    |        1|  0|   0|    0|   256|    8|     1|         2048|
    +---------+--------------------+---------+---+----+-----+------+-----+------+-------------+

    * FIFO: 
    N/A

    * Expression: 
    +----------------------+----------+-------+---+----+------------+------------+
    |     Variable Name    | Operation| DSP48E| FF| LUT| Bitwidth P0| Bitwidth P1|
    +----------------------+----------+-------+---+----+------------+------------+
    |i_6_fu_236_p2         |     +    |      0|  0|  15|           5|           1|
    |i_fu_214_p2           |     +    |      0|  0|  15|           5|           1|
    |j_fu_189_p2           |     +    |      0|  0|  12|           3|           2|
    |k_fu_173_p2           |     +    |      0|  0|  12|           3|           1|
    |icmp_ln172_fu_230_p2  |   icmp   |      0|  0|  11|           5|           6|
    |icmp_ln213_fu_208_p2  |   icmp   |      0|  0|  11|           5|           6|
    |icmp_ln229_fu_167_p2  |   icmp   |      0|  0|   9|           3|           4|
    |icmp_ln232_fu_183_p2  |   icmp   |      0|  0|   9|           3|           4|
    |xor_ln173_fu_248_p2   |    xor   |      0|  0|   8|           8|           8|
    +----------------------+----------+-------+---+----+------------+------------+
    |Total                 |          |      0|  0| 102|          40|          33|
    +----------------------+----------+-------+---+----+------------+------------+

    * Multiplexer: 
    +----------------+----+-----------+-----+-----------+
    |      Name      | LUT| Input Size| Bits| Total Bits|
    +----------------+----+-----------+-----+-----------+
    |ap_NS_fsm       |  53|         12|    1|         12|
    |i_0_i4_reg_150  |   9|          2|    5|         10|
    |i_0_i_reg_139   |   9|          2|    5|         10|
    |j_0_i_reg_128   |   9|          2|    3|          6|
    |k_0_i_reg_117   |   9|          2|    3|          6|
    |state_address0  |  47|         10|    4|         40|
    |state_ce0       |  15|          3|    1|          3|
    |state_d0        |  33|          6|    8|         48|
    |state_we0       |  15|          3|    1|          3|
    +----------------+----+-----------+-----+-----------+
    |Total           | 199|         42|   31|        138|
    +----------------+----+-----------+-----+-----------+

    * Register: 
    +---------------------------------------+----+----+-----+-----------+
    |                  Name                 | FF | LUT| Bits| Const Bits|
    +---------------------------------------+----+----+-----+-----------+
    |ap_CS_fsm                              |  11|   0|   11|          0|
    |grp_invMixColumns_fu_161_ap_start_reg  |   1|   0|    1|          0|
    |i_0_i4_reg_150                         |   5|   0|    5|          0|
    |i_0_i_reg_139                          |   5|   0|    5|          0|
    |i_6_reg_317                            |   5|   0|    5|          0|
    |i_reg_299                              |   5|   0|    5|          0|
    |j_0_i_reg_128                          |   3|   0|    3|          0|
    |j_reg_286                              |   3|   0|    3|          0|
    |k_0_i_reg_117                          |   3|   0|    3|          0|
    |k_reg_268                              |   3|   0|    3|          0|
    |sext_ln232_reg_278                     |   4|   0|    4|          0|
    |state_addr_3_reg_304                   |   4|   0|    4|          0|
    |state_addr_6_reg_322                   |   4|   0|    4|          0|
    |tmp_reg_273                            |   8|   0|    8|          0|
    +---------------------------------------+----+----+-----+-----------+
    |Total                                  |  64|   0|   64|          0|
    +---------------------------------------+----+----+-----+-----------+



================================================================
== Interface
================================================================
* Summary: 
+-------------------+-----+-----+------------+--------------+--------------+
|     RTL Ports     | Dir | Bits|  Protocol  | Source Object|    C Type    |
+-------------------+-----+-----+------------+--------------+--------------+
|ap_clk             |  in |    1| ap_ctrl_hs | aes_invRound | return value |
|ap_rst             |  in |    1| ap_ctrl_hs | aes_invRound | return value |
|ap_start           |  in |    1| ap_ctrl_hs | aes_invRound | return value |
|ap_done            | out |    1| ap_ctrl_hs | aes_invRound | return value |
|ap_idle            | out |    1| ap_ctrl_hs | aes_invRound | return value |
|ap_ready           | out |    1| ap_ctrl_hs | aes_invRound | return value |
|state_address0     | out |    4|  ap_memory |     state    |     array    |
|state_ce0          | out |    1|  ap_memory |     state    |     array    |
|state_we0          | out |    1|  ap_memory |     state    |     array    |
|state_d0           | out |    8|  ap_memory |     state    |     array    |
|state_q0           |  in |    8|  ap_memory |     state    |     array    |
|roundKey_address0  | out |    4|  ap_memory |   roundKey   |     array    |
|roundKey_ce0       | out |    1|  ap_memory |   roundKey   |     array    |
|roundKey_q0        |  in |    8|  ap_memory |   roundKey   |     array    |
+-------------------+-----+-----+------------+--------------+--------------+

