

================================================================
== Vivado HLS Report for 'aes_invMain'
================================================================
* Date:           Thu Nov 14 13:05:35 2024

* Version:        2019.2 (Build 2704478 on Wed Nov 06 22:10:23 MST 2019)
* Project:        just_decrypt.prj
* Solution:       solution1
* Product family: zynq
* Target device:  xc7z020-clg484-1


================================================================
== Performance Estimates
================================================================
+ Timing: 
    * Summary: 
    +--------+----------+----------+------------+
    |  Clock |  Target  | Estimated| Uncertainty|
    +--------+----------+----------+------------+
    |ap_clk  | 10.00 ns | 6.923 ns |   1.25 ns  |
    +--------+----------+----------+------------+

+ Latency: 
    * Summary: 
    +---------+---------+-----------+-----------+------+------+---------+
    |  Latency (cycles) |   Latency (absolute)  |   Interval  | Pipeline|
    |   min   |   max   |    min    |    max    |  min |  max |   Type  |
    +---------+---------+-----------+-----------+------+------+---------+
    |     2991|     2991| 29.910 us | 29.910 us |  2991|  2991|   none  |
    +---------+---------+-----------+-----------+------+------+---------+

    + Detail: 
        * Instance: 
        +---------------------------+----------------+---------+---------+----------+----------+-----+-----+---------+
        |                           |                |  Latency (cycles) |  Latency (absolute) |  Interval | Pipeline|
        |          Instance         |     Module     |   min   |   max   |    min   |    max   | min | max |   Type  |
        +---------------------------+----------------+---------+---------+----------+----------+-----+-----+---------+
        |grp_aes_invRound_fu_219    |aes_invRound    |      261|      261| 2.610 us | 2.610 us |  261|  261|   none  |
        |grp_createRoundKey_fu_228  |createRoundKey  |       41|       41| 0.410 us | 0.410 us |   41|   41|   none  |
        +---------------------------+----------------+---------+---------+----------+----------+-----+-----+---------+

        * Loop: 
        +-------------+---------+---------+----------+-----------+-----------+------+----------+
        |             |  Latency (cycles) | Iteration|  Initiation Interval  | Trip |          |
        |  Loop Name  |   min   |   max   |  Latency |  achieved |   target  | Count| Pipelined|
        +-------------+---------+---------+----------+-----------+-----------+------+----------+
        |- Loop 1     |       32|       32|         2|          -|          -|    16|    no    |
        |- Loop 2     |     2754|     2754|       306|          -|          -|     9|    no    |
        |- Loop 3     |       36|       36|         9|          -|          -|     4|    no    |
        | + Loop 3.1  |        6|        6|         2|          -|          -|     3|    no    |
        |- Loop 4     |       48|       48|         3|          -|          -|    16|    no    |
        |- Loop 5     |       32|       32|         2|          -|          -|    16|    no    |
        +-------------+---------+---------+----------+-----------+-----------+------+----------+



================================================================
== Utilization Estimates
================================================================
* Summary: 
+-----------------+---------+-------+--------+-------+-----+
|       Name      | BRAM_18K| DSP48E|   FF   |  LUT  | URAM|
+-----------------+---------+-------+--------+-------+-----+
|DSP              |        -|      -|       -|      -|    -|
|Expression       |        -|      -|       0|    150|    -|
|FIFO             |        -|      -|       -|      -|    -|
|Instance         |        1|      -|     931|   2744|    -|
|Memory           |        1|      -|      16|      2|    0|
|Multiplexer      |        -|      -|       -|    365|    -|
|Register         |        -|      -|      98|      -|    -|
+-----------------+---------+-------+--------+-------+-----+
|Total            |        2|      0|    1045|   3261|    0|
+-----------------+---------+-------+--------+-------+-----+
|Available        |      280|    220|  106400|  53200|    0|
+-----------------+---------+-------+--------+-------+-----+
|Utilization (%)  |    ~0   |      0|   ~0   |      6|    0|
+-----------------+---------+-------+--------+-------+-----+

+ Detail: 
    * Instance: 
    +---------------------------+----------------+---------+-------+-----+------+-----+
    |          Instance         |     Module     | BRAM_18K| DSP48E|  FF |  LUT | URAM|
    +---------------------------+----------------+---------+-------+-----+------+-----+
    |grp_aes_invRound_fu_219    |aes_invRound    |        1|      0|  898|  2628|    0|
    |grp_createRoundKey_fu_228  |createRoundKey  |        0|      0|   33|   116|    0|
    +---------------------------+----------------+---------+-------+-----+------+-----+
    |Total                      |                |        1|      0|  931|  2744|    0|
    +---------------------------+----------------+---------+-------+-----+------+-----+

    * DSP48E: 
    N/A

    * Memory: 
    +------------+----------------------+---------+----+----+-----+------+-----+------+-------------+
    |   Memory   |        Module        | BRAM_18K| FF | LUT| URAM| Words| Bits| Banks| W*Bits*Banks|
    +------------+----------------------+---------+----+----+-----+------+-----+------+-------------+
    |roundKey_U  |aes_invMain_rounddEe  |        0|  16|   2|    0|    16|    8|     1|          128|
    |rsbox_U     |aes_invRound_rsbox    |        1|   0|   0|    0|   256|    8|     1|         2048|
    +------------+----------------------+---------+----+----+-----+------+-----+------+-------------+
    |Total       |                      |        1|  16|   2|    0|   272|   16|     2|         2176|
    +------------+----------------------+---------+----+----+-----+------+-----+------+-------------+

    * FIFO: 
    N/A

    * Expression: 
    +------------------------+----------+-------+---+----+------------+------------+
    |      Variable Name     | Operation| DSP48E| FF| LUT| Bitwidth P0| Bitwidth P1|
    +------------------------+----------+-------+---+----+------------+------------+
    |add_ln324_fu_283_p2     |     +    |      0|  0|  13|           4|           2|
    |i_7_fu_252_p2           |     +    |      0|  0|  15|           5|           1|
    |i_8_fu_336_p2           |     +    |      0|  0|  15|           5|           1|
    |i_9_fu_358_p2           |     +    |      0|  0|  15|           5|           1|
    |j_fu_311_p2             |     +    |      0|  0|  12|           3|           2|
    |k_fu_295_p2             |     +    |      0|  0|  12|           3|           1|
    |icmp_ln172_1_fu_352_p2  |   icmp   |      0|  0|  11|           5|           6|
    |icmp_ln172_fu_246_p2    |   icmp   |      0|  0|  11|           5|           6|
    |icmp_ln213_fu_330_p2    |   icmp   |      0|  0|  11|           5|           6|
    |icmp_ln229_fu_289_p2    |   icmp   |      0|  0|   9|           3|           4|
    |icmp_ln232_fu_305_p2    |   icmp   |      0|  0|   9|           3|           4|
    |icmp_ln324_fu_264_p2    |   icmp   |      0|  0|   9|           4|           1|
    |grp_fu_239_p2           |    xor   |      0|  0|   8|           8|           8|
    +------------------------+----------+-------+---+----+------------+------------+
    |Total                   |          |      0|  0| 150|          58|          43|
    +------------------------+----------+-------+---+----+------------+------------+

    * Multiplexer: 
    +-------------------------------+----+-----------+-----+-----------+
    |              Name             | LUT| Input Size| Bits| Total Bits|
    +-------------------------------+----+-----------+-----+-----------+
    |ap_NS_fsm                      |  93|         19|    1|         19|
    |expandedKey_ce0                |   9|          2|    1|          2|
    |grp_createRoundKey_fu_228_ptr  |  21|          4|    9|         36|
    |i_0_i4_reg_197                 |   9|          2|    5|         10|
    |i_0_i8_reg_208                 |   9|          2|    5|         10|
    |i_0_i_reg_153                  |   9|          2|    5|         10|
    |i_reg_164                      |   9|          2|    4|          8|
    |j_0_i_reg_186                  |   9|          2|    3|          6|
    |k_0_i_reg_175                  |   9|          2|    3|          6|
    |roundKey_address0              |  27|          5|    4|         20|
    |roundKey_ce0                   |  21|          4|    1|          4|
    |roundKey_we0                   |   9|          2|    1|          2|
    |rsbox_address0                 |  15|          3|    8|         24|
    |state_address0                 |  53|         12|    4|         48|
    |state_ce0                      |  15|          3|    1|          3|
    |state_d0                       |  33|          6|    8|         48|
    |state_we0                      |  15|          3|    1|          3|
    +-------------------------------+----+-----------+-----+-----------+
    |Total                          | 365|         75|   64|        259|
    +-------------------------------+----+-----------+-----+-----------+

    * Register: 
    +----------------------------------------+----+----+-----+-----------+
    |                  Name                  | FF | LUT| Bits| Const Bits|
    +----------------------------------------+----+----+-----+-----------+
    |add_ln324_reg_396                       |   4|   0|    4|          0|
    |ap_CS_fsm                               |  18|   0|   18|          0|
    |grp_aes_invRound_fu_219_ap_start_reg    |   1|   0|    1|          0|
    |grp_createRoundKey_fu_228_ap_start_reg  |   1|   0|    1|          0|
    |i_0_i4_reg_197                          |   5|   0|    5|          0|
    |i_0_i8_reg_208                          |   5|   0|    5|          0|
    |i_0_i_reg_153                           |   5|   0|    5|          0|
    |i_7_reg_373                             |   5|   0|    5|          0|
    |i_8_reg_445                             |   5|   0|    5|          0|
    |i_9_reg_463                             |   5|   0|    5|          0|
    |i_reg_164                               |   4|   0|    4|          0|
    |j_0_i_reg_186                           |   3|   0|    3|          0|
    |j_reg_432                               |   3|   0|    3|          0|
    |k_0_i_reg_175                           |   3|   0|    3|          0|
    |k_reg_414                               |   3|   0|    3|          0|
    |sext_ln232_reg_424                      |   4|   0|    4|          0|
    |state_addr_12_reg_468                   |   4|   0|    4|          0|
    |state_addr_9_reg_450                    |   4|   0|    4|          0|
    |state_addr_reg_378                      |   4|   0|    4|          0|
    |tmp_reg_419                             |   8|   0|    8|          0|
    |zext_ln326_reg_391                      |   4|   0|    9|          5|
    +----------------------------------------+----+----+-----+-----------+
    |Total                                   |  98|   0|  103|          5|
    +----------------------------------------+----+----+-----+-----------+



================================================================
== Interface
================================================================
* Summary: 
+----------------------+-----+-----+------------+--------------+--------------+
|       RTL Ports      | Dir | Bits|  Protocol  | Source Object|    C Type    |
+----------------------+-----+-----+------------+--------------+--------------+
|ap_clk                |  in |    1| ap_ctrl_hs |  aes_invMain | return value |
|ap_rst                |  in |    1| ap_ctrl_hs |  aes_invMain | return value |
|ap_start              |  in |    1| ap_ctrl_hs |  aes_invMain | return value |
|ap_done               | out |    1| ap_ctrl_hs |  aes_invMain | return value |
|ap_idle               | out |    1| ap_ctrl_hs |  aes_invMain | return value |
|ap_ready              | out |    1| ap_ctrl_hs |  aes_invMain | return value |
|state_address0        | out |    4|  ap_memory |     state    |     array    |
|state_ce0             | out |    1|  ap_memory |     state    |     array    |
|state_we0             | out |    1|  ap_memory |     state    |     array    |
|state_d0              | out |    8|  ap_memory |     state    |     array    |
|state_q0              |  in |    8|  ap_memory |     state    |     array    |
|expandedKey_address0  | out |    8|  ap_memory |  expandedKey |     array    |
|expandedKey_ce0       | out |    1|  ap_memory |  expandedKey |     array    |
|expandedKey_q0        |  in |    8|  ap_memory |  expandedKey |     array    |
+----------------------+-----+-----+------------+--------------+--------------+

