

================================================================
== Vivado HLS Report for 'aes_decrypt'
================================================================
* Date:           Thu Nov 14 13:05:36 2024

* Version:        2019.2 (Build 2704478 on Wed Nov 06 22:10:23 MST 2019)
* Project:        just_decrypt.prj
* Solution:       solution1
* Product family: zynq
* Target device:  xc7z020-clg484-1


================================================================
== Performance Estimates
================================================================
+ Timing: 
    * Summary: 
    +--------+----------+----------+------------+
    |  Clock |  Target  | Estimated| Uncertainty|
    +--------+----------+----------+------------+
    |ap_clk  | 10.00 ns | 7.498 ns |   1.25 ns  |
    +--------+----------+----------+------------+

+ Latency: 
    * Summary: 
    +---------+---------+-----------+-----------+------+------+---------+
    |  Latency (cycles) |   Latency (absolute)  |   Interval  | Pipeline|
    |   min   |   max   |    min    |    max    |  min |  max |   Type  |
    +---------+---------+-----------+-----------+------+------+---------+
    |     4074|     4754| 40.740 us | 47.540 us |  4074|  4754|   none  |
    +---------+---------+-----------+-----------+------+------+---------+

    + Detail: 
        * Instance: 
        +------------------------+-------------+---------+---------+-----------+-----------+------+------+---------+
        |                        |             |  Latency (cycles) |   Latency (absolute)  |   Interval  | Pipeline|
        |        Instance        |    Module   |   min   |   max   |    min    |    max    |  min |  max |   Type  |
        +------------------------+-------------+---------+---------+-----------+-----------+------+------+---------+
        |grp_aes_invMain_fu_133  |aes_invMain  |     2991|     2991| 29.910 us | 29.910 us |  2991|  2991|   none  |
        |grp_expandKey_fu_141    |expandKey    |      998|     1678|  9.980 us | 16.780 us |   998|  1678|   none  |
        +------------------------+-------------+---------+---------+-----------+-----------+------+------+---------+

        * Loop: 
        +-------------+---------+---------+----------+-----------+-----------+------+----------+
        |             |  Latency (cycles) | Iteration|  Initiation Interval  | Trip |          |
        |  Loop Name  |   min   |   max   |  Latency |  achieved |   target  | Count| Pipelined|
        +-------------+---------+---------+----------+-----------+-----------+------+----------+
        |- Loop 1     |       40|       40|        10|          -|          -|     4|    no    |
        | + Loop 1.1  |        8|        8|         2|          -|          -|     4|    no    |
        |- Loop 2     |       40|       40|        10|          -|          -|     4|    no    |
        | + Loop 2.1  |        8|        8|         2|          -|          -|     4|    no    |
        +-------------+---------+---------+----------+-----------+-----------+------+----------+



================================================================
== Utilization Estimates
================================================================
* Summary: 
+-----------------+---------+-------+--------+-------+-----+
|       Name      | BRAM_18K| DSP48E|   FF   |  LUT  | URAM|
+-----------------+---------+-------+--------+-------+-----+
|DSP              |        -|      -|       -|      -|    -|
|Expression       |        -|      -|       0|    136|    -|
|FIFO             |        -|      -|       -|      -|    -|
|Instance         |        4|      -|    1525|   4253|    0|
|Memory           |        1|      -|      16|      2|    0|
|Multiplexer      |        -|      -|       -|    191|    -|
|Register         |        -|      -|      54|      -|    -|
+-----------------+---------+-------+--------+-------+-----+
|Total            |        5|      0|    1595|   4582|    0|
+-----------------+---------+-------+--------+-------+-----+
|Available        |      280|    220|  106400|  53200|    0|
+-----------------+---------+-------+--------+-------+-----+
|Utilization (%)  |        1|      0|       1|      8|    0|
+-----------------+---------+-------+--------+-------+-----+

+ Detail: 
    * Instance: 
    +------------------------+-------------+---------+-------+------+------+-----+
    |        Instance        |    Module   | BRAM_18K| DSP48E|  FF  |  LUT | URAM|
    +------------------------+-------------+---------+-------+------+------+-----+
    |grp_aes_invMain_fu_133  |aes_invMain  |        2|      0|  1045|  3261|    0|
    |grp_expandKey_fu_141    |expandKey    |        2|      0|   480|   992|    0|
    +------------------------+-------------+---------+-------+------+------+-----+
    |Total                   |             |        4|      0|  1525|  4253|    0|
    +------------------------+-------------+---------+-------+------+------+-----+

    * DSP48E: 
    N/A

    * Memory: 
    +---------------+----------------------+---------+----+----+-----+------+-----+------+-------------+
    |     Memory    |        Module        | BRAM_18K| FF | LUT| URAM| Words| Bits| Banks| W*Bits*Banks|
    +---------------+----------------------+---------+----+----+-----+------+-----+------+-------------+
    |expandedKey_U  |aes_decrypt_expaneOg  |        1|   0|   0|    0|   176|    8|     1|         1408|
    |block_U        |aes_invMain_rounddEe  |        0|  16|   2|    0|    16|    8|     1|          128|
    +---------------+----------------------+---------+----+----+-----+------+-----+------+-------------+
    |Total          |                      |        1|  16|   2|    0|   192|   16|     2|         1536|
    +---------------+----------------------+---------+----+----+-----+------+-----+------+-------------+

    * FIFO: 
    N/A

    * Expression: 
    +-----------------------+----------+-------+---+----+------------+------------+
    |     Variable Name     | Operation| DSP48E| FF| LUT| Bitwidth P0| Bitwidth P1|
    +-----------------------+----------+-------+---+----+------------+------------+
    |add_ln368_1_fu_218_p2  |     +    |      0|  0|  13|           4|           4|
    |add_ln368_fu_196_p2    |     +    |      0|  0|  13|           4|           4|
    |add_ln382_1_fu_293_p2  |     +    |      0|  0|  13|           4|           4|
    |add_ln382_fu_283_p2    |     +    |      0|  0|  13|           4|           4|
    |i_10_fu_237_p2         |     +    |      0|  0|  12|           3|           1|
    |i_fu_162_p2            |     +    |      0|  0|  12|           3|           1|
    |j_3_fu_265_p2          |     +    |      0|  0|  12|           3|           1|
    |j_fu_190_p2            |     +    |      0|  0|  12|           3|           1|
    |icmp_ln364_fu_156_p2   |   icmp   |      0|  0|   9|           3|           4|
    |icmp_ln367_fu_184_p2   |   icmp   |      0|  0|   9|           3|           4|
    |icmp_ln378_fu_231_p2   |   icmp   |      0|  0|   9|           3|           4|
    |icmp_ln381_fu_259_p2   |   icmp   |      0|  0|   9|           3|           4|
    +-----------------------+----------+-------+---+----+------------+------------+
    |Total                  |          |      0|  0| 136|          40|          36|
    +-----------------------+----------+-------+---+----+------------+------------+

    * Multiplexer: 
    +----------------------+----+-----------+-----+-----------+
    |         Name         | LUT| Input Size| Bits| Total Bits|
    +----------------------+----+-----------+-----+-----------+
    |ap_NS_fsm             |  50|         11|    1|         11|
    |block_address0        |  21|          4|    4|         16|
    |block_ce0             |  15|          3|    1|          3|
    |block_d0              |  15|          3|    8|         24|
    |block_we0             |  15|          3|    1|          3|
    |expandedKey_address0  |  15|          3|    8|         24|
    |expandedKey_ce0       |  15|          3|    1|          3|
    |expandedKey_we0       |   9|          2|    1|          2|
    |i_0_reg_89            |   9|          2|    3|          6|
    |i_1_reg_111           |   9|          2|    3|          6|
    |j_0_reg_100           |   9|          2|    3|          6|
    |j_1_reg_122           |   9|          2|    3|          6|
    +----------------------+----+-----------+-----+-----------+
    |Total                 | 191|         40|   37|        110|
    +----------------------+----+-----------+-----+-----------+

    * Register: 
    +-------------------------------------+----+----+-----+-----------+
    |                 Name                | FF | LUT| Bits| Const Bits|
    +-------------------------------------+----+----+-----+-----------+
    |add_ln368_1_reg_333                  |   4|   0|    4|          0|
    |add_ln382_1_reg_369                  |   4|   0|    4|          0|
    |ap_CS_fsm                            |  10|   0|   10|          0|
    |grp_aes_invMain_fu_133_ap_start_reg  |   1|   0|    1|          0|
    |grp_expandKey_fu_141_ap_start_reg    |   1|   0|    1|          0|
    |i_0_reg_89                           |   3|   0|    3|          0|
    |i_10_reg_346                         |   3|   0|    3|          0|
    |i_1_reg_111                          |   3|   0|    3|          0|
    |i_reg_310                            |   3|   0|    3|          0|
    |j_0_reg_100                          |   3|   0|    3|          0|
    |j_1_reg_122                          |   3|   0|    3|          0|
    |j_3_reg_359                          |   3|   0|    3|          0|
    |j_reg_323                            |   3|   0|    3|          0|
    |shl_ln2_reg_351                      |   2|   0|    4|          2|
    |shl_ln_reg_315                       |   2|   0|    4|          2|
    |zext_ln364_reg_302                   |   3|   0|    4|          1|
    |zext_ln378_reg_338                   |   3|   0|    4|          1|
    +-------------------------------------+----+----+-----+-----------+
    |Total                                |  54|   0|   60|          6|
    +-------------------------------------+----+----+-----+-----------+



================================================================
== Interface
================================================================
* Summary: 
+-------------------+-----+-----+------------+--------------+--------------+
|     RTL Ports     | Dir | Bits|  Protocol  | Source Object|    C Type    |
+-------------------+-----+-----+------------+--------------+--------------+
|ap_clk             |  in |    1| ap_ctrl_hs |  aes_decrypt | return value |
|ap_rst             |  in |    1| ap_ctrl_hs |  aes_decrypt | return value |
|ap_start           |  in |    1| ap_ctrl_hs |  aes_decrypt | return value |
|ap_done            | out |    1| ap_ctrl_hs |  aes_decrypt | return value |
|ap_idle            | out |    1| ap_ctrl_hs |  aes_decrypt | return value |
|ap_ready           | out |    1| ap_ctrl_hs |  aes_decrypt | return value |
|input_r_address0   | out |    4|  ap_memory |    input_r   |     array    |
|input_r_ce0        | out |    1|  ap_memory |    input_r   |     array    |
|input_r_q0         |  in |    8|  ap_memory |    input_r   |     array    |
|output_r_address0  | out |    4|  ap_memory |   output_r   |     array    |
|output_r_ce0       | out |    1|  ap_memory |   output_r   |     array    |
|output_r_we0       | out |    1|  ap_memory |   output_r   |     array    |
|output_r_d0        | out |    8|  ap_memory |   output_r   |     array    |
|key_address0       | out |    4|  ap_memory |      key     |     array    |
|key_ce0            | out |    1|  ap_memory |      key     |     array    |
|key_q0             |  in |    8|  ap_memory |      key     |     array    |
+-------------------+-----+-----+------------+--------------+--------------+

