

================================================================
== Vivado HLS Report for 'decrypt_dut'
================================================================
* Date:           Thu Nov 14 13:05:36 2024

* Version:        2019.2 (Build 2704478 on Wed Nov 06 22:10:23 MST 2019)
* Project:        just_decrypt.prj
* Solution:       solution1
* Product family: zynq
* Target device:  xc7z020-clg484-1


================================================================
== Performance Estimates
================================================================
+ Timing: 
    * Summary: 
    +--------+----------+----------+------------+
    |  Clock |  Target  | Estimated| Uncertainty|
    +--------+----------+----------+------------+
    |ap_clk  | 10.00 ns | 7.498 ns |   1.25 ns  |
    +--------+----------+----------+------------+

+ Latency: 
    * Summary: 
    +---------+---------+-----------+-----------+------+------+---------+
    |  Latency (cycles) |   Latency (absolute)  |   Interval  | Pipeline|
    |   min   |   max   |    min    |    max    |  min |  max |   Type  |
    +---------+---------+-----------+-----------+------+------+---------+
    |     4075|     4755| 40.750 us | 47.550 us |  4075|  4755|   none  |
    +---------+---------+-----------+-----------+------+------+---------+

    + Detail: 
        * Instance: 
        +-----------------------+-------------+---------+---------+-----------+-----------+------+------+---------+
        |                       |             |  Latency (cycles) |   Latency (absolute)  |   Interval  | Pipeline|
        |        Instance       |    Module   |   min   |   max   |    min    |    max    |  min |  max |   Type  |
        +-----------------------+-------------+---------+---------+-----------+-----------+------+------+---------+
        |grp_aes_decrypt_fu_20  |aes_decrypt  |     4074|     4754| 40.740 us | 47.540 us |  4074|  4754|   none  |
        +-----------------------+-------------+---------+---------+-----------+-----------+------+------+---------+

        * Loop: 
        N/A



================================================================
== Utilization Estimates
================================================================
* Summary: 
+-----------------+---------+-------+--------+-------+-----+
|       Name      | BRAM_18K| DSP48E|   FF   |  LUT  | URAM|
+-----------------+---------+-------+--------+-------+-----+
|DSP              |        -|      -|       -|      -|    -|
|Expression       |        -|      -|       -|      -|    -|
|FIFO             |        -|      -|       -|      -|    -|
|Instance         |        5|      -|    1595|   4582|    0|
|Memory           |        -|      -|       -|      -|    -|
|Multiplexer      |        -|      -|       -|     15|    -|
|Register         |        -|      -|       3|      -|    -|
+-----------------+---------+-------+--------+-------+-----+
|Total            |        5|      0|    1598|   4597|    0|
+-----------------+---------+-------+--------+-------+-----+
|Available        |      280|    220|  106400|  53200|    0|
+-----------------+---------+-------+--------+-------+-----+
|Utilization (%)  |        1|      0|       1|      8|    0|
+-----------------+---------+-------+--------+-------+-----+

+ Detail: 
    * Instance: 
    +-----------------------+-------------+---------+-------+------+------+-----+
    |        Instance       |    Module   | BRAM_18K| DSP48E|  FF  |  LUT | URAM|
    +-----------------------+-------------+---------+-------+------+------+-----+
    |grp_aes_decrypt_fu_20  |aes_decrypt  |        5|      0|  1595|  4582|    0|
    +-----------------------+-------------+---------+-------+------+------+-----+
    |Total                  |             |        5|      0|  1595|  4582|    0|
    +-----------------------+-------------+---------+-------+------+------+-----+

    * DSP48E: 
    N/A

    * Memory: 
    N/A

    * FIFO: 
    N/A

    * Expression: 
    N/A

    * Multiplexer: 
    +-----------+----+-----------+-----+-----------+
    |    Name   | LUT| Input Size| Bits| Total Bits|
    +-----------+----+-----------+-----+-----------+
    |ap_NS_fsm  |  15|          3|    1|          3|
    +-----------+----+-----------+-----+-----------+
    |Total      |  15|          3|    1|          3|
    +-----------+----+-----------+-----+-----------+

    * Register: 
    +------------------------------------+---+----+-----+-----------+
    |                Name                | FF| LUT| Bits| Const Bits|
    +------------------------------------+---+----+-----+-----------+
    |ap_CS_fsm                           |  2|   0|    2|          0|
    |grp_aes_decrypt_fu_20_ap_start_reg  |  1|   0|    1|          0|
    +------------------------------------+---+----+-----+-----------+
    |Total                               |  3|   0|    3|          0|
    +------------------------------------+---+----+-----+-----------+



================================================================
== Interface
================================================================
* Summary: 
+-------------------+-----+-----+------------+--------------+--------------+
|     RTL Ports     | Dir | Bits|  Protocol  | Source Object|    C Type    |
+-------------------+-----+-----+------------+--------------+--------------+
|ap_clk             |  in |    1| ap_ctrl_hs |  decrypt_dut | return value |
|ap_rst             |  in |    1| ap_ctrl_hs |  decrypt_dut | return value |
|ap_start           |  in |    1| ap_ctrl_hs |  decrypt_dut | return value |
|ap_done            | out |    1| ap_ctrl_hs |  decrypt_dut | return value |
|ap_idle            | out |    1| ap_ctrl_hs |  decrypt_dut | return value |
|ap_ready           | out |    1| ap_ctrl_hs |  decrypt_dut | return value |
|input_r_address0   | out |    4|  ap_memory |    input_r   |     array    |
|input_r_ce0        | out |    1|  ap_memory |    input_r   |     array    |
|input_r_q0         |  in |    8|  ap_memory |    input_r   |     array    |
|output_r_address0  | out |    4|  ap_memory |   output_r   |     array    |
|output_r_ce0       | out |    1|  ap_memory |   output_r   |     array    |
|output_r_we0       | out |    1|  ap_memory |   output_r   |     array    |
|output_r_d0        | out |    8|  ap_memory |   output_r   |     array    |
|key_address0       | out |    4|  ap_memory |      key     |     array    |
|key_ce0            | out |    1|  ap_memory |      key     |     array    |
|key_q0             |  in |    8|  ap_memory |      key     |     array    |
+-------------------+-----+-----+------------+--------------+--------------+

