

================================================================
== Vivado HLS Report for 'galois_multiplicatio'
================================================================
* Date:           Thu Nov 14 13:05:35 2024

* Version:        2019.2 (Build 2704478 on Wed Nov 06 22:10:23 MST 2019)
* Project:        just_decrypt.prj
* Solution:       solution1
* Product family: zynq
* Target device:  xc7z020-clg484-1


================================================================
== Performance Estimates
================================================================
+ Timing: 
    * Summary: 
    +--------+----------+----------+------------+
    |  Clock |  Target  | Estimated| Uncertainty|
    +--------+----------+----------+------------+
    |ap_clk  | 10.00 ns | 1.769 ns |   1.25 ns  |
    +--------+----------+----------+------------+

+ Latency: 
    * Summary: 
    +---------+---------+-----------+-----------+-----+-----+---------+
    |  Latency (cycles) |   Latency (absolute)  |  Interval | Pipeline|
    |   min   |   max   |    min    |    max    | min | max |   Type  |
    +---------+---------+-----------+-----------+-----+-----+---------+
    |        9|        9| 90.000 ns | 90.000 ns |    9|    9|   none  |
    +---------+---------+-----------+-----------+-----+-----+---------+

    + Detail: 
        * Instance: 
        N/A

        * Loop: 
        +----------+---------+---------+----------+-----------+-----------+------+----------+
        |          |  Latency (cycles) | Iteration|  Initiation Interval  | Trip |          |
        | Loop Name|   min   |   max   |  Latency |  achieved |   target  | Count| Pipelined|
        +----------+---------+---------+----------+-----------+-----------+------+----------+
        |- Loop 1  |        8|        8|         1|          -|          -|     8|    no    |
        +----------+---------+---------+----------+-----------+-----------+------+----------+



================================================================
== Utilization Estimates
================================================================
* Summary: 
+-----------------+---------+-------+--------+-------+-----+
|       Name      | BRAM_18K| DSP48E|   FF   |  LUT  | URAM|
+-----------------+---------+-------+--------+-------+-----+
|DSP              |        -|      -|       -|      -|    -|
|Expression       |        -|      -|       0|     56|    -|
|FIFO             |        -|      -|       -|      -|    -|
|Instance         |        -|      -|       -|      -|    -|
|Memory           |        -|      -|       -|      -|    -|
|Multiplexer      |        -|      -|       -|     60|    -|
|Register         |        -|      -|      35|      -|    -|
+-----------------+---------+-------+--------+-------+-----+
|Total            |        0|      0|      35|    116|    0|
+-----------------+---------+-------+--------+-------+-----+
|Available        |      280|    220|  106400|  53200|    0|
+-----------------+---------+-------+--------+-------+-----+
|Utilization (%)  |        0|      0|   ~0   |   ~0  |    0|
+-----------------+---------+-------+--------+-------+-----+

+ Detail: 
    * Instance: 
    N/A

    * DSP48E: 
    N/A

    * Memory: 
    N/A

    * FIFO: 
    N/A

    * Expression: 
    +------------------------+----------+-------+---+----+------------+------------+
    |      Variable Name     | Operation| DSP48E| FF| LUT| Bitwidth P0| Bitwidth P1|
    +------------------------+----------+-------+---+----+------------+------------+
    |counter_fu_92_p2        |     +    |      0|  0|  13|           4|           1|
    |icmp_ln181_fu_86_p2     |   icmp   |      0|  0|  11|           4|           5|
    |select_ln183_fu_102_p3  |  select  |      0|  0|   8|           1|           8|
    |select_ln187_fu_136_p3  |  select  |      0|  0|   8|           1|           8|
    |xor_ln183_fu_110_p2     |    xor   |      0|  0|   8|           8|           8|
    |xor_ln188_fu_130_p2     |    xor   |      0|  0|   8|           8|           5|
    +------------------------+----------+-------+---+----+------------+------------+
    |Total                   |          |      0|  0|  56|          26|          35|
    +------------------------+----------+-------+---+----+------------+------------+

    * Multiplexer: 
    +-------------------+----+-----------+-----+-----------+
    |        Name       | LUT| Input Size| Bits| Total Bits|
    +-------------------+----+-----------+-----+-----------+
    |ap_NS_fsm          |  15|          3|    1|          3|
    |ap_return          |   9|          2|    8|         16|
    |b_assign_1_reg_68  |   9|          2|    5|         10|
    |counter_0_reg_46   |   9|          2|    4|          8|
    |p_0_7_reg_77       |   9|          2|    8|         16|
    |p_0_reg_57         |   9|          2|    8|         16|
    +-------------------+----+-----------+-----+-----------+
    |Total              |  60|         13|   34|         69|
    +-------------------+----+-----------+-----+-----------+

    * Register: 
    +-------------------+---+----+-----+-----------+
    |        Name       | FF| LUT| Bits| Const Bits|
    +-------------------+---+----+-----+-----------+
    |ap_CS_fsm          |  2|   0|    2|          0|
    |ap_return_preg     |  8|   0|    8|          0|
    |b_assign_1_reg_68  |  5|   0|    5|          0|
    |counter_0_reg_46   |  4|   0|    4|          0|
    |p_0_7_reg_77       |  8|   0|    8|          0|
    |p_0_reg_57         |  8|   0|    8|          0|
    +-------------------+---+----+-----+-----------+
    |Total              | 35|   0|   35|          0|
    +-------------------+---+----+-----+-----------+



================================================================
== Interface
================================================================
* Summary: 
+-----------+-----+-----+------------+----------------------+--------------+
| RTL Ports | Dir | Bits|  Protocol  |     Source Object    |    C Type    |
+-----------+-----+-----+------------+----------------------+--------------+
|ap_clk     |  in |    1| ap_ctrl_hs | galois_multiplicatio | return value |
|ap_rst     |  in |    1| ap_ctrl_hs | galois_multiplicatio | return value |
|ap_start   |  in |    1| ap_ctrl_hs | galois_multiplicatio | return value |
|ap_done    | out |    1| ap_ctrl_hs | galois_multiplicatio | return value |
|ap_idle    | out |    1| ap_ctrl_hs | galois_multiplicatio | return value |
|ap_ready   | out |    1| ap_ctrl_hs | galois_multiplicatio | return value |
|ap_return  | out |    8| ap_ctrl_hs | galois_multiplicatio | return value |
|a          |  in |    8|   ap_none  |           a          |    scalar    |
|b          |  in |    5|   ap_none  |           b          |    scalar    |
+-----------+-----+-----+------------+----------------------+--------------+

