
****** Vivado(TM) HLS - High-Level Synthesis from C, C++ and SystemC v2019.2 (64-bit)
  **** SW Build 2708876 on Wed Nov  6 21:39:14 MST 2019
  **** IP Build 2700528 on Thu Nov  7 00:09:20 MST 2019
    ** Copyright 1986-2019 Xilinx, Inc. All Rights Reserved.

source /opt/xilinx/Vivado/2019.2/scripts/vivado_hls/hls.tcl -notrace
INFO: Applying HLS Y2K22 patch v1.2 for IP revision
INFO: [HLS 200-10] Running '/opt/xilinx/Vivado/2019.2/bin/unwrapped/lnx64.o/vivado_hls'
INFO: [HLS 200-10] For user 'jjm469' on host 'en-ec-rhel-ecelinux-01.coecis.cornell.edu' (Linux_x86_64 version 4.18.0-553.27.1.el8_10.x86_64) on Fri Nov 15 14:03:43 EST 2024
INFO: [HLS 200-10] On os "Red Hat Enterprise Linux release 8.10 (Ootpa)"
INFO: [HLS 200-10] In directory '/home/jjm469/ece6775/final_project/repo/blowfish/blowfish_pure'
Sourcing Tcl script 'run.tcl'
INFO: [HLS 200-10] Opening and resetting project '/home/jjm469/ece6775/final_project/repo/blowfish/blowfish_pure/blowfish.prj'.
INFO: [HLS 200-10] Adding design file 'blowfish.cpp' to the project
INFO: [HLS 200-10] Adding design file 'blowfish.h' to the project
INFO: [HLS 200-10] Adding design file 'initial_data.h' to the project
INFO: [HLS 200-10] Adding test bench file 'test_vivado.cpp' to the project
INFO: [HLS 200-10] Opening and resetting solution '/home/jjm469/ece6775/final_project/repo/blowfish/blowfish_pure/blowfish.prj/solution1'.
INFO: [HLS 200-10] Cleaning up the solution database.
INFO: [HLS 200-10] Setting target device to 'xc7z020-clg484-1'
INFO: [SYN 201-201] Setting up clock 'default' with a period of 10ns.
INFO: [SIM 211-2] *************** CSIM start ***************
INFO: [SIM 211-4] CSIM will launch GCC as the compiler.
   Compiling ../../../../test_vivado.cpp in debug mode
   Compiling ../../../../blowfish.cpp in debug mode
   Generating csim.exe
Key: My Key!
Size of the key: 7 bytes
Original text: Tsisss?
Size of the plaintext: 7 bytes
INFO: [SIM 211-1] CSim done with 0 errors.
INFO: [SIM 211-3] *************** CSIM finish ***************
INFO: [SCHED 204-61] Option 'relax_ii_for_timing' is enabled, will increase II to preserve clock frequency constraints.
INFO: [HLS 200-10] Analyzing design file 'blowfish.cpp' ... 
INFO: [HLS 200-111] Finished Linking Time (s): cpu = 00:00:05 ; elapsed = 00:00:06 . Memory (MB): peak = 1168.148 ; gain = 530.125 ; free physical = 1057 ; free virtual = 27259
INFO: [HLS 200-111] Finished Checking Pragmas Time (s): cpu = 00:00:05 ; elapsed = 00:00:06 . Memory (MB): peak = 1168.148 ; gain = 530.125 ; free physical = 1057 ; free virtual = 27259
INFO: [HLS 200-10] Starting code transformations ...
INFO: [HLS 200-111] Finished Standard Transforms Time (s): cpu = 00:00:06 ; elapsed = 00:00:07 . Memory (MB): peak = 1168.148 ; gain = 530.125 ; free physical = 1057 ; free virtual = 27258
INFO: [HLS 200-10] Checking synthesizability ...
INFO: [XFORM 203-602] Inlining function 'Blowfish::Feistel' into 'Blowfish::sEncryptBlock' (blowfish.cpp:233) automatically.
INFO: [XFORM 203-602] Inlining function 'Blowfish::sEncryptBlock' into 'Blowfish::Encrypt' (blowfish.cpp:133) automatically.
INFO: [HLS 200-111] Finished Checking Synthesizability Time (s): cpu = 00:00:06 ; elapsed = 00:00:07 . Memory (MB): peak = 1168.148 ; gain = 530.125 ; free physical = 1056 ; free virtual = 27257
INFO: [XFORM 203-602] Inlining function 'Blowfish::Feistel' into 'Blowfish::sEncryptBlock' (blowfish.cpp:233) automatically.
INFO: [XFORM 203-602] Inlining function 'Blowfish::sEncryptBlock' into 'Blowfish::Encrypt' (blowfish.cpp:133) automatically.
INFO: [HLS 200-111] Finished Pre-synthesis Time (s): cpu = 00:00:06 ; elapsed = 00:00:07 . Memory (MB): peak = 1168.148 ; gain = 530.125 ; free physical = 1042 ; free virtual = 27243
INFO: [HLS 200-111] Finished Architecture Synthesis Time (s): cpu = 00:00:06 ; elapsed = 00:00:07 . Memory (MB): peak = 1168.148 ; gain = 530.125 ; free physical = 1041 ; free virtual = 27242
INFO: [HLS 200-10] Starting hardware synthesis ...
INFO: [HLS 200-10] Synthesizing 'Blowfish::Encrypt' ...
WARNING: [SYN 201-103] Top function name 'Blowfish::Encrypt' is not a legal RTL name.
WARNING: [SYN 201-103] Top function name 'Blowfish::Encrypt' is not a legal RTL name and is changed to 'Blowfish_Encrypt'; this may result in automatic C/RTL co-simulation failure.
INFO: [HLS 200-10] ----------------------------------------------------------------
INFO: [HLS 200-42] -- Implementing module 'Blowfish_Encrypt' 
INFO: [HLS 200-10] ----------------------------------------------------------------
INFO: [SCHED 204-11] Starting scheduling ...
INFO: [SCHED 204-11] Finished scheduling.
INFO: [HLS 200-111]  Elapsed time: 6.78 seconds; current allocated memory: 115.117 MB.
INFO: [BIND 205-100] Starting micro-architecture generation ...
INFO: [BIND 205-101] Performing variable lifetime analysis.
INFO: [BIND 205-101] Exploring resource sharing.
INFO: [BIND 205-101] Binding ...
INFO: [BIND 205-100] Finished micro-architecture generation.
INFO: [HLS 200-111]  Elapsed time: 0.04 seconds; current allocated memory: 115.502 MB.
INFO: [HLS 200-10] ----------------------------------------------------------------
INFO: [HLS 200-10] -- Generating RTL for module 'Blowfish_Encrypt' 
INFO: [HLS 200-10] ----------------------------------------------------------------
INFO: [RTGEN 206-500] Setting interface mode on port 'Blowfish_Encrypt/Blowfish_pary_s' to 'ap_memory'.
INFO: [RTGEN 206-500] Setting interface mode on port 'Blowfish_Encrypt/Blowfish_sbox_s' to 'ap_memory'.
INFO: [RTGEN 206-500] Setting interface mode on port 'Blowfish_Encrypt/dst' to 'ap_memory'.
INFO: [RTGEN 206-500] Setting interface mode on port 'Blowfish_Encrypt/src' to 'ap_memory'.
INFO: [RTGEN 206-500] Setting interface mode on function 'Blowfish_Encrypt' to 'ap_ctrl_hs'.
INFO: [SYN 201-210] Renamed object name 'Blowfish_Encrypt_pary_s' to 'Blowfish_Encrypt_bkb' due to the length limit 20
WARNING: [RTGEN 206-101] Port 'Blowfish_Encrypt/Blowfish_pary_s_address0' has no fanin or fanout and is left dangling.
               Please use C simulation to confirm this function argument can be read from or written to.
WARNING: [RTGEN 206-101] Setting dangling out port 'Blowfish_Encrypt/Blowfish_pary_s_address0' to 0.
WARNING: [RTGEN 206-101] Port 'Blowfish_Encrypt/Blowfish_pary_s_ce0' has no fanin or fanout and is left dangling.
               Please use C simulation to confirm this function argument can be read from or written to.
WARNING: [RTGEN 206-101] Setting dangling out port 'Blowfish_Encrypt/Blowfish_pary_s_ce0' to 0.
WARNING: [RTGEN 206-101] Port 'Blowfish_Encrypt/Blowfish_pary_s_we0' has no fanin or fanout and is left dangling.
               Please use C simulation to confirm this function argument can be read from or written to.
WARNING: [RTGEN 206-101] Setting dangling out port 'Blowfish_Encrypt/Blowfish_pary_s_we0' to 0.
WARNING: [RTGEN 206-101] Port 'Blowfish_Encrypt/Blowfish_pary_s_d0' has no fanin or fanout and is left dangling.
               Please use C simulation to confirm this function argument can be read from or written to.
WARNING: [RTGEN 206-101] Setting dangling out port 'Blowfish_Encrypt/Blowfish_pary_s_d0' to 0.
WARNING: [RTGEN 206-101] Port 'Blowfish_Encrypt/Blowfish_pary_s_q0' has no fanin or fanout and is left dangling.
               Please use C simulation to confirm this function argument can be read from or written to.
WARNING: [RTGEN 206-101] Port 'Blowfish_Encrypt/Blowfish_pary_s_address1' has no fanin or fanout and is left dangling.
               Please use C simulation to confirm this function argument can be read from or written to.
WARNING: [RTGEN 206-101] Setting dangling out port 'Blowfish_Encrypt/Blowfish_pary_s_address1' to 0.
WARNING: [RTGEN 206-101] Port 'Blowfish_Encrypt/Blowfish_pary_s_ce1' has no fanin or fanout and is left dangling.
               Please use C simulation to confirm this function argument can be read from or written to.
WARNING: [RTGEN 206-101] Setting dangling out port 'Blowfish_Encrypt/Blowfish_pary_s_ce1' to 0.
WARNING: [RTGEN 206-101] Port 'Blowfish_Encrypt/Blowfish_pary_s_we1' has no fanin or fanout and is left dangling.
               Please use C simulation to confirm this function argument can be read from or written to.
WARNING: [RTGEN 206-101] Setting dangling out port 'Blowfish_Encrypt/Blowfish_pary_s_we1' to 0.
WARNING: [RTGEN 206-101] Port 'Blowfish_Encrypt/Blowfish_pary_s_d1' has no fanin or fanout and is left dangling.
               Please use C simulation to confirm this function argument can be read from or written to.
WARNING: [RTGEN 206-101] Setting dangling out port 'Blowfish_Encrypt/Blowfish_pary_s_d1' to 0.
WARNING: [RTGEN 206-101] Port 'Blowfish_Encrypt/Blowfish_pary_s_q1' has no fanin or fanout and is left dangling.
               Please use C simulation to confirm this function argument can be read from or written to.
INFO: [RTGEN 206-100] Finished creating RTL model for 'Blowfish_Encrypt'.
INFO: [HLS 200-111]  Elapsed time: 0.08 seconds; current allocated memory: 116.212 MB.
INFO: [HLS 200-790] **** Loop Constraint Status: All loop constraints were satisfied.
INFO: [HLS 200-789] **** Estimated Fmax: 147.08 MHz
WARNING: [RTMG 210-274] Memory 'Blowfish_Encrypt_bkb' is read-only, switch it to a ROM.
INFO: [RTMG 210-279] Implementing memory 'Blowfish_Encrypt_bkb_rom' using distributed ROMs.
INFO: [HLS 200-111] Finished generating all RTL models Time (s): cpu = 00:00:06 ; elapsed = 00:00:08 . Memory (MB): peak = 1182.004 ; gain = 543.980 ; free physical = 1038 ; free virtual = 27241
INFO: [VHDL 208-304] Generating VHDL RTL for Blowfish_Encrypt.
INFO: [VLOG 209-307] Generating Verilog RTL for Blowfish_Encrypt.
INFO: [COSIM 212-47] Using XSIM for RTL simulation.
INFO: [COSIM 212-14] Instrumenting C test bench ...
ERROR: [COSIM 212-346] C test bench instrumentation failed: Cannot determine C object for RTL port Blowfish_pary_s.
ERROR: [COSIM 212-5] *** C/RTL co-simulation file generation failed. ***
ERROR: [COSIM 212-4] *** C/RTL co-simulation finished: FAIL ***
command 'ap_source' returned error code
    while executing
"source run.tcl"
    ("uplevel" body line 1)
    invoked from within
"uplevel \#0 [list source $arg] "

INFO: [HLS 200-112] Total elapsed time: 8.18 seconds; peak allocated memory: 116.212 MB.
INFO: [Common 17-206] Exiting vivado_hls at Fri Nov 15 14:03:51 2024...
