

================================================================
== Vivado HLS Report for 'aes_invRound'
================================================================
* Date:           Thu Nov 14 13:05:34 2024

* Version:        2019.2 (Build 2704478 on Wed Nov 06 22:10:23 MST 2019)
* Project:        just_decrypt.prj
* Solution:       solution1
* Product family: zynq
* Target device:  xc7z020-clg484-1


================================================================
== Performance Estimates
================================================================
+ Timing: 
    * Summary: 
    +--------+----------+----------+------------+
    |  Clock |  Target  | Estimated| Uncertainty|
    +--------+----------+----------+------------+
    |ap_clk  | 10.00 ns | 5.634 ns |   1.25 ns  |
    +--------+----------+----------+------------+

+ Latency: 
    * Summary: 
    +---------+---------+----------+----------+-----+-----+---------+
    |  Latency (cycles) |  Latency (absolute) |  Interval | Pipeline|
    |   min   |   max   |    min   |    max   | min | max |   Type  |
    +---------+---------+----------+----------+-----+-----+---------+
    |      261|      261| 2.610 us | 2.610 us |  261|  261|   none  |
    +---------+---------+----------+----------+-----+-----+---------+

    + Detail: 
        * Instance: 
        N/A

        * Loop: 
        +-------------+---------+---------+----------+-----------+-----------+------+----------+
        |             |  Latency (cycles) | Iteration|  Initiation Interval  | Trip |          |
        |  Loop Name  |   min   |   max   |  Latency |  achieved |   target  | Count| Pipelined|
        +-------------+---------+---------+----------+-----------+-----------+------+----------+
        |- Loop 1     |       36|       36|         9|          -|          -|     4|    no    |
        | + Loop 1.1  |        6|        6|         2|          -|          -|     3|    no    |
        |- Loop 2     |       48|       48|         3|          -|          -|    16|    no    |
        |- Loop 3     |       32|       32|         2|          -|          -|    16|    no    |
        +-------------+---------+---------+----------+-----------+-----------+------+----------+

============================================================
+ Verbose Summary: Synthesis Manager
============================================================
InlineROM: 1
ExposeGlobal: 0
============================================================
+ Verbose Summary: CDFG Model
============================================================
IsTopModel: 0
ResetActiveHigh: 1
IsCombinational: 0
IsDatapathOnly: 0
HasWiredReturn: 1
HasMFsm: 0
HasVarLatency: 1
IsPipeline: 0
IsRtlPipelined: 0
IsInstanceOverlapped: 0
IsDontTouch: 0
HasImplIP: 0
IsGatedGlobalClock: 0


============================================================
+ Verbose Summary: Schedule
============================================================
* Number of FSM states : 11
* Pipeline : 0
* Dataflow Pipeline: 0

* FSM state transitions: 
1 --> 2 
2 --> 3 6 
3 --> 4 
4 --> 5 2 
5 --> 4 
6 --> 7 9 
7 --> 8 
8 --> 6 
9 --> 10 11 
10 --> 9 
11 --> 

* FSM state operations: 

State 1 <SV = 0> <Delay = 1.76>
ST_1 : Operation 12 [1/1] (0.00ns)   --->   "%state_addr = getelementptr [16 x i8]* %state, i64 0, i64 15" [just_decrypt.cpp:231->just_decrypt.cpp:309]   --->   Operation 12 'getelementptr' 'state_addr' <Predicate = true> <Delay = 0.00>
ST_1 : Operation 13 [1/1] (0.00ns)   --->   "%state_addr_2 = getelementptr [16 x i8]* %state, i64 0, i64 12" [just_decrypt.cpp:234->just_decrypt.cpp:309]   --->   Operation 13 'getelementptr' 'state_addr_2' <Predicate = true> <Delay = 0.00>
ST_1 : Operation 14 [1/1] (1.76ns)   --->   "br label %.preheader.i" [just_decrypt.cpp:229->just_decrypt.cpp:309]   --->   Operation 14 'br' <Predicate = true> <Delay = 1.76>

State 2 <SV = 1> <Delay = 2.32>
ST_2 : Operation 15 [1/1] (0.00ns)   --->   "%k_0_i = phi i3 [ %k, %4 ], [ 0, %0 ]"   --->   Operation 15 'phi' 'k_0_i' <Predicate = true> <Delay = 0.00>
ST_2 : Operation 16 [1/1] (1.13ns)   --->   "%icmp_ln229 = icmp eq i3 %k_0_i, -4" [just_decrypt.cpp:229->just_decrypt.cpp:309]   --->   Operation 16 'icmp' 'icmp_ln229' <Predicate = true> <Delay = 1.13> <Core = "Cmp">   --->   Core 25 'Cmp' <Latency = 0> <II = 1> <Delay = 1.36> <FuncUnit> <Opcode : 'icmp'> <InPorts = 2> <OutPorts = 1>
ST_2 : Operation 17 [1/1] (0.00ns)   --->   "%empty = call i32 (...)* @_ssdm_op_SpecLoopTripCount(i64 4, i64 4, i64 4)"   --->   Operation 17 'speclooptripcount' 'empty' <Predicate = true> <Delay = 0.00>
ST_2 : Operation 18 [1/1] (1.65ns)   --->   "%k = add i3 %k_0_i, 1" [just_decrypt.cpp:229->just_decrypt.cpp:309]   --->   Operation 18 'add' 'k' <Predicate = true> <Delay = 1.65> <Core = "AddSub">   --->   Core 14 'AddSub' <Latency = 0> <II = 1> <Delay = 1.78> <FuncUnit> <Opcode : 'add' 'sub'> <InPorts = 2> <OutPorts = 1>
ST_2 : Operation 19 [1/1] (0.00ns)   --->   "br i1 %icmp_ln229, label %invShiftRows.exit.preheader, label %1" [just_decrypt.cpp:229->just_decrypt.cpp:309]   --->   Operation 19 'br' <Predicate = true> <Delay = 0.00>
ST_2 : Operation 20 [2/2] (2.32ns)   --->   "%tmp = load i8* %state_addr, align 1" [just_decrypt.cpp:231->just_decrypt.cpp:309]   --->   Operation 20 'load' 'tmp' <Predicate = (!icmp_ln229)> <Delay = 2.32> <Core = "RAM">   --->   Core 37 'RAM' <Latency = 1> <II = 1> <Delay = 2.32> <Storage> <Opcode : 'load' 'store'> <Ports = 2> <Width = 8> <Depth = 16> <RAM>
ST_2 : Operation 21 [1/1] (1.76ns)   --->   "br label %invShiftRows.exit" [just_decrypt.cpp:213->just_decrypt.cpp:310]   --->   Operation 21 'br' <Predicate = (icmp_ln229)> <Delay = 1.76>

State 3 <SV = 2> <Delay = 2.32>
ST_3 : Operation 22 [1/2] (2.32ns)   --->   "%tmp = load i8* %state_addr, align 1" [just_decrypt.cpp:231->just_decrypt.cpp:309]   --->   Operation 22 'load' 'tmp' <Predicate = true> <Delay = 2.32> <Core = "RAM">   --->   Core 37 'RAM' <Latency = 1> <II = 1> <Delay = 2.32> <Storage> <Opcode : 'load' 'store'> <Ports = 2> <Width = 8> <Depth = 16> <RAM>
ST_3 : Operation 23 [1/1] (1.76ns)   --->   "br label %2" [just_decrypt.cpp:232->just_decrypt.cpp:309]   --->   Operation 23 'br' <Predicate = true> <Delay = 1.76>

State 4 <SV = 3> <Delay = 3.97>
ST_4 : Operation 24 [1/1] (0.00ns)   --->   "%j_0_i = phi i3 [ -1, %1 ], [ %j, %3 ]"   --->   Operation 24 'phi' 'j_0_i' <Predicate = true> <Delay = 0.00>
ST_4 : Operation 25 [1/1] (0.00ns)   --->   "%sext_ln232 = sext i3 %j_0_i to i4" [just_decrypt.cpp:232->just_decrypt.cpp:309]   --->   Operation 25 'sext' 'sext_ln232' <Predicate = true> <Delay = 0.00>
ST_4 : Operation 26 [1/1] (1.13ns)   --->   "%icmp_ln232 = icmp ugt i3 %j_0_i, -4" [just_decrypt.cpp:232->just_decrypt.cpp:309]   --->   Operation 26 'icmp' 'icmp_ln232' <Predicate = true> <Delay = 1.13> <Core = "Cmp">   --->   Core 25 'Cmp' <Latency = 0> <II = 1> <Delay = 1.36> <FuncUnit> <Opcode : 'icmp'> <InPorts = 2> <OutPorts = 1>
ST_4 : Operation 27 [1/1] (0.00ns)   --->   "%empty_19 = call i32 (...)* @_ssdm_op_SpecLoopTripCount(i64 3, i64 3, i64 3)"   --->   Operation 27 'speclooptripcount' 'empty_19' <Predicate = true> <Delay = 0.00>
ST_4 : Operation 28 [1/1] (0.00ns)   --->   "br i1 %icmp_ln232, label %3, label %4" [just_decrypt.cpp:232->just_decrypt.cpp:309]   --->   Operation 28 'br' <Predicate = true> <Delay = 0.00>
ST_4 : Operation 29 [1/1] (1.65ns)   --->   "%j = add i3 %j_0_i, -1" [just_decrypt.cpp:233->just_decrypt.cpp:309]   --->   Operation 29 'add' 'j' <Predicate = (icmp_ln232)> <Delay = 1.65> <Core = "AddSub">   --->   Core 14 'AddSub' <Latency = 0> <II = 1> <Delay = 1.78> <FuncUnit> <Opcode : 'add' 'sub'> <InPorts = 2> <OutPorts = 1>
ST_4 : Operation 30 [1/1] (0.00ns)   --->   "%sext_ln233 = sext i3 %j to i4" [just_decrypt.cpp:233->just_decrypt.cpp:309]   --->   Operation 30 'sext' 'sext_ln233' <Predicate = (icmp_ln232)> <Delay = 0.00>
ST_4 : Operation 31 [1/1] (0.00ns)   --->   "%zext_ln233 = zext i4 %sext_ln233 to i64" [just_decrypt.cpp:233->just_decrypt.cpp:309]   --->   Operation 31 'zext' 'zext_ln233' <Predicate = (icmp_ln232)> <Delay = 0.00>
ST_4 : Operation 32 [1/1] (0.00ns)   --->   "%state_addr_4 = getelementptr [16 x i8]* %state, i64 0, i64 %zext_ln233" [just_decrypt.cpp:233->just_decrypt.cpp:309]   --->   Operation 32 'getelementptr' 'state_addr_4' <Predicate = (icmp_ln232)> <Delay = 0.00>
ST_4 : Operation 33 [2/2] (2.32ns)   --->   "%state_load = load i8* %state_addr_4, align 1" [just_decrypt.cpp:233->just_decrypt.cpp:309]   --->   Operation 33 'load' 'state_load' <Predicate = (icmp_ln232)> <Delay = 2.32> <Core = "RAM">   --->   Core 37 'RAM' <Latency = 1> <II = 1> <Delay = 2.32> <Storage> <Opcode : 'load' 'store'> <Ports = 2> <Width = 8> <Depth = 16> <RAM>
ST_4 : Operation 34 [1/1] (2.32ns)   --->   "store i8 %tmp, i8* %state_addr_2, align 1" [just_decrypt.cpp:234->just_decrypt.cpp:309]   --->   Operation 34 'store' <Predicate = (!icmp_ln232)> <Delay = 2.32> <Core = "RAM">   --->   Core 37 'RAM' <Latency = 1> <II = 1> <Delay = 2.32> <Storage> <Opcode : 'load' 'store'> <Ports = 2> <Width = 8> <Depth = 16> <RAM>
ST_4 : Operation 35 [1/1] (0.00ns)   --->   "br label %.preheader.i" [just_decrypt.cpp:229->just_decrypt.cpp:309]   --->   Operation 35 'br' <Predicate = (!icmp_ln232)> <Delay = 0.00>

State 5 <SV = 4> <Delay = 4.64>
ST_5 : Operation 36 [1/2] (2.32ns)   --->   "%state_load = load i8* %state_addr_4, align 1" [just_decrypt.cpp:233->just_decrypt.cpp:309]   --->   Operation 36 'load' 'state_load' <Predicate = true> <Delay = 2.32> <Core = "RAM">   --->   Core 37 'RAM' <Latency = 1> <II = 1> <Delay = 2.32> <Storage> <Opcode : 'load' 'store'> <Ports = 2> <Width = 8> <Depth = 16> <RAM>
ST_5 : Operation 37 [1/1] (0.00ns)   --->   "%zext_ln233_1 = zext i4 %sext_ln232 to i64" [just_decrypt.cpp:233->just_decrypt.cpp:309]   --->   Operation 37 'zext' 'zext_ln233_1' <Predicate = true> <Delay = 0.00>
ST_5 : Operation 38 [1/1] (0.00ns)   --->   "%state_addr_5 = getelementptr [16 x i8]* %state, i64 0, i64 %zext_ln233_1" [just_decrypt.cpp:233->just_decrypt.cpp:309]   --->   Operation 38 'getelementptr' 'state_addr_5' <Predicate = true> <Delay = 0.00>
ST_5 : Operation 39 [1/1] (2.32ns)   --->   "store i8 %state_load, i8* %state_addr_5, align 1" [just_decrypt.cpp:233->just_decrypt.cpp:309]   --->   Operation 39 'store' <Predicate = true> <Delay = 2.32> <Core = "RAM">   --->   Core 37 'RAM' <Latency = 1> <II = 1> <Delay = 2.32> <Storage> <Opcode : 'load' 'store'> <Ports = 2> <Width = 8> <Depth = 16> <RAM>
ST_5 : Operation 40 [1/1] (0.00ns)   --->   "br label %2" [just_decrypt.cpp:232->just_decrypt.cpp:309]   --->   Operation 40 'br' <Predicate = true> <Delay = 0.00>

State 6 <SV = 2> <Delay = 2.32>
ST_6 : Operation 41 [1/1] (0.00ns)   --->   "%i_0_i = phi i5 [ %i, %5 ], [ 0, %invShiftRows.exit.preheader ]"   --->   Operation 41 'phi' 'i_0_i' <Predicate = true> <Delay = 0.00>
ST_6 : Operation 42 [1/1] (1.36ns)   --->   "%icmp_ln213 = icmp eq i5 %i_0_i, -16" [just_decrypt.cpp:213->just_decrypt.cpp:310]   --->   Operation 42 'icmp' 'icmp_ln213' <Predicate = true> <Delay = 1.36> <Core = "Cmp">   --->   Core 25 'Cmp' <Latency = 0> <II = 1> <Delay = 1.36> <FuncUnit> <Opcode : 'icmp'> <InPorts = 2> <OutPorts = 1>
ST_6 : Operation 43 [1/1] (0.00ns)   --->   "%empty_20 = call i32 (...)* @_ssdm_op_SpecLoopTripCount(i64 16, i64 16, i64 16)"   --->   Operation 43 'speclooptripcount' 'empty_20' <Predicate = true> <Delay = 0.00>
ST_6 : Operation 44 [1/1] (1.78ns)   --->   "%i = add i5 %i_0_i, 1" [just_decrypt.cpp:213->just_decrypt.cpp:310]   --->   Operation 44 'add' 'i' <Predicate = true> <Delay = 1.78> <Core = "AddSub">   --->   Core 14 'AddSub' <Latency = 0> <II = 1> <Delay = 1.78> <FuncUnit> <Opcode : 'add' 'sub'> <InPorts = 2> <OutPorts = 1>
ST_6 : Operation 45 [1/1] (0.00ns)   --->   "br i1 %icmp_ln213, label %invSubBytes.exit.preheader, label %5" [just_decrypt.cpp:213->just_decrypt.cpp:310]   --->   Operation 45 'br' <Predicate = true> <Delay = 0.00>
ST_6 : Operation 46 [1/1] (0.00ns)   --->   "%zext_ln214 = zext i5 %i_0_i to i64" [just_decrypt.cpp:214->just_decrypt.cpp:310]   --->   Operation 46 'zext' 'zext_ln214' <Predicate = (!icmp_ln213)> <Delay = 0.00>
ST_6 : Operation 47 [1/1] (0.00ns)   --->   "%state_addr_3 = getelementptr [16 x i8]* %state, i64 0, i64 %zext_ln214" [just_decrypt.cpp:214->just_decrypt.cpp:310]   --->   Operation 47 'getelementptr' 'state_addr_3' <Predicate = (!icmp_ln213)> <Delay = 0.00>
ST_6 : Operation 48 [2/2] (2.32ns)   --->   "%state_load_3 = load i8* %state_addr_3, align 1" [just_decrypt.cpp:214->just_decrypt.cpp:310]   --->   Operation 48 'load' 'state_load_3' <Predicate = (!icmp_ln213)> <Delay = 2.32> <Core = "RAM">   --->   Core 37 'RAM' <Latency = 1> <II = 1> <Delay = 2.32> <Storage> <Opcode : 'load' 'store'> <Ports = 2> <Width = 8> <Depth = 16> <RAM>
ST_6 : Operation 49 [1/1] (1.76ns)   --->   "br label %invSubBytes.exit" [just_decrypt.cpp:172->just_decrypt.cpp:311]   --->   Operation 49 'br' <Predicate = (icmp_ln213)> <Delay = 1.76>

State 7 <SV = 3> <Delay = 5.57>
ST_7 : Operation 50 [1/2] (2.32ns)   --->   "%state_load_3 = load i8* %state_addr_3, align 1" [just_decrypt.cpp:214->just_decrypt.cpp:310]   --->   Operation 50 'load' 'state_load_3' <Predicate = true> <Delay = 2.32> <Core = "RAM">   --->   Core 37 'RAM' <Latency = 1> <II = 1> <Delay = 2.32> <Storage> <Opcode : 'load' 'store'> <Ports = 2> <Width = 8> <Depth = 16> <RAM>
ST_7 : Operation 51 [1/1] (0.00ns)   --->   "%zext_ln69 = zext i8 %state_load_3 to i64" [just_decrypt.cpp:69->just_decrypt.cpp:214->just_decrypt.cpp:310]   --->   Operation 51 'zext' 'zext_ln69' <Predicate = true> <Delay = 0.00>
ST_7 : Operation 52 [1/1] (0.00ns)   --->   "%rsbox_addr = getelementptr inbounds [256 x i8]* @rsbox, i64 0, i64 %zext_ln69" [just_decrypt.cpp:69->just_decrypt.cpp:214->just_decrypt.cpp:310]   --->   Operation 52 'getelementptr' 'rsbox_addr' <Predicate = true> <Delay = 0.00>
ST_7 : Operation 53 [2/2] (3.25ns)   --->   "%rsbox_load = load i8* %rsbox_addr, align 1" [just_decrypt.cpp:69->just_decrypt.cpp:214->just_decrypt.cpp:310]   --->   Operation 53 'load' 'rsbox_load' <Predicate = true> <Delay = 3.25> <Core = "ROM_nP">   --->   Core 52 'ROM_nP' <Latency = 1> <II = 1> <Delay = 3.25> <Storage> <Opcode : 'load'> <Ports = 0> <Width = 8> <Depth = 256> <ROM>

State 8 <SV = 4> <Delay = 5.57>
ST_8 : Operation 54 [1/2] (3.25ns)   --->   "%rsbox_load = load i8* %rsbox_addr, align 1" [just_decrypt.cpp:69->just_decrypt.cpp:214->just_decrypt.cpp:310]   --->   Operation 54 'load' 'rsbox_load' <Predicate = true> <Delay = 3.25> <Core = "ROM_nP">   --->   Core 52 'ROM_nP' <Latency = 1> <II = 1> <Delay = 3.25> <Storage> <Opcode : 'load'> <Ports = 0> <Width = 8> <Depth = 256> <ROM>
ST_8 : Operation 55 [1/1] (2.32ns)   --->   "store i8 %rsbox_load, i8* %state_addr_3, align 1" [just_decrypt.cpp:214->just_decrypt.cpp:310]   --->   Operation 55 'store' <Predicate = true> <Delay = 2.32> <Core = "RAM">   --->   Core 37 'RAM' <Latency = 1> <II = 1> <Delay = 2.32> <Storage> <Opcode : 'load' 'store'> <Ports = 2> <Width = 8> <Depth = 16> <RAM>
ST_8 : Operation 56 [1/1] (0.00ns)   --->   "br label %invShiftRows.exit" [just_decrypt.cpp:213->just_decrypt.cpp:310]   --->   Operation 56 'br' <Predicate = true> <Delay = 0.00>

State 9 <SV = 3> <Delay = 2.32>
ST_9 : Operation 57 [1/1] (0.00ns)   --->   "%i_0_i4 = phi i5 [ %i_6, %6 ], [ 0, %invSubBytes.exit.preheader ]"   --->   Operation 57 'phi' 'i_0_i4' <Predicate = true> <Delay = 0.00>
ST_9 : Operation 58 [1/1] (1.36ns)   --->   "%icmp_ln172 = icmp eq i5 %i_0_i4, -16" [just_decrypt.cpp:172->just_decrypt.cpp:311]   --->   Operation 58 'icmp' 'icmp_ln172' <Predicate = true> <Delay = 1.36> <Core = "Cmp">   --->   Core 25 'Cmp' <Latency = 0> <II = 1> <Delay = 1.36> <FuncUnit> <Opcode : 'icmp'> <InPorts = 2> <OutPorts = 1>
ST_9 : Operation 59 [1/1] (0.00ns)   --->   "%empty_21 = call i32 (...)* @_ssdm_op_SpecLoopTripCount(i64 16, i64 16, i64 16)"   --->   Operation 59 'speclooptripcount' 'empty_21' <Predicate = true> <Delay = 0.00>
ST_9 : Operation 60 [1/1] (1.78ns)   --->   "%i_6 = add i5 %i_0_i4, 1" [just_decrypt.cpp:172->just_decrypt.cpp:311]   --->   Operation 60 'add' 'i_6' <Predicate = true> <Delay = 1.78> <Core = "AddSub">   --->   Core 14 'AddSub' <Latency = 0> <II = 1> <Delay = 1.78> <FuncUnit> <Opcode : 'add' 'sub'> <InPorts = 2> <OutPorts = 1>
ST_9 : Operation 61 [1/1] (0.00ns)   --->   "br i1 %icmp_ln172, label %addRoundKey.exit, label %6" [just_decrypt.cpp:172->just_decrypt.cpp:311]   --->   Operation 61 'br' <Predicate = true> <Delay = 0.00>
ST_9 : Operation 62 [1/1] (0.00ns)   --->   "%zext_ln173 = zext i5 %i_0_i4 to i64" [just_decrypt.cpp:173->just_decrypt.cpp:311]   --->   Operation 62 'zext' 'zext_ln173' <Predicate = (!icmp_ln172)> <Delay = 0.00>
ST_9 : Operation 63 [1/1] (0.00ns)   --->   "%state_addr_6 = getelementptr [16 x i8]* %state, i64 0, i64 %zext_ln173" [just_decrypt.cpp:173->just_decrypt.cpp:311]   --->   Operation 63 'getelementptr' 'state_addr_6' <Predicate = (!icmp_ln172)> <Delay = 0.00>
ST_9 : Operation 64 [2/2] (2.32ns)   --->   "%state_load_1 = load i8* %state_addr_6, align 1" [just_decrypt.cpp:173->just_decrypt.cpp:311]   --->   Operation 64 'load' 'state_load_1' <Predicate = (!icmp_ln172)> <Delay = 2.32> <Core = "RAM">   --->   Core 37 'RAM' <Latency = 1> <II = 1> <Delay = 2.32> <Storage> <Opcode : 'load' 'store'> <Ports = 2> <Width = 8> <Depth = 16> <RAM>
ST_9 : Operation 65 [1/1] (0.00ns)   --->   "%roundKey_addr = getelementptr [16 x i8]* %roundKey, i64 0, i64 %zext_ln173" [just_decrypt.cpp:173->just_decrypt.cpp:311]   --->   Operation 65 'getelementptr' 'roundKey_addr' <Predicate = (!icmp_ln172)> <Delay = 0.00>
ST_9 : Operation 66 [2/2] (2.32ns)   --->   "%roundKey_load = load i8* %roundKey_addr, align 1" [just_decrypt.cpp:173->just_decrypt.cpp:311]   --->   Operation 66 'load' 'roundKey_load' <Predicate = (!icmp_ln172)> <Delay = 2.32> <Core = "RAM">   --->   Core 37 'RAM' <Latency = 1> <II = 1> <Delay = 2.32> <Storage> <Opcode : 'load' 'store'> <Ports = 2> <Width = 8> <Depth = 16> <RAM>
ST_9 : Operation 67 [2/2] (0.00ns)   --->   "call fastcc void @invMixColumns([16 x i8]* %state)" [just_decrypt.cpp:312]   --->   Operation 67 'call' <Predicate = (icmp_ln172)> <Delay = 0.00> <CoreType = "Generic">   --->   Core 0 '' <Latency = 0> <II = 1> <Delay = 1.00> <Generic> <Opcode : >

State 10 <SV = 4> <Delay = 5.63>
ST_10 : Operation 68 [1/2] (2.32ns)   --->   "%state_load_1 = load i8* %state_addr_6, align 1" [just_decrypt.cpp:173->just_decrypt.cpp:311]   --->   Operation 68 'load' 'state_load_1' <Predicate = true> <Delay = 2.32> <Core = "RAM">   --->   Core 37 'RAM' <Latency = 1> <II = 1> <Delay = 2.32> <Storage> <Opcode : 'load' 'store'> <Ports = 2> <Width = 8> <Depth = 16> <RAM>
ST_10 : Operation 69 [1/2] (2.32ns)   --->   "%roundKey_load = load i8* %roundKey_addr, align 1" [just_decrypt.cpp:173->just_decrypt.cpp:311]   --->   Operation 69 'load' 'roundKey_load' <Predicate = true> <Delay = 2.32> <Core = "RAM">   --->   Core 37 'RAM' <Latency = 1> <II = 1> <Delay = 2.32> <Storage> <Opcode : 'load' 'store'> <Ports = 2> <Width = 8> <Depth = 16> <RAM>
ST_10 : Operation 70 [1/1] (0.99ns)   --->   "%xor_ln173 = xor i8 %roundKey_load, %state_load_1" [just_decrypt.cpp:173->just_decrypt.cpp:311]   --->   Operation 70 'xor' 'xor_ln173' <Predicate = true> <Delay = 0.99> <Core = "LogicGate">   --->   Core 27 'LogicGate' <Latency = 0> <II = 1> <Delay = 0.99> <FuncUnit> <Opcode : 'and' 'or' 'xor'> <InPorts = 2> <OutPorts = 1>
ST_10 : Operation 71 [1/1] (2.32ns)   --->   "store i8 %xor_ln173, i8* %state_addr_6, align 1" [just_decrypt.cpp:173->just_decrypt.cpp:311]   --->   Operation 71 'store' <Predicate = true> <Delay = 2.32> <Core = "RAM">   --->   Core 37 'RAM' <Latency = 1> <II = 1> <Delay = 2.32> <Storage> <Opcode : 'load' 'store'> <Ports = 2> <Width = 8> <Depth = 16> <RAM>
ST_10 : Operation 72 [1/1] (0.00ns)   --->   "br label %invSubBytes.exit" [just_decrypt.cpp:172->just_decrypt.cpp:311]   --->   Operation 72 'br' <Predicate = true> <Delay = 0.00>

State 11 <SV = 4> <Delay = 0.00>
ST_11 : Operation 73 [1/2] (0.00ns)   --->   "call fastcc void @invMixColumns([16 x i8]* %state)" [just_decrypt.cpp:312]   --->   Operation 73 'call' <Predicate = true> <Delay = 0.00> <CoreType = "Generic">   --->   Core 0 '' <Latency = 0> <II = 1> <Delay = 1.00> <Generic> <Opcode : >
ST_11 : Operation 74 [1/1] (0.00ns)   --->   "ret void" [just_decrypt.cpp:313]   --->   Operation 74 'ret' <Predicate = true> <Delay = 0.00>


============================================================
+ Verbose Summary: Timing violations
============================================================
Target clock period: 10ns, clock uncertainty: 1.25ns.

 <State 1>: 1.77ns
The critical path consists of the following:
	multiplexor before 'phi' operation ('k') with incoming values : ('k', just_decrypt.cpp:229->just_decrypt.cpp:309) [9]  (1.77 ns)

 <State 2>: 2.32ns
The critical path consists of the following:
	'load' operation ('tmp', just_decrypt.cpp:231->just_decrypt.cpp:309) on array 'state' [15]  (2.32 ns)

 <State 3>: 2.32ns
The critical path consists of the following:
	'load' operation ('tmp', just_decrypt.cpp:231->just_decrypt.cpp:309) on array 'state' [15]  (2.32 ns)

 <State 4>: 3.97ns
The critical path consists of the following:
	'phi' operation ('j') with incoming values : ('j', just_decrypt.cpp:233->just_decrypt.cpp:309) [18]  (0 ns)
	'add' operation ('j', just_decrypt.cpp:233->just_decrypt.cpp:309) [24]  (1.65 ns)
	'getelementptr' operation ('state_addr_4', just_decrypt.cpp:233->just_decrypt.cpp:309) [27]  (0 ns)
	'load' operation ('state_load', just_decrypt.cpp:233->just_decrypt.cpp:309) on array 'state' [28]  (2.32 ns)

 <State 5>: 4.64ns
The critical path consists of the following:
	'load' operation ('state_load', just_decrypt.cpp:233->just_decrypt.cpp:309) on array 'state' [28]  (2.32 ns)
	'store' operation ('store_ln233', just_decrypt.cpp:233->just_decrypt.cpp:309) of variable 'state_load', just_decrypt.cpp:233->just_decrypt.cpp:309 on array 'state' [31]  (2.32 ns)

 <State 6>: 2.32ns
The critical path consists of the following:
	'phi' operation ('i') with incoming values : ('i', just_decrypt.cpp:213->just_decrypt.cpp:310) [39]  (0 ns)
	'getelementptr' operation ('state_addr_3', just_decrypt.cpp:214->just_decrypt.cpp:310) [46]  (0 ns)
	'load' operation ('num', just_decrypt.cpp:214->just_decrypt.cpp:310) on array 'state' [47]  (2.32 ns)

 <State 7>: 5.58ns
The critical path consists of the following:
	'load' operation ('num', just_decrypt.cpp:214->just_decrypt.cpp:310) on array 'state' [47]  (2.32 ns)
	'getelementptr' operation ('rsbox_addr', just_decrypt.cpp:69->just_decrypt.cpp:214->just_decrypt.cpp:310) [49]  (0 ns)
	'load' operation ('rsbox_load', just_decrypt.cpp:69->just_decrypt.cpp:214->just_decrypt.cpp:310) on array 'rsbox' [50]  (3.25 ns)

 <State 8>: 5.58ns
The critical path consists of the following:
	'load' operation ('rsbox_load', just_decrypt.cpp:69->just_decrypt.cpp:214->just_decrypt.cpp:310) on array 'rsbox' [50]  (3.25 ns)
	'store' operation ('store_ln214', just_decrypt.cpp:214->just_decrypt.cpp:310) of variable 'rsbox_load', just_decrypt.cpp:69->just_decrypt.cpp:214->just_decrypt.cpp:310 on array 'state' [51]  (2.32 ns)

 <State 9>: 2.32ns
The critical path consists of the following:
	'phi' operation ('i') with incoming values : ('i', just_decrypt.cpp:172->just_decrypt.cpp:311) [56]  (0 ns)
	'getelementptr' operation ('state_addr_6', just_decrypt.cpp:173->just_decrypt.cpp:311) [63]  (0 ns)
	'load' operation ('state_load_1', just_decrypt.cpp:173->just_decrypt.cpp:311) on array 'state' [64]  (2.32 ns)

 <State 10>: 5.63ns
The critical path consists of the following:
	'load' operation ('state_load_1', just_decrypt.cpp:173->just_decrypt.cpp:311) on array 'state' [64]  (2.32 ns)
	'xor' operation ('xor_ln173', just_decrypt.cpp:173->just_decrypt.cpp:311) [67]  (0.99 ns)
	'store' operation ('store_ln173', just_decrypt.cpp:173->just_decrypt.cpp:311) of variable 'xor_ln173', just_decrypt.cpp:173->just_decrypt.cpp:311 on array 'state' [68]  (2.32 ns)

 <State 11>: 0ns
The critical path consists of the following:


============================================================
+ Verbose Summary: Binding
============================================================
N/A
* FSMD analyzer results:
  - Output states:
 - Input state : 
  - Chain level:
	State 1
	State 2
	State 3
	State 4
	State 5
	State 6
	State 7
	State 8
	State 9
	State 10
	State 11


============================================================
+ Verbose Summary: Datapath Resource usage 
============================================================
N/A
