Ciphertext: 8212bc42fd81000a
Decrypted Text: Wereisms
INFO: [XSIM 43-3496] Using init file passed via -initfile option "/opt/xilinx/Vivado/2019.2/data/xsim/ip/xsim_ip.ini".
Vivado Simulator 2019.2
Copyright 1986-1999, 2001-2019 Xilinx, Inc. All Rights Reserved.
Running: /opt/xilinx/Vivado/2019.2/bin/unwrapped/lnx64.o/xelab xil_defaultlib.apatb_Blowfish_Encrypt_top glbl -prj Blowfish_Encrypt.prj -L smartconnect_v1_0 -L axi_protocol_checker_v1_1_12 -L axi_protocol_checker_v1_1_13 -L axis_protocol_checker_v1_1_11 -L axis_protocol_checker_v1_1_12 -L xil_defaultlib -L unisims_ver -L xpm --initfile /opt/xilinx/Vivado/2019.2/data/xsim/ip/xsim_ip.ini --lib ieee_proposed=./ieee_proposed -s Blowfish_Encrypt 
Multi-threading is on. Using 6 slave threads.
INFO: [VRFC 10-2263] Analyzing SystemVerilog file "/home/jjm469/ece6775/final_project/repo/blowfish/Blowfish_Encrypt.prj/solution1/sim/verilog/glbl.v" into library work
INFO: [VRFC 10-311] analyzing module glbl
INFO: [VRFC 10-2263] Analyzing SystemVerilog file "/home/jjm469/ece6775/final_project/repo/blowfish/Blowfish_Encrypt.prj/solution1/sim/verilog/Blowfish_Encrypt.autotb.v" into library xil_defaultlib
INFO: [VRFC 10-311] analyzing module apatb_Blowfish_Encrypt_top
INFO: [VRFC 10-2263] Analyzing SystemVerilog file "/home/jjm469/ece6775/final_project/repo/blowfish/Blowfish_Encrypt.prj/solution1/sim/verilog/AESL_automem_plaintext.v" into library xil_defaultlib
INFO: [VRFC 10-311] analyzing module AESL_automem_plaintext
INFO: [VRFC 10-2263] Analyzing SystemVerilog file "/home/jjm469/ece6775/final_project/repo/blowfish/Blowfish_Encrypt.prj/solution1/sim/verilog/AESL_automem_ciphertext.v" into library xil_defaultlib
INFO: [VRFC 10-311] analyzing module AESL_automem_ciphertext
INFO: [VRFC 10-2263] Analyzing SystemVerilog file "/home/jjm469/ece6775/final_project/repo/blowfish/Blowfish_Encrypt.prj/solution1/sim/verilog/AESL_automem_P.v" into library xil_defaultlib
INFO: [VRFC 10-311] analyzing module AESL_automem_P
INFO: [VRFC 10-2263] Analyzing SystemVerilog file "/home/jjm469/ece6775/final_project/repo/blowfish/Blowfish_Encrypt.prj/solution1/sim/verilog/AESL_automem_S.v" into library xil_defaultlib
INFO: [VRFC 10-311] analyzing module AESL_automem_S
INFO: [VRFC 10-2263] Analyzing SystemVerilog file "/home/jjm469/ece6775/final_project/repo/blowfish/Blowfish_Encrypt.prj/solution1/sim/verilog/Blowfish_Encrypt.v" into library xil_defaultlib
INFO: [VRFC 10-311] analyzing module Blowfish_Encrypt
Starting static elaboration
Pass Through NonSizing Optimizer
Completed static elaboration
Starting simulation data flow analysis
Completed simulation data flow analysis
Time Resolution for simulation is 1ps
Compiling module xil_defaultlib.Blowfish_Encrypt
Compiling module xil_defaultlib.AESL_automem_plaintext
Compiling module xil_defaultlib.AESL_automem_ciphertext
Compiling module xil_defaultlib.AESL_automem_P
Compiling module xil_defaultlib.AESL_automem_S
Compiling module xil_defaultlib.apatb_Blowfish_Encrypt_top
Compiling module work.glbl
Built simulation snapshot Blowfish_Encrypt

****** Webtalk v2019.2 (64-bit)
  **** SW Build 2708876 on Wed Nov  6 21:39:14 MST 2019
  **** IP Build 2700528 on Thu Nov  7 00:09:20 MST 2019
    ** Copyright 1986-2019 Xilinx, Inc. All Rights Reserved.

source /home/jjm469/ece6775/final_project/repo/blowfish/Blowfish_Encrypt.prj/solution1/sim/verilog/xsim.dir/Blowfish_Encrypt/webtalk/xsim_webtalk.tcl -notrace
INFO: [Common 17-206] Exiting Webtalk at Tue Nov 19 16:25:54 2024...

****** xsim v2019.2 (64-bit)
  **** SW Build 2708876 on Wed Nov  6 21:39:14 MST 2019
  **** IP Build 2700528 on Thu Nov  7 00:09:20 MST 2019
    ** Copyright 1986-2019 Xilinx, Inc. All Rights Reserved.

source xsim.dir/Blowfish_Encrypt/xsim_script.tcl
# xsim {Blowfish_Encrypt} -autoloadwcfg -tclbatch {Blowfish_Encrypt.tcl}
Vivado Simulator 2019.2
Time resolution is 1 ps
source Blowfish_Encrypt.tcl
## run all
////////////////////////////////////////////////////////////////////////////////////
// Inter-Transaction Progress: Completed Transaction / Total Transaction
// Intra-Transaction Progress: Measured Latency / Latency Estimation * 100%
//
// RTL Simulation : "Inter-Transaction Progress" ["Intra-Transaction Progress"] @ "Simulation Time"
////////////////////////////////////////////////////////////////////////////////////
// RTL Simulation : 0 / 1 [0.00%] @ "125000"
// RTL Simulation : 1 / 1 [100.00%] @ "875000"
////////////////////////////////////////////////////////////////////////////////////
$finish called at time : 915 ns : File "/home/jjm469/ece6775/final_project/repo/blowfish/Blowfish_Encrypt.prj/solution1/sim/verilog/Blowfish_Encrypt.autotb.v" Line 395
## quit
INFO: [Common 17-206] Exiting xsim at Tue Nov 19 16:26:00 2024...
Ciphertext: 8212bc42fd81000a
Decrypted Text: Wereisms
