

================================================================
== Vivado HLS Report for 'Blowfish_SetKey_Encrypt'
================================================================
* Date:           Tue Nov 19 22:53:58 2024

* Version:        2019.2 (Build 2704478 on Wed Nov 06 22:10:23 MST 2019)
* Project:        Blowfish_Setkey_Encrypt_Opt.prj
* Solution:       solution1
* Product family: zynq
* Target device:  xc7z020-clg484-1


================================================================
== Performance Estimates
================================================================
+ Timing: 
    * Summary: 
    +--------+----------+----------+------------+
    |  Clock |  Target  | Estimated| Uncertainty|
    +--------+----------+----------+------------+
    |ap_clk  | 10.00 ns | 8.358 ns |   1.25 ns  |
    +--------+----------+----------+------------+

+ Latency: 
    * Summary: 
    +---------+---------+----------+----------+-----+-------+---------+
    |  Latency (cycles) |  Latency (absolute) |   Interval  | Pipeline|
    |   min   |   max   |    min   |    max   | min |  max  |   Type  |
    +---------+---------+----------+----------+-----+-------+---------+
    |       44|    20922| 0.440 us | 0.209 ms |   44|  20922|   none  |
    +---------+---------+----------+----------+-----+-------+---------+

    + Detail: 
        * Instance: 
        +----------------------------+-----------------+---------+---------+----------+----------+-------+-------+---------+
        |                            |                 |  Latency (cycles) |  Latency (absolute) |    Interval   | Pipeline|
        |          Instance          |      Module     |   min   |   max   |    min   |    max   |  min  |  max  |   Type  |
        +----------------------------+-----------------+---------+---------+----------+----------+-------+-------+---------+
        |grp_Blowfish_SetKey_fu_520  |Blowfish_SetKey  |    20878|    20878| 0.209 ms | 0.209 ms |  20878|  20878|   none  |
        |grp_Encrypt_SetKey_fu_544   |Encrypt_SetKey   |       35|       35| 0.350 us | 0.350 us |     35|     35|   none  |
        +----------------------------+-----------------+---------+---------+----------+----------+-------+-------+---------+

        * Loop: 
        N/A



================================================================
== Utilization Estimates
================================================================
* Summary: 
+-----------------+---------+-------+--------+-------+-----+
|       Name      | BRAM_18K| DSP48E|   FF   |  LUT  | URAM|
+-----------------+---------+-------+--------+-------+-----+
|DSP              |        -|      -|       -|      -|    -|
|Expression       |        -|      -|       0|      2|    -|
|FIFO             |        -|      -|       -|      -|    -|
|Instance         |        4|      -|   12537|  22640|    -|
|Memory           |        -|      -|       -|      -|    -|
|Multiplexer      |        -|      -|       -|    602|    -|
|Register         |        -|      -|     172|      -|    -|
+-----------------+---------+-------+--------+-------+-----+
|Total            |        4|      0|   12709|  23244|    0|
+-----------------+---------+-------+--------+-------+-----+
|Available        |      280|    220|  106400|  53200|    0|
+-----------------+---------+-------+--------+-------+-----+
|Utilization (%)  |        1|      0|      11|     43|    0|
+-----------------+---------+-------+--------+-------+-----+

+ Detail: 
    * Instance: 
    +----------------------------+-----------------+---------+-------+-------+-------+-----+
    |          Instance          |      Module     | BRAM_18K| DSP48E|   FF  |  LUT  | URAM|
    +----------------------------+-----------------+---------+-------+-------+-------+-----+
    |grp_Blowfish_SetKey_fu_520  |Blowfish_SetKey  |        4|      0|  12356|  22220|    0|
    |grp_Encrypt_SetKey_fu_544   |Encrypt_SetKey   |        0|      0|    181|    420|    0|
    +----------------------------+-----------------+---------+-------+-------+-------+-----+
    |Total                       |                 |        4|      0|  12537|  22640|    0|
    +----------------------------+-----------------+---------+-------+-------+-------+-----+

    * DSP48E: 
    N/A

    * Memory: 
    N/A

    * FIFO: 
    N/A

    * Expression: 
    +---------------------------------+----------+-------+---+----+------------+------------+
    |          Variable Name          | Operation| DSP48E| FF| LUT| Bitwidth P0| Bitwidth P1|
    +---------------------------------+----------+-------+---+----+------------+------------+
    |ap_block_state2_on_subcall_done  |    and   |      0|  0|   2|           1|           1|
    +---------------------------------+----------+-------+---+----+------------+------------+
    |Total                            |          |      0|  0|   2|           1|           1|
    +---------------------------------+----------+-------+---+----+------------+------------+

    * Multiplexer: 
    +---------------------+----+-----------+-----+-----------+
    |         Name        | LUT| Input Size| Bits| Total Bits|
    +---------------------+----+-----------+-----+-----------+
    |P_0_o                |   9|          2|   32|         64|
    |P_10_o               |   9|          2|   32|         64|
    |P_11_o               |   9|          2|   32|         64|
    |P_12_o               |   9|          2|   32|         64|
    |P_13_o               |   9|          2|   32|         64|
    |P_14_o               |   9|          2|   32|         64|
    |P_15_o               |   9|          2|   32|         64|
    |P_16_o               |   9|          2|   32|         64|
    |P_17_o               |   9|          2|   32|         64|
    |P_1_o                |   9|          2|   32|         64|
    |P_2_o                |   9|          2|   32|         64|
    |P_3_o                |   9|          2|   32|         64|
    |P_4_o                |   9|          2|   32|         64|
    |P_5_o                |   9|          2|   32|         64|
    |P_6_o                |   9|          2|   32|         64|
    |P_7_o                |   9|          2|   32|         64|
    |P_8_o                |   9|          2|   32|         64|
    |P_9_o                |   9|          2|   32|         64|
    |S_0_address0         |  15|          3|    8|         24|
    |S_0_ce0              |  15|          3|    1|          3|
    |S_0_ce1              |   9|          2|    1|          2|
    |S_0_we0              |   9|          2|    1|          2|
    |S_0_we1              |   9|          2|    1|          2|
    |S_1_address0         |  15|          3|    8|         24|
    |S_1_ce0              |  15|          3|    1|          3|
    |S_1_ce1              |   9|          2|    1|          2|
    |S_1_we0              |   9|          2|    1|          2|
    |S_1_we1              |   9|          2|    1|          2|
    |S_2_address0         |  15|          3|    8|         24|
    |S_2_ce0              |  15|          3|    1|          3|
    |S_2_ce1              |   9|          2|    1|          2|
    |S_2_we0              |   9|          2|    1|          2|
    |S_2_we1              |   9|          2|    1|          2|
    |S_3_address0         |  15|          3|    8|         24|
    |S_3_ce0              |  15|          3|    1|          3|
    |S_3_ce1              |   9|          2|    1|          2|
    |S_3_we0              |   9|          2|    1|          2|
    |S_3_we1              |   9|          2|    1|          2|
    |ap_NS_fsm            |  50|         11|    1|         11|
    |ciphertext_address0  |  27|          5|    3|         15|
    |ciphertext_address1  |  27|          5|    3|         15|
    |ciphertext_d0        |  27|          5|    8|         40|
    |ciphertext_d1        |  27|          5|    8|         40|
    |plaintext_address0   |  27|          5|    3|         15|
    |plaintext_address1   |  27|          5|    3|         15|
    +---------------------+----+-----------+-----+-----------+
    |Total                | 602|        125|  653|       1435|
    +---------------------+----+-----------+-----+-----------+

    * Register: 
    +-----------------------------------------+----+----+-----+-----------+
    |                   Name                  | FF | LUT| Bits| Const Bits|
    +-----------------------------------------+----+----+-----+-----------+
    |ap_CS_fsm                                |  10|   0|   10|          0|
    |grp_Blowfish_SetKey_fu_520_ap_start_reg  |   1|   0|    1|          0|
    |grp_Encrypt_SetKey_fu_544_ap_start_reg   |   1|   0|    1|          0|
    |left_1_reg_861                           |  32|   0|   32|          0|
    |plaintext_load_1_reg_806                 |   8|   0|    8|          0|
    |plaintext_load_2_reg_821                 |   8|   0|    8|          0|
    |plaintext_load_3_reg_826                 |   8|   0|    8|          0|
    |plaintext_load_4_reg_841                 |   8|   0|    8|          0|
    |plaintext_load_5_reg_846                 |   8|   0|    8|          0|
    |plaintext_load_reg_801                   |   8|   0|    8|          0|
    |right_1_reg_866                          |  32|   0|   32|          0|
    |trunc_ln237_reg_966                      |   8|   0|    8|          0|
    |trunc_ln241_reg_986                      |   8|   0|    8|          0|
    |trunc_ln2_reg_961                        |   8|   0|    8|          0|
    |trunc_ln4_reg_971                        |   8|   0|    8|          0|
    |trunc_ln5_reg_976                        |   8|   0|    8|          0|
    |trunc_ln6_reg_981                        |   8|   0|    8|          0|
    +-----------------------------------------+----+----+-----+-----------+
    |Total                                    | 172|   0|  172|          0|
    +-----------------------------------------+----+----+-----+-----------+



================================================================
== Interface
================================================================
* Summary: 
+---------------------+-----+-----+------------+-------------------------+--------------+
|      RTL Ports      | Dir | Bits|  Protocol  |      Source Object      |    C Type    |
+---------------------+-----+-----+------------+-------------------------+--------------+
|ap_clk               |  in |    1| ap_ctrl_hs | Blowfish_SetKey_Encrypt | return value |
|ap_rst               |  in |    1| ap_ctrl_hs | Blowfish_SetKey_Encrypt | return value |
|ap_start             |  in |    1| ap_ctrl_hs | Blowfish_SetKey_Encrypt | return value |
|ap_done              | out |    1| ap_ctrl_hs | Blowfish_SetKey_Encrypt | return value |
|ap_idle              | out |    1| ap_ctrl_hs | Blowfish_SetKey_Encrypt | return value |
|ap_ready             | out |    1| ap_ctrl_hs | Blowfish_SetKey_Encrypt | return value |
|set_key              |  in |    1|   ap_none  |         set_key         |    scalar    |
|key_address0         | out |    6|  ap_memory |           key           |     array    |
|key_ce0              | out |    1|  ap_memory |           key           |     array    |
|key_q0               |  in |    8|  ap_memory |           key           |     array    |
|key_size             |  in |   64|   ap_none  |         key_size        |    scalar    |
|plaintext_address0   | out |    3|  ap_memory |        plaintext        |     array    |
|plaintext_ce0        | out |    1|  ap_memory |        plaintext        |     array    |
|plaintext_q0         |  in |    8|  ap_memory |        plaintext        |     array    |
|plaintext_address1   | out |    3|  ap_memory |        plaintext        |     array    |
|plaintext_ce1        | out |    1|  ap_memory |        plaintext        |     array    |
|plaintext_q1         |  in |    8|  ap_memory |        plaintext        |     array    |
|ciphertext_address0  | out |    3|  ap_memory |        ciphertext       |     array    |
|ciphertext_ce0       | out |    1|  ap_memory |        ciphertext       |     array    |
|ciphertext_we0       | out |    1|  ap_memory |        ciphertext       |     array    |
|ciphertext_d0        | out |    8|  ap_memory |        ciphertext       |     array    |
|ciphertext_address1  | out |    3|  ap_memory |        ciphertext       |     array    |
|ciphertext_ce1       | out |    1|  ap_memory |        ciphertext       |     array    |
|ciphertext_we1       | out |    1|  ap_memory |        ciphertext       |     array    |
|ciphertext_d1        | out |    8|  ap_memory |        ciphertext       |     array    |
|P_0_i                |  in |   32|   ap_ovld  |           P_0           |    pointer   |
|P_0_o                | out |   32|   ap_ovld  |           P_0           |    pointer   |
|P_0_o_ap_vld         | out |    1|   ap_ovld  |           P_0           |    pointer   |
|P_1_i                |  in |   32|   ap_ovld  |           P_1           |    pointer   |
|P_1_o                | out |   32|   ap_ovld  |           P_1           |    pointer   |
|P_1_o_ap_vld         | out |    1|   ap_ovld  |           P_1           |    pointer   |
|P_2_i                |  in |   32|   ap_ovld  |           P_2           |    pointer   |
|P_2_o                | out |   32|   ap_ovld  |           P_2           |    pointer   |
|P_2_o_ap_vld         | out |    1|   ap_ovld  |           P_2           |    pointer   |
|P_3_i                |  in |   32|   ap_ovld  |           P_3           |    pointer   |
|P_3_o                | out |   32|   ap_ovld  |           P_3           |    pointer   |
|P_3_o_ap_vld         | out |    1|   ap_ovld  |           P_3           |    pointer   |
|P_4_i                |  in |   32|   ap_ovld  |           P_4           |    pointer   |
|P_4_o                | out |   32|   ap_ovld  |           P_4           |    pointer   |
|P_4_o_ap_vld         | out |    1|   ap_ovld  |           P_4           |    pointer   |
|P_5_i                |  in |   32|   ap_ovld  |           P_5           |    pointer   |
|P_5_o                | out |   32|   ap_ovld  |           P_5           |    pointer   |
|P_5_o_ap_vld         | out |    1|   ap_ovld  |           P_5           |    pointer   |
|P_6_i                |  in |   32|   ap_ovld  |           P_6           |    pointer   |
|P_6_o                | out |   32|   ap_ovld  |           P_6           |    pointer   |
|P_6_o_ap_vld         | out |    1|   ap_ovld  |           P_6           |    pointer   |
|P_7_i                |  in |   32|   ap_ovld  |           P_7           |    pointer   |
|P_7_o                | out |   32|   ap_ovld  |           P_7           |    pointer   |
|P_7_o_ap_vld         | out |    1|   ap_ovld  |           P_7           |    pointer   |
|P_8_i                |  in |   32|   ap_ovld  |           P_8           |    pointer   |
|P_8_o                | out |   32|   ap_ovld  |           P_8           |    pointer   |
|P_8_o_ap_vld         | out |    1|   ap_ovld  |           P_8           |    pointer   |
|P_9_i                |  in |   32|   ap_ovld  |           P_9           |    pointer   |
|P_9_o                | out |   32|   ap_ovld  |           P_9           |    pointer   |
|P_9_o_ap_vld         | out |    1|   ap_ovld  |           P_9           |    pointer   |
|P_10_i               |  in |   32|   ap_ovld  |           P_10          |    pointer   |
|P_10_o               | out |   32|   ap_ovld  |           P_10          |    pointer   |
|P_10_o_ap_vld        | out |    1|   ap_ovld  |           P_10          |    pointer   |
|P_11_i               |  in |   32|   ap_ovld  |           P_11          |    pointer   |
|P_11_o               | out |   32|   ap_ovld  |           P_11          |    pointer   |
|P_11_o_ap_vld        | out |    1|   ap_ovld  |           P_11          |    pointer   |
|P_12_i               |  in |   32|   ap_ovld  |           P_12          |    pointer   |
|P_12_o               | out |   32|   ap_ovld  |           P_12          |    pointer   |
|P_12_o_ap_vld        | out |    1|   ap_ovld  |           P_12          |    pointer   |
|P_13_i               |  in |   32|   ap_ovld  |           P_13          |    pointer   |
|P_13_o               | out |   32|   ap_ovld  |           P_13          |    pointer   |
|P_13_o_ap_vld        | out |    1|   ap_ovld  |           P_13          |    pointer   |
|P_14_i               |  in |   32|   ap_ovld  |           P_14          |    pointer   |
|P_14_o               | out |   32|   ap_ovld  |           P_14          |    pointer   |
|P_14_o_ap_vld        | out |    1|   ap_ovld  |           P_14          |    pointer   |
|P_15_i               |  in |   32|   ap_ovld  |           P_15          |    pointer   |
|P_15_o               | out |   32|   ap_ovld  |           P_15          |    pointer   |
|P_15_o_ap_vld        | out |    1|   ap_ovld  |           P_15          |    pointer   |
|P_16_i               |  in |   32|   ap_ovld  |           P_16          |    pointer   |
|P_16_o               | out |   32|   ap_ovld  |           P_16          |    pointer   |
|P_16_o_ap_vld        | out |    1|   ap_ovld  |           P_16          |    pointer   |
|P_17_i               |  in |   32|   ap_ovld  |           P_17          |    pointer   |
|P_17_o               | out |   32|   ap_ovld  |           P_17          |    pointer   |
|P_17_o_ap_vld        | out |    1|   ap_ovld  |           P_17          |    pointer   |
|S_0_address0         | out |    8|  ap_memory |           S_0           |     array    |
|S_0_ce0              | out |    1|  ap_memory |           S_0           |     array    |
|S_0_we0              | out |    1|  ap_memory |           S_0           |     array    |
|S_0_d0               | out |   32|  ap_memory |           S_0           |     array    |
|S_0_q0               |  in |   32|  ap_memory |           S_0           |     array    |
|S_0_address1         | out |    8|  ap_memory |           S_0           |     array    |
|S_0_ce1              | out |    1|  ap_memory |           S_0           |     array    |
|S_0_we1              | out |    1|  ap_memory |           S_0           |     array    |
|S_0_d1               | out |   32|  ap_memory |           S_0           |     array    |
|S_1_address0         | out |    8|  ap_memory |           S_1           |     array    |
|S_1_ce0              | out |    1|  ap_memory |           S_1           |     array    |
|S_1_we0              | out |    1|  ap_memory |           S_1           |     array    |
|S_1_d0               | out |   32|  ap_memory |           S_1           |     array    |
|S_1_q0               |  in |   32|  ap_memory |           S_1           |     array    |
|S_1_address1         | out |    8|  ap_memory |           S_1           |     array    |
|S_1_ce1              | out |    1|  ap_memory |           S_1           |     array    |
|S_1_we1              | out |    1|  ap_memory |           S_1           |     array    |
|S_1_d1               | out |   32|  ap_memory |           S_1           |     array    |
|S_2_address0         | out |    8|  ap_memory |           S_2           |     array    |
|S_2_ce0              | out |    1|  ap_memory |           S_2           |     array    |
|S_2_we0              | out |    1|  ap_memory |           S_2           |     array    |
|S_2_d0               | out |   32|  ap_memory |           S_2           |     array    |
|S_2_q0               |  in |   32|  ap_memory |           S_2           |     array    |
|S_2_address1         | out |    8|  ap_memory |           S_2           |     array    |
|S_2_ce1              | out |    1|  ap_memory |           S_2           |     array    |
|S_2_we1              | out |    1|  ap_memory |           S_2           |     array    |
|S_2_d1               | out |   32|  ap_memory |           S_2           |     array    |
|S_3_address0         | out |    8|  ap_memory |           S_3           |     array    |
|S_3_ce0              | out |    1|  ap_memory |           S_3           |     array    |
|S_3_we0              | out |    1|  ap_memory |           S_3           |     array    |
|S_3_d0               | out |   32|  ap_memory |           S_3           |     array    |
|S_3_q0               |  in |   32|  ap_memory |           S_3           |     array    |
|S_3_address1         | out |    8|  ap_memory |           S_3           |     array    |
|S_3_ce1              | out |    1|  ap_memory |           S_3           |     array    |
|S_3_we1              | out |    1|  ap_memory |           S_3           |     array    |
|S_3_d1               | out |   32|  ap_memory |           S_3           |     array    |
+---------------------+-----+-----+------------+-------------------------+--------------+

