

================================================================
== Vivado HLS Report for 'Blowfish_SetKey'
================================================================
* Date:           Tue Nov 19 22:53:57 2024

* Version:        2019.2 (Build 2704478 on Wed Nov 06 22:10:23 MST 2019)
* Project:        Blowfish_Setkey_Encrypt_Opt.prj
* Solution:       solution1
* Product family: zynq
* Target device:  xc7z020-clg484-1


================================================================
== Performance Estimates
================================================================
+ Timing: 
    * Summary: 
    +--------+----------+----------+------------+
    |  Clock |  Target  | Estimated| Uncertainty|
    +--------+----------+----------+------------+
    |ap_clk  | 10.00 ns | 8.358 ns |   1.25 ns  |
    +--------+----------+----------+------------+

+ Latency: 
    * Summary: 
    +---------+---------+----------+----------+-------+-------+---------+
    |  Latency (cycles) |  Latency (absolute) |    Interval   | Pipeline|
    |   min   |   max   |    min   |    max   |  min  |  max  |   Type  |
    +---------+---------+----------+----------+-------+-------+---------+
    |    20878|    20878| 0.209 ms | 0.209 ms |  20878|  20878|   none  |
    +---------+---------+----------+----------+-------+-------+---------+

    + Detail: 
        * Instance: 
        +----------------------------+----------------+---------+---------+----------+----------+-----+-----+---------+
        |                            |                |  Latency (cycles) |  Latency (absolute) |  Interval | Pipeline|
        |          Instance          |     Module     |   min   |   max   |    min   |    max   | min | max |   Type  |
        +----------------------------+----------------+---------+---------+----------+----------+-----+-----+---------+
        |grp_Encrypt_SetKey_fu_1753  |Encrypt_SetKey  |       35|       35| 0.350 us | 0.350 us |   35|   35|   none  |
        +----------------------------+----------------+---------+---------+----------+----------+-----+-----+---------+

        * Loop: 
        +---------------------+---------+---------+----------+-----------+-----------+------+----------+
        |                     |  Latency (cycles) | Iteration|  Initiation Interval  | Trip |          |
        |      Loop Name      |   min   |   max   |  Latency |  achieved |   target  | Count| Pipelined|
        +---------------------+---------+---------+----------+-----------+-----------+------+----------+
        |- SBOX_INIT_2        |      192|      192|         3|          -|          -|    64|    no    |
        |- SBOX_INIT_2        |      192|      192|         3|          -|          -|    64|    no    |
        |- SBOX_INIT_2        |      192|      192|         3|          -|          -|    64|    no    |
        |- SBOX_INIT_2        |      192|      192|         3|          -|          -|    64|    no    |
        |- XOR_PARRAY_1       |      306|      306|        17|          -|          -|    18|    no    |
        | + XOR_PARRAY_2      |       14|       14|        12|          1|          1|     4|    yes   |
        |- GENERATE_PARRAY_1  |      333|      333|        37|          -|          -|     9|    no    |
        |- GENERATE_SBOX_1    |    19464|    19464|      4866|          -|          -|     4|    no    |
        | + GENERATE_SBOX_2   |     4864|     4864|        38|          -|          -|   128|    no    |
        +---------------------+---------+---------+----------+-----------+-----------+------+----------+



================================================================
== Utilization Estimates
================================================================
* Summary: 
+-----------------+---------+-------+--------+-------+-----+
|       Name      | BRAM_18K| DSP48E|   FF   |  LUT  | URAM|
+-----------------+---------+-------+--------+-------+-----+
|DSP              |        -|      -|       -|      -|    -|
|Expression       |        -|      -|       0|    381|    -|
|FIFO             |        -|      -|       -|      -|    -|
|Instance         |        -|      -|    8832|  20222|    -|
|Memory           |        4|      -|       0|      0|    -|
|Multiplexer      |        -|      -|       -|   1585|    -|
|Register         |        0|      -|    3524|     32|    -|
+-----------------+---------+-------+--------+-------+-----+
|Total            |        4|      0|   12356|  22220|    0|
+-----------------+---------+-------+--------+-------+-----+
|Available        |      280|    220|  106400|  53200|    0|
+-----------------+---------+-------+--------+-------+-----+
|Utilization (%)  |        1|      0|      11|     41|    0|
+-----------------+---------+-------+--------+-------+-----+

+ Detail: 
    * Instance: 
    +----------------------------+----------------------+---------+-------+------+------+-----+
    |          Instance          |        Module        | BRAM_18K| DSP48E|  FF  |  LUT | URAM|
    +----------------------------+----------------------+---------+-------+------+------+-----+
    |Blowfish_SetKey_EfYi_U30    |Blowfish_SetKey_EfYi  |        0|      0|  8651|  6607|    0|
    |Blowfish_SetKey_Eg8j_U31    |Blowfish_SetKey_Eg8j  |        0|      0|     0|   145|    0|
    |Blowfish_SetKey_Ehbi_U32    |Blowfish_SetKey_Ehbi  |        0|      0|     0|   145|    0|
    |Blowfish_SetKey_Ehbi_U33    |Blowfish_SetKey_Ehbi  |        0|      0|     0|   145|    0|
    |Blowfish_SetKey_Ehbi_U34    |Blowfish_SetKey_Ehbi  |        0|      0|     0|   145|    0|
    |Blowfish_SetKey_Ehbi_U35    |Blowfish_SetKey_Ehbi  |        0|      0|     0|   145|    0|
    |Blowfish_SetKey_Ehbi_U36    |Blowfish_SetKey_Ehbi  |        0|      0|     0|   145|    0|
    |Blowfish_SetKey_Ehbi_U37    |Blowfish_SetKey_Ehbi  |        0|      0|     0|   145|    0|
    |Blowfish_SetKey_Ehbi_U38    |Blowfish_SetKey_Ehbi  |        0|      0|     0|   145|    0|
    |Blowfish_SetKey_Ehbi_U39    |Blowfish_SetKey_Ehbi  |        0|      0|     0|   145|    0|
    |Blowfish_SetKey_Ehbi_U40    |Blowfish_SetKey_Ehbi  |        0|      0|     0|   145|    0|
    |Blowfish_SetKey_Ehbi_U41    |Blowfish_SetKey_Ehbi  |        0|      0|     0|   145|    0|
    |Blowfish_SetKey_Ehbi_U42    |Blowfish_SetKey_Ehbi  |        0|      0|     0|   145|    0|
    |Blowfish_SetKey_Ehbi_U43    |Blowfish_SetKey_Ehbi  |        0|      0|     0|   145|    0|
    |Blowfish_SetKey_Ehbi_U44    |Blowfish_SetKey_Ehbi  |        0|      0|     0|   145|    0|
    |Blowfish_SetKey_Ehbi_U45    |Blowfish_SetKey_Ehbi  |        0|      0|     0|   145|    0|
    |Blowfish_SetKey_Ehbi_U46    |Blowfish_SetKey_Ehbi  |        0|      0|     0|   145|    0|
    |Blowfish_SetKey_Ehbi_U47    |Blowfish_SetKey_Ehbi  |        0|      0|     0|   145|    0|
    |Blowfish_SetKey_Ehbi_U48    |Blowfish_SetKey_Ehbi  |        0|      0|     0|   145|    0|
    |Blowfish_SetKey_Ehbi_U49    |Blowfish_SetKey_Ehbi  |        0|      0|     0|   145|    0|
    |Blowfish_SetKey_Ehbi_U50    |Blowfish_SetKey_Ehbi  |        0|      0|     0|   145|    0|
    |Blowfish_SetKey_Ehbi_U51    |Blowfish_SetKey_Ehbi  |        0|      0|     0|   145|    0|
    |Blowfish_SetKey_Ehbi_U52    |Blowfish_SetKey_Ehbi  |        0|      0|     0|   145|    0|
    |Blowfish_SetKey_Ehbi_U53    |Blowfish_SetKey_Ehbi  |        0|      0|     0|   145|    0|
    |Blowfish_SetKey_Ehbi_U54    |Blowfish_SetKey_Ehbi  |        0|      0|     0|   145|    0|
    |Blowfish_SetKey_Ehbi_U55    |Blowfish_SetKey_Ehbi  |        0|      0|     0|   145|    0|
    |Blowfish_SetKey_Ehbi_U56    |Blowfish_SetKey_Ehbi  |        0|      0|     0|   145|    0|
    |Blowfish_SetKey_Ehbi_U57    |Blowfish_SetKey_Ehbi  |        0|      0|     0|   145|    0|
    |Blowfish_SetKey_Ehbi_U58    |Blowfish_SetKey_Ehbi  |        0|      0|     0|   145|    0|
    |Blowfish_SetKey_Ehbi_U59    |Blowfish_SetKey_Ehbi  |        0|      0|     0|   145|    0|
    |Blowfish_SetKey_Ehbi_U60    |Blowfish_SetKey_Ehbi  |        0|      0|     0|   145|    0|
    |Blowfish_SetKey_Ehbi_U61    |Blowfish_SetKey_Ehbi  |        0|      0|     0|   145|    0|
    |Blowfish_SetKey_Ehbi_U62    |Blowfish_SetKey_Ehbi  |        0|      0|     0|   145|    0|
    |Blowfish_SetKey_Ehbi_U63    |Blowfish_SetKey_Ehbi  |        0|      0|     0|   145|    0|
    |Blowfish_SetKey_Ehbi_U64    |Blowfish_SetKey_Ehbi  |        0|      0|     0|   145|    0|
    |Blowfish_SetKey_Ehbi_U65    |Blowfish_SetKey_Ehbi  |        0|      0|     0|   145|    0|
    |Blowfish_SetKey_Ehbi_U66    |Blowfish_SetKey_Ehbi  |        0|      0|     0|   145|    0|
    |Blowfish_SetKey_Ehbi_U67    |Blowfish_SetKey_Ehbi  |        0|      0|     0|   145|    0|
    |Blowfish_SetKey_Ehbi_U68    |Blowfish_SetKey_Ehbi  |        0|      0|     0|   145|    0|
    |Blowfish_SetKey_Ehbi_U69    |Blowfish_SetKey_Ehbi  |        0|      0|     0|   145|    0|
    |Blowfish_SetKey_Ehbi_U70    |Blowfish_SetKey_Ehbi  |        0|      0|     0|   145|    0|
    |Blowfish_SetKey_Ehbi_U71    |Blowfish_SetKey_Ehbi  |        0|      0|     0|   145|    0|
    |Blowfish_SetKey_Ehbi_U72    |Blowfish_SetKey_Ehbi  |        0|      0|     0|   145|    0|
    |Blowfish_SetKey_Ehbi_U73    |Blowfish_SetKey_Ehbi  |        0|      0|     0|   145|    0|
    |Blowfish_SetKey_Ehbi_U74    |Blowfish_SetKey_Ehbi  |        0|      0|     0|   145|    0|
    |Blowfish_SetKey_Ehbi_U75    |Blowfish_SetKey_Ehbi  |        0|      0|     0|   145|    0|
    |Blowfish_SetKey_Ehbi_U76    |Blowfish_SetKey_Ehbi  |        0|      0|     0|   145|    0|
    |Blowfish_SetKey_Ehbi_U77    |Blowfish_SetKey_Ehbi  |        0|      0|     0|   145|    0|
    |Blowfish_SetKey_Ehbi_U78    |Blowfish_SetKey_Ehbi  |        0|      0|     0|   145|    0|
    |Blowfish_SetKey_Ehbi_U79    |Blowfish_SetKey_Ehbi  |        0|      0|     0|   145|    0|
    |Blowfish_SetKey_Ehbi_U80    |Blowfish_SetKey_Ehbi  |        0|      0|     0|   145|    0|
    |Blowfish_SetKey_Ehbi_U81    |Blowfish_SetKey_Ehbi  |        0|      0|     0|   145|    0|
    |Blowfish_SetKey_Ehbi_U82    |Blowfish_SetKey_Ehbi  |        0|      0|     0|   145|    0|
    |Blowfish_SetKey_Ehbi_U83    |Blowfish_SetKey_Ehbi  |        0|      0|     0|   145|    0|
    |Blowfish_SetKey_Ehbi_U84    |Blowfish_SetKey_Ehbi  |        0|      0|     0|   145|    0|
    |Blowfish_SetKey_Ehbi_U85    |Blowfish_SetKey_Ehbi  |        0|      0|     0|   145|    0|
    |Blowfish_SetKey_Ehbi_U86    |Blowfish_SetKey_Ehbi  |        0|      0|     0|   145|    0|
    |Blowfish_SetKey_Ehbi_U87    |Blowfish_SetKey_Ehbi  |        0|      0|     0|   145|    0|
    |Blowfish_SetKey_Ehbi_U88    |Blowfish_SetKey_Ehbi  |        0|      0|     0|   145|    0|
    |Blowfish_SetKey_Ehbi_U89    |Blowfish_SetKey_Ehbi  |        0|      0|     0|   145|    0|
    |Blowfish_SetKey_Ehbi_U90    |Blowfish_SetKey_Ehbi  |        0|      0|     0|   145|    0|
    |Blowfish_SetKey_Ehbi_U91    |Blowfish_SetKey_Ehbi  |        0|      0|     0|   145|    0|
    |Blowfish_SetKey_Ehbi_U92    |Blowfish_SetKey_Ehbi  |        0|      0|     0|   145|    0|
    |Blowfish_SetKey_Ehbi_U93    |Blowfish_SetKey_Ehbi  |        0|      0|     0|   145|    0|
    |Blowfish_SetKey_Ehbi_U94    |Blowfish_SetKey_Ehbi  |        0|      0|     0|   145|    0|
    |Blowfish_SetKey_Ehbi_U95    |Blowfish_SetKey_Ehbi  |        0|      0|     0|   145|    0|
    |Blowfish_SetKey_Ehbi_U96    |Blowfish_SetKey_Ehbi  |        0|      0|     0|   145|    0|
    |Blowfish_SetKey_Ehbi_U97    |Blowfish_SetKey_Ehbi  |        0|      0|     0|   145|    0|
    |Blowfish_SetKey_Ehbi_U98    |Blowfish_SetKey_Ehbi  |        0|      0|     0|   145|    0|
    |Blowfish_SetKey_Ehbi_U99    |Blowfish_SetKey_Ehbi  |        0|      0|     0|   145|    0|
    |Blowfish_SetKey_Ehbi_U100   |Blowfish_SetKey_Ehbi  |        0|      0|     0|   145|    0|
    |Blowfish_SetKey_Ehbi_U101   |Blowfish_SetKey_Ehbi  |        0|      0|     0|   145|    0|
    |Blowfish_SetKey_Ehbi_U102   |Blowfish_SetKey_Ehbi  |        0|      0|     0|   145|    0|
    |Blowfish_SetKey_Ehbi_U103   |Blowfish_SetKey_Ehbi  |        0|      0|     0|   145|    0|
    |Blowfish_SetKey_Ehbi_U104   |Blowfish_SetKey_Ehbi  |        0|      0|     0|   145|    0|
    |Blowfish_SetKey_Ehbi_U105   |Blowfish_SetKey_Ehbi  |        0|      0|     0|   145|    0|
    |Blowfish_SetKey_Ehbi_U106   |Blowfish_SetKey_Ehbi  |        0|      0|     0|   145|    0|
    |Blowfish_SetKey_Ehbi_U107   |Blowfish_SetKey_Ehbi  |        0|      0|     0|   145|    0|
    |Blowfish_SetKey_Ehbi_U108   |Blowfish_SetKey_Ehbi  |        0|      0|     0|   145|    0|
    |Blowfish_SetKey_Ehbi_U109   |Blowfish_SetKey_Ehbi  |        0|      0|     0|   145|    0|
    |Blowfish_SetKey_Ehbi_U110   |Blowfish_SetKey_Ehbi  |        0|      0|     0|   145|    0|
    |Blowfish_SetKey_Ehbi_U111   |Blowfish_SetKey_Ehbi  |        0|      0|     0|   145|    0|
    |Blowfish_SetKey_Ehbi_U112   |Blowfish_SetKey_Ehbi  |        0|      0|     0|   145|    0|
    |Blowfish_SetKey_Ehbi_U113   |Blowfish_SetKey_Ehbi  |        0|      0|     0|   145|    0|
    |Blowfish_SetKey_Ehbi_U114   |Blowfish_SetKey_Ehbi  |        0|      0|     0|   145|    0|
    |Blowfish_SetKey_Ehbi_U115   |Blowfish_SetKey_Ehbi  |        0|      0|     0|   145|    0|
    |Blowfish_SetKey_Ehbi_U116   |Blowfish_SetKey_Ehbi  |        0|      0|     0|   145|    0|
    |Blowfish_SetKey_Ehbi_U117   |Blowfish_SetKey_Ehbi  |        0|      0|     0|   145|    0|
    |Blowfish_SetKey_Ehbi_U118   |Blowfish_SetKey_Ehbi  |        0|      0|     0|   145|    0|
    |Blowfish_SetKey_Ehbi_U119   |Blowfish_SetKey_Ehbi  |        0|      0|     0|   145|    0|
    |Blowfish_SetKey_Ehbi_U120   |Blowfish_SetKey_Ehbi  |        0|      0|     0|   145|    0|
    |Blowfish_SetKey_Ehbi_U121   |Blowfish_SetKey_Ehbi  |        0|      0|     0|   145|    0|
    |grp_Encrypt_SetKey_fu_1753  |Encrypt_SetKey        |        0|      0|   181|   420|    0|
    +----------------------------+----------------------+---------+-------+------+------+-----+
    |Total                       |                      |        0|      0|  8832| 20222|    0|
    +----------------------------+----------------------+---------+-------+------+------+-----+

    * DSP48E: 
    N/A

    * Memory: 
    +------------------+----------------------+---------+---+----+-----+------+-----+------+-------------+
    |      Memory      |        Module        | BRAM_18K| FF| LUT| URAM| Words| Bits| Banks| W*Bits*Banks|
    +------------------+----------------------+---------+---+----+-----+------+-----+------+-------------+
    |initial_sbox_0_U  |Blowfish_SetKey_ibkb  |        1|  0|   0|    0|   256|   32|     1|         8192|
    |initial_sbox_1_U  |Blowfish_SetKey_icud  |        1|  0|   0|    0|   256|   32|     1|         8192|
    |initial_sbox_2_U  |Blowfish_SetKey_idEe  |        1|  0|   0|    0|   256|   32|     1|         8192|
    |initial_sbox_3_U  |Blowfish_SetKey_ieOg  |        1|  0|   0|    0|   256|   32|     1|         8192|
    +------------------+----------------------+---------+---+----+-----+------+-----+------+-------------+
    |Total             |                      |        4|  0|   0|    0|  1024|  128|     4|        32768|
    +------------------+----------------------+---------+---+----+-----+------+-----+------+-------------+

    * FIFO: 
    N/A

    * Expression: 
    +-------------------------+----------+-------+---+----+------------+------------+
    |      Variable Name      | Operation| DSP48E| FF| LUT| Bitwidth P0| Bitwidth P1|
    +-------------------------+----------+-------+---+----+------------+------------+
    |add_ln162_1_fu_1927_p2   |     +    |      0|  0|  15|           3|           9|
    |add_ln162_2_fu_1979_p2   |     +    |      0|  0|  15|           3|           9|
    |add_ln162_3_fu_2031_p2   |     +    |      0|  0|  15|           3|           9|
    |add_ln162_fu_1875_p2     |     +    |      0|  0|  15|           3|           9|
    |add_ln175_fu_2093_p2     |     +    |      0|  0|  15|           7|           7|
    |i_1_fu_8498_p2           |     +    |      0|  0|  15|           5|           2|
    |i_2_fu_2063_p2           |     +    |      0|  0|  15|           5|           1|
    |i_fu_8510_p2             |     +    |      0|  0|  12|           3|           1|
    |j_1_fu_8670_p2           |     +    |      0|  0|  15|           9|           2|
    |j_fu_2083_p2             |     +    |      0|  0|  12|           3|           1|
    |icmp_ln162_1_fu_1901_p2  |   icmp   |      0|  0|  13|           9|          10|
    |icmp_ln162_2_fu_1953_p2  |   icmp   |      0|  0|  13|           9|          10|
    |icmp_ln162_3_fu_2005_p2  |   icmp   |      0|  0|  13|           9|          10|
    |icmp_ln162_fu_1849_p2    |   icmp   |      0|  0|  13|           9|          10|
    |icmp_ln171_fu_2057_p2    |   icmp   |      0|  0|  11|           5|           5|
    |icmp_ln174_fu_2077_p2    |   icmp   |      0|  0|   9|           3|           4|
    |icmp_ln186_fu_5956_p2    |   icmp   |      0|  0|  11|           5|           5|
    |icmp_ln194_fu_8504_p2    |   icmp   |      0|  0|   9|           3|           4|
    |or_ln162_10_fu_2037_p2   |    or    |      0|  0|   8|           8|           2|
    |or_ln162_11_fu_2047_p2   |    or    |      0|  0|   8|           8|           2|
    |or_ln162_1_fu_1881_p2    |    or    |      0|  0|   8|           8|           2|
    |or_ln162_2_fu_1891_p2    |    or    |      0|  0|   8|           8|           2|
    |or_ln162_3_fu_1916_p2    |    or    |      0|  0|   8|           8|           1|
    |or_ln162_4_fu_1933_p2    |    or    |      0|  0|   8|           8|           2|
    |or_ln162_5_fu_1943_p2    |    or    |      0|  0|   8|           8|           2|
    |or_ln162_6_fu_1968_p2    |    or    |      0|  0|   8|           8|           1|
    |or_ln162_7_fu_1985_p2    |    or    |      0|  0|   8|           8|           2|
    |or_ln162_8_fu_1995_p2    |    or    |      0|  0|   8|           8|           2|
    |or_ln162_9_fu_2020_p2    |    or    |      0|  0|   8|           8|           1|
    |or_ln162_fu_1864_p2      |    or    |      0|  0|   8|           8|           1|
    |or_ln189_fu_7232_p2      |    or    |      0|  0|   5|           5|           1|
    |or_ln199_fu_8656_p2      |    or    |      0|  0|   8|           8|           1|
    |ap_enable_pp0            |    xor   |      0|  0|   2|           1|           2|
    |ap_enable_reg_pp0_iter1  |    xor   |      0|  0|   2|           2|           1|
    |xor_ln178_fu_2170_p2     |    xor   |      0|  0|  32|          32|          32|
    +-------------------------+----------+-------+---+----+------------+------------+
    |Total                    |          |      0|  0| 381|         240|         165|
    +-------------------------+----------+-------+---+----+------------+------------+

    * Multiplexer: 
    +---------------------------------------+-----+-----------+-----+-----------+
    |                  Name                 | LUT | Input Size| Bits| Total Bits|
    +---------------------------------------+-----+-----------+-----+-----------+
    |P10601670_reg_1131                     |    9|          2|   32|         64|
    |P10601_reg_1573                        |    9|          2|   32|         64|
    |P11602674_reg_1119                     |    9|          2|   32|         64|
    |P11602_reg_1562                        |    9|          2|   32|         64|
    |P12603678_reg_1107                     |    9|          2|   32|         64|
    |P12603_reg_1551                        |    9|          2|   32|         64|
    |P13604682_reg_1095                     |    9|          2|   32|         64|
    |P13604_reg_1540                        |    9|          2|   32|         64|
    |P14605686_reg_1083                     |    9|          2|   32|         64|
    |P14605_reg_1529                        |    9|          2|   32|         64|
    |P15606690_reg_1071                     |    9|          2|   32|         64|
    |P15606_reg_1518                        |    9|          2|   32|         64|
    |P1592634_reg_1239                      |    9|          2|   32|         64|
    |P1592_reg_1672                         |    9|          2|   32|         64|
    |P16607694_reg_1059                     |    9|          2|   32|         64|
    |P16607_reg_1507                        |    9|          2|   32|         64|
    |P17608698_reg_1047                     |    9|          2|   32|         64|
    |P17608_reg_1496                        |    9|          2|   32|         64|
    |P2593638_reg_1227                      |    9|          2|   32|         64|
    |P2593_reg_1661                         |    9|          2|   32|         64|
    |P3594642_reg_1215                      |    9|          2|   32|         64|
    |P3594_reg_1650                         |    9|          2|   32|         64|
    |P4595646_reg_1203                      |    9|          2|   32|         64|
    |P4595_reg_1639                         |    9|          2|   32|         64|
    |P5596650_reg_1191                      |    9|          2|   32|         64|
    |P5596_reg_1628                         |    9|          2|   32|         64|
    |P591630_reg_1251                       |    9|          2|   32|         64|
    |P591_reg_1683                          |    9|          2|   32|         64|
    |P6597654_reg_1179                      |    9|          2|   32|         64|
    |P6597_reg_1617                         |    9|          2|   32|         64|
    |P7598658_reg_1167                      |    9|          2|   32|         64|
    |P7598_reg_1606                         |    9|          2|   32|         64|
    |P8599662_reg_1155                      |    9|          2|   32|         64|
    |P8599_reg_1595                         |    9|          2|   32|         64|
    |P9600666_reg_1143                      |    9|          2|   32|         64|
    |P9600_reg_1584                         |    9|          2|   32|         64|
    |P_0_0_reg_795                          |    9|          2|   32|         64|
    |P_0_write_assign_reg_1463              |    9|          2|   32|         64|
    |P_10_0_reg_699                         |    9|          2|   32|         64|
    |P_10_write_assign_reg_1375             |    9|          2|   32|         64|
    |P_11_0_reg_711                         |    9|          2|   32|         64|
    |P_11_write_assign_reg_1386             |    9|          2|   32|         64|
    |P_12_0_reg_735                         |    9|          2|   32|         64|
    |P_12_write_assign_reg_1408             |    9|          2|   32|         64|
    |P_13_0_reg_747                         |    9|          2|   32|         64|
    |P_13_write_assign_reg_1419             |    9|          2|   32|         64|
    |P_14_0_reg_771                         |    9|          2|   32|         64|
    |P_14_write_assign_reg_1441             |    9|          2|   32|         64|
    |P_15_0_reg_783                         |    9|          2|   32|         64|
    |P_15_write_assign_reg_1452             |    9|          2|   32|         64|
    |P_16_0_reg_807                         |    9|          2|   32|         64|
    |P_16_write_assign_reg_1474             |    9|          2|   32|         64|
    |P_17_0_reg_819                         |    9|          2|   32|         64|
    |P_17_write_assign_reg_1485             |    9|          2|   32|         64|
    |P_1_0_reg_759                          |    9|          2|   32|         64|
    |P_1_write_assign_reg_1430              |    9|          2|   32|         64|
    |P_2_0_reg_723                          |    9|          2|   32|         64|
    |P_2_write_assign_reg_1397              |    9|          2|   32|         64|
    |P_3_0_reg_687                          |    9|          2|   32|         64|
    |P_3_write_assign_reg_1364              |    9|          2|   32|         64|
    |P_4_0_reg_651                          |    9|          2|   32|         64|
    |P_4_write_assign_reg_1331              |    9|          2|   32|         64|
    |P_5_0_reg_615                          |    9|          2|   32|         64|
    |P_5_write_assign_reg_1298              |    9|          2|   32|         64|
    |P_6_0_reg_627                          |    9|          2|   32|         64|
    |P_6_write_assign_reg_1309              |    9|          2|   32|         64|
    |P_7_0_reg_639                          |    9|          2|   32|         64|
    |P_7_write_assign_reg_1320              |    9|          2|   32|         64|
    |P_8_0_reg_663                          |    9|          2|   32|         64|
    |P_8_write_assign_reg_1342              |    9|          2|   32|         64|
    |P_9_0_reg_675                          |    9|          2|   32|         64|
    |P_9_write_assign_reg_1353              |    9|          2|   32|         64|
    |S_0_address0                           |   27|          5|    8|         40|
    |S_0_address1                           |   21|          4|    8|         32|
    |S_0_ce0                                |   15|          3|    1|          3|
    |S_0_d0                                 |   15|          3|   32|         96|
    |S_0_d1                                 |   15|          3|   32|         96|
    |S_1_address0                           |   27|          5|    8|         40|
    |S_1_address1                           |   21|          4|    8|         32|
    |S_1_ce0                                |   15|          3|    1|          3|
    |S_1_d0                                 |   15|          3|   32|         96|
    |S_1_d1                                 |   15|          3|   32|         96|
    |S_2_address0                           |   27|          5|    8|         40|
    |S_2_address1                           |   21|          4|    8|         32|
    |S_2_ce0                                |   15|          3|    1|          3|
    |S_2_d0                                 |   15|          3|   32|         96|
    |S_2_d1                                 |   15|          3|   32|         96|
    |S_3_address0                           |   27|          5|    8|         40|
    |S_3_address1                           |   21|          4|    8|         32|
    |S_3_ce0                                |   15|          3|    1|          3|
    |S_3_d0                                 |   15|          3|   32|         96|
    |S_3_d1                                 |   15|          3|   32|         96|
    |ap_NS_fsm                              |  109|         23|    1|         23|
    |ap_enable_reg_pp0_iter1                |    9|          2|    1|          2|
    |ap_enable_reg_pp0_iter11               |    9|          2|    1|          2|
    |data_0_reg_1275                        |    9|          2|   32|         64|
    |empty_38_reg_831                       |    9|          2|   32|         64|
    |empty_39_reg_843                       |    9|          2|   32|         64|
    |empty_40_reg_855                       |    9|          2|   32|         64|
    |empty_41_reg_867                       |    9|          2|   32|         64|
    |empty_42_reg_879                       |    9|          2|   32|         64|
    |empty_43_reg_891                       |    9|          2|   32|         64|
    |empty_44_reg_903                       |    9|          2|   32|         64|
    |empty_45_reg_915                       |    9|          2|   32|         64|
    |empty_46_reg_927                       |    9|          2|   32|         64|
    |empty_47_reg_939                       |    9|          2|   32|         64|
    |empty_48_reg_951                       |    9|          2|   32|         64|
    |empty_49_reg_963                       |    9|          2|   32|         64|
    |empty_50_reg_975                       |    9|          2|   32|         64|
    |empty_51_reg_987                       |    9|          2|   32|         64|
    |empty_52_reg_999                       |    9|          2|   32|         64|
    |empty_53_reg_1011                      |    9|          2|   32|         64|
    |empty_54_reg_1023                      |    9|          2|   32|         64|
    |empty_55_reg_1035                      |    9|          2|   32|         64|
    |grp_Encrypt_SetKey_fu_1753_left_read   |   15|          3|   32|         96|
    |grp_Encrypt_SetKey_fu_1753_right_read  |   15|          3|   32|         96|
    |i2_0_reg_1263                          |    9|          2|    5|         10|
    |i4_0_reg_1718                          |    9|          2|    5|         10|
    |i5_0_reg_1730                          |    9|          2|    3|          6|
    |initial_sbox_0_address0                |   15|          3|    8|         24|
    |initial_sbox_0_address1                |   15|          3|    8|         24|
    |initial_sbox_1_address0                |   15|          3|    8|         24|
    |initial_sbox_1_address1                |   15|          3|    8|         24|
    |initial_sbox_2_address0                |   15|          3|    8|         24|
    |initial_sbox_2_address1                |   15|          3|    8|         24|
    |initial_sbox_3_address0                |   15|          3|    8|         24|
    |initial_sbox_3_address1                |   15|          3|    8|         24|
    |j3_0_reg_1287                          |    9|          2|    3|          6|
    |j6_0_reg_1741                          |    9|          2|    9|         18|
    |j_0_0_0_reg_571                        |    9|          2|    9|         18|
    |j_0_1_0_reg_582                        |    9|          2|    9|         18|
    |j_0_2_0_reg_593                        |    9|          2|    9|         18|
    |j_0_3_0_reg_604                        |    9|          2|    9|         18|
    |left_0_reg_1706                        |    9|          2|   32|         64|
    |left_1_fu_152                          |    9|          2|   32|         64|
    |right_0_reg_1694                       |    9|          2|   32|         64|
    |right_1_fu_156                         |    9|          2|   32|         64|
    +---------------------------------------+-----+-----------+-----+-----------+
    |Total                                  | 1585|        337| 3556|       7681|
    +---------------------------------------+-----+-----------+-----+-----------+

    * Register: 
    +-----------------------------------------+----+----+-----+-----------+
    |                   Name                  | FF | LUT| Bits| Const Bits|
    +-----------------------------------------+----+----+-----+-----------+
    |P10601670_reg_1131                       |  32|   0|   32|          0|
    |P10601_reg_1573                          |  32|   0|   32|          0|
    |P11602674_reg_1119                       |  32|   0|   32|          0|
    |P11602_reg_1562                          |  32|   0|   32|          0|
    |P12603678_reg_1107                       |  32|   0|   32|          0|
    |P12603_reg_1551                          |  32|   0|   32|          0|
    |P13604682_reg_1095                       |  32|   0|   32|          0|
    |P13604_reg_1540                          |  32|   0|   32|          0|
    |P14605686_reg_1083                       |  32|   0|   32|          0|
    |P14605_reg_1529                          |  32|   0|   32|          0|
    |P15606690_reg_1071                       |  32|   0|   32|          0|
    |P15606_reg_1518                          |  32|   0|   32|          0|
    |P1592634_reg_1239                        |  32|   0|   32|          0|
    |P1592_reg_1672                           |  32|   0|   32|          0|
    |P16607694_reg_1059                       |  32|   0|   32|          0|
    |P16607_reg_1507                          |  32|   0|   32|          0|
    |P17608698_reg_1047                       |  32|   0|   32|          0|
    |P17608_reg_1496                          |  32|   0|   32|          0|
    |P2593638_reg_1227                        |  32|   0|   32|          0|
    |P2593_reg_1661                           |  32|   0|   32|          0|
    |P3594642_reg_1215                        |  32|   0|   32|          0|
    |P3594_reg_1650                           |  32|   0|   32|          0|
    |P4595646_reg_1203                        |  32|   0|   32|          0|
    |P4595_reg_1639                           |  32|   0|   32|          0|
    |P5596650_reg_1191                        |  32|   0|   32|          0|
    |P5596_reg_1628                           |  32|   0|   32|          0|
    |P591630_reg_1251                         |  32|   0|   32|          0|
    |P591_reg_1683                            |  32|   0|   32|          0|
    |P6597654_reg_1179                        |  32|   0|   32|          0|
    |P6597_reg_1617                           |  32|   0|   32|          0|
    |P7598658_reg_1167                        |  32|   0|   32|          0|
    |P7598_reg_1606                           |  32|   0|   32|          0|
    |P8599662_reg_1155                        |  32|   0|   32|          0|
    |P8599_reg_1595                           |  32|   0|   32|          0|
    |P9600666_reg_1143                        |  32|   0|   32|          0|
    |P9600_reg_1584                           |  32|   0|   32|          0|
    |P_0_0_reg_795                            |  32|   0|   32|          0|
    |P_0_write_assign_reg_1463                |  32|   0|   32|          0|
    |P_10_0_reg_699                           |  32|   0|   32|          0|
    |P_10_write_assign_reg_1375               |  32|   0|   32|          0|
    |P_11_0_reg_711                           |  32|   0|   32|          0|
    |P_11_write_assign_reg_1386               |  32|   0|   32|          0|
    |P_12_0_reg_735                           |  32|   0|   32|          0|
    |P_12_write_assign_reg_1408               |  32|   0|   32|          0|
    |P_13_0_reg_747                           |  32|   0|   32|          0|
    |P_13_write_assign_reg_1419               |  32|   0|   32|          0|
    |P_14_0_reg_771                           |  32|   0|   32|          0|
    |P_14_write_assign_reg_1441               |  32|   0|   32|          0|
    |P_15_0_reg_783                           |  32|   0|   32|          0|
    |P_15_write_assign_reg_1452               |  32|   0|   32|          0|
    |P_16_0_reg_807                           |  32|   0|   32|          0|
    |P_16_write_assign_reg_1474               |  32|   0|   32|          0|
    |P_17_0_reg_819                           |  32|   0|   32|          0|
    |P_17_write_assign_reg_1485               |  32|   0|   32|          0|
    |P_1_0_reg_759                            |  32|   0|   32|          0|
    |P_1_write_assign_reg_1430                |  32|   0|   32|          0|
    |P_2_0_reg_723                            |  32|   0|   32|          0|
    |P_2_write_assign_reg_1397                |  32|   0|   32|          0|
    |P_3_0_reg_687                            |  32|   0|   32|          0|
    |P_3_write_assign_reg_1364                |  32|   0|   32|          0|
    |P_4_0_reg_651                            |  32|   0|   32|          0|
    |P_4_write_assign_reg_1331                |  32|   0|   32|          0|
    |P_5_0_reg_615                            |  32|   0|   32|          0|
    |P_5_write_assign_reg_1298                |  32|   0|   32|          0|
    |P_6_0_reg_627                            |  32|   0|   32|          0|
    |P_6_write_assign_reg_1309                |  32|   0|   32|          0|
    |P_7_0_reg_639                            |  32|   0|   32|          0|
    |P_7_write_assign_reg_1320                |  32|   0|   32|          0|
    |P_8_0_reg_663                            |  32|   0|   32|          0|
    |P_8_write_assign_reg_1342                |  32|   0|   32|          0|
    |P_9_0_reg_675                            |  32|   0|   32|          0|
    |P_9_write_assign_reg_1353                |  32|   0|   32|          0|
    |S_0_addr_4_reg_9442                      |   8|   0|    8|          0|
    |S_0_addr_5_reg_9462                      |   7|   0|    8|          1|
    |S_1_addr_4_reg_9447                      |   8|   0|    8|          0|
    |S_1_addr_5_reg_9467                      |   7|   0|    8|          1|
    |S_2_addr_4_reg_9452                      |   8|   0|    8|          0|
    |S_2_addr_5_reg_9472                      |   7|   0|    8|          1|
    |S_3_addr_4_reg_9457                      |   8|   0|    8|          0|
    |S_3_addr_5_reg_9477                      |   7|   0|    8|          1|
    |add_ln162_1_reg_8774                     |   9|   0|    9|          0|
    |add_ln162_2_reg_8828                     |   9|   0|    9|          0|
    |add_ln162_3_reg_8882                     |   9|   0|    9|          0|
    |add_ln162_reg_8720                       |   9|   0|    9|          0|
    |ap_CS_fsm                                |  22|   0|   22|          0|
    |ap_enable_reg_pp0_iter0                  |   1|   0|    1|          0|
    |ap_enable_reg_pp0_iter1                  |   1|   0|    1|          0|
    |ap_enable_reg_pp0_iter10                 |   1|   0|    1|          0|
    |ap_enable_reg_pp0_iter11                 |   1|   0|    1|          0|
    |ap_enable_reg_pp0_iter2                  |   1|   0|    1|          0|
    |ap_enable_reg_pp0_iter3                  |   1|   0|    1|          0|
    |ap_enable_reg_pp0_iter4                  |   1|   0|    1|          0|
    |ap_enable_reg_pp0_iter5                  |   1|   0|    1|          0|
    |ap_enable_reg_pp0_iter6                  |   1|   0|    1|          0|
    |ap_enable_reg_pp0_iter7                  |   1|   0|    1|          0|
    |ap_enable_reg_pp0_iter8                  |   1|   0|    1|          0|
    |ap_enable_reg_pp0_iter9                  |   1|   0|    1|          0|
    |data_0_reg_1275                          |  32|   0|   32|          0|
    |empty_27_reg_8704                        |   8|   0|    8|          0|
    |empty_30_reg_8758                        |   8|   0|    8|          0|
    |empty_33_reg_8812                        |   8|   0|    8|          0|
    |empty_36_reg_8866                        |   8|   0|    8|          0|
    |empty_38_reg_831                         |  32|   0|   32|          0|
    |empty_39_reg_843                         |  32|   0|   32|          0|
    |empty_40_reg_855                         |  32|   0|   32|          0|
    |empty_41_reg_867                         |  32|   0|   32|          0|
    |empty_42_reg_879                         |  32|   0|   32|          0|
    |empty_43_reg_891                         |  32|   0|   32|          0|
    |empty_44_reg_903                         |  32|   0|   32|          0|
    |empty_45_reg_915                         |  32|   0|   32|          0|
    |empty_46_reg_927                         |  32|   0|   32|          0|
    |empty_47_reg_939                         |  32|   0|   32|          0|
    |empty_48_reg_951                         |  32|   0|   32|          0|
    |empty_49_reg_963                         |  32|   0|   32|          0|
    |empty_50_reg_975                         |  32|   0|   32|          0|
    |empty_51_reg_987                         |  32|   0|   32|          0|
    |empty_52_reg_999                         |  32|   0|   32|          0|
    |empty_53_reg_1011                        |  32|   0|   32|          0|
    |empty_54_reg_1023                        |  32|   0|   32|          0|
    |empty_55_reg_1035                        |  32|   0|   32|          0|
    |grp_Encrypt_SetKey_fu_1753_ap_start_reg  |   1|   0|    1|          0|
    |i2_0_reg_1263                            |   5|   0|    5|          0|
    |i4_0_reg_1718                            |   5|   0|    5|          0|
    |i5_0_reg_1730                            |   3|   0|    3|          0|
    |i_2_reg_8911                             |   5|   0|    5|          0|
    |i_reg_9420                               |   3|   0|    3|          0|
    |icmp_ln174_reg_8921                      |   1|   0|    1|          0|
    |j3_0_reg_1287                            |   3|   0|    3|          0|
    |j6_0_reg_1741                            |   9|   0|    9|          0|
    |j_0_0_0_reg_571                          |   9|   0|    9|          0|
    |j_0_1_0_reg_582                          |   9|   0|    9|          0|
    |j_0_2_0_reg_593                          |   9|   0|    9|          0|
    |j_0_3_0_reg_604                          |   9|   0|    9|          0|
    |left_0_reg_1706                          |  32|   0|   32|          0|
    |left_1_fu_152                            |  32|   0|   32|          0|
    |reg_1831                                 |  32|   0|   32|          0|
    |reg_1840                                 |  32|   0|   32|          0|
    |right_0_reg_1694                         |  32|   0|   32|          0|
    |right_1_fu_156                           |  32|   0|   32|          0|
    |shl_ln_reg_8916                          |   5|   0|    7|          2|
    |trunc_ln198_reg_9425                     |   2|   0|    2|          0|
    |zext_ln163_10_reg_8833                   |   7|   0|   64|         57|
    |zext_ln163_11_reg_8843                   |   6|   0|   64|         58|
    |zext_ln163_12_reg_8856                   |   9|   0|   64|         55|
    |zext_ln163_13_reg_8872                   |   7|   0|   64|         57|
    |zext_ln163_14_reg_8887                   |   7|   0|   64|         57|
    |zext_ln163_15_reg_8897                   |   6|   0|   64|         58|
    |zext_ln163_1_reg_8710                    |   7|   0|   64|         57|
    |zext_ln163_2_reg_8725                    |   7|   0|   64|         57|
    |zext_ln163_3_reg_8735                    |   6|   0|   64|         58|
    |zext_ln163_4_reg_8748                    |   9|   0|   64|         55|
    |zext_ln163_5_reg_8764                    |   7|   0|   64|         57|
    |zext_ln163_6_reg_8779                    |   7|   0|   64|         57|
    |zext_ln163_7_reg_8789                    |   6|   0|   64|         58|
    |zext_ln163_8_reg_8802                    |   9|   0|   64|         55|
    |zext_ln163_9_reg_8818                    |   7|   0|   64|         57|
    |zext_ln163_reg_8694                      |   9|   0|   64|         55|
    |icmp_ln174_reg_8921                      |  64|  32|    1|          0|
    +-----------------------------------------+----+----+-----+-----------+
    |Total                                    |3524|  32| 4375|        914|
    +-----------------------------------------+----+----+-----+-----------+



================================================================
== Interface
================================================================
* Summary: 
+--------------+-----+-----+------------+-----------------+--------------+
|   RTL Ports  | Dir | Bits|  Protocol  |  Source Object  |    C Type    |
+--------------+-----+-----+------------+-----------------+--------------+
|ap_clk        |  in |    1| ap_ctrl_hs | Blowfish_SetKey | return value |
|ap_rst        |  in |    1| ap_ctrl_hs | Blowfish_SetKey | return value |
|ap_start      |  in |    1| ap_ctrl_hs | Blowfish_SetKey | return value |
|ap_done       | out |    1| ap_ctrl_hs | Blowfish_SetKey | return value |
|ap_idle       | out |    1| ap_ctrl_hs | Blowfish_SetKey | return value |
|ap_ready      | out |    1| ap_ctrl_hs | Blowfish_SetKey | return value |
|ap_return_0   | out |   32| ap_ctrl_hs | Blowfish_SetKey | return value |
|ap_return_1   | out |   32| ap_ctrl_hs | Blowfish_SetKey | return value |
|ap_return_2   | out |   32| ap_ctrl_hs | Blowfish_SetKey | return value |
|ap_return_3   | out |   32| ap_ctrl_hs | Blowfish_SetKey | return value |
|ap_return_4   | out |   32| ap_ctrl_hs | Blowfish_SetKey | return value |
|ap_return_5   | out |   32| ap_ctrl_hs | Blowfish_SetKey | return value |
|ap_return_6   | out |   32| ap_ctrl_hs | Blowfish_SetKey | return value |
|ap_return_7   | out |   32| ap_ctrl_hs | Blowfish_SetKey | return value |
|ap_return_8   | out |   32| ap_ctrl_hs | Blowfish_SetKey | return value |
|ap_return_9   | out |   32| ap_ctrl_hs | Blowfish_SetKey | return value |
|ap_return_10  | out |   32| ap_ctrl_hs | Blowfish_SetKey | return value |
|ap_return_11  | out |   32| ap_ctrl_hs | Blowfish_SetKey | return value |
|ap_return_12  | out |   32| ap_ctrl_hs | Blowfish_SetKey | return value |
|ap_return_13  | out |   32| ap_ctrl_hs | Blowfish_SetKey | return value |
|ap_return_14  | out |   32| ap_ctrl_hs | Blowfish_SetKey | return value |
|ap_return_15  | out |   32| ap_ctrl_hs | Blowfish_SetKey | return value |
|ap_return_16  | out |   32| ap_ctrl_hs | Blowfish_SetKey | return value |
|ap_return_17  | out |   32| ap_ctrl_hs | Blowfish_SetKey | return value |
|key_address0  | out |    6|  ap_memory |       key       |     array    |
|key_ce0       | out |    1|  ap_memory |       key       |     array    |
|key_q0        |  in |    8|  ap_memory |       key       |     array    |
|key_size      |  in |   64|   ap_none  |     key_size    |    scalar    |
|S_0_address0  | out |    8|  ap_memory |       S_0       |     array    |
|S_0_ce0       | out |    1|  ap_memory |       S_0       |     array    |
|S_0_we0       | out |    1|  ap_memory |       S_0       |     array    |
|S_0_d0        | out |   32|  ap_memory |       S_0       |     array    |
|S_0_q0        |  in |   32|  ap_memory |       S_0       |     array    |
|S_0_address1  | out |    8|  ap_memory |       S_0       |     array    |
|S_0_ce1       | out |    1|  ap_memory |       S_0       |     array    |
|S_0_we1       | out |    1|  ap_memory |       S_0       |     array    |
|S_0_d1        | out |   32|  ap_memory |       S_0       |     array    |
|S_1_address0  | out |    8|  ap_memory |       S_1       |     array    |
|S_1_ce0       | out |    1|  ap_memory |       S_1       |     array    |
|S_1_we0       | out |    1|  ap_memory |       S_1       |     array    |
|S_1_d0        | out |   32|  ap_memory |       S_1       |     array    |
|S_1_q0        |  in |   32|  ap_memory |       S_1       |     array    |
|S_1_address1  | out |    8|  ap_memory |       S_1       |     array    |
|S_1_ce1       | out |    1|  ap_memory |       S_1       |     array    |
|S_1_we1       | out |    1|  ap_memory |       S_1       |     array    |
|S_1_d1        | out |   32|  ap_memory |       S_1       |     array    |
|S_2_address0  | out |    8|  ap_memory |       S_2       |     array    |
|S_2_ce0       | out |    1|  ap_memory |       S_2       |     array    |
|S_2_we0       | out |    1|  ap_memory |       S_2       |     array    |
|S_2_d0        | out |   32|  ap_memory |       S_2       |     array    |
|S_2_q0        |  in |   32|  ap_memory |       S_2       |     array    |
|S_2_address1  | out |    8|  ap_memory |       S_2       |     array    |
|S_2_ce1       | out |    1|  ap_memory |       S_2       |     array    |
|S_2_we1       | out |    1|  ap_memory |       S_2       |     array    |
|S_2_d1        | out |   32|  ap_memory |       S_2       |     array    |
|S_3_address0  | out |    8|  ap_memory |       S_3       |     array    |
|S_3_ce0       | out |    1|  ap_memory |       S_3       |     array    |
|S_3_we0       | out |    1|  ap_memory |       S_3       |     array    |
|S_3_d0        | out |   32|  ap_memory |       S_3       |     array    |
|S_3_q0        |  in |   32|  ap_memory |       S_3       |     array    |
|S_3_address1  | out |    8|  ap_memory |       S_3       |     array    |
|S_3_ce1       | out |    1|  ap_memory |       S_3       |     array    |
|S_3_we1       | out |    1|  ap_memory |       S_3       |     array    |
|S_3_d1        | out |   32|  ap_memory |       S_3       |     array    |
+--------------+-----+-----+------------+-----------------+--------------+

