

================================================================
== Vivado HLS Report for 'Blowfish_Encrypt'
================================================================
* Date:           Wed Nov 20 20:43:04 2024

* Version:        2019.2 (Build 2704478 on Wed Nov 06 22:10:23 MST 2019)
* Project:        Blowfish_Setkey_Encrypt_Opt.prj
* Solution:       solution1
* Product family: zynq
* Target device:  xc7z020-clg484-1


================================================================
== Performance Estimates
================================================================
+ Timing: 
    * Summary: 
    +--------+----------+----------+------------+
    |  Clock |  Target  | Estimated| Uncertainty|
    +--------+----------+----------+------------+
    |ap_clk  | 10.00 ns | 8.358 ns |   1.25 ns  |
    +--------+----------+----------+------------+

+ Latency: 
    * Summary: 
    +---------+---------+----------+----------+-----+-----+---------+
    |  Latency (cycles) |  Latency (absolute) |  Interval | Pipeline|
    |   min   |   max   |    min   |    max   | min | max |   Type  |
    +---------+---------+----------+----------+-----+-----+---------+
    |       36|       36| 0.360 us | 0.360 us |   36|   36|   none  |
    +---------+---------+----------+----------+-----+-----+---------+

    + Detail: 
        * Instance: 
        +--------------------+---------+---------+---------+-----------+-----------+-----+-----+----------+
        |                    |         |  Latency (cycles) |   Latency (absolute)  |  Interval | Pipeline |
        |      Instance      |  Module |   min   |   max   |    min    |    max    | min | max |   Type   |
        +--------------------+---------+---------+---------+-----------+-----------+-----+-----+----------+
        |grp_feistel_fu_362  |feistel  |        1|        1| 10.000 ns | 10.000 ns |    1|    1| function |
        +--------------------+---------+---------+---------+-----------+-----------+-----+-----+----------+

        * Loop: 
        N/A



================================================================
== Utilization Estimates
================================================================
* Summary: 
+-----------------+---------+-------+--------+-------+-----+
|       Name      | BRAM_18K| DSP48E|   FF   |  LUT  | URAM|
+-----------------+---------+-------+--------+-------+-----+
|DSP              |        -|      -|       -|      -|    -|
|Expression       |        -|      -|       0|   2720|    -|
|FIFO             |        -|      -|       -|      -|    -|
|Instance         |        -|      -|       2|    116|    -|
|Memory           |        -|      -|       -|      -|    -|
|Multiplexer      |        -|      -|       -|    452|    -|
|Register         |        -|      -|    1086|      -|    -|
+-----------------+---------+-------+--------+-------+-----+
|Total            |        0|      0|    1088|   3288|    0|
+-----------------+---------+-------+--------+-------+-----+
|Available        |      280|    220|  106400|  53200|    0|
+-----------------+---------+-------+--------+-------+-----+
|Utilization (%)  |        0|      0|       1|      6|    0|
+-----------------+---------+-------+--------+-------+-----+

+ Detail: 
    * Instance: 
    +--------------------+---------+---------+-------+---+-----+-----+
    |      Instance      |  Module | BRAM_18K| DSP48E| FF| LUT | URAM|
    +--------------------+---------+---------+-------+---+-----+-----+
    |grp_feistel_fu_362  |feistel  |        0|      0|  2|  116|    0|
    +--------------------+---------+---------+-------+---+-----+-----+
    |Total               |         |        0|      0|  2|  116|    0|
    +--------------------+---------+---------+-------+---+-----+-----+

    * DSP48E: 
    N/A

    * Memory: 
    N/A

    * FIFO: 
    N/A

    * Expression: 
    +-------------------------+----------+-------+---+----+------------+------------+
    |      Variable Name      | Operation| DSP48E| FF| LUT| Bitwidth P0| Bitwidth P1|
    +-------------------------+----------+-------+---+----+------------+------------+
    |left_2_fu_1355_p2        |    xor   |      0|  0|  32|          32|          32|
    |left_fu_1385_p2          |    xor   |      0|  0|  32|          32|          32|
    |p_tmp_10_fu_1050_p2      |    xor   |      0|  0|  32|          32|          32|
    |p_tmp_11_fu_1126_p2      |    xor   |      0|  0|  32|          32|          32|
    |p_tmp_12_fu_1214_p2      |    xor   |      0|  0|  32|          32|          32|
    |p_tmp_13_fu_1238_p2      |    xor   |      0|  0|  32|          32|          32|
    |p_tmp_14_fu_1250_p2      |    xor   |      0|  0|  32|          32|          32|
    |p_tmp_1_fu_438_p2        |    xor   |      0|  0|  32|          32|          32|
    |p_tmp_2_fu_451_p2        |    xor   |      0|  0|  32|          32|          32|
    |p_tmp_3_fu_542_p2        |    xor   |      0|  0|  32|          32|          32|
    |p_tmp_4_fu_663_p2        |    xor   |      0|  0|  32|          32|          32|
    |p_tmp_5_fu_687_p2        |    xor   |      0|  0|  32|          32|          32|
    |p_tmp_6_fu_699_p2        |    xor   |      0|  0|  32|          32|          32|
    |p_tmp_7_fu_804_p2        |    xor   |      0|  0|  32|          32|          32|
    |p_tmp_8_fu_967_p2        |    xor   |      0|  0|  32|          32|          32|
    |p_tmp_9_fu_1038_p2       |    xor   |      0|  0|  32|          32|          32|
    |p_tmp_fu_416_p2          |    xor   |      0|  0|  32|          32|          32|
    |right_fu_1590_p2         |    xor   |      0|  0|  32|          32|          32|
    |xor_ln100_1_fu_1379_p2   |    xor   |      0|  0|  16|          16|          16|
    |xor_ln100_3_fu_1391_p2   |    xor   |      0|  0|  16|          16|          16|
    |xor_ln100_4_fu_1397_p2   |    xor   |      0|  0|  24|          24|          24|
    |xor_ln100_fu_1369_p2     |    xor   |      0|  0|  24|          24|          24|
    |xor_ln258_10_fu_1441_p2  |    xor   |      0|  0|   8|           8|           8|
    |xor_ln258_11_fu_1447_p2  |    xor   |      0|  0|   8|           8|           8|
    |xor_ln258_12_fu_1453_p2  |    xor   |      0|  0|   8|           8|           8|
    |xor_ln258_13_fu_1459_p2  |    xor   |      0|  0|   8|           8|           8|
    |xor_ln258_14_fu_1465_p2  |    xor   |      0|  0|   8|           8|           8|
    |xor_ln258_15_fu_1471_p2  |    xor   |      0|  0|   8|           8|           8|
    |xor_ln258_16_fu_1477_p2  |    xor   |      0|  0|   8|           8|           8|
    |xor_ln258_1_fu_822_p2    |    xor   |      0|  0|   8|           8|           8|
    |xor_ln258_2_fu_827_p2    |    xor   |      0|  0|   8|           8|           8|
    |xor_ln258_3_fu_833_p2    |    xor   |      0|  0|   8|           8|           8|
    |xor_ln258_4_fu_839_p2    |    xor   |      0|  0|   8|           8|           8|
    |xor_ln258_5_fu_845_p2    |    xor   |      0|  0|   8|           8|           8|
    |xor_ln258_6_fu_851_p2    |    xor   |      0|  0|   8|           8|           8|
    |xor_ln258_7_fu_857_p2    |    xor   |      0|  0|   8|           8|           8|
    |xor_ln258_8_fu_863_p2    |    xor   |      0|  0|   8|           8|           8|
    |xor_ln258_9_fu_1435_p2   |    xor   |      0|  0|   8|           8|           8|
    |xor_ln258_fu_1483_p2     |    xor   |      0|  0|   8|           8|           8|
    |xor_ln262_10_fu_1645_p2  |    xor   |      0|  0|   8|           8|           8|
    |xor_ln262_11_fu_1651_p2  |    xor   |      0|  0|   8|           8|           8|
    |xor_ln262_12_fu_1657_p2  |    xor   |      0|  0|   8|           8|           8|
    |xor_ln262_13_fu_1663_p2  |    xor   |      0|  0|   8|           8|           8|
    |xor_ln262_14_fu_1669_p2  |    xor   |      0|  0|   8|           8|           8|
    |xor_ln262_15_fu_1675_p2  |    xor   |      0|  0|   8|           8|           8|
    |xor_ln262_16_fu_1681_p2  |    xor   |      0|  0|   8|           8|           8|
    |xor_ln262_1_fu_985_p2    |    xor   |      0|  0|   8|           8|           8|
    |xor_ln262_2_fu_990_p2    |    xor   |      0|  0|   8|           8|           8|
    |xor_ln262_3_fu_996_p2    |    xor   |      0|  0|   8|           8|           8|
    |xor_ln262_4_fu_1002_p2   |    xor   |      0|  0|   8|           8|           8|
    |xor_ln262_5_fu_1008_p2   |    xor   |      0|  0|   8|           8|           8|
    |xor_ln262_6_fu_1014_p2   |    xor   |      0|  0|   8|           8|           8|
    |xor_ln262_7_fu_1020_p2   |    xor   |      0|  0|   8|           8|           8|
    |xor_ln262_8_fu_1026_p2   |    xor   |      0|  0|   8|           8|           8|
    |xor_ln262_9_fu_1639_p2   |    xor   |      0|  0|   8|           8|           8|
    |xor_ln262_fu_1687_p2     |    xor   |      0|  0|   8|           8|           8|
    |xor_ln94_10_fu_512_p2    |    xor   |      0|  0|  32|          32|          32|
    |xor_ln94_11_fu_518_p2    |    xor   |      0|  0|  16|          16|          16|
    |xor_ln94_12_fu_524_p2    |    xor   |      0|  0|  16|          16|          16|
    |xor_ln94_13_fu_530_p2    |    xor   |      0|  0|  24|          24|          24|
    |xor_ln94_14_fu_536_p2    |    xor   |      0|  0|  24|          24|          24|
    |xor_ln94_16_fu_633_p2    |    xor   |      0|  0|  32|          32|          32|
    |xor_ln94_17_fu_639_p2    |    xor   |      0|  0|  24|          24|          24|
    |xor_ln94_18_fu_645_p2    |    xor   |      0|  0|  24|          24|          24|
    |xor_ln94_19_fu_651_p2    |    xor   |      0|  0|  16|          16|          16|
    |xor_ln94_1_fu_478_p2     |    xor   |      0|  0|  24|          24|          24|
    |xor_ln94_20_fu_657_p2    |    xor   |      0|  0|  16|          16|          16|
    |xor_ln94_22_fu_681_p2    |    xor   |      0|  0|  32|          32|          32|
    |xor_ln94_23_fu_548_p2    |    xor   |      0|  0|  24|          24|          24|
    |xor_ln94_24_fu_740_p2    |    xor   |      0|  0|  24|          24|          24|
    |xor_ln94_25_fu_554_p2    |    xor   |      0|  0|  16|          16|          16|
    |xor_ln94_26_fu_746_p2    |    xor   |      0|  0|  16|          16|          16|
    |xor_ln94_28_fu_693_p2    |    xor   |      0|  0|  32|          32|          32|
    |xor_ln94_29_fu_669_p2    |    xor   |      0|  0|  16|          16|          16|
    |xor_ln94_2_fu_490_p2     |    xor   |      0|  0|  16|          16|          16|
    |xor_ln94_30_fu_907_p2    |    xor   |      0|  0|  16|          16|          16|
    |xor_ln94_31_fu_675_p2    |    xor   |      0|  0|  24|          24|          24|
    |xor_ln94_32_fu_913_p2    |    xor   |      0|  0|  24|          24|          24|
    |xor_ln94_34_fu_776_p2    |    xor   |      0|  0|  32|          32|          32|
    |xor_ln94_35_fu_782_p2    |    xor   |      0|  0|  16|          16|          16|
    |xor_ln94_36_fu_787_p2    |    xor   |      0|  0|  16|          16|          16|
    |xor_ln94_37_fu_793_p2    |    xor   |      0|  0|  24|          24|          24|
    |xor_ln94_38_fu_798_p2    |    xor   |      0|  0|  24|          24|          24|
    |xor_ln94_40_fu_939_p2    |    xor   |      0|  0|  32|          32|          32|
    |xor_ln94_41_fu_945_p2    |    xor   |      0|  0|  24|          24|          24|
    |xor_ln94_42_fu_950_p2    |    xor   |      0|  0|  24|          24|          24|
    |xor_ln94_43_fu_956_p2    |    xor   |      0|  0|  16|          16|          16|
    |xor_ln94_44_fu_961_p2    |    xor   |      0|  0|  16|          16|          16|
    |xor_ln94_46_fu_1032_p2   |    xor   |      0|  0|  32|          32|          32|
    |xor_ln94_47_fu_810_p2    |    xor   |      0|  0|  24|          24|          24|
    |xor_ln94_48_fu_1070_p2   |    xor   |      0|  0|  24|          24|          24|
    |xor_ln94_49_fu_816_p2    |    xor   |      0|  0|  16|          16|          16|
    |xor_ln94_4_fu_445_p2     |    xor   |      0|  0|  32|          32|          32|
    |xor_ln94_50_fu_1076_p2   |    xor   |      0|  0|  16|          16|          16|
    |xor_ln94_52_fu_1044_p2   |    xor   |      0|  0|  32|          32|          32|
    |xor_ln94_53_fu_973_p2    |    xor   |      0|  0|  16|          16|          16|
    |xor_ln94_54_fu_1158_p2   |    xor   |      0|  0|  16|          16|          16|
    |xor_ln94_55_fu_979_p2    |    xor   |      0|  0|  24|          24|          24|
    |xor_ln94_56_fu_1164_p2   |    xor   |      0|  0|  24|          24|          24|
    |xor_ln94_58_fu_1098_p2   |    xor   |      0|  0|  32|          32|          32|
    |xor_ln94_59_fu_1104_p2   |    xor   |      0|  0|  16|          16|          16|
    |xor_ln94_5_fu_593_p2     |    xor   |      0|  0|  16|          16|          16|
    |xor_ln94_60_fu_1109_p2   |    xor   |      0|  0|  16|          16|          16|
    |xor_ln94_61_fu_1115_p2   |    xor   |      0|  0|  24|          24|          24|
    |xor_ln94_62_fu_1120_p2   |    xor   |      0|  0|  24|          24|          24|
    |xor_ln94_64_fu_1186_p2   |    xor   |      0|  0|  32|          32|          32|
    |xor_ln94_65_fu_1192_p2   |    xor   |      0|  0|  24|          24|          24|
    |xor_ln94_66_fu_1197_p2   |    xor   |      0|  0|  24|          24|          24|
    |xor_ln94_67_fu_1203_p2   |    xor   |      0|  0|  16|          16|          16|
    |xor_ln94_68_fu_1208_p2   |    xor   |      0|  0|  16|          16|          16|
    |xor_ln94_6_fu_599_p2     |    xor   |      0|  0|  16|          16|          16|
    |xor_ln94_70_fu_1232_p2   |    xor   |      0|  0|  32|          32|          32|
    |xor_ln94_71_fu_1132_p2   |    xor   |      0|  0|  24|          24|          24|
    |xor_ln94_72_fu_1291_p2   |    xor   |      0|  0|  24|          24|          24|
    |xor_ln94_73_fu_1138_p2   |    xor   |      0|  0|  16|          16|          16|
    |xor_ln94_74_fu_1297_p2   |    xor   |      0|  0|  16|          16|          16|
    |xor_ln94_76_fu_1244_p2   |    xor   |      0|  0|  32|          32|          32|
    |xor_ln94_77_fu_1220_p2   |    xor   |      0|  0|  16|          16|          16|
    |xor_ln94_78_fu_1526_p2   |    xor   |      0|  0|  16|          16|          16|
    |xor_ln94_79_fu_1226_p2   |    xor   |      0|  0|  24|          24|          24|
    |xor_ln94_7_fu_605_p2     |    xor   |      0|  0|  24|          24|          24|
    |xor_ln94_80_fu_1532_p2   |    xor   |      0|  0|  24|          24|          24|
    |xor_ln94_82_fu_1327_p2   |    xor   |      0|  0|  32|          32|          32|
    |xor_ln94_83_fu_1333_p2   |    xor   |      0|  0|  16|          16|          16|
    |xor_ln94_84_fu_1338_p2   |    xor   |      0|  0|  16|          16|          16|
    |xor_ln94_85_fu_1344_p2   |    xor   |      0|  0|  24|          24|          24|
    |xor_ln94_86_fu_1349_p2   |    xor   |      0|  0|  24|          24|          24|
    |xor_ln94_8_fu_611_p2     |    xor   |      0|  0|  24|          24|          24|
    |xor_ln94_fu_432_p2       |    xor   |      0|  0|  32|          32|          32|
    |xor_ln99_1_fu_1568_p2    |    xor   |      0|  0|  24|          24|          24|
    |xor_ln99_2_fu_1573_p2    |    xor   |      0|  0|  24|          24|          24|
    |xor_ln99_3_fu_1579_p2    |    xor   |      0|  0|  16|          16|          16|
    |xor_ln99_4_fu_1584_p2    |    xor   |      0|  0|  16|          16|          16|
    |xor_ln99_6_fu_1595_p2    |    xor   |      0|  0|  16|          16|          16|
    |xor_ln99_7_fu_1601_p2    |    xor   |      0|  0|  24|          24|          24|
    |xor_ln99_fu_1562_p2      |    xor   |      0|  0|  32|          32|          32|
    +-------------------------+----------+-------+---+----+------------+------------+
    |Total                    |          |      0|  0|2720|        2720|        2720|
    +-------------------------+----------+-------+---+----+------------+------------+

    * Multiplexer: 
    +----------------------+-----+-----------+-----+-----------+
    |         Name         | LUT | Input Size| Bits| Total Bits|
    +----------------------+-----+-----------+-----+-----------+
    |S_0_ce0               |    9|          2|    1|          2|
    |S_1_ce0               |    9|          2|    1|          2|
    |S_2_ce0               |    9|          2|    1|          2|
    |S_3_ce0               |    9|          2|    1|          2|
    |ap_NS_fsm             |  169|         38|    1|         38|
    |ciphertext_address0   |   27|          5|    3|         15|
    |ciphertext_address1   |   27|          5|    3|         15|
    |ciphertext_d0         |   27|          5|    8|         40|
    |ciphertext_d1         |   27|          5|    8|         40|
    |grp_feistel_fu_362_x  |   85|         17|   32|        544|
    |plaintext_address0    |   27|          5|    3|         15|
    |plaintext_address1    |   27|          5|    3|         15|
    +----------------------+-----+-----------+-----+-----------+
    |Total                 |  452|         93|   65|        730|
    +----------------------+-----+-----------+-----+-----------+

    * Register: 
    +---------------------------------+----+----+-----+-----------+
    |               Name              | FF | LUT| Bits| Const Bits|
    +---------------------------------+----+----+-----+-----------+
    |ap_CS_fsm                        |  37|   0|   37|          0|
    |grp_feistel_fu_362_ap_start_reg  |   1|   0|    1|          0|
    |p_tmp_10_reg_1948                |  32|   0|   32|          0|
    |p_tmp_11_reg_1959                |  32|   0|   32|          0|
    |p_tmp_12_reg_1980                |  32|   0|   32|          0|
    |p_tmp_13_reg_2003                |  32|   0|   32|          0|
    |p_tmp_14_reg_2016                |  32|   0|   32|          0|
    |p_tmp_1_reg_1794                 |  32|   0|   32|          0|
    |p_tmp_2_reg_1807                 |  32|   0|   32|          0|
    |p_tmp_3_reg_1818                 |  32|   0|   32|          0|
    |p_tmp_4_reg_1839                 |  32|   0|   32|          0|
    |p_tmp_5_reg_1862                 |  32|   0|   32|          0|
    |p_tmp_6_reg_1875                 |  32|   0|   32|          0|
    |p_tmp_7_reg_1881                 |  32|   0|   32|          0|
    |p_tmp_8_reg_1907                 |  32|   0|   32|          0|
    |p_tmp_9_reg_1935                 |  32|   0|   32|          0|
    |p_tmp_reg_1766                   |  32|   0|   32|          0|
    |plaintext_load_1_reg_1702        |   8|   0|    8|          0|
    |plaintext_load_2_reg_1718        |   8|   0|    8|          0|
    |plaintext_load_3_reg_1725        |   8|   0|    8|          0|
    |plaintext_load_5_reg_1750        |   8|   0|    8|          0|
    |plaintext_load_6_reg_1772        |   8|   0|    8|          0|
    |plaintext_load_7_reg_1779        |   8|   0|    8|          0|
    |reg_375                          |   8|   0|    8|          0|
    |reg_379                          |  32|   0|   32|          0|
    |reg_383                          |  32|   0|   32|          0|
    |reg_387                          |  32|   0|   32|          0|
    |reg_391                          |  32|   0|   32|          0|
    |reg_395                          |  32|   0|   32|          0|
    |reg_399                          |  32|   0|   32|          0|
    |reg_403                          |  32|   0|   32|          0|
    |trunc_ln7_reg_2022               |   8|   0|    8|          0|
    |trunc_ln_reg_2032                |   8|   0|    8|          0|
    |xor_ln258_8_reg_1897             |   8|   0|    8|          0|
    |xor_ln258_reg_2027               |   8|   0|    8|          0|
    |xor_ln262_8_reg_1923             |   8|   0|    8|          0|
    |xor_ln262_reg_2037               |   8|   0|    8|          0|
    |xor_ln94_23_reg_1824             |  24|   0|   24|          0|
    |xor_ln94_25_reg_1829             |  16|   0|   16|          0|
    |xor_ln94_29_reg_1845             |  16|   0|   16|          0|
    |xor_ln94_31_reg_1850             |  24|   0|   24|          0|
    |xor_ln94_47_reg_1887             |  24|   0|   24|          0|
    |xor_ln94_49_reg_1892             |  16|   0|   16|          0|
    |xor_ln94_53_reg_1913             |  16|   0|   16|          0|
    |xor_ln94_55_reg_1918             |  24|   0|   24|          0|
    |xor_ln94_71_reg_1965             |  24|   0|   24|          0|
    |xor_ln94_73_reg_1970             |  16|   0|   16|          0|
    |xor_ln94_77_reg_1986             |  16|   0|   16|          0|
    |xor_ln94_79_reg_1991             |  24|   0|   24|          0|
    +---------------------------------+----+----+-----+-----------+
    |Total                            |1086|   0| 1086|          0|
    +---------------------------------+----+----+-----+-----------+



================================================================
== Interface
================================================================
* Summary: 
+---------------------+-----+-----+------------+------------------+--------------+
|      RTL Ports      | Dir | Bits|  Protocol  |   Source Object  |    C Type    |
+---------------------+-----+-----+------------+------------------+--------------+
|ap_clk               |  in |    1| ap_ctrl_hs | Blowfish_Encrypt | return value |
|ap_rst               |  in |    1| ap_ctrl_hs | Blowfish_Encrypt | return value |
|ap_start             |  in |    1| ap_ctrl_hs | Blowfish_Encrypt | return value |
|ap_done              | out |    1| ap_ctrl_hs | Blowfish_Encrypt | return value |
|ap_idle              | out |    1| ap_ctrl_hs | Blowfish_Encrypt | return value |
|ap_ready             | out |    1| ap_ctrl_hs | Blowfish_Encrypt | return value |
|plaintext_address0   | out |    3|  ap_memory |     plaintext    |     array    |
|plaintext_ce0        | out |    1|  ap_memory |     plaintext    |     array    |
|plaintext_q0         |  in |    8|  ap_memory |     plaintext    |     array    |
|plaintext_address1   | out |    3|  ap_memory |     plaintext    |     array    |
|plaintext_ce1        | out |    1|  ap_memory |     plaintext    |     array    |
|plaintext_q1         |  in |    8|  ap_memory |     plaintext    |     array    |
|ciphertext_address0  | out |    3|  ap_memory |    ciphertext    |     array    |
|ciphertext_ce0       | out |    1|  ap_memory |    ciphertext    |     array    |
|ciphertext_we0       | out |    1|  ap_memory |    ciphertext    |     array    |
|ciphertext_d0        | out |    8|  ap_memory |    ciphertext    |     array    |
|ciphertext_address1  | out |    3|  ap_memory |    ciphertext    |     array    |
|ciphertext_ce1       | out |    1|  ap_memory |    ciphertext    |     array    |
|ciphertext_we1       | out |    1|  ap_memory |    ciphertext    |     array    |
|ciphertext_d1        | out |    8|  ap_memory |    ciphertext    |     array    |
|P_0_read             |  in |   32|   ap_none  |     P_0_read     |    scalar    |
|P_1_read             |  in |   32|   ap_none  |     P_1_read     |    scalar    |
|P_2_read             |  in |   32|   ap_none  |     P_2_read     |    scalar    |
|P_3_read             |  in |   32|   ap_none  |     P_3_read     |    scalar    |
|P_4_read             |  in |   32|   ap_none  |     P_4_read     |    scalar    |
|P_5_read             |  in |   32|   ap_none  |     P_5_read     |    scalar    |
|P_6_read             |  in |   32|   ap_none  |     P_6_read     |    scalar    |
|P_7_read             |  in |   32|   ap_none  |     P_7_read     |    scalar    |
|P_8_read             |  in |   32|   ap_none  |     P_8_read     |    scalar    |
|P_9_read             |  in |   32|   ap_none  |     P_9_read     |    scalar    |
|P_10_read            |  in |   32|   ap_none  |     P_10_read    |    scalar    |
|P_11_read            |  in |   32|   ap_none  |     P_11_read    |    scalar    |
|P_12_read            |  in |   32|   ap_none  |     P_12_read    |    scalar    |
|P_13_read            |  in |   32|   ap_none  |     P_13_read    |    scalar    |
|P_14_read            |  in |   32|   ap_none  |     P_14_read    |    scalar    |
|P_15_read            |  in |   32|   ap_none  |     P_15_read    |    scalar    |
|P_16_read            |  in |   32|   ap_none  |     P_16_read    |    scalar    |
|P_17_read            |  in |   32|   ap_none  |     P_17_read    |    scalar    |
|S_0_address0         | out |    8|  ap_memory |        S_0       |     array    |
|S_0_ce0              | out |    1|  ap_memory |        S_0       |     array    |
|S_0_q0               |  in |   32|  ap_memory |        S_0       |     array    |
|S_1_address0         | out |    8|  ap_memory |        S_1       |     array    |
|S_1_ce0              | out |    1|  ap_memory |        S_1       |     array    |
|S_1_q0               |  in |   32|  ap_memory |        S_1       |     array    |
|S_2_address0         | out |    8|  ap_memory |        S_2       |     array    |
|S_2_ce0              | out |    1|  ap_memory |        S_2       |     array    |
|S_2_q0               |  in |   32|  ap_memory |        S_2       |     array    |
|S_3_address0         | out |    8|  ap_memory |        S_3       |     array    |
|S_3_ce0              | out |    1|  ap_memory |        S_3       |     array    |
|S_3_q0               |  in |   32|  ap_memory |        S_3       |     array    |
+---------------------+-----+-----+------------+------------------+--------------+

